[    59.961] (--) Log file renamed from "/home/vagrant/.local/share/xorg/Xorg.pid-2727.log" to "/home/vagrant/.local/share/xorg/Xorg.0.log"
[    59.963] 
X.Org X Server 1.19.6
Release Date: 2017-12-20
[    59.963] X Protocol Version 11, Revision 0
[    59.964] Build Operating System: Linux 4.15.0-140-generic x86_64 Ubuntu
[    59.964] Current Operating System: Linux ubuntu-tracenet-dev 4.15.0-128-generic #131-Ubuntu SMP Wed Dec 9 06:57:35 UTC 2020 x86_64
[    59.965] Kernel command line: BOOT_IMAGE=/boot/vmlinuz-4.15.0-128-generic root=/dev/mapper/vagrant--vg-root ro net.ifnames=0 biosdevname=0 quiet
[    59.965] Build Date: 08 April 2021  01:57:21PM
[    59.965] xorg-server 2:1.19.6-1ubuntu4.9 (For technical support please see http://www.ubuntu.com/support) 
[    59.966] Current version of pixman: 0.34.0
[    59.966] 	Before reporting problems, check http://wiki.x.org
	to make sure that you have the latest version.
[    59.966] Markers: (--) probed, (**) from config file, (==) default setting,
	(++) from command line, (!!) notice, (II) informational,
	(WW) warning, (EE) error, (NI) not implemented, (??) unknown.
[    59.968] (==) Log file: "/home/vagrant/.local/share/xorg/Xorg.0.log", Time: Fri Jan 14 04:20:00 2022
[    59.972] (==) Using system config directory "/usr/share/X11/xorg.conf.d"
[    59.978] (==) No Layout section.  Using the first Screen section.
[    59.979] (==) No screen section available. Using defaults.
[    59.979] (**) |-->Screen "Default Screen Section" (0)
[    59.980] (**) |   |-->Monitor "<default monitor>"
[    59.983] (==) No monitor specified for screen "Default Screen Section".
	Using a default monitor configuration.
[    59.983] (==) Automatically adding devices
[    59.984] (==) Automatically enabling devices
[    59.984] (==) Automatically adding GPU devices
[    59.985] (==) Automatically binding GPU devices
[    59.985] (==) Max clients allowed: 256, resource mask: 0x1fffff
[    59.985] (WW) The directory "/usr/share/fonts/X11/cyrillic" does not exist.
[    59.986] 	Entry deleted from font path.
[    59.986] (WW) The directory "/usr/share/fonts/X11/100dpi/" does not exist.
[    59.986] 	Entry deleted from font path.
[    59.987] (WW) The directory "/usr/share/fonts/X11/75dpi/" does not exist.
[    59.987] 	Entry deleted from font path.
[    59.987] (WW) The directory "/usr/share/fonts/X11/100dpi" does not exist.
[    59.988] 	Entry deleted from font path.
[    59.988] (WW) The directory "/usr/share/fonts/X11/75dpi" does not exist.
[    59.988] 	Entry deleted from font path.
[    59.988] (==) FontPath set to:
	/usr/share/fonts/X11/misc,
	/usr/share/fonts/X11/Type1,
	built-ins
[    59.989] (==) ModulePath set to "/usr/lib/xorg/modules"
[    59.989] (II) The server relies on udev to provide the list of input devices.
	If no devices become available, reconfigure udev or disable AutoAddDevices.
[    59.990] (II) Loader magic: 0x55d024c98020
[    59.991] (II) Module ABI versions:
[    59.991] 	X.Org ANSI C Emulation: 0.4
[    59.992] 	X.Org Video Driver: 23.0
[    59.993] 	X.Org XInput driver : 24.1
[    59.993] 	X.Org Server Extension : 10.0
[    59.994] (++) using VT number 2

[    60.002] (II) systemd-logind: took control of session /org/freedesktop/login1/session/_35
[    60.003] (II) xfree86: Adding drm device (/dev/dri/card0)
[    60.007] (II) systemd-logind: got fd for /dev/dri/card0 226:0 fd 12 paused 0
[    60.009] (--) PCI:*(0:0:2:0) 80ee:beef:0000:0000 rev 0, Mem @ 0xe0000000/268435456, BIOS @ 0x????????/131072
[    60.011] (II) LoadModule: "glx"
[    60.014] (II) Loading /usr/lib/xorg/modules/extensions/libglx.so
[    60.027] (II) Module glx: vendor="X.Org Foundation"
[    60.028] 	compiled for 1.19.6, module version = 1.0.0
[    60.029] 	ABI class: X.Org Server Extension, version 10.0
[    60.029] (==) Matched vboxvideo as autoconfigured driver 0
[    60.029] (==) Matched vboxvideo as autoconfigured driver 1
[    60.030] (==) Matched modesetting as autoconfigured driver 2
[    60.030] (==) Matched fbdev as autoconfigured driver 3
[    60.031] (==) Matched vesa as autoconfigured driver 4
[    60.032] (==) Assigned the driver to the xf86ConfigLayout
[    60.032] (II) LoadModule: "vboxvideo"
[    60.033] (WW) Warning, couldn't open module vboxvideo
[    60.034] (II) UnloadModule: "vboxvideo"
[    60.034] (II) Unloading vboxvideo
[    60.034] (EE) Failed to load module "vboxvideo" (module does not exist, 0)
[    60.034] (II) LoadModule: "modesetting"
[    60.035] (II) Loading /usr/lib/xorg/modules/drivers/modesetting_drv.so
[    60.037] (II) Module modesetting: vendor="X.Org Foundation"
[    60.038] 	compiled for 1.19.6, module version = 1.19.6
[    60.038] 	Module class: X.Org Video Driver
[    60.038] 	ABI class: X.Org Video Driver, version 23.0
[    60.038] (II) LoadModule: "fbdev"
[    60.039] (II) Loading /usr/lib/xorg/modules/drivers/fbdev_drv.so
[    60.042] (II) Module fbdev: vendor="X.Org Foundation"
[    60.043] 	compiled for 1.19.3, module version = 0.4.4
[    60.043] 	Module class: X.Org Video Driver
[    60.043] 	ABI class: X.Org Video Driver, version 23.0
[    60.044] (II) LoadModule: "vesa"
[    60.044] (II) Loading /usr/lib/xorg/modules/drivers/vesa_drv.so
[    60.046] (II) Module vesa: vendor="X.Org Foundation"
[    60.047] 	compiled for 1.19.3, module version = 2.3.4
[    60.047] 	Module class: X.Org Video Driver
[    60.047] 	ABI class: X.Org Video Driver, version 23.0
[    60.047] (==) Matched vboxvideo as autoconfigured driver 0
[    60.048] (==) Matched vboxvideo as autoconfigured driver 1
[    60.048] (==) Matched modesetting as autoconfigured driver 2
[    60.048] (==) Matched fbdev as autoconfigured driver 3
[    60.048] (==) Matched vesa as autoconfigured driver 4
[    60.048] (==) Assigned the driver to the xf86ConfigLayout
[    60.048] (II) LoadModule: "vboxvideo"
[    60.049] (WW) Warning, couldn't open module vboxvideo
[    60.049] (II) UnloadModule: "vboxvideo"
[    60.049] (II) Unloading vboxvideo
[    60.050] (EE) Failed to load module "vboxvideo" (module does not exist, 0)
[    60.050] (II) LoadModule: "modesetting"
[    60.050] (II) Loading /usr/lib/xorg/modules/drivers/modesetting_drv.so
[    60.050] (II) Module modesetting: vendor="X.Org Foundation"
[    60.050] 	compiled for 1.19.6, module version = 1.19.6
[    60.050] 	Module class: X.Org Video Driver
[    60.050] 	ABI class: X.Org Video Driver, version 23.0
[    60.051] (II) UnloadModule: "modesetting"
[    60.051] (II) Unloading modesetting
[    60.051] (II) Failed to load module "modesetting" (already loaded, 0)
[    60.051] (II) LoadModule: "fbdev"
[    60.051] (II) Loading /usr/lib/xorg/modules/drivers/fbdev_drv.so
[    60.052] (II) Module fbdev: vendor="X.Org Foundation"
[    60.052] 	compiled for 1.19.3, module version = 0.4.4
[    60.052] 	Module class: X.Org Video Driver
[    60.052] 	ABI class: X.Org Video Driver, version 23.0
[    60.052] (II) UnloadModule: "fbdev"
[    60.052] (II) Unloading fbdev
[    60.053] (II) Failed to load module "fbdev" (already loaded, 0)
[    60.053] (II) LoadModule: "vesa"
[    60.053] (II) Loading /usr/lib/xorg/modules/drivers/vesa_drv.so
[    60.053] (II) Module vesa: vendor="X.Org Foundation"
[    60.053] 	compiled for 1.19.3, module version = 2.3.4
[    60.053] 	Module class: X.Org Video Driver
[    60.053] 	ABI class: X.Org Video Driver, version 23.0
[    60.054] (II) UnloadModule: "vesa"
[    60.054] (II) Unloading vesa
[    60.054] (II) Failed to load module "vesa" (already loaded, 0)
[    60.054] (II) modesetting: Driver for Modesetting Kernel Drivers: kms
[    60.054] (II) FBDEV: driver for framebuffer: fbdev
[    60.055] (II) VESA: driver for VESA chipsets: vesa
[    60.055] xf86EnableIOPorts: failed to set IOPL for I/O (Operation not permitted)
[    60.055] (II) modeset(0): using drv /dev/dri/card0
[    60.055] (WW) Falling back to old probe method for fbdev
[    60.055] (II) Loading sub module "fbdevhw"
[    60.056] (II) LoadModule: "fbdevhw"
[    60.056] (II) Loading /usr/lib/xorg/modules/libfbdevhw.so
[    60.059] (II) Module fbdevhw: vendor="X.Org Foundation"
[    60.060] 	compiled for 1.19.6, module version = 0.0.2
[    60.068] 	ABI class: X.Org Video Driver, version 23.0
[    60.068] (EE) open /dev/fb0: Permission denied
[    60.069] (WW) Falling back to old probe method for vesa
[    60.069] (WW) VGA arbiter: cannot open kernel arbiter, no multi-card support
[    60.070] (II) modeset(0): Creating default Display subsection in Screen section
	"Default Screen Section" for depth/fbbpp 24/32
[    60.070] (==) modeset(0): Depth 24, (==) framebuffer bpp 32
[    60.071] (==) modeset(0): RGB weight 888
[    60.071] (==) modeset(0): Default visual is TrueColor
[    60.072] (II) Loading sub module "glamoregl"
[    60.072] (II) LoadModule: "glamoregl"
[    60.073] (II) Loading /usr/lib/xorg/modules/libglamoregl.so
[    60.085] (II) Module glamoregl: vendor="X.Org Foundation"
[    60.086] 	compiled for 1.19.6, module version = 1.0.0
[    60.086] 	ABI class: X.Org ANSI C Emulation, version 0.4
[    60.087] (II) glamor: OpenGL accelerated X.org driver based.
[    60.124] (II) glamor: EGL version 1.4:
[    60.125] EGL_MESA_drm_image required.
[    60.126] (EE) modeset(0): glamor initialization failed
[    60.126] (II) modeset(0): ShadowFB: preferred NO, enabled NO
[    60.127] (II) modeset(0): Output VGA-1 has no monitor section
[    60.128] (II) modeset(0): EDID for output VGA-1
[    60.128] (II) modeset(0): Manufacturer: VBX  Model: 0  Serial#: 39322400
[    60.129] (II) modeset(0): Year: 1990  Week: 1
[    60.129] (II) modeset(0): EDID Version: 1.3
[    60.130] (II) modeset(0): Digital Display Input
[    60.130] (II) modeset(0): Indeterminate output size
[    60.130] (II) modeset(0): Gamma: 2.20
[    60.131] (II) modeset(0): DPMS capabilities: StandBy Suspend Off
[    60.132] (II) modeset(0): Supported color encodings: RGB 4:4:4 YCrCb 4:4:4 
[    60.132] (II) modeset(0): Default color space is primary color space
[    60.132] (II) modeset(0): First detailed timing is preferred mode
[    60.133] (II) modeset(0): redX: 0.640 redY: 0.330   greenX: 0.300 greenY: 0.600
[    60.134] (II) modeset(0): blueX: 0.150 blueY: 0.060   whiteX: 0.312 whiteY: 0.329
[    60.134] (II) modeset(0): Manufacturer's mask: 0
[    60.135] (II) modeset(0): Supported detailed timing:
[    60.135] (II) modeset(0): clock: 29.3 MHz   Image Size:  0 x 0 mm
[    60.135] (II) modeset(0): h_active: 800  h_sync: 802  h_sync_end 804 h_blank_end 806 h_border: 0
[    60.135] (II) modeset(0): v_active: 600  v_sync: 600  v_sync_end 634 v_blanking: 606 v_border: 0
[    60.135] (II) modeset(0): Ranges: V min: 0 V max: 200 Hz, H min: 0 H max: 200 kHz, PixClock max 1005 MHz
[    60.135] (II) modeset(0): Monitor name: VBOX monitor
[    60.135] (II) modeset(0): EDID (in hex):
[    60.136] (II) modeset(0): 	00ffffffffffff005858000020035802
[    60.136] (II) modeset(0): 	0100010380000078eeee91a3544c9926
[    60.136] (II) modeset(0): 	0f505400000001010101010101010101
[    60.136] (II) modeset(0): 	010101010101720b2006305806200202
[    60.136] (II) modeset(0): 	0202000000000000000000fd0000c800
[    60.136] (II) modeset(0): 	c864000a202020202020000000fc0056
[    60.136] (II) modeset(0): 	424f58206d6f6e69746f720a00000010
[    60.136] (II) modeset(0): 	000a202020202020202020202020008f
[    60.137] (II) modeset(0): Printing probed modes for output VGA-1
[    60.137] (II) modeset(0): Modeline "800x600"x60.0   38.31  800 832 912 1024  600 603 607 624 -hsync +vsync (37.4 kHz P)
[    60.137] (II) modeset(0): Modeline "2560x1600"x60.0  348.50  2560 2752 3032 3504  1600 1603 1609 1658 -hsync +vsync (99.5 kHz e)
[    60.137] (II) modeset(0): Modeline "2560x1600"x60.0  268.50  2560 2608 2640 2720  1600 1603 1609 1646 +hsync -vsync (98.7 kHz e)
[    60.137] (II) modeset(0): Modeline "1920x1440"x60.0  234.00  1920 2048 2256 2600  1440 1441 1444 1500 -hsync +vsync (90.0 kHz e)
[    60.137] (II) modeset(0): Modeline "1856x1392"x60.0  218.25  1856 1952 2176 2528  1392 1393 1396 1439 -hsync +vsync (86.3 kHz e)
[    60.137] (II) modeset(0): Modeline "1792x1344"x60.0  204.75  1792 1920 2120 2448  1344 1345 1348 1394 -hsync +vsync (83.6 kHz e)
[    60.137] (II) modeset(0): Modeline "2048x1152"x60.0  162.00  2048 2074 2154 2250  1152 1153 1156 1200 +hsync +vsync (72.0 kHz e)
[    60.138] (II) modeset(0): Modeline "1920x1200"x59.9  193.25  1920 2056 2256 2592  1200 1203 1209 1245 -hsync +vsync (74.6 kHz e)
[    60.138] (II) modeset(0): Modeline "1920x1200"x60.0  154.00  1920 1968 2000 2080  1200 1203 1209 1235 +hsync -vsync (74.0 kHz e)
[    60.138] (II) modeset(0): Modeline "1920x1080"x60.0  148.50  1920 2008 2052 2200  1080 1084 1089 1125 -hsync -vsync (67.5 kHz e)
[    60.139] (II) modeset(0): Modeline "1600x1200"x60.0  162.00  1600 1664 1856 2160  1200 1201 1204 1250 +hsync +vsync (75.0 kHz e)
[    60.139] (II) modeset(0): Modeline "1680x1050"x60.0  146.25  1680 1784 1960 2240  1050 1053 1059 1089 -hsync +vsync (65.3 kHz e)
[    60.140] (II) modeset(0): Modeline "1680x1050"x59.9  119.00  1680 1728 1760 1840  1050 1053 1059 1080 +hsync -vsync (64.7 kHz e)
[    60.140] (II) modeset(0): Modeline "1400x1050"x60.0  121.75  1400 1488 1632 1864  1050 1053 1057 1089 -hsync +vsync (65.3 kHz e)
[    60.141] (II) modeset(0): Modeline "1400x1050"x59.9  101.00  1400 1448 1480 1560  1050 1053 1057 1080 +hsync -vsync (64.7 kHz e)
[    60.141] (II) modeset(0): Modeline "1600x900"x60.0  108.00  1600 1624 1704 1800  900 901 904 1000 +hsync +vsync (60.0 kHz e)
[    60.142] (II) modeset(0): Modeline "1280x1024"x60.0  108.00  1280 1328 1440 1688  1024 1025 1028 1066 +hsync +vsync (64.0 kHz e)
[    60.142] (II) modeset(0): Modeline "1440x900"x59.9  106.50  1440 1520 1672 1904  900 903 909 934 -hsync +vsync (55.9 kHz e)
[    60.143] (II) modeset(0): Modeline "1440x900"x59.9   88.75  1440 1488 1520 1600  900 903 909 926 +hsync -vsync (55.5 kHz e)
[    60.143] (II) modeset(0): Modeline "1280x960"x60.0  108.00  1280 1376 1488 1800  960 961 964 1000 +hsync +vsync (60.0 kHz e)
[    60.143] (II) modeset(0): Modeline "1366x768"x59.8   85.50  1366 1436 1579 1792  768 771 774 798 +hsync +vsync (47.7 kHz e)
[    60.143] (II) modeset(0): Modeline "1366x768"x60.0   72.00  1366 1380 1436 1500  768 769 772 800 +hsync +vsync (48.0 kHz e)
[    60.144] (II) modeset(0): Modeline "1360x768"x60.0   85.50  1360 1424 1536 1792  768 771 777 795 +hsync +vsync (47.7 kHz e)
[    60.144] (II) modeset(0): Modeline "1280x800"x59.8   83.50  1280 1352 1480 1680  800 803 809 831 -hsync +vsync (49.7 kHz e)
[    60.145] (II) modeset(0): Modeline "1280x800"x59.9   71.00  1280 1328 1360 1440  800 803 809 823 +hsync -vsync (49.3 kHz e)
[    60.145] (II) modeset(0): Modeline "1280x768"x59.9   79.50  1280 1344 1472 1664  768 771 778 798 -hsync +vsync (47.8 kHz e)
[    60.146] (II) modeset(0): Modeline "1280x768"x60.0   68.25  1280 1328 1360 1440  768 771 778 790 +hsync -vsync (47.4 kHz e)
[    60.146] (II) modeset(0): Modeline "1280x720"x60.0   74.25  1280 1390 1430 1650  720 725 730 750 +hsync +vsync (45.0 kHz e)
[    60.146] (II) modeset(0): Modeline "1024x768"x60.0   65.00  1024 1048 1184 1344  768 771 777 806 -hsync -vsync (48.4 kHz e)
[    60.147] (II) modeset(0): Modeline "800x600"x60.3   40.00  800 840 968 1056  600 601 605 628 +hsync +vsync (37.9 kHz e)
[    60.148] (II) modeset(0): Modeline "800x600"x56.2   36.00  800 824 896 1024  600 601 603 625 +hsync +vsync (35.2 kHz e)
[    60.148] (II) modeset(0): Modeline "848x480"x60.0   33.75  848 864 976 1088  480 486 494 517 +hsync +vsync (31.0 kHz e)
[    60.148] (II) modeset(0): Modeline "640x480"x59.9   25.18  640 656 752 800  480 490 492 525 -hsync -vsync (31.5 kHz e)
[    60.148] (II) modeset(0): Output VGA-1 connected
[    60.149] (II) modeset(0): Using exact sizes for initial modes
[    60.149] (II) modeset(0): Output VGA-1 using initial mode 800x600 +0+0
[    60.149] (==) modeset(0): Using gamma correction (1.0, 1.0, 1.0)
[    60.149] (==) modeset(0): DPI set to (96, 96)
[    60.150] (II) Loading sub module "fb"
[    60.150] (II) LoadModule: "fb"
[    60.150] (II) Loading /usr/lib/xorg/modules/libfb.so
[    60.155] (II) Module fb: vendor="X.Org Foundation"
[    60.156] 	compiled for 1.19.6, module version = 1.0.0
[    60.157] 	ABI class: X.Org ANSI C Emulation, version 0.4
[    60.157] (II) UnloadModule: "fbdev"
[    60.158] (II) Unloading fbdev
[    60.159] (II) UnloadSubModule: "fbdevhw"
[    60.160] (II) Unloading fbdevhw
[    60.161] (II) UnloadModule: "vesa"
[    60.162] (II) Unloading vesa
[    60.163] (==) Depth 24 pixmap format is 32 bpp
[    60.166] (==) modeset(0): Backing store enabled
[    60.167] (==) modeset(0): Silken mouse enabled
[    60.168] (II) modeset(0): RandR 1.2 enabled, ignore the following RandR disabled message.
[    60.171] (==) modeset(0): DPMS enabled
[    60.172] (--) RandR disabled
[    60.176] (II) SELinux: Disabled on system
[    60.179] (II) AIGLX: Screen 0 is not DRI2 capable
[    60.180] (EE) AIGLX: reverting to software rendering
[    60.185] (II) IGLX: enabled GLX_MESA_copy_sub_buffer
[    60.186] (II) IGLX: Loaded and initialized swrast
[    60.187] (II) GLX: Initialized DRISWRAST GL provider for screen 0
[    60.188] (II) modeset(0): Damage tracking initialized
[    60.189] (II) modeset(0): Setting screen physical size to 211 x 158
[    60.224] (II) config/udev: Adding input device Power Button (/dev/input/event0)
[    60.225] (**) Power Button: Applying InputClass "libinput keyboard catchall"
[    60.225] (II) LoadModule: "libinput"
[    60.227] (II) Loading /usr/lib/xorg/modules/input/libinput_drv.so
[    60.231] (II) Module libinput: vendor="X.Org Foundation"
[    60.231] 	compiled for 1.19.6, module version = 0.27.1
[    60.232] 	Module class: X.Org XInput Driver
[    60.233] 	ABI class: X.Org XInput driver, version 24.1
[    60.233] (II) Using input driver 'libinput' for 'Power Button'
[    60.235] (II) systemd-logind: got fd for /dev/input/event0 13:64 fd 20 paused 0
[    60.237] (**) Power Button: always reports core events
[    60.240] (**) Option "Device" "/dev/input/event0"
[    60.241] (**) Option "_source" "server/udev"
[    60.243] (II) event0  - Power Button: is tagged by udev as: Keyboard
[    60.243] (II) event0  - Power Button: device is a keyboard
[    60.243] (II) event0  - Power Button: device removed
[    60.245] (**) Option "config_info" "udev:/sys/devices/LNXSYSTM:00/LNXPWRBN:00/input/input0/event0"
[    60.245] (II) XINPUT: Adding extended input device "Power Button" (type: KEYBOARD, id 6)
[    60.246] (**) Option "xkb_model" "pc105"
[    60.246] (**) Option "xkb_layout" "us"
[    60.248] (II) event0  - Power Button: is tagged by udev as: Keyboard
[    60.249] (II) event0  - Power Button: device is a keyboard
[    60.250] (II) config/udev: Adding input device Sleep Button (/dev/input/event1)
[    60.251] (**) Sleep Button: Applying InputClass "libinput keyboard catchall"
[    60.251] (II) Using input driver 'libinput' for 'Sleep Button'
[    60.253] (II) systemd-logind: got fd for /dev/input/event1 13:65 fd 23 paused 0
[    60.253] (**) Sleep Button: always reports core events
[    60.254] (**) Option "Device" "/dev/input/event1"
[    60.254] (**) Option "_source" "server/udev"
[    60.256] (II) event1  - Sleep Button: is tagged by udev as: Keyboard
[    60.256] (II) event1  - Sleep Button: device is a keyboard
[    60.257] (II) event1  - Sleep Button: device removed
[    60.258] (**) Option "config_info" "udev:/sys/devices/LNXSYSTM:00/LNXSLPBN:00/input/input1/event1"
[    60.259] (II) XINPUT: Adding extended input device "Sleep Button" (type: KEYBOARD, id 7)
[    60.259] (**) Option "xkb_model" "pc105"
[    60.260] (**) Option "xkb_layout" "us"
[    60.261] (II) event1  - Sleep Button: is tagged by udev as: Keyboard
[    60.261] (II) event1  - Sleep Button: device is a keyboard
[    60.261] (II) config/udev: Adding input device Video Bus (/dev/input/event3)
[    60.262] (**) Video Bus: Applying InputClass "libinput keyboard catchall"
[    60.263] (II) Using input driver 'libinput' for 'Video Bus'
[    60.264] (II) systemd-logind: got fd for /dev/input/event3 13:67 fd 24 paused 0
[    60.265] (**) Video Bus: always reports core events
[    60.265] (**) Option "Device" "/dev/input/event3"
[    60.265] (**) Option "_source" "server/udev"
[    60.267] (II) event3  - Video Bus: is tagged by udev as: Keyboard
[    60.267] (II) event3  - Video Bus: device is a keyboard
[    60.268] (II) event3  - Video Bus: device removed
[    60.268] (**) Option "config_info" "udev:/sys/devices/LNXSYSTM:00/LNXSYBUS:00/PNP0A03:00/LNXVIDEO:00/input/input4/event3"
[    60.269] (II) XINPUT: Adding extended input device "Video Bus" (type: KEYBOARD, id 8)
[    60.270] (**) Option "xkb_model" "pc105"
[    60.271] (**) Option "xkb_layout" "us"
[    60.272] (II) event3  - Video Bus: is tagged by udev as: Keyboard
[    60.273] (II) event3  - Video Bus: device is a keyboard
[    60.274] (II) config/udev: Adding input device VirtualBox mouse integration (/dev/input/event5)
[    60.275] (**) VirtualBox mouse integration: Applying InputClass "libinput pointer catchall"
[    60.275] (II) Using input driver 'libinput' for 'VirtualBox mouse integration'
[    60.277] (II) systemd-logind: got fd for /dev/input/event5 13:69 fd 25 paused 0
[    60.278] (**) VirtualBox mouse integration: always reports core events
[    60.279] (**) Option "Device" "/dev/input/event5"
[    60.279] (**) Option "_source" "server/udev"
[    60.280] (II) event5  - VirtualBox mouse integration: is tagged by udev as: Mouse
[    60.281] (II) event5  - VirtualBox mouse integration: device is a pointer
[    60.281] (II) event5  - VirtualBox mouse integration: device removed
[    60.281] (**) Option "config_info" "udev:/sys/devices/pci0000:00/0000:00:04.0/input/input6/event5"
[    60.281] (II) XINPUT: Adding extended input device "VirtualBox mouse integration" (type: MOUSE, id 9)
[    60.282] (**) Option "AccelerationScheme" "none"
[    60.282] (**) VirtualBox mouse integration: (accel) selected scheme none/0
[    60.282] (**) VirtualBox mouse integration: (accel) acceleration factor: 2.000
[    60.282] (**) VirtualBox mouse integration: (accel) acceleration threshold: 4
[    60.284] (II) event5  - VirtualBox mouse integration: is tagged by udev as: Mouse
[    60.285] (II) event5  - VirtualBox mouse integration: device is a pointer
[    60.286] (II) config/udev: Adding input device AT Translated Set 2 keyboard (/dev/input/event2)
[    60.286] (**) AT Translated Set 2 keyboard: Applying InputClass "libinput keyboard catchall"
[    60.287] (II) Using input driver 'libinput' for 'AT Translated Set 2 keyboard'
[    60.288] (II) systemd-logind: got fd for /dev/input/event2 13:66 fd 26 paused 0
[    60.289] (**) AT Translated Set 2 keyboard: always reports core events
[    60.289] (**) Option "Device" "/dev/input/event2"
[    60.291] (**) Option "_source" "server/udev"
[    60.292] (II) event2  - AT Translated Set 2 keyboard: is tagged by udev as: Keyboard
[    60.293] (II) event2  - AT Translated Set 2 keyboard: device is a keyboard
[    60.293] (II) event2  - AT Translated Set 2 keyboard: device removed
[    60.294] (**) Option "config_info" "udev:/sys/devices/platform/i8042/serio0/input/input2/event2"
[    60.294] (II) XINPUT: Adding extended input device "AT Translated Set 2 keyboard" (type: KEYBOARD, id 10)
[    60.294] (**) Option "xkb_model" "pc105"
[    60.294] (**) Option "xkb_layout" "us"
[    60.295] (II) event2  - AT Translated Set 2 keyboard: is tagged by udev as: Keyboard
[    60.295] (II) event2  - AT Translated Set 2 keyboard: device is a keyboard
[    60.303] (II) config/udev: Adding input device ImExPS/2 Generic Explorer Mouse (/dev/input/event4)
[    60.303] (**) ImExPS/2 Generic Explorer Mouse: Applying InputClass "libinput pointer catchall"
[    60.303] (II) Using input driver 'libinput' for 'ImExPS/2 Generic Explorer Mouse'
[    60.305] (II) systemd-logind: got fd for /dev/input/event4 13:68 fd 27 paused 0
[    60.306] (**) ImExPS/2 Generic Explorer Mouse: always reports core events
[    60.306] (**) Option "Device" "/dev/input/event4"
[    60.306] (**) Option "_source" "server/udev"
[    60.308] (II) event4  - ImExPS/2 Generic Explorer Mouse: is tagged by udev as: Mouse
[    60.310] (II) event4  - ImExPS/2 Generic Explorer Mouse: device is a pointer
[    60.310] (II) event4  - ImExPS/2 Generic Explorer Mouse: device removed
[    60.311] (**) Option "config_info" "udev:/sys/devices/platform/i8042/serio1/input/input5/event4"
[    60.311] (II) XINPUT: Adding extended input device "ImExPS/2 Generic Explorer Mouse" (type: MOUSE, id 11)
[    60.311] (**) Option "AccelerationScheme" "none"
[    60.312] (**) ImExPS/2 Generic Explorer Mouse: (accel) selected scheme none/0
[    60.312] (**) ImExPS/2 Generic Explorer Mouse: (accel) acceleration factor: 2.000
[    60.312] (**) ImExPS/2 Generic Explorer Mouse: (accel) acceleration threshold: 4
[    60.313] (II) event4  - ImExPS/2 Generic Explorer Mouse: is tagged by udev as: Mouse
[    60.313] (II) event4  - ImExPS/2 Generic Explorer Mouse: device is a pointer
[    60.314] (II) config/udev: Adding input device ImExPS/2 Generic Explorer Mouse (/dev/input/mouse0)
[    60.315] (II) No input driver specified, ignoring this device.
[    60.316] (II) This device may have been added with another device file.
[    60.934] (II) modeset(0): EDID vendor "VBX", prod id 0
[    60.934] (II) modeset(0): DDCModeFromDetailedTiming: 800x600 Warning: We only handle separate sync.
[    60.935] (II) modeset(0): Using EDID range info for horizontal sync
[    60.936] (II) modeset(0): Using EDID range info for vertical refresh
[    60.945] (II) modeset(0): EDID vendor "VBX", prod id 0
[    60.945] (II) modeset(0): DDCModeFromDetailedTiming: 800x600 Warning: We only handle separate sync.
[    60.946] (II) modeset(0): Using hsync ranges from config file
[    60.946] (II) modeset(0): Using vrefresh ranges from config file
[    61.329] (**) Option "fd" "20"
[    61.331] (II) event0  - Power Button: device removed
[    61.332] (**) Option "fd" "23"
[    61.333] (II) event1  - Sleep Button: device removed
[    61.334] (**) Option "fd" "24"
[    61.335] (II) event3  - Video Bus: device removed
[    61.335] (**) Option "fd" "25"
[    61.337] (II) event5  - VirtualBox mouse integration: device removed
[    61.337] (**) Option "fd" "26"
[    61.338] (II) event2  - AT Translated Set 2 keyboard: device removed
[    61.338] (**) Option "fd" "27"
[    61.339] (II) event4  - ImExPS/2 Generic Explorer Mouse: device removed
[    61.340] (II) UnloadModule: "libinput"
[    61.341] (II) systemd-logind: releasing fd for 13:68
[    61.372] (II) UnloadModule: "libinput"
[    61.373] (II) systemd-logind: releasing fd for 13:66
[    61.384] (II) UnloadModule: "libinput"
[    61.385] (II) systemd-logind: releasing fd for 13:69
[    61.416] (II) UnloadModule: "libinput"
[    61.417] (II) systemd-logind: releasing fd for 13:67
[    61.454] (II) UnloadModule: "libinput"
[    61.458] (II) systemd-logind: releasing fd for 13:65
[    61.476] (II) UnloadModule: "libinput"
[    61.477] (II) systemd-logind: releasing fd for 13:64
[    61.515] (II) Server terminated successfully (0). Closing log file.
