2021-10-20 01:16:49,569 | 5914 | ofcapture.proxy.proxy, start_server, 231 | INFO | Server on ('127.0.0.1', 63333)
2021-10-20 01:16:49,574 | 5914 | ofcapture.proxy.proxy, start_server, 234 | INFO | Server serve forever ('127.0.0.1', 63333)
2021-10-20 01:17:30,156 | 5914 | ofcapture.proxy.proxy, handle_switch, 252 | INFO | Client ('127.0.0.1', 58380) is connected
2021-10-20 01:17:30,173 | 5914 | ofcapture.proxy.proxy, handle_controller, 364 | INFO | connected Controller ('127.0.0.1', 6633)
2021-10-20 01:17:30,193 | 5914 | ofcapture.proxy.observer, parse, 35 | INFO | Parsed msg : OFPT_HELLO Hello(xid=UBInt32(506)) {'header': {'version': 4, 'message_type': 0, 'length': 8, 'xid': 506}, 'elements': []}
2021-10-20 01:17:30,205 | 5914 | ofcapture.proxy.observer, parse, 35 | INFO | Parsed msg : OFPT_HELLO Hello(xid=UBInt32(1683672735)) {'header': {'version': 4, 'message_type': 0, 'length': 8, 'xid': 1683672735}, 'elements': [{'element_type': 1029, 'length': 8, 'content': b'dZ\xce\xa0'}]}
2021-10-20 01:17:30,234 | 5914 | ofcapture.proxy.observer, parse, 35 | INFO | Parsed msg : OFPT_FEATURES_REPLY FeaturesReply(xid=UBInt32(1683672736)) {'header': {'version': 4, 'message_type': 6, 'length': 32, 'xid': 1683672736}, 'datapath_id': '00:00:72:85:c9:07:91:4e', 'n_buffers': 0, 'n_tables': 254, 'auxiliary_id': 0, 'pad': None, 'capabilities': '79', 'reserved': 0}
2021-10-20 01:17:35,310 | 5914 | ofcapture.proxy.proxy, handle_switch, 252 | INFO | Client ('127.0.0.1', 58384) is connected
2021-10-20 01:17:35,316 | 5914 | ofcapture.proxy.proxy, handle_controller, 364 | INFO | connected Controller ('127.0.0.1', 6633)
2021-10-20 01:17:35,597 | 5904 | ofcapture.of_msg_repository, pop, 91 | ERROR | Failed to pop from of repository (repo={})
2021-10-20 01:17:37,593 | 5904 | ofcapture.of_msg_repository, pop, 91 | ERROR | Failed to pop from of repository (repo={})
2021-10-20 01:17:39,600 | 5904 | ofcapture.of_msg_repository, pop, 91 | ERROR | Failed to pop from of repository (repo={})
2021-10-20 01:17:41,713 | 5904 | ofcapture.of_msg_repository, pop, 91 | ERROR | Failed to pop from of repository (repo={})
2021-10-20 01:17:43,598 | 5904 | ofcapture.of_msg_repository, pop, 91 | ERROR | Failed to pop from of repository (repo={})
2021-10-20 01:17:45,598 | 5904 | ofcapture.of_msg_repository, pop, 91 | ERROR | Failed to pop from of repository (repo={})
2021-10-20 01:17:47,593 | 5904 | ofcapture.of_msg_repository, pop, 91 | ERROR | Failed to pop from of repository (repo={})
2021-10-20 01:17:49,597 | 5904 | ofcapture.of_msg_repository, pop, 91 | ERROR | Failed to pop from of repository (repo={})
2021-10-20 01:17:51,599 | 5904 | ofcapture.of_msg_repository, pop, 91 | ERROR | Failed to pop from of repository (repo={})
2021-10-20 01:17:53,599 | 5904 | ofcapture.of_msg_repository, pop, 91 | ERROR | Failed to pop from of repository (repo={})
2021-10-20 01:17:55,594 | 5904 | ofcapture.of_msg_repository, pop, 91 | ERROR | Failed to pop from of repository (repo={})
2021-10-20 01:17:57,669 | 5904 | ofcapture.of_msg_repository, pop, 91 | ERROR | Failed to pop from of repository (repo={})
2021-10-20 01:17:59,597 | 5904 | ofcapture.of_msg_repository, pop, 91 | ERROR | Failed to pop from of repository (repo={})
2021-10-20 01:18:01,703 | 5904 | ofcapture.of_msg_repository, pop, 91 | ERROR | Failed to pop from of repository (repo={})
2021-10-20 01:18:03,593 | 5904 | ofcapture.of_msg_repository, pop, 91 | ERROR | Failed to pop from of repository (repo={})
2021-10-20 01:18:05,607 | 5904 | ofcapture.of_msg_repository, pop, 91 | ERROR | Failed to pop from of repository (repo={})
2021-10-20 01:18:07,615 | 5904 | ofcapture.of_msg_repository, pop, 91 | ERROR | Failed to pop from of repository (repo={})
2021-10-20 01:18:09,604 | 5904 | ofcapture.of_msg_repository, pop, 91 | ERROR | Failed to pop from of repository (repo={})
2021-10-20 01:18:11,626 | 5904 | ofcapture.of_msg_repository, pop, 91 | ERROR | Failed to pop from of repository (repo={})
2021-10-20 01:18:13,595 | 5904 | ofcapture.of_msg_repository, pop, 91 | ERROR | Failed to pop from of repository (repo={})
2021-10-20 01:18:15,594 | 5904 | ofcapture.of_msg_repository, pop, 91 | ERROR | Failed to pop from of repository (repo={})
2021-10-20 01:18:17,595 | 5904 | ofcapture.of_msg_repository, pop, 91 | ERROR | Failed to pop from of repository (repo={})
2021-10-20 01:18:19,600 | 5904 | ofcapture.of_msg_repository, pop, 91 | ERROR | Failed to pop from of repository (repo={})
2021-10-20 01:18:21,593 | 5904 | ofcapture.of_msg_repository, pop, 91 | ERROR | Failed to pop from of repository (repo={})
2021-10-20 01:18:23,598 | 5904 | ofcapture.of_msg_repository, pop, 91 | ERROR | Failed to pop from of repository (repo={})
2021-10-20 01:18:25,593 | 5904 | ofcapture.of_msg_repository, pop, 91 | ERROR | Failed to pop from of repository (repo={})
2021-10-20 01:18:27,600 | 5904 | ofcapture.of_msg_repository, pop, 91 | ERROR | Failed to pop from of repository (repo={})
2021-10-20 01:18:29,595 | 5904 | ofcapture.of_msg_repository, pop, 91 | ERROR | Failed to pop from of repository (repo={})
2021-10-20 01:18:31,597 | 5904 | ofcapture.of_msg_repository, pop, 91 | ERROR | Failed to pop from of repository (repo={})
2021-10-20 01:18:33,592 | 5904 | ofcapture.of_msg_repository, pop, 91 | ERROR | Failed to pop from of repository (repo={})
2021-10-20 01:18:35,612 | 5904 | ofcapture.of_msg_repository, pop, 91 | ERROR | Failed to pop from of repository (repo={})
2021-10-20 01:18:37,594 | 5904 | ofcapture.of_msg_repository, pop, 91 | ERROR | Failed to pop from of repository (repo={})
2021-10-20 01:18:39,621 | 5904 | ofcapture.of_msg_repository, pop, 91 | ERROR | Failed to pop from of repository (repo={})
2021-10-20 01:18:41,627 | 5904 | ofcapture.of_msg_repository, pop, 91 | ERROR | Failed to pop from of repository (repo={})
2021-10-20 01:18:43,612 | 5904 | ofcapture.of_msg_repository, pop, 91 | ERROR | Failed to pop from of repository (repo={})
2021-10-20 01:18:45,592 | 5904 | ofcapture.of_msg_repository, pop, 91 | ERROR | Failed to pop from of repository (repo={})
2021-10-20 01:18:47,592 | 5904 | ofcapture.of_msg_repository, pop, 91 | ERROR | Failed to pop from of repository (repo={})
2021-10-20 01:18:49,606 | 5904 | ofcapture.of_msg_repository, pop, 91 | ERROR | Failed to pop from of repository (repo={})
2021-10-20 01:18:51,600 | 5904 | ofcapture.of_msg_repository, pop, 91 | ERROR | Failed to pop from of repository (repo={})
2021-10-20 01:18:53,593 | 5904 | ofcapture.of_msg_repository, pop, 91 | ERROR | Failed to pop from of repository (repo={})
2021-10-20 01:18:55,592 | 5904 | ofcapture.of_msg_repository, pop, 91 | ERROR | Failed to pop from of repository (repo={})
2021-10-20 01:18:57,615 | 5904 | ofcapture.of_msg_repository, pop, 91 | ERROR | Failed to pop from of repository (repo={})
2021-10-20 01:18:59,595 | 5904 | ofcapture.of_msg_repository, pop, 91 | ERROR | Failed to pop from of repository (repo={})
2021-10-20 01:19:01,595 | 5904 | ofcapture.of_msg_repository, pop, 91 | ERROR | Failed to pop from of repository (repo={})
2021-10-20 01:19:03,597 | 5904 | ofcapture.of_msg_repository, pop, 91 | ERROR | Failed to pop from of repository (repo={})
2021-10-20 01:19:05,593 | 5904 | ofcapture.of_msg_repository, pop, 91 | ERROR | Failed to pop from of repository (repo={})
2021-10-20 01:19:07,614 | 5904 | ofcapture.of_msg_repository, pop, 91 | ERROR | Failed to pop from of repository (repo={})
2021-10-20 01:19:09,594 | 5904 | ofcapture.of_msg_repository, pop, 91 | ERROR | Failed to pop from of repository (repo={})
2021-10-20 01:19:11,604 | 5904 | ofcapture.of_msg_repository, pop, 91 | ERROR | Failed to pop from of repository (repo={})
2021-10-20 01:19:13,597 | 5904 | ofcapture.of_msg_repository, pop, 91 | ERROR | Failed to pop from of repository (repo={})
2021-10-20 01:19:15,592 | 5904 | ofcapture.of_msg_repository, pop, 91 | ERROR | Failed to pop from of repository (repo={})
2021-10-20 01:19:17,597 | 5904 | ofcapture.of_msg_repository, pop, 91 | ERROR | Failed to pop from of repository (repo={})
2021-10-20 01:19:19,608 | 5904 | ofcapture.of_msg_repository, pop, 91 | ERROR | Failed to pop from of repository (repo={})
2021-10-20 01:19:21,594 | 5904 | ofcapture.of_msg_repository, pop, 91 | ERROR | Failed to pop from of repository (repo={})
2021-10-20 01:19:23,684 | 5904 | ofcapture.of_msg_repository, pop, 91 | ERROR | Failed to pop from of repository (repo={})
2021-10-20 01:19:25,598 | 5904 | ofcapture.of_msg_repository, pop, 91 | ERROR | Failed to pop from of repository (repo={})
