2021-10-20 00:14:42,802 | 4598 | ofcapture.proxy.proxy, start_server, 231 | INFO | Server on ('127.0.0.1', 63333)
2021-10-20 00:14:42,802 | 4598 | ofcapture.proxy.proxy, start_server, 234 | INFO | Server serve forever ('127.0.0.1', 63333)
2021-10-20 00:14:47,503 | 4598 | ofcapture.proxy.proxy, handle_switch, 252 | INFO | Client ('127.0.0.1', 60286) is connected
2021-10-20 00:14:47,506 | 4598 | ofcapture.proxy.proxy, handle_controller, 364 | INFO | connected Controller ('127.0.0.1', 6633)
2021-10-20 00:14:47,544 | 4598 | ofcapture.proxy.observer, parse, 35 | INFO | Parsed msg : OFPT_HELLO Hello(xid=UBInt32(266)) {'header': {'version': 4, 'message_type': 0, 'length': 8, 'xid': 266}, 'elements': []}
2021-10-20 00:14:47,615 | 4598 | ofcapture.proxy.observer, parse, 35 | INFO | Parsed msg : OFPT_HELLO Hello(xid=UBInt32(1688975321)) {'header': {'version': 4, 'message_type': 0, 'length': 8, 'xid': 1688975321}, 'elements': [{'element_type': 1029, 'length': 8, 'content': b'd\xab\xb7\xda'}]}
2021-10-20 00:14:47,632 | 4598 | ofcapture.proxy.observer, parse, 35 | INFO | Parsed msg : OFPT_FEATURES_REPLY FeaturesReply(xid=UBInt32(1688975322)) {'header': {'version': 4, 'message_type': 6, 'length': 32, 'xid': 1688975322}, 'datapath_id': '00:00:72:21:e2:e0:6d:4c', 'n_buffers': 0, 'n_tables': 254, 'auxiliary_id': 0, 'pad': None, 'capabilities': '79', 'reserved': 0}
2021-10-20 00:14:52,539 | 4598 | ofcapture.proxy.proxy, handle_switch, 252 | INFO | Client ('127.0.0.1', 60290) is connected
2021-10-20 00:14:52,542 | 4598 | ofcapture.proxy.proxy, handle_controller, 364 | INFO | connected Controller ('127.0.0.1', 6633)
2021-10-20 00:14:52,816 | 4588 | ofcapture.of_msg_repository, pop, 91 | ERROR | Failed to pop from of repository (repo={})
2021-10-20 00:14:54,810 | 4588 | ofcapture.of_msg_repository, pop, 91 | ERROR | Failed to pop from of repository (repo={})
2021-10-20 00:14:56,826 | 4588 | ofcapture.of_msg_repository, pop, 91 | ERROR | Failed to pop from of repository (repo={})
2021-10-20 00:14:58,812 | 4588 | ofcapture.of_msg_repository, pop, 91 | ERROR | Failed to pop from of repository (repo={})
2021-10-20 00:15:00,844 | 4588 | ofcapture.of_msg_repository, pop, 91 | ERROR | Failed to pop from of repository (repo={})
2021-10-20 00:15:02,899 | 4588 | ofcapture.of_msg_repository, pop, 91 | ERROR | Failed to pop from of repository (repo={})
2021-10-20 00:15:04,810 | 4588 | ofcapture.of_msg_repository, pop, 91 | ERROR | Failed to pop from of repository (repo={})
2021-10-20 00:15:06,826 | 4588 | ofcapture.of_msg_repository, pop, 91 | ERROR | Failed to pop from of repository (repo={})
2021-10-20 00:15:08,841 | 4588 | ofcapture.of_msg_repository, pop, 91 | ERROR | Failed to pop from of repository (repo={})
2021-10-20 00:15:10,815 | 4588 | ofcapture.of_msg_repository, pop, 91 | ERROR | Failed to pop from of repository (repo={})
2021-10-20 00:15:12,812 | 4588 | ofcapture.of_msg_repository, pop, 91 | ERROR | Failed to pop from of repository (repo={})
2021-10-20 00:15:14,880 | 4588 | ofcapture.of_msg_repository, pop, 91 | ERROR | Failed to pop from of repository (repo={})
2021-10-20 00:15:16,808 | 4588 | ofcapture.of_msg_repository, pop, 91 | ERROR | Failed to pop from of repository (repo={})
2021-10-20 00:15:18,813 | 4588 | ofcapture.of_msg_repository, pop, 91 | ERROR | Failed to pop from of repository (repo={})
2021-10-20 00:15:20,813 | 4588 | ofcapture.of_msg_repository, pop, 91 | ERROR | Failed to pop from of repository (repo={})
2021-10-20 00:15:22,811 | 4588 | ofcapture.of_msg_repository, pop, 91 | ERROR | Failed to pop from of repository (repo={})
2021-10-20 00:15:24,809 | 4588 | ofcapture.of_msg_repository, pop, 91 | ERROR | Failed to pop from of repository (repo={})
2021-10-20 00:15:26,820 | 4588 | ofcapture.of_msg_repository, pop, 91 | ERROR | Failed to pop from of repository (repo={})
2021-10-20 00:15:28,809 | 4588 | ofcapture.of_msg_repository, pop, 91 | ERROR | Failed to pop from of repository (repo={})
2021-10-20 00:15:30,806 | 4588 | ofcapture.of_msg_repository, pop, 91 | ERROR | Failed to pop from of repository (repo={})
2021-10-20 00:15:32,806 | 4588 | ofcapture.of_msg_repository, pop, 91 | ERROR | Failed to pop from of repository (repo={})
2021-10-20 00:15:34,808 | 4588 | ofcapture.of_msg_repository, pop, 91 | ERROR | Failed to pop from of repository (repo={})
2021-10-20 00:15:36,817 | 4588 | ofcapture.of_msg_repository, pop, 91 | ERROR | Failed to pop from of repository (repo={})
2021-10-20 00:15:38,822 | 4588 | ofcapture.of_msg_repository, pop, 91 | ERROR | Failed to pop from of repository (repo={})
2021-10-20 00:15:40,812 | 4588 | ofcapture.of_msg_repository, pop, 91 | ERROR | Failed to pop from of repository (repo={})
2021-10-20 00:15:42,806 | 4588 | ofcapture.of_msg_repository, pop, 91 | ERROR | Failed to pop from of repository (repo={})
2021-10-20 00:15:44,806 | 4588 | ofcapture.of_msg_repository, pop, 91 | ERROR | Failed to pop from of repository (repo={})
2021-10-20 00:15:46,812 | 4588 | ofcapture.of_msg_repository, pop, 91 | ERROR | Failed to pop from of repository (repo={})
2021-10-20 00:15:48,811 | 4588 | ofcapture.of_msg_repository, pop, 91 | ERROR | Failed to pop from of repository (repo={})
2021-10-20 00:15:50,807 | 4588 | ofcapture.of_msg_repository, pop, 91 | ERROR | Failed to pop from of repository (repo={})
2021-10-20 00:15:52,809 | 4588 | ofcapture.of_msg_repository, pop, 91 | ERROR | Failed to pop from of repository (repo={})
2021-10-20 00:15:54,807 | 4588 | ofcapture.of_msg_repository, pop, 91 | ERROR | Failed to pop from of repository (repo={})
2021-10-20 00:15:56,806 | 4588 | ofcapture.of_msg_repository, pop, 91 | ERROR | Failed to pop from of repository (repo={})
2021-10-20 00:15:58,809 | 4588 | ofcapture.of_msg_repository, pop, 91 | ERROR | Failed to pop from of repository (repo={})
2021-10-20 00:16:00,811 | 4588 | ofcapture.of_msg_repository, pop, 91 | ERROR | Failed to pop from of repository (repo={})
2021-10-20 00:16:02,811 | 4588 | ofcapture.of_msg_repository, pop, 91 | ERROR | Failed to pop from of repository (repo={})
2021-10-20 00:16:04,842 | 4588 | ofcapture.of_msg_repository, pop, 91 | ERROR | Failed to pop from of repository (repo={})
2021-10-20 00:16:06,815 | 4588 | ofcapture.of_msg_repository, pop, 91 | ERROR | Failed to pop from of repository (repo={})
2021-10-20 00:16:08,813 | 4588 | ofcapture.of_msg_repository, pop, 91 | ERROR | Failed to pop from of repository (repo={})
2021-10-20 00:16:10,814 | 4588 | ofcapture.of_msg_repository, pop, 91 | ERROR | Failed to pop from of repository (repo={})
2021-10-20 00:16:12,806 | 4588 | ofcapture.of_msg_repository, pop, 91 | ERROR | Failed to pop from of repository (repo={})
2021-10-20 00:16:14,811 | 4588 | ofcapture.of_msg_repository, pop, 91 | ERROR | Failed to pop from of repository (repo={})
2021-10-20 00:16:16,808 | 4588 | ofcapture.of_msg_repository, pop, 91 | ERROR | Failed to pop from of repository (repo={})
2021-10-20 00:16:18,807 | 4588 | ofcapture.of_msg_repository, pop, 91 | ERROR | Failed to pop from of repository (repo={})
2021-10-20 00:16:20,807 | 4588 | ofcapture.of_msg_repository, pop, 91 | ERROR | Failed to pop from of repository (repo={})
2021-10-20 00:16:22,807 | 4588 | ofcapture.of_msg_repository, pop, 91 | ERROR | Failed to pop from of repository (repo={})
2021-10-20 00:16:24,822 | 4588 | ofcapture.of_msg_repository, pop, 91 | ERROR | Failed to pop from of repository (repo={})
2021-10-20 00:16:26,814 | 4588 | ofcapture.of_msg_repository, pop, 91 | ERROR | Failed to pop from of repository (repo={})
2021-10-20 00:16:28,813 | 4588 | ofcapture.of_msg_repository, pop, 91 | ERROR | Failed to pop from of repository (repo={})
2021-10-20 00:16:30,807 | 4588 | ofcapture.of_msg_repository, pop, 91 | ERROR | Failed to pop from of repository (repo={})
2021-10-20 00:16:32,815 | 4588 | ofcapture.of_msg_repository, pop, 91 | ERROR | Failed to pop from of repository (repo={})
2021-10-20 00:16:34,853 | 4588 | ofcapture.of_msg_repository, pop, 91 | ERROR | Failed to pop from of repository (repo={})
2021-10-20 00:16:36,828 | 4588 | ofcapture.of_msg_repository, pop, 91 | ERROR | Failed to pop from of repository (repo={})
2021-10-20 00:16:38,815 | 4588 | ofcapture.of_msg_repository, pop, 91 | ERROR | Failed to pop from of repository (repo={})
2021-10-20 00:16:40,807 | 4588 | ofcapture.of_msg_repository, pop, 91 | ERROR | Failed to pop from of repository (repo={})
2021-10-20 00:16:42,818 | 4588 | ofcapture.of_msg_repository, pop, 91 | ERROR | Failed to pop from of repository (repo={})
2021-10-20 00:16:44,808 | 4588 | ofcapture.of_msg_repository, pop, 91 | ERROR | Failed to pop from of repository (repo={})
2021-10-20 00:16:46,806 | 4588 | ofcapture.of_msg_repository, pop, 91 | ERROR | Failed to pop from of repository (repo={})
2021-10-20 00:16:48,806 | 4588 | ofcapture.of_msg_repository, pop, 91 | ERROR | Failed to pop from of repository (repo={})
2021-10-20 00:16:50,810 | 4588 | ofcapture.of_msg_repository, pop, 91 | ERROR | Failed to pop from of repository (repo={})
2021-10-20 00:16:52,811 | 4588 | ofcapture.of_msg_repository, pop, 91 | ERROR | Failed to pop from of repository (repo={})
2021-10-20 00:16:54,808 | 4588 | ofcapture.of_msg_repository, pop, 91 | ERROR | Failed to pop from of repository (repo={})
2021-10-20 00:16:56,808 | 4588 | ofcapture.of_msg_repository, pop, 91 | ERROR | Failed to pop from of repository (repo={})
2021-10-20 00:16:58,812 | 4588 | ofcapture.of_msg_repository, pop, 91 | ERROR | Failed to pop from of repository (repo={})
2021-10-20 00:17:00,810 | 4588 | ofcapture.of_msg_repository, pop, 91 | ERROR | Failed to pop from of repository (repo={})
2021-10-20 00:17:02,812 | 4588 | ofcapture.of_msg_repository, pop, 91 | ERROR | Failed to pop from of repository (repo={})
