2021-10-20 05:58:56,930 | 3208 | ofcapture.proxy.proxy, start_server, 231 | INFO | Server on ('127.0.0.1', 63333)
2021-10-20 05:58:56,934 | 3208 | ofcapture.proxy.proxy, start_server, 234 | INFO | Server serve forever ('127.0.0.1', 63333)
2021-10-20 05:58:57,044 | 3208 | ofcapture.proxy.proxy, handle_switch, 252 | INFO | Client ('127.0.0.1', 56406) is connected
2021-10-20 05:58:57,049 | 3208 | ofcapture.proxy.proxy, open_connection, 350 | ERROR | Failed to connect to controller : [Errno 111] Connect call failed ('127.0.0.1', 6633)
2021-10-20 05:58:57,212 | 3208 | ofcapture.proxy.proxy, handle_switch, 252 | INFO | Client ('127.0.0.1', 56410) is connected
2021-10-20 05:58:57,219 | 3208 | ofcapture.proxy.proxy, open_connection, 350 | ERROR | Failed to connect to controller : [Errno 111] Connect call failed ('127.0.0.1', 6633)
2021-10-20 05:58:57,254 | 3208 | ofcapture.proxy.proxy, handle_switch, 252 | INFO | Client ('127.0.0.1', 56414) is connected
2021-10-20 05:58:57,256 | 3208 | ofcapture.proxy.proxy, open_connection, 350 | ERROR | Failed to connect to controller : [Errno 111] Connect call failed ('127.0.0.1', 6633)
2021-10-20 05:58:58,212 | 3208 | ofcapture.proxy.proxy, handle_switch, 252 | INFO | Client ('127.0.0.1', 56418) is connected
2021-10-20 05:58:58,220 | 3208 | ofcapture.proxy.proxy, handle_switch, 252 | INFO | Client ('127.0.0.1', 56420) is connected
2021-10-20 05:58:58,221 | 3208 | ofcapture.proxy.proxy, open_connection, 350 | ERROR | Failed to connect to controller : [Errno 111] Connect call failed ('127.0.0.1', 6633)
2021-10-20 05:58:58,221 | 3208 | ofcapture.proxy.proxy, open_connection, 350 | ERROR | Failed to connect to controller : [Errno 111] Connect call failed ('127.0.0.1', 6633)
2021-10-20 05:58:58,946 | 3198 | ofcapture.of_msg_repository, pop, 91 | ERROR | Failed to pop from of repository (repo={})
2021-10-20 05:58:59,253 | 3208 | ofcapture.proxy.proxy, handle_switch, 252 | INFO | Client ('127.0.0.1', 56426) is connected
2021-10-20 05:58:59,280 | 3208 | ofcapture.proxy.proxy, handle_switch, 252 | INFO | Client ('127.0.0.1', 56428) is connected
2021-10-20 05:58:59,286 | 3208 | ofcapture.proxy.proxy, open_connection, 350 | ERROR | Failed to connect to controller : [Errno 111] Connect call failed ('127.0.0.1', 6633)
2021-10-20 05:58:59,295 | 3208 | ofcapture.proxy.proxy, open_connection, 350 | ERROR | Failed to connect to controller : [Errno 111] Connect call failed ('127.0.0.1', 6633)
2021-10-20 05:59:00,214 | 3208 | ofcapture.proxy.proxy, handle_switch, 252 | INFO | Client ('127.0.0.1', 56434) is connected
2021-10-20 05:59:00,217 | 3208 | ofcapture.proxy.proxy, handle_switch, 252 | INFO | Client ('127.0.0.1', 56436) is connected
2021-10-20 05:59:00,218 | 3208 | ofcapture.proxy.proxy, open_connection, 350 | ERROR | Failed to connect to controller : [Errno 111] Connect call failed ('127.0.0.1', 6633)
2021-10-20 05:59:00,228 | 3208 | ofcapture.proxy.proxy, open_connection, 350 | ERROR | Failed to connect to controller : [Errno 111] Connect call failed ('127.0.0.1', 6633)
2021-10-20 05:59:01,008 | 3198 | ofcapture.of_msg_repository, pop, 91 | ERROR | Failed to pop from of repository (repo={})
2021-10-20 05:59:01,215 | 3208 | ofcapture.proxy.proxy, handle_switch, 252 | INFO | Client ('127.0.0.1', 56442) is connected
2021-10-20 05:59:01,218 | 3208 | ofcapture.proxy.proxy, open_connection, 350 | ERROR | Failed to connect to controller : [Errno 111] Connect call failed ('127.0.0.1', 6633)
2021-10-20 05:59:01,223 | 3208 | ofcapture.proxy.proxy, handle_switch, 252 | INFO | Client ('127.0.0.1', 56446) is connected
2021-10-20 05:59:01,225 | 3208 | ofcapture.proxy.proxy, open_connection, 350 | ERROR | Failed to connect to controller : [Errno 111] Connect call failed ('127.0.0.1', 6633)
2021-10-20 05:59:02,219 | 3208 | ofcapture.proxy.proxy, handle_switch, 252 | INFO | Client ('127.0.0.1', 56510) is connected
2021-10-20 05:59:02,225 | 3208 | ofcapture.proxy.proxy, handle_switch, 252 | INFO | Client ('127.0.0.1', 56512) is connected
2021-10-20 05:59:02,227 | 3208 | ofcapture.proxy.proxy, open_connection, 350 | ERROR | Failed to connect to controller : [Errno 111] Connect call failed ('127.0.0.1', 6633)
2021-10-20 05:59:02,232 | 3208 | ofcapture.proxy.proxy, open_connection, 350 | ERROR | Failed to connect to controller : [Errno 111] Connect call failed ('127.0.0.1', 6633)
2021-10-20 05:59:02,971 | 3198 | ofcapture.of_msg_repository, pop, 91 | ERROR | Failed to pop from of repository (repo={})
2021-10-20 05:59:03,222 | 3208 | ofcapture.proxy.proxy, handle_switch, 252 | INFO | Client ('127.0.0.1', 56578) is connected
2021-10-20 05:59:03,223 | 3208 | ofcapture.proxy.proxy, handle_switch, 252 | INFO | Client ('127.0.0.1', 56580) is connected
2021-10-20 05:59:03,227 | 3208 | ofcapture.proxy.proxy, open_connection, 350 | ERROR | Failed to connect to controller : [Errno 111] Connect call failed ('127.0.0.1', 6633)
2021-10-20 05:59:03,228 | 3208 | ofcapture.proxy.proxy, open_connection, 350 | ERROR | Failed to connect to controller : [Errno 111] Connect call failed ('127.0.0.1', 6633)
2021-10-20 05:59:04,221 | 3208 | ofcapture.proxy.proxy, handle_switch, 252 | INFO | Client ('127.0.0.1', 56586) is connected
2021-10-20 05:59:04,227 | 3208 | ofcapture.proxy.proxy, handle_switch, 252 | INFO | Client ('127.0.0.1', 56588) is connected
2021-10-20 05:59:04,228 | 3208 | ofcapture.proxy.proxy, open_connection, 350 | ERROR | Failed to connect to controller : [Errno 111] Connect call failed ('127.0.0.1', 6633)
2021-10-20 05:59:04,229 | 3208 | ofcapture.proxy.proxy, open_connection, 350 | ERROR | Failed to connect to controller : [Errno 111] Connect call failed ('127.0.0.1', 6633)
2021-10-20 05:59:04,931 | 3198 | ofcapture.of_msg_repository, pop, 91 | ERROR | Failed to pop from of repository (repo={})
2021-10-20 05:59:05,213 | 3208 | ofcapture.proxy.proxy, handle_switch, 252 | INFO | Client ('127.0.0.1', 56594) is connected
2021-10-20 05:59:05,223 | 3208 | ofcapture.proxy.proxy, handle_switch, 252 | INFO | Client ('127.0.0.1', 56596) is connected
2021-10-20 05:59:05,229 | 3208 | ofcapture.proxy.proxy, handle_controller, 364 | INFO | connected Controller ('127.0.0.1', 6633)
2021-10-20 05:59:05,249 | 3208 | ofcapture.proxy.observer, parse, 35 | INFO | Parsed msg : OFPT_HELLO Hello(xid=UBInt32(36)) {'header': {'version': 4, 'message_type': 0, 'length': 8, 'xid': 36}, 'elements': []}
2021-10-20 05:59:05,252 | 3208 | ofcapture.proxy.observer, parse, 35 | INFO | Parsed msg : OFPT_HELLO Hello(xid=UBInt32(37)) {'header': {'version': 4, 'message_type': 0, 'length': 8, 'xid': 37}, 'elements': []}
2021-10-20 05:59:05,255 | 3208 | ofcapture.proxy.observer, parse, 35 | INFO | Parsed msg : OFPT_HELLO Hello(xid=UBInt32(268625804)) {'header': {'version': 4, 'message_type': 0, 'length': 8, 'xid': 268625804}, 'elements': []}
2021-10-20 05:59:05,262 | 3208 | ofcapture.proxy.proxy, handle_controller, 364 | INFO | connected Controller ('127.0.0.1', 6633)
2021-10-20 05:59:05,263 | 3208 | ofcapture.proxy.observer, parse, 35 | INFO | Parsed msg : OFPT_FEATURES_REQUEST FeaturesRequest(xid=UBInt32(268625805)) {'header': {'version': 4, 'message_type': 5, 'length': 8, 'xid': 268625805}}
2021-10-20 05:59:05,276 | 3208 | ofcapture.proxy.observer, parse, 35 | INFO | Parsed msg : OFPT_HELLO Hello(xid=UBInt32(2720474284)) {'header': {'version': 4, 'message_type': 0, 'length': 8, 'xid': 2720474284}, 'elements': [{'element_type': 1029, 'length': 8, 'content': b"\xa2'$\xad"}]}
2021-10-20 05:59:05,281 | 3208 | ofcapture.proxy.observer, parse, 35 | INFO | Parsed msg : OFPT_FEATURES_REPLY FeaturesReply(xid=UBInt32(268625805)) {'header': {'version': 4, 'message_type': 6, 'length': 32, 'xid': 268625805}, 'datapath_id': '00:00:00:00:00:00:00:01', 'n_buffers': 0, 'n_tables': 254, 'auxiliary_id': 0, 'pad': None, 'capabilities': '79', 'reserved': 0}
2021-10-20 05:59:05,287 | 3208 | ofcapture.proxy.observer, parse, 35 | INFO | Parsed msg : OFPT_FEATURES_REPLY FeaturesReply(xid=UBInt32(2720474285)) {'header': {'version': 4, 'message_type': 6, 'length': 32, 'xid': 2720474285}, 'datapath_id': '00:00:52:e0:47:49:7d:4a', 'n_buffers': 0, 'n_tables': 254, 'auxiliary_id': 0, 'pad': None, 'capabilities': '79', 'reserved': 0}
2021-10-20 05:59:06,942 | 3198 | ofcapture.of_msg_repository, pop, 91 | ERROR | Failed to pop from of repository (repo={})
2021-10-20 05:59:09,406 | 3198 | ofcapture.of_msg_repository, pop, 91 | ERROR | Failed to pop from of repository (repo={})
2021-10-20 05:59:10,991 | 3198 | ofcapture.of_msg_repository, pop, 91 | ERROR | Failed to pop from of repository (repo={})
2021-10-20 05:59:13,158 | 3198 | ofcapture.of_msg_repository, pop, 91 | ERROR | Failed to pop from of repository (repo={})
2021-10-20 05:59:14,959 | 3198 | ofcapture.of_msg_repository, pop, 91 | ERROR | Failed to pop from of repository (repo={})
2021-10-20 05:59:16,961 | 3198 | ofcapture.of_msg_repository, pop, 91 | ERROR | Failed to pop from of repository (repo={})
2021-10-20 05:59:18,938 | 3198 | ofcapture.of_msg_repository, pop, 91 | ERROR | Failed to pop from of repository (repo={})
2021-10-20 05:59:20,942 | 3198 | ofcapture.of_msg_repository, pop, 91 | ERROR | Failed to pop from of repository (repo={})
2021-10-20 05:59:23,091 | 3198 | ofcapture.of_msg_repository, pop, 91 | ERROR | Failed to pop from of repository (repo={})
2021-10-20 05:59:24,940 | 3198 | ofcapture.of_msg_repository, pop, 91 | ERROR | Failed to pop from of repository (repo={})
2021-10-20 05:59:27,175 | 3198 | ofcapture.of_msg_repository, pop, 91 | ERROR | Failed to pop from of repository (repo={})
2021-10-20 05:59:28,934 | 3198 | ofcapture.of_msg_repository, pop, 91 | ERROR | Failed to pop from of repository (repo={})
2021-10-20 05:59:30,932 | 3198 | ofcapture.of_msg_repository, pop, 91 | ERROR | Failed to pop from of repository (repo={})
2021-10-20 05:59:33,018 | 3198 | ofcapture.of_msg_repository, pop, 91 | ERROR | Failed to pop from of repository (repo={})
2021-10-20 05:59:34,933 | 3198 | ofcapture.of_msg_repository, pop, 91 | ERROR | Failed to pop from of repository (repo={})
2021-10-20 05:59:36,963 | 3198 | ofcapture.of_msg_repository, pop, 91 | ERROR | Failed to pop from of repository (repo={})
2021-10-20 05:59:38,966 | 3198 | ofcapture.of_msg_repository, pop, 91 | ERROR | Failed to pop from of repository (repo={})
2021-10-20 05:59:41,090 | 3198 | ofcapture.of_msg_repository, pop, 91 | ERROR | Failed to pop from of repository (repo={})
2021-10-20 05:59:42,967 | 3198 | ofcapture.of_msg_repository, pop, 91 | ERROR | Failed to pop from of repository (repo={})
2021-10-20 05:59:44,961 | 3198 | ofcapture.of_msg_repository, pop, 91 | ERROR | Failed to pop from of repository (repo={})
2021-10-20 05:59:46,936 | 3198 | ofcapture.of_msg_repository, pop, 91 | ERROR | Failed to pop from of repository (repo={})
2021-10-20 05:59:48,938 | 3198 | ofcapture.of_msg_repository, pop, 91 | ERROR | Failed to pop from of repository (repo={})
2021-10-20 05:59:50,938 | 3198 | ofcapture.of_msg_repository, pop, 91 | ERROR | Failed to pop from of repository (repo={})
2021-10-20 05:59:52,931 | 3198 | ofcapture.of_msg_repository, pop, 91 | ERROR | Failed to pop from of repository (repo={})
2021-10-20 05:59:54,936 | 3198 | ofcapture.of_msg_repository, pop, 91 | ERROR | Failed to pop from of repository (repo={})
2021-10-20 05:59:57,119 | 3198 | ofcapture.of_msg_repository, pop, 91 | ERROR | Failed to pop from of repository (repo={})
2021-10-20 05:59:58,942 | 3198 | ofcapture.of_msg_repository, pop, 91 | ERROR | Failed to pop from of repository (repo={})
2021-10-20 06:00:00,938 | 3198 | ofcapture.of_msg_repository, pop, 91 | ERROR | Failed to pop from of repository (repo={})
2021-10-20 06:00:04,008 | 3198 | ofcapture.of_msg_repository, pop, 91 | ERROR | Failed to pop from of repository (repo={})
2021-10-20 06:00:04,936 | 3198 | ofcapture.of_msg_repository, pop, 91 | ERROR | Failed to pop from of repository (repo={})
2021-10-20 06:00:06,937 | 3198 | ofcapture.of_msg_repository, pop, 91 | ERROR | Failed to pop from of repository (repo={})
2021-10-20 06:00:08,939 | 3198 | ofcapture.of_msg_repository, pop, 91 | ERROR | Failed to pop from of repository (repo={})
2021-10-20 06:00:11,010 | 3198 | ofcapture.of_msg_repository, pop, 91 | ERROR | Failed to pop from of repository (repo={})
2021-10-20 06:00:12,938 | 3198 | ofcapture.of_msg_repository, pop, 91 | ERROR | Failed to pop from of repository (repo={})
2021-10-20 06:00:14,940 | 3198 | ofcapture.of_msg_repository, pop, 91 | ERROR | Failed to pop from of repository (repo={})
2021-10-20 06:00:16,936 | 3198 | ofcapture.of_msg_repository, pop, 91 | ERROR | Failed to pop from of repository (repo={})
2021-10-20 06:00:18,942 | 3198 | ofcapture.of_msg_repository, pop, 91 | ERROR | Failed to pop from of repository (repo={})
2021-10-20 06:00:20,936 | 3198 | ofcapture.of_msg_repository, pop, 91 | ERROR | Failed to pop from of repository (repo={})
2021-10-20 06:00:22,935 | 3198 | ofcapture.of_msg_repository, pop, 91 | ERROR | Failed to pop from of repository (repo={})
2021-10-20 06:00:24,941 | 3198 | ofcapture.of_msg_repository, pop, 91 | ERROR | Failed to pop from of repository (repo={})
2021-10-20 06:00:26,933 | 3198 | ofcapture.of_msg_repository, pop, 91 | ERROR | Failed to pop from of repository (repo={})
2021-10-20 06:00:29,022 | 3198 | ofcapture.of_msg_repository, pop, 91 | ERROR | Failed to pop from of repository (repo={})
2021-10-20 06:00:30,941 | 3198 | ofcapture.of_msg_repository, pop, 91 | ERROR | Failed to pop from of repository (repo={})
2021-10-20 06:00:32,933 | 3198 | ofcapture.of_msg_repository, pop, 91 | ERROR | Failed to pop from of repository (repo={})
2021-10-20 06:00:35,045 | 3198 | ofcapture.of_msg_repository, pop, 91 | ERROR | Failed to pop from of repository (repo={})
2021-10-20 06:00:36,932 | 3198 | ofcapture.of_msg_repository, pop, 91 | ERROR | Failed to pop from of repository (repo={})
2021-10-20 06:00:38,938 | 3198 | ofcapture.of_msg_repository, pop, 91 | ERROR | Failed to pop from of repository (repo={})
2021-10-20 06:00:40,932 | 3198 | ofcapture.of_msg_repository, pop, 91 | ERROR | Failed to pop from of repository (repo={})
2021-10-20 06:00:42,961 | 3198 | ofcapture.of_msg_repository, pop, 91 | ERROR | Failed to pop from of repository (repo={})
2021-10-20 06:00:44,932 | 3198 | ofcapture.of_msg_repository, pop, 91 | ERROR | Failed to pop from of repository (repo={})
2021-10-20 06:00:46,939 | 3198 | ofcapture.of_msg_repository, pop, 91 | ERROR | Failed to pop from of repository (repo={})
2021-10-20 06:00:48,947 | 3198 | ofcapture.of_msg_repository, pop, 91 | ERROR | Failed to pop from of repository (repo={})
2021-10-20 06:00:50,932 | 3198 | ofcapture.of_msg_repository, pop, 91 | ERROR | Failed to pop from of repository (repo={})
2021-10-20 06:00:52,934 | 3198 | ofcapture.of_msg_repository, pop, 91 | ERROR | Failed to pop from of repository (repo={})
2021-10-20 06:00:54,937 | 3198 | ofcapture.of_msg_repository, pop, 91 | ERROR | Failed to pop from of repository (repo={})
2021-10-20 06:00:56,932 | 3198 | ofcapture.of_msg_repository, pop, 91 | ERROR | Failed to pop from of repository (repo={})
2021-10-20 06:00:59,015 | 3198 | ofcapture.of_msg_repository, pop, 91 | ERROR | Failed to pop from of repository (repo={})
2021-10-20 06:01:01,026 | 3198 | ofcapture.of_msg_repository, pop, 91 | ERROR | Failed to pop from of repository (repo={})
2021-10-20 06:01:02,932 | 3198 | ofcapture.of_msg_repository, pop, 91 | ERROR | Failed to pop from of repository (repo={})
2021-10-20 06:01:04,932 | 3198 | ofcapture.of_msg_repository, pop, 91 | ERROR | Failed to pop from of repository (repo={})
2021-10-20 06:01:06,932 | 3198 | ofcapture.of_msg_repository, pop, 91 | ERROR | Failed to pop from of repository (repo={})
2021-10-20 06:01:08,938 | 3198 | ofcapture.of_msg_repository, pop, 91 | ERROR | Failed to pop from of repository (repo={})
2021-10-20 06:01:10,931 | 3198 | ofcapture.of_msg_repository, pop, 91 | ERROR | Failed to pop from of repository (repo={})
2021-10-20 06:01:12,940 | 3198 | ofcapture.of_msg_repository, pop, 91 | ERROR | Failed to pop from of repository (repo={})
2021-10-20 06:01:14,937 | 3198 | ofcapture.of_msg_repository, pop, 91 | ERROR | Failed to pop from of repository (repo={})
2021-10-20 06:01:16,931 | 3198 | ofcapture.of_msg_repository, pop, 91 | ERROR | Failed to pop from of repository (repo={})
2021-10-20 06:01:18,932 | 3198 | ofcapture.of_msg_repository, pop, 91 | ERROR | Failed to pop from of repository (repo={})
2021-10-20 06:01:20,931 | 3198 | ofcapture.of_msg_repository, pop, 91 | ERROR | Failed to pop from of repository (repo={})
2021-10-20 06:01:22,932 | 3198 | ofcapture.of_msg_repository, pop, 91 | ERROR | Failed to pop from of repository (repo={})
2021-10-20 06:01:24,932 | 3198 | ofcapture.of_msg_repository, pop, 91 | ERROR | Failed to pop from of repository (repo={})
2021-10-20 06:01:26,935 | 3198 | ofcapture.of_msg_repository, pop, 91 | ERROR | Failed to pop from of repository (repo={})
2021-10-20 06:01:28,932 | 3198 | ofcapture.of_msg_repository, pop, 91 | ERROR | Failed to pop from of repository (repo={})
2021-10-20 06:01:30,932 | 3198 | ofcapture.of_msg_repository, pop, 91 | ERROR | Failed to pop from of repository (repo={})
2021-10-20 06:01:32,931 | 3198 | ofcapture.of_msg_repository, pop, 91 | ERROR | Failed to pop from of repository (repo={})
2021-10-20 06:01:34,931 | 3198 | ofcapture.of_msg_repository, pop, 91 | ERROR | Failed to pop from of repository (repo={})
2021-10-20 06:01:36,933 | 3198 | ofcapture.of_msg_repository, pop, 91 | ERROR | Failed to pop from of repository (repo={})
2021-10-20 06:01:38,932 | 3198 | ofcapture.of_msg_repository, pop, 91 | ERROR | Failed to pop from of repository (repo={})
2021-10-20 06:01:40,932 | 3198 | ofcapture.of_msg_repository, pop, 91 | ERROR | Failed to pop from of repository (repo={})
2021-10-20 06:01:42,931 | 3198 | ofcapture.of_msg_repository, pop, 91 | ERROR | Failed to pop from of repository (repo={})
2021-10-20 06:01:44,932 | 3198 | ofcapture.of_msg_repository, pop, 91 | ERROR | Failed to pop from of repository (repo={})
2021-10-20 06:01:46,933 | 3198 | ofcapture.of_msg_repository, pop, 91 | ERROR | Failed to pop from of repository (repo={})
2021-10-20 06:01:48,932 | 3198 | ofcapture.of_msg_repository, pop, 91 | ERROR | Failed to pop from of repository (repo={})
2021-10-20 06:01:50,936 | 3198 | ofcapture.of_msg_repository, pop, 91 | ERROR | Failed to pop from of repository (repo={})
2021-10-20 06:01:52,936 | 3198 | ofcapture.of_msg_repository, pop, 91 | ERROR | Failed to pop from of repository (repo={})
2021-10-20 06:01:54,933 | 3198 | ofcapture.of_msg_repository, pop, 91 | ERROR | Failed to pop from of repository (repo={})
2021-10-20 06:01:56,932 | 3198 | ofcapture.of_msg_repository, pop, 91 | ERROR | Failed to pop from of repository (repo={})
2021-10-20 06:01:58,932 | 3198 | ofcapture.of_msg_repository, pop, 91 | ERROR | Failed to pop from of repository (repo={})
2021-10-20 06:02:00,935 | 3198 | ofcapture.of_msg_repository, pop, 91 | ERROR | Failed to pop from of repository (repo={})
2021-10-20 06:02:02,932 | 3198 | ofcapture.of_msg_repository, pop, 91 | ERROR | Failed to pop from of repository (repo={})
2021-10-20 06:02:04,934 | 3198 | ofcapture.of_msg_repository, pop, 91 | ERROR | Failed to pop from of repository (repo={})
2021-10-20 06:02:06,933 | 3198 | ofcapture.of_msg_repository, pop, 91 | ERROR | Failed to pop from of repository (repo={})
2021-10-20 06:02:08,933 | 3198 | ofcapture.of_msg_repository, pop, 91 | ERROR | Failed to pop from of repository (repo={})
2021-10-20 06:02:10,934 | 3198 | ofcapture.of_msg_repository, pop, 91 | ERROR | Failed to pop from of repository (repo={})
2021-10-20 06:02:12,935 | 3198 | ofcapture.of_msg_repository, pop, 91 | ERROR | Failed to pop from of repository (repo={})
2021-10-20 06:02:14,937 | 3198 | ofcapture.of_msg_repository, pop, 91 | ERROR | Failed to pop from of repository (repo={})
2021-10-20 06:02:16,932 | 3198 | ofcapture.of_msg_repository, pop, 91 | ERROR | Failed to pop from of repository (repo={})
2021-10-20 06:02:18,932 | 3198 | ofcapture.of_msg_repository, pop, 91 | ERROR | Failed to pop from of repository (repo={})
2021-10-20 06:02:20,942 | 3198 | ofcapture.of_msg_repository, pop, 91 | ERROR | Failed to pop from of repository (repo={})
2021-10-20 06:02:22,934 | 3198 | ofcapture.of_msg_repository, pop, 91 | ERROR | Failed to pop from of repository (repo={})
2021-10-20 06:02:24,933 | 3198 | ofcapture.of_msg_repository, pop, 91 | ERROR | Failed to pop from of repository (repo={})
2021-10-20 06:02:26,936 | 3198 | ofcapture.of_msg_repository, pop, 91 | ERROR | Failed to pop from of repository (repo={})
2021-10-20 06:02:28,931 | 3198 | ofcapture.of_msg_repository, pop, 91 | ERROR | Failed to pop from of repository (repo={})
2021-10-20 06:02:30,931 | 3198 | ofcapture.of_msg_repository, pop, 91 | ERROR | Failed to pop from of repository (repo={})
2021-10-20 06:02:32,932 | 3198 | ofcapture.of_msg_repository, pop, 91 | ERROR | Failed to pop from of repository (repo={})
2021-10-20 06:02:34,932 | 3198 | ofcapture.of_msg_repository, pop, 91 | ERROR | Failed to pop from of repository (repo={})
2021-10-20 06:02:36,956 | 3198 | ofcapture.of_msg_repository, pop, 91 | ERROR | Failed to pop from of repository (repo={})
2021-10-20 06:02:38,933 | 3198 | ofcapture.of_msg_repository, pop, 91 | ERROR | Failed to pop from of repository (repo={})
2021-10-20 06:02:40,944 | 3198 | ofcapture.of_msg_repository, pop, 91 | ERROR | Failed to pop from of repository (repo={})
2021-10-20 06:02:42,932 | 3198 | ofcapture.of_msg_repository, pop, 91 | ERROR | Failed to pop from of repository (repo={})
2021-10-20 06:02:44,937 | 3198 | ofcapture.of_msg_repository, pop, 91 | ERROR | Failed to pop from of repository (repo={})
2021-10-20 06:02:46,932 | 3198 | ofcapture.of_msg_repository, pop, 91 | ERROR | Failed to pop from of repository (repo={})
2021-10-20 06:02:48,932 | 3198 | ofcapture.of_msg_repository, pop, 91 | ERROR | Failed to pop from of repository (repo={})
2021-10-20 06:02:50,939 | 3198 | ofcapture.of_msg_repository, pop, 91 | ERROR | Failed to pop from of repository (repo={})
2021-10-20 06:02:52,931 | 3198 | ofcapture.of_msg_repository, pop, 91 | ERROR | Failed to pop from of repository (repo={})
2021-10-20 06:02:54,931 | 3198 | ofcapture.of_msg_repository, pop, 91 | ERROR | Failed to pop from of repository (repo={})
2021-10-20 06:02:56,934 | 3198 | ofcapture.of_msg_repository, pop, 91 | ERROR | Failed to pop from of repository (repo={})
2021-10-20 06:02:58,931 | 3198 | ofcapture.of_msg_repository, pop, 91 | ERROR | Failed to pop from of repository (repo={})
2021-10-20 06:03:00,932 | 3198 | ofcapture.of_msg_repository, pop, 91 | ERROR | Failed to pop from of repository (repo={})
2021-10-20 06:03:02,931 | 3198 | ofcapture.of_msg_repository, pop, 91 | ERROR | Failed to pop from of repository (repo={})
2021-10-20 06:03:04,933 | 3198 | ofcapture.of_msg_repository, pop, 91 | ERROR | Failed to pop from of repository (repo={})
2021-10-20 06:03:06,932 | 3198 | ofcapture.of_msg_repository, pop, 91 | ERROR | Failed to pop from of repository (repo={})
2021-10-20 06:03:08,933 | 3198 | ofcapture.of_msg_repository, pop, 91 | ERROR | Failed to pop from of repository (repo={})
2021-10-20 06:03:10,932 | 3198 | ofcapture.of_msg_repository, pop, 91 | ERROR | Failed to pop from of repository (repo={})
2021-10-20 06:03:12,931 | 3198 | ofcapture.of_msg_repository, pop, 91 | ERROR | Failed to pop from of repository (repo={})
2021-10-20 06:03:14,938 | 3198 | ofcapture.of_msg_repository, pop, 91 | ERROR | Failed to pop from of repository (repo={})
2021-10-20 06:03:16,935 | 3198 | ofcapture.of_msg_repository, pop, 91 | ERROR | Failed to pop from of repository (repo={})
2021-10-20 06:03:18,938 | 3198 | ofcapture.of_msg_repository, pop, 91 | ERROR | Failed to pop from of repository (repo={})
2021-10-20 06:03:20,932 | 3198 | ofcapture.of_msg_repository, pop, 91 | ERROR | Failed to pop from of repository (repo={})
2021-10-20 06:03:22,936 | 3198 | ofcapture.of_msg_repository, pop, 91 | ERROR | Failed to pop from of repository (repo={})
2021-10-20 06:03:24,934 | 3198 | ofcapture.of_msg_repository, pop, 91 | ERROR | Failed to pop from of repository (repo={})
2021-10-20 06:03:26,932 | 3198 | ofcapture.of_msg_repository, pop, 91 | ERROR | Failed to pop from of repository (repo={})
2021-10-20 06:03:28,940 | 3198 | ofcapture.of_msg_repository, pop, 91 | ERROR | Failed to pop from of repository (repo={})
2021-10-20 06:03:30,938 | 3198 | ofcapture.of_msg_repository, pop, 91 | ERROR | Failed to pop from of repository (repo={})
2021-10-20 06:03:32,938 | 3198 | ofcapture.of_msg_repository, pop, 91 | ERROR | Failed to pop from of repository (repo={})
2021-10-20 06:03:34,937 | 3198 | ofcapture.of_msg_repository, pop, 91 | ERROR | Failed to pop from of repository (repo={})
2021-10-20 06:03:36,941 | 3198 | ofcapture.of_msg_repository, pop, 91 | ERROR | Failed to pop from of repository (repo={})
2021-10-20 06:03:38,947 | 3198 | ofcapture.of_msg_repository, pop, 91 | ERROR | Failed to pop from of repository (repo={})
2021-10-20 06:03:40,933 | 3198 | ofcapture.of_msg_repository, pop, 91 | ERROR | Failed to pop from of repository (repo={})
2021-10-20 06:03:42,932 | 3198 | ofcapture.of_msg_repository, pop, 91 | ERROR | Failed to pop from of repository (repo={})
2021-10-20 06:03:44,932 | 3198 | ofcapture.of_msg_repository, pop, 91 | ERROR | Failed to pop from of repository (repo={})
2021-10-20 06:03:46,932 | 3198 | ofcapture.of_msg_repository, pop, 91 | ERROR | Failed to pop from of repository (repo={})
2021-10-20 06:03:48,932 | 3198 | ofcapture.of_msg_repository, pop, 91 | ERROR | Failed to pop from of repository (repo={})
2021-10-20 06:03:50,932 | 3198 | ofcapture.of_msg_repository, pop, 91 | ERROR | Failed to pop from of repository (repo={})
2021-10-20 06:03:52,932 | 3198 | ofcapture.of_msg_repository, pop, 91 | ERROR | Failed to pop from of repository (repo={})
2021-10-20 06:03:54,931 | 3198 | ofcapture.of_msg_repository, pop, 91 | ERROR | Failed to pop from of repository (repo={})
2021-10-20 06:03:56,932 | 3198 | ofcapture.of_msg_repository, pop, 91 | ERROR | Failed to pop from of repository (repo={})
2021-10-20 06:03:58,941 | 3198 | ofcapture.of_msg_repository, pop, 91 | ERROR | Failed to pop from of repository (repo={})
2021-10-20 06:04:00,932 | 3198 | ofcapture.of_msg_repository, pop, 91 | ERROR | Failed to pop from of repository (repo={})
2021-10-20 06:04:02,934 | 3198 | ofcapture.of_msg_repository, pop, 91 | ERROR | Failed to pop from of repository (repo={})
2021-10-20 06:04:04,938 | 3198 | ofcapture.of_msg_repository, pop, 91 | ERROR | Failed to pop from of repository (repo={})
2021-10-20 06:04:06,936 | 3198 | ofcapture.of_msg_repository, pop, 91 | ERROR | Failed to pop from of repository (repo={})
2021-10-20 06:04:08,936 | 3198 | ofcapture.of_msg_repository, pop, 91 | ERROR | Failed to pop from of repository (repo={})
2021-10-20 06:04:10,933 | 3198 | ofcapture.of_msg_repository, pop, 91 | ERROR | Failed to pop from of repository (repo={})
2021-10-20 06:04:12,935 | 3198 | ofcapture.of_msg_repository, pop, 91 | ERROR | Failed to pop from of repository (repo={})
2021-10-20 06:04:14,931 | 3198 | ofcapture.of_msg_repository, pop, 91 | ERROR | Failed to pop from of repository (repo={})
2021-10-20 06:04:16,931 | 3198 | ofcapture.of_msg_repository, pop, 91 | ERROR | Failed to pop from of repository (repo={})
2021-10-20 06:04:18,932 | 3198 | ofcapture.of_msg_repository, pop, 91 | ERROR | Failed to pop from of repository (repo={})
2021-10-20 06:04:20,932 | 3198 | ofcapture.of_msg_repository, pop, 91 | ERROR | Failed to pop from of repository (repo={})
2021-10-20 06:04:22,936 | 3198 | ofcapture.of_msg_repository, pop, 91 | ERROR | Failed to pop from of repository (repo={})
2021-10-20 06:04:24,931 | 3198 | ofcapture.of_msg_repository, pop, 91 | ERROR | Failed to pop from of repository (repo={})
2021-10-20 06:04:26,935 | 3198 | ofcapture.of_msg_repository, pop, 91 | ERROR | Failed to pop from of repository (repo={})
2021-10-20 06:04:28,938 | 3198 | ofcapture.of_msg_repository, pop, 91 | ERROR | Failed to pop from of repository (repo={})
2021-10-20 06:04:30,938 | 3198 | ofcapture.of_msg_repository, pop, 91 | ERROR | Failed to pop from of repository (repo={})
2021-10-20 06:04:32,933 | 3198 | ofcapture.of_msg_repository, pop, 91 | ERROR | Failed to pop from of repository (repo={})
2021-10-20 06:04:34,932 | 3198 | ofcapture.of_msg_repository, pop, 91 | ERROR | Failed to pop from of repository (repo={})
2021-10-20 06:04:36,935 | 3198 | ofcapture.of_msg_repository, pop, 91 | ERROR | Failed to pop from of repository (repo={})
2021-10-20 06:04:38,936 | 3198 | ofcapture.of_msg_repository, pop, 91 | ERROR | Failed to pop from of repository (repo={})
2021-10-20 06:04:40,933 | 3198 | ofcapture.of_msg_repository, pop, 91 | ERROR | Failed to pop from of repository (repo={})
2021-10-20 06:04:42,931 | 3198 | ofcapture.of_msg_repository, pop, 91 | ERROR | Failed to pop from of repository (repo={})
2021-10-20 06:04:44,931 | 3198 | ofcapture.of_msg_repository, pop, 91 | ERROR | Failed to pop from of repository (repo={})
2021-10-20 06:04:46,936 | 3198 | ofcapture.of_msg_repository, pop, 91 | ERROR | Failed to pop from of repository (repo={})
2021-10-20 06:04:48,933 | 3198 | ofcapture.of_msg_repository, pop, 91 | ERROR | Failed to pop from of repository (repo={})
2021-10-20 06:04:50,931 | 3198 | ofcapture.of_msg_repository, pop, 91 | ERROR | Failed to pop from of repository (repo={})
2021-10-20 06:04:52,934 | 3198 | ofcapture.of_msg_repository, pop, 91 | ERROR | Failed to pop from of repository (repo={})
2021-10-20 06:04:54,936 | 3198 | ofcapture.of_msg_repository, pop, 91 | ERROR | Failed to pop from of repository (repo={})
2021-10-20 06:04:56,931 | 3198 | ofcapture.of_msg_repository, pop, 91 | ERROR | Failed to pop from of repository (repo={})
2021-10-20 06:04:58,932 | 3198 | ofcapture.of_msg_repository, pop, 91 | ERROR | Failed to pop from of repository (repo={})
2021-10-20 06:05:00,931 | 3198 | ofcapture.of_msg_repository, pop, 91 | ERROR | Failed to pop from of repository (repo={})
2021-10-20 06:05:02,942 | 3198 | ofcapture.of_msg_repository, pop, 91 | ERROR | Failed to pop from of repository (repo={})
2021-10-20 06:05:04,932 | 3198 | ofcapture.of_msg_repository, pop, 91 | ERROR | Failed to pop from of repository (repo={})
2021-10-20 06:05:06,932 | 3198 | ofcapture.of_msg_repository, pop, 91 | ERROR | Failed to pop from of repository (repo={})
2021-10-20 06:05:08,932 | 3198 | ofcapture.of_msg_repository, pop, 91 | ERROR | Failed to pop from of repository (repo={})
2021-10-20 06:05:10,931 | 3198 | ofcapture.of_msg_repository, pop, 91 | ERROR | Failed to pop from of repository (repo={})
2021-10-20 06:05:12,931 | 3198 | ofcapture.of_msg_repository, pop, 91 | ERROR | Failed to pop from of repository (repo={})
2021-10-20 06:05:14,932 | 3198 | ofcapture.of_msg_repository, pop, 91 | ERROR | Failed to pop from of repository (repo={})
2021-10-20 06:05:16,935 | 3198 | ofcapture.of_msg_repository, pop, 91 | ERROR | Failed to pop from of repository (repo={})
2021-10-20 06:05:18,932 | 3198 | ofcapture.of_msg_repository, pop, 91 | ERROR | Failed to pop from of repository (repo={})
2021-10-20 06:05:20,931 | 3198 | ofcapture.of_msg_repository, pop, 91 | ERROR | Failed to pop from of repository (repo={})
2021-10-20 06:05:22,931 | 3198 | ofcapture.of_msg_repository, pop, 91 | ERROR | Failed to pop from of repository (repo={})
2021-10-20 06:05:24,931 | 3198 | ofcapture.of_msg_repository, pop, 91 | ERROR | Failed to pop from of repository (repo={})
2021-10-20 06:05:26,931 | 3198 | ofcapture.of_msg_repository, pop, 91 | ERROR | Failed to pop from of repository (repo={})
2021-10-20 06:05:28,932 | 3198 | ofcapture.of_msg_repository, pop, 91 | ERROR | Failed to pop from of repository (repo={})
2021-10-20 06:05:30,933 | 3198 | ofcapture.of_msg_repository, pop, 91 | ERROR | Failed to pop from of repository (repo={})
2021-10-20 06:05:32,937 | 3198 | ofcapture.of_msg_repository, pop, 91 | ERROR | Failed to pop from of repository (repo={})
2021-10-20 06:05:34,931 | 3198 | ofcapture.of_msg_repository, pop, 91 | ERROR | Failed to pop from of repository (repo={})
2021-10-20 06:05:36,938 | 3198 | ofcapture.of_msg_repository, pop, 91 | ERROR | Failed to pop from of repository (repo={})
2021-10-20 06:05:38,931 | 3198 | ofcapture.of_msg_repository, pop, 91 | ERROR | Failed to pop from of repository (repo={})
2021-10-20 06:05:40,931 | 3198 | ofcapture.of_msg_repository, pop, 91 | ERROR | Failed to pop from of repository (repo={})
2021-10-20 06:05:42,932 | 3198 | ofcapture.of_msg_repository, pop, 91 | ERROR | Failed to pop from of repository (repo={})
2021-10-20 06:05:44,931 | 3198 | ofcapture.of_msg_repository, pop, 91 | ERROR | Failed to pop from of repository (repo={})
2021-10-20 06:05:46,935 | 3198 | ofcapture.of_msg_repository, pop, 91 | ERROR | Failed to pop from of repository (repo={})
2021-10-20 06:05:48,932 | 3198 | ofcapture.of_msg_repository, pop, 91 | ERROR | Failed to pop from of repository (repo={})
2021-10-20 06:05:50,937 | 3198 | ofcapture.of_msg_repository, pop, 91 | ERROR | Failed to pop from of repository (repo={})
2021-10-20 06:05:52,935 | 3198 | ofcapture.of_msg_repository, pop, 91 | ERROR | Failed to pop from of repository (repo={})
2021-10-20 06:05:54,932 | 3198 | ofcapture.of_msg_repository, pop, 91 | ERROR | Failed to pop from of repository (repo={})
2021-10-20 06:05:56,931 | 3198 | ofcapture.of_msg_repository, pop, 91 | ERROR | Failed to pop from of repository (repo={})
2021-10-20 06:05:58,932 | 3198 | ofcapture.of_msg_repository, pop, 91 | ERROR | Failed to pop from of repository (repo={})
2021-10-20 06:06:00,932 | 3198 | ofcapture.of_msg_repository, pop, 91 | ERROR | Failed to pop from of repository (repo={})
2021-10-20 06:06:02,934 | 3198 | ofcapture.of_msg_repository, pop, 91 | ERROR | Failed to pop from of repository (repo={})
2021-10-20 06:06:04,931 | 3198 | ofcapture.of_msg_repository, pop, 91 | ERROR | Failed to pop from of repository (repo={})
2021-10-20 06:06:06,933 | 3198 | ofcapture.of_msg_repository, pop, 91 | ERROR | Failed to pop from of repository (repo={})
2021-10-20 06:06:08,933 | 3198 | ofcapture.of_msg_repository, pop, 91 | ERROR | Failed to pop from of repository (repo={})
2021-10-20 06:06:10,939 | 3198 | ofcapture.of_msg_repository, pop, 91 | ERROR | Failed to pop from of repository (repo={})
2021-10-20 06:06:12,932 | 3198 | ofcapture.of_msg_repository, pop, 91 | ERROR | Failed to pop from of repository (repo={})
2021-10-20 06:06:14,942 | 3198 | ofcapture.of_msg_repository, pop, 91 | ERROR | Failed to pop from of repository (repo={})
2021-10-20 06:06:16,935 | 3198 | ofcapture.of_msg_repository, pop, 91 | ERROR | Failed to pop from of repository (repo={})
2021-10-20 06:06:18,932 | 3198 | ofcapture.of_msg_repository, pop, 91 | ERROR | Failed to pop from of repository (repo={})
2021-10-20 06:06:20,932 | 3198 | ofcapture.of_msg_repository, pop, 91 | ERROR | Failed to pop from of repository (repo={})
2021-10-20 06:06:22,932 | 3198 | ofcapture.of_msg_repository, pop, 91 | ERROR | Failed to pop from of repository (repo={})
2021-10-20 06:06:24,932 | 3198 | ofcapture.of_msg_repository, pop, 91 | ERROR | Failed to pop from of repository (repo={})
2021-10-20 06:06:26,937 | 3198 | ofcapture.of_msg_repository, pop, 91 | ERROR | Failed to pop from of repository (repo={})
2021-10-20 06:06:28,932 | 3198 | ofcapture.of_msg_repository, pop, 91 | ERROR | Failed to pop from of repository (repo={})
2021-10-20 06:06:30,932 | 3198 | ofcapture.of_msg_repository, pop, 91 | ERROR | Failed to pop from of repository (repo={})
2021-10-20 06:06:32,939 | 3198 | ofcapture.of_msg_repository, pop, 91 | ERROR | Failed to pop from of repository (repo={})
2021-10-20 06:06:34,948 | 3198 | ofcapture.of_msg_repository, pop, 91 | ERROR | Failed to pop from of repository (repo={})
2021-10-20 06:06:36,932 | 3198 | ofcapture.of_msg_repository, pop, 91 | ERROR | Failed to pop from of repository (repo={})
2021-10-20 06:06:38,938 | 3198 | ofcapture.of_msg_repository, pop, 91 | ERROR | Failed to pop from of repository (repo={})
2021-10-20 06:06:40,936 | 3198 | ofcapture.of_msg_repository, pop, 91 | ERROR | Failed to pop from of repository (repo={})
2021-10-20 06:06:42,932 | 3198 | ofcapture.of_msg_repository, pop, 91 | ERROR | Failed to pop from of repository (repo={})
2021-10-20 06:06:44,932 | 3198 | ofcapture.of_msg_repository, pop, 91 | ERROR | Failed to pop from of repository (repo={})
2021-10-20 06:06:46,932 | 3198 | ofcapture.of_msg_repository, pop, 91 | ERROR | Failed to pop from of repository (repo={})
2021-10-20 06:06:48,951 | 3198 | ofcapture.of_msg_repository, pop, 91 | ERROR | Failed to pop from of repository (repo={})
2021-10-20 06:06:50,936 | 3198 | ofcapture.of_msg_repository, pop, 91 | ERROR | Failed to pop from of repository (repo={})
2021-10-20 06:06:52,937 | 3198 | ofcapture.of_msg_repository, pop, 91 | ERROR | Failed to pop from of repository (repo={})
2021-10-20 06:06:54,932 | 3198 | ofcapture.of_msg_repository, pop, 91 | ERROR | Failed to pop from of repository (repo={})
2021-10-20 06:06:56,941 | 3198 | ofcapture.of_msg_repository, pop, 91 | ERROR | Failed to pop from of repository (repo={})
2021-10-20 06:06:58,938 | 3198 | ofcapture.of_msg_repository, pop, 91 | ERROR | Failed to pop from of repository (repo={})
2021-10-20 06:07:00,933 | 3198 | ofcapture.of_msg_repository, pop, 91 | ERROR | Failed to pop from of repository (repo={})
2021-10-20 06:07:02,936 | 3198 | ofcapture.of_msg_repository, pop, 91 | ERROR | Failed to pop from of repository (repo={})
2021-10-20 06:07:05,208 | 3198 | ofcapture.of_msg_repository, pop, 91 | ERROR | Failed to pop from of repository (repo={})
2021-10-20 06:07:07,033 | 3198 | ofcapture.of_msg_repository, pop, 91 | ERROR | Failed to pop from of repository (repo={})
2021-10-20 06:07:08,939 | 3198 | ofcapture.of_msg_repository, pop, 91 | ERROR | Failed to pop from of repository (repo={})
2021-10-20 06:07:10,935 | 3198 | ofcapture.of_msg_repository, pop, 91 | ERROR | Failed to pop from of repository (repo={})
2021-10-20 06:07:12,937 | 3198 | ofcapture.of_msg_repository, pop, 91 | ERROR | Failed to pop from of repository (repo={})
2021-10-20 06:07:14,957 | 3198 | ofcapture.of_msg_repository, pop, 91 | ERROR | Failed to pop from of repository (repo={})
2021-10-20 06:07:16,932 | 3198 | ofcapture.of_msg_repository, pop, 91 | ERROR | Failed to pop from of repository (repo={})
2021-10-20 06:07:18,956 | 3198 | ofcapture.of_msg_repository, pop, 91 | ERROR | Failed to pop from of repository (repo={})
2021-10-20 06:07:20,940 | 3198 | ofcapture.of_msg_repository, pop, 91 | ERROR | Failed to pop from of repository (repo={})
2021-10-20 06:07:22,945 | 3198 | ofcapture.of_msg_repository, pop, 91 | ERROR | Failed to pop from of repository (repo={})
2021-10-20 06:07:24,936 | 3198 | ofcapture.of_msg_repository, pop, 91 | ERROR | Failed to pop from of repository (repo={})
2021-10-20 06:07:26,950 | 3198 | ofcapture.of_msg_repository, pop, 91 | ERROR | Failed to pop from of repository (repo={})
2021-10-20 06:07:28,942 | 3198 | ofcapture.of_msg_repository, pop, 91 | ERROR | Failed to pop from of repository (repo={})
2021-10-20 06:07:30,979 | 3198 | ofcapture.of_msg_repository, pop, 91 | ERROR | Failed to pop from of repository (repo={})
2021-10-20 06:07:32,939 | 3198 | ofcapture.of_msg_repository, pop, 91 | ERROR | Failed to pop from of repository (repo={})
2021-10-20 06:07:34,937 | 3198 | ofcapture.of_msg_repository, pop, 91 | ERROR | Failed to pop from of repository (repo={})
2021-10-20 06:07:36,936 | 3198 | ofcapture.of_msg_repository, pop, 91 | ERROR | Failed to pop from of repository (repo={})
2021-10-20 06:07:38,933 | 3198 | ofcapture.of_msg_repository, pop, 91 | ERROR | Failed to pop from of repository (repo={})
2021-10-20 06:07:40,933 | 3198 | ofcapture.of_msg_repository, pop, 91 | ERROR | Failed to pop from of repository (repo={})
2021-10-20 06:07:42,932 | 3198 | ofcapture.of_msg_repository, pop, 91 | ERROR | Failed to pop from of repository (repo={})
2021-10-20 06:07:44,936 | 3198 | ofcapture.of_msg_repository, pop, 91 | ERROR | Failed to pop from of repository (repo={})
2021-10-20 06:07:46,946 | 3198 | ofcapture.of_msg_repository, pop, 91 | ERROR | Failed to pop from of repository (repo={})
2021-10-20 06:07:48,941 | 3198 | ofcapture.of_msg_repository, pop, 91 | ERROR | Failed to pop from of repository (repo={})
2021-10-20 06:07:50,944 | 3198 | ofcapture.of_msg_repository, pop, 91 | ERROR | Failed to pop from of repository (repo={})
2021-10-20 06:07:52,930 | 3198 | ofcapture.of_msg_repository, pop, 91 | ERROR | Failed to pop from of repository (repo={})
2021-10-20 06:07:54,935 | 3198 | ofcapture.of_msg_repository, pop, 91 | ERROR | Failed to pop from of repository (repo={})
2021-10-20 06:07:56,933 | 3198 | ofcapture.of_msg_repository, pop, 91 | ERROR | Failed to pop from of repository (repo={})
2021-10-20 06:07:58,930 | 3198 | ofcapture.of_msg_repository, pop, 91 | ERROR | Failed to pop from of repository (repo={})
2021-10-20 06:08:00,937 | 3198 | ofcapture.of_msg_repository, pop, 91 | ERROR | Failed to pop from of repository (repo={})
2021-10-20 06:08:02,931 | 3198 | ofcapture.of_msg_repository, pop, 91 | ERROR | Failed to pop from of repository (repo={})
2021-10-20 06:08:04,931 | 3198 | ofcapture.of_msg_repository, pop, 91 | ERROR | Failed to pop from of repository (repo={})
2021-10-20 06:08:06,930 | 3198 | ofcapture.of_msg_repository, pop, 91 | ERROR | Failed to pop from of repository (repo={})
2021-10-20 06:08:08,931 | 3198 | ofcapture.of_msg_repository, pop, 91 | ERROR | Failed to pop from of repository (repo={})
2021-10-20 06:08:10,930 | 3198 | ofcapture.of_msg_repository, pop, 91 | ERROR | Failed to pop from of repository (repo={})
2021-10-20 06:08:12,930 | 3198 | ofcapture.of_msg_repository, pop, 91 | ERROR | Failed to pop from of repository (repo={})
2021-10-20 06:08:14,932 | 3198 | ofcapture.of_msg_repository, pop, 91 | ERROR | Failed to pop from of repository (repo={})
2021-10-20 06:08:16,930 | 3198 | ofcapture.of_msg_repository, pop, 91 | ERROR | Failed to pop from of repository (repo={})
2021-10-20 06:08:18,949 | 3198 | ofcapture.of_msg_repository, pop, 91 | ERROR | Failed to pop from of repository (repo={})
2021-10-20 06:08:20,931 | 3198 | ofcapture.of_msg_repository, pop, 91 | ERROR | Failed to pop from of repository (repo={})
2021-10-20 06:08:22,930 | 3198 | ofcapture.of_msg_repository, pop, 91 | ERROR | Failed to pop from of repository (repo={})
2021-10-20 06:08:24,930 | 3198 | ofcapture.of_msg_repository, pop, 91 | ERROR | Failed to pop from of repository (repo={})
2021-10-20 06:08:26,930 | 3198 | ofcapture.of_msg_repository, pop, 91 | ERROR | Failed to pop from of repository (repo={})
2021-10-20 06:08:28,938 | 3198 | ofcapture.of_msg_repository, pop, 91 | ERROR | Failed to pop from of repository (repo={})
2021-10-20 06:08:30,949 | 3198 | ofcapture.of_msg_repository, pop, 91 | ERROR | Failed to pop from of repository (repo={})
2021-10-20 06:08:32,945 | 3198 | ofcapture.of_msg_repository, pop, 91 | ERROR | Failed to pop from of repository (repo={})
2021-10-20 06:08:34,964 | 3198 | ofcapture.of_msg_repository, pop, 91 | ERROR | Failed to pop from of repository (repo={})
2021-10-20 06:08:36,954 | 3198 | ofcapture.of_msg_repository, pop, 91 | ERROR | Failed to pop from of repository (repo={})
2021-10-20 06:08:38,930 | 3198 | ofcapture.of_msg_repository, pop, 91 | ERROR | Failed to pop from of repository (repo={})
2021-10-20 06:08:40,931 | 3198 | ofcapture.of_msg_repository, pop, 91 | ERROR | Failed to pop from of repository (repo={})
2021-10-20 06:08:42,930 | 3198 | ofcapture.of_msg_repository, pop, 91 | ERROR | Failed to pop from of repository (repo={})
2021-10-20 06:08:44,930 | 3198 | ofcapture.of_msg_repository, pop, 91 | ERROR | Failed to pop from of repository (repo={})
2021-10-20 06:08:46,931 | 3198 | ofcapture.of_msg_repository, pop, 91 | ERROR | Failed to pop from of repository (repo={})
2021-10-20 06:08:48,938 | 3198 | ofcapture.of_msg_repository, pop, 91 | ERROR | Failed to pop from of repository (repo={})
2021-10-20 06:08:50,930 | 3198 | ofcapture.of_msg_repository, pop, 91 | ERROR | Failed to pop from of repository (repo={})
2021-10-20 06:08:52,931 | 3198 | ofcapture.of_msg_repository, pop, 91 | ERROR | Failed to pop from of repository (repo={})
2021-10-20 06:08:54,930 | 3198 | ofcapture.of_msg_repository, pop, 91 | ERROR | Failed to pop from of repository (repo={})
2021-10-20 06:08:56,930 | 3198 | ofcapture.of_msg_repository, pop, 91 | ERROR | Failed to pop from of repository (repo={})
2021-10-20 06:08:59,050 | 3198 | ofcapture.of_msg_repository, pop, 91 | ERROR | Failed to pop from of repository (repo={})
2021-10-20 06:09:00,942 | 3198 | ofcapture.of_msg_repository, pop, 91 | ERROR | Failed to pop from of repository (repo={})
2021-10-20 06:09:02,930 | 3198 | ofcapture.of_msg_repository, pop, 91 | ERROR | Failed to pop from of repository (repo={})
2021-10-20 06:09:04,930 | 3198 | ofcapture.of_msg_repository, pop, 91 | ERROR | Failed to pop from of repository (repo={})
2021-10-20 06:09:06,930 | 3198 | ofcapture.of_msg_repository, pop, 91 | ERROR | Failed to pop from of repository (repo={})
2021-10-20 06:09:08,930 | 3198 | ofcapture.of_msg_repository, pop, 91 | ERROR | Failed to pop from of repository (repo={})
2021-10-20 06:09:10,931 | 3198 | ofcapture.of_msg_repository, pop, 91 | ERROR | Failed to pop from of repository (repo={})
2021-10-20 06:09:12,930 | 3198 | ofcapture.of_msg_repository, pop, 91 | ERROR | Failed to pop from of repository (repo={})
2021-10-20 06:09:14,930 | 3198 | ofcapture.of_msg_repository, pop, 91 | ERROR | Failed to pop from of repository (repo={})
2021-10-20 06:09:16,940 | 3198 | ofcapture.of_msg_repository, pop, 91 | ERROR | Failed to pop from of repository (repo={})
2021-10-20 06:09:18,936 | 3198 | ofcapture.of_msg_repository, pop, 91 | ERROR | Failed to pop from of repository (repo={})
2021-10-20 06:09:20,930 | 3198 | ofcapture.of_msg_repository, pop, 91 | ERROR | Failed to pop from of repository (repo={})
2021-10-20 06:09:22,930 | 3198 | ofcapture.of_msg_repository, pop, 91 | ERROR | Failed to pop from of repository (repo={})
2021-10-20 06:09:24,930 | 3198 | ofcapture.of_msg_repository, pop, 91 | ERROR | Failed to pop from of repository (repo={})
2021-10-20 06:09:26,931 | 3198 | ofcapture.of_msg_repository, pop, 91 | ERROR | Failed to pop from of repository (repo={})
2021-10-20 06:09:28,931 | 3198 | ofcapture.of_msg_repository, pop, 91 | ERROR | Failed to pop from of repository (repo={})
2021-10-20 06:09:30,930 | 3198 | ofcapture.of_msg_repository, pop, 91 | ERROR | Failed to pop from of repository (repo={})
2021-10-20 06:09:32,930 | 3198 | ofcapture.of_msg_repository, pop, 91 | ERROR | Failed to pop from of repository (repo={})
2021-10-20 06:09:34,930 | 3198 | ofcapture.of_msg_repository, pop, 91 | ERROR | Failed to pop from of repository (repo={})
2021-10-20 06:09:36,930 | 3198 | ofcapture.of_msg_repository, pop, 91 | ERROR | Failed to pop from of repository (repo={})
2021-10-20 06:09:38,944 | 3198 | ofcapture.of_msg_repository, pop, 91 | ERROR | Failed to pop from of repository (repo={})
2021-10-20 06:09:40,930 | 3198 | ofcapture.of_msg_repository, pop, 91 | ERROR | Failed to pop from of repository (repo={})
2021-10-20 06:09:42,930 | 3198 | ofcapture.of_msg_repository, pop, 91 | ERROR | Failed to pop from of repository (repo={})
2021-10-20 06:09:44,931 | 3198 | ofcapture.of_msg_repository, pop, 91 | ERROR | Failed to pop from of repository (repo={})
2021-10-20 06:09:46,930 | 3198 | ofcapture.of_msg_repository, pop, 91 | ERROR | Failed to pop from of repository (repo={})
2021-10-20 06:09:48,930 | 3198 | ofcapture.of_msg_repository, pop, 91 | ERROR | Failed to pop from of repository (repo={})
2021-10-20 06:09:50,930 | 3198 | ofcapture.of_msg_repository, pop, 91 | ERROR | Failed to pop from of repository (repo={})
2021-10-20 06:09:52,930 | 3198 | ofcapture.of_msg_repository, pop, 91 | ERROR | Failed to pop from of repository (repo={})
2021-10-20 06:09:54,930 | 3198 | ofcapture.of_msg_repository, pop, 91 | ERROR | Failed to pop from of repository (repo={})
2021-10-20 06:09:56,934 | 3198 | ofcapture.of_msg_repository, pop, 91 | ERROR | Failed to pop from of repository (repo={})
2021-10-20 06:09:58,930 | 3198 | ofcapture.of_msg_repository, pop, 91 | ERROR | Failed to pop from of repository (repo={})
2021-10-20 06:10:00,930 | 3198 | ofcapture.of_msg_repository, pop, 91 | ERROR | Failed to pop from of repository (repo={})
2021-10-20 06:10:02,934 | 3198 | ofcapture.of_msg_repository, pop, 91 | ERROR | Failed to pop from of repository (repo={})
2021-10-20 06:10:04,930 | 3198 | ofcapture.of_msg_repository, pop, 91 | ERROR | Failed to pop from of repository (repo={})
2021-10-20 06:10:06,931 | 3198 | ofcapture.of_msg_repository, pop, 91 | ERROR | Failed to pop from of repository (repo={})
2021-10-20 06:10:08,930 | 3198 | ofcapture.of_msg_repository, pop, 91 | ERROR | Failed to pop from of repository (repo={})
2021-10-20 06:10:10,931 | 3198 | ofcapture.of_msg_repository, pop, 91 | ERROR | Failed to pop from of repository (repo={})
2021-10-20 06:10:12,930 | 3198 | ofcapture.of_msg_repository, pop, 91 | ERROR | Failed to pop from of repository (repo={})
2021-10-20 06:10:14,930 | 3198 | ofcapture.of_msg_repository, pop, 91 | ERROR | Failed to pop from of repository (repo={})
2021-10-20 06:10:16,930 | 3198 | ofcapture.of_msg_repository, pop, 91 | ERROR | Failed to pop from of repository (repo={})
2021-10-20 06:10:18,930 | 3198 | ofcapture.of_msg_repository, pop, 91 | ERROR | Failed to pop from of repository (repo={})
2021-10-20 06:10:20,932 | 3198 | ofcapture.of_msg_repository, pop, 91 | ERROR | Failed to pop from of repository (repo={})
2021-10-20 06:10:22,930 | 3198 | ofcapture.of_msg_repository, pop, 91 | ERROR | Failed to pop from of repository (repo={})
2021-10-20 06:10:24,932 | 3198 | ofcapture.of_msg_repository, pop, 91 | ERROR | Failed to pop from of repository (repo={})
2021-10-20 06:10:26,936 | 3198 | ofcapture.of_msg_repository, pop, 91 | ERROR | Failed to pop from of repository (repo={})
2021-10-20 06:10:28,930 | 3198 | ofcapture.of_msg_repository, pop, 91 | ERROR | Failed to pop from of repository (repo={})
2021-10-20 06:10:30,930 | 3198 | ofcapture.of_msg_repository, pop, 91 | ERROR | Failed to pop from of repository (repo={})
2021-10-20 06:10:32,931 | 3198 | ofcapture.of_msg_repository, pop, 91 | ERROR | Failed to pop from of repository (repo={})
2021-10-20 06:10:34,930 | 3198 | ofcapture.of_msg_repository, pop, 91 | ERROR | Failed to pop from of repository (repo={})
2021-10-20 06:10:36,930 | 3198 | ofcapture.of_msg_repository, pop, 91 | ERROR | Failed to pop from of repository (repo={})
2021-10-20 06:10:38,931 | 3198 | ofcapture.of_msg_repository, pop, 91 | ERROR | Failed to pop from of repository (repo={})
2021-10-20 06:10:40,931 | 3198 | ofcapture.of_msg_repository, pop, 91 | ERROR | Failed to pop from of repository (repo={})
2021-10-20 06:10:42,930 | 3198 | ofcapture.of_msg_repository, pop, 91 | ERROR | Failed to pop from of repository (repo={})
2021-10-20 06:10:44,930 | 3198 | ofcapture.of_msg_repository, pop, 91 | ERROR | Failed to pop from of repository (repo={})
2021-10-20 06:10:46,930 | 3198 | ofcapture.of_msg_repository, pop, 91 | ERROR | Failed to pop from of repository (repo={})
2021-10-20 06:10:48,931 | 3198 | ofcapture.of_msg_repository, pop, 91 | ERROR | Failed to pop from of repository (repo={})
2021-10-20 06:10:50,930 | 3198 | ofcapture.of_msg_repository, pop, 91 | ERROR | Failed to pop from of repository (repo={})
2021-10-20 06:10:52,930 | 3198 | ofcapture.of_msg_repository, pop, 91 | ERROR | Failed to pop from of repository (repo={})
2021-10-20 06:10:54,933 | 3198 | ofcapture.of_msg_repository, pop, 91 | ERROR | Failed to pop from of repository (repo={})
2021-10-20 06:10:56,930 | 3198 | ofcapture.of_msg_repository, pop, 91 | ERROR | Failed to pop from of repository (repo={})
2021-10-20 06:10:58,930 | 3198 | ofcapture.of_msg_repository, pop, 91 | ERROR | Failed to pop from of repository (repo={})
2021-10-20 06:11:00,930 | 3198 | ofcapture.of_msg_repository, pop, 91 | ERROR | Failed to pop from of repository (repo={})
2021-10-20 06:11:02,930 | 3198 | ofcapture.of_msg_repository, pop, 91 | ERROR | Failed to pop from of repository (repo={})
2021-10-20 06:11:04,930 | 3198 | ofcapture.of_msg_repository, pop, 91 | ERROR | Failed to pop from of repository (repo={})
2021-10-20 06:11:06,930 | 3198 | ofcapture.of_msg_repository, pop, 91 | ERROR | Failed to pop from of repository (repo={})
2021-10-20 06:11:08,930 | 3198 | ofcapture.of_msg_repository, pop, 91 | ERROR | Failed to pop from of repository (repo={})
2021-10-20 06:11:10,931 | 3198 | ofcapture.of_msg_repository, pop, 91 | ERROR | Failed to pop from of repository (repo={})
2021-10-20 06:11:12,930 | 3198 | ofcapture.of_msg_repository, pop, 91 | ERROR | Failed to pop from of repository (repo={})
2021-10-20 06:11:14,930 | 3198 | ofcapture.of_msg_repository, pop, 91 | ERROR | Failed to pop from of repository (repo={})
2021-10-20 06:11:16,930 | 3198 | ofcapture.of_msg_repository, pop, 91 | ERROR | Failed to pop from of repository (repo={})
2021-10-20 06:11:18,938 | 3198 | ofcapture.of_msg_repository, pop, 91 | ERROR | Failed to pop from of repository (repo={})
2021-10-20 06:11:20,932 | 3198 | ofcapture.of_msg_repository, pop, 91 | ERROR | Failed to pop from of repository (repo={})
2021-10-20 06:11:22,930 | 3198 | ofcapture.of_msg_repository, pop, 91 | ERROR | Failed to pop from of repository (repo={})
2021-10-20 06:11:24,931 | 3198 | ofcapture.of_msg_repository, pop, 91 | ERROR | Failed to pop from of repository (repo={})
2021-10-20 06:11:26,931 | 3198 | ofcapture.of_msg_repository, pop, 91 | ERROR | Failed to pop from of repository (repo={})
2021-10-20 06:11:28,930 | 3198 | ofcapture.of_msg_repository, pop, 91 | ERROR | Failed to pop from of repository (repo={})
2021-10-20 06:11:30,931 | 3198 | ofcapture.of_msg_repository, pop, 91 | ERROR | Failed to pop from of repository (repo={})
2021-10-20 06:11:32,930 | 3198 | ofcapture.of_msg_repository, pop, 91 | ERROR | Failed to pop from of repository (repo={})
2021-10-20 06:11:34,930 | 3198 | ofcapture.of_msg_repository, pop, 91 | ERROR | Failed to pop from of repository (repo={})
2021-10-20 06:11:36,931 | 3198 | ofcapture.of_msg_repository, pop, 91 | ERROR | Failed to pop from of repository (repo={})
2021-10-20 06:11:38,930 | 3198 | ofcapture.of_msg_repository, pop, 91 | ERROR | Failed to pop from of repository (repo={})
2021-10-20 06:11:40,930 | 3198 | ofcapture.of_msg_repository, pop, 91 | ERROR | Failed to pop from of repository (repo={})
2021-10-20 06:11:42,930 | 3198 | ofcapture.of_msg_repository, pop, 91 | ERROR | Failed to pop from of repository (repo={})
2021-10-20 06:11:44,930 | 3198 | ofcapture.of_msg_repository, pop, 91 | ERROR | Failed to pop from of repository (repo={})
2021-10-20 06:11:46,931 | 3198 | ofcapture.of_msg_repository, pop, 91 | ERROR | Failed to pop from of repository (repo={})
2021-10-20 06:11:48,930 | 3198 | ofcapture.of_msg_repository, pop, 91 | ERROR | Failed to pop from of repository (repo={})
2021-10-20 06:11:50,930 | 3198 | ofcapture.of_msg_repository, pop, 91 | ERROR | Failed to pop from of repository (repo={})
2021-10-20 06:11:52,931 | 3198 | ofcapture.of_msg_repository, pop, 91 | ERROR | Failed to pop from of repository (repo={})
2021-10-20 06:11:54,931 | 3198 | ofcapture.of_msg_repository, pop, 91 | ERROR | Failed to pop from of repository (repo={})
2021-10-20 06:11:56,931 | 3198 | ofcapture.of_msg_repository, pop, 91 | ERROR | Failed to pop from of repository (repo={})
2021-10-20 06:11:58,931 | 3198 | ofcapture.of_msg_repository, pop, 91 | ERROR | Failed to pop from of repository (repo={})
2021-10-20 06:12:00,931 | 3198 | ofcapture.of_msg_repository, pop, 91 | ERROR | Failed to pop from of repository (repo={})
2021-10-20 06:12:02,930 | 3198 | ofcapture.of_msg_repository, pop, 91 | ERROR | Failed to pop from of repository (repo={})
2021-10-20 06:12:04,930 | 3198 | ofcapture.of_msg_repository, pop, 91 | ERROR | Failed to pop from of repository (repo={})
2021-10-20 06:12:06,930 | 3198 | ofcapture.of_msg_repository, pop, 91 | ERROR | Failed to pop from of repository (repo={})
2021-10-20 06:12:08,933 | 3198 | ofcapture.of_msg_repository, pop, 91 | ERROR | Failed to pop from of repository (repo={})
2021-10-20 06:12:10,931 | 3198 | ofcapture.of_msg_repository, pop, 91 | ERROR | Failed to pop from of repository (repo={})
2021-10-20 06:12:12,930 | 3198 | ofcapture.of_msg_repository, pop, 91 | ERROR | Failed to pop from of repository (repo={})
2021-10-20 06:12:14,930 | 3198 | ofcapture.of_msg_repository, pop, 91 | ERROR | Failed to pop from of repository (repo={})
2021-10-20 06:12:16,932 | 3198 | ofcapture.of_msg_repository, pop, 91 | ERROR | Failed to pop from of repository (repo={})
2021-10-20 06:12:18,930 | 3198 | ofcapture.of_msg_repository, pop, 91 | ERROR | Failed to pop from of repository (repo={})
2021-10-20 06:12:20,930 | 3198 | ofcapture.of_msg_repository, pop, 91 | ERROR | Failed to pop from of repository (repo={})
2021-10-20 06:12:22,932 | 3198 | ofcapture.of_msg_repository, pop, 91 | ERROR | Failed to pop from of repository (repo={})
2021-10-20 06:12:24,931 | 3198 | ofcapture.of_msg_repository, pop, 91 | ERROR | Failed to pop from of repository (repo={})
2021-10-20 06:12:26,930 | 3198 | ofcapture.of_msg_repository, pop, 91 | ERROR | Failed to pop from of repository (repo={})
2021-10-20 06:12:28,930 | 3198 | ofcapture.of_msg_repository, pop, 91 | ERROR | Failed to pop from of repository (repo={})
2021-10-20 06:12:30,930 | 3198 | ofcapture.of_msg_repository, pop, 91 | ERROR | Failed to pop from of repository (repo={})
2021-10-20 06:12:32,931 | 3198 | ofcapture.of_msg_repository, pop, 91 | ERROR | Failed to pop from of repository (repo={})
2021-10-20 06:12:34,930 | 3198 | ofcapture.of_msg_repository, pop, 91 | ERROR | Failed to pop from of repository (repo={})
2021-10-20 06:12:36,932 | 3198 | ofcapture.of_msg_repository, pop, 91 | ERROR | Failed to pop from of repository (repo={})
2021-10-20 06:12:38,931 | 3198 | ofcapture.of_msg_repository, pop, 91 | ERROR | Failed to pop from of repository (repo={})
2021-10-20 06:12:40,931 | 3198 | ofcapture.of_msg_repository, pop, 91 | ERROR | Failed to pop from of repository (repo={})
2021-10-20 06:12:42,931 | 3198 | ofcapture.of_msg_repository, pop, 91 | ERROR | Failed to pop from of repository (repo={})
2021-10-20 06:12:44,943 | 3198 | ofcapture.of_msg_repository, pop, 91 | ERROR | Failed to pop from of repository (repo={})
2021-10-20 06:12:46,932 | 3198 | ofcapture.of_msg_repository, pop, 91 | ERROR | Failed to pop from of repository (repo={})
2021-10-20 06:12:48,931 | 3198 | ofcapture.of_msg_repository, pop, 91 | ERROR | Failed to pop from of repository (repo={})
2021-10-20 06:12:50,930 | 3198 | ofcapture.of_msg_repository, pop, 91 | ERROR | Failed to pop from of repository (repo={})
2021-10-20 06:12:52,930 | 3198 | ofcapture.of_msg_repository, pop, 91 | ERROR | Failed to pop from of repository (repo={})
2021-10-20 06:12:54,931 | 3198 | ofcapture.of_msg_repository, pop, 91 | ERROR | Failed to pop from of repository (repo={})
2021-10-20 06:12:56,930 | 3198 | ofcapture.of_msg_repository, pop, 91 | ERROR | Failed to pop from of repository (repo={})
2021-10-20 06:12:58,930 | 3198 | ofcapture.of_msg_repository, pop, 91 | ERROR | Failed to pop from of repository (repo={})
2021-10-20 06:13:00,930 | 3198 | ofcapture.of_msg_repository, pop, 91 | ERROR | Failed to pop from of repository (repo={})
2021-10-20 06:13:02,930 | 3198 | ofcapture.of_msg_repository, pop, 91 | ERROR | Failed to pop from of repository (repo={})
2021-10-20 06:13:04,931 | 3198 | ofcapture.of_msg_repository, pop, 91 | ERROR | Failed to pop from of repository (repo={})
2021-10-20 06:13:06,931 | 3198 | ofcapture.of_msg_repository, pop, 91 | ERROR | Failed to pop from of repository (repo={})
2021-10-20 06:13:08,930 | 3198 | ofcapture.of_msg_repository, pop, 91 | ERROR | Failed to pop from of repository (repo={})
2021-10-20 06:13:10,930 | 3198 | ofcapture.of_msg_repository, pop, 91 | ERROR | Failed to pop from of repository (repo={})
2021-10-20 06:13:12,936 | 3198 | ofcapture.of_msg_repository, pop, 91 | ERROR | Failed to pop from of repository (repo={})
2021-10-20 06:13:14,930 | 3198 | ofcapture.of_msg_repository, pop, 91 | ERROR | Failed to pop from of repository (repo={})
2021-10-20 06:13:16,930 | 3198 | ofcapture.of_msg_repository, pop, 91 | ERROR | Failed to pop from of repository (repo={})
2021-10-20 06:13:18,932 | 3198 | ofcapture.of_msg_repository, pop, 91 | ERROR | Failed to pop from of repository (repo={})
2021-10-20 06:13:20,930 | 3198 | ofcapture.of_msg_repository, pop, 91 | ERROR | Failed to pop from of repository (repo={})
2021-10-20 06:13:22,930 | 3198 | ofcapture.of_msg_repository, pop, 91 | ERROR | Failed to pop from of repository (repo={})
2021-10-20 06:13:24,930 | 3198 | ofcapture.of_msg_repository, pop, 91 | ERROR | Failed to pop from of repository (repo={})
2021-10-20 06:13:26,930 | 3198 | ofcapture.of_msg_repository, pop, 91 | ERROR | Failed to pop from of repository (repo={})
2021-10-20 06:13:28,930 | 3198 | ofcapture.of_msg_repository, pop, 91 | ERROR | Failed to pop from of repository (repo={})
2021-10-20 06:13:30,930 | 3198 | ofcapture.of_msg_repository, pop, 91 | ERROR | Failed to pop from of repository (repo={})
2021-10-20 06:13:32,930 | 3198 | ofcapture.of_msg_repository, pop, 91 | ERROR | Failed to pop from of repository (repo={})
2021-10-20 06:13:34,930 | 3198 | ofcapture.of_msg_repository, pop, 91 | ERROR | Failed to pop from of repository (repo={})
2021-10-20 06:13:36,930 | 3198 | ofcapture.of_msg_repository, pop, 91 | ERROR | Failed to pop from of repository (repo={})
2021-10-20 06:13:38,930 | 3198 | ofcapture.of_msg_repository, pop, 91 | ERROR | Failed to pop from of repository (repo={})
2021-10-20 06:13:40,930 | 3198 | ofcapture.of_msg_repository, pop, 91 | ERROR | Failed to pop from of repository (repo={})
2021-10-20 06:13:42,930 | 3198 | ofcapture.of_msg_repository, pop, 91 | ERROR | Failed to pop from of repository (repo={})
2021-10-20 06:13:44,930 | 3198 | ofcapture.of_msg_repository, pop, 91 | ERROR | Failed to pop from of repository (repo={})
2021-10-20 06:13:46,932 | 3198 | ofcapture.of_msg_repository, pop, 91 | ERROR | Failed to pop from of repository (repo={})
2021-10-20 06:13:48,935 | 3198 | ofcapture.of_msg_repository, pop, 91 | ERROR | Failed to pop from of repository (repo={})
2021-10-20 06:13:50,931 | 3198 | ofcapture.of_msg_repository, pop, 91 | ERROR | Failed to pop from of repository (repo={})
2021-10-20 06:13:52,933 | 3198 | ofcapture.of_msg_repository, pop, 91 | ERROR | Failed to pop from of repository (repo={})
2021-10-20 06:13:54,933 | 3198 | ofcapture.of_msg_repository, pop, 91 | ERROR | Failed to pop from of repository (repo={})
2021-10-20 06:13:56,941 | 3198 | ofcapture.of_msg_repository, pop, 91 | ERROR | Failed to pop from of repository (repo={})
2021-10-20 06:13:58,930 | 3198 | ofcapture.of_msg_repository, pop, 91 | ERROR | Failed to pop from of repository (repo={})
2021-10-20 06:14:00,930 | 3198 | ofcapture.of_msg_repository, pop, 91 | ERROR | Failed to pop from of repository (repo={})
2021-10-20 06:14:02,930 | 3198 | ofcapture.of_msg_repository, pop, 91 | ERROR | Failed to pop from of repository (repo={})
2021-10-20 06:14:04,931 | 3198 | ofcapture.of_msg_repository, pop, 91 | ERROR | Failed to pop from of repository (repo={})
2021-10-20 06:14:06,932 | 3198 | ofcapture.of_msg_repository, pop, 91 | ERROR | Failed to pop from of repository (repo={})
2021-10-20 06:14:08,932 | 3198 | ofcapture.of_msg_repository, pop, 91 | ERROR | Failed to pop from of repository (repo={})
2021-10-20 06:14:10,932 | 3198 | ofcapture.of_msg_repository, pop, 91 | ERROR | Failed to pop from of repository (repo={})
2021-10-20 06:14:12,930 | 3198 | ofcapture.of_msg_repository, pop, 91 | ERROR | Failed to pop from of repository (repo={})
2021-10-20 06:14:14,944 | 3198 | ofcapture.of_msg_repository, pop, 91 | ERROR | Failed to pop from of repository (repo={})
2021-10-20 06:14:16,930 | 3198 | ofcapture.of_msg_repository, pop, 91 | ERROR | Failed to pop from of repository (repo={})
2021-10-20 06:14:18,930 | 3198 | ofcapture.of_msg_repository, pop, 91 | ERROR | Failed to pop from of repository (repo={})
2021-10-20 06:14:20,930 | 3198 | ofcapture.of_msg_repository, pop, 91 | ERROR | Failed to pop from of repository (repo={})
2021-10-20 06:14:22,930 | 3198 | ofcapture.of_msg_repository, pop, 91 | ERROR | Failed to pop from of repository (repo={})
2021-10-20 06:14:24,931 | 3198 | ofcapture.of_msg_repository, pop, 91 | ERROR | Failed to pop from of repository (repo={})
2021-10-20 06:14:26,930 | 3198 | ofcapture.of_msg_repository, pop, 91 | ERROR | Failed to pop from of repository (repo={})
2021-10-20 06:14:28,930 | 3198 | ofcapture.of_msg_repository, pop, 91 | ERROR | Failed to pop from of repository (repo={})
2021-10-20 06:14:30,931 | 3198 | ofcapture.of_msg_repository, pop, 91 | ERROR | Failed to pop from of repository (repo={})
2021-10-20 06:14:32,930 | 3198 | ofcapture.of_msg_repository, pop, 91 | ERROR | Failed to pop from of repository (repo={})
2021-10-20 06:14:34,930 | 3198 | ofcapture.of_msg_repository, pop, 91 | ERROR | Failed to pop from of repository (repo={})
2021-10-20 06:14:36,931 | 3198 | ofcapture.of_msg_repository, pop, 91 | ERROR | Failed to pop from of repository (repo={})
2021-10-20 06:14:38,931 | 3198 | ofcapture.of_msg_repository, pop, 91 | ERROR | Failed to pop from of repository (repo={})
2021-10-20 06:14:40,932 | 3198 | ofcapture.of_msg_repository, pop, 91 | ERROR | Failed to pop from of repository (repo={})
2021-10-20 06:14:42,930 | 3198 | ofcapture.of_msg_repository, pop, 91 | ERROR | Failed to pop from of repository (repo={})
2021-10-20 06:14:44,937 | 3198 | ofcapture.of_msg_repository, pop, 91 | ERROR | Failed to pop from of repository (repo={})
2021-10-20 06:14:46,930 | 3198 | ofcapture.of_msg_repository, pop, 91 | ERROR | Failed to pop from of repository (repo={})
2021-10-20 06:14:48,932 | 3198 | ofcapture.of_msg_repository, pop, 91 | ERROR | Failed to pop from of repository (repo={})
2021-10-20 06:14:50,933 | 3198 | ofcapture.of_msg_repository, pop, 91 | ERROR | Failed to pop from of repository (repo={})
2021-10-20 06:14:52,930 | 3198 | ofcapture.of_msg_repository, pop, 91 | ERROR | Failed to pop from of repository (repo={})
2021-10-20 06:14:54,930 | 3198 | ofcapture.of_msg_repository, pop, 91 | ERROR | Failed to pop from of repository (repo={})
2021-10-20 06:14:56,930 | 3198 | ofcapture.of_msg_repository, pop, 91 | ERROR | Failed to pop from of repository (repo={})
2021-10-20 06:14:58,931 | 3198 | ofcapture.of_msg_repository, pop, 91 | ERROR | Failed to pop from of repository (repo={})
2021-10-20 06:15:00,930 | 3198 | ofcapture.of_msg_repository, pop, 91 | ERROR | Failed to pop from of repository (repo={})
2021-10-20 06:15:02,932 | 3198 | ofcapture.of_msg_repository, pop, 91 | ERROR | Failed to pop from of repository (repo={})
2021-10-20 06:15:04,931 | 3198 | ofcapture.of_msg_repository, pop, 91 | ERROR | Failed to pop from of repository (repo={})
2021-10-20 06:15:06,930 | 3198 | ofcapture.of_msg_repository, pop, 91 | ERROR | Failed to pop from of repository (repo={})
2021-10-20 06:15:08,931 | 3198 | ofcapture.of_msg_repository, pop, 91 | ERROR | Failed to pop from of repository (repo={})
2021-10-20 06:15:10,930 | 3198 | ofcapture.of_msg_repository, pop, 91 | ERROR | Failed to pop from of repository (repo={})
2021-10-20 06:15:12,931 | 3198 | ofcapture.of_msg_repository, pop, 91 | ERROR | Failed to pop from of repository (repo={})
2021-10-20 06:15:14,935 | 3198 | ofcapture.of_msg_repository, pop, 91 | ERROR | Failed to pop from of repository (repo={})
2021-10-20 06:15:16,930 | 3198 | ofcapture.of_msg_repository, pop, 91 | ERROR | Failed to pop from of repository (repo={})
2021-10-20 06:15:18,930 | 3198 | ofcapture.of_msg_repository, pop, 91 | ERROR | Failed to pop from of repository (repo={})
2021-10-20 06:15:20,931 | 3198 | ofcapture.of_msg_repository, pop, 91 | ERROR | Failed to pop from of repository (repo={})
2021-10-20 06:15:22,931 | 3198 | ofcapture.of_msg_repository, pop, 91 | ERROR | Failed to pop from of repository (repo={})
2021-10-20 06:15:24,930 | 3198 | ofcapture.of_msg_repository, pop, 91 | ERROR | Failed to pop from of repository (repo={})
2021-10-20 06:15:26,932 | 3198 | ofcapture.of_msg_repository, pop, 91 | ERROR | Failed to pop from of repository (repo={})
2021-10-20 06:15:28,932 | 3198 | ofcapture.of_msg_repository, pop, 91 | ERROR | Failed to pop from of repository (repo={})
2021-10-20 06:15:30,930 | 3198 | ofcapture.of_msg_repository, pop, 91 | ERROR | Failed to pop from of repository (repo={})
2021-10-20 06:15:32,930 | 3198 | ofcapture.of_msg_repository, pop, 91 | ERROR | Failed to pop from of repository (repo={})
2021-10-20 06:15:34,931 | 3198 | ofcapture.of_msg_repository, pop, 91 | ERROR | Failed to pop from of repository (repo={})
2021-10-20 06:15:36,930 | 3198 | ofcapture.of_msg_repository, pop, 91 | ERROR | Failed to pop from of repository (repo={})
2021-10-20 06:15:38,930 | 3198 | ofcapture.of_msg_repository, pop, 91 | ERROR | Failed to pop from of repository (repo={})
2021-10-20 06:15:40,931 | 3198 | ofcapture.of_msg_repository, pop, 91 | ERROR | Failed to pop from of repository (repo={})
2021-10-20 06:15:42,946 | 3198 | ofcapture.of_msg_repository, pop, 91 | ERROR | Failed to pop from of repository (repo={})
2021-10-20 06:15:44,930 | 3198 | ofcapture.of_msg_repository, pop, 91 | ERROR | Failed to pop from of repository (repo={})
2021-10-20 06:15:46,931 | 3198 | ofcapture.of_msg_repository, pop, 91 | ERROR | Failed to pop from of repository (repo={})
2021-10-20 06:15:48,998 | 3198 | ofcapture.of_msg_repository, pop, 91 | ERROR | Failed to pop from of repository (repo={})
2021-10-20 06:15:50,954 | 3198 | ofcapture.of_msg_repository, pop, 91 | ERROR | Failed to pop from of repository (repo={})
2021-10-20 06:15:52,930 | 3198 | ofcapture.of_msg_repository, pop, 91 | ERROR | Failed to pop from of repository (repo={})
2021-10-20 06:15:54,930 | 3198 | ofcapture.of_msg_repository, pop, 91 | ERROR | Failed to pop from of repository (repo={})
2021-10-20 06:15:56,930 | 3198 | ofcapture.of_msg_repository, pop, 91 | ERROR | Failed to pop from of repository (repo={})
2021-10-20 06:15:58,930 | 3198 | ofcapture.of_msg_repository, pop, 91 | ERROR | Failed to pop from of repository (repo={})
2021-10-20 06:16:00,930 | 3198 | ofcapture.of_msg_repository, pop, 91 | ERROR | Failed to pop from of repository (repo={})
2021-10-20 06:16:02,930 | 3198 | ofcapture.of_msg_repository, pop, 91 | ERROR | Failed to pop from of repository (repo={})
2021-10-20 06:16:04,930 | 3198 | ofcapture.of_msg_repository, pop, 91 | ERROR | Failed to pop from of repository (repo={})
2021-10-20 06:16:06,930 | 3198 | ofcapture.of_msg_repository, pop, 91 | ERROR | Failed to pop from of repository (repo={})
2021-10-20 06:16:08,930 | 3198 | ofcapture.of_msg_repository, pop, 91 | ERROR | Failed to pop from of repository (repo={})
2021-10-20 06:16:10,930 | 3198 | ofcapture.of_msg_repository, pop, 91 | ERROR | Failed to pop from of repository (repo={})
2021-10-20 06:16:12,930 | 3198 | ofcapture.of_msg_repository, pop, 91 | ERROR | Failed to pop from of repository (repo={})
2021-10-20 06:16:14,930 | 3198 | ofcapture.of_msg_repository, pop, 91 | ERROR | Failed to pop from of repository (repo={})
2021-10-20 06:16:16,930 | 3198 | ofcapture.of_msg_repository, pop, 91 | ERROR | Failed to pop from of repository (repo={})
2021-10-20 06:16:18,930 | 3198 | ofcapture.of_msg_repository, pop, 91 | ERROR | Failed to pop from of repository (repo={})
2021-10-20 06:16:20,930 | 3198 | ofcapture.of_msg_repository, pop, 91 | ERROR | Failed to pop from of repository (repo={})
2021-10-20 06:16:22,930 | 3198 | ofcapture.of_msg_repository, pop, 91 | ERROR | Failed to pop from of repository (repo={})
2021-10-20 06:16:24,930 | 3198 | ofcapture.of_msg_repository, pop, 91 | ERROR | Failed to pop from of repository (repo={})
2021-10-20 06:16:26,931 | 3198 | ofcapture.of_msg_repository, pop, 91 | ERROR | Failed to pop from of repository (repo={})
2021-10-20 06:16:28,930 | 3198 | ofcapture.of_msg_repository, pop, 91 | ERROR | Failed to pop from of repository (repo={})
2021-10-20 06:16:30,930 | 3198 | ofcapture.of_msg_repository, pop, 91 | ERROR | Failed to pop from of repository (repo={})
2021-10-20 06:16:32,931 | 3198 | ofcapture.of_msg_repository, pop, 91 | ERROR | Failed to pop from of repository (repo={})
2021-10-20 06:16:34,931 | 3198 | ofcapture.of_msg_repository, pop, 91 | ERROR | Failed to pop from of repository (repo={})
2021-10-20 06:16:36,930 | 3198 | ofcapture.of_msg_repository, pop, 91 | ERROR | Failed to pop from of repository (repo={})
2021-10-20 06:16:38,931 | 3198 | ofcapture.of_msg_repository, pop, 91 | ERROR | Failed to pop from of repository (repo={})
2021-10-20 06:16:40,930 | 3198 | ofcapture.of_msg_repository, pop, 91 | ERROR | Failed to pop from of repository (repo={})
2021-10-20 06:16:42,930 | 3198 | ofcapture.of_msg_repository, pop, 91 | ERROR | Failed to pop from of repository (repo={})
2021-10-20 06:16:44,930 | 3198 | ofcapture.of_msg_repository, pop, 91 | ERROR | Failed to pop from of repository (repo={})
2021-10-20 06:16:46,930 | 3198 | ofcapture.of_msg_repository, pop, 91 | ERROR | Failed to pop from of repository (repo={})
2021-10-20 06:16:48,932 | 3198 | ofcapture.of_msg_repository, pop, 91 | ERROR | Failed to pop from of repository (repo={})
2021-10-20 06:16:50,930 | 3198 | ofcapture.of_msg_repository, pop, 91 | ERROR | Failed to pop from of repository (repo={})
2021-10-20 06:16:52,931 | 3198 | ofcapture.of_msg_repository, pop, 91 | ERROR | Failed to pop from of repository (repo={})
2021-10-20 06:16:54,930 | 3198 | ofcapture.of_msg_repository, pop, 91 | ERROR | Failed to pop from of repository (repo={})
2021-10-20 06:16:56,930 | 3198 | ofcapture.of_msg_repository, pop, 91 | ERROR | Failed to pop from of repository (repo={})
2021-10-20 06:16:58,930 | 3198 | ofcapture.of_msg_repository, pop, 91 | ERROR | Failed to pop from of repository (repo={})
2021-10-20 06:17:00,930 | 3198 | ofcapture.of_msg_repository, pop, 91 | ERROR | Failed to pop from of repository (repo={})
2021-10-20 06:17:02,931 | 3198 | ofcapture.of_msg_repository, pop, 91 | ERROR | Failed to pop from of repository (repo={})
2021-10-20 06:17:04,930 | 3198 | ofcapture.of_msg_repository, pop, 91 | ERROR | Failed to pop from of repository (repo={})
2021-10-20 06:17:06,930 | 3198 | ofcapture.of_msg_repository, pop, 91 | ERROR | Failed to pop from of repository (repo={})
2021-10-20 06:17:08,931 | 3198 | ofcapture.of_msg_repository, pop, 91 | ERROR | Failed to pop from of repository (repo={})
2021-10-20 06:17:10,930 | 3198 | ofcapture.of_msg_repository, pop, 91 | ERROR | Failed to pop from of repository (repo={})
2021-10-20 06:17:12,930 | 3198 | ofcapture.of_msg_repository, pop, 91 | ERROR | Failed to pop from of repository (repo={})
2021-10-20 06:17:14,930 | 3198 | ofcapture.of_msg_repository, pop, 91 | ERROR | Failed to pop from of repository (repo={})
2021-10-20 06:17:16,930 | 3198 | ofcapture.of_msg_repository, pop, 91 | ERROR | Failed to pop from of repository (repo={})
2021-10-20 06:17:18,932 | 3198 | ofcapture.of_msg_repository, pop, 91 | ERROR | Failed to pop from of repository (repo={})
2021-10-20 06:17:20,930 | 3198 | ofcapture.of_msg_repository, pop, 91 | ERROR | Failed to pop from of repository (repo={})
2021-10-20 06:17:22,963 | 3198 | ofcapture.of_msg_repository, pop, 91 | ERROR | Failed to pop from of repository (repo={})
2021-10-20 06:17:24,960 | 3198 | ofcapture.of_msg_repository, pop, 91 | ERROR | Failed to pop from of repository (repo={})
2021-10-20 06:17:26,954 | 3198 | ofcapture.of_msg_repository, pop, 91 | ERROR | Failed to pop from of repository (repo={})
2021-10-20 06:17:28,931 | 3198 | ofcapture.of_msg_repository, pop, 91 | ERROR | Failed to pop from of repository (repo={})
2021-10-20 06:17:30,931 | 3198 | ofcapture.of_msg_repository, pop, 91 | ERROR | Failed to pop from of repository (repo={})
2021-10-20 06:17:32,931 | 3198 | ofcapture.of_msg_repository, pop, 91 | ERROR | Failed to pop from of repository (repo={})
2021-10-20 06:17:34,930 | 3198 | ofcapture.of_msg_repository, pop, 91 | ERROR | Failed to pop from of repository (repo={})
2021-10-20 06:17:36,930 | 3198 | ofcapture.of_msg_repository, pop, 91 | ERROR | Failed to pop from of repository (repo={})
2021-10-20 06:17:38,930 | 3198 | ofcapture.of_msg_repository, pop, 91 | ERROR | Failed to pop from of repository (repo={})
2021-10-20 06:17:40,930 | 3198 | ofcapture.of_msg_repository, pop, 91 | ERROR | Failed to pop from of repository (repo={})
2021-10-20 06:17:42,930 | 3198 | ofcapture.of_msg_repository, pop, 91 | ERROR | Failed to pop from of repository (repo={})
2021-10-20 06:17:44,931 | 3198 | ofcapture.of_msg_repository, pop, 91 | ERROR | Failed to pop from of repository (repo={})
2021-10-20 06:17:46,937 | 3198 | ofcapture.of_msg_repository, pop, 91 | ERROR | Failed to pop from of repository (repo={})
2021-10-20 06:17:48,930 | 3198 | ofcapture.of_msg_repository, pop, 91 | ERROR | Failed to pop from of repository (repo={})
2021-10-20 06:17:50,931 | 3198 | ofcapture.of_msg_repository, pop, 91 | ERROR | Failed to pop from of repository (repo={})
2021-10-20 06:17:52,932 | 3198 | ofcapture.of_msg_repository, pop, 91 | ERROR | Failed to pop from of repository (repo={})
2021-10-20 06:17:54,941 | 3198 | ofcapture.of_msg_repository, pop, 91 | ERROR | Failed to pop from of repository (repo={})
2021-10-20 06:17:56,930 | 3198 | ofcapture.of_msg_repository, pop, 91 | ERROR | Failed to pop from of repository (repo={})
2021-10-20 06:17:58,930 | 3198 | ofcapture.of_msg_repository, pop, 91 | ERROR | Failed to pop from of repository (repo={})
2021-10-20 06:18:00,931 | 3198 | ofcapture.of_msg_repository, pop, 91 | ERROR | Failed to pop from of repository (repo={})
2021-10-20 06:18:02,930 | 3198 | ofcapture.of_msg_repository, pop, 91 | ERROR | Failed to pop from of repository (repo={})
2021-10-20 06:18:04,930 | 3198 | ofcapture.of_msg_repository, pop, 91 | ERROR | Failed to pop from of repository (repo={})
2021-10-20 06:18:06,930 | 3198 | ofcapture.of_msg_repository, pop, 91 | ERROR | Failed to pop from of repository (repo={})
2021-10-20 06:18:08,931 | 3198 | ofcapture.of_msg_repository, pop, 91 | ERROR | Failed to pop from of repository (repo={})
2021-10-20 06:18:10,931 | 3198 | ofcapture.of_msg_repository, pop, 91 | ERROR | Failed to pop from of repository (repo={})
2021-10-20 06:18:12,930 | 3198 | ofcapture.of_msg_repository, pop, 91 | ERROR | Failed to pop from of repository (repo={})
2021-10-20 06:18:14,931 | 3198 | ofcapture.of_msg_repository, pop, 91 | ERROR | Failed to pop from of repository (repo={})
2021-10-20 06:18:16,930 | 3198 | ofcapture.of_msg_repository, pop, 91 | ERROR | Failed to pop from of repository (repo={})
2021-10-20 06:18:18,930 | 3198 | ofcapture.of_msg_repository, pop, 91 | ERROR | Failed to pop from of repository (repo={})
2021-10-20 06:18:20,931 | 3198 | ofcapture.of_msg_repository, pop, 91 | ERROR | Failed to pop from of repository (repo={})
2021-10-20 06:18:22,930 | 3198 | ofcapture.of_msg_repository, pop, 91 | ERROR | Failed to pop from of repository (repo={})
2021-10-20 06:18:24,930 | 3198 | ofcapture.of_msg_repository, pop, 91 | ERROR | Failed to pop from of repository (repo={})
2021-10-20 06:18:26,930 | 3198 | ofcapture.of_msg_repository, pop, 91 | ERROR | Failed to pop from of repository (repo={})
2021-10-20 06:18:28,931 | 3198 | ofcapture.of_msg_repository, pop, 91 | ERROR | Failed to pop from of repository (repo={})
2021-10-20 06:18:30,932 | 3198 | ofcapture.of_msg_repository, pop, 91 | ERROR | Failed to pop from of repository (repo={})
2021-10-20 06:18:32,932 | 3198 | ofcapture.of_msg_repository, pop, 91 | ERROR | Failed to pop from of repository (repo={})
2021-10-20 06:18:34,939 | 3198 | ofcapture.of_msg_repository, pop, 91 | ERROR | Failed to pop from of repository (repo={})
2021-10-20 06:18:36,931 | 3198 | ofcapture.of_msg_repository, pop, 91 | ERROR | Failed to pop from of repository (repo={})
2021-10-20 06:18:38,932 | 3198 | ofcapture.of_msg_repository, pop, 91 | ERROR | Failed to pop from of repository (repo={})
2021-10-20 06:18:40,930 | 3198 | ofcapture.of_msg_repository, pop, 91 | ERROR | Failed to pop from of repository (repo={})
2021-10-20 06:18:42,933 | 3198 | ofcapture.of_msg_repository, pop, 91 | ERROR | Failed to pop from of repository (repo={})
2021-10-20 06:18:44,953 | 3198 | ofcapture.of_msg_repository, pop, 91 | ERROR | Failed to pop from of repository (repo={})
2021-10-20 06:18:46,941 | 3198 | ofcapture.of_msg_repository, pop, 91 | ERROR | Failed to pop from of repository (repo={})
2021-10-20 06:18:48,938 | 3198 | ofcapture.of_msg_repository, pop, 91 | ERROR | Failed to pop from of repository (repo={})
2021-10-20 06:18:50,947 | 3198 | ofcapture.of_msg_repository, pop, 91 | ERROR | Failed to pop from of repository (repo={})
2021-10-20 06:18:52,939 | 3198 | ofcapture.of_msg_repository, pop, 91 | ERROR | Failed to pop from of repository (repo={})
2021-10-20 06:18:54,931 | 3198 | ofcapture.of_msg_repository, pop, 91 | ERROR | Failed to pop from of repository (repo={})
2021-10-20 06:18:56,932 | 3198 | ofcapture.of_msg_repository, pop, 91 | ERROR | Failed to pop from of repository (repo={})
2021-10-20 06:18:58,930 | 3198 | ofcapture.of_msg_repository, pop, 91 | ERROR | Failed to pop from of repository (repo={})
2021-10-20 06:19:00,930 | 3198 | ofcapture.of_msg_repository, pop, 91 | ERROR | Failed to pop from of repository (repo={})
2021-10-20 06:19:02,930 | 3198 | ofcapture.of_msg_repository, pop, 91 | ERROR | Failed to pop from of repository (repo={})
2021-10-20 06:19:04,930 | 3198 | ofcapture.of_msg_repository, pop, 91 | ERROR | Failed to pop from of repository (repo={})
2021-10-20 06:19:06,932 | 3198 | ofcapture.of_msg_repository, pop, 91 | ERROR | Failed to pop from of repository (repo={})
2021-10-20 06:19:08,930 | 3198 | ofcapture.of_msg_repository, pop, 91 | ERROR | Failed to pop from of repository (repo={})
2021-10-20 06:19:10,931 | 3198 | ofcapture.of_msg_repository, pop, 91 | ERROR | Failed to pop from of repository (repo={})
2021-10-20 06:19:12,930 | 3198 | ofcapture.of_msg_repository, pop, 91 | ERROR | Failed to pop from of repository (repo={})
2021-10-20 06:19:14,930 | 3198 | ofcapture.of_msg_repository, pop, 91 | ERROR | Failed to pop from of repository (repo={})
2021-10-20 06:19:16,931 | 3198 | ofcapture.of_msg_repository, pop, 91 | ERROR | Failed to pop from of repository (repo={})
2021-10-20 06:19:18,930 | 3198 | ofcapture.of_msg_repository, pop, 91 | ERROR | Failed to pop from of repository (repo={})
2021-10-20 06:19:20,941 | 3198 | ofcapture.of_msg_repository, pop, 91 | ERROR | Failed to pop from of repository (repo={})
2021-10-20 06:19:22,930 | 3198 | ofcapture.of_msg_repository, pop, 91 | ERROR | Failed to pop from of repository (repo={})
2021-10-20 06:19:24,930 | 3198 | ofcapture.of_msg_repository, pop, 91 | ERROR | Failed to pop from of repository (repo={})
2021-10-20 06:19:26,930 | 3198 | ofcapture.of_msg_repository, pop, 91 | ERROR | Failed to pop from of repository (repo={})
2021-10-20 06:19:28,931 | 3198 | ofcapture.of_msg_repository, pop, 91 | ERROR | Failed to pop from of repository (repo={})
2021-10-20 06:19:30,931 | 3198 | ofcapture.of_msg_repository, pop, 91 | ERROR | Failed to pop from of repository (repo={})
2021-10-20 06:19:32,930 | 3198 | ofcapture.of_msg_repository, pop, 91 | ERROR | Failed to pop from of repository (repo={})
2021-10-20 06:19:34,931 | 3198 | ofcapture.of_msg_repository, pop, 91 | ERROR | Failed to pop from of repository (repo={})
2021-10-20 06:19:36,930 | 3198 | ofcapture.of_msg_repository, pop, 91 | ERROR | Failed to pop from of repository (repo={})
2021-10-20 06:19:38,930 | 3198 | ofcapture.of_msg_repository, pop, 91 | ERROR | Failed to pop from of repository (repo={})
2021-10-20 06:19:40,930 | 3198 | ofcapture.of_msg_repository, pop, 91 | ERROR | Failed to pop from of repository (repo={})
2021-10-20 06:19:42,930 | 3198 | ofcapture.of_msg_repository, pop, 91 | ERROR | Failed to pop from of repository (repo={})
2021-10-20 06:19:44,931 | 3198 | ofcapture.of_msg_repository, pop, 91 | ERROR | Failed to pop from of repository (repo={})
2021-10-20 06:19:46,930 | 3198 | ofcapture.of_msg_repository, pop, 91 | ERROR | Failed to pop from of repository (repo={})
2021-10-20 06:19:48,930 | 3198 | ofcapture.of_msg_repository, pop, 91 | ERROR | Failed to pop from of repository (repo={})
2021-10-20 06:19:50,930 | 3198 | ofcapture.of_msg_repository, pop, 91 | ERROR | Failed to pop from of repository (repo={})
2021-10-20 06:19:52,930 | 3198 | ofcapture.of_msg_repository, pop, 91 | ERROR | Failed to pop from of repository (repo={})
2021-10-20 06:19:54,930 | 3198 | ofcapture.of_msg_repository, pop, 91 | ERROR | Failed to pop from of repository (repo={})
2021-10-20 06:19:56,930 | 3198 | ofcapture.of_msg_repository, pop, 91 | ERROR | Failed to pop from of repository (repo={})
2021-10-20 06:19:58,930 | 3198 | ofcapture.of_msg_repository, pop, 91 | ERROR | Failed to pop from of repository (repo={})
2021-10-20 06:20:00,930 | 3198 | ofcapture.of_msg_repository, pop, 91 | ERROR | Failed to pop from of repository (repo={})
2021-10-20 06:20:02,930 | 3198 | ofcapture.of_msg_repository, pop, 91 | ERROR | Failed to pop from of repository (repo={})
2021-10-20 06:20:04,930 | 3198 | ofcapture.of_msg_repository, pop, 91 | ERROR | Failed to pop from of repository (repo={})
2021-10-20 06:20:06,930 | 3198 | ofcapture.of_msg_repository, pop, 91 | ERROR | Failed to pop from of repository (repo={})
2021-10-20 06:20:08,930 | 3198 | ofcapture.of_msg_repository, pop, 91 | ERROR | Failed to pop from of repository (repo={})
2021-10-20 06:20:10,931 | 3198 | ofcapture.of_msg_repository, pop, 91 | ERROR | Failed to pop from of repository (repo={})
2021-10-20 06:20:12,930 | 3198 | ofcapture.of_msg_repository, pop, 91 | ERROR | Failed to pop from of repository (repo={})
2021-10-20 06:20:14,930 | 3198 | ofcapture.of_msg_repository, pop, 91 | ERROR | Failed to pop from of repository (repo={})
2021-10-20 06:20:16,930 | 3198 | ofcapture.of_msg_repository, pop, 91 | ERROR | Failed to pop from of repository (repo={})
2021-10-20 06:20:18,930 | 3198 | ofcapture.of_msg_repository, pop, 91 | ERROR | Failed to pop from of repository (repo={})
2021-10-20 06:20:20,931 | 3198 | ofcapture.of_msg_repository, pop, 91 | ERROR | Failed to pop from of repository (repo={})
2021-10-20 06:20:22,930 | 3198 | ofcapture.of_msg_repository, pop, 91 | ERROR | Failed to pop from of repository (repo={})
