2021-11-10 02:07:04,120 | 4713 | ofcapture.proxy.proxy, start_server, 232 | INFO | Server on ('127.0.0.1', 63333)
2021-11-10 02:07:04,121 | 4713 | ofcapture.proxy.proxy, start_server, 235 | INFO | Server serve forever ('127.0.0.1', 63333)
2021-11-10 02:07:04,222 | 4713 | ofcapture.proxy.proxy, handle_switch, 253 | INFO | Client ('127.0.0.1', 32998) is connected
2021-11-10 02:07:04,224 | 4713 | ofcapture.proxy.proxy, open_connection, 351 | ERROR | Failed to connect to controller : [Errno 111] Connect call failed ('127.0.0.1', 6633)
2021-11-10 02:07:04,493 | 4713 | ofcapture.proxy.proxy, handle_switch, 253 | INFO | Client ('127.0.0.1', 33002) is connected
2021-11-10 02:07:04,495 | 4713 | ofcapture.proxy.proxy, open_connection, 351 | ERROR | Failed to connect to controller : [Errno 111] Connect call failed ('127.0.0.1', 6633)
2021-11-10 02:07:04,819 | 4713 | ofcapture.proxy.proxy, handle_switch, 253 | INFO | Client ('127.0.0.1', 33006) is connected
2021-11-10 02:07:04,822 | 4713 | ofcapture.proxy.proxy, handle_switch, 253 | INFO | Client ('127.0.0.1', 33008) is connected
2021-11-10 02:07:04,852 | 4713 | ofcapture.proxy.proxy, open_connection, 351 | ERROR | Failed to connect to controller : [Errno 111] Connect call failed ('127.0.0.1', 6633)
2021-11-10 02:07:04,862 | 4713 | ofcapture.proxy.proxy, open_connection, 351 | ERROR | Failed to connect to controller : [Errno 111] Connect call failed ('127.0.0.1', 6633)
2021-11-10 02:07:05,818 | 4713 | ofcapture.proxy.proxy, handle_switch, 253 | INFO | Client ('127.0.0.1', 33094) is connected
2021-11-10 02:07:05,818 | 4713 | ofcapture.proxy.proxy, handle_switch, 253 | INFO | Client ('127.0.0.1', 33096) is connected
2021-11-10 02:07:05,819 | 4713 | ofcapture.proxy.proxy, open_connection, 351 | ERROR | Failed to connect to controller : [Errno 111] Connect call failed ('127.0.0.1', 6633)
2021-11-10 02:07:05,820 | 4713 | ofcapture.proxy.proxy, open_connection, 351 | ERROR | Failed to connect to controller : [Errno 111] Connect call failed ('127.0.0.1', 6633)
2021-11-10 02:07:06,127 | 4703 | ofcapture.of_msg_repository, pop, 91 | ERROR | Failed to pop from of repository (repo={})
2021-11-10 02:07:06,127 | 4703 | ofcapture.of_msg_repository, pop, 91 | ERROR | Failed to pop from of repository (repo={})
2021-11-10 02:07:06,825 | 4713 | ofcapture.proxy.proxy, handle_switch, 253 | INFO | Client ('127.0.0.1', 33182) is connected
2021-11-10 02:07:06,833 | 4713 | ofcapture.proxy.proxy, handle_switch, 253 | INFO | Client ('127.0.0.1', 33184) is connected
2021-11-10 02:07:06,835 | 4713 | ofcapture.proxy.proxy, open_connection, 351 | ERROR | Failed to connect to controller : [Errno 111] Connect call failed ('127.0.0.1', 6633)
2021-11-10 02:07:06,835 | 4713 | ofcapture.proxy.proxy, open_connection, 351 | ERROR | Failed to connect to controller : [Errno 111] Connect call failed ('127.0.0.1', 6633)
2021-11-10 02:07:07,844 | 4713 | ofcapture.proxy.proxy, handle_switch, 253 | INFO | Client ('127.0.0.1', 33190) is connected
2021-11-10 02:07:07,853 | 4713 | ofcapture.proxy.proxy, handle_switch, 253 | INFO | Client ('127.0.0.1', 33192) is connected
2021-11-10 02:07:07,854 | 4713 | ofcapture.proxy.proxy, handle_controller, 365 | INFO | connected Controller ('127.0.0.1', 6633)
2021-11-10 02:07:07,856 | 4713 | ofcapture.proxy.observer, parse, 35 | INFO | Parsed msg : OFPT_HELLO Hello(xid=UBInt32(340)) {'header': {'version': 4, 'message_type': 0, 'length': 8, 'xid': 340}, 'elements': []}
2021-11-10 02:07:07,857 | 4713 | ofcapture.proxy.observer, parse, 35 | INFO | Parsed msg : OFPT_HELLO Hello(xid=UBInt32(341)) {'header': {'version': 4, 'message_type': 0, 'length': 8, 'xid': 341}, 'elements': []}
2021-11-10 02:07:07,861 | 4713 | ofcapture.proxy.observer, parse, 35 | INFO | Parsed msg : OFPT_HELLO Hello(xid=UBInt32(2207002333)) {'header': {'version': 4, 'message_type': 0, 'length': 8, 'xid': 2207002333}, 'elements': []}
2021-11-10 02:07:07,861 | 4713 | ofcapture.proxy.proxy, handle_controller, 365 | INFO | connected Controller ('127.0.0.1', 6633)
2021-11-10 02:07:07,865 | 4713 | ofcapture.proxy.observer, parse, 35 | INFO | Parsed msg : OFPT_HELLO Hello(xid=UBInt32(1332818867)) {'header': {'version': 4, 'message_type': 0, 'length': 8, 'xid': 1332818867}, 'elements': []}
2021-11-10 02:07:07,866 | 4713 | ofcapture.proxy.observer, parse, 35 | INFO | Parsed msg : OFPT_FEATURES_REQUEST FeaturesRequest(xid=UBInt32(2207002334)) {'header': {'version': 4, 'message_type': 5, 'length': 8, 'xid': 2207002334}}
2021-11-10 02:07:07,869 | 4713 | ofcapture.proxy.observer, parse, 35 | INFO | Parsed msg : OFPT_FEATURES_REQUEST FeaturesRequest(xid=UBInt32(1332818868)) {'header': {'version': 4, 'message_type': 5, 'length': 8, 'xid': 1332818868}}
2021-11-10 02:07:07,870 | 4713 | ofcapture.proxy.observer, parse, 35 | INFO | Parsed msg : OFPT_FEATURES_REPLY FeaturesReply(xid=UBInt32(2207002334)) {'header': {'version': 4, 'message_type': 6, 'length': 32, 'xid': 2207002334}, 'datapath_id': '00:00:00:00:00:00:00:01', 'n_buffers': 0, 'n_tables': 254, 'auxiliary_id': 0, 'pad': None, 'capabilities': '79', 'reserved': 0}
2021-11-10 02:07:07,877 | 4713 | ofcapture.proxy.observer, parse, 35 | INFO | Parsed msg : OFPT_FEATURES_REPLY FeaturesReply(xid=UBInt32(1332818868)) {'header': {'version': 4, 'message_type': 6, 'length': 32, 'xid': 1332818868}, 'datapath_id': '00:00:00:00:00:00:00:02', 'n_buffers': 0, 'n_tables': 254, 'auxiliary_id': 0, 'pad': None, 'capabilities': '79', 'reserved': 0}
2021-11-10 02:07:07,887 | 4713 | ofcapture.proxy.observer, parse, 35 | INFO | Parsed msg : OFPT_MULTIPART_REQUEST MultipartRequest(xid=UBInt32(2207002335)) {'header': {'version': 4, 'message_type': 18, 'length': 16, 'xid': 2207002335}, 'multipart_type': 13, 'flags': {}, 'pad': None, 'body': b'\x04\x0e\x00P\x83\x8c.\xe0\x00\x00\x00\x00\x00\x00\x00\x00\x00\x00\x00\x00\x00\x00\x00\x00\x00\x00\x00\x00\x00\x00\x00\x00\xff\xff\xff\xff\x00\x00\x00\x00\x00\x00\x00\x00\x00\x00\x00\x00\x00\x01\x00\x04\x00\x00\x00\x00\x00\x04\x00\x18\x00\x00\x00\x00\x00\x00\x00\x10\xff\xff\xff\xfd\xff\xff\x00\x00\x00\x00\x00\x00'}
2021-11-10 02:07:07,903 | 4713 | ofcapture.proxy.observer, parse, 35 | INFO | Parsed msg : OFPT_MULTIPART_REQUEST MultipartRequest(xid=UBInt32(1332818869)) {'header': {'version': 4, 'message_type': 18, 'length': 16, 'xid': 1332818869}, 'multipart_type': 13, 'flags': {}, 'pad': None, 'body': b'\x04\x0e\x00POq3\xb6\x00\x00\x00\x00\x00\x00\x00\x00\x00\x00\x00\x00\x00\x00\x00\x00\x00\x00\x00\x00\x00\x00\x00\x00\xff\xff\xff\xff\x00\x00\x00\x00\x00\x00\x00\x00\x00\x00\x00\x00\x00\x01\x00\x04\x00\x00\x00\x00\x00\x04\x00\x18\x00\x00\x00\x00\x00\x00\x00\x10\xff\xff\xff\xfd\xff\xff\x00\x00\x00\x00\x00\x00'}
2021-11-10 02:07:07,908 | 4713 | ofcapture.proxy.observer, parse, 35 | INFO | Parsed msg : OFPT_MULTIPART_REPLY MultipartReply(xid=UBInt32(2207002335)) {'header': {'version': 4, 'message_type': 19, 'length': 272, 'xid': 2207002335}, 'multipart_type': 13, 'flags': 0, 'pad': None, 'body': [{'port_no': 4294967294, 'pad': None, 'hw_addr': 'de:e5:cd:a7:3c:4d', 'pad2': None, 'name': 's1', 'config': '1', 'state': '1', 'curr': '0', 'advertised': '0', 'supported': '0', 'peer': '0', 'curr_speed': 0, 'max_speed': 0}, {'port_no': 1, 'pad': None, 'hw_addr': 'e2:14:90:94:dd:56', 'pad2': None, 'name': 's1-eth1', 'config': '0', 'state': '4', 'curr': '2112', 'advertised': '0', 'supported': '0', 'peer': '0', 'curr_speed': 10000000, 'max_speed': 0}, {'port_no': 2, 'pad': None, 'hw_addr': 'ca:ba:8d:da:a6:e8', 'pad2': None, 'name': 's1-eth2', 'config': '0', 'state': '4', 'curr': '2112', 'advertised': '0', 'supported': '0', 'peer': '0', 'curr_speed': 10000000, 'max_speed': 0}, {'port_no': 3, 'pad': None, 'hw_addr': '1e:f8:6b:17:81:b2', 'pad2': None, 'name': 's1-eth3', 'config': '0', 'state': '4', 'curr': '2112', 'advertised': '0', 'supported': '0', 'peer': '0', 'curr_speed': 10000000, 'max_speed': 0}]}
2021-11-10 02:07:07,910 | 4713 | ofcapture.proxy.observer, parse, 35 | INFO | Parsed msg : OFPT_MULTIPART_REPLY MultipartReply(xid=UBInt32(1332818869)) {'header': {'version': 4, 'message_type': 19, 'length': 208, 'xid': 1332818869}, 'multipart_type': 13, 'flags': 0, 'pad': None, 'body': [{'port_no': 4294967294, 'pad': None, 'hw_addr': '4e:44:ec:98:16:4c', 'pad2': None, 'name': 's2', 'config': '1', 'state': '1', 'curr': '0', 'advertised': '0', 'supported': '0', 'peer': '0', 'curr_speed': 0, 'max_speed': 0}, {'port_no': 1, 'pad': None, 'hw_addr': '9e:c4:84:8b:a6:d5', 'pad2': None, 'name': 's2-eth1', 'config': '0', 'state': '4', 'curr': '2112', 'advertised': '0', 'supported': '0', 'peer': '0', 'curr_speed': 10000000, 'max_speed': 0}, {'port_no': 2, 'pad': None, 'hw_addr': '02:3c:aa:15:c7:ed', 'pad2': None, 'name': 's2-eth2', 'config': '0', 'state': '4', 'curr': '2112', 'advertised': '0', 'supported': '0', 'peer': '0', 'curr_speed': 10000000, 'max_speed': 0}]}
2021-11-10 02:07:08,128 | 4703 | ofcapture.of_msg_repository, pop, 91 | ERROR | Failed to pop from of repository (repo={})
2021-11-10 02:07:08,129 | 4703 | ofcapture.of_msg_repository, pop, 91 | ERROR | Failed to pop from of repository (repo={})
2021-11-10 02:07:10,131 | 4703 | ofcapture.of_msg_repository, pop, 91 | ERROR | Failed to pop from of repository (repo={})
2021-11-10 02:07:10,131 | 4703 | ofcapture.of_msg_repository, pop, 91 | ERROR | Failed to pop from of repository (repo={})
2021-11-10 02:07:12,128 | 4703 | ofcapture.of_msg_repository, pop, 91 | ERROR | Failed to pop from of repository (repo={})
2021-11-10 02:07:12,129 | 4703 | ofcapture.of_msg_repository, pop, 91 | ERROR | Failed to pop from of repository (repo={})
2021-11-10 02:07:12,882 | 4713 | ofcapture.proxy.observer, parse, 35 | INFO | Parsed msg : OFPT_ECHO_REQUEST EchoRequest(xid=UBInt32(0)) {'header': {'version': 4, 'message_type': 2, 'length': 8, 'xid': 0}, 'data': None}
2021-11-10 02:07:12,884 | 4713 | ofcapture.proxy.observer, parse, 35 | INFO | Parsed msg : OFPT_ECHO_REQUEST EchoRequest(xid=UBInt32(0)) {'header': {'version': 4, 'message_type': 2, 'length': 8, 'xid': 0}, 'data': None}
2021-11-10 02:07:12,897 | 4713 | ofcapture.proxy.observer, parse, 35 | INFO | Parsed msg : OFPT_ECHO_REPLY EchoReply(xid=UBInt32(0)) {'header': {'version': 4, 'message_type': 3, 'length': 8, 'xid': 0}, 'data': None}
2021-11-10 02:07:12,898 | 4713 | ofcapture.proxy.observer, parse, 35 | INFO | Parsed msg : OFPT_ECHO_REPLY EchoReply(xid=UBInt32(0)) {'header': {'version': 4, 'message_type': 3, 'length': 8, 'xid': 0}, 'data': None}
2021-11-10 02:07:14,127 | 4703 | ofcapture.of_msg_repository, pop, 91 | ERROR | Failed to pop from of repository (repo={})
2021-11-10 02:07:14,128 | 4703 | ofcapture.of_msg_repository, pop, 91 | ERROR | Failed to pop from of repository (repo={})
2021-11-10 02:07:16,128 | 4703 | ofcapture.of_msg_repository, pop, 91 | ERROR | Failed to pop from of repository (repo={})
2021-11-10 02:07:16,128 | 4703 | ofcapture.of_msg_repository, pop, 91 | ERROR | Failed to pop from of repository (repo={})
2021-11-10 02:07:17,819 | 4713 | ofcapture.proxy.observer, parse, 35 | INFO | Parsed msg : OFPT_ECHO_REQUEST EchoRequest(xid=UBInt32(0)) {'header': {'version': 4, 'message_type': 2, 'length': 8, 'xid': 0}, 'data': None}
2021-11-10 02:07:17,833 | 4713 | ofcapture.proxy.observer, parse, 35 | INFO | Parsed msg : OFPT_ECHO_REQUEST EchoRequest(xid=UBInt32(0)) {'header': {'version': 4, 'message_type': 2, 'length': 8, 'xid': 0}, 'data': None}
2021-11-10 02:07:17,837 | 4713 | ofcapture.proxy.observer, parse, 35 | INFO | Parsed msg : OFPT_ECHO_REPLY EchoReply(xid=UBInt32(0)) {'header': {'version': 4, 'message_type': 3, 'length': 8, 'xid': 0}, 'data': None}
2021-11-10 02:07:17,838 | 4713 | ofcapture.proxy.observer, parse, 35 | INFO | Parsed msg : OFPT_ECHO_REPLY EchoReply(xid=UBInt32(0)) {'header': {'version': 4, 'message_type': 3, 'length': 8, 'xid': 0}, 'data': None}
2021-11-10 02:07:18,129 | 4703 | ofcapture.of_msg_repository, pop, 91 | ERROR | Failed to pop from of repository (repo={})
2021-11-10 02:07:18,129 | 4703 | ofcapture.of_msg_repository, pop, 91 | ERROR | Failed to pop from of repository (repo={})
2021-11-10 02:07:20,127 | 4703 | ofcapture.of_msg_repository, pop, 91 | ERROR | Failed to pop from of repository (repo={})
2021-11-10 02:07:20,127 | 4703 | ofcapture.of_msg_repository, pop, 91 | ERROR | Failed to pop from of repository (repo={})
2021-11-10 02:07:22,128 | 4703 | ofcapture.of_msg_repository, pop, 91 | ERROR | Failed to pop from of repository (repo={})
2021-11-10 02:07:22,129 | 4703 | ofcapture.of_msg_repository, pop, 91 | ERROR | Failed to pop from of repository (repo={})
2021-11-10 02:07:22,831 | 4713 | ofcapture.proxy.observer, parse, 35 | INFO | Parsed msg : OFPT_ECHO_REQUEST EchoRequest(xid=UBInt32(0)) {'header': {'version': 4, 'message_type': 2, 'length': 8, 'xid': 0}, 'data': None}
2021-11-10 02:07:22,833 | 4713 | ofcapture.proxy.observer, parse, 35 | INFO | Parsed msg : OFPT_ECHO_REQUEST EchoRequest(xid=UBInt32(0)) {'header': {'version': 4, 'message_type': 2, 'length': 8, 'xid': 0}, 'data': None}
2021-11-10 02:07:22,850 | 4713 | ofcapture.proxy.observer, parse, 35 | INFO | Parsed msg : OFPT_ECHO_REPLY EchoReply(xid=UBInt32(0)) {'header': {'version': 4, 'message_type': 3, 'length': 8, 'xid': 0}, 'data': None}
2021-11-10 02:07:22,851 | 4713 | ofcapture.proxy.observer, parse, 35 | INFO | Parsed msg : OFPT_ECHO_REPLY EchoReply(xid=UBInt32(0)) {'header': {'version': 4, 'message_type': 3, 'length': 8, 'xid': 0}, 'data': None}
2021-11-10 02:07:24,128 | 4703 | ofcapture.of_msg_repository, pop, 91 | ERROR | Failed to pop from of repository (repo={})
2021-11-10 02:07:24,129 | 4703 | ofcapture.of_msg_repository, pop, 91 | ERROR | Failed to pop from of repository (repo={})
2021-11-10 02:07:26,127 | 4703 | ofcapture.of_msg_repository, pop, 91 | ERROR | Failed to pop from of repository (repo={})
2021-11-10 02:07:26,127 | 4703 | ofcapture.of_msg_repository, pop, 91 | ERROR | Failed to pop from of repository (repo={})
2021-11-10 02:07:27,830 | 4713 | ofcapture.proxy.observer, parse, 35 | INFO | Parsed msg : OFPT_ECHO_REQUEST EchoRequest(xid=UBInt32(0)) {'header': {'version': 4, 'message_type': 2, 'length': 8, 'xid': 0}, 'data': None}
2021-11-10 02:07:27,833 | 4713 | ofcapture.proxy.observer, parse, 35 | INFO | Parsed msg : OFPT_ECHO_REQUEST EchoRequest(xid=UBInt32(0)) {'header': {'version': 4, 'message_type': 2, 'length': 8, 'xid': 0}, 'data': None}
2021-11-10 02:07:27,841 | 4713 | ofcapture.proxy.observer, parse, 35 | INFO | Parsed msg : OFPT_ECHO_REPLY EchoReply(xid=UBInt32(0)) {'header': {'version': 4, 'message_type': 3, 'length': 8, 'xid': 0}, 'data': None}
2021-11-10 02:07:27,842 | 4713 | ofcapture.proxy.observer, parse, 35 | INFO | Parsed msg : OFPT_ECHO_REPLY EchoReply(xid=UBInt32(0)) {'header': {'version': 4, 'message_type': 3, 'length': 8, 'xid': 0}, 'data': None}
2021-11-10 02:07:28,128 | 4703 | ofcapture.of_msg_repository, pop, 91 | ERROR | Failed to pop from of repository (repo={})
2021-11-10 02:07:28,129 | 4703 | ofcapture.of_msg_repository, pop, 91 | ERROR | Failed to pop from of repository (repo={})
2021-11-10 02:07:30,128 | 4703 | ofcapture.of_msg_repository, pop, 91 | ERROR | Failed to pop from of repository (repo={})
2021-11-10 02:07:30,129 | 4703 | ofcapture.of_msg_repository, pop, 91 | ERROR | Failed to pop from of repository (repo={})
2021-11-10 02:07:32,129 | 4703 | ofcapture.of_msg_repository, pop, 91 | ERROR | Failed to pop from of repository (repo={})
2021-11-10 02:07:32,129 | 4703 | ofcapture.of_msg_repository, pop, 91 | ERROR | Failed to pop from of repository (repo={})
2021-11-10 02:07:32,819 | 4713 | ofcapture.proxy.observer, parse, 35 | INFO | Parsed msg : OFPT_ECHO_REQUEST EchoRequest(xid=UBInt32(0)) {'header': {'version': 4, 'message_type': 2, 'length': 8, 'xid': 0}, 'data': None}
2021-11-10 02:07:32,824 | 4713 | ofcapture.proxy.observer, parse, 35 | INFO | Parsed msg : OFPT_ECHO_REQUEST EchoRequest(xid=UBInt32(0)) {'header': {'version': 4, 'message_type': 2, 'length': 8, 'xid': 0}, 'data': None}
2021-11-10 02:07:32,826 | 4713 | ofcapture.proxy.observer, parse, 35 | INFO | Parsed msg : OFPT_ECHO_REPLY EchoReply(xid=UBInt32(0)) {'header': {'version': 4, 'message_type': 3, 'length': 8, 'xid': 0}, 'data': None}
2021-11-10 02:07:32,826 | 4713 | ofcapture.proxy.observer, parse, 35 | INFO | Parsed msg : OFPT_ECHO_REPLY EchoReply(xid=UBInt32(0)) {'header': {'version': 4, 'message_type': 3, 'length': 8, 'xid': 0}, 'data': None}
2021-11-10 02:07:34,128 | 4703 | ofcapture.of_msg_repository, pop, 91 | ERROR | Failed to pop from of repository (repo={})
2021-11-10 02:07:34,129 | 4703 | ofcapture.of_msg_repository, pop, 91 | ERROR | Failed to pop from of repository (repo={})
2021-11-10 02:07:36,131 | 4703 | ofcapture.of_msg_repository, pop, 91 | ERROR | Failed to pop from of repository (repo={})
2021-11-10 02:07:36,131 | 4703 | ofcapture.of_msg_repository, pop, 91 | ERROR | Failed to pop from of repository (repo={})
2021-11-10 02:07:37,823 | 4713 | ofcapture.proxy.observer, parse, 35 | INFO | Parsed msg : OFPT_ECHO_REQUEST EchoRequest(xid=UBInt32(0)) {'header': {'version': 4, 'message_type': 2, 'length': 8, 'xid': 0}, 'data': None}
2021-11-10 02:07:37,824 | 4713 | ofcapture.proxy.observer, parse, 35 | INFO | Parsed msg : OFPT_ECHO_REQUEST EchoRequest(xid=UBInt32(0)) {'header': {'version': 4, 'message_type': 2, 'length': 8, 'xid': 0}, 'data': None}
2021-11-10 02:07:37,833 | 4713 | ofcapture.proxy.observer, parse, 35 | INFO | Parsed msg : OFPT_ECHO_REPLY EchoReply(xid=UBInt32(0)) {'header': {'version': 4, 'message_type': 3, 'length': 8, 'xid': 0}, 'data': None}
2021-11-10 02:07:37,834 | 4713 | ofcapture.proxy.observer, parse, 35 | INFO | Parsed msg : OFPT_ECHO_REPLY EchoReply(xid=UBInt32(0)) {'header': {'version': 4, 'message_type': 3, 'length': 8, 'xid': 0}, 'data': None}
2021-11-10 02:07:38,127 | 4703 | ofcapture.of_msg_repository, pop, 91 | ERROR | Failed to pop from of repository (repo={})
2021-11-10 02:07:38,127 | 4703 | ofcapture.of_msg_repository, pop, 91 | ERROR | Failed to pop from of repository (repo={})
2021-11-10 02:07:40,128 | 4703 | ofcapture.of_msg_repository, pop, 91 | ERROR | Failed to pop from of repository (repo={})
2021-11-10 02:07:40,130 | 4703 | ofcapture.of_msg_repository, pop, 91 | ERROR | Failed to pop from of repository (repo={})
2021-11-10 02:07:42,127 | 4703 | ofcapture.of_msg_repository, pop, 91 | ERROR | Failed to pop from of repository (repo={})
2021-11-10 02:07:42,127 | 4703 | ofcapture.of_msg_repository, pop, 91 | ERROR | Failed to pop from of repository (repo={})
2021-11-10 02:07:42,819 | 4713 | ofcapture.proxy.observer, parse, 35 | INFO | Parsed msg : OFPT_ECHO_REQUEST EchoRequest(xid=UBInt32(0)) {'header': {'version': 4, 'message_type': 2, 'length': 8, 'xid': 0}, 'data': None}
2021-11-10 02:07:42,833 | 4713 | ofcapture.proxy.observer, parse, 35 | INFO | Parsed msg : OFPT_ECHO_REPLY EchoReply(xid=UBInt32(0)) {'header': {'version': 4, 'message_type': 3, 'length': 8, 'xid': 0}, 'data': None}
2021-11-10 02:07:42,834 | 4713 | ofcapture.proxy.observer, parse, 35 | INFO | Parsed msg : OFPT_ECHO_REQUEST EchoRequest(xid=UBInt32(0)) {'header': {'version': 4, 'message_type': 2, 'length': 8, 'xid': 0}, 'data': None}
2021-11-10 02:07:42,837 | 4713 | ofcapture.proxy.observer, parse, 35 | INFO | Parsed msg : OFPT_ECHO_REPLY EchoReply(xid=UBInt32(0)) {'header': {'version': 4, 'message_type': 3, 'length': 8, 'xid': 0}, 'data': None}
2021-11-10 02:07:44,129 | 4703 | ofcapture.of_msg_repository, pop, 91 | ERROR | Failed to pop from of repository (repo={})
2021-11-10 02:07:44,129 | 4703 | ofcapture.of_msg_repository, pop, 91 | ERROR | Failed to pop from of repository (repo={})
2021-11-10 02:07:46,128 | 4703 | ofcapture.of_msg_repository, pop, 91 | ERROR | Failed to pop from of repository (repo={})
2021-11-10 02:07:46,128 | 4703 | ofcapture.of_msg_repository, pop, 91 | ERROR | Failed to pop from of repository (repo={})
2021-11-10 02:07:47,819 | 4713 | ofcapture.proxy.observer, parse, 35 | INFO | Parsed msg : OFPT_ECHO_REQUEST EchoRequest(xid=UBInt32(0)) {'header': {'version': 4, 'message_type': 2, 'length': 8, 'xid': 0}, 'data': None}
2021-11-10 02:07:47,833 | 4713 | ofcapture.proxy.observer, parse, 35 | INFO | Parsed msg : OFPT_ECHO_REQUEST EchoRequest(xid=UBInt32(0)) {'header': {'version': 4, 'message_type': 2, 'length': 8, 'xid': 0}, 'data': None}
2021-11-10 02:07:47,835 | 4713 | ofcapture.proxy.observer, parse, 35 | INFO | Parsed msg : OFPT_ECHO_REPLY EchoReply(xid=UBInt32(0)) {'header': {'version': 4, 'message_type': 3, 'length': 8, 'xid': 0}, 'data': None}
2021-11-10 02:07:47,835 | 4713 | ofcapture.proxy.observer, parse, 35 | INFO | Parsed msg : OFPT_ECHO_REPLY EchoReply(xid=UBInt32(0)) {'header': {'version': 4, 'message_type': 3, 'length': 8, 'xid': 0}, 'data': None}
2021-11-10 02:07:48,127 | 4703 | ofcapture.of_msg_repository, pop, 91 | ERROR | Failed to pop from of repository (repo={})
2021-11-10 02:07:48,128 | 4703 | ofcapture.of_msg_repository, pop, 91 | ERROR | Failed to pop from of repository (repo={})
2021-11-10 02:07:48,850 | 4713 | ofcapture.proxy.observer, parse, 35 | INFO | Parsed msg : OFPT_PACKET_IN PacketIn(xid=UBInt32(0)) {'header': {'version': 4, 'message_type': 10, 'length': 84, 'xid': 0}, 'buffer_id': 4294967295, 'total_len': 42, 'reason': {}, 'table_id': 0, 'cookie': 0, 'match': {'match_type': {}, 'length': 12, 'oxm_match_fields': [{'oxm_class': {}, 'oxm_field_and_mask': 0, 'oxm_length': 4, 'oxm_value': [0, 0, 0, 1], 'oxm_field': 0, 'oxm_hasmask': False}]}, 'pad': None, 'data': b'\xff\xff\xff\xff\xff\xffv\xffM1\x86\x1e\x08\x06\x00\x01\x08\x00\x06\x04\x00\x01v\xffM1\x86\x1e\n\x00\x00\x01\x00\x00\x00\x00\x00\x00\n\x00\x00\x02'}
2021-11-10 02:07:48,861 | 4713 | ofcapture.proxy.observer, parse, 35 | INFO | Parsed msg : OFPT_PACKET_OUT PacketOut(xid=UBInt32(2207002337)) {'header': {'version': 4, 'message_type': 13, 'length': 82, 'xid': 2207002337}, 'buffer_id': 4294967295, 'in_port': 1, 'actions_len': 16, 'pad': None, 'actions': [{'action_type': {}, 'length': 16, 'port': 4294967291, 'max_length': 65509, 'pad': None}], 'data': b'\xff\xff\xff\xff\xff\xffv\xffM1\x86\x1e\x08\x06\x00\x01\x08\x00\x06\x04\x00\x01v\xffM1\x86\x1e\n\x00\x00\x01\x00\x00\x00\x00\x00\x00\n\x00\x00\x02'}
2021-11-10 02:07:48,876 | 4713 | ofcapture.proxy.observer, parse, 35 | INFO | Parsed msg : OFPT_PACKET_IN PacketIn(xid=UBInt32(0)) {'header': {'version': 4, 'message_type': 10, 'length': 84, 'xid': 0}, 'buffer_id': 4294967295, 'total_len': 42, 'reason': {}, 'table_id': 0, 'cookie': 0, 'match': {'match_type': {}, 'length': 12, 'oxm_match_fields': [{'oxm_class': {}, 'oxm_field_and_mask': 0, 'oxm_length': 4, 'oxm_value': [0, 0, 0, 1], 'oxm_field': 0, 'oxm_hasmask': False}]}, 'pad': None, 'data': b'\xff\xff\xff\xff\xff\xffv\xffM1\x86\x1e\x08\x06\x00\x01\x08\x00\x06\x04\x00\x01v\xffM1\x86\x1e\n\x00\x00\x01\x00\x00\x00\x00\x00\x00\n\x00\x00\x02'}
2021-11-10 02:07:48,887 | 4713 | ofcapture.proxy.observer, parse, 35 | INFO | Parsed msg : OFPT_PACKET_OUT PacketOut(xid=UBInt32(1332818871)) {'header': {'version': 4, 'message_type': 13, 'length': 82, 'xid': 1332818871}, 'buffer_id': 4294967295, 'in_port': 1, 'actions_len': 16, 'pad': None, 'actions': [{'action_type': {}, 'length': 16, 'port': 4294967291, 'max_length': 65509, 'pad': None}], 'data': b'\xff\xff\xff\xff\xff\xffv\xffM1\x86\x1e\x08\x06\x00\x01\x08\x00\x06\x04\x00\x01v\xffM1\x86\x1e\n\x00\x00\x01\x00\x00\x00\x00\x00\x00\n\x00\x00\x02'}
2021-11-10 02:07:48,894 | 4713 | ofcapture.proxy.observer, parse, 35 | INFO | Parsed msg : OFPT_PACKET_IN PacketIn(xid=UBInt32(0)) {'header': {'version': 4, 'message_type': 10, 'length': 84, 'xid': 0}, 'buffer_id': 4294967295, 'total_len': 42, 'reason': {}, 'table_id': 0, 'cookie': 0, 'match': {'match_type': {}, 'length': 12, 'oxm_match_fields': [{'oxm_class': {}, 'oxm_field_and_mask': 0, 'oxm_length': 4, 'oxm_value': [0, 0, 0, 2], 'oxm_field': 0, 'oxm_hasmask': False}]}, 'pad': None, 'data': b'v\xffM1\x86\x1e\xf6\x94\xb9\x8a\xf4G\x08\x06\x00\x01\x08\x00\x06\x04\x00\x02\xf6\x94\xb9\x8a\xf4G\n\x00\x00\x02v\xffM1\x86\x1e\n\x00\x00\x01'}
2021-11-10 02:07:48,905 | 4713 | ofcapture.proxy.observer, parse, 42 | ERROR | Failed to unpack msg(OFPT_FLOW_MOD) : FlowMod.instructions; 1037 is not a valid InstructionType; fmt = !H, buff = b'\x00\x00\x00\x00\x00\x00\x00\x00\x00\x00\x00\x00\x00\x00\x00\x00\x00\x00\x00\x00\x00\x00\x00\x01\xff\xff\xff\xff\x00\x00\x00\x00\x00\x00\x00\x00\x00\x00\x00\x00\x00\x01\x00 \x80\x00\x00\x04\x00\x00\x00\x02\x80\x00\x06\x06v\xffM1\x86\x1e\x80\x00\x08\x06\xf6\x94\xb9\x8a\xf4G\x00\x04\x00\x18\x00\x00\x00\x00\x00\x00\x00\x10\x00\x00\x00\x01\xff\xe5\x00\x00\x00\x00\x00\x00\x04\r\x00ROq3\xb9\xff\xff\xff\xff\x00\x00\x00\x02\x00\x10\x00\x00\x00\x00\x00\x00\x00\x00\x00\x10\x00\x00\x00\x01\xff\xe5\x00\x00\x00\x00\x00\x00v\xffM1\x86\x1e\xf6\x94\xb9\x8a\xf4G\x08\x06\x00\x01\x08\x00\x06\x04\x00\x02\xf6\x94\xb9\x8a\xf4G\n\x00\x00\x02v\xffM1\x86\x1e\n\x00\x00\x01', offset = 96.
2021-11-10 02:07:48,913 | 4713 | ofcapture.proxy.observer, parse, 35 | INFO | Parsed msg : OFPT_PACKET_IN PacketIn(xid=UBInt32(0)) {'header': {'version': 4, 'message_type': 10, 'length': 84, 'xid': 0}, 'buffer_id': 4294967295, 'total_len': 42, 'reason': {}, 'table_id': 0, 'cookie': 0, 'match': {'match_type': {}, 'length': 12, 'oxm_match_fields': [{'oxm_class': {}, 'oxm_field_and_mask': 0, 'oxm_length': 4, 'oxm_value': [0, 0, 0, 2], 'oxm_field': 0, 'oxm_hasmask': False}]}, 'pad': None, 'data': b'v\xffM1\x86\x1e\xf6\x94\xb9\x8a\xf4G\x08\x06\x00\x01\x08\x00\x06\x04\x00\x02\xf6\x94\xb9\x8a\xf4G\n\x00\x00\x02v\xffM1\x86\x1e\n\x00\x00\x01'}
2021-11-10 02:07:48,918 | 4713 | ofcapture.proxy.observer, parse, 42 | ERROR | Failed to unpack msg(OFPT_FLOW_MOD) : FlowMod.instructions; 1037 is not a valid InstructionType; fmt = !H, buff = b'\x00\x00\x00\x00\x00\x00\x00\x00\x00\x00\x00\x00\x00\x00\x00\x00\x00\x00\x00\x00\x00\x00\x00\x01\xff\xff\xff\xff\x00\x00\x00\x00\x00\x00\x00\x00\x00\x00\x00\x00\x00\x01\x00 \x80\x00\x00\x04\x00\x00\x00\x02\x80\x00\x06\x06v\xffM1\x86\x1e\x80\x00\x08\x06\xf6\x94\xb9\x8a\xf4G\x00\x04\x00\x18\x00\x00\x00\x00\x00\x00\x00\x10\x00\x00\x00\x01\xff\xe5\x00\x00\x00\x00\x00\x00\x04\r\x00R\x83\x8c.\xe3\xff\xff\xff\xff\x00\x00\x00\x02\x00\x10\x00\x00\x00\x00\x00\x00\x00\x00\x00\x10\x00\x00\x00\x01\xff\xe5\x00\x00\x00\x00\x00\x00v\xffM1\x86\x1e\xf6\x94\xb9\x8a\xf4G\x08\x06\x00\x01\x08\x00\x06\x04\x00\x02\xf6\x94\xb9\x8a\xf4G\n\x00\x00\x02v\xffM1\x86\x1e\n\x00\x00\x01', offset = 96.
2021-11-10 02:07:48,926 | 4713 | ofcapture.proxy.observer, parse, 35 | INFO | Parsed msg : OFPT_PACKET_IN PacketIn(xid=UBInt32(0)) {'header': {'version': 4, 'message_type': 10, 'length': 140, 'xid': 0}, 'buffer_id': 4294967295, 'total_len': 98, 'reason': {}, 'table_id': 0, 'cookie': 0, 'match': {'match_type': {}, 'length': 12, 'oxm_match_fields': [{'oxm_class': {}, 'oxm_field_and_mask': 0, 'oxm_length': 4, 'oxm_value': [0, 0, 0, 1], 'oxm_field': 0, 'oxm_hasmask': False}]}, 'pad': None, 'data': b'\xf6\x94\xb9\x8a\xf4Gv\xffM1\x86\x1e\x08\x00E\x00\x00T\x0b\xfb@\x00@\x01\x1a\xac\n\x00\x00\x01\n\x00\x00\x02\x08\x00s~\x144\x00\x01t)\x8ba\x00\x00\x00\x00\xa5\xee\x0c\x00\x00\x00\x00\x00\x10\x11\x12\x13\x14\x15\x16\x17\x18\x19\x1a\x1b\x1c\x1d\x1e\x1f !"#$%&\'()*+,-./01234567'}
2021-11-10 02:07:48,930 | 4713 | ofcapture.proxy.observer, parse, 42 | ERROR | Failed to unpack msg(OFPT_FLOW_MOD) : FlowMod.instructions; 1037 is not a valid InstructionType; fmt = !H, buff = b'\x00\x00\x00\x00\x00\x00\x00\x00\x00\x00\x00\x00\x00\x00\x00\x00\x00\x00\x00\x00\x00\x00\x00\x01\xff\xff\xff\xff\x00\x00\x00\x00\x00\x00\x00\x00\x00\x00\x00\x00\x00\x01\x00 \x80\x00\x00\x04\x00\x00\x00\x01\x80\x00\x06\x06\xf6\x94\xb9\x8a\xf4G\x80\x00\x08\x06v\xffM1\x86\x1e\x00\x04\x00\x18\x00\x00\x00\x00\x00\x00\x00\x10\x00\x00\x00\x02\xff\xe5\x00\x00\x00\x00\x00\x00\x04\r\x00\x8a\x83\x8c.\xe5\xff\xff\xff\xff\x00\x00\x00\x01\x00\x10\x00\x00\x00\x00\x00\x00\x00\x00\x00\x10\x00\x00\x00\x02\xff\xe5\x00\x00\x00\x00\x00\x00\xf6\x94\xb9\x8a\xf4Gv\xffM1\x86\x1e\x08\x00E\x00\x00T\x0b\xfb@\x00@\x01\x1a\xac\n\x00\x00\x01\n\x00\x00\x02\x08\x00s~\x144\x00\x01t)\x8ba\x00\x00\x00\x00\xa5\xee\x0c\x00\x00\x00\x00\x00\x10\x11\x12\x13\x14\x15\x16\x17\x18\x19\x1a\x1b\x1c\x1d\x1e\x1f !"#$%&\'()*+,-./01234567', offset = 96.
2021-11-10 02:07:48,933 | 4713 | ofcapture.proxy.observer, parse, 35 | INFO | Parsed msg : OFPT_PACKET_IN PacketIn(xid=UBInt32(0)) {'header': {'version': 4, 'message_type': 10, 'length': 140, 'xid': 0}, 'buffer_id': 4294967295, 'total_len': 98, 'reason': {}, 'table_id': 0, 'cookie': 0, 'match': {'match_type': {}, 'length': 12, 'oxm_match_fields': [{'oxm_class': {}, 'oxm_field_and_mask': 0, 'oxm_length': 4, 'oxm_value': [0, 0, 0, 1], 'oxm_field': 0, 'oxm_hasmask': False}]}, 'pad': None, 'data': b'\xf6\x94\xb9\x8a\xf4Gv\xffM1\x86\x1e\x08\x00E\x00\x00T\x0b\xfb@\x00@\x01\x1a\xac\n\x00\x00\x01\n\x00\x00\x02\x08\x00s~\x144\x00\x01t)\x8ba\x00\x00\x00\x00\xa5\xee\x0c\x00\x00\x00\x00\x00\x10\x11\x12\x13\x14\x15\x16\x17\x18\x19\x1a\x1b\x1c\x1d\x1e\x1f !"#$%&\'()*+,-./01234567'}
2021-11-10 02:07:48,938 | 4713 | ofcapture.proxy.observer, parse, 42 | ERROR | Failed to unpack msg(OFPT_FLOW_MOD) : FlowMod.instructions; 1037 is not a valid InstructionType; fmt = !H, buff = b'\x00\x00\x00\x00\x00\x00\x00\x00\x00\x00\x00\x00\x00\x00\x00\x00\x00\x00\x00\x00\x00\x00\x00\x01\xff\xff\xff\xff\x00\x00\x00\x00\x00\x00\x00\x00\x00\x00\x00\x00\x00\x01\x00 \x80\x00\x00\x04\x00\x00\x00\x01\x80\x00\x06\x06\xf6\x94\xb9\x8a\xf4G\x80\x00\x08\x06v\xffM1\x86\x1e\x00\x04\x00\x18\x00\x00\x00\x00\x00\x00\x00\x10\x00\x00\x00\x02\xff\xe5\x00\x00\x00\x00\x00\x00\x04\r\x00\x8aOq3\xbb\xff\xff\xff\xff\x00\x00\x00\x01\x00\x10\x00\x00\x00\x00\x00\x00\x00\x00\x00\x10\x00\x00\x00\x02\xff\xe5\x00\x00\x00\x00\x00\x00\xf6\x94\xb9\x8a\xf4Gv\xffM1\x86\x1e\x08\x00E\x00\x00T\x0b\xfb@\x00@\x01\x1a\xac\n\x00\x00\x01\n\x00\x00\x02\x08\x00s~\x144\x00\x01t)\x8ba\x00\x00\x00\x00\xa5\xee\x0c\x00\x00\x00\x00\x00\x10\x11\x12\x13\x14\x15\x16\x17\x18\x19\x1a\x1b\x1c\x1d\x1e\x1f !"#$%&\'()*+,-./01234567', offset = 96.
2021-11-10 02:07:53,824 | 4713 | ofcapture.proxy.observer, parse, 35 | INFO | Parsed msg : OFPT_ECHO_REQUEST EchoRequest(xid=UBInt32(0)) {'header': {'version': 4, 'message_type': 2, 'length': 8, 'xid': 0}, 'data': None}
2021-11-10 02:07:53,827 | 4713 | ofcapture.proxy.observer, parse, 35 | INFO | Parsed msg : OFPT_ECHO_REQUEST EchoRequest(xid=UBInt32(0)) {'header': {'version': 4, 'message_type': 2, 'length': 8, 'xid': 0}, 'data': None}
2021-11-10 02:07:53,829 | 4713 | ofcapture.proxy.observer, parse, 35 | INFO | Parsed msg : OFPT_ECHO_REPLY EchoReply(xid=UBInt32(0)) {'header': {'version': 4, 'message_type': 3, 'length': 8, 'xid': 0}, 'data': None}
2021-11-10 02:07:53,830 | 4713 | ofcapture.proxy.observer, parse, 35 | INFO | Parsed msg : OFPT_ECHO_REPLY EchoReply(xid=UBInt32(0)) {'header': {'version': 4, 'message_type': 3, 'length': 8, 'xid': 0}, 'data': None}
2021-11-10 02:07:58,833 | 4713 | ofcapture.proxy.observer, parse, 35 | INFO | Parsed msg : OFPT_ECHO_REQUEST EchoRequest(xid=UBInt32(0)) {'header': {'version': 4, 'message_type': 2, 'length': 8, 'xid': 0}, 'data': None}
2021-11-10 02:07:58,834 | 4713 | ofcapture.proxy.observer, parse, 35 | INFO | Parsed msg : OFPT_ECHO_REQUEST EchoRequest(xid=UBInt32(0)) {'header': {'version': 4, 'message_type': 2, 'length': 8, 'xid': 0}, 'data': None}
2021-11-10 02:07:58,836 | 4713 | ofcapture.proxy.observer, parse, 35 | INFO | Parsed msg : OFPT_ECHO_REPLY EchoReply(xid=UBInt32(0)) {'header': {'version': 4, 'message_type': 3, 'length': 8, 'xid': 0}, 'data': None}
2021-11-10 02:07:58,837 | 4713 | ofcapture.proxy.observer, parse, 35 | INFO | Parsed msg : OFPT_ECHO_REPLY EchoReply(xid=UBInt32(0)) {'header': {'version': 4, 'message_type': 3, 'length': 8, 'xid': 0}, 'data': None}
2021-11-10 02:08:03,841 | 4713 | ofcapture.proxy.observer, parse, 35 | INFO | Parsed msg : OFPT_ECHO_REQUEST EchoRequest(xid=UBInt32(0)) {'header': {'version': 4, 'message_type': 2, 'length': 8, 'xid': 0}, 'data': None}
2021-11-10 02:08:03,843 | 4713 | ofcapture.proxy.observer, parse, 35 | INFO | Parsed msg : OFPT_ECHO_REQUEST EchoRequest(xid=UBInt32(0)) {'header': {'version': 4, 'message_type': 2, 'length': 8, 'xid': 0}, 'data': None}
2021-11-10 02:08:03,844 | 4713 | ofcapture.proxy.observer, parse, 35 | INFO | Parsed msg : OFPT_ECHO_REPLY EchoReply(xid=UBInt32(0)) {'header': {'version': 4, 'message_type': 3, 'length': 8, 'xid': 0}, 'data': None}
2021-11-10 02:08:03,845 | 4713 | ofcapture.proxy.observer, parse, 35 | INFO | Parsed msg : OFPT_ECHO_REPLY EchoReply(xid=UBInt32(0)) {'header': {'version': 4, 'message_type': 3, 'length': 8, 'xid': 0}, 'data': None}
2021-11-10 02:08:08,828 | 4713 | ofcapture.proxy.observer, parse, 35 | INFO | Parsed msg : OFPT_ECHO_REQUEST EchoRequest(xid=UBInt32(0)) {'header': {'version': 4, 'message_type': 2, 'length': 8, 'xid': 0}, 'data': None}
2021-11-10 02:08:08,837 | 4713 | ofcapture.proxy.observer, parse, 35 | INFO | Parsed msg : OFPT_ECHO_REQUEST EchoRequest(xid=UBInt32(0)) {'header': {'version': 4, 'message_type': 2, 'length': 8, 'xid': 0}, 'data': None}
2021-11-10 02:08:08,846 | 4713 | ofcapture.proxy.observer, parse, 35 | INFO | Parsed msg : OFPT_ECHO_REPLY EchoReply(xid=UBInt32(0)) {'header': {'version': 4, 'message_type': 3, 'length': 8, 'xid': 0}, 'data': None}
2021-11-10 02:08:08,847 | 4713 | ofcapture.proxy.observer, parse, 35 | INFO | Parsed msg : OFPT_ECHO_REPLY EchoReply(xid=UBInt32(0)) {'header': {'version': 4, 'message_type': 3, 'length': 8, 'xid': 0}, 'data': None}
