2021-07-21 02:22:11,678 | 16022 | tracing_net.net, __init__, 96 | INFO | set up on-demand mininet
2021-07-21 02:22:11,691 | 16022 | tracing_net.net, start, 307 | INFO | mininet start
2021-07-21 02:22:11,736 | 16022 | tracing_net.net, add_switch, 113 | DEBUG | added the switch (s1)
2021-07-21 02:22:11,877 | 16022 | tracing_net.net, add_host, 159 | DEBUG | added the host (h1)
2021-07-21 02:22:11,978 | 16022 | tracing_net.net, add_link, 198 | DEBUG | added the link (l2) between s1 and h1
2021-07-21 02:22:12,085 | 16022 | tracing_net.net, add_switch, 113 | DEBUG | added the switch (s2)
2021-07-21 02:22:12,189 | 16022 | tracing_net.net, add_link, 198 | DEBUG | added the link (l1) between s1 and s2
2021-07-21 02:22:12,547 | 16022 | tracing_net.net, add_host, 159 | DEBUG | added the host (h2)
2021-07-21 02:22:12,606 | 16022 | tracing_net.net, add_link, 198 | DEBUG | added the link (l3) between s2 and h2
2021-07-21 02:22:12,972 | 16022 | tracing_net.packet_capture_manager, start_capture, 85 | DEBUG | capture process (s1-eth1:None) started
2021-07-21 02:22:12,984 | 16145 | tracing_net.util.packet_capture, start_capture, 56 | INFO | capture start on s1-eth1
2021-07-21 02:22:12,988 | 16022 | tracing_net.packet_capture_manager, start_capture, 85 | DEBUG | capture process (s1-eth2:None) started
2021-07-21 02:22:13,001 | 16147 | tracing_net.util.packet_capture, start_capture, 56 | INFO | capture start on s1-eth2
2021-07-21 02:22:13,007 | 16022 | tracing_net.packet_capture_manager, start_capture, 85 | DEBUG | capture process (s2-eth2:None) started
2021-07-21 02:22:13,011 | 16022 | tracing_net.flowtable.flow_monitor, __init__, 46 | INFO | flow monitor start : s1
2021-07-21 02:22:13,025 | 16149 | tracing_net.util.packet_capture, start_capture, 56 | INFO | capture start on s2-eth2
2021-07-21 02:22:13,031 | 16022 | tracing_net.flowtable.flow_monitor, __init__, 46 | INFO | flow monitor start : s2
2021-07-21 02:22:13,167 | 16153 | tracing_net.flowtable.flow_monitor, flow_monitor, 89 | DEBUG | flow monitor get result {'msg_type': 'NXST_FLOW_MONITOR', 'type': 'reply', 'xid': '0x4'}
2021-07-21 02:22:13,218 | 16157 | tracing_net.flowtable.flow_monitor, flow_monitor, 89 | DEBUG | flow monitor get result {'msg_type': 'NXST_FLOW_MONITOR', 'type': 'reply', 'xid': '0x4'}
2021-07-21 02:22:14,039 | 16153 | tracing_net.flowtable.flow_monitor, dump_flows, 57 | DEBUG | dump flows on s1
2021-07-21 02:22:14,111 | 16157 | tracing_net.flowtable.flow_monitor, dump_flows, 57 | DEBUG | dump flows on s2
2021-07-21 02:22:14,123 | 16153 | tracing_net.flowtable.flow_monitor, read_dump_flow, 73 | DEBUG | get result for dump flow 1626834134.050705 : ['OFPST_FLOW reply (OF1.3) (xid=0x2):']
2021-07-21 02:22:14,177 | 16157 | tracing_net.flowtable.flow_monitor, read_dump_flow, 73 | DEBUG | get result for dump flow 1626834134.151111 : ['OFPST_FLOW reply (OF1.3) (xid=0x2):']
2021-07-21 02:22:15,036 | 16153 | tracing_net.flowtable.flow_monitor, dump_flows, 57 | DEBUG | dump flows on s1
2021-07-21 02:22:15,065 | 16022 | tracing_net.packet_repository, pop, 73 | ERROR | Failed to pop from packet repository (repo={})
2021-07-21 02:22:15,065 | 16022 | tracing_net.packet_repository, pop, 73 | ERROR | Failed to pop from packet repository (repo={})
2021-07-21 02:22:15,066 | 16022 | tracing_net.packet_repository, pop, 73 | ERROR | Failed to pop from packet repository (repo={})
2021-07-21 02:22:15,068 | 16022 | tracing_of_pipeline.analyzer, _poll_packet_inout_repo, 307 | DEBUG | tmp_p = None, s_dpip = 1
2021-07-21 02:22:15,070 | 16022 | tracing_of_pipeline.analyzer, _poll_packet_inout_repo, 307 | DEBUG | tmp_p = None, s_dpip = 2
2021-07-21 02:22:15,070 | 16022 | tracing_of_pipeline.analyzer, _polling, 280 | DEBUG | polled (start_time=1626834133.064136, until=0) values = {'l2': [], 'l1': [], 'l3': []} {} {'s1': [], 's2': []}
2021-07-21 02:22:15,071 | 16022 | tracing_of_pipeline.analyzer, analyze, 165 | WARNING | Fuck!!!!!!!! s1-eth1
2021-07-21 02:22:15,071 | 16022 | tracing_of_pipeline.analyzer, analyze, 165 | WARNING | Fuck!!!!!!!! s1-eth2
2021-07-21 02:22:15,071 | 16022 | tracing_of_pipeline.analyzer, analyze, 165 | WARNING | Fuck!!!!!!!! s2-eth2
2021-07-21 02:22:15,074 | 16153 | tracing_net.flowtable.flow_monitor, read_dump_flow, 73 | DEBUG | get result for dump flow 1626834135.049575 : ['OFPST_FLOW reply (OF1.3) (xid=0x2):']
2021-07-21 02:22:15,107 | 16157 | tracing_net.flowtable.flow_monitor, dump_flows, 57 | DEBUG | dump flows on s2
2021-07-21 02:22:15,172 | 16157 | tracing_net.flowtable.flow_monitor, read_dump_flow, 73 | DEBUG | get result for dump flow 1626834135.135875 : ['OFPST_FLOW reply (OF1.3) (xid=0x2):']
2021-07-21 02:22:16,037 | 16153 | tracing_net.flowtable.flow_monitor, dump_flows, 57 | DEBUG | dump flows on s1
2021-07-21 02:22:16,045 | 16153 | tracing_net.flowtable.flow_monitor, read_dump_flow, 73 | DEBUG | get result for dump flow 1626834136.042267 : ['OFPST_FLOW reply (OF1.3) (xid=0x2):']
2021-07-21 02:22:16,103 | 16157 | tracing_net.flowtable.flow_monitor, dump_flows, 57 | DEBUG | dump flows on s2
2021-07-21 02:22:16,118 | 16157 | tracing_net.flowtable.flow_monitor, read_dump_flow, 73 | DEBUG | get result for dump flow 1626834136.112609 : ['OFPST_FLOW reply (OF1.3) (xid=0x2):']
2021-07-21 02:22:16,672 | 16147 | tracing_net.util.packet_capture, _packet_handler, 72 | DEBUG | sniff 1626834135.439977006 : <class 'pyshark.packet.packet.Packet'>
2021-07-21 02:22:16,827 | 16157 | tracing_net.flowtable.flow_monitor, flow_monitor, 89 | DEBUG | flow monitor get result {'msg_type': 'NXST_FLOW_MONITOR', 'type': 'reply', 'xid': '0x0'}
2021-07-21 02:22:16,828 | 16157 | tracing_net.flowtable.flow_monitor, flow_monitor, 89 | DEBUG | flow monitor get result {'event': 'ADDED', 'table': '0', 'cookie': '0', 'actions': 'CONTROLLER:65535'}
2021-07-21 02:22:16,828 | 16153 | tracing_net.flowtable.flow_monitor, flow_monitor, 89 | DEBUG | flow monitor get result {'msg_type': 'NXST_FLOW_MONITOR', 'type': 'reply', 'xid': '0x0'}
2021-07-21 02:22:16,829 | 16153 | tracing_net.flowtable.flow_monitor, flow_monitor, 89 | DEBUG | flow monitor get result {'event': 'ADDED', 'table': '0', 'cookie': '0', 'actions': 'CONTROLLER:65535'}
2021-07-21 02:22:16,959 | 16147 | tracing_net.util.packet_capture, _packet_handler, 72 | DEBUG | sniff 1626834136.486037295 : <class 'pyshark.packet.packet.Packet'>
2021-07-21 02:22:17,052 | 16153 | tracing_net.flowtable.flow_monitor, dump_flows, 57 | DEBUG | dump flows on s1
2021-07-21 02:22:17,063 | 16145 | tracing_net.util.packet_capture, _packet_handler, 72 | DEBUG | sniff 1626834135.470471289 : <class 'pyshark.packet.packet.Packet'>
2021-07-21 02:22:17,066 | 16022 | tracing_net.packet_repository, pop, 73 | ERROR | Failed to pop from packet repository (repo={'s1-eth2': [<Msg captured_interface=s1-eth2, sniff_timestamp=1626834135.439977, pkt=<UDP/MDNS_RAW Packet>, in_port=s1-eth2, in_phy_port=s1-eth2>, <Msg captured_interface=s1-eth2, sniff_timestamp=1626834136.4860373, pkt=<UDP/MDNS_RAW Packet>, in_port=s1-eth2, in_phy_port=s1-eth2>], 's1-eth1': [<Msg captured_interface=s1-eth1, sniff_timestamp=1626834135.4704714, pkt=<UDP/MDNS_RAW Packet>, in_port=s1-eth1, in_phy_port=s1-eth1>]})
2021-07-21 02:22:17,069 | 16153 | tracing_net.flowtable.flow_monitor, read_dump_flow, 73 | DEBUG | get result for dump flow 1626834137.058536 : ['OFPST_FLOW reply (OF1.3) (xid=0x2):', ' cookie=0x0, duration=0.240s, table=0, n_packets=1, n_bytes=107, priority=0 actions=CONTROLLER:65535']
2021-07-21 02:22:17,076 | 16022 | tracing_of_pipeline.analyzer, _poll_packet_inout_repo, 307 | DEBUG | tmp_p = None, s_dpip = 1
2021-07-21 02:22:17,079 | 16022 | tracing_of_pipeline.analyzer, _poll_packet_inout_repo, 307 | DEBUG | tmp_p = None, s_dpip = 2
2021-07-21 02:22:17,086 | 16022 | tracing_of_pipeline.analyzer, _polling, 280 | DEBUG | polled (start_time=1626834133.064136, until=1) values = {'l2': [], 'l1': [], 'l3': []} {} {'s1': [], 's2': []}
2021-07-21 02:22:17,090 | 16022 | tracing_of_pipeline.analyzer, analyze, 165 | WARNING | Fuck!!!!!!!! s1-eth1
2021-07-21 02:22:17,101 | 16022 | tracing_of_pipeline.analyzer, analyze, 165 | WARNING | Fuck!!!!!!!! s1-eth2
2021-07-21 02:22:17,103 | 16157 | tracing_net.flowtable.flow_monitor, dump_flows, 57 | DEBUG | dump flows on s2
2021-07-21 02:22:17,102 | 16022 | tracing_of_pipeline.analyzer, analyze, 165 | WARNING | Fuck!!!!!!!! s2-eth2
2021-07-21 02:22:17,116 | 16153 | tracing_net.flowtable.flow_monitor, read_dump_flow, 78 | DEBUG | parsed result to table 1626834137.058536 : <FlowTables(datapath=0, timestamp=1626834137.058536, flows=[<Flow(table=0, priority=0, match={}, actions=[<InstructionApplyAction type=4>])>])>
2021-07-21 02:22:17,112 | 16022 | tracing_of_pipeline, _handle_child_conn, 113 | DEBUG | get from ofcapture <Message msg_name=OFPT_PACKET_IN of_msg=PacketIn(xid=UBInt32(0)) timestamp=1626834137.095511 local_port=53262 datapath_id=1>
2021-07-21 02:22:17,117 | 16022 | tracing_net.flowtable.table_repository, add, 88 | DEBUG | Table repo added table <FlowTables(datapath=0, timestamp=1626834137.058536, flows=[<Flow(table=0, priority=0, match={}, actions=[<InstructionApplyAction type=4>])>])>
2021-07-21 02:22:17,126 | 16022 | tracing_of_pipeline, _handle_child_conn, 113 | DEBUG | get from ofcapture <Message msg_name=OFPT_PACKET_OUT of_msg=PacketOut(xid=UBInt32(1399551009)) timestamp=1626834137.12068 local_port=53262 datapath_id=1>
2021-07-21 02:22:17,132 | 16157 | tracing_net.flowtable.flow_monitor, read_dump_flow, 73 | DEBUG | get result for dump flow 1626834137.121853 : ['OFPST_FLOW reply (OF1.3) (xid=0x2):', ' cookie=0x0, duration=0.303s, table=0, n_packets=0, n_bytes=0, priority=0 actions=CONTROLLER:65535']
2021-07-21 02:22:17,157 | 16157 | tracing_net.flowtable.flow_monitor, read_dump_flow, 78 | DEBUG | parsed result to table 1626834137.121853 : <FlowTables(datapath=0, timestamp=1626834137.121853, flows=[<Flow(table=0, priority=0, match={}, actions=[<InstructionApplyAction type=4>])>])>
2021-07-21 02:22:17,158 | 16022 | tracing_net.flowtable.table_repository, add, 88 | DEBUG | Table repo added table <FlowTables(datapath=0, timestamp=1626834137.121853, flows=[<Flow(table=0, priority=0, match={}, actions=[<InstructionApplyAction type=4>])>])>
2021-07-21 02:22:17,221 | 16147 | tracing_net.util.packet_capture, _packet_handler, 72 | DEBUG | sniff 1626834136.721591034 : <class 'pyshark.packet.packet.Packet'>
2021-07-21 02:22:17,259 | 16149 | tracing_net.util.packet_capture, _packet_handler, 72 | DEBUG | sniff 1626834135.891343487 : <class 'pyshark.packet.packet.Packet'>
2021-07-21 02:22:17,310 | 16022 | tracing_of_pipeline, _handle_child_conn, 113 | DEBUG | get from ofcapture <Message msg_name=OFPT_PACKET_IN of_msg=PacketIn(xid=UBInt32(0)) timestamp=1626834137.256004 local_port=53262 datapath_id=1>
2021-07-21 02:22:17,330 | 16022 | tracing_of_pipeline, _handle_child_conn, 113 | DEBUG | get from ofcapture <Message msg_name=OFPT_PACKET_OUT of_msg=PacketOut(xid=UBInt32(1399551010)) timestamp=1626834137.314666 local_port=53262 datapath_id=1>
2021-07-21 02:22:17,331 | 16145 | tracing_net.util.packet_capture, _packet_handler, 72 | DEBUG | sniff 1626834136.775841945 : <class 'pyshark.packet.packet.Packet'>
2021-07-21 02:22:17,344 | 16145 | tracing_net.util.packet_capture, _packet_handler, 72 | DEBUG | sniff 1626834137.120473252 : <class 'pyshark.packet.packet.Packet'>
2021-07-21 02:22:17,432 | 16022 | tracing_of_pipeline, _handle_child_conn, 113 | DEBUG | get from ofcapture <Message msg_name=OFPT_PACKET_IN of_msg=PacketIn(xid=UBInt32(0)) timestamp=1626834137.359295 local_port=53264 datapath_id=2>
2021-07-21 02:22:17,438 | 16022 | tracing_of_pipeline, _handle_child_conn, 113 | DEBUG | get from ofcapture <Message msg_name=OFPT_PACKET_OUT of_msg=PacketOut(xid=UBInt32(4166801186)) timestamp=1626834137.433154 local_port=53264 datapath_id=2>
2021-07-21 02:22:17,477 | 16147 | tracing_net.util.packet_capture, _packet_handler, 72 | DEBUG | sniff 1626834137.091180972 : <class 'pyshark.packet.packet.Packet'>
2021-07-21 02:22:17,489 | 16147 | tracing_net.util.packet_capture, _packet_handler, 72 | DEBUG | sniff 1626834137.253969692 : <class 'pyshark.packet.packet.Packet'>
2021-07-21 02:22:17,512 | 16022 | tracing_of_pipeline, _handle_child_conn, 113 | DEBUG | get from ofcapture <Message msg_name=OFPT_PACKET_IN of_msg=PacketIn(xid=UBInt32(0)) timestamp=1626834137.48223 local_port=53264 datapath_id=2>
2021-07-21 02:22:17,516 | 16022 | tracing_of_pipeline, _handle_child_conn, 113 | DEBUG | get from ofcapture <Message msg_name=OFPT_PACKET_OUT of_msg=PacketOut(xid=UBInt32(4166801187)) timestamp=1626834137.512712 local_port=53264 datapath_id=2>
2021-07-21 02:22:17,542 | 16149 | tracing_net.util.packet_capture, _packet_handler, 72 | DEBUG | sniff 1626834137.160415071 : <class 'pyshark.packet.packet.Packet'>
2021-07-21 02:22:17,552 | 16149 | tracing_net.util.packet_capture, _packet_handler, 72 | DEBUG | sniff 1626834137.433404946 : <class 'pyshark.packet.packet.Packet'>
2021-07-21 02:22:17,606 | 16145 | tracing_net.util.packet_capture, _packet_handler, 72 | DEBUG | sniff 1626834137.317299466 : <class 'pyshark.packet.packet.Packet'>
2021-07-21 02:22:17,623 | 16022 | tracing_of_pipeline, _handle_child_conn, 113 | DEBUG | get from ofcapture <Message msg_name=OFPT_PACKET_IN of_msg=PacketIn(xid=UBInt32(0)) timestamp=1626834137.613336 local_port=53262 datapath_id=1>
2021-07-21 02:22:17,645 | 16022 | tracing_of_pipeline, _handle_child_conn, 113 | DEBUG | get from ofcapture <Message msg_name=OFPT_PACKET_OUT of_msg=PacketOut(xid=UBInt32(1399551011)) timestamp=1626834137.634689 local_port=53262 datapath_id=1>
2021-07-21 02:22:17,650 | 16022 | tracing_of_pipeline, _handle_child_conn, 113 | DEBUG | get from ofcapture <Message msg_name=OFPT_PACKET_IN of_msg=PacketIn(xid=UBInt32(0)) timestamp=1626834137.644851 local_port=53264 datapath_id=2>
2021-07-21 02:22:17,653 | 16022 | tracing_of_pipeline, _handle_child_conn, 113 | DEBUG | get from ofcapture <Message msg_name=OFPT_PACKET_OUT of_msg=PacketOut(xid=UBInt32(4166801188)) timestamp=1626834137.649615 local_port=53264 datapath_id=2>
2021-07-21 02:22:17,747 | 16147 | tracing_net.util.packet_capture, _packet_handler, 72 | DEBUG | sniff 1626834137.358336749 : <class 'pyshark.packet.packet.Packet'>
2021-07-21 02:22:17,812 | 16147 | tracing_net.util.packet_capture, _packet_handler, 72 | DEBUG | sniff 1626834137.480233189 : <class 'pyshark.packet.packet.Packet'>
2021-07-21 02:22:17,810 | 16149 | tracing_net.util.packet_capture, _packet_handler, 72 | DEBUG | sniff 1626834137.512570209 : <class 'pyshark.packet.packet.Packet'>
2021-07-21 02:22:17,875 | 16145 | tracing_net.util.packet_capture, _packet_handler, 72 | DEBUG | sniff 1626834137.511624192 : <class 'pyshark.packet.packet.Packet'>
2021-07-21 02:22:18,174 | 16157 | tracing_net.flowtable.flow_monitor, dump_flows, 57 | DEBUG | dump flows on s2
2021-07-21 02:22:18,175 | 16153 | tracing_net.flowtable.flow_monitor, dump_flows, 57 | DEBUG | dump flows on s1
2021-07-21 02:22:18,193 | 16149 | tracing_net.util.packet_capture, _packet_handler, 72 | DEBUG | sniff 1626834137.649482844 : <class 'pyshark.packet.packet.Packet'>
2021-07-21 02:22:18,196 | 16145 | tracing_net.util.packet_capture, _packet_handler, 72 | DEBUG | sniff 1626834137.604070107 : <class 'pyshark.packet.packet.Packet'>
2021-07-21 02:22:18,204 | 16157 | tracing_net.flowtable.flow_monitor, read_dump_flow, 73 | DEBUG | get result for dump flow 1626834138.198733 : ['OFPST_FLOW reply (OF1.3) (xid=0x2):', ' cookie=0x0, duration=1.376s, table=0, n_packets=3, n_bytes=353, priority=0 actions=CONTROLLER:65535']
2021-07-21 02:22:18,207 | 16157 | tracing_net.flowtable.flow_monitor, read_dump_flow, 78 | DEBUG | parsed result to table 1626834138.198733 : <FlowTables(datapath=0, timestamp=1626834138.198733, flows=[<Flow(table=0, priority=0, match={}, actions=[<InstructionApplyAction type=4>])>])>
2021-07-21 02:22:18,208 | 16022 | tracing_net.flowtable.table_repository, add, 88 | DEBUG | Table repo added table <FlowTables(datapath=0, timestamp=1626834138.198733, flows=[<Flow(table=0, priority=0, match={}, actions=[<InstructionApplyAction type=4>])>])>
2021-07-21 02:22:18,209 | 16149 | tracing_net.util.packet_capture, _packet_handler, 72 | DEBUG | sniff 1626834137.861456395 : <class 'pyshark.packet.packet.Packet'>
2021-07-21 02:22:18,215 | 16153 | tracing_net.flowtable.flow_monitor, read_dump_flow, 73 | DEBUG | get result for dump flow 1626834138.20422 : ['OFPST_FLOW reply (OF1.3) (xid=0x2):', ' cookie=0x0, duration=1.388s, table=0, n_packets=4, n_bytes=460, priority=0 actions=CONTROLLER:65535']
2021-07-21 02:22:18,217 | 16022 | tracing_net.flowtable.table_repository, add, 88 | DEBUG | Table repo added table <FlowTables(datapath=0, timestamp=1626834138.20422, flows=[<Flow(table=0, priority=0, match={}, actions=[<InstructionApplyAction type=4>])>])>
2021-07-21 02:22:18,217 | 16153 | tracing_net.flowtable.flow_monitor, read_dump_flow, 78 | DEBUG | parsed result to table 1626834138.20422 : <FlowTables(datapath=0, timestamp=1626834138.20422, flows=[<Flow(table=0, priority=0, match={}, actions=[<InstructionApplyAction type=4>])>])>
2021-07-21 02:22:18,914 | 16022 | tracing_of_pipeline, _handle_child_conn, 113 | DEBUG | get from ofcapture <Message msg_name=OFPT_PACKET_IN of_msg=PacketIn(xid=UBInt32(0)) timestamp=1626834138.91163 local_port=53264 datapath_id=2>
2021-07-21 02:22:18,938 | 16022 | tracing_of_pipeline, _handle_child_conn, 113 | DEBUG | get from ofcapture <Message msg_name=OFPT_PACKET_OUT of_msg=PacketOut(xid=UBInt32(4166801189)) timestamp=1626834138.923512 local_port=53264 datapath_id=2>
2021-07-21 02:22:18,947 | 16022 | tracing_of_pipeline, _handle_child_conn, 113 | DEBUG | get from ofcapture <Message msg_name=OFPT_PACKET_IN of_msg=PacketIn(xid=UBInt32(0)) timestamp=1626834138.939279 local_port=53262 datapath_id=1>
2021-07-21 02:22:18,950 | 16022 | tracing_of_pipeline, _handle_child_conn, 113 | DEBUG | get from ofcapture <Message msg_name=OFPT_PACKET_OUT of_msg=PacketOut(xid=UBInt32(1399551012)) timestamp=1626834138.945868 local_port=53262 datapath_id=1>
2021-07-21 02:22:19,013 | 16149 | tracing_net.util.packet_capture, _packet_handler, 72 | DEBUG | sniff 1626834137.952048585 : <class 'pyshark.packet.packet.Packet'>
2021-07-21 02:22:19,014 | 16147 | tracing_net.util.packet_capture, _packet_handler, 72 | DEBUG | sniff 1626834137.634441773 : <class 'pyshark.packet.packet.Packet'>
2021-07-21 02:22:19,014 | 16145 | tracing_net.util.packet_capture, _packet_handler, 72 | DEBUG | sniff 1626834138.174002757 : <class 'pyshark.packet.packet.Packet'>
2021-07-21 02:22:19,036 | 16153 | tracing_net.flowtable.flow_monitor, dump_flows, 57 | DEBUG | dump flows on s1
2021-07-21 02:22:19,046 | 16153 | tracing_net.flowtable.flow_monitor, read_dump_flow, 73 | DEBUG | get result for dump flow 1626834139.042052 : ['OFPST_FLOW reply (OF1.3) (xid=0x2):', ' cookie=0x0, duration=2.219s, table=0, n_packets=4, n_bytes=460, priority=0 actions=CONTROLLER:65535']
2021-07-21 02:22:19,047 | 16153 | tracing_net.flowtable.flow_monitor, read_dump_flow, 78 | DEBUG | parsed result to table 1626834139.042052 : <FlowTables(datapath=0, timestamp=1626834139.042052, flows=[<Flow(table=0, priority=0, match={}, actions=[<InstructionApplyAction type=4>])>])>
2021-07-21 02:22:19,048 | 16022 | tracing_net.flowtable.table_repository, add, 88 | DEBUG | Table repo added table <FlowTables(datapath=0, timestamp=1626834139.042052, flows=[<Flow(table=0, priority=0, match={}, actions=[<InstructionApplyAction type=4>])>])>
2021-07-21 02:22:19,065 | 16022 | tracing_of_pipeline.analyzer, _poll_packet_inout_repo, 307 | DEBUG | tmp_p = [], s_dpip = 1
2021-07-21 02:22:19,065 | 16022 | tracing_of_pipeline.analyzer, _poll_packet_inout_repo, 307 | DEBUG | tmp_p = [], s_dpip = 2
2021-07-21 02:22:19,066 | 16022 | tracing_of_pipeline.analyzer, _polling, 280 | DEBUG | polled (start_time=1626834133.064136, until=2) values = {'l2': [<Msg captured_interface=s1-eth1, sniff_timestamp=1626834135.4704714, pkt=<UDP/MDNS_RAW Packet>, in_port=s1-eth1, in_phy_port=s1-eth1>, <Msg captured_interface=s1-eth1, sniff_timestamp=1626834136.775842, pkt=<UDP/MDNS_RAW Packet>, in_port=s1-eth1, in_phy_port=s1-eth1>], 'l1': [<Msg captured_interface=s1-eth2, sniff_timestamp=1626834135.439977, pkt=<UDP/MDNS_RAW Packet>, in_port=s1-eth2, in_phy_port=s1-eth2>, <Msg captured_interface=s1-eth2, sniff_timestamp=1626834136.4860373, pkt=<UDP/MDNS_RAW Packet>, in_port=s1-eth2, in_phy_port=s1-eth2>, <Msg captured_interface=s1-eth2, sniff_timestamp=1626834136.721591, pkt=<UDP/MDNS_RAW Packet>, in_port=s1-eth2, in_phy_port=s1-eth2>], 'l3': [<Msg captured_interface=s2-eth2, sniff_timestamp=1626834135.8913436, pkt=<UDP/MDNS_RAW Packet>, in_port=s2-eth2, in_phy_port=s2-eth2>]} {} {'s1': [], 's2': []}
2021-07-21 02:22:19,067 | 16022 | tracing_of_pipeline.analyzer, analyze, 150 | DEBUG | terminal edge host=h1, switch=s1, switch_port=s1-eth1
2021-07-21 02:22:19,067 | 16022 | tracing_of_pipeline.analyzer, BFS, 182 | DEBUG | processing msg <Msg captured_interface=s1-eth1, sniff_timestamp=1626834135.4704714, pkt=<UDP/MDNS_RAW Packet>, in_port=1, in_phy_port=s1-eth1>
2021-07-21 02:22:19,070 | 16022 | tracing_of_pipeline.analyzer, BFS, 245 | DEBUG | dst None is not flowtable
2021-07-21 02:22:19,070 | 16022 | tracing_of_pipeline.analyzer, analyze, 159 | DEBUG | get trace [{'src': 'h1', 'msg': '<UDP/MDNS_RAW Packet>', 'edge': 'l2', 'dst': None}]
2021-07-21 02:22:19,071 | 16022 | tracing_of_pipeline.analyzer, analyze, 150 | DEBUG | terminal edge host=h1, switch=s1, switch_port=s1-eth1
2021-07-21 02:22:19,071 | 16022 | tracing_of_pipeline.analyzer, BFS, 182 | DEBUG | processing msg <Msg captured_interface=s1-eth1, sniff_timestamp=1626834136.775842, pkt=<UDP/MDNS_RAW Packet>, in_port=1, in_phy_port=s1-eth1>
2021-07-21 02:22:19,073 | 16022 | tracing_of_pipeline.analyzer, BFS, 245 | DEBUG | dst None is not flowtable
2021-07-21 02:22:19,073 | 16022 | tracing_of_pipeline.analyzer, analyze, 159 | DEBUG | get trace [{'src': 'h1', 'msg': '<UDP/MDNS_RAW Packet>', 'edge': 'l2', 'dst': None}]
2021-07-21 02:22:19,074 | 16022 | tracing_of_pipeline.analyzer, analyze, 161 | WARNING | Packet <Msg captured_interface=s1-eth2, sniff_timestamp=1626834135.439977, pkt=<UDP/MDNS_RAW Packet>, in_port=s1-eth2, in_phy_port=s1-eth2> is not terminal edge
2021-07-21 02:22:19,075 | 16022 | tracing_of_pipeline.analyzer, analyze, 161 | WARNING | Packet <Msg captured_interface=s1-eth2, sniff_timestamp=1626834136.4860373, pkt=<UDP/MDNS_RAW Packet>, in_port=s1-eth2, in_phy_port=s1-eth2> is not terminal edge
2021-07-21 02:22:19,075 | 16022 | tracing_of_pipeline.analyzer, analyze, 161 | WARNING | Packet <Msg captured_interface=s1-eth2, sniff_timestamp=1626834136.721591, pkt=<UDP/MDNS_RAW Packet>, in_port=s1-eth2, in_phy_port=s1-eth2> is not terminal edge
2021-07-21 02:22:19,076 | 16022 | tracing_of_pipeline.analyzer, analyze, 150 | DEBUG | terminal edge host=h2, switch=s2, switch_port=s2-eth2
2021-07-21 02:22:19,077 | 16022 | tracing_of_pipeline.analyzer, BFS, 182 | DEBUG | processing msg <Msg captured_interface=s2-eth2, sniff_timestamp=1626834135.8913436, pkt=<UDP/MDNS_RAW Packet>, in_port=2, in_phy_port=s2-eth2>
2021-07-21 02:22:19,078 | 16022 | tracing_of_pipeline.analyzer, BFS, 245 | DEBUG | dst None is not flowtable
2021-07-21 02:22:19,079 | 16022 | tracing_of_pipeline.analyzer, analyze, 159 | DEBUG | get trace [{'src': 'h2', 'msg': '<UDP/MDNS_RAW Packet>', 'edge': 'l3', 'dst': None}]
2021-07-21 02:22:19,103 | 16157 | tracing_net.flowtable.flow_monitor, dump_flows, 57 | DEBUG | dump flows on s2
2021-07-21 02:22:19,121 | 16157 | tracing_net.flowtable.flow_monitor, read_dump_flow, 73 | DEBUG | get result for dump flow 1626834139.111455 : ['OFPST_FLOW reply (OF1.3) (xid=0x2):', ' cookie=0x0, duration=2.293s, table=0, n_packets=4, n_bytes=423, priority=0 actions=CONTROLLER:65535']
2021-07-21 02:22:19,123 | 16157 | tracing_net.flowtable.flow_monitor, read_dump_flow, 78 | DEBUG | parsed result to table 1626834139.111455 : <FlowTables(datapath=0, timestamp=1626834139.111455, flows=[<Flow(table=0, priority=0, match={}, actions=[<InstructionApplyAction type=4>])>])>
2021-07-21 02:22:19,123 | 16022 | tracing_net.flowtable.table_repository, add, 88 | DEBUG | Table repo added table <FlowTables(datapath=0, timestamp=1626834139.111455, flows=[<Flow(table=0, priority=0, match={}, actions=[<InstructionApplyAction type=4>])>])>
2021-07-21 02:22:20,043 | 16153 | tracing_net.flowtable.flow_monitor, dump_flows, 57 | DEBUG | dump flows on s1
2021-07-21 02:22:20,051 | 16153 | tracing_net.flowtable.flow_monitor, read_dump_flow, 73 | DEBUG | get result for dump flow 1626834140.04786 : ['OFPST_FLOW reply (OF1.3) (xid=0x2):', ' cookie=0x0, duration=3.224s, table=0, n_packets=5, n_bytes=530, priority=0 actions=CONTROLLER:65535']
2021-07-21 02:22:20,053 | 16153 | tracing_net.flowtable.flow_monitor, read_dump_flow, 78 | DEBUG | parsed result to table 1626834140.04786 : <FlowTables(datapath=0, timestamp=1626834140.04786, flows=[<Flow(table=0, priority=0, match={}, actions=[<InstructionApplyAction type=4>])>])>
2021-07-21 02:22:20,053 | 16022 | tracing_net.flowtable.table_repository, add, 88 | DEBUG | Table repo added table <FlowTables(datapath=0, timestamp=1626834140.04786, flows=[<Flow(table=0, priority=0, match={}, actions=[<InstructionApplyAction type=4>])>])>
2021-07-21 02:22:20,108 | 16157 | tracing_net.flowtable.flow_monitor, dump_flows, 57 | DEBUG | dump flows on s2
2021-07-21 02:22:20,125 | 16157 | tracing_net.flowtable.flow_monitor, read_dump_flow, 73 | DEBUG | get result for dump flow 1626834140.120176 : ['OFPST_FLOW reply (OF1.3) (xid=0x2):', ' cookie=0x0, duration=3.297s, table=0, n_packets=4, n_bytes=423, priority=0 actions=CONTROLLER:65535']
2021-07-21 02:22:20,128 | 16022 | tracing_net.flowtable.table_repository, add, 88 | DEBUG | Table repo added table <FlowTables(datapath=0, timestamp=1626834140.120176, flows=[<Flow(table=0, priority=0, match={}, actions=[<InstructionApplyAction type=4>])>])>
2021-07-21 02:22:20,127 | 16157 | tracing_net.flowtable.flow_monitor, read_dump_flow, 78 | DEBUG | parsed result to table 1626834140.120176 : <FlowTables(datapath=0, timestamp=1626834140.120176, flows=[<Flow(table=0, priority=0, match={}, actions=[<InstructionApplyAction type=4>])>])>
2021-07-21 02:22:20,512 | 16022 | tracing_of_pipeline, _handle_child_conn, 113 | DEBUG | get from ofcapture <Message msg_name=OFPT_PACKET_IN of_msg=PacketIn(xid=UBInt32(0)) timestamp=1626834140.500528 local_port=53262 datapath_id=1>
2021-07-21 02:22:20,524 | 16022 | tracing_of_pipeline, _handle_child_conn, 113 | DEBUG | get from ofcapture <Message msg_name=OFPT_PACKET_OUT of_msg=PacketOut(xid=UBInt32(1399551013)) timestamp=1626834140.514988 local_port=53262 datapath_id=1>
2021-07-21 02:22:20,552 | 16147 | tracing_net.util.packet_capture, _packet_handler, 72 | DEBUG | sniff 1626834138.923871370 : <class 'pyshark.packet.packet.Packet'>
2021-07-21 02:22:20,562 | 16145 | tracing_net.util.packet_capture, _packet_handler, 72 | DEBUG | sniff 1626834138.946080024 : <class 'pyshark.packet.packet.Packet'>
2021-07-21 02:22:20,749 | 16022 | tracing_of_pipeline, _handle_child_conn, 113 | DEBUG | get from ofcapture <Message msg_name=OFPT_PACKET_IN of_msg=PacketIn(xid=UBInt32(0)) timestamp=1626834140.745579 local_port=53264 datapath_id=2>
2021-07-21 02:22:20,755 | 16022 | tracing_of_pipeline, _handle_child_conn, 113 | DEBUG | get from ofcapture <Message msg_name=OFPT_PACKET_OUT of_msg=PacketOut(xid=UBInt32(4166801190)) timestamp=1626834140.751758 local_port=53264 datapath_id=2>
2021-07-21 02:22:20,809 | 16149 | tracing_net.util.packet_capture, _packet_handler, 72 | DEBUG | sniff 1626834138.908468827 : <class 'pyshark.packet.packet.Packet'>
2021-07-21 02:22:20,822 | 16147 | tracing_net.util.packet_capture, _packet_handler, 72 | DEBUG | sniff 1626834140.499462271 : <class 'pyshark.packet.packet.Packet'>
2021-07-21 02:22:21,037 | 16153 | tracing_net.flowtable.flow_monitor, dump_flows, 57 | DEBUG | dump flows on s1
2021-07-21 02:22:21,050 | 16153 | tracing_net.flowtable.flow_monitor, read_dump_flow, 73 | DEBUG | get result for dump flow 1626834141.045355 : ['OFPST_FLOW reply (OF1.3) (xid=0x2):', ' cookie=0x0, duration=4.222s, table=0, n_packets=6, n_bytes=637, priority=0 actions=CONTROLLER:65535']
2021-07-21 02:22:21,051 | 16153 | tracing_net.flowtable.flow_monitor, read_dump_flow, 78 | DEBUG | parsed result to table 1626834141.045355 : <FlowTables(datapath=0, timestamp=1626834141.045355, flows=[<Flow(table=0, priority=0, match={}, actions=[<InstructionApplyAction type=4>])>])>
2021-07-21 02:22:21,052 | 16022 | tracing_net.flowtable.table_repository, add, 88 | DEBUG | Table repo added table <FlowTables(datapath=0, timestamp=1626834141.045355, flows=[<Flow(table=0, priority=0, match={}, actions=[<InstructionApplyAction type=4>])>])>
2021-07-21 02:22:21,061 | 16145 | tracing_net.util.packet_capture, _packet_handler, 72 | DEBUG | sniff 1626834140.513331669 : <class 'pyshark.packet.packet.Packet'>
2021-07-21 02:22:21,065 | 16022 | tracing_of_pipeline.analyzer, _poll_packet_inout_repo, 307 | DEBUG | tmp_p = [<Message msg_name=OFPT_PACKET_IN of_msg=PacketIn(xid=UBInt32(0)) timestamp=1626834137.095511 local_port=53262 datapath_id=1>, <Message msg_name=OFPT_PACKET_OUT of_msg=PacketOut(xid=UBInt32(1399551009)) timestamp=1626834137.12068 local_port=53262 datapath_id=1>, <Message msg_name=OFPT_PACKET_IN of_msg=PacketIn(xid=UBInt32(0)) timestamp=1626834137.256004 local_port=53262 datapath_id=1>, <Message msg_name=OFPT_PACKET_OUT of_msg=PacketOut(xid=UBInt32(1399551010)) timestamp=1626834137.314666 local_port=53262 datapath_id=1>, <Message msg_name=OFPT_PACKET_IN of_msg=PacketIn(xid=UBInt32(0)) timestamp=1626834137.613336 local_port=53262 datapath_id=1>, <Message msg_name=OFPT_PACKET_OUT of_msg=PacketOut(xid=UBInt32(1399551011)) timestamp=1626834137.634689 local_port=53262 datapath_id=1>, <Message msg_name=OFPT_PACKET_IN of_msg=PacketIn(xid=UBInt32(0)) timestamp=1626834138.939279 local_port=53262 datapath_id=1>, <Message msg_name=OFPT_PACKET_OUT of_msg=PacketOut(xid=UBInt32(1399551012)) timestamp=1626834138.945868 local_port=53262 datapath_id=1>], s_dpip = 1
2021-07-21 02:22:21,065 | 16022 | tracing_of_pipeline.analyzer, _poll_packet_inout_repo, 307 | DEBUG | tmp_p = [<Message msg_name=OFPT_PACKET_IN of_msg=PacketIn(xid=UBInt32(0)) timestamp=1626834137.359295 local_port=53264 datapath_id=2>, <Message msg_name=OFPT_PACKET_OUT of_msg=PacketOut(xid=UBInt32(4166801186)) timestamp=1626834137.433154 local_port=53264 datapath_id=2>, <Message msg_name=OFPT_PACKET_IN of_msg=PacketIn(xid=UBInt32(0)) timestamp=1626834137.48223 local_port=53264 datapath_id=2>, <Message msg_name=OFPT_PACKET_OUT of_msg=PacketOut(xid=UBInt32(4166801187)) timestamp=1626834137.512712 local_port=53264 datapath_id=2>, <Message msg_name=OFPT_PACKET_IN of_msg=PacketIn(xid=UBInt32(0)) timestamp=1626834137.644851 local_port=53264 datapath_id=2>, <Message msg_name=OFPT_PACKET_OUT of_msg=PacketOut(xid=UBInt32(4166801188)) timestamp=1626834137.649615 local_port=53264 datapath_id=2>, <Message msg_name=OFPT_PACKET_IN of_msg=PacketIn(xid=UBInt32(0)) timestamp=1626834138.91163 local_port=53264 datapath_id=2>, <Message msg_name=OFPT_PACKET_OUT of_msg=PacketOut(xid=UBInt32(4166801189)) timestamp=1626834138.923512 local_port=53264 datapath_id=2>], s_dpip = 2
2021-07-21 02:22:21,067 | 16022 | tracing_of_pipeline.analyzer, _polling, 280 | DEBUG | polled (start_time=1626834133.064136, until=3) values = {'l2': [<Msg captured_interface=s1-eth1, sniff_timestamp=1626834135.4704714, pkt=<UDP/MDNS_RAW Packet>, in_port=1, in_phy_port=s1-eth1>, <Msg captured_interface=s1-eth1, sniff_timestamp=1626834136.775842, pkt=<UDP/MDNS_RAW Packet>, in_port=1, in_phy_port=s1-eth1>, <Msg captured_interface=s1-eth1, sniff_timestamp=1626834137.1204731, pkt=<ICMPV6_RAW Packet>, in_port=s1-eth1, in_phy_port=s1-eth1>, <Msg captured_interface=s1-eth1, sniff_timestamp=1626834137.3172994, pkt=<UDP/MDNS_RAW Packet>, in_port=s1-eth1, in_phy_port=s1-eth1>, <Msg captured_interface=s1-eth1, sniff_timestamp=1626834137.511624, pkt=<UDP/MDNS_RAW Packet>, in_port=s1-eth1, in_phy_port=s1-eth1>, <Msg captured_interface=s1-eth1, sniff_timestamp=1626834137.6040702, pkt=<ICMPV6_RAW Packet>, in_port=s1-eth1, in_phy_port=s1-eth1>, <Msg captured_interface=s1-eth1, sniff_timestamp=1626834138.1740026, pkt=<ICMPV6_RAW Packet>, in_port=s1-eth1, in_phy_port=s1-eth1>, <Msg captured_interface=s1-eth1, sniff_timestamp=1626834138.94608, pkt=<ICMPV6_RAW Packet>, in_port=s1-eth1, in_phy_port=s1-eth1>], 'l1': [<Msg captured_interface=s1-eth2, sniff_timestamp=1626834135.439977, pkt=<UDP/MDNS_RAW Packet>, in_port=s1-eth2, in_phy_port=s1-eth2>, <Msg captured_interface=s1-eth2, sniff_timestamp=1626834136.4860373, pkt=<UDP/MDNS_RAW Packet>, in_port=s1-eth2, in_phy_port=s1-eth2>, <Msg captured_interface=s1-eth2, sniff_timestamp=1626834136.721591, pkt=<UDP/MDNS_RAW Packet>, in_port=s1-eth2, in_phy_port=s1-eth2>, <Msg captured_interface=s1-eth2, sniff_timestamp=1626834137.091181, pkt=<ICMPV6_RAW Packet>, in_port=s1-eth2, in_phy_port=s1-eth2>, <Msg captured_interface=s1-eth2, sniff_timestamp=1626834137.2539697, pkt=<UDP/MDNS_RAW Packet>, in_port=s1-eth2, in_phy_port=s1-eth2>, <Msg captured_interface=s1-eth2, sniff_timestamp=1626834137.3583367, pkt=<ICMPV6_RAW Packet>, in_port=s1-eth2, in_phy_port=s1-eth2>, <Msg captured_interface=s1-eth2, sniff_timestamp=1626834137.4802332, pkt=<UDP/MDNS_RAW Packet>, in_port=s1-eth2, in_phy_port=s1-eth2>, <Msg captured_interface=s1-eth2, sniff_timestamp=1626834137.6344419, pkt=<ICMPV6_RAW Packet>, in_port=s1-eth2, in_phy_port=s1-eth2>, <Msg captured_interface=s1-eth2, sniff_timestamp=1626834138.9238713, pkt=<ICMPV6_RAW Packet>, in_port=s1-eth2, in_phy_port=s1-eth2>], 'l3': [<Msg captured_interface=s2-eth2, sniff_timestamp=1626834135.8913436, pkt=<UDP/MDNS_RAW Packet>, in_port=2, in_phy_port=s2-eth2>, <Msg captured_interface=s2-eth2, sniff_timestamp=1626834137.1604152, pkt=<UDP/MDNS_RAW Packet>, in_port=s2-eth2, in_phy_port=s2-eth2>, <Msg captured_interface=s2-eth2, sniff_timestamp=1626834137.433405, pkt=<ICMPV6_RAW Packet>, in_port=s2-eth2, in_phy_port=s2-eth2>, <Msg captured_interface=s2-eth2, sniff_timestamp=1626834137.5125701, pkt=<UDP/MDNS_RAW Packet>, in_port=s2-eth2, in_phy_port=s2-eth2>, <Msg captured_interface=s2-eth2, sniff_timestamp=1626834137.6494827, pkt=<ICMPV6_RAW Packet>, in_port=s2-eth2, in_phy_port=s2-eth2>, <Msg captured_interface=s2-eth2, sniff_timestamp=1626834137.8614564, pkt=<ICMPV6_RAW Packet>, in_port=s2-eth2, in_phy_port=s2-eth2>, <Msg captured_interface=s2-eth2, sniff_timestamp=1626834137.9520485, pkt=<UDP/MDNS_RAW Packet>, in_port=s2-eth2, in_phy_port=s2-eth2>, <Msg captured_interface=s2-eth2, sniff_timestamp=1626834138.9084687, pkt=<ICMPV6_RAW Packet>, in_port=s2-eth2, in_phy_port=s2-eth2>]} {} {'s1': [<Message msg_name=OFPT_PACKET_IN of_msg=PacketIn(xid=UBInt32(0)) timestamp=1626834137.095511 local_port=53262 datapath_id=1>, <Message msg_name=OFPT_PACKET_OUT of_msg=PacketOut(xid=UBInt32(1399551009)) timestamp=1626834137.12068 local_port=53262 datapath_id=1>, <Message msg_name=OFPT_PACKET_IN of_msg=PacketIn(xid=UBInt32(0)) timestamp=1626834137.256004 local_port=53262 datapath_id=1>, <Message msg_name=OFPT_PACKET_OUT of_msg=PacketOut(xid=UBInt32(1399551010)) timestamp=1626834137.314666 local_port=53262 datapath_id=1>, <Message msg_name=OFPT_PACKET_IN of_msg=PacketIn(xid=UBInt32(0)) timestamp=1626834137.613336 local_port=53262 datapath_id=1>, <Message msg_name=OFPT_PACKET_OUT of_msg=PacketOut(xid=UBInt32(1399551011)) timestamp=1626834137.634689 local_port=53262 datapath_id=1>, <Message msg_name=OFPT_PACKET_IN of_msg=PacketIn(xid=UBInt32(0)) timestamp=1626834138.939279 local_port=53262 datapath_id=1>, <Message msg_name=OFPT_PACKET_OUT of_msg=PacketOut(xid=UBInt32(1399551012)) timestamp=1626834138.945868 local_port=53262 datapath_id=1>], 's2': [<Message msg_name=OFPT_PACKET_IN of_msg=PacketIn(xid=UBInt32(0)) timestamp=1626834137.359295 local_port=53264 datapath_id=2>, <Message msg_name=OFPT_PACKET_OUT of_msg=PacketOut(xid=UBInt32(4166801186)) timestamp=1626834137.433154 local_port=53264 datapath_id=2>, <Message msg_name=OFPT_PACKET_IN of_msg=PacketIn(xid=UBInt32(0)) timestamp=1626834137.48223 local_port=53264 datapath_id=2>, <Message msg_name=OFPT_PACKET_OUT of_msg=PacketOut(xid=UBInt32(4166801187)) timestamp=1626834137.512712 local_port=53264 datapath_id=2>, <Message msg_name=OFPT_PACKET_IN of_msg=PacketIn(xid=UBInt32(0)) timestamp=1626834137.644851 local_port=53264 datapath_id=2>, <Message msg_name=OFPT_PACKET_OUT of_msg=PacketOut(xid=UBInt32(4166801188)) timestamp=1626834137.649615 local_port=53264 datapath_id=2>, <Message msg_name=OFPT_PACKET_IN of_msg=PacketIn(xid=UBInt32(0)) timestamp=1626834138.91163 local_port=53264 datapath_id=2>, <Message msg_name=OFPT_PACKET_OUT of_msg=PacketOut(xid=UBInt32(4166801189)) timestamp=1626834138.923512 local_port=53264 datapath_id=2>]}
2021-07-21 02:22:21,068 | 16022 | tracing_of_pipeline.analyzer, analyze, 105 | DEBUG | I will processing packetout(<Message msg_name=OFPT_PACKET_OUT of_msg=PacketOut(xid=UBInt32(1399551009)) timestamp=1626834137.12068 local_port=53262 datapath_id=1>)
2021-07-21 02:22:21,069 | 16022 | tracing_of_pipeline.analyzer, analyze, 109 | DEBUG | packet out's in_port 2
2021-07-21 02:22:21,070 | 16022 | tracing_of_pipeline.analyzer, analyze, 112 | DEBUG | ports_to_edges {'lo': None, 's1-eth1': ('h1', 'h1-eth0', 'l2')}
2021-07-21 02:22:21,112 | 16157 | tracing_net.flowtable.flow_monitor, dump_flows, 57 | DEBUG | dump flows on s2
2021-07-21 02:22:21,137 | 16157 | tracing_net.flowtable.flow_monitor, read_dump_flow, 73 | DEBUG | get result for dump flow 1626834141.127396 : ['OFPST_FLOW reply (OF1.3) (xid=0x2):', ' cookie=0x0, duration=4.305s, table=0, n_packets=5, n_bytes=530, priority=0 actions=CONTROLLER:65535']
2021-07-21 02:22:21,147 | 16157 | tracing_net.flowtable.flow_monitor, read_dump_flow, 78 | DEBUG | parsed result to table 1626834141.127396 : <FlowTables(datapath=0, timestamp=1626834141.127396, flows=[<Flow(table=0, priority=0, match={}, actions=[<InstructionApplyAction type=4>])>])>
2021-07-21 02:22:21,149 | 16022 | tracing_net.flowtable.table_repository, add, 88 | DEBUG | Table repo added table <FlowTables(datapath=0, timestamp=1626834141.127396, flows=[<Flow(table=0, priority=0, match={}, actions=[<InstructionApplyAction type=4>])>])>
2021-07-21 02:22:21,326 | 16149 | tracing_net.util.packet_capture, _packet_handler, 72 | DEBUG | sniff 1626834140.751649018 : <class 'pyshark.packet.packet.Packet'>
2021-07-21 02:22:22,036 | 16153 | tracing_net.flowtable.flow_monitor, dump_flows, 57 | DEBUG | dump flows on s1
2021-07-21 02:22:22,046 | 16153 | tracing_net.flowtable.flow_monitor, read_dump_flow, 73 | DEBUG | get result for dump flow 1626834142.042303 : ['OFPST_FLOW reply (OF1.3) (xid=0x2):', ' cookie=0x0, duration=5.219s, table=0, n_packets=6, n_bytes=637, priority=0 actions=CONTROLLER:65535']
2021-07-21 02:22:22,047 | 16153 | tracing_net.flowtable.flow_monitor, read_dump_flow, 78 | DEBUG | parsed result to table 1626834142.042303 : <FlowTables(datapath=0, timestamp=1626834142.042303, flows=[<Flow(table=0, priority=0, match={}, actions=[<InstructionApplyAction type=4>])>])>
2021-07-21 02:22:22,047 | 16022 | tracing_net.flowtable.table_repository, add, 88 | DEBUG | Table repo added table <FlowTables(datapath=0, timestamp=1626834142.042303, flows=[<Flow(table=0, priority=0, match={}, actions=[<InstructionApplyAction type=4>])>])>
2021-07-21 02:22:22,104 | 16157 | tracing_net.flowtable.flow_monitor, dump_flows, 57 | DEBUG | dump flows on s2
2021-07-21 02:22:22,121 | 16157 | tracing_net.flowtable.flow_monitor, read_dump_flow, 73 | DEBUG | get result for dump flow 1626834142.111263 : ['OFPST_FLOW reply (OF1.3) (xid=0x2):', ' cookie=0x0, duration=5.292s, table=0, n_packets=5, n_bytes=530, priority=0 actions=CONTROLLER:65535']
2021-07-21 02:22:22,123 | 16157 | tracing_net.flowtable.flow_monitor, read_dump_flow, 78 | DEBUG | parsed result to table 1626834142.111263 : <FlowTables(datapath=0, timestamp=1626834142.111263, flows=[<Flow(table=0, priority=0, match={}, actions=[<InstructionApplyAction type=4>])>])>
2021-07-21 02:22:22,123 | 16022 | tracing_net.flowtable.table_repository, add, 88 | DEBUG | Table repo added table <FlowTables(datapath=0, timestamp=1626834142.111263, flows=[<Flow(table=0, priority=0, match={}, actions=[<InstructionApplyAction type=4>])>])>
2021-07-21 02:22:23,040 | 16153 | tracing_net.flowtable.flow_monitor, dump_flows, 57 | DEBUG | dump flows on s1
2021-07-21 02:22:23,052 | 16153 | tracing_net.flowtable.flow_monitor, read_dump_flow, 73 | DEBUG | get result for dump flow 1626834143.04802 : ['OFPST_FLOW reply (OF1.3) (xid=0x2):', ' cookie=0x0, duration=6.225s, table=0, n_packets=6, n_bytes=637, priority=0 actions=CONTROLLER:65535']
2021-07-21 02:22:23,053 | 16153 | tracing_net.flowtable.flow_monitor, read_dump_flow, 78 | DEBUG | parsed result to table 1626834143.04802 : <FlowTables(datapath=0, timestamp=1626834143.04802, flows=[<Flow(table=0, priority=0, match={}, actions=[<InstructionApplyAction type=4>])>])>
2021-07-21 02:22:23,054 | 16022 | tracing_net.flowtable.table_repository, add, 88 | DEBUG | Table repo added table <FlowTables(datapath=0, timestamp=1626834143.04802, flows=[<Flow(table=0, priority=0, match={}, actions=[<InstructionApplyAction type=4>])>])>
2021-07-21 02:22:23,071 | 16022 | tracing_of_pipeline.analyzer, _poll_packet_inout_repo, 307 | DEBUG | tmp_p = [], s_dpip = 1
2021-07-21 02:22:23,074 | 16022 | tracing_of_pipeline.analyzer, _poll_packet_inout_repo, 307 | DEBUG | tmp_p = [], s_dpip = 2
2021-07-21 02:22:23,075 | 16022 | tracing_of_pipeline.analyzer, _polling, 280 | DEBUG | polled (start_time=1626834133.064136, until=3) values = {'l2': [<Msg captured_interface=s1-eth1, sniff_timestamp=1626834135.4704714, pkt=<UDP/MDNS_RAW Packet>, in_port=1, in_phy_port=s1-eth1>, <Msg captured_interface=s1-eth1, sniff_timestamp=1626834136.775842, pkt=<UDP/MDNS_RAW Packet>, in_port=1, in_phy_port=s1-eth1>, <Msg captured_interface=s1-eth1, sniff_timestamp=1626834137.1204731, pkt=<ICMPV6_RAW Packet>, in_port=s1-eth1, in_phy_port=s1-eth1>, <Msg captured_interface=s1-eth1, sniff_timestamp=1626834137.3172994, pkt=<UDP/MDNS_RAW Packet>, in_port=s1-eth1, in_phy_port=s1-eth1>, <Msg captured_interface=s1-eth1, sniff_timestamp=1626834137.511624, pkt=<UDP/MDNS_RAW Packet>, in_port=s1-eth1, in_phy_port=s1-eth1>, <Msg captured_interface=s1-eth1, sniff_timestamp=1626834137.6040702, pkt=<ICMPV6_RAW Packet>, in_port=s1-eth1, in_phy_port=s1-eth1>, <Msg captured_interface=s1-eth1, sniff_timestamp=1626834138.1740026, pkt=<ICMPV6_RAW Packet>, in_port=s1-eth1, in_phy_port=s1-eth1>, <Msg captured_interface=s1-eth1, sniff_timestamp=1626834138.94608, pkt=<ICMPV6_RAW Packet>, in_port=s1-eth1, in_phy_port=s1-eth1>], 'l1': [<Msg captured_interface=s1-eth2, sniff_timestamp=1626834135.439977, pkt=<UDP/MDNS_RAW Packet>, in_port=s1-eth2, in_phy_port=s1-eth2>, <Msg captured_interface=s1-eth2, sniff_timestamp=1626834136.4860373, pkt=<UDP/MDNS_RAW Packet>, in_port=s1-eth2, in_phy_port=s1-eth2>, <Msg captured_interface=s1-eth2, sniff_timestamp=1626834136.721591, pkt=<UDP/MDNS_RAW Packet>, in_port=s1-eth2, in_phy_port=s1-eth2>, <Msg captured_interface=s1-eth2, sniff_timestamp=1626834137.091181, pkt=<ICMPV6_RAW Packet>, in_port=s1-eth2, in_phy_port=s1-eth2>, <Msg captured_interface=s1-eth2, sniff_timestamp=1626834137.2539697, pkt=<UDP/MDNS_RAW Packet>, in_port=s1-eth2, in_phy_port=s1-eth2>, <Msg captured_interface=s1-eth2, sniff_timestamp=1626834137.3583367, pkt=<ICMPV6_RAW Packet>, in_port=s1-eth2, in_phy_port=s1-eth2>, <Msg captured_interface=s1-eth2, sniff_timestamp=1626834137.4802332, pkt=<UDP/MDNS_RAW Packet>, in_port=s1-eth2, in_phy_port=s1-eth2>, <Msg captured_interface=s1-eth2, sniff_timestamp=1626834137.6344419, pkt=<ICMPV6_RAW Packet>, in_port=s1-eth2, in_phy_port=s1-eth2>, <Msg captured_interface=s1-eth2, sniff_timestamp=1626834138.9238713, pkt=<ICMPV6_RAW Packet>, in_port=s1-eth2, in_phy_port=s1-eth2>], 'l3': [<Msg captured_interface=s2-eth2, sniff_timestamp=1626834135.8913436, pkt=<UDP/MDNS_RAW Packet>, in_port=2, in_phy_port=s2-eth2>, <Msg captured_interface=s2-eth2, sniff_timestamp=1626834137.1604152, pkt=<UDP/MDNS_RAW Packet>, in_port=s2-eth2, in_phy_port=s2-eth2>, <Msg captured_interface=s2-eth2, sniff_timestamp=1626834137.433405, pkt=<ICMPV6_RAW Packet>, in_port=s2-eth2, in_phy_port=s2-eth2>, <Msg captured_interface=s2-eth2, sniff_timestamp=1626834137.5125701, pkt=<UDP/MDNS_RAW Packet>, in_port=s2-eth2, in_phy_port=s2-eth2>, <Msg captured_interface=s2-eth2, sniff_timestamp=1626834137.6494827, pkt=<ICMPV6_RAW Packet>, in_port=s2-eth2, in_phy_port=s2-eth2>, <Msg captured_interface=s2-eth2, sniff_timestamp=1626834137.8614564, pkt=<ICMPV6_RAW Packet>, in_port=s2-eth2, in_phy_port=s2-eth2>, <Msg captured_interface=s2-eth2, sniff_timestamp=1626834137.9520485, pkt=<UDP/MDNS_RAW Packet>, in_port=s2-eth2, in_phy_port=s2-eth2>, <Msg captured_interface=s2-eth2, sniff_timestamp=1626834138.9084687, pkt=<ICMPV6_RAW Packet>, in_port=s2-eth2, in_phy_port=s2-eth2>]} {} {'s1': [<Message msg_name=OFPT_PACKET_IN of_msg=PacketIn(xid=UBInt32(0)) timestamp=1626834137.095511 local_port=53262 datapath_id=1>, <Message msg_name=OFPT_PACKET_OUT of_msg=PacketOut(xid=UBInt32(1399551009)) timestamp=1626834137.12068 local_port=53262 datapath_id=1>, <Message msg_name=OFPT_PACKET_IN of_msg=PacketIn(xid=UBInt32(0)) timestamp=1626834137.256004 local_port=53262 datapath_id=1>, <Message msg_name=OFPT_PACKET_OUT of_msg=PacketOut(xid=UBInt32(1399551010)) timestamp=1626834137.314666 local_port=53262 datapath_id=1>, <Message msg_name=OFPT_PACKET_IN of_msg=PacketIn(xid=UBInt32(0)) timestamp=1626834137.613336 local_port=53262 datapath_id=1>, <Message msg_name=OFPT_PACKET_OUT of_msg=PacketOut(xid=UBInt32(1399551011)) timestamp=1626834137.634689 local_port=53262 datapath_id=1>, <Message msg_name=OFPT_PACKET_IN of_msg=PacketIn(xid=UBInt32(0)) timestamp=1626834138.939279 local_port=53262 datapath_id=1>, <Message msg_name=OFPT_PACKET_OUT of_msg=PacketOut(xid=UBInt32(1399551012)) timestamp=1626834138.945868 local_port=53262 datapath_id=1>], 's2': [<Message msg_name=OFPT_PACKET_IN of_msg=PacketIn(xid=UBInt32(0)) timestamp=1626834137.359295 local_port=53264 datapath_id=2>, <Message msg_name=OFPT_PACKET_OUT of_msg=PacketOut(xid=UBInt32(4166801186)) timestamp=1626834137.433154 local_port=53264 datapath_id=2>, <Message msg_name=OFPT_PACKET_IN of_msg=PacketIn(xid=UBInt32(0)) timestamp=1626834137.48223 local_port=53264 datapath_id=2>, <Message msg_name=OFPT_PACKET_OUT of_msg=PacketOut(xid=UBInt32(4166801187)) timestamp=1626834137.512712 local_port=53264 datapath_id=2>, <Message msg_name=OFPT_PACKET_IN of_msg=PacketIn(xid=UBInt32(0)) timestamp=1626834137.644851 local_port=53264 datapath_id=2>, <Message msg_name=OFPT_PACKET_OUT of_msg=PacketOut(xid=UBInt32(4166801188)) timestamp=1626834137.649615 local_port=53264 datapath_id=2>, <Message msg_name=OFPT_PACKET_IN of_msg=PacketIn(xid=UBInt32(0)) timestamp=1626834138.91163 local_port=53264 datapath_id=2>, <Message msg_name=OFPT_PACKET_OUT of_msg=PacketOut(xid=UBInt32(4166801189)) timestamp=1626834138.923512 local_port=53264 datapath_id=2>]}
2021-07-21 02:22:23,076 | 16022 | tracing_of_pipeline.analyzer, analyze, 105 | DEBUG | I will processing packetout(<Message msg_name=OFPT_PACKET_OUT of_msg=PacketOut(xid=UBInt32(1399551009)) timestamp=1626834137.12068 local_port=53262 datapath_id=1>)
2021-07-21 02:22:23,077 | 16022 | tracing_of_pipeline.analyzer, analyze, 109 | DEBUG | packet out's in_port 2
2021-07-21 02:22:23,077 | 16022 | tracing_of_pipeline.analyzer, analyze, 112 | DEBUG | ports_to_edges {'lo': None, 's1-eth1': ('h1', 'h1-eth0', 'l2')}
