2021-10-19 15:07:58,568 | 3670 | tracing_net.net, __init__, 99 | INFO | set up on-demand mininet
2021-10-19 15:07:58,570 | 3670 | tracing_of_pipeline, start, 105 | INFO | OpenFlow Tracer Start
2021-10-19 15:07:58,591 | 3670 | tracing_net.net, start, 312 | INFO | mininet start
2021-10-19 15:08:01,899 | 3682 | tracing_net.api.ws_server, connect, 275 | INFO | connect sid=78vgbzONgknlPzekAAAB
2021-10-19 15:08:01,939 | 3682 | tracing_net.api.ws_server, emit2net, 110 | DEBUG | MessageHub receives messages from clients and emits them to the vnet. (event=WSEvent.GET_TRACE, param={})
2021-10-19 15:08:01,941 | 3682 | tracing_net.api.ws_server, wait_traces, 159 | DEBUG | wait packet trace.....
2021-10-19 15:08:01,941 | 3670 | tracing_net.api.ws_server, get_from_client, 124 | DEBUG | MessageHub receives messages from clients. (response={'event': 'get_trace', 'param': {}})
2021-10-19 15:08:01,942 | 3670 | tracing_net.api.ws_server, emit2client, 116 | DEBUG | MessageHub receives messages from net and emits them to clients. (event=WSEvent.GET_TRACE, param=b'')
2021-10-19 15:08:01,944 | 3682 | tracing_net.api.ws_server, wait_traces, 162 | DEBUG | MessageHub receives traces from vnet. (traces length=0)
2021-10-19 15:08:01,948 | 3682 | tracing_net.api.ws_server, emit2net, 110 | DEBUG | MessageHub receives messages from clients and emits them to the vnet. (event=WSEvent.GET_TRACE, param={})
2021-10-19 15:08:01,949 | 3670 | tracing_net.api.ws_server, get_from_client, 124 | DEBUG | MessageHub receives messages from clients. (response={'event': 'get_trace', 'param': {}})
2021-10-19 15:08:01,949 | 3682 | tracing_net.api.ws_server, wait_traces, 159 | DEBUG | wait packet trace.....
2021-10-19 15:08:01,950 | 3670 | tracing_net.api.ws_server, emit2client, 116 | DEBUG | MessageHub receives messages from net and emits them to clients. (event=WSEvent.GET_TRACE, param=b'')
2021-10-19 15:08:01,953 | 3682 | tracing_net.api.ws_server, wait_traces, 162 | DEBUG | MessageHub receives traces from vnet. (traces length=0)
2021-10-19 15:08:01,958 | 3682 | tracing_net.api.ws_server, emit2net, 110 | DEBUG | MessageHub receives messages from clients and emits them to the vnet. (event=WSEvent.GET_TRACE, param={})
2021-10-19 15:08:01,958 | 3682 | tracing_net.api.ws_server, wait_traces, 159 | DEBUG | wait packet trace.....
2021-10-19 15:08:01,958 | 3670 | tracing_net.api.ws_server, get_from_client, 124 | DEBUG | MessageHub receives messages from clients. (response={'event': 'get_trace', 'param': {}})
2021-10-19 15:08:01,959 | 3670 | tracing_net.api.ws_server, emit2client, 116 | DEBUG | MessageHub receives messages from net and emits them to clients. (event=WSEvent.GET_TRACE, param=b'')
2021-10-19 15:08:01,960 | 3682 | tracing_net.api.ws_server, wait_traces, 162 | DEBUG | MessageHub receives traces from vnet. (traces length=0)
2021-10-19 15:08:06,639 | 3682 | tracing_net.api.ws_server, emit2net, 110 | DEBUG | MessageHub receives messages from clients and emits them to the vnet. (event=WSEvent.GET_TRACE, param={})
2021-10-19 15:08:06,647 | 3670 | tracing_net.api.ws_server, get_from_client, 124 | DEBUG | MessageHub receives messages from clients. (response={'event': 'get_trace', 'param': {}})
2021-10-19 15:08:06,650 | 3670 | tracing_net.api.ws_server, emit2client, 116 | DEBUG | MessageHub receives messages from net and emits them to clients. (event=WSEvent.GET_TRACE, param=b'')
2021-10-19 15:08:06,647 | 3682 | tracing_net.api.ws_server, wait_traces, 159 | DEBUG | wait packet trace.....
2021-10-19 15:08:06,653 | 3682 | tracing_net.api.ws_server, wait_traces, 162 | DEBUG | MessageHub receives traces from vnet. (traces length=0)
2021-10-19 15:08:07,061 | 3682 | tracing_net.api.ws_server, emit2net, 110 | DEBUG | MessageHub receives messages from clients and emits them to the vnet. (event=WSEvent.GET_TRACE, param={})
2021-10-19 15:08:07,066 | 3670 | tracing_net.api.ws_server, get_from_client, 124 | DEBUG | MessageHub receives messages from clients. (response={'event': 'get_trace', 'param': {}})
2021-10-19 15:08:07,070 | 3670 | tracing_net.api.ws_server, emit2client, 116 | DEBUG | MessageHub receives messages from net and emits them to clients. (event=WSEvent.GET_TRACE, param=b'')
2021-10-19 15:08:07,064 | 3682 | tracing_net.api.ws_server, wait_traces, 159 | DEBUG | wait packet trace.....
2021-10-19 15:08:07,100 | 3682 | tracing_net.api.ws_server, wait_traces, 162 | DEBUG | MessageHub receives traces from vnet. (traces length=0)
2021-10-19 15:08:08,060 | 3682 | tracing_net.api.ws_server, emit2net, 110 | DEBUG | MessageHub receives messages from clients and emits them to the vnet. (event=WSEvent.GET_TRACE, param={})
2021-10-19 15:08:08,067 | 3682 | tracing_net.api.ws_server, wait_traces, 159 | DEBUG | wait packet trace.....
2021-10-19 15:08:08,067 | 3670 | tracing_net.api.ws_server, get_from_client, 124 | DEBUG | MessageHub receives messages from clients. (response={'event': 'get_trace', 'param': {}})
2021-10-19 15:08:08,068 | 3670 | tracing_net.api.ws_server, emit2client, 116 | DEBUG | MessageHub receives messages from net and emits them to clients. (event=WSEvent.GET_TRACE, param=b'')
2021-10-19 15:08:08,069 | 3682 | tracing_net.api.ws_server, wait_traces, 162 | DEBUG | MessageHub receives traces from vnet. (traces length=0)
2021-10-19 15:08:09,053 | 3682 | tracing_net.api.ws_server, emit2net, 110 | DEBUG | MessageHub receives messages from clients and emits them to the vnet. (event=WSEvent.GET_TRACE, param={})
2021-10-19 15:08:09,053 | 3682 | tracing_net.api.ws_server, wait_traces, 159 | DEBUG | wait packet trace.....
2021-10-19 15:08:09,054 | 3670 | tracing_net.api.ws_server, get_from_client, 124 | DEBUG | MessageHub receives messages from clients. (response={'event': 'get_trace', 'param': {}})
2021-10-19 15:08:09,054 | 3670 | tracing_net.api.ws_server, emit2client, 116 | DEBUG | MessageHub receives messages from net and emits them to clients. (event=WSEvent.GET_TRACE, param=b'')
2021-10-19 15:08:09,055 | 3682 | tracing_net.api.ws_server, wait_traces, 162 | DEBUG | MessageHub receives traces from vnet. (traces length=0)
2021-10-19 15:08:10,837 | 3682 | tracing_net.api.ws_server, emit2net, 110 | DEBUG | MessageHub receives messages from clients and emits them to the vnet. (event=WSEvent.GET_TRACE, param={})
2021-10-19 15:08:10,838 | 3682 | tracing_net.api.ws_server, wait_traces, 159 | DEBUG | wait packet trace.....
2021-10-19 15:08:10,838 | 3670 | tracing_net.api.ws_server, get_from_client, 124 | DEBUG | MessageHub receives messages from clients. (response={'event': 'get_trace', 'param': {}})
2021-10-19 15:08:10,839 | 3670 | tracing_net.api.ws_server, emit2client, 116 | DEBUG | MessageHub receives messages from net and emits them to clients. (event=WSEvent.GET_TRACE, param=b'')
2021-10-19 15:08:10,839 | 3682 | tracing_net.api.ws_server, wait_traces, 162 | DEBUG | MessageHub receives traces from vnet. (traces length=0)
2021-10-19 15:08:11,082 | 3682 | tracing_net.api.ws_server, emit2net, 110 | DEBUG | MessageHub receives messages from clients and emits them to the vnet. (event=WSEvent.GET_TRACE, param={})
2021-10-19 15:08:11,093 | 3682 | tracing_net.api.ws_server, wait_traces, 159 | DEBUG | wait packet trace.....
2021-10-19 15:08:11,094 | 3670 | tracing_net.api.ws_server, get_from_client, 124 | DEBUG | MessageHub receives messages from clients. (response={'event': 'get_trace', 'param': {}})
2021-10-19 15:08:11,097 | 3670 | tracing_net.api.ws_server, emit2client, 116 | DEBUG | MessageHub receives messages from net and emits them to clients. (event=WSEvent.GET_TRACE, param=b'')
2021-10-19 15:08:11,098 | 3682 | tracing_net.api.ws_server, wait_traces, 162 | DEBUG | MessageHub receives traces from vnet. (traces length=0)
2021-10-19 15:08:12,056 | 3682 | tracing_net.api.ws_server, emit2net, 110 | DEBUG | MessageHub receives messages from clients and emits them to the vnet. (event=WSEvent.GET_TRACE, param={})
2021-10-19 15:08:12,057 | 3682 | tracing_net.api.ws_server, wait_traces, 159 | DEBUG | wait packet trace.....
2021-10-19 15:08:12,058 | 3670 | tracing_net.api.ws_server, get_from_client, 124 | DEBUG | MessageHub receives messages from clients. (response={'event': 'get_trace', 'param': {}})
2021-10-19 15:08:12,058 | 3670 | tracing_net.api.ws_server, emit2client, 116 | DEBUG | MessageHub receives messages from net and emits them to clients. (event=WSEvent.GET_TRACE, param=b'')
2021-10-19 15:08:12,059 | 3682 | tracing_net.api.ws_server, wait_traces, 162 | DEBUG | MessageHub receives traces from vnet. (traces length=0)
2021-10-19 15:08:13,055 | 3682 | tracing_net.api.ws_server, emit2net, 110 | DEBUG | MessageHub receives messages from clients and emits them to the vnet. (event=WSEvent.GET_TRACE, param={})
2021-10-19 15:08:13,057 | 3682 | tracing_net.api.ws_server, wait_traces, 159 | DEBUG | wait packet trace.....
2021-10-19 15:08:13,057 | 3670 | tracing_net.api.ws_server, get_from_client, 124 | DEBUG | MessageHub receives messages from clients. (response={'event': 'get_trace', 'param': {}})
2021-10-19 15:08:13,058 | 3670 | tracing_net.api.ws_server, emit2client, 116 | DEBUG | MessageHub receives messages from net and emits them to clients. (event=WSEvent.GET_TRACE, param=b'')
2021-10-19 15:08:13,058 | 3682 | tracing_net.api.ws_server, wait_traces, 162 | DEBUG | MessageHub receives traces from vnet. (traces length=0)
2021-10-19 15:08:14,056 | 3682 | tracing_net.api.ws_server, emit2net, 110 | DEBUG | MessageHub receives messages from clients and emits them to the vnet. (event=WSEvent.GET_TRACE, param={})
2021-10-19 15:08:14,079 | 3682 | tracing_net.api.ws_server, wait_traces, 159 | DEBUG | wait packet trace.....
2021-10-19 15:08:14,080 | 3670 | tracing_net.api.ws_server, get_from_client, 124 | DEBUG | MessageHub receives messages from clients. (response={'event': 'get_trace', 'param': {}})
2021-10-19 15:08:14,087 | 3670 | tracing_net.api.ws_server, emit2client, 116 | DEBUG | MessageHub receives messages from net and emits them to clients. (event=WSEvent.GET_TRACE, param=b'')
2021-10-19 15:08:14,093 | 3682 | tracing_net.api.ws_server, wait_traces, 162 | DEBUG | MessageHub receives traces from vnet. (traces length=0)
2021-10-19 15:08:15,055 | 3682 | tracing_net.api.ws_server, emit2net, 110 | DEBUG | MessageHub receives messages from clients and emits them to the vnet. (event=WSEvent.GET_TRACE, param={})
2021-10-19 15:08:15,057 | 3682 | tracing_net.api.ws_server, wait_traces, 159 | DEBUG | wait packet trace.....
2021-10-19 15:08:15,057 | 3670 | tracing_net.api.ws_server, get_from_client, 124 | DEBUG | MessageHub receives messages from clients. (response={'event': 'get_trace', 'param': {}})
2021-10-19 15:08:15,058 | 3670 | tracing_net.api.ws_server, emit2client, 116 | DEBUG | MessageHub receives messages from net and emits them to clients. (event=WSEvent.GET_TRACE, param=b'')
2021-10-19 15:08:15,059 | 3682 | tracing_net.api.ws_server, wait_traces, 162 | DEBUG | MessageHub receives traces from vnet. (traces length=0)
2021-10-19 15:08:16,056 | 3682 | tracing_net.api.ws_server, emit2net, 110 | DEBUG | MessageHub receives messages from clients and emits them to the vnet. (event=WSEvent.GET_TRACE, param={})
2021-10-19 15:08:16,059 | 3682 | tracing_net.api.ws_server, wait_traces, 159 | DEBUG | wait packet trace.....
2021-10-19 15:08:16,061 | 3670 | tracing_net.api.ws_server, get_from_client, 124 | DEBUG | MessageHub receives messages from clients. (response={'event': 'get_trace', 'param': {}})
2021-10-19 15:08:16,077 | 3670 | tracing_net.api.ws_server, emit2client, 116 | DEBUG | MessageHub receives messages from net and emits them to clients. (event=WSEvent.GET_TRACE, param=b'')
2021-10-19 15:08:16,091 | 3682 | tracing_net.api.ws_server, wait_traces, 162 | DEBUG | MessageHub receives traces from vnet. (traces length=0)
2021-10-19 15:08:17,056 | 3682 | tracing_net.api.ws_server, emit2net, 110 | DEBUG | MessageHub receives messages from clients and emits them to the vnet. (event=WSEvent.GET_TRACE, param={})
2021-10-19 15:08:17,057 | 3682 | tracing_net.api.ws_server, wait_traces, 159 | DEBUG | wait packet trace.....
2021-10-19 15:08:17,057 | 3670 | tracing_net.api.ws_server, get_from_client, 124 | DEBUG | MessageHub receives messages from clients. (response={'event': 'get_trace', 'param': {}})
2021-10-19 15:08:17,058 | 3670 | tracing_net.api.ws_server, emit2client, 116 | DEBUG | MessageHub receives messages from net and emits them to clients. (event=WSEvent.GET_TRACE, param=b'')
2021-10-19 15:08:17,059 | 3682 | tracing_net.api.ws_server, wait_traces, 162 | DEBUG | MessageHub receives traces from vnet. (traces length=0)
2021-10-19 15:08:18,058 | 3682 | tracing_net.api.ws_server, emit2net, 110 | DEBUG | MessageHub receives messages from clients and emits them to the vnet. (event=WSEvent.GET_TRACE, param={})
2021-10-19 15:08:18,060 | 3682 | tracing_net.api.ws_server, wait_traces, 159 | DEBUG | wait packet trace.....
2021-10-19 15:08:18,060 | 3670 | tracing_net.api.ws_server, get_from_client, 124 | DEBUG | MessageHub receives messages from clients. (response={'event': 'get_trace', 'param': {}})
2021-10-19 15:08:18,061 | 3670 | tracing_net.api.ws_server, emit2client, 116 | DEBUG | MessageHub receives messages from net and emits them to clients. (event=WSEvent.GET_TRACE, param=b'')
2021-10-19 15:08:18,061 | 3682 | tracing_net.api.ws_server, wait_traces, 162 | DEBUG | MessageHub receives traces from vnet. (traces length=0)
2021-10-19 15:08:19,842 | 3682 | tracing_net.api.ws_server, emit2net, 110 | DEBUG | MessageHub receives messages from clients and emits them to the vnet. (event=WSEvent.GET_TRACE, param={})
2021-10-19 15:08:19,847 | 3670 | tracing_net.api.ws_server, get_from_client, 124 | DEBUG | MessageHub receives messages from clients. (response={'event': 'get_trace', 'param': {}})
2021-10-19 15:08:19,847 | 3682 | tracing_net.api.ws_server, wait_traces, 159 | DEBUG | wait packet trace.....
2021-10-19 15:08:19,848 | 3670 | tracing_net.api.ws_server, emit2client, 116 | DEBUG | MessageHub receives messages from net and emits them to clients. (event=WSEvent.GET_TRACE, param=b'')
2021-10-19 15:08:19,848 | 3682 | tracing_net.api.ws_server, wait_traces, 162 | DEBUG | MessageHub receives traces from vnet. (traces length=0)
2021-10-19 15:08:20,844 | 3682 | tracing_net.api.ws_server, emit2net, 110 | DEBUG | MessageHub receives messages from clients and emits them to the vnet. (event=WSEvent.GET_TRACE, param={})
2021-10-19 15:08:20,845 | 3682 | tracing_net.api.ws_server, wait_traces, 159 | DEBUG | wait packet trace.....
2021-10-19 15:08:20,845 | 3670 | tracing_net.api.ws_server, get_from_client, 124 | DEBUG | MessageHub receives messages from clients. (response={'event': 'get_trace', 'param': {}})
2021-10-19 15:08:20,846 | 3670 | tracing_net.api.ws_server, emit2client, 116 | DEBUG | MessageHub receives messages from net and emits them to clients. (event=WSEvent.GET_TRACE, param=b'')
2021-10-19 15:08:20,846 | 3682 | tracing_net.api.ws_server, wait_traces, 162 | DEBUG | MessageHub receives traces from vnet. (traces length=0)
2021-10-19 15:08:22,135 | 3682 | tracing_net.api.ws_server, emit2net, 110 | DEBUG | MessageHub receives messages from clients and emits them to the vnet. (event=WSEvent.GET_TRACE, param={})
2021-10-19 15:08:22,137 | 3682 | tracing_net.api.ws_server, wait_traces, 159 | DEBUG | wait packet trace.....
2021-10-19 15:08:22,137 | 3670 | tracing_net.api.ws_server, get_from_client, 124 | DEBUG | MessageHub receives messages from clients. (response={'event': 'get_trace', 'param': {}})
2021-10-19 15:08:22,139 | 3670 | tracing_net.api.ws_server, emit2client, 116 | DEBUG | MessageHub receives messages from net and emits them to clients. (event=WSEvent.GET_TRACE, param=b'')
2021-10-19 15:08:22,140 | 3682 | tracing_net.api.ws_server, wait_traces, 162 | DEBUG | MessageHub receives traces from vnet. (traces length=0)
2021-10-19 15:08:23,076 | 3682 | tracing_net.api.ws_server, emit2net, 110 | DEBUG | MessageHub receives messages from clients and emits them to the vnet. (event=WSEvent.GET_TRACE, param={})
2021-10-19 15:08:23,097 | 3682 | tracing_net.api.ws_server, wait_traces, 159 | DEBUG | wait packet trace.....
2021-10-19 15:08:23,099 | 3670 | tracing_net.api.ws_server, get_from_client, 124 | DEBUG | MessageHub receives messages from clients. (response={'event': 'get_trace', 'param': {}})
2021-10-19 15:08:23,106 | 3670 | tracing_net.api.ws_server, emit2client, 116 | DEBUG | MessageHub receives messages from net and emits them to clients. (event=WSEvent.GET_TRACE, param=b'')
2021-10-19 15:08:23,110 | 3682 | tracing_net.api.ws_server, wait_traces, 162 | DEBUG | MessageHub receives traces from vnet. (traces length=0)
2021-10-19 15:08:24,063 | 3682 | tracing_net.api.ws_server, emit2net, 110 | DEBUG | MessageHub receives messages from clients and emits them to the vnet. (event=WSEvent.GET_TRACE, param={})
2021-10-19 15:08:24,077 | 3682 | tracing_net.api.ws_server, wait_traces, 159 | DEBUG | wait packet trace.....
2021-10-19 15:08:24,079 | 3670 | tracing_net.api.ws_server, get_from_client, 124 | DEBUG | MessageHub receives messages from clients. (response={'event': 'get_trace', 'param': {}})
2021-10-19 15:08:24,102 | 3670 | tracing_net.api.ws_server, emit2client, 116 | DEBUG | MessageHub receives messages from net and emits them to clients. (event=WSEvent.GET_TRACE, param=b'')
2021-10-19 15:08:24,117 | 3682 | tracing_net.api.ws_server, wait_traces, 162 | DEBUG | MessageHub receives traces from vnet. (traces length=0)
2021-10-19 15:08:25,066 | 3682 | tracing_net.api.ws_server, emit2net, 110 | DEBUG | MessageHub receives messages from clients and emits them to the vnet. (event=WSEvent.GET_TRACE, param={})
2021-10-19 15:08:25,084 | 3682 | tracing_net.api.ws_server, wait_traces, 159 | DEBUG | wait packet trace.....
2021-10-19 15:08:25,090 | 3670 | tracing_net.api.ws_server, get_from_client, 124 | DEBUG | MessageHub receives messages from clients. (response={'event': 'get_trace', 'param': {}})
2021-10-19 15:08:25,107 | 3670 | tracing_net.api.ws_server, emit2client, 116 | DEBUG | MessageHub receives messages from net and emits them to clients. (event=WSEvent.GET_TRACE, param=b'')
2021-10-19 15:08:25,138 | 3682 | tracing_net.api.ws_server, wait_traces, 162 | DEBUG | MessageHub receives traces from vnet. (traces length=0)
2021-10-19 15:08:25,626 | 3682 | tracing_net.api.ws_server, disconnect, 280 | INFO | disconnect sid=78vgbzONgknlPzekAAAB
2021-10-19 15:08:30,564 | 3682 | tracing_net.api.ws_server, connect, 275 | INFO | connect sid=hBMBXQoevqoJCkmLAAAD
2021-10-19 15:08:45,853 | 3682 | tracing_net.api.ws_server, emit2net, 110 | DEBUG | MessageHub receives messages from clients and emits them to the vnet. (event=WSEvent.ADD_SWITCH, param={'name': 's0', 'dpid': ''})
2021-10-19 15:08:45,861 | 3670 | tracing_net.api.ws_server, get_from_client, 124 | DEBUG | MessageHub receives messages from clients. (response={'event': 'add_switch', 'param': {'name': 's0', 'dpid': ''}})
2021-10-19 15:08:45,867 | 3670 | tracing_net.net, add_switch, 116 | DEBUG | added the switch (s0)
2021-10-19 15:08:47,132 | 3682 | tracing_net.api.ws_server, emit2net, 110 | DEBUG | MessageHub receives messages from clients and emits them to the vnet. (event=WSEvent.ADD_HOST, param={'name': 'h0', 'ip': '', 'mac': ''})
2021-10-19 15:08:47,140 | 3670 | tracing_net.api.ws_server, get_from_client, 124 | DEBUG | MessageHub receives messages from clients. (response={'event': 'add_host', 'param': {'name': 'h0', 'ip': '', 'mac': ''}})
2021-10-19 15:08:47,146 | 3670 | tracing_net.net, add_host, 164 | DEBUG | added the host (h0)
2021-10-19 15:08:48,146 | 3682 | tracing_net.api.ws_server, emit2net, 110 | DEBUG | MessageHub receives messages from clients and emits them to the vnet. (event=WSEvent.ADD_LINK, param={'link_name': 'e0', 'host_name1': 'h0', 'host_name2': 's0'})
2021-10-19 15:08:48,151 | 3670 | tracing_net.api.ws_server, get_from_client, 124 | DEBUG | MessageHub receives messages from clients. (response={'event': 'add_link', 'param': {'link_name': 'e0', 'host_name1': 'h0', 'host_name2': 's0'}})
2021-10-19 15:08:48,158 | 3670 | tracing_net.net, add_link, 203 | DEBUG | added the link (e0) between h0 and s0
2021-10-19 15:08:49,495 | 3682 | tracing_net.api.ws_server, emit2net, 110 | DEBUG | MessageHub receives messages from clients and emits them to the vnet. (event=WSEvent.ADD_HOST, param={'name': 'h1', 'ip': '', 'mac': ''})
2021-10-19 15:08:49,504 | 3670 | tracing_net.api.ws_server, get_from_client, 124 | DEBUG | MessageHub receives messages from clients. (response={'event': 'add_host', 'param': {'name': 'h1', 'ip': '', 'mac': ''}})
2021-10-19 15:08:49,521 | 3670 | tracing_net.net, add_host, 164 | DEBUG | added the host (h1)
2021-10-19 15:08:50,346 | 3682 | tracing_net.api.ws_server, emit2net, 110 | DEBUG | MessageHub receives messages from clients and emits them to the vnet. (event=WSEvent.ADD_LINK, param={'link_name': 'e1', 'host_name1': 'h1', 'host_name2': 's0'})
2021-10-19 15:08:50,354 | 3670 | tracing_net.api.ws_server, get_from_client, 124 | DEBUG | MessageHub receives messages from clients. (response={'event': 'add_link', 'param': {'link_name': 'e1', 'host_name1': 'h1', 'host_name2': 's0'}})
2021-10-19 15:08:50,359 | 3670 | tracing_net.net, add_link, 203 | DEBUG | added the link (e1) between h1 and s0
2021-10-19 15:08:54,021 | 3682 | tracing_net.api.ws_server, emit2net, 110 | DEBUG | MessageHub receives messages from clients and emits them to the vnet. (event=WSEvent.START_TRACING, param={})
2021-10-19 15:08:54,028 | 3670 | tracing_net.api.ws_server, get_from_client, 124 | DEBUG | MessageHub receives messages from clients. (response={'event': 'start_tracing', 'param': {}})
2021-10-19 15:08:54,030 | 3670 | tracing_net.net, start_tracing, 525 | INFO | tracing start
2021-10-19 15:08:54,031 | 3670 | tracing_net.net, start_tracing, 527 | DEBUG | ipv6 is disable
2021-10-19 15:08:54,071 | 3670 | tracing_net.packet_capture_manager, start_capture, 87 | DEBUG | capture process (h0-eth0:None) started
2021-10-19 15:08:54,075 | 3670 | tracing_net.packet_capture_manager, start_capture, 87 | DEBUG | capture process (h1-eth0:None) started
2021-10-19 15:08:54,075 | 3778 | tracing_net.util.packet_capture, start_capture, 58 | INFO | packet capture start on h0-eth0
2021-10-19 15:08:54,079 | 3670 | tracing_net.flowtable.flow_monitor, __init__, 46 | INFO | flow monitor start : s0
2021-10-19 15:08:54,082 | 3780 | tracing_net.util.packet_capture, start_capture, 58 | INFO | packet capture start on h1-eth0
2021-10-19 15:08:54,142 | 3783 | tracing_net.flowtable.flow_monitor, flow_monitor, 99 | DEBUG | flow monitor get result NXST_FLOW_MONITOR reply (xid=0x4):
2021-10-19 15:08:54,143 | 3783 | tracing_net.flowtable.flow_monitor, flow_monitor, 99 | DEBUG | flow monitor get result event=ADDED table=0 cookie=0 actions=CONTROLLER:65535
2021-10-19 15:08:55,101 | 3783 | tracing_net.flowtable.flow_monitor, dump_flows, 57 | DEBUG | exec dump flows on s0
2021-10-19 15:08:55,109 | 3783 | tracing_net.flowtable.flow_monitor, read_dump_flow, 74 | DEBUG | get result for dump flows 1634656135.105985 : ['OFPST_FLOW reply (OF1.3) (xid=0x2):', ' cookie=0x0, duration=9.002s, table=0, n_packets=10, n_bytes=836, priority=0 actions=CONTROLLER:65535']
2021-10-19 15:08:55,121 | 3783 | tracing_net.flowtable.flow_monitor, read_dump_flow, 80 | DEBUG | parsed dump flows result to table 1634656135.105985 : <FlowTables(datapath=0, timestamp=1634656135.105985, flows=[<Flow(table=0, priority=0, match={}, actions=[<InstructionApplyAction type=4>])>])>
2021-10-19 15:08:55,122 | 3670 | tracing_net.flowtable.table_repository, add, 91 | DEBUG | flow table update to new_table=<FlowTables(datapath=0, timestamp=1634656135.105985, flows=[<Flow(table=0, priority=0, match={}, actions=[<InstructionApplyAction type=4>])>])> on switch = s0
2021-10-19 15:08:56,101 | 3783 | tracing_net.flowtable.flow_monitor, dump_flows, 57 | DEBUG | exec dump flows on s0
2021-10-19 15:08:56,111 | 3783 | tracing_net.flowtable.flow_monitor, read_dump_flow, 74 | DEBUG | get result for dump flows 1634656136.105845 : ['OFPST_FLOW reply (OF1.3) (xid=0x2):', ' cookie=0x0, duration=10.004s, table=0, n_packets=10, n_bytes=836, priority=0 actions=CONTROLLER:65535']
2021-10-19 15:08:56,112 | 3783 | tracing_net.flowtable.flow_monitor, read_dump_flow, 80 | DEBUG | parsed dump flows result to table 1634656136.105845 : <FlowTables(datapath=0, timestamp=1634656136.105845, flows=[<Flow(table=0, priority=0, match={}, actions=[<InstructionApplyAction type=4>])>])>
2021-10-19 15:08:57,106 | 3783 | tracing_net.flowtable.flow_monitor, dump_flows, 57 | DEBUG | exec dump flows on s0
2021-10-19 15:08:57,115 | 3783 | tracing_net.flowtable.flow_monitor, read_dump_flow, 74 | DEBUG | get result for dump flows 1634656137.112371 : ['OFPST_FLOW reply (OF1.3) (xid=0x2):', ' cookie=0x0, duration=11.008s, table=0, n_packets=10, n_bytes=836, priority=0 actions=CONTROLLER:65535']
2021-10-19 15:08:57,117 | 3783 | tracing_net.flowtable.flow_monitor, read_dump_flow, 80 | DEBUG | parsed dump flows result to table 1634656137.112371 : <FlowTables(datapath=0, timestamp=1634656137.112371, flows=[<Flow(table=0, priority=0, match={}, actions=[<InstructionApplyAction type=4>])>])>
2021-10-19 15:08:57,482 | 3682 | tracing_net.api.ws_server, emit2net, 110 | DEBUG | MessageHub receives messages from clients and emits them to the vnet. (event=WSEvent.GET_TRACE, param={})
2021-10-19 15:08:57,492 | 3682 | tracing_net.api.ws_server, wait_traces, 159 | DEBUG | wait packet trace.....
2021-10-19 15:08:57,493 | 3670 | tracing_net.api.ws_server, get_from_client, 124 | DEBUG | MessageHub receives messages from clients. (response={'event': 'get_trace', 'param': {}})
2021-10-19 15:08:57,496 | 3670 | tracing_net.api.ws_server, emit2client, 116 | DEBUG | MessageHub receives messages from net and emits them to clients. (event=WSEvent.GET_TRACE, param=b'')
2021-10-19 15:08:57,498 | 3682 | tracing_net.api.ws_server, wait_traces, 162 | DEBUG | MessageHub receives traces from vnet. (traces length=0)
2021-10-19 15:08:58,101 | 3783 | tracing_net.flowtable.flow_monitor, dump_flows, 57 | DEBUG | exec dump flows on s0
2021-10-19 15:08:58,147 | 3783 | tracing_net.flowtable.flow_monitor, read_dump_flow, 74 | DEBUG | get result for dump flows 1634656138.131383 : ['OFPST_FLOW reply (OF1.3) (xid=0x2):', ' cookie=0x0, duration=12.039s, table=0, n_packets=10, n_bytes=836, priority=0 actions=CONTROLLER:65535']
2021-10-19 15:08:58,148 | 3783 | tracing_net.flowtable.flow_monitor, read_dump_flow, 80 | DEBUG | parsed dump flows result to table 1634656138.131383 : <FlowTables(datapath=0, timestamp=1634656138.131383, flows=[<Flow(table=0, priority=0, match={}, actions=[<InstructionApplyAction type=4>])>])>
2021-10-19 15:08:59,063 | 3682 | tracing_net.api.ws_server, emit2net, 110 | DEBUG | MessageHub receives messages from clients and emits them to the vnet. (event=WSEvent.GET_TRACE, param={})
2021-10-19 15:08:59,065 | 3670 | tracing_net.api.ws_server, get_from_client, 124 | DEBUG | MessageHub receives messages from clients. (response={'event': 'get_trace', 'param': {}})
2021-10-19 15:08:59,064 | 3682 | tracing_net.api.ws_server, wait_traces, 159 | DEBUG | wait packet trace.....
2021-10-19 15:08:59,073 | 3670 | tracing_net.api.ws_server, emit2client, 116 | DEBUG | MessageHub receives messages from net and emits them to clients. (event=WSEvent.GET_TRACE, param=b'')
2021-10-19 15:08:59,088 | 3682 | tracing_net.api.ws_server, wait_traces, 162 | DEBUG | MessageHub receives traces from vnet. (traces length=0)
2021-10-19 15:08:59,105 | 3783 | tracing_net.flowtable.flow_monitor, dump_flows, 57 | DEBUG | exec dump flows on s0
2021-10-19 15:08:59,133 | 3783 | tracing_net.flowtable.flow_monitor, read_dump_flow, 74 | DEBUG | get result for dump flows 1634656139.124657 : ['OFPST_FLOW reply (OF1.3) (xid=0x2):', ' cookie=0x0, duration=13.026s, table=0, n_packets=10, n_bytes=836, priority=0 actions=CONTROLLER:65535']
2021-10-19 15:08:59,138 | 3783 | tracing_net.flowtable.flow_monitor, read_dump_flow, 80 | DEBUG | parsed dump flows result to table 1634656139.124657 : <FlowTables(datapath=0, timestamp=1634656139.124657, flows=[<Flow(table=0, priority=0, match={}, actions=[<InstructionApplyAction type=4>])>])>
2021-10-19 15:08:59,458 | 3682 | tracing_net.api.ws_server, emit2net, 110 | DEBUG | MessageHub receives messages from clients and emits them to the vnet. (event=WSEvent.GET_TRACE, param={})
2021-10-19 15:08:59,460 | 3682 | tracing_net.api.ws_server, wait_traces, 159 | DEBUG | wait packet trace.....
2021-10-19 15:08:59,460 | 3670 | tracing_net.api.ws_server, get_from_client, 124 | DEBUG | MessageHub receives messages from clients. (response={'event': 'get_trace', 'param': {}})
2021-10-19 15:08:59,461 | 3670 | tracing_net.api.ws_server, emit2client, 116 | DEBUG | MessageHub receives messages from net and emits them to clients. (event=WSEvent.GET_TRACE, param=b'')
2021-10-19 15:08:59,463 | 3682 | tracing_net.api.ws_server, wait_traces, 162 | DEBUG | MessageHub receives traces from vnet. (traces length=0)
2021-10-19 15:09:00,101 | 3783 | tracing_net.flowtable.flow_monitor, dump_flows, 57 | DEBUG | exec dump flows on s0
2021-10-19 15:09:00,115 | 3783 | tracing_net.flowtable.flow_monitor, read_dump_flow, 74 | DEBUG | get result for dump flows 1634656140.109098 : ['OFPST_FLOW reply (OF1.3) (xid=0x2):', ' cookie=0x0, duration=14.007s, table=0, n_packets=10, n_bytes=836, priority=0 actions=CONTROLLER:65535']
2021-10-19 15:09:00,116 | 3783 | tracing_net.flowtable.flow_monitor, read_dump_flow, 80 | DEBUG | parsed dump flows result to table 1634656140.109098 : <FlowTables(datapath=0, timestamp=1634656140.109098, flows=[<Flow(table=0, priority=0, match={}, actions=[<InstructionApplyAction type=4>])>])>
2021-10-19 15:09:00,480 | 3682 | tracing_net.api.ws_server, emit2net, 110 | DEBUG | MessageHub receives messages from clients and emits them to the vnet. (event=WSEvent.GET_TRACE, param={})
2021-10-19 15:09:00,489 | 3682 | tracing_net.api.ws_server, wait_traces, 159 | DEBUG | wait packet trace.....
2021-10-19 15:09:00,489 | 3670 | tracing_net.api.ws_server, get_from_client, 124 | DEBUG | MessageHub receives messages from clients. (response={'event': 'get_trace', 'param': {}})
2021-10-19 15:09:00,529 | 3670 | tracing_net.api.ws_server, emit2client, 116 | DEBUG | MessageHub receives messages from net and emits them to clients. (event=WSEvent.GET_TRACE, param=b'')
2021-10-19 15:09:00,533 | 3682 | tracing_net.api.ws_server, wait_traces, 162 | DEBUG | MessageHub receives traces from vnet. (traces length=0)
2021-10-19 15:09:01,101 | 3783 | tracing_net.flowtable.flow_monitor, dump_flows, 57 | DEBUG | exec dump flows on s0
2021-10-19 15:09:01,127 | 3783 | tracing_net.flowtable.flow_monitor, read_dump_flow, 74 | DEBUG | get result for dump flows 1634656141.11918 : ['OFPST_FLOW reply (OF1.3) (xid=0x2):', ' cookie=0x0, duration=15.017s, table=0, n_packets=10, n_bytes=836, priority=0 actions=CONTROLLER:65535']
2021-10-19 15:09:01,130 | 3783 | tracing_net.flowtable.flow_monitor, read_dump_flow, 80 | DEBUG | parsed dump flows result to table 1634656141.11918 : <FlowTables(datapath=0, timestamp=1634656141.11918, flows=[<Flow(table=0, priority=0, match={}, actions=[<InstructionApplyAction type=4>])>])>
2021-10-19 15:09:01,911 | 3682 | tracing_net.api.ws_server, emit2net, 110 | DEBUG | MessageHub receives messages from clients and emits them to the vnet. (event=WSEvent.GET_TRACE, param={})
2021-10-19 15:09:01,921 | 3682 | tracing_net.api.ws_server, wait_traces, 159 | DEBUG | wait packet trace.....
2021-10-19 15:09:01,921 | 3670 | tracing_net.api.ws_server, get_from_client, 124 | DEBUG | MessageHub receives messages from clients. (response={'event': 'get_trace', 'param': {}})
2021-10-19 15:09:01,937 | 3670 | tracing_net.api.ws_server, emit2client, 116 | DEBUG | MessageHub receives messages from net and emits them to clients. (event=WSEvent.GET_TRACE, param=b'')
2021-10-19 15:09:01,972 | 3682 | tracing_net.api.ws_server, wait_traces, 162 | DEBUG | MessageHub receives traces from vnet. (traces length=0)
2021-10-19 15:09:02,101 | 3783 | tracing_net.flowtable.flow_monitor, dump_flows, 57 | DEBUG | exec dump flows on s0
2021-10-19 15:09:02,141 | 3783 | tracing_net.flowtable.flow_monitor, read_dump_flow, 74 | DEBUG | get result for dump flows 1634656142.133577 : ['OFPST_FLOW reply (OF1.3) (xid=0x2):', ' cookie=0x0, duration=16.034s, table=0, n_packets=10, n_bytes=836, priority=0 actions=CONTROLLER:65535']
2021-10-19 15:09:02,143 | 3783 | tracing_net.flowtable.flow_monitor, read_dump_flow, 80 | DEBUG | parsed dump flows result to table 1634656142.133577 : <FlowTables(datapath=0, timestamp=1634656142.133577, flows=[<Flow(table=0, priority=0, match={}, actions=[<InstructionApplyAction type=4>])>])>
2021-10-19 15:09:03,101 | 3783 | tracing_net.flowtable.flow_monitor, dump_flows, 57 | DEBUG | exec dump flows on s0
2021-10-19 15:09:03,113 | 3783 | tracing_net.flowtable.flow_monitor, read_dump_flow, 74 | DEBUG | get result for dump flows 1634656143.108273 : ['OFPST_FLOW reply (OF1.3) (xid=0x2):', ' cookie=0x0, duration=17.005s, table=0, n_packets=10, n_bytes=836, priority=0 actions=CONTROLLER:65535']
2021-10-19 15:09:03,116 | 3783 | tracing_net.flowtable.flow_monitor, read_dump_flow, 80 | DEBUG | parsed dump flows result to table 1634656143.108273 : <FlowTables(datapath=0, timestamp=1634656143.108273, flows=[<Flow(table=0, priority=0, match={}, actions=[<InstructionApplyAction type=4>])>])>
2021-10-19 15:09:03,201 | 3682 | tracing_net.api.ws_server, emit2net, 110 | DEBUG | MessageHub receives messages from clients and emits them to the vnet. (event=WSEvent.GET_TRACE, param={})
2021-10-19 15:09:03,203 | 3682 | tracing_net.api.ws_server, wait_traces, 159 | DEBUG | wait packet trace.....
2021-10-19 15:09:03,203 | 3670 | tracing_net.api.ws_server, get_from_client, 124 | DEBUG | MessageHub receives messages from clients. (response={'event': 'get_trace', 'param': {}})
2021-10-19 15:09:03,207 | 3670 | tracing_net.api.ws_server, emit2client, 116 | DEBUG | MessageHub receives messages from net and emits them to clients. (event=WSEvent.GET_TRACE, param=b'')
2021-10-19 15:09:03,208 | 3682 | tracing_net.api.ws_server, wait_traces, 162 | DEBUG | MessageHub receives traces from vnet. (traces length=0)
2021-10-19 15:09:03,907 | 3682 | tracing_net.api.ws_server, emit2net, 110 | DEBUG | MessageHub receives messages from clients and emits them to the vnet. (event=WSEvent.GET_TRACE, param={})
2021-10-19 15:09:03,909 | 3670 | tracing_net.api.ws_server, get_from_client, 124 | DEBUG | MessageHub receives messages from clients. (response={'event': 'get_trace', 'param': {}})
2021-10-19 15:09:03,909 | 3682 | tracing_net.api.ws_server, wait_traces, 159 | DEBUG | wait packet trace.....
2021-10-19 15:09:03,910 | 3670 | tracing_net.api.ws_server, emit2client, 116 | DEBUG | MessageHub receives messages from net and emits them to clients. (event=WSEvent.GET_TRACE, param=b'')
2021-10-19 15:09:03,917 | 3682 | tracing_net.api.ws_server, wait_traces, 162 | DEBUG | MessageHub receives traces from vnet. (traces length=0)
2021-10-19 15:09:04,102 | 3783 | tracing_net.flowtable.flow_monitor, dump_flows, 57 | DEBUG | exec dump flows on s0
2021-10-19 15:09:04,117 | 3783 | tracing_net.flowtable.flow_monitor, read_dump_flow, 74 | DEBUG | get result for dump flows 1634656144.112498 : ['OFPST_FLOW reply (OF1.3) (xid=0x2):', ' cookie=0x0, duration=18.010s, table=0, n_packets=10, n_bytes=836, priority=0 actions=CONTROLLER:65535']
2021-10-19 15:09:04,119 | 3783 | tracing_net.flowtable.flow_monitor, read_dump_flow, 80 | DEBUG | parsed dump flows result to table 1634656144.112498 : <FlowTables(datapath=0, timestamp=1634656144.112498, flows=[<Flow(table=0, priority=0, match={}, actions=[<InstructionApplyAction type=4>])>])>
2021-10-19 15:09:04,868 | 3682 | tracing_net.api.ws_server, emit2net, 110 | DEBUG | MessageHub receives messages from clients and emits them to the vnet. (event=WSEvent.GET_TRACE, param={})
2021-10-19 15:09:04,895 | 3682 | tracing_net.api.ws_server, wait_traces, 159 | DEBUG | wait packet trace.....
2021-10-19 15:09:04,895 | 3670 | tracing_net.api.ws_server, get_from_client, 124 | DEBUG | MessageHub receives messages from clients. (response={'event': 'get_trace', 'param': {}})
2021-10-19 15:09:04,947 | 3670 | tracing_net.api.ws_server, emit2client, 116 | DEBUG | MessageHub receives messages from net and emits them to clients. (event=WSEvent.GET_TRACE, param=b'')
2021-10-19 15:09:04,951 | 3682 | tracing_net.api.ws_server, wait_traces, 162 | DEBUG | MessageHub receives traces from vnet. (traces length=0)
2021-10-19 15:09:05,101 | 3783 | tracing_net.flowtable.flow_monitor, dump_flows, 57 | DEBUG | exec dump flows on s0
2021-10-19 15:09:05,116 | 3783 | tracing_net.flowtable.flow_monitor, read_dump_flow, 74 | DEBUG | get result for dump flows 1634656145.11022 : ['OFPST_FLOW reply (OF1.3) (xid=0x2):', ' cookie=0x0, duration=19.009s, table=0, n_packets=10, n_bytes=836, priority=0 actions=CONTROLLER:65535']
2021-10-19 15:09:05,124 | 3783 | tracing_net.flowtable.flow_monitor, read_dump_flow, 80 | DEBUG | parsed dump flows result to table 1634656145.11022 : <FlowTables(datapath=0, timestamp=1634656145.11022, flows=[<Flow(table=0, priority=0, match={}, actions=[<InstructionApplyAction type=4>])>])>
2021-10-19 15:09:05,300 | 3783 | tracing_net.flowtable.flow_monitor, flow_monitor, 99 | DEBUG | flow monitor get result NXST_FLOW_MONITOR reply (xid=0x0):
2021-10-19 15:09:05,302 | 3783 | tracing_net.flowtable.flow_monitor, flow_monitor, 99 | DEBUG | flow monitor get result event=ADDED table=0 cookie=0 in_port=2,dl_src=6e:db:19:1b:e9:94,dl_dst=e6:3d:3a:63:0f:e9 actions=output:1
2021-10-19 15:09:05,308 | 3783 | tracing_net.flowtable.flow_monitor, flow_monitor, 99 | DEBUG | flow monitor get result NXST_FLOW_MONITOR reply (xid=0x0):
2021-10-19 15:09:05,310 | 3783 | tracing_net.flowtable.flow_monitor, flow_monitor, 99 | DEBUG | flow monitor get result event=ADDED table=0 cookie=0 in_port=1,dl_src=e6:3d:3a:63:0f:e9,dl_dst=6e:db:19:1b:e9:94 actions=output:2
2021-10-19 15:09:05,871 | 3682 | tracing_net.api.ws_server, emit2net, 110 | DEBUG | MessageHub receives messages from clients and emits them to the vnet. (event=WSEvent.GET_TRACE, param={})
2021-10-19 15:09:05,872 | 3670 | tracing_net.api.ws_server, get_from_client, 124 | DEBUG | MessageHub receives messages from clients. (response={'event': 'get_trace', 'param': {}})
2021-10-19 15:09:05,872 | 3682 | tracing_net.api.ws_server, wait_traces, 159 | DEBUG | wait packet trace.....
2021-10-19 15:09:05,872 | 3670 | tracing_net.api.ws_server, emit2client, 116 | DEBUG | MessageHub receives messages from net and emits them to clients. (event=WSEvent.GET_TRACE, param=b'')
2021-10-19 15:09:05,873 | 3682 | tracing_net.api.ws_server, wait_traces, 162 | DEBUG | MessageHub receives traces from vnet. (traces length=0)
2021-10-19 15:09:06,104 | 3783 | tracing_net.flowtable.flow_monitor, dump_flows, 57 | DEBUG | exec dump flows on s0
2021-10-19 15:09:06,117 | 3783 | tracing_net.flowtable.flow_monitor, read_dump_flow, 74 | DEBUG | get result for dump flows 1634656146.111409 : ['OFPST_FLOW reply (OF1.3) (xid=0x2):', ' cookie=0x0, duration=0.823s, table=0, n_packets=2, n_bytes=196, priority=1,in_port=2,dl_src=6e:db:19:1b:e9:94,dl_dst=e6:3d:3a:63:0f:e9 actions=output:1', ' cookie=0x0, duration=0.808s, table=0, n_packets=1, n_bytes=98, priority=1,in_port=1,dl_src=e6:3d:3a:63:0f:e9,dl_dst=6e:db:19:1b:e9:94 actions=output:2', ' cookie=0x0, duration=20.009s, table=0, n_packets=13, n_bytes=1018, priority=0 actions=CONTROLLER:65535']
2021-10-19 15:09:06,121 | 3670 | tracing_net.flowtable.table_repository, add, 91 | DEBUG | flow table update to new_table=<FlowTables(datapath=0, timestamp=1634656146.111409, flows=[<Flow(table=0, priority=1, match=[<in_port, 2/None>, <dl_src, 6e:db:19:1b:e9:94/None>, <dl_dst, e6:3d:3a:63:0f:e9/None>], actions=[<InstructionApplyAction type=4>])>, <Flow(table=0, priority=1, match=[<in_port, 1/None>, <dl_src, e6:3d:3a:63:0f:e9/None>, <dl_dst, 6e:db:19:1b:e9:94/None>], actions=[<InstructionApplyAction type=4>])>, <Flow(table=0, priority=0, match={}, actions=[<InstructionApplyAction type=4>])>])> on switch = s0
2021-10-19 15:09:06,121 | 3783 | tracing_net.flowtable.flow_monitor, read_dump_flow, 80 | DEBUG | parsed dump flows result to table 1634656146.111409 : <FlowTables(datapath=0, timestamp=1634656146.111409, flows=[<Flow(table=0, priority=1, match=[<in_port, 2/None>, <dl_src, 6e:db:19:1b:e9:94/None>, <dl_dst, e6:3d:3a:63:0f:e9/None>], actions=[<InstructionApplyAction type=4>])>, <Flow(table=0, priority=1, match=[<in_port, 1/None>, <dl_src, e6:3d:3a:63:0f:e9/None>, <dl_dst, 6e:db:19:1b:e9:94/None>], actions=[<InstructionApplyAction type=4>])>, <Flow(table=0, priority=0, match={}, actions=[<InstructionApplyAction type=4>])>])>
2021-10-19 15:09:06,775 | 3682 | tracing_net.api.ws_server, emit2net, 110 | DEBUG | MessageHub receives messages from clients and emits them to the vnet. (event=WSEvent.GET_TRACE, param={})
2021-10-19 15:09:06,926 | 3670 | tracing_net.api.ws_server, get_from_client, 124 | DEBUG | MessageHub receives messages from clients. (response={'event': 'get_trace', 'param': {}})
2021-10-19 15:09:06,926 | 3682 | tracing_net.api.ws_server, wait_traces, 159 | DEBUG | wait packet trace.....
2021-10-19 15:09:06,928 | 3670 | tracing_net.api.ws_server, emit2client, 116 | DEBUG | MessageHub receives messages from net and emits them to clients. (event=WSEvent.GET_TRACE, param=b'')
2021-10-19 15:09:06,929 | 3682 | tracing_net.api.ws_server, wait_traces, 162 | DEBUG | MessageHub receives traces from vnet. (traces length=0)
2021-10-19 15:09:07,101 | 3783 | tracing_net.flowtable.flow_monitor, dump_flows, 57 | DEBUG | exec dump flows on s0
2021-10-19 15:09:07,114 | 3783 | tracing_net.flowtable.flow_monitor, read_dump_flow, 74 | DEBUG | get result for dump flows 1634656147.109365 : ['OFPST_FLOW reply (OF1.3) (xid=0x2):', ' cookie=0x0, duration=1.820s, table=0, n_packets=2, n_bytes=196, priority=1,in_port=2,dl_src=6e:db:19:1b:e9:94,dl_dst=e6:3d:3a:63:0f:e9 actions=output:1', ' cookie=0x0, duration=1.805s, table=0, n_packets=1, n_bytes=98, priority=1,in_port=1,dl_src=e6:3d:3a:63:0f:e9,dl_dst=6e:db:19:1b:e9:94 actions=output:2', ' cookie=0x0, duration=21.006s, table=0, n_packets=13, n_bytes=1018, priority=0 actions=CONTROLLER:65535']
2021-10-19 15:09:07,115 | 3783 | tracing_net.flowtable.flow_monitor, read_dump_flow, 80 | DEBUG | parsed dump flows result to table 1634656147.109365 : <FlowTables(datapath=0, timestamp=1634656147.109365, flows=[<Flow(table=0, priority=1, match=[<in_port, 2/None>, <dl_src, 6e:db:19:1b:e9:94/None>, <dl_dst, e6:3d:3a:63:0f:e9/None>], actions=[<InstructionApplyAction type=4>])>, <Flow(table=0, priority=1, match=[<in_port, 1/None>, <dl_src, e6:3d:3a:63:0f:e9/None>, <dl_dst, 6e:db:19:1b:e9:94/None>], actions=[<InstructionApplyAction type=4>])>, <Flow(table=0, priority=0, match={}, actions=[<InstructionApplyAction type=4>])>])>
2021-10-19 15:09:07,116 | 3670 | tracing_net.flowtable.table_repository, add, 91 | DEBUG | flow table update to new_table=<FlowTables(datapath=0, timestamp=1634656147.109365, flows=[<Flow(table=0, priority=1, match=[<in_port, 2/None>, <dl_src, 6e:db:19:1b:e9:94/None>, <dl_dst, e6:3d:3a:63:0f:e9/None>], actions=[<InstructionApplyAction type=4>])>, <Flow(table=0, priority=1, match=[<in_port, 1/None>, <dl_src, e6:3d:3a:63:0f:e9/None>, <dl_dst, 6e:db:19:1b:e9:94/None>], actions=[<InstructionApplyAction type=4>])>, <Flow(table=0, priority=0, match={}, actions=[<InstructionApplyAction type=4>])>])> on switch = s0
2021-10-19 15:09:07,488 | 3682 | tracing_net.api.ws_server, emit2net, 110 | DEBUG | MessageHub receives messages from clients and emits them to the vnet. (event=WSEvent.GET_TRACE, param={})
2021-10-19 15:09:07,493 | 3670 | tracing_net.api.ws_server, get_from_client, 124 | DEBUG | MessageHub receives messages from clients. (response={'event': 'get_trace', 'param': {}})
2021-10-19 15:09:07,493 | 3682 | tracing_net.api.ws_server, wait_traces, 159 | DEBUG | wait packet trace.....
2021-10-19 15:09:07,494 | 3670 | tracing_net.api.ws_server, emit2client, 116 | DEBUG | MessageHub receives messages from net and emits them to clients. (event=WSEvent.GET_TRACE, param=b'')
2021-10-19 15:09:07,496 | 3682 | tracing_net.api.ws_server, wait_traces, 162 | DEBUG | MessageHub receives traces from vnet. (traces length=0)
2021-10-19 15:09:08,101 | 3783 | tracing_net.flowtable.flow_monitor, dump_flows, 57 | DEBUG | exec dump flows on s0
2021-10-19 15:09:08,109 | 3783 | tracing_net.flowtable.flow_monitor, read_dump_flow, 74 | DEBUG | get result for dump flows 1634656148.10631 : ['OFPST_FLOW reply (OF1.3) (xid=0x2):', ' cookie=0x0, duration=2.816s, table=0, n_packets=2, n_bytes=196, priority=1,in_port=2,dl_src=6e:db:19:1b:e9:94,dl_dst=e6:3d:3a:63:0f:e9 actions=output:1', ' cookie=0x0, duration=2.801s, table=0, n_packets=1, n_bytes=98, priority=1,in_port=1,dl_src=e6:3d:3a:63:0f:e9,dl_dst=6e:db:19:1b:e9:94 actions=output:2', ' cookie=0x0, duration=22.002s, table=0, n_packets=13, n_bytes=1018, priority=0 actions=CONTROLLER:65535']
2021-10-19 15:09:08,111 | 3783 | tracing_net.flowtable.flow_monitor, read_dump_flow, 80 | DEBUG | parsed dump flows result to table 1634656148.10631 : <FlowTables(datapath=0, timestamp=1634656148.10631, flows=[<Flow(table=0, priority=1, match=[<in_port, 2/None>, <dl_src, 6e:db:19:1b:e9:94/None>, <dl_dst, e6:3d:3a:63:0f:e9/None>], actions=[<InstructionApplyAction type=4>])>, <Flow(table=0, priority=1, match=[<in_port, 1/None>, <dl_src, e6:3d:3a:63:0f:e9/None>, <dl_dst, 6e:db:19:1b:e9:94/None>], actions=[<InstructionApplyAction type=4>])>, <Flow(table=0, priority=0, match={}, actions=[<InstructionApplyAction type=4>])>])>
2021-10-19 15:09:08,112 | 3670 | tracing_net.flowtable.table_repository, add, 91 | DEBUG | flow table update to new_table=<FlowTables(datapath=0, timestamp=1634656148.10631, flows=[<Flow(table=0, priority=1, match=[<in_port, 2/None>, <dl_src, 6e:db:19:1b:e9:94/None>, <dl_dst, e6:3d:3a:63:0f:e9/None>], actions=[<InstructionApplyAction type=4>])>, <Flow(table=0, priority=1, match=[<in_port, 1/None>, <dl_src, e6:3d:3a:63:0f:e9/None>, <dl_dst, 6e:db:19:1b:e9:94/None>], actions=[<InstructionApplyAction type=4>])>, <Flow(table=0, priority=0, match={}, actions=[<InstructionApplyAction type=4>])>])> on switch = s0
2021-10-19 15:09:08,464 | 3682 | tracing_net.api.ws_server, emit2net, 110 | DEBUG | MessageHub receives messages from clients and emits them to the vnet. (event=WSEvent.GET_TRACE, param={})
2021-10-19 15:09:08,465 | 3682 | tracing_net.api.ws_server, wait_traces, 159 | DEBUG | wait packet trace.....
2021-10-19 15:09:08,465 | 3670 | tracing_net.api.ws_server, get_from_client, 124 | DEBUG | MessageHub receives messages from clients. (response={'event': 'get_trace', 'param': {}})
2021-10-19 15:09:08,467 | 3670 | tracing_net.api.ws_server, emit2client, 116 | DEBUG | MessageHub receives messages from net and emits them to clients. (event=WSEvent.GET_TRACE, param=b'')
2021-10-19 15:09:08,467 | 3682 | tracing_net.api.ws_server, wait_traces, 162 | DEBUG | MessageHub receives traces from vnet. (traces length=0)
2021-10-19 15:09:09,104 | 3783 | tracing_net.flowtable.flow_monitor, dump_flows, 57 | DEBUG | exec dump flows on s0
2021-10-19 15:09:09,112 | 3783 | tracing_net.flowtable.flow_monitor, read_dump_flow, 74 | DEBUG | get result for dump flows 1634656149.109246 : ['OFPST_FLOW reply (OF1.3) (xid=0x2):', ' cookie=0x0, duration=3.819s, table=0, n_packets=2, n_bytes=196, priority=1,in_port=2,dl_src=6e:db:19:1b:e9:94,dl_dst=e6:3d:3a:63:0f:e9 actions=output:1', ' cookie=0x0, duration=3.804s, table=0, n_packets=1, n_bytes=98, priority=1,in_port=1,dl_src=e6:3d:3a:63:0f:e9,dl_dst=6e:db:19:1b:e9:94 actions=output:2', ' cookie=0x0, duration=23.005s, table=0, n_packets=13, n_bytes=1018, priority=0 actions=CONTROLLER:65535']
2021-10-19 15:09:09,114 | 3783 | tracing_net.flowtable.flow_monitor, read_dump_flow, 80 | DEBUG | parsed dump flows result to table 1634656149.109246 : <FlowTables(datapath=0, timestamp=1634656149.109246, flows=[<Flow(table=0, priority=1, match=[<in_port, 2/None>, <dl_src, 6e:db:19:1b:e9:94/None>, <dl_dst, e6:3d:3a:63:0f:e9/None>], actions=[<InstructionApplyAction type=4>])>, <Flow(table=0, priority=1, match=[<in_port, 1/None>, <dl_src, e6:3d:3a:63:0f:e9/None>, <dl_dst, 6e:db:19:1b:e9:94/None>], actions=[<InstructionApplyAction type=4>])>, <Flow(table=0, priority=0, match={}, actions=[<InstructionApplyAction type=4>])>])>
2021-10-19 15:09:09,115 | 3670 | tracing_net.flowtable.table_repository, add, 91 | DEBUG | flow table update to new_table=<FlowTables(datapath=0, timestamp=1634656149.109246, flows=[<Flow(table=0, priority=1, match=[<in_port, 2/None>, <dl_src, 6e:db:19:1b:e9:94/None>, <dl_dst, e6:3d:3a:63:0f:e9/None>], actions=[<InstructionApplyAction type=4>])>, <Flow(table=0, priority=1, match=[<in_port, 1/None>, <dl_src, e6:3d:3a:63:0f:e9/None>, <dl_dst, 6e:db:19:1b:e9:94/None>], actions=[<InstructionApplyAction type=4>])>, <Flow(table=0, priority=0, match={}, actions=[<InstructionApplyAction type=4>])>])> on switch = s0
2021-10-19 15:09:09,472 | 3682 | tracing_net.api.ws_server, emit2net, 110 | DEBUG | MessageHub receives messages from clients and emits them to the vnet. (event=WSEvent.GET_TRACE, param={})
2021-10-19 15:09:09,474 | 3682 | tracing_net.api.ws_server, wait_traces, 159 | DEBUG | wait packet trace.....
2021-10-19 15:09:09,474 | 3670 | tracing_net.api.ws_server, get_from_client, 124 | DEBUG | MessageHub receives messages from clients. (response={'event': 'get_trace', 'param': {}})
2021-10-19 15:09:09,477 | 3670 | tracing_net.api.ws_server, emit2client, 116 | DEBUG | MessageHub receives messages from net and emits them to clients. (event=WSEvent.GET_TRACE, param=b'')
2021-10-19 15:09:09,479 | 3682 | tracing_net.api.ws_server, wait_traces, 162 | DEBUG | MessageHub receives traces from vnet. (traces length=0)
2021-10-19 15:09:10,102 | 3783 | tracing_net.flowtable.flow_monitor, dump_flows, 57 | DEBUG | exec dump flows on s0
2021-10-19 15:09:10,110 | 3783 | tracing_net.flowtable.flow_monitor, read_dump_flow, 74 | DEBUG | get result for dump flows 1634656150.107258 : ['OFPST_FLOW reply (OF1.3) (xid=0x2):', ' cookie=0x0, duration=4.817s, table=0, n_packets=2, n_bytes=196, priority=1,in_port=2,dl_src=6e:db:19:1b:e9:94,dl_dst=e6:3d:3a:63:0f:e9 actions=output:1', ' cookie=0x0, duration=4.802s, table=0, n_packets=1, n_bytes=98, priority=1,in_port=1,dl_src=e6:3d:3a:63:0f:e9,dl_dst=6e:db:19:1b:e9:94 actions=output:2', ' cookie=0x0, duration=24.003s, table=0, n_packets=13, n_bytes=1018, priority=0 actions=CONTROLLER:65535']
2021-10-19 15:09:10,112 | 3783 | tracing_net.flowtable.flow_monitor, read_dump_flow, 80 | DEBUG | parsed dump flows result to table 1634656150.107258 : <FlowTables(datapath=0, timestamp=1634656150.107258, flows=[<Flow(table=0, priority=1, match=[<in_port, 2/None>, <dl_src, 6e:db:19:1b:e9:94/None>, <dl_dst, e6:3d:3a:63:0f:e9/None>], actions=[<InstructionApplyAction type=4>])>, <Flow(table=0, priority=1, match=[<in_port, 1/None>, <dl_src, e6:3d:3a:63:0f:e9/None>, <dl_dst, 6e:db:19:1b:e9:94/None>], actions=[<InstructionApplyAction type=4>])>, <Flow(table=0, priority=0, match={}, actions=[<InstructionApplyAction type=4>])>])>
2021-10-19 15:09:10,113 | 3670 | tracing_net.flowtable.table_repository, add, 91 | DEBUG | flow table update to new_table=<FlowTables(datapath=0, timestamp=1634656150.107258, flows=[<Flow(table=0, priority=1, match=[<in_port, 2/None>, <dl_src, 6e:db:19:1b:e9:94/None>, <dl_dst, e6:3d:3a:63:0f:e9/None>], actions=[<InstructionApplyAction type=4>])>, <Flow(table=0, priority=1, match=[<in_port, 1/None>, <dl_src, e6:3d:3a:63:0f:e9/None>, <dl_dst, 6e:db:19:1b:e9:94/None>], actions=[<InstructionApplyAction type=4>])>, <Flow(table=0, priority=0, match={}, actions=[<InstructionApplyAction type=4>])>])> on switch = s0
2021-10-19 15:09:10,465 | 3682 | tracing_net.api.ws_server, emit2net, 110 | DEBUG | MessageHub receives messages from clients and emits them to the vnet. (event=WSEvent.GET_TRACE, param={})
2021-10-19 15:09:10,466 | 3682 | tracing_net.api.ws_server, wait_traces, 159 | DEBUG | wait packet trace.....
2021-10-19 15:09:10,466 | 3670 | tracing_net.api.ws_server, get_from_client, 124 | DEBUG | MessageHub receives messages from clients. (response={'event': 'get_trace', 'param': {}})
2021-10-19 15:09:10,468 | 3670 | tracing_net.api.ws_server, emit2client, 116 | DEBUG | MessageHub receives messages from net and emits them to clients. (event=WSEvent.GET_TRACE, param=b'')
2021-10-19 15:09:10,468 | 3682 | tracing_net.api.ws_server, wait_traces, 162 | DEBUG | MessageHub receives traces from vnet. (traces length=0)
2021-10-19 15:09:11,101 | 3783 | tracing_net.flowtable.flow_monitor, dump_flows, 57 | DEBUG | exec dump flows on s0
2021-10-19 15:09:11,268 | 3783 | tracing_net.flowtable.flow_monitor, read_dump_flow, 74 | DEBUG | get result for dump flows 1634656151.174664 : ['OFPST_FLOW reply (OF1.3) (xid=0x2):', ' cookie=0x0, duration=5.969s, table=0, n_packets=3, n_bytes=238, priority=1,in_port=2,dl_src=6e:db:19:1b:e9:94,dl_dst=e6:3d:3a:63:0f:e9 actions=output:1', ' cookie=0x0, duration=5.954s, table=0, n_packets=2, n_bytes=140, priority=1,in_port=1,dl_src=e6:3d:3a:63:0f:e9,dl_dst=6e:db:19:1b:e9:94 actions=output:2', ' cookie=0x0, duration=25.155s, table=0, n_packets=13, n_bytes=1018, priority=0 actions=CONTROLLER:65535']
2021-10-19 15:09:11,273 | 3783 | tracing_net.flowtable.flow_monitor, read_dump_flow, 80 | DEBUG | parsed dump flows result to table 1634656151.174664 : <FlowTables(datapath=0, timestamp=1634656151.174664, flows=[<Flow(table=0, priority=1, match=[<in_port, 2/None>, <dl_src, 6e:db:19:1b:e9:94/None>, <dl_dst, e6:3d:3a:63:0f:e9/None>], actions=[<InstructionApplyAction type=4>])>, <Flow(table=0, priority=1, match=[<in_port, 1/None>, <dl_src, e6:3d:3a:63:0f:e9/None>, <dl_dst, 6e:db:19:1b:e9:94/None>], actions=[<InstructionApplyAction type=4>])>, <Flow(table=0, priority=0, match={}, actions=[<InstructionApplyAction type=4>])>])>
2021-10-19 15:09:11,285 | 3670 | tracing_net.flowtable.table_repository, add, 91 | DEBUG | flow table update to new_table=<FlowTables(datapath=0, timestamp=1634656151.174664, flows=[<Flow(table=0, priority=1, match=[<in_port, 2/None>, <dl_src, 6e:db:19:1b:e9:94/None>, <dl_dst, e6:3d:3a:63:0f:e9/None>], actions=[<InstructionApplyAction type=4>])>, <Flow(table=0, priority=1, match=[<in_port, 1/None>, <dl_src, e6:3d:3a:63:0f:e9/None>, <dl_dst, 6e:db:19:1b:e9:94/None>], actions=[<InstructionApplyAction type=4>])>, <Flow(table=0, priority=0, match={}, actions=[<InstructionApplyAction type=4>])>])> on switch = s0
2021-10-19 15:09:11,901 | 3682 | tracing_net.api.ws_server, emit2net, 110 | DEBUG | MessageHub receives messages from clients and emits them to the vnet. (event=WSEvent.GET_TRACE, param={})
2021-10-19 15:09:11,905 | 3670 | tracing_net.api.ws_server, get_from_client, 124 | DEBUG | MessageHub receives messages from clients. (response={'event': 'get_trace', 'param': {}})
2021-10-19 15:09:11,905 | 3682 | tracing_net.api.ws_server, wait_traces, 159 | DEBUG | wait packet trace.....
2021-10-19 15:09:11,908 | 3670 | tracing_net.api.ws_server, emit2client, 116 | DEBUG | MessageHub receives messages from net and emits them to clients. (event=WSEvent.GET_TRACE, param=b'')
2021-10-19 15:09:11,910 | 3682 | tracing_net.api.ws_server, wait_traces, 162 | DEBUG | MessageHub receives traces from vnet. (traces length=0)
2021-10-19 15:09:12,101 | 3783 | tracing_net.flowtable.flow_monitor, dump_flows, 57 | DEBUG | exec dump flows on s0
2021-10-19 15:09:12,118 | 3783 | tracing_net.flowtable.flow_monitor, read_dump_flow, 74 | DEBUG | get result for dump flows 1634656152.112136 : ['OFPST_FLOW reply (OF1.3) (xid=0x2):', ' cookie=0x0, duration=6.823s, table=0, n_packets=3, n_bytes=238, priority=1,in_port=2,dl_src=6e:db:19:1b:e9:94,dl_dst=e6:3d:3a:63:0f:e9 actions=output:1', ' cookie=0x0, duration=6.808s, table=0, n_packets=2, n_bytes=140, priority=1,in_port=1,dl_src=e6:3d:3a:63:0f:e9,dl_dst=6e:db:19:1b:e9:94 actions=output:2', ' cookie=0x0, duration=26.009s, table=0, n_packets=13, n_bytes=1018, priority=0 actions=CONTROLLER:65535']
2021-10-19 15:09:12,120 | 3670 | tracing_net.flowtable.table_repository, add, 91 | DEBUG | flow table update to new_table=<FlowTables(datapath=0, timestamp=1634656152.112136, flows=[<Flow(table=0, priority=1, match=[<in_port, 2/None>, <dl_src, 6e:db:19:1b:e9:94/None>, <dl_dst, e6:3d:3a:63:0f:e9/None>], actions=[<InstructionApplyAction type=4>])>, <Flow(table=0, priority=1, match=[<in_port, 1/None>, <dl_src, e6:3d:3a:63:0f:e9/None>, <dl_dst, 6e:db:19:1b:e9:94/None>], actions=[<InstructionApplyAction type=4>])>, <Flow(table=0, priority=0, match={}, actions=[<InstructionApplyAction type=4>])>])> on switch = s0
2021-10-19 15:09:12,120 | 3783 | tracing_net.flowtable.flow_monitor, read_dump_flow, 80 | DEBUG | parsed dump flows result to table 1634656152.112136 : <FlowTables(datapath=0, timestamp=1634656152.112136, flows=[<Flow(table=0, priority=1, match=[<in_port, 2/None>, <dl_src, 6e:db:19:1b:e9:94/None>, <dl_dst, e6:3d:3a:63:0f:e9/None>], actions=[<InstructionApplyAction type=4>])>, <Flow(table=0, priority=1, match=[<in_port, 1/None>, <dl_src, e6:3d:3a:63:0f:e9/None>, <dl_dst, 6e:db:19:1b:e9:94/None>], actions=[<InstructionApplyAction type=4>])>, <Flow(table=0, priority=0, match={}, actions=[<InstructionApplyAction type=4>])>])>
2021-10-19 15:09:13,075 | 3682 | tracing_net.api.ws_server, emit2net, 110 | DEBUG | MessageHub receives messages from clients and emits them to the vnet. (event=WSEvent.GET_TRACE, param={})
2021-10-19 15:09:13,077 | 3682 | tracing_net.api.ws_server, wait_traces, 159 | DEBUG | wait packet trace.....
2021-10-19 15:09:13,077 | 3670 | tracing_net.api.ws_server, get_from_client, 124 | DEBUG | MessageHub receives messages from clients. (response={'event': 'get_trace', 'param': {}})
2021-10-19 15:09:13,081 | 3670 | tracing_net.api.ws_server, emit2client, 116 | DEBUG | MessageHub receives messages from net and emits them to clients. (event=WSEvent.GET_TRACE, param=b'')
2021-10-19 15:09:13,082 | 3682 | tracing_net.api.ws_server, wait_traces, 162 | DEBUG | MessageHub receives traces from vnet. (traces length=0)
2021-10-19 15:09:13,101 | 3783 | tracing_net.flowtable.flow_monitor, dump_flows, 57 | DEBUG | exec dump flows on s0
2021-10-19 15:09:13,110 | 3783 | tracing_net.flowtable.flow_monitor, read_dump_flow, 74 | DEBUG | get result for dump flows 1634656153.10702 : ['OFPST_FLOW reply (OF1.3) (xid=0x2):', ' cookie=0x0, duration=7.817s, table=0, n_packets=3, n_bytes=238, priority=1,in_port=2,dl_src=6e:db:19:1b:e9:94,dl_dst=e6:3d:3a:63:0f:e9 actions=output:1', ' cookie=0x0, duration=7.802s, table=0, n_packets=2, n_bytes=140, priority=1,in_port=1,dl_src=e6:3d:3a:63:0f:e9,dl_dst=6e:db:19:1b:e9:94 actions=output:2', ' cookie=0x0, duration=27.003s, table=0, n_packets=13, n_bytes=1018, priority=0 actions=CONTROLLER:65535']
2021-10-19 15:09:13,112 | 3783 | tracing_net.flowtable.flow_monitor, read_dump_flow, 80 | DEBUG | parsed dump flows result to table 1634656153.10702 : <FlowTables(datapath=0, timestamp=1634656153.10702, flows=[<Flow(table=0, priority=1, match=[<in_port, 2/None>, <dl_src, 6e:db:19:1b:e9:94/None>, <dl_dst, e6:3d:3a:63:0f:e9/None>], actions=[<InstructionApplyAction type=4>])>, <Flow(table=0, priority=1, match=[<in_port, 1/None>, <dl_src, e6:3d:3a:63:0f:e9/None>, <dl_dst, 6e:db:19:1b:e9:94/None>], actions=[<InstructionApplyAction type=4>])>, <Flow(table=0, priority=0, match={}, actions=[<InstructionApplyAction type=4>])>])>
2021-10-19 15:09:13,112 | 3670 | tracing_net.flowtable.table_repository, add, 91 | DEBUG | flow table update to new_table=<FlowTables(datapath=0, timestamp=1634656153.10702, flows=[<Flow(table=0, priority=1, match=[<in_port, 2/None>, <dl_src, 6e:db:19:1b:e9:94/None>, <dl_dst, e6:3d:3a:63:0f:e9/None>], actions=[<InstructionApplyAction type=4>])>, <Flow(table=0, priority=1, match=[<in_port, 1/None>, <dl_src, e6:3d:3a:63:0f:e9/None>, <dl_dst, 6e:db:19:1b:e9:94/None>], actions=[<InstructionApplyAction type=4>])>, <Flow(table=0, priority=0, match={}, actions=[<InstructionApplyAction type=4>])>])> on switch = s0
2021-10-19 15:09:14,007 | 3682 | tracing_net.api.ws_server, emit2net, 110 | DEBUG | MessageHub receives messages from clients and emits them to the vnet. (event=WSEvent.GET_TRACE, param={})
2021-10-19 15:09:14,008 | 3670 | tracing_net.api.ws_server, get_from_client, 124 | DEBUG | MessageHub receives messages from clients. (response={'event': 'get_trace', 'param': {}})
2021-10-19 15:09:14,008 | 3682 | tracing_net.api.ws_server, wait_traces, 159 | DEBUG | wait packet trace.....
2021-10-19 15:09:14,008 | 3670 | tracing_net.api.ws_server, emit2client, 116 | DEBUG | MessageHub receives messages from net and emits them to clients. (event=WSEvent.GET_TRACE, param=b'')
2021-10-19 15:09:14,009 | 3682 | tracing_net.api.ws_server, wait_traces, 162 | DEBUG | MessageHub receives traces from vnet. (traces length=0)
2021-10-19 15:09:14,107 | 3783 | tracing_net.flowtable.flow_monitor, dump_flows, 57 | DEBUG | exec dump flows on s0
2021-10-19 15:09:14,116 | 3783 | tracing_net.flowtable.flow_monitor, read_dump_flow, 74 | DEBUG | get result for dump flows 1634656154.112247 : ['OFPST_FLOW reply (OF1.3) (xid=0x2):', ' cookie=0x0, duration=8.823s, table=0, n_packets=3, n_bytes=238, priority=1,in_port=2,dl_src=6e:db:19:1b:e9:94,dl_dst=e6:3d:3a:63:0f:e9 actions=output:1', ' cookie=0x0, duration=8.808s, table=0, n_packets=2, n_bytes=140, priority=1,in_port=1,dl_src=e6:3d:3a:63:0f:e9,dl_dst=6e:db:19:1b:e9:94 actions=output:2', ' cookie=0x0, duration=28.009s, table=0, n_packets=13, n_bytes=1018, priority=0 actions=CONTROLLER:65535']
2021-10-19 15:09:14,117 | 3783 | tracing_net.flowtable.flow_monitor, read_dump_flow, 80 | DEBUG | parsed dump flows result to table 1634656154.112247 : <FlowTables(datapath=0, timestamp=1634656154.112247, flows=[<Flow(table=0, priority=1, match=[<in_port, 2/None>, <dl_src, 6e:db:19:1b:e9:94/None>, <dl_dst, e6:3d:3a:63:0f:e9/None>], actions=[<InstructionApplyAction type=4>])>, <Flow(table=0, priority=1, match=[<in_port, 1/None>, <dl_src, e6:3d:3a:63:0f:e9/None>, <dl_dst, 6e:db:19:1b:e9:94/None>], actions=[<InstructionApplyAction type=4>])>, <Flow(table=0, priority=0, match={}, actions=[<InstructionApplyAction type=4>])>])>
2021-10-19 15:09:14,118 | 3670 | tracing_net.flowtable.table_repository, add, 91 | DEBUG | flow table update to new_table=<FlowTables(datapath=0, timestamp=1634656154.112247, flows=[<Flow(table=0, priority=1, match=[<in_port, 2/None>, <dl_src, 6e:db:19:1b:e9:94/None>, <dl_dst, e6:3d:3a:63:0f:e9/None>], actions=[<InstructionApplyAction type=4>])>, <Flow(table=0, priority=1, match=[<in_port, 1/None>, <dl_src, e6:3d:3a:63:0f:e9/None>, <dl_dst, 6e:db:19:1b:e9:94/None>], actions=[<InstructionApplyAction type=4>])>, <Flow(table=0, priority=0, match={}, actions=[<InstructionApplyAction type=4>])>])> on switch = s0
2021-10-19 15:09:14,879 | 3670 | tracing_net.net, stop_tracing, 541 | INFO | tracing stop
2021-10-19 15:09:14,883 | 3670 | tracing_net.packet_capture_manager, stop_capture, 120 | DEBUG | capture process (h0-eth0:3778) terminated
2021-10-19 15:09:14,884 | 3670 | tracing_net.packet_capture_manager, stop_capture, 120 | DEBUG | capture process (h1-eth0:3780) terminated
2021-10-19 15:09:14,884 | 3682 | tracing_net.api.ws_server, emit2net, 110 | DEBUG | MessageHub receives messages from clients and emits them to the vnet. (event=WSEvent.GET_TRACE, param={})
2021-10-19 15:09:14,916 | 3682 | tracing_net.api.ws_server, wait_traces, 159 | DEBUG | wait packet trace.....
2021-10-19 15:09:14,894 | 3670 | tracing_net.flowtable.flow_table_manager, stop_poller, 101 | DEBUG | poller process (s0:3783) terminated
2021-10-19 15:09:14,969 | 3670 | tracing_of_pipeline, stop, 121 | INFO | OpenFlow Tracer Stop
2021-10-19 15:09:14,964 | 3670 | tracing_net.api.ws_server, get_from_client, 124 | DEBUG | MessageHub receives messages from clients. (response={'event': 'get_trace', 'param': {}})
2021-10-19 15:09:14,986 | 3670 | tracing_net.net, stop_tracing, 541 | INFO | tracing stop
2021-10-19 15:09:15,000 | 3670 | tracing_net.api.ws_server, emit2client, 116 | DEBUG | MessageHub receives messages from net and emits them to clients. (event=WSEvent.GET_TRACE, param=b'')
2021-10-19 15:09:15,007 | 3682 | tracing_net.api.ws_server, wait_traces, 162 | DEBUG | MessageHub receives traces from vnet. (traces length=0)
2021-10-19 15:09:15,001 | 3670 | tracing_net.packet_capture_manager, stop_capture, 120 | DEBUG | capture process (h0-eth0:3778) terminated
2021-10-19 15:09:15,018 | 3670 | tracing_net.packet_capture_manager, stop_capture, 120 | DEBUG | capture process (h1-eth0:3780) terminated
2021-10-19 15:09:15,018 | 3670 | tracing_net.flowtable.flow_table_manager, stop_poller, 101 | DEBUG | poller process (s0:3783) terminated
2021-10-19 15:09:15,019 | 3670 | tracing_net.net, stop, 317 | INFO | mininet stop
2021-10-19 15:09:15,479 | 3670 | tracing_net.net, stop, 550 | DEBUG | mininet stopped and all capture processes closed
