2021-07-21 01:46:23,389 | 11553 | tracing_net.net, __init__, 96 | INFO | set up on-demand mininet
2021-07-21 01:46:23,397 | 11553 | tracing_net.net, start, 307 | INFO | mininet start
2021-07-21 01:46:23,406 | 11553 | tracing_net.net, add_switch, 113 | DEBUG | added the switch (s1)
2021-07-21 01:46:23,522 | 11553 | tracing_net.net, add_host, 159 | DEBUG | added the host (h1)
2021-07-21 01:46:23,600 | 11553 | tracing_net.net, add_link, 198 | DEBUG | added the link (l2) between s1 and h1
2021-07-21 01:46:23,733 | 11553 | tracing_net.net, add_switch, 113 | DEBUG | added the switch (s2)
2021-07-21 01:46:23,792 | 11553 | tracing_net.net, add_link, 198 | DEBUG | added the link (l1) between s1 and s2
2021-07-21 01:46:24,022 | 11553 | tracing_net.net, add_host, 159 | DEBUG | added the host (h2)
2021-07-21 01:46:24,101 | 11553 | tracing_net.net, add_link, 198 | DEBUG | added the link (l3) between s2 and h2
2021-07-21 01:46:24,310 | 11553 | tracing_net.packet_capture_manager, start_capture, 85 | DEBUG | capture process (s1-eth1:None) started
2021-07-21 01:46:24,329 | 11676 | tracing_net.util.packet_capture, start_capture, 56 | INFO | capture start on s1-eth1
2021-07-21 01:46:24,331 | 11553 | tracing_net.packet_capture_manager, start_capture, 85 | DEBUG | capture process (s1-eth2:None) started
2021-07-21 01:46:24,351 | 11678 | tracing_net.util.packet_capture, start_capture, 56 | INFO | capture start on s1-eth2
2021-07-21 01:46:24,354 | 11553 | tracing_net.packet_capture_manager, start_capture, 85 | DEBUG | capture process (s2-eth2:None) started
2021-07-21 01:46:24,359 | 11553 | tracing_net.flowtable.flow_monitor, __init__, 46 | INFO | flow monitor start : s1
2021-07-21 01:46:24,372 | 11681 | tracing_net.util.packet_capture, start_capture, 56 | INFO | capture start on s2-eth2
2021-07-21 01:46:24,378 | 11553 | tracing_net.flowtable.flow_monitor, __init__, 46 | INFO | flow monitor start : s2
2021-07-21 01:46:24,452 | 11683 | tracing_net.flowtable.flow_monitor, flow_monitor, 89 | DEBUG | flow monitor get result {'msg_type': 'NXST_FLOW_MONITOR', 'type': 'reply', 'xid': '0x4'}
2021-07-21 01:46:24,482 | 11687 | tracing_net.flowtable.flow_monitor, flow_monitor, 89 | DEBUG | flow monitor get result {'msg_type': 'NXST_FLOW_MONITOR', 'type': 'reply', 'xid': '0x4'}
2021-07-21 01:46:25,386 | 11683 | tracing_net.flowtable.flow_monitor, dump_flows, 57 | DEBUG | dump flows on s1
2021-07-21 01:46:25,403 | 11687 | tracing_net.flowtable.flow_monitor, dump_flows, 57 | DEBUG | dump flows on s2
2021-07-21 01:46:25,498 | 11687 | tracing_net.flowtable.flow_monitor, read_dump_flow, 73 | DEBUG | get result for dump flow 1626831985.461445 : ['OFPST_FLOW reply (OF1.3) (xid=0x2):']
2021-07-21 01:46:25,501 | 11683 | tracing_net.flowtable.flow_monitor, read_dump_flow, 73 | DEBUG | get result for dump flow 1626831985.469834 : ['OFPST_FLOW reply (OF1.3) (xid=0x2):']
2021-07-21 01:46:26,386 | 11683 | tracing_net.flowtable.flow_monitor, dump_flows, 57 | DEBUG | dump flows on s1
2021-07-21 01:46:26,393 | 11553 | tracing_net.packet_repository, pop, 73 | ERROR | Failed to pop from packet repository (repo={})
2021-07-21 01:46:26,394 | 11553 | tracing_net.packet_repository, pop, 73 | ERROR | Failed to pop from packet repository (repo={})
2021-07-21 01:46:26,395 | 11553 | tracing_net.packet_repository, pop, 73 | ERROR | Failed to pop from packet repository (repo={})
2021-07-21 01:46:26,397 | 11553 | tracing_of_pipeline.analyzer, _poll_packet_inout_repo, 280 | DEBUG | tmp_p = None, s_dpip = 1
2021-07-21 01:46:26,398 | 11553 | tracing_of_pipeline.analyzer, _poll_packet_inout_repo, 280 | DEBUG | tmp_p = None, s_dpip = 2
2021-07-21 01:46:26,399 | 11553 | tracing_of_pipeline.analyzer, _polling, 253 | DEBUG | polled (start_time=1626831984.392773, until=0) values = {'l2': [], 'l1': [], 'l3': []} {} {'s1': [], 's2': []}
2021-07-21 01:46:26,401 | 11687 | tracing_net.flowtable.flow_monitor, dump_flows, 57 | DEBUG | dump flows on s2
2021-07-21 01:46:26,411 | 11553 | tracing_of_pipeline.analyzer, analyze, 138 | WARNING | Fuck!!!!!!!! s1-eth1
2021-07-21 01:46:26,415 | 11553 | tracing_of_pipeline.analyzer, analyze, 138 | WARNING | Fuck!!!!!!!! s1-eth2
2021-07-21 01:46:26,417 | 11553 | tracing_of_pipeline.analyzer, analyze, 138 | WARNING | Fuck!!!!!!!! s2-eth2
2021-07-21 01:46:26,441 | 11683 | tracing_net.flowtable.flow_monitor, read_dump_flow, 73 | DEBUG | get result for dump flow 1626831986.404343 : ['OFPST_FLOW reply (OF1.3) (xid=0x2):']
2021-07-21 01:46:26,443 | 11687 | tracing_net.flowtable.flow_monitor, read_dump_flow, 73 | DEBUG | get result for dump flow 1626831986.411361 : ['OFPST_FLOW reply (OF1.3) (xid=0x2):']
2021-07-21 01:46:26,644 | 11678 | tracing_net.util.packet_capture, _packet_handler, 72 | DEBUG | sniff 1626831986.252579337 : <class 'pyshark.packet.packet.Packet'>
2021-07-21 01:46:26,651 | 11676 | tracing_net.util.packet_capture, _packet_handler, 72 | DEBUG | sniff 1626831986.343187455 : <class 'pyshark.packet.packet.Packet'>
2021-07-21 01:46:26,696 | 11678 | tracing_net.util.packet_capture, _packet_handler, 72 | DEBUG | sniff 1626831986.275235705 : <class 'pyshark.packet.packet.Packet'>
2021-07-21 01:46:26,747 | 11678 | tracing_net.util.packet_capture, _packet_handler, 72 | DEBUG | sniff 1626831986.311232771 : <class 'pyshark.packet.packet.Packet'>
2021-07-21 01:46:26,753 | 11681 | tracing_net.util.packet_capture, _packet_handler, 72 | DEBUG | sniff 1626831986.372461337 : <class 'pyshark.packet.packet.Packet'>
2021-07-21 01:46:26,804 | 11678 | tracing_net.util.packet_capture, _packet_handler, 72 | DEBUG | sniff 1626831986.407214333 : <class 'pyshark.packet.packet.Packet'>
2021-07-21 01:46:26,814 | 11678 | tracing_net.util.packet_capture, _packet_handler, 72 | DEBUG | sniff 1626831986.528460509 : <class 'pyshark.packet.packet.Packet'>
2021-07-21 01:46:26,981 | 11681 | tracing_net.util.packet_capture, _packet_handler, 72 | DEBUG | sniff 1626831986.372446708 : <class 'pyshark.packet.packet.Packet'>
2021-07-21 01:46:27,060 | 11676 | tracing_net.util.packet_capture, _packet_handler, 72 | DEBUG | sniff 1626831986.480123023 : <class 'pyshark.packet.packet.Packet'>
2021-07-21 01:46:27,304 | 11678 | tracing_net.util.packet_capture, _packet_handler, 72 | DEBUG | sniff 1626831986.578916911 : <class 'pyshark.packet.packet.Packet'>
2021-07-21 01:46:27,349 | 11678 | tracing_net.util.packet_capture, _packet_handler, 72 | DEBUG | sniff 1626831987.251315936 : <class 'pyshark.packet.packet.Packet'>
2021-07-21 01:46:27,386 | 11683 | tracing_net.flowtable.flow_monitor, dump_flows, 57 | DEBUG | dump flows on s1
2021-07-21 01:46:27,397 | 11683 | tracing_net.flowtable.flow_monitor, read_dump_flow, 73 | DEBUG | get result for dump flow 1626831987.392298 : ['OFPST_FLOW reply (OF1.3) (xid=0x2):']
2021-07-21 01:46:27,401 | 11687 | tracing_net.flowtable.flow_monitor, dump_flows, 57 | DEBUG | dump flows on s2
2021-07-21 01:46:27,418 | 11687 | tracing_net.flowtable.flow_monitor, read_dump_flow, 73 | DEBUG | get result for dump flow 1626831987.410885 : ['OFPST_FLOW reply (OF1.3) (xid=0x2):']
2021-07-21 01:46:27,462 | 11681 | tracing_net.util.packet_capture, _packet_handler, 72 | DEBUG | sniff 1626831986.528530724 : <class 'pyshark.packet.packet.Packet'>
2021-07-21 01:46:27,588 | 11676 | tracing_net.util.packet_capture, _packet_handler, 72 | DEBUG | sniff 1626831986.803844983 : <class 'pyshark.packet.packet.Packet'>
2021-07-21 01:46:28,387 | 11683 | tracing_net.flowtable.flow_monitor, dump_flows, 57 | DEBUG | dump flows on s1
2021-07-21 01:46:28,394 | 11553 | tracing_of_pipeline.analyzer, _poll_packet_inout_repo, 280 | DEBUG | tmp_p = None, s_dpip = 1
2021-07-21 01:46:28,395 | 11553 | tracing_of_pipeline.analyzer, _poll_packet_inout_repo, 280 | DEBUG | tmp_p = None, s_dpip = 2
2021-07-21 01:46:28,396 | 11553 | tracing_of_pipeline.analyzer, _polling, 253 | DEBUG | polled (start_time=1626831984.392773, until=1) values = {'l2': [<Msg captured_interface=s1-eth1, sniff_timestamp=1626831986.3431876, pkt=<ICMPV6_RAW Packet>, in_port=s1-eth1, in_phy_port=s1-eth1>], 'l1': [<Msg captured_interface=s1-eth2, sniff_timestamp=1626831986.2525795, pkt=<UDP/MDNS_RAW Packet>, in_port=s1-eth2, in_phy_port=s1-eth2>, <Msg captured_interface=s1-eth2, sniff_timestamp=1626831986.2752357, pkt=<ICMPV6_RAW Packet>, in_port=s1-eth2, in_phy_port=s1-eth2>, <Msg captured_interface=s1-eth2, sniff_timestamp=1626831986.3112328, pkt=<ICMPV6_RAW Packet>, in_port=s1-eth2, in_phy_port=s1-eth2>], 'l3': [<Msg captured_interface=s2-eth2, sniff_timestamp=1626831986.3724613, pkt=<ICMPV6_RAW Packet>, in_port=s2-eth2, in_phy_port=s2-eth2>, <Msg captured_interface=s2-eth2, sniff_timestamp=1626831986.3724468, pkt=<ICMPV6_RAW Packet>, in_port=s2-eth2, in_phy_port=s2-eth2>]} {} {'s1': [], 's2': []}
2021-07-21 01:46:28,397 | 11553 | tracing_of_pipeline.analyzer, analyze, 123 | DEBUG | terminal edge host=h1, switch=s1, switch_port=s1-eth1
2021-07-21 01:46:28,397 | 11553 | tracing_of_pipeline.analyzer, BFS, 155 | DEBUG | processing msg <Msg captured_interface=s1-eth1, sniff_timestamp=1626831986.3431876, pkt=<ICMPV6_RAW Packet>, in_port=1, in_phy_port=s1-eth1>
2021-07-21 01:46:28,399 | 11553 | tracing_of_pipeline.analyzer, BFS, 218 | DEBUG | dst None is not flowtable
2021-07-21 01:46:28,400 | 11553 | tracing_of_pipeline.analyzer, analyze, 132 | DEBUG | get trace [{'src': 'h1', 'msg': '<ICMPV6_RAW Packet>', 'edge': 'l2', 'dst': None}]
2021-07-21 01:46:28,401 | 11553 | tracing_of_pipeline.analyzer, analyze, 134 | WARNING | Packet <Msg captured_interface=s1-eth2, sniff_timestamp=1626831986.2525795, pkt=<UDP/MDNS_RAW Packet>, in_port=s1-eth2, in_phy_port=s1-eth2> is not terminal edge
2021-07-21 01:46:28,401 | 11687 | tracing_net.flowtable.flow_monitor, dump_flows, 57 | DEBUG | dump flows on s2
2021-07-21 01:46:28,404 | 11553 | tracing_of_pipeline.analyzer, analyze, 134 | WARNING | Packet <Msg captured_interface=s1-eth2, sniff_timestamp=1626831986.2752357, pkt=<ICMPV6_RAW Packet>, in_port=s1-eth2, in_phy_port=s1-eth2> is not terminal edge
2021-07-21 01:46:28,404 | 11553 | tracing_of_pipeline.analyzer, analyze, 134 | WARNING | Packet <Msg captured_interface=s1-eth2, sniff_timestamp=1626831986.3112328, pkt=<ICMPV6_RAW Packet>, in_port=s1-eth2, in_phy_port=s1-eth2> is not terminal edge
2021-07-21 01:46:28,405 | 11553 | tracing_of_pipeline.analyzer, analyze, 123 | DEBUG | terminal edge host=h2, switch=s2, switch_port=s2-eth2
2021-07-21 01:46:28,406 | 11553 | tracing_of_pipeline.analyzer, BFS, 155 | DEBUG | processing msg <Msg captured_interface=s2-eth2, sniff_timestamp=1626831986.3724613, pkt=<ICMPV6_RAW Packet>, in_port=2, in_phy_port=s2-eth2>
2021-07-21 01:46:28,408 | 11683 | tracing_net.flowtable.flow_monitor, read_dump_flow, 73 | DEBUG | get result for dump flow 1626831988.392598 : ['OFPST_FLOW reply (OF1.3) (xid=0x2):']
2021-07-21 01:46:28,409 | 11553 | tracing_of_pipeline.analyzer, BFS, 218 | DEBUG | dst None is not flowtable
2021-07-21 01:46:28,411 | 11553 | tracing_of_pipeline.analyzer, analyze, 132 | DEBUG | get trace [{'src': 'h2', 'msg': '<ICMPV6_RAW Packet>', 'edge': 'l3', 'dst': None}]
2021-07-21 01:46:28,412 | 11553 | tracing_of_pipeline.analyzer, analyze, 123 | DEBUG | terminal edge host=h2, switch=s2, switch_port=s2-eth2
2021-07-21 01:46:28,413 | 11687 | tracing_net.flowtable.flow_monitor, read_dump_flow, 73 | DEBUG | get result for dump flow 1626831988.40709 : ['OFPST_FLOW reply (OF1.3) (xid=0x2):']
2021-07-21 01:46:28,413 | 11553 | tracing_of_pipeline.analyzer, BFS, 155 | DEBUG | processing msg <Msg captured_interface=s2-eth2, sniff_timestamp=1626831986.3724468, pkt=<ICMPV6_RAW Packet>, in_port=2, in_phy_port=s2-eth2>
2021-07-21 01:46:28,416 | 11553 | tracing_of_pipeline.analyzer, BFS, 218 | DEBUG | dst None is not flowtable
2021-07-21 01:46:28,417 | 11553 | tracing_of_pipeline.analyzer, analyze, 132 | DEBUG | get trace [{'src': 'h2', 'msg': '<ICMPV6_RAW Packet>', 'edge': 'l3', 'dst': None}]
2021-07-21 01:46:28,623 | 11678 | tracing_net.util.packet_capture, _packet_handler, 72 | DEBUG | sniff 1626831987.274262503 : <class 'pyshark.packet.packet.Packet'>
2021-07-21 01:46:28,642 | 11678 | tracing_net.util.packet_capture, _packet_handler, 72 | DEBUG | sniff 1626831988.530806459 : <class 'pyshark.packet.packet.Packet'>
2021-07-21 01:46:28,746 | 11681 | tracing_net.util.packet_capture, _packet_handler, 72 | DEBUG | sniff 1626831987.251409772 : <class 'pyshark.packet.packet.Packet'>
2021-07-21 01:46:28,869 | 11687 | tracing_net.flowtable.flow_monitor, flow_monitor, 89 | DEBUG | flow monitor get result {'msg_type': 'NXST_FLOW_MONITOR', 'type': 'reply', 'xid': '0x0'}
2021-07-21 01:46:28,870 | 11687 | tracing_net.flowtable.flow_monitor, flow_monitor, 89 | DEBUG | flow monitor get result {'event': 'ADDED', 'table': '0', 'cookie': '0', 'actions': 'CONTROLLER:65535'}
2021-07-21 01:46:28,872 | 11683 | tracing_net.flowtable.flow_monitor, flow_monitor, 89 | DEBUG | flow monitor get result {'msg_type': 'NXST_FLOW_MONITOR', 'type': 'reply', 'xid': '0x0'}
2021-07-21 01:46:28,877 | 11683 | tracing_net.flowtable.flow_monitor, flow_monitor, 89 | DEBUG | flow monitor get result {'event': 'ADDED', 'table': '0', 'cookie': '0', 'actions': 'CONTROLLER:65535'}
2021-07-21 01:46:28,874 | 11676 | tracing_net.util.packet_capture, _packet_handler, 72 | DEBUG | sniff 1626831987.501748345 : <class 'pyshark.packet.packet.Packet'>
2021-07-21 01:46:29,280 | 11553 | tracing_of_pipeline, _handle_child_conn, 113 | DEBUG | get from ofcapture <Message msg_name=OFPT_PACKET_IN of_msg=PacketIn(xid=UBInt32(0)) timestamp=1626831989.256043 local_port=50364 datapath_id=1>
2021-07-21 01:46:29,293 | 11553 | tracing_of_pipeline, _handle_child_conn, 113 | DEBUG | get from ofcapture <Message msg_name=OFPT_PACKET_IN of_msg=PacketIn(xid=UBInt32(0)) timestamp=1626831989.256299 local_port=50366 datapath_id=2>
2021-07-21 01:46:29,305 | 11553 | tracing_of_pipeline, _handle_child_conn, 113 | DEBUG | get from ofcapture <Message msg_name=OFPT_PACKET_OUT of_msg=PacketOut(xid=UBInt32(3233793530)) timestamp=1626831989.296704 local_port=50364 datapath_id=1>
2021-07-21 01:46:29,314 | 11553 | tracing_of_pipeline, _handle_child_conn, 113 | DEBUG | get from ofcapture <Message msg_name=OFPT_PACKET_OUT of_msg=PacketOut(xid=UBInt32(578206445)) timestamp=1626831989.298276 local_port=50366 datapath_id=2>
2021-07-21 01:46:29,322 | 11553 | tracing_of_pipeline, _handle_child_conn, 113 | DEBUG | get from ofcapture <Message msg_name=OFPT_PACKET_IN of_msg=PacketIn(xid=UBInt32(0)) timestamp=1626831989.30087 local_port=50364 datapath_id=1>
2021-07-21 01:46:29,331 | 11681 | tracing_net.util.packet_capture, _packet_handler, 72 | DEBUG | sniff 1626831988.530869849 : <class 'pyshark.packet.packet.Packet'>
2021-07-21 01:46:29,345 | 11553 | tracing_of_pipeline, _handle_child_conn, 113 | DEBUG | get from ofcapture <Message msg_name=OFPT_PACKET_IN of_msg=PacketIn(xid=UBInt32(0)) timestamp=1626831989.327038 local_port=50366 datapath_id=2>
2021-07-21 01:46:29,352 | 11553 | tracing_of_pipeline, _handle_child_conn, 113 | DEBUG | get from ofcapture <Message msg_name=OFPT_PACKET_OUT of_msg=PacketOut(xid=UBInt32(3233793532)) timestamp=1626831989.32842 local_port=50364 datapath_id=1>
2021-07-21 01:46:29,353 | 11681 | tracing_net.util.packet_capture, _packet_handler, 72 | DEBUG | sniff 1626831989.272784971 : <class 'pyshark.packet.packet.Packet'>
2021-07-21 01:46:29,355 | 11553 | tracing_of_pipeline, _handle_child_conn, 113 | DEBUG | get from ofcapture <Message msg_name=OFPT_PACKET_OUT of_msg=PacketOut(xid=UBInt32(578206446)) timestamp=1626831989.348316 local_port=50366 datapath_id=2>
2021-07-21 01:46:29,386 | 11683 | tracing_net.flowtable.flow_monitor, dump_flows, 57 | DEBUG | dump flows on s1
2021-07-21 01:46:29,390 | 11676 | tracing_net.util.packet_capture, _packet_handler, 72 | DEBUG | sniff 1626831988.826412776 : <class 'pyshark.packet.packet.Packet'>
2021-07-21 01:46:29,396 | 11676 | tracing_net.util.packet_capture, _packet_handler, 72 | DEBUG | sniff 1626831989.251419332 : <class 'pyshark.packet.packet.Packet'>
2021-07-21 01:46:29,398 | 11683 | tracing_net.flowtable.flow_monitor, read_dump_flow, 73 | DEBUG | get result for dump flow 1626831989.393313 : ['OFPST_FLOW reply (OF1.3) (xid=0x2):', ' cookie=0x0, duration=0.526s, table=0, n_packets=3, n_bytes=353, priority=0 actions=CONTROLLER:65535']
2021-07-21 01:46:29,401 | 11687 | tracing_net.flowtable.flow_monitor, dump_flows, 57 | DEBUG | dump flows on s2
2021-07-21 01:46:29,408 | 11676 | tracing_net.util.packet_capture, _packet_handler, 72 | DEBUG | sniff 1626831989.294516780 : <class 'pyshark.packet.packet.Packet'>
2021-07-21 01:46:29,412 | 11553 | tracing_net.flowtable.table_repository, add, 88 | DEBUG | Table repo added table <FlowTables(datapath=0, timestamp=1626831989.393313, flows=[<Flow(table=0, priority=0, match={}, actions=[<InstructionApplyAction type=4>])>])>
2021-07-21 01:46:29,413 | 11683 | tracing_net.flowtable.flow_monitor, read_dump_flow, 78 | DEBUG | parsed result to table 1626831989.393313 : <FlowTables(datapath=0, timestamp=1626831989.393313, flows=[<Flow(table=0, priority=0, match={}, actions=[<InstructionApplyAction type=4>])>])>
2021-07-21 01:46:29,416 | 11687 | tracing_net.flowtable.flow_monitor, read_dump_flow, 73 | DEBUG | get result for dump flow 1626831989.412853 : ['OFPST_FLOW reply (OF1.3) (xid=0x2):', ' cookie=0x0, duration=0.547s, table=0, n_packets=4, n_bytes=460, priority=0 actions=CONTROLLER:65535']
2021-07-21 01:46:29,426 | 11553 | tracing_net.flowtable.table_repository, add, 88 | DEBUG | Table repo added table <FlowTables(datapath=0, timestamp=1626831989.412853, flows=[<Flow(table=0, priority=0, match={}, actions=[<InstructionApplyAction type=4>])>])>
2021-07-21 01:46:29,427 | 11687 | tracing_net.flowtable.flow_monitor, read_dump_flow, 78 | DEBUG | parsed result to table 1626831989.412853 : <FlowTables(datapath=0, timestamp=1626831989.412853, flows=[<Flow(table=0, priority=0, match={}, actions=[<InstructionApplyAction type=4>])>])>
2021-07-21 01:46:29,463 | 11678 | tracing_net.util.packet_capture, _packet_handler, 72 | DEBUG | sniff 1626831988.590381839 : <class 'pyshark.packet.packet.Packet'>
2021-07-21 01:46:29,467 | 11678 | tracing_net.util.packet_capture, _packet_handler, 72 | DEBUG | sniff 1626831989.251400247 : <class 'pyshark.packet.packet.Packet'>
2021-07-21 01:46:29,472 | 11678 | tracing_net.util.packet_capture, _packet_handler, 72 | DEBUG | sniff 1626831989.251412407 : <class 'pyshark.packet.packet.Packet'>
2021-07-21 01:46:29,475 | 11678 | tracing_net.util.packet_capture, _packet_handler, 72 | DEBUG | sniff 1626831989.272700343 : <class 'pyshark.packet.packet.Packet'>
2021-07-21 01:46:29,478 | 11678 | tracing_net.util.packet_capture, _packet_handler, 72 | DEBUG | sniff 1626831989.294904224 : <class 'pyshark.packet.packet.Packet'>
2021-07-21 01:46:29,517 | 11553 | tracing_of_pipeline, _handle_child_conn, 113 | DEBUG | get from ofcapture <Message msg_name=OFPT_PACKET_IN of_msg=PacketIn(xid=UBInt32(0)) timestamp=1626831989.513189 local_port=50366 datapath_id=2>
2021-07-21 01:46:29,529 | 11553 | tracing_of_pipeline, _handle_child_conn, 113 | DEBUG | get from ofcapture <Message msg_name=OFPT_PACKET_OUT of_msg=PacketOut(xid=UBInt32(578206448)) timestamp=1626831989.5196 local_port=50366 datapath_id=2>
2021-07-21 01:46:29,541 | 11553 | tracing_of_pipeline, _handle_child_conn, 113 | DEBUG | get from ofcapture <Message msg_name=OFPT_PACKET_IN of_msg=PacketIn(xid=UBInt32(0)) timestamp=1626831989.530605 local_port=50364 datapath_id=1>
2021-07-21 01:46:29,553 | 11553 | tracing_of_pipeline, _handle_child_conn, 113 | DEBUG | get from ofcapture <Message msg_name=OFPT_PACKET_OUT of_msg=PacketOut(xid=UBInt32(3233793533)) timestamp=1626831989.542569 local_port=50364 datapath_id=1>
2021-07-21 01:46:29,613 | 11681 | tracing_net.util.packet_capture, _packet_handler, 72 | DEBUG | sniff 1626831989.297798653 : <class 'pyshark.packet.packet.Packet'>
2021-07-21 01:46:29,619 | 11681 | tracing_net.util.packet_capture, _packet_handler, 72 | DEBUG | sniff 1626831989.348420408 : <class 'pyshark.packet.packet.Packet'>
2021-07-21 01:46:29,624 | 11681 | tracing_net.util.packet_capture, _packet_handler, 72 | DEBUG | sniff 1626831989.348493365 : <class 'pyshark.packet.packet.Packet'>
2021-07-21 01:46:29,680 | 11676 | tracing_net.util.packet_capture, _packet_handler, 72 | DEBUG | sniff 1626831989.328189954 : <class 'pyshark.packet.packet.Packet'>
2021-07-21 01:46:29,688 | 11676 | tracing_net.util.packet_capture, _packet_handler, 72 | DEBUG | sniff 1626831989.523023227 : <class 'pyshark.packet.packet.Packet'>
2021-07-21 01:46:29,734 | 11678 | tracing_net.util.packet_capture, _packet_handler, 72 | DEBUG | sniff 1626831989.295399414 : <class 'pyshark.packet.packet.Packet'>
2021-07-21 01:46:29,878 | 11681 | tracing_net.util.packet_capture, _packet_handler, 72 | DEBUG | sniff 1626831989.512366003 : <class 'pyshark.packet.packet.Packet'>
2021-07-21 01:46:29,977 | 11676 | tracing_net.util.packet_capture, _packet_handler, 72 | DEBUG | sniff 1626831989.542398009 : <class 'pyshark.packet.packet.Packet'>
2021-07-21 01:46:29,983 | 11553 | tracing_of_pipeline, _handle_child_conn, 113 | DEBUG | get from ofcapture <Message msg_name=OFPT_PACKET_IN of_msg=PacketIn(xid=UBInt32(0)) timestamp=1626831989.973813 local_port=50364 datapath_id=1>
2021-07-21 01:46:29,990 | 11678 | tracing_net.util.packet_capture, _packet_handler, 72 | DEBUG | sniff 1626831989.519392536 : <class 'pyshark.packet.packet.Packet'>
2021-07-21 01:46:29,997 | 11553 | tracing_of_pipeline, _handle_child_conn, 113 | DEBUG | get from ofcapture <Message msg_name=OFPT_PACKET_OUT of_msg=PacketOut(xid=UBInt32(3233793534)) timestamp=1626831989.984435 local_port=50364 datapath_id=1>
2021-07-21 01:46:30,049 | 11553 | tracing_of_pipeline, _handle_child_conn, 113 | DEBUG | get from ofcapture <Message msg_name=OFPT_PACKET_IN of_msg=PacketIn(xid=UBInt32(0)) timestamp=1626831990.011406 local_port=50366 datapath_id=2>
2021-07-21 01:46:30,065 | 11553 | tracing_of_pipeline, _handle_child_conn, 113 | DEBUG | get from ofcapture <Message msg_name=OFPT_PACKET_OUT of_msg=PacketOut(xid=UBInt32(578206449)) timestamp=1626831990.032193 local_port=50366 datapath_id=2>
2021-07-21 01:46:30,091 | 11687 | tracing_net.flowtable.flow_monitor, flow_monitor, 89 | DEBUG | flow monitor get result {'msg_type': 'NXST_FLOW_MONITOR', 'type': 'reply', 'xid': '0x0'}
2021-07-21 01:46:30,093 | 11687 | tracing_net.flowtable.flow_monitor, flow_monitor, 89 | DEBUG | flow monitor get result {'event': 'ADDED', 'table': '0', 'cookie': '0', 'in_port': '2,dl_src', 'actions': 'output:1'}
2021-07-21 01:46:30,096 | 11553 | tracing_of_pipeline, _handle_child_conn, 113 | DEBUG | get from ofcapture <Message msg_name=OFPT_PACKET_IN of_msg=PacketIn(xid=UBInt32(0)) timestamp=1626831990.076988 local_port=50366 datapath_id=2>
2021-07-21 01:46:30,123 | 11681 | tracing_net.util.packet_capture, _packet_handler, 72 | DEBUG | sniff 1626831989.769311840 : <class 'pyshark.packet.packet.Packet'>
2021-07-21 01:46:30,131 | 11553 | tracing_of_pipeline, _handle_child_conn, 113 | DEBUG | get from ofcapture <Message msg_name=OFPT_PACKET_OUT of_msg=PacketOut(xid=UBInt32(578206451)) timestamp=1626831990.109861 local_port=50366 datapath_id=2>
2021-07-21 01:46:30,149 | 11683 | tracing_net.flowtable.flow_monitor, flow_monitor, 89 | DEBUG | flow monitor get result {'msg_type': 'NXST_FLOW_MONITOR', 'type': 'reply', 'xid': '0x0'}
2021-07-21 01:46:30,151 | 11553 | tracing_of_pipeline, _handle_child_conn, 113 | DEBUG | get from ofcapture <Message msg_name=OFPT_PACKET_IN of_msg=PacketIn(xid=UBInt32(0)) timestamp=1626831990.133009 local_port=50364 datapath_id=1>
2021-07-21 01:46:30,152 | 11683 | tracing_net.flowtable.flow_monitor, flow_monitor, 89 | DEBUG | flow monitor get result {'event': 'ADDED', 'table': '0', 'cookie': '0', 'in_port': '2,dl_src', 'actions': 'output:1'}
2021-07-21 01:46:30,154 | 11681 | tracing_net.util.packet_capture, _packet_handler, 72 | DEBUG | sniff 1626831990.032365093 : <class 'pyshark.packet.packet.Packet'>
2021-07-21 01:46:30,156 | 11683 | tracing_net.flowtable.flow_monitor, flow_monitor, 89 | DEBUG | flow monitor get result {'msg_type': 'NXST_FLOW_MONITOR', 'type': 'reply', 'xid': '0x0'}
2021-07-21 01:46:30,157 | 11683 | tracing_net.flowtable.flow_monitor, flow_monitor, 89 | DEBUG | flow monitor get result {'event': 'ADDED', 'table': '0', 'cookie': '0', 'in_port': '1,dl_src', 'actions': 'output:2'}
2021-07-21 01:46:30,163 | 11687 | tracing_net.flowtable.flow_monitor, flow_monitor, 89 | DEBUG | flow monitor get result {'msg_type': 'NXST_FLOW_MONITOR', 'type': 'reply', 'xid': '0x0'}
2021-07-21 01:46:30,165 | 11687 | tracing_net.flowtable.flow_monitor, flow_monitor, 89 | DEBUG | flow monitor get result {'event': 'ADDED', 'table': '0', 'cookie': '0', 'in_port': '1,dl_src', 'actions': 'output:2'}
2021-07-21 01:46:30,252 | 11678 | tracing_net.util.packet_capture, _packet_handler, 72 | DEBUG | sniff 1626831989.985082878 : <class 'pyshark.packet.packet.Packet'>
2021-07-21 01:46:30,253 | 11676 | tracing_net.util.packet_capture, _packet_handler, 72 | DEBUG | sniff 1626831989.956614278 : <class 'pyshark.packet.packet.Packet'>
2021-07-21 01:46:30,265 | 11678 | tracing_net.util.packet_capture, _packet_handler, 72 | DEBUG | sniff 1626831990.110447304 : <class 'pyshark.packet.packet.Packet'>
2021-07-21 01:46:30,267 | 11676 | tracing_net.util.packet_capture, _packet_handler, 72 | DEBUG | sniff 1626831990.020465315 : <class 'pyshark.packet.packet.Packet'>
2021-07-21 01:46:30,271 | 11678 | tracing_net.util.packet_capture, _packet_handler, 72 | DEBUG | sniff 1626831990.155813991 : <class 'pyshark.packet.packet.Packet'>
2021-07-21 01:46:30,274 | 11676 | tracing_net.util.packet_capture, _packet_handler, 72 | DEBUG | sniff 1626831990.148690053 : <class 'pyshark.packet.packet.Packet'>
2021-07-21 01:46:30,277 | 11678 | tracing_net.util.packet_capture, _packet_handler, 72 | DEBUG | sniff 1626831990.162604934 : <class 'pyshark.packet.packet.Packet'>
2021-07-21 01:46:30,279 | 11676 | tracing_net.util.packet_capture, _packet_handler, 72 | DEBUG | sniff 1626831990.148704814 : <class 'pyshark.packet.packet.Packet'>
2021-07-21 01:46:30,281 | 11678 | tracing_net.util.packet_capture, _packet_handler, 72 | DEBUG | sniff 1626831990.180507616 : <class 'pyshark.packet.packet.Packet'>
2021-07-21 01:46:30,282 | 11676 | tracing_net.util.packet_capture, _packet_handler, 72 | DEBUG | sniff 1626831990.162665988 : <class 'pyshark.packet.packet.Packet'>
2021-07-21 01:46:30,287 | 11676 | tracing_net.util.packet_capture, _packet_handler, 72 | DEBUG | sniff 1626831990.180511773 : <class 'pyshark.packet.packet.Packet'>
2021-07-21 01:46:30,379 | 11681 | tracing_net.util.packet_capture, _packet_handler, 72 | DEBUG | sniff 1626831990.032407009 : <class 'pyshark.packet.packet.Packet'>
2021-07-21 01:46:30,385 | 11681 | tracing_net.util.packet_capture, _packet_handler, 72 | DEBUG | sniff 1626831990.161968491 : <class 'pyshark.packet.packet.Packet'>
2021-07-21 01:46:30,386 | 11683 | tracing_net.flowtable.flow_monitor, dump_flows, 57 | DEBUG | dump flows on s1
2021-07-21 01:46:30,390 | 11681 | tracing_net.util.packet_capture, _packet_handler, 72 | DEBUG | sniff 1626831990.161994536 : <class 'pyshark.packet.packet.Packet'>
2021-07-21 01:46:30,393 | 11553 | tracing_of_pipeline.analyzer, _poll_packet_inout_repo, 280 | DEBUG | tmp_p = [], s_dpip = 1
2021-07-21 01:46:30,394 | 11553 | tracing_of_pipeline.analyzer, _poll_packet_inout_repo, 280 | DEBUG | tmp_p = [], s_dpip = 2
2021-07-21 01:46:30,394 | 11681 | tracing_net.util.packet_capture, _packet_handler, 72 | DEBUG | sniff 1626831990.180493904 : <class 'pyshark.packet.packet.Packet'>
2021-07-21 01:46:30,395 | 11553 | tracing_of_pipeline.analyzer, _polling, 253 | DEBUG | polled (start_time=1626831984.392773, until=2) values = {'l2': [<Msg captured_interface=s1-eth1, sniff_timestamp=1626831986.3431876, pkt=<ICMPV6_RAW Packet>, in_port=1, in_phy_port=s1-eth1>, <Msg captured_interface=s1-eth1, sniff_timestamp=1626831986.480123, pkt=<UDP/MDNS_RAW Packet>, in_port=s1-eth1, in_phy_port=s1-eth1>, <Msg captured_interface=s1-eth1, sniff_timestamp=1626831986.803845, pkt=<UDP/MDNS_RAW Packet>, in_port=s1-eth1, in_phy_port=s1-eth1>, <Msg captured_interface=s1-eth1, sniff_timestamp=1626831987.5017483, pkt=<UDP/MDNS_RAW Packet>, in_port=s1-eth1, in_phy_port=s1-eth1>], 'l1': [<Msg captured_interface=s1-eth2, sniff_timestamp=1626831986.2525795, pkt=<UDP/MDNS_RAW Packet>, in_port=s1-eth2, in_phy_port=s1-eth2>, <Msg captured_interface=s1-eth2, sniff_timestamp=1626831986.2752357, pkt=<ICMPV6_RAW Packet>, in_port=s1-eth2, in_phy_port=s1-eth2>, <Msg captured_interface=s1-eth2, sniff_timestamp=1626831986.3112328, pkt=<ICMPV6_RAW Packet>, in_port=s1-eth2, in_phy_port=s1-eth2>, <Msg captured_interface=s1-eth2, sniff_timestamp=1626831986.4072144, pkt=<ICMPV6_RAW Packet>, in_port=s1-eth2, in_phy_port=s1-eth2>, <Msg captured_interface=s1-eth2, sniff_timestamp=1626831986.5284605, pkt=<UDP/MDNS_RAW Packet>, in_port=s1-eth2, in_phy_port=s1-eth2>, <Msg captured_interface=s1-eth2, sniff_timestamp=1626831986.578917, pkt=<UDP/MDNS_RAW Packet>, in_port=s1-eth2, in_phy_port=s1-eth2>, <Msg captured_interface=s1-eth2, sniff_timestamp=1626831987.2513158, pkt=<UDP/MDNS_RAW Packet>, in_port=s1-eth2, in_phy_port=s1-eth2>, <Msg captured_interface=s1-eth2, sniff_timestamp=1626831987.2742624, pkt=<UDP/MDNS_RAW Packet>, in_port=s1-eth2, in_phy_port=s1-eth2>], 'l3': [<Msg captured_interface=s2-eth2, sniff_timestamp=1626831986.3724613, pkt=<ICMPV6_RAW Packet>, in_port=2, in_phy_port=s2-eth2>, <Msg captured_interface=s2-eth2, sniff_timestamp=1626831986.3724468, pkt=<ICMPV6_RAW Packet>, in_port=2, in_phy_port=s2-eth2>, <Msg captured_interface=s2-eth2, sniff_timestamp=1626831986.5285308, pkt=<UDP/MDNS_RAW Packet>, in_port=s2-eth2, in_phy_port=s2-eth2>, <Msg captured_interface=s2-eth2, sniff_timestamp=1626831987.2514098, pkt=<UDP/MDNS_RAW Packet>, in_port=s2-eth2, in_phy_port=s2-eth2>]} {} {'s1': [], 's2': []}
2021-07-21 01:46:30,397 | 11553 | tracing_of_pipeline.analyzer, analyze, 123 | DEBUG | terminal edge host=h1, switch=s1, switch_port=s1-eth1
2021-07-21 01:46:30,397 | 11553 | tracing_of_pipeline.analyzer, BFS, 155 | DEBUG | processing msg <Msg captured_interface=s1-eth1, sniff_timestamp=1626831986.3431876, pkt=<ICMPV6_RAW Packet>, in_port=1, in_phy_port=s1-eth1>
2021-07-21 01:46:30,399 | 11553 | tracing_of_pipeline.analyzer, BFS, 218 | DEBUG | dst None is not flowtable
2021-07-21 01:46:30,400 | 11553 | tracing_of_pipeline.analyzer, analyze, 132 | DEBUG | get trace [{'src': 'h1', 'msg': '<ICMPV6_RAW Packet>', 'edge': 'l2', 'dst': None}]
2021-07-21 01:46:30,401 | 11687 | tracing_net.flowtable.flow_monitor, dump_flows, 57 | DEBUG | dump flows on s2
2021-07-21 01:46:30,404 | 11553 | tracing_of_pipeline.analyzer, analyze, 123 | DEBUG | terminal edge host=h1, switch=s1, switch_port=s1-eth1
2021-07-21 01:46:30,404 | 11553 | tracing_of_pipeline.analyzer, BFS, 155 | DEBUG | processing msg <Msg captured_interface=s1-eth1, sniff_timestamp=1626831986.480123, pkt=<UDP/MDNS_RAW Packet>, in_port=1, in_phy_port=s1-eth1>
2021-07-21 01:46:30,407 | 11553 | tracing_of_pipeline.analyzer, BFS, 218 | DEBUG | dst None is not flowtable
2021-07-21 01:46:30,408 | 11553 | tracing_of_pipeline.analyzer, analyze, 132 | DEBUG | get trace [{'src': 'h1', 'msg': '<UDP/MDNS_RAW Packet>', 'edge': 'l2', 'dst': None}]
2021-07-21 01:46:30,408 | 11553 | tracing_of_pipeline.analyzer, analyze, 123 | DEBUG | terminal edge host=h1, switch=s1, switch_port=s1-eth1
2021-07-21 01:46:30,409 | 11553 | tracing_of_pipeline.analyzer, BFS, 155 | DEBUG | processing msg <Msg captured_interface=s1-eth1, sniff_timestamp=1626831986.803845, pkt=<UDP/MDNS_RAW Packet>, in_port=1, in_phy_port=s1-eth1>
2021-07-21 01:46:30,411 | 11683 | tracing_net.flowtable.flow_monitor, read_dump_flow, 73 | DEBUG | get result for dump flow 1626831990.404569 : ['OFPST_FLOW reply (OF1.3) (xid=0x2):', ' cookie=0x0, duration=0.261s, table=0, n_packets=1, n_bytes=98, priority=1,in_port=2,dl_src=86:0c:d8:7b:d2:99,dl_dst=3e:d6:49:94:47:3e actions=output:1', ' cookie=0x0, duration=0.254s, table=0, n_packets=1, n_bytes=98, priority=1,in_port=1,dl_src=3e:d6:49:94:47:3e,dl_dst=86:0c:d8:7b:d2:99 actions=output:2', ' cookie=0x0, duration=1.538s, table=0, n_packets=7, n_bytes=605, priority=0 actions=CONTROLLER:65535']
2021-07-21 01:46:30,412 | 11683 | tracing_net.flowtable.flow_monitor, read_dump_flow, 78 | DEBUG | parsed result to table 1626831990.404569 : <FlowTables(datapath=0, timestamp=1626831990.404569, flows=[<Flow(table=0, priority=1, match={'in_port': {'value': 2, 'mask': None}, 'dl_src': {'value': '86:0c:d8:7b:d2:99', 'mask': None}, 'dl_dst': {'value': '3e:d6:49:94:47:3e', 'mask': None}}, actions=[<InstructionApplyAction type=4>])>, <Flow(table=0, priority=1, match={'in_port': {'value': 1, 'mask': None}, 'dl_src': {'value': '3e:d6:49:94:47:3e', 'mask': None}, 'dl_dst': {'value': '86:0c:d8:7b:d2:99', 'mask': None}}, actions=[<InstructionApplyAction type=4>])>, <Flow(table=0, priority=0, match={}, actions=[<InstructionApplyAction type=4>])>])>
2021-07-21 01:46:30,414 | 11687 | tracing_net.flowtable.flow_monitor, read_dump_flow, 73 | DEBUG | get result for dump flow 1626831990.40607 : ['OFPST_FLOW reply (OF1.3) (xid=0x2):', ' cookie=0x0, duration=0.330s, table=0, n_packets=1, n_bytes=98, priority=1,in_port=2,dl_src=86:0c:d8:7b:d2:99,dl_dst=3e:d6:49:94:47:3e actions=output:1', ' cookie=0x0, duration=0.252s, table=0, n_packets=1, n_bytes=98, priority=1,in_port=1,dl_src=3e:d6:49:94:47:3e,dl_dst=86:0c:d8:7b:d2:99 actions=output:2', ' cookie=0x0, duration=1.545s, table=0, n_packets=8, n_bytes=712, priority=0 actions=CONTROLLER:65535']
2021-07-21 01:46:30,415 | 11687 | tracing_net.flowtable.flow_monitor, read_dump_flow, 78 | DEBUG | parsed result to table 1626831990.40607 : <FlowTables(datapath=0, timestamp=1626831990.40607, flows=[<Flow(table=0, priority=1, match={'in_port': {'value': 2, 'mask': None}, 'dl_src': {'value': '86:0c:d8:7b:d2:99', 'mask': None}, 'dl_dst': {'value': '3e:d6:49:94:47:3e', 'mask': None}}, actions=[<InstructionApplyAction type=4>])>, <Flow(table=0, priority=1, match={'in_port': {'value': 1, 'mask': None}, 'dl_src': {'value': '3e:d6:49:94:47:3e', 'mask': None}, 'dl_dst': {'value': '86:0c:d8:7b:d2:99', 'mask': None}}, actions=[<InstructionApplyAction type=4>])>, <Flow(table=0, priority=0, match={}, actions=[<InstructionApplyAction type=4>])>])>
2021-07-21 01:46:30,416 | 11553 | tracing_net.flowtable.table_repository, add, 88 | DEBUG | Table repo added table <FlowTables(datapath=0, timestamp=1626831990.404569, flows=[<Flow(table=0, priority=1, match={'in_port': {'value': 2, 'mask': None}, 'dl_src': {'value': '86:0c:d8:7b:d2:99', 'mask': None}, 'dl_dst': {'value': '3e:d6:49:94:47:3e', 'mask': None}}, actions=[<InstructionApplyAction type=4>])>, <Flow(table=0, priority=1, match={'in_port': {'value': 1, 'mask': None}, 'dl_src': {'value': '3e:d6:49:94:47:3e', 'mask': None}, 'dl_dst': {'value': '86:0c:d8:7b:d2:99', 'mask': None}}, actions=[<InstructionApplyAction type=4>])>, <Flow(table=0, priority=0, match={}, actions=[<InstructionApplyAction type=4>])>])>
2021-07-21 01:46:30,416 | 11553 | tracing_of_pipeline.analyzer, BFS, 218 | DEBUG | dst None is not flowtable
2021-07-21 01:46:30,417 | 11553 | tracing_net.flowtable.table_repository, add, 88 | DEBUG | Table repo added table <FlowTables(datapath=0, timestamp=1626831990.40607, flows=[<Flow(table=0, priority=1, match={'in_port': {'value': 2, 'mask': None}, 'dl_src': {'value': '86:0c:d8:7b:d2:99', 'mask': None}, 'dl_dst': {'value': '3e:d6:49:94:47:3e', 'mask': None}}, actions=[<InstructionApplyAction type=4>])>, <Flow(table=0, priority=1, match={'in_port': {'value': 1, 'mask': None}, 'dl_src': {'value': '3e:d6:49:94:47:3e', 'mask': None}, 'dl_dst': {'value': '86:0c:d8:7b:d2:99', 'mask': None}}, actions=[<InstructionApplyAction type=4>])>, <Flow(table=0, priority=0, match={}, actions=[<InstructionApplyAction type=4>])>])>
2021-07-21 01:46:30,418 | 11553 | tracing_of_pipeline.analyzer, analyze, 132 | DEBUG | get trace [{'src': 'h1', 'msg': '<UDP/MDNS_RAW Packet>', 'edge': 'l2', 'dst': None}]
2021-07-21 01:46:30,419 | 11553 | tracing_of_pipeline.analyzer, analyze, 123 | DEBUG | terminal edge host=h1, switch=s1, switch_port=s1-eth1
2021-07-21 01:46:30,419 | 11553 | tracing_of_pipeline.analyzer, BFS, 155 | DEBUG | processing msg <Msg captured_interface=s1-eth1, sniff_timestamp=1626831987.5017483, pkt=<UDP/MDNS_RAW Packet>, in_port=1, in_phy_port=s1-eth1>
2021-07-21 01:46:30,421 | 11553 | tracing_of_pipeline.analyzer, BFS, 218 | DEBUG | dst None is not flowtable
2021-07-21 01:46:30,422 | 11553 | tracing_of_pipeline.analyzer, analyze, 132 | DEBUG | get trace [{'src': 'h1', 'msg': '<UDP/MDNS_RAW Packet>', 'edge': 'l2', 'dst': None}]
2021-07-21 01:46:30,422 | 11553 | tracing_of_pipeline.analyzer, analyze, 134 | WARNING | Packet <Msg captured_interface=s1-eth2, sniff_timestamp=1626831986.2525795, pkt=<UDP/MDNS_RAW Packet>, in_port=s1-eth2, in_phy_port=s1-eth2> is not terminal edge
2021-07-21 01:46:30,423 | 11553 | tracing_of_pipeline.analyzer, analyze, 134 | WARNING | Packet <Msg captured_interface=s1-eth2, sniff_timestamp=1626831986.2752357, pkt=<ICMPV6_RAW Packet>, in_port=s1-eth2, in_phy_port=s1-eth2> is not terminal edge
2021-07-21 01:46:30,423 | 11553 | tracing_of_pipeline.analyzer, analyze, 134 | WARNING | Packet <Msg captured_interface=s1-eth2, sniff_timestamp=1626831986.3112328, pkt=<ICMPV6_RAW Packet>, in_port=s1-eth2, in_phy_port=s1-eth2> is not terminal edge
2021-07-21 01:46:30,424 | 11553 | tracing_of_pipeline.analyzer, analyze, 134 | WARNING | Packet <Msg captured_interface=s1-eth2, sniff_timestamp=1626831986.4072144, pkt=<ICMPV6_RAW Packet>, in_port=s1-eth2, in_phy_port=s1-eth2> is not terminal edge
2021-07-21 01:46:30,424 | 11553 | tracing_of_pipeline.analyzer, analyze, 134 | WARNING | Packet <Msg captured_interface=s1-eth2, sniff_timestamp=1626831986.5284605, pkt=<UDP/MDNS_RAW Packet>, in_port=s1-eth2, in_phy_port=s1-eth2> is not terminal edge
2021-07-21 01:46:30,425 | 11553 | tracing_of_pipeline.analyzer, analyze, 134 | WARNING | Packet <Msg captured_interface=s1-eth2, sniff_timestamp=1626831986.578917, pkt=<UDP/MDNS_RAW Packet>, in_port=s1-eth2, in_phy_port=s1-eth2> is not terminal edge
2021-07-21 01:46:30,425 | 11553 | tracing_of_pipeline.analyzer, analyze, 134 | WARNING | Packet <Msg captured_interface=s1-eth2, sniff_timestamp=1626831987.2513158, pkt=<UDP/MDNS_RAW Packet>, in_port=s1-eth2, in_phy_port=s1-eth2> is not terminal edge
2021-07-21 01:46:30,426 | 11553 | tracing_of_pipeline.analyzer, analyze, 134 | WARNING | Packet <Msg captured_interface=s1-eth2, sniff_timestamp=1626831987.2742624, pkt=<UDP/MDNS_RAW Packet>, in_port=s1-eth2, in_phy_port=s1-eth2> is not terminal edge
2021-07-21 01:46:30,427 | 11553 | tracing_of_pipeline.analyzer, analyze, 123 | DEBUG | terminal edge host=h2, switch=s2, switch_port=s2-eth2
2021-07-21 01:46:30,427 | 11553 | tracing_of_pipeline.analyzer, BFS, 155 | DEBUG | processing msg <Msg captured_interface=s2-eth2, sniff_timestamp=1626831986.3724613, pkt=<ICMPV6_RAW Packet>, in_port=2, in_phy_port=s2-eth2>
2021-07-21 01:46:30,429 | 11553 | tracing_of_pipeline.analyzer, BFS, 218 | DEBUG | dst None is not flowtable
2021-07-21 01:46:30,429 | 11553 | tracing_of_pipeline.analyzer, analyze, 132 | DEBUG | get trace [{'src': 'h2', 'msg': '<ICMPV6_RAW Packet>', 'edge': 'l3', 'dst': None}]
2021-07-21 01:46:30,430 | 11553 | tracing_of_pipeline.analyzer, analyze, 123 | DEBUG | terminal edge host=h2, switch=s2, switch_port=s2-eth2
2021-07-21 01:46:30,430 | 11553 | tracing_of_pipeline.analyzer, BFS, 155 | DEBUG | processing msg <Msg captured_interface=s2-eth2, sniff_timestamp=1626831986.3724468, pkt=<ICMPV6_RAW Packet>, in_port=2, in_phy_port=s2-eth2>
2021-07-21 01:46:30,433 | 11553 | tracing_of_pipeline.analyzer, BFS, 218 | DEBUG | dst None is not flowtable
2021-07-21 01:46:30,434 | 11553 | tracing_of_pipeline.analyzer, analyze, 132 | DEBUG | get trace [{'src': 'h2', 'msg': '<ICMPV6_RAW Packet>', 'edge': 'l3', 'dst': None}]
2021-07-21 01:46:30,434 | 11553 | tracing_of_pipeline.analyzer, analyze, 123 | DEBUG | terminal edge host=h2, switch=s2, switch_port=s2-eth2
2021-07-21 01:46:30,435 | 11553 | tracing_of_pipeline.analyzer, BFS, 155 | DEBUG | processing msg <Msg captured_interface=s2-eth2, sniff_timestamp=1626831986.5285308, pkt=<UDP/MDNS_RAW Packet>, in_port=2, in_phy_port=s2-eth2>
2021-07-21 01:46:30,437 | 11553 | tracing_of_pipeline.analyzer, BFS, 218 | DEBUG | dst None is not flowtable
2021-07-21 01:46:30,438 | 11553 | tracing_of_pipeline.analyzer, analyze, 132 | DEBUG | get trace [{'src': 'h2', 'msg': '<UDP/MDNS_RAW Packet>', 'edge': 'l3', 'dst': None}]
2021-07-21 01:46:30,439 | 11553 | tracing_of_pipeline.analyzer, analyze, 123 | DEBUG | terminal edge host=h2, switch=s2, switch_port=s2-eth2
2021-07-21 01:46:30,439 | 11553 | tracing_of_pipeline.analyzer, BFS, 155 | DEBUG | processing msg <Msg captured_interface=s2-eth2, sniff_timestamp=1626831987.2514098, pkt=<UDP/MDNS_RAW Packet>, in_port=2, in_phy_port=s2-eth2>
2021-07-21 01:46:30,441 | 11553 | tracing_of_pipeline.analyzer, BFS, 218 | DEBUG | dst None is not flowtable
2021-07-21 01:46:30,442 | 11553 | tracing_of_pipeline.analyzer, analyze, 132 | DEBUG | get trace [{'src': 'h2', 'msg': '<UDP/MDNS_RAW Packet>', 'edge': 'l3', 'dst': None}]
2021-07-21 01:46:31,395 | 11683 | tracing_net.flowtable.flow_monitor, dump_flows, 57 | DEBUG | dump flows on s1
2021-07-21 01:46:31,401 | 11687 | tracing_net.flowtable.flow_monitor, dump_flows, 57 | DEBUG | dump flows on s2
2021-07-21 01:46:31,408 | 11683 | tracing_net.flowtable.flow_monitor, read_dump_flow, 73 | DEBUG | get result for dump flow 1626831991.40492 : ['OFPST_FLOW reply (OF1.3) (xid=0x2):', ' cookie=0x0, duration=1.259s, table=0, n_packets=2, n_bytes=196, priority=1,in_port=2,dl_src=86:0c:d8:7b:d2:99,dl_dst=3e:d6:49:94:47:3e actions=output:1', ' cookie=0x0, duration=1.252s, table=0, n_packets=1, n_bytes=98, priority=1,in_port=1,dl_src=3e:d6:49:94:47:3e,dl_dst=86:0c:d8:7b:d2:99 actions=output:2', ' cookie=0x0, duration=2.536s, table=0, n_packets=7, n_bytes=605, priority=0 actions=CONTROLLER:65535']
2021-07-21 01:46:31,410 | 11683 | tracing_net.flowtable.flow_monitor, read_dump_flow, 78 | DEBUG | parsed result to table 1626831991.40492 : <FlowTables(datapath=0, timestamp=1626831991.40492, flows=[<Flow(table=0, priority=1, match={'in_port': {'value': 2, 'mask': None}, 'dl_src': {'value': '86:0c:d8:7b:d2:99', 'mask': None}, 'dl_dst': {'value': '3e:d6:49:94:47:3e', 'mask': None}}, actions=[<InstructionApplyAction type=4>])>, <Flow(table=0, priority=1, match={'in_port': {'value': 1, 'mask': None}, 'dl_src': {'value': '3e:d6:49:94:47:3e', 'mask': None}, 'dl_dst': {'value': '86:0c:d8:7b:d2:99', 'mask': None}}, actions=[<InstructionApplyAction type=4>])>, <Flow(table=0, priority=0, match={}, actions=[<InstructionApplyAction type=4>])>])>
2021-07-21 01:46:31,410 | 11553 | tracing_net.flowtable.table_repository, add, 88 | DEBUG | Table repo added table <FlowTables(datapath=0, timestamp=1626831991.40492, flows=[<Flow(table=0, priority=1, match={'in_port': {'value': 2, 'mask': None}, 'dl_src': {'value': '86:0c:d8:7b:d2:99', 'mask': None}, 'dl_dst': {'value': '3e:d6:49:94:47:3e', 'mask': None}}, actions=[<InstructionApplyAction type=4>])>, <Flow(table=0, priority=1, match={'in_port': {'value': 1, 'mask': None}, 'dl_src': {'value': '3e:d6:49:94:47:3e', 'mask': None}, 'dl_dst': {'value': '86:0c:d8:7b:d2:99', 'mask': None}}, actions=[<InstructionApplyAction type=4>])>, <Flow(table=0, priority=0, match={}, actions=[<InstructionApplyAction type=4>])>])>
2021-07-21 01:46:31,412 | 11687 | tracing_net.flowtable.flow_monitor, read_dump_flow, 73 | DEBUG | get result for dump flow 1626831991.408982 : ['OFPST_FLOW reply (OF1.3) (xid=0x2):', ' cookie=0x0, duration=1.329s, table=0, n_packets=2, n_bytes=196, priority=1,in_port=2,dl_src=86:0c:d8:7b:d2:99,dl_dst=3e:d6:49:94:47:3e actions=output:1', ' cookie=0x0, duration=1.251s, table=0, n_packets=1, n_bytes=98, priority=1,in_port=1,dl_src=3e:d6:49:94:47:3e,dl_dst=86:0c:d8:7b:d2:99 actions=output:2', ' cookie=0x0, duration=2.544s, table=0, n_packets=8, n_bytes=712, priority=0 actions=CONTROLLER:65535']
2021-07-21 01:46:31,414 | 11687 | tracing_net.flowtable.flow_monitor, read_dump_flow, 78 | DEBUG | parsed result to table 1626831991.408982 : <FlowTables(datapath=0, timestamp=1626831991.408982, flows=[<Flow(table=0, priority=1, match={'in_port': {'value': 2, 'mask': None}, 'dl_src': {'value': '86:0c:d8:7b:d2:99', 'mask': None}, 'dl_dst': {'value': '3e:d6:49:94:47:3e', 'mask': None}}, actions=[<InstructionApplyAction type=4>])>, <Flow(table=0, priority=1, match={'in_port': {'value': 1, 'mask': None}, 'dl_src': {'value': '3e:d6:49:94:47:3e', 'mask': None}, 'dl_dst': {'value': '86:0c:d8:7b:d2:99', 'mask': None}}, actions=[<InstructionApplyAction type=4>])>, <Flow(table=0, priority=0, match={}, actions=[<InstructionApplyAction type=4>])>])>
2021-07-21 01:46:31,415 | 11553 | tracing_net.flowtable.table_repository, add, 88 | DEBUG | Table repo added table <FlowTables(datapath=0, timestamp=1626831991.408982, flows=[<Flow(table=0, priority=1, match={'in_port': {'value': 2, 'mask': None}, 'dl_src': {'value': '86:0c:d8:7b:d2:99', 'mask': None}, 'dl_dst': {'value': '3e:d6:49:94:47:3e', 'mask': None}}, actions=[<InstructionApplyAction type=4>])>, <Flow(table=0, priority=1, match={'in_port': {'value': 1, 'mask': None}, 'dl_src': {'value': '3e:d6:49:94:47:3e', 'mask': None}, 'dl_dst': {'value': '86:0c:d8:7b:d2:99', 'mask': None}}, actions=[<InstructionApplyAction type=4>])>, <Flow(table=0, priority=0, match={}, actions=[<InstructionApplyAction type=4>])>])>
2021-07-21 01:46:32,387 | 11683 | tracing_net.flowtable.flow_monitor, dump_flows, 57 | DEBUG | dump flows on s1
2021-07-21 01:46:32,393 | 11553 | tracing_of_pipeline.analyzer, _poll_packet_inout_repo, 280 | DEBUG | tmp_p = [<Message msg_name=OFPT_PACKET_IN of_msg=PacketIn(xid=UBInt32(0)) timestamp=1626831989.256043 local_port=50364 datapath_id=1>, <Message msg_name=OFPT_PACKET_OUT of_msg=PacketOut(xid=UBInt32(3233793530)) timestamp=1626831989.296704 local_port=50364 datapath_id=1>, <Message msg_name=OFPT_PACKET_IN of_msg=PacketIn(xid=UBInt32(0)) timestamp=1626831989.30087 local_port=50364 datapath_id=1>, <Message msg_name=OFPT_PACKET_OUT of_msg=PacketOut(xid=UBInt32(3233793532)) timestamp=1626831989.32842 local_port=50364 datapath_id=1>, <Message msg_name=OFPT_PACKET_IN of_msg=PacketIn(xid=UBInt32(0)) timestamp=1626831989.530605 local_port=50364 datapath_id=1>, <Message msg_name=OFPT_PACKET_OUT of_msg=PacketOut(xid=UBInt32(3233793533)) timestamp=1626831989.542569 local_port=50364 datapath_id=1>, <Message msg_name=OFPT_PACKET_IN of_msg=PacketIn(xid=UBInt32(0)) timestamp=1626831989.973813 local_port=50364 datapath_id=1>, <Message msg_name=OFPT_PACKET_OUT of_msg=PacketOut(xid=UBInt32(3233793534)) timestamp=1626831989.984435 local_port=50364 datapath_id=1>, <Message msg_name=OFPT_PACKET_IN of_msg=PacketIn(xid=UBInt32(0)) timestamp=1626831990.133009 local_port=50364 datapath_id=1>], s_dpip = 1
2021-07-21 01:46:32,394 | 11553 | tracing_of_pipeline.analyzer, _poll_packet_inout_repo, 280 | DEBUG | tmp_p = [<Message msg_name=OFPT_PACKET_IN of_msg=PacketIn(xid=UBInt32(0)) timestamp=1626831989.256299 local_port=50366 datapath_id=2>, <Message msg_name=OFPT_PACKET_OUT of_msg=PacketOut(xid=UBInt32(578206445)) timestamp=1626831989.298276 local_port=50366 datapath_id=2>, <Message msg_name=OFPT_PACKET_IN of_msg=PacketIn(xid=UBInt32(0)) timestamp=1626831989.327038 local_port=50366 datapath_id=2>, <Message msg_name=OFPT_PACKET_OUT of_msg=PacketOut(xid=UBInt32(578206446)) timestamp=1626831989.348316 local_port=50366 datapath_id=2>, <Message msg_name=OFPT_PACKET_IN of_msg=PacketIn(xid=UBInt32(0)) timestamp=1626831989.513189 local_port=50366 datapath_id=2>, <Message msg_name=OFPT_PACKET_OUT of_msg=PacketOut(xid=UBInt32(578206448)) timestamp=1626831989.5196 local_port=50366 datapath_id=2>, <Message msg_name=OFPT_PACKET_IN of_msg=PacketIn(xid=UBInt32(0)) timestamp=1626831990.011406 local_port=50366 datapath_id=2>, <Message msg_name=OFPT_PACKET_OUT of_msg=PacketOut(xid=UBInt32(578206449)) timestamp=1626831990.032193 local_port=50366 datapath_id=2>, <Message msg_name=OFPT_PACKET_IN of_msg=PacketIn(xid=UBInt32(0)) timestamp=1626831990.076988 local_port=50366 datapath_id=2>, <Message msg_name=OFPT_PACKET_OUT of_msg=PacketOut(xid=UBInt32(578206451)) timestamp=1626831990.109861 local_port=50366 datapath_id=2>], s_dpip = 2
2021-07-21 01:46:32,397 | 11553 | tracing_of_pipeline.analyzer, _polling, 253 | DEBUG | polled (start_time=1626831984.392773, until=3) values = {'l2': [<Msg captured_interface=s1-eth1, sniff_timestamp=1626831986.3431876, pkt=<ICMPV6_RAW Packet>, in_port=1, in_phy_port=s1-eth1>, <Msg captured_interface=s1-eth1, sniff_timestamp=1626831986.480123, pkt=<UDP/MDNS_RAW Packet>, in_port=1, in_phy_port=s1-eth1>, <Msg captured_interface=s1-eth1, sniff_timestamp=1626831986.803845, pkt=<UDP/MDNS_RAW Packet>, in_port=1, in_phy_port=s1-eth1>, <Msg captured_interface=s1-eth1, sniff_timestamp=1626831987.5017483, pkt=<UDP/MDNS_RAW Packet>, in_port=1, in_phy_port=s1-eth1>, <Msg captured_interface=s1-eth1, sniff_timestamp=1626831988.8264127, pkt=<UDP/MDNS_RAW Packet>, in_port=s1-eth1, in_phy_port=s1-eth1>, <Msg captured_interface=s1-eth1, sniff_timestamp=1626831989.2514193, pkt=<ICMPV6_RAW Packet>, in_port=s1-eth1, in_phy_port=s1-eth1>, <Msg captured_interface=s1-eth1, sniff_timestamp=1626831989.2945168, pkt=<ICMPV6_RAW Packet>, in_port=s1-eth1, in_phy_port=s1-eth1>, <Msg captured_interface=s1-eth1, sniff_timestamp=1626831989.3281898, pkt=<UDP/MDNS_RAW Packet>, in_port=s1-eth1, in_phy_port=s1-eth1>, <Msg captured_interface=s1-eth1, sniff_timestamp=1626831989.5230231, pkt=<UDP/MDNS_RAW Packet>, in_port=s1-eth1, in_phy_port=s1-eth1>, <Msg captured_interface=s1-eth1, sniff_timestamp=1626831989.542398, pkt=<ICMPV6_RAW Packet>, in_port=s1-eth1, in_phy_port=s1-eth1>, <Msg captured_interface=s1-eth1, sniff_timestamp=1626831989.9566143, pkt=<ARP_RAW Packet>, in_port=s1-eth1, in_phy_port=s1-eth1>, <Msg captured_interface=s1-eth1, sniff_timestamp=1626831990.0204654, pkt=<ICMPV6_RAW Packet>, in_port=s1-eth1, in_phy_port=s1-eth1>, <Msg captured_interface=s1-eth1, sniff_timestamp=1626831990.14869, pkt=<ARP_RAW Packet>, in_port=s1-eth1, in_phy_port=s1-eth1>, <Msg captured_interface=s1-eth1, sniff_timestamp=1626831990.1487048, pkt=<ICMP_RAW Packet>, in_port=s1-eth1, in_phy_port=s1-eth1>, <Msg captured_interface=s1-eth1, sniff_timestamp=1626831990.162666, pkt=<ICMP_RAW Packet>, in_port=s1-eth1, in_phy_port=s1-eth1>, <Msg captured_interface=s1-eth1, sniff_timestamp=1626831990.1805117, pkt=<ICMP_RAW Packet>, in_port=s1-eth1, in_phy_port=s1-eth1>], 'l1': [<Msg captured_interface=s1-eth2, sniff_timestamp=1626831986.2525795, pkt=<UDP/MDNS_RAW Packet>, in_port=s1-eth2, in_phy_port=s1-eth2>, <Msg captured_interface=s1-eth2, sniff_timestamp=1626831986.2752357, pkt=<ICMPV6_RAW Packet>, in_port=s1-eth2, in_phy_port=s1-eth2>, <Msg captured_interface=s1-eth2, sniff_timestamp=1626831986.3112328, pkt=<ICMPV6_RAW Packet>, in_port=s1-eth2, in_phy_port=s1-eth2>, <Msg captured_interface=s1-eth2, sniff_timestamp=1626831986.4072144, pkt=<ICMPV6_RAW Packet>, in_port=s1-eth2, in_phy_port=s1-eth2>, <Msg captured_interface=s1-eth2, sniff_timestamp=1626831986.5284605, pkt=<UDP/MDNS_RAW Packet>, in_port=s1-eth2, in_phy_port=s1-eth2>, <Msg captured_interface=s1-eth2, sniff_timestamp=1626831986.578917, pkt=<UDP/MDNS_RAW Packet>, in_port=s1-eth2, in_phy_port=s1-eth2>, <Msg captured_interface=s1-eth2, sniff_timestamp=1626831987.2513158, pkt=<UDP/MDNS_RAW Packet>, in_port=s1-eth2, in_phy_port=s1-eth2>, <Msg captured_interface=s1-eth2, sniff_timestamp=1626831987.2742624, pkt=<UDP/MDNS_RAW Packet>, in_port=s1-eth2, in_phy_port=s1-eth2>, <Msg captured_interface=s1-eth2, sniff_timestamp=1626831988.5308065, pkt=<UDP/MDNS_RAW Packet>, in_port=s1-eth2, in_phy_port=s1-eth2>, <Msg captured_interface=s1-eth2, sniff_timestamp=1626831988.5903819, pkt=<UDP/MDNS_RAW Packet>, in_port=s1-eth2, in_phy_port=s1-eth2>, <Msg captured_interface=s1-eth2, sniff_timestamp=1626831989.2514002, pkt=<ICMPV6_RAW Packet>, in_port=s1-eth2, in_phy_port=s1-eth2>, <Msg captured_interface=s1-eth2, sniff_timestamp=1626831989.2514124, pkt=<ICMPV6_RAW Packet>, in_port=s1-eth2, in_phy_port=s1-eth2>, <Msg captured_interface=s1-eth2, sniff_timestamp=1626831989.2727003, pkt=<UDP/MDNS_RAW Packet>, in_port=s1-eth2, in_phy_port=s1-eth2>, <Msg captured_interface=s1-eth2, sniff_timestamp=1626831989.2949042, pkt=<ICMPV6_RAW Packet>, in_port=s1-eth2, in_phy_port=s1-eth2>, <Msg captured_interface=s1-eth2, sniff_timestamp=1626831989.2953994, pkt=<UDP/MDNS_RAW Packet>, in_port=s1-eth2, in_phy_port=s1-eth2>, <Msg captured_interface=s1-eth2, sniff_timestamp=1626831989.5193925, pkt=<ICMPV6_RAW Packet>, in_port=s1-eth2, in_phy_port=s1-eth2>, <Msg captured_interface=s1-eth2, sniff_timestamp=1626831989.9850829, pkt=<ARP_RAW Packet>, in_port=s1-eth2, in_phy_port=s1-eth2>, <Msg captured_interface=s1-eth2, sniff_timestamp=1626831990.1104474, pkt=<ARP_RAW Packet>, in_port=s1-eth2, in_phy_port=s1-eth2>, <Msg captured_interface=s1-eth2, sniff_timestamp=1626831990.155814, pkt=<ICMP_RAW Packet>, in_port=s1-eth2, in_phy_port=s1-eth2>, <Msg captured_interface=s1-eth2, sniff_timestamp=1626831990.162605, pkt=<ICMP_RAW Packet>, in_port=s1-eth2, in_phy_port=s1-eth2>, <Msg captured_interface=s1-eth2, sniff_timestamp=1626831990.1805077, pkt=<ICMP_RAW Packet>, in_port=s1-eth2, in_phy_port=s1-eth2>], 'l3': [<Msg captured_interface=s2-eth2, sniff_timestamp=1626831986.3724613, pkt=<ICMPV6_RAW Packet>, in_port=2, in_phy_port=s2-eth2>, <Msg captured_interface=s2-eth2, sniff_timestamp=1626831986.3724468, pkt=<ICMPV6_RAW Packet>, in_port=2, in_phy_port=s2-eth2>, <Msg captured_interface=s2-eth2, sniff_timestamp=1626831986.5285308, pkt=<UDP/MDNS_RAW Packet>, in_port=2, in_phy_port=s2-eth2>, <Msg captured_interface=s2-eth2, sniff_timestamp=1626831987.2514098, pkt=<UDP/MDNS_RAW Packet>, in_port=2, in_phy_port=s2-eth2>, <Msg captured_interface=s2-eth2, sniff_timestamp=1626831988.53087, pkt=<UDP/MDNS_RAW Packet>, in_port=s2-eth2, in_phy_port=s2-eth2>, <Msg captured_interface=s2-eth2, sniff_timestamp=1626831989.272785, pkt=<UDP/MDNS_RAW Packet>, in_port=s2-eth2, in_phy_port=s2-eth2>, <Msg captured_interface=s2-eth2, sniff_timestamp=1626831989.2977986, pkt=<ICMPV6_RAW Packet>, in_port=s2-eth2, in_phy_port=s2-eth2>, <Msg captured_interface=s2-eth2, sniff_timestamp=1626831989.3484204, pkt=<ICMPV6_RAW Packet>, in_port=s2-eth2, in_phy_port=s2-eth2>, <Msg captured_interface=s2-eth2, sniff_timestamp=1626831989.3484933, pkt=<UDP/MDNS_RAW Packet>, in_port=s2-eth2, in_phy_port=s2-eth2>, <Msg captured_interface=s2-eth2, sniff_timestamp=1626831989.512366, pkt=<ICMPV6_RAW Packet>, in_port=s2-eth2, in_phy_port=s2-eth2>, <Msg captured_interface=s2-eth2, sniff_timestamp=1626831989.769312, pkt=<ICMPV6_RAW Packet>, in_port=s2-eth2, in_phy_port=s2-eth2>, <Msg captured_interface=s2-eth2, sniff_timestamp=1626831990.032365, pkt=<ARP_RAW Packet>, in_port=s2-eth2, in_phy_port=s2-eth2>, <Msg captured_interface=s2-eth2, sniff_timestamp=1626831990.032407, pkt=<ARP_RAW Packet>, in_port=s2-eth2, in_phy_port=s2-eth2>, <Msg captured_interface=s2-eth2, sniff_timestamp=1626831990.1619685, pkt=<ICMP_RAW Packet>, in_port=s2-eth2, in_phy_port=s2-eth2>, <Msg captured_interface=s2-eth2, sniff_timestamp=1626831990.1619945, pkt=<ICMP_RAW Packet>, in_port=s2-eth2, in_phy_port=s2-eth2>, <Msg captured_interface=s2-eth2, sniff_timestamp=1626831990.1804938, pkt=<ICMP_RAW Packet>, in_port=s2-eth2, in_phy_port=s2-eth2>]} {} {'s1': [<Message msg_name=OFPT_PACKET_IN of_msg=PacketIn(xid=UBInt32(0)) timestamp=1626831989.256043 local_port=50364 datapath_id=1>, <Message msg_name=OFPT_PACKET_OUT of_msg=PacketOut(xid=UBInt32(3233793530)) timestamp=1626831989.296704 local_port=50364 datapath_id=1>, <Message msg_name=OFPT_PACKET_IN of_msg=PacketIn(xid=UBInt32(0)) timestamp=1626831989.30087 local_port=50364 datapath_id=1>, <Message msg_name=OFPT_PACKET_OUT of_msg=PacketOut(xid=UBInt32(3233793532)) timestamp=1626831989.32842 local_port=50364 datapath_id=1>, <Message msg_name=OFPT_PACKET_IN of_msg=PacketIn(xid=UBInt32(0)) timestamp=1626831989.530605 local_port=50364 datapath_id=1>, <Message msg_name=OFPT_PACKET_OUT of_msg=PacketOut(xid=UBInt32(3233793533)) timestamp=1626831989.542569 local_port=50364 datapath_id=1>, <Message msg_name=OFPT_PACKET_IN of_msg=PacketIn(xid=UBInt32(0)) timestamp=1626831989.973813 local_port=50364 datapath_id=1>, <Message msg_name=OFPT_PACKET_OUT of_msg=PacketOut(xid=UBInt32(3233793534)) timestamp=1626831989.984435 local_port=50364 datapath_id=1>, <Message msg_name=OFPT_PACKET_IN of_msg=PacketIn(xid=UBInt32(0)) timestamp=1626831990.133009 local_port=50364 datapath_id=1>], 's2': [<Message msg_name=OFPT_PACKET_IN of_msg=PacketIn(xid=UBInt32(0)) timestamp=1626831989.256299 local_port=50366 datapath_id=2>, <Message msg_name=OFPT_PACKET_OUT of_msg=PacketOut(xid=UBInt32(578206445)) timestamp=1626831989.298276 local_port=50366 datapath_id=2>, <Message msg_name=OFPT_PACKET_IN of_msg=PacketIn(xid=UBInt32(0)) timestamp=1626831989.327038 local_port=50366 datapath_id=2>, <Message msg_name=OFPT_PACKET_OUT of_msg=PacketOut(xid=UBInt32(578206446)) timestamp=1626831989.348316 local_port=50366 datapath_id=2>, <Message msg_name=OFPT_PACKET_IN of_msg=PacketIn(xid=UBInt32(0)) timestamp=1626831989.513189 local_port=50366 datapath_id=2>, <Message msg_name=OFPT_PACKET_OUT of_msg=PacketOut(xid=UBInt32(578206448)) timestamp=1626831989.5196 local_port=50366 datapath_id=2>, <Message msg_name=OFPT_PACKET_IN of_msg=PacketIn(xid=UBInt32(0)) timestamp=1626831990.011406 local_port=50366 datapath_id=2>, <Message msg_name=OFPT_PACKET_OUT of_msg=PacketOut(xid=UBInt32(578206449)) timestamp=1626831990.032193 local_port=50366 datapath_id=2>, <Message msg_name=OFPT_PACKET_IN of_msg=PacketIn(xid=UBInt32(0)) timestamp=1626831990.076988 local_port=50366 datapath_id=2>, <Message msg_name=OFPT_PACKET_OUT of_msg=PacketOut(xid=UBInt32(578206451)) timestamp=1626831990.109861 local_port=50366 datapath_id=2>]}
2021-07-21 01:46:32,398 | 11553 | tracing_of_pipeline.analyzer, analyze, 103 | DEBUG | I will processing packetout(<Message msg_name=OFPT_PACKET_OUT of_msg=PacketOut(xid=UBInt32(3233793530)) timestamp=1626831989.296704 local_port=50364 datapath_id=1>)
2021-07-21 01:46:32,399 | 11683 | tracing_net.flowtable.flow_monitor, read_dump_flow, 73 | DEBUG | get result for dump flow 1626831992.391898 : ['OFPST_FLOW reply (OF1.3) (xid=0x2):', ' cookie=0x0, duration=2.247s, table=0, n_packets=2, n_bytes=196, priority=1,in_port=2,dl_src=86:0c:d8:7b:d2:99,dl_dst=3e:d6:49:94:47:3e actions=output:1', ' cookie=0x0, duration=2.240s, table=0, n_packets=1, n_bytes=98, priority=1,in_port=1,dl_src=3e:d6:49:94:47:3e,dl_dst=86:0c:d8:7b:d2:99 actions=output:2', ' cookie=0x0, duration=3.524s, table=0, n_packets=7, n_bytes=605, priority=0 actions=CONTROLLER:65535']
2021-07-21 01:46:32,401 | 11687 | tracing_net.flowtable.flow_monitor, dump_flows, 57 | DEBUG | dump flows on s2
2021-07-21 01:46:32,401 | 11683 | tracing_net.flowtable.flow_monitor, read_dump_flow, 78 | DEBUG | parsed result to table 1626831992.391898 : <FlowTables(datapath=0, timestamp=1626831992.391898, flows=[<Flow(table=0, priority=1, match={'in_port': {'value': 2, 'mask': None}, 'dl_src': {'value': '86:0c:d8:7b:d2:99', 'mask': None}, 'dl_dst': {'value': '3e:d6:49:94:47:3e', 'mask': None}}, actions=[<InstructionApplyAction type=4>])>, <Flow(table=0, priority=1, match={'in_port': {'value': 1, 'mask': None}, 'dl_src': {'value': '3e:d6:49:94:47:3e', 'mask': None}, 'dl_dst': {'value': '86:0c:d8:7b:d2:99', 'mask': None}}, actions=[<InstructionApplyAction type=4>])>, <Flow(table=0, priority=0, match={}, actions=[<InstructionApplyAction type=4>])>])>
2021-07-21 01:46:32,405 | 11553 | tracing_net.flowtable.table_repository, add, 88 | DEBUG | Table repo added table <FlowTables(datapath=0, timestamp=1626831992.391898, flows=[<Flow(table=0, priority=1, match={'in_port': {'value': 2, 'mask': None}, 'dl_src': {'value': '86:0c:d8:7b:d2:99', 'mask': None}, 'dl_dst': {'value': '3e:d6:49:94:47:3e', 'mask': None}}, actions=[<InstructionApplyAction type=4>])>, <Flow(table=0, priority=1, match={'in_port': {'value': 1, 'mask': None}, 'dl_src': {'value': '3e:d6:49:94:47:3e', 'mask': None}, 'dl_dst': {'value': '86:0c:d8:7b:d2:99', 'mask': None}}, actions=[<InstructionApplyAction type=4>])>, <Flow(table=0, priority=0, match={}, actions=[<InstructionApplyAction type=4>])>])>
2021-07-21 01:46:32,415 | 11687 | tracing_net.flowtable.flow_monitor, read_dump_flow, 73 | DEBUG | get result for dump flow 1626831992.410535 : ['OFPST_FLOW reply (OF1.3) (xid=0x2):', ' cookie=0x0, duration=2.331s, table=0, n_packets=2, n_bytes=196, priority=1,in_port=2,dl_src=86:0c:d8:7b:d2:99,dl_dst=3e:d6:49:94:47:3e actions=output:1', ' cookie=0x0, duration=2.253s, table=0, n_packets=1, n_bytes=98, priority=1,in_port=1,dl_src=3e:d6:49:94:47:3e,dl_dst=86:0c:d8:7b:d2:99 actions=output:2', ' cookie=0x0, duration=3.546s, table=0, n_packets=8, n_bytes=712, priority=0 actions=CONTROLLER:65535']
2021-07-21 01:46:32,422 | 11687 | tracing_net.flowtable.flow_monitor, read_dump_flow, 78 | DEBUG | parsed result to table 1626831992.410535 : <FlowTables(datapath=0, timestamp=1626831992.410535, flows=[<Flow(table=0, priority=1, match={'in_port': {'value': 2, 'mask': None}, 'dl_src': {'value': '86:0c:d8:7b:d2:99', 'mask': None}, 'dl_dst': {'value': '3e:d6:49:94:47:3e', 'mask': None}}, actions=[<InstructionApplyAction type=4>])>, <Flow(table=0, priority=1, match={'in_port': {'value': 1, 'mask': None}, 'dl_src': {'value': '3e:d6:49:94:47:3e', 'mask': None}, 'dl_dst': {'value': '86:0c:d8:7b:d2:99', 'mask': None}}, actions=[<InstructionApplyAction type=4>])>, <Flow(table=0, priority=0, match={}, actions=[<InstructionApplyAction type=4>])>])>
2021-07-21 01:46:32,423 | 11553 | tracing_net.flowtable.table_repository, add, 88 | DEBUG | Table repo added table <FlowTables(datapath=0, timestamp=1626831992.410535, flows=[<Flow(table=0, priority=1, match={'in_port': {'value': 2, 'mask': None}, 'dl_src': {'value': '86:0c:d8:7b:d2:99', 'mask': None}, 'dl_dst': {'value': '3e:d6:49:94:47:3e', 'mask': None}}, actions=[<InstructionApplyAction type=4>])>, <Flow(table=0, priority=1, match={'in_port': {'value': 1, 'mask': None}, 'dl_src': {'value': '3e:d6:49:94:47:3e', 'mask': None}, 'dl_dst': {'value': '86:0c:d8:7b:d2:99', 'mask': None}}, actions=[<InstructionApplyAction type=4>])>, <Flow(table=0, priority=0, match={}, actions=[<InstructionApplyAction type=4>])>])>
2021-07-21 01:46:32,551 | 11678 | tracing_net.util.packet_capture, _packet_handler, 72 | DEBUG | sniff 1626831990.180638273 : <class 'pyshark.packet.packet.Packet'>
2021-07-21 01:46:32,552 | 11676 | tracing_net.util.packet_capture, _packet_handler, 72 | DEBUG | sniff 1626831990.180524770 : <class 'pyshark.packet.packet.Packet'>
2021-07-21 01:46:32,776 | 11681 | tracing_net.util.packet_capture, _packet_handler, 72 | DEBUG | sniff 1626831990.180692250 : <class 'pyshark.packet.packet.Packet'>
2021-07-21 01:46:32,792 | 11681 | tracing_net.util.packet_capture, _packet_handler, 72 | DEBUG | sniff 1626831992.532912994 : <class 'pyshark.packet.packet.Packet'>
2021-07-21 01:46:32,832 | 11678 | tracing_net.util.packet_capture, _packet_handler, 72 | DEBUG | sniff 1626831992.532688461 : <class 'pyshark.packet.packet.Packet'>
2021-07-21 01:46:33,100 | 11676 | tracing_net.util.packet_capture, _packet_handler, 72 | DEBUG | sniff 1626831992.536857741 : <class 'pyshark.packet.packet.Packet'>
2021-07-21 01:46:33,386 | 11683 | tracing_net.flowtable.flow_monitor, dump_flows, 57 | DEBUG | dump flows on s1
2021-07-21 01:46:33,394 | 11683 | tracing_net.flowtable.flow_monitor, read_dump_flow, 73 | DEBUG | get result for dump flow 1626831993.391277 : ['OFPST_FLOW reply (OF1.3) (xid=0x2):', ' cookie=0x0, duration=3.245s, table=0, n_packets=2, n_bytes=196, priority=1,in_port=2,dl_src=86:0c:d8:7b:d2:99,dl_dst=3e:d6:49:94:47:3e actions=output:1', ' cookie=0x0, duration=3.238s, table=0, n_packets=1, n_bytes=98, priority=1,in_port=1,dl_src=3e:d6:49:94:47:3e,dl_dst=86:0c:d8:7b:d2:99 actions=output:2', ' cookie=0x0, duration=4.522s, table=0, n_packets=8, n_bytes=712, priority=0 actions=CONTROLLER:65535']
2021-07-21 01:46:33,396 | 11683 | tracing_net.flowtable.flow_monitor, read_dump_flow, 78 | DEBUG | parsed result to table 1626831993.391277 : <FlowTables(datapath=0, timestamp=1626831993.391277, flows=[<Flow(table=0, priority=1, match={'in_port': {'value': 2, 'mask': None}, 'dl_src': {'value': '86:0c:d8:7b:d2:99', 'mask': None}, 'dl_dst': {'value': '3e:d6:49:94:47:3e', 'mask': None}}, actions=[<InstructionApplyAction type=4>])>, <Flow(table=0, priority=1, match={'in_port': {'value': 1, 'mask': None}, 'dl_src': {'value': '3e:d6:49:94:47:3e', 'mask': None}, 'dl_dst': {'value': '86:0c:d8:7b:d2:99', 'mask': None}}, actions=[<InstructionApplyAction type=4>])>, <Flow(table=0, priority=0, match={}, actions=[<InstructionApplyAction type=4>])>])>
2021-07-21 01:46:33,396 | 11553 | tracing_net.flowtable.table_repository, add, 88 | DEBUG | Table repo added table <FlowTables(datapath=0, timestamp=1626831993.391277, flows=[<Flow(table=0, priority=1, match={'in_port': {'value': 2, 'mask': None}, 'dl_src': {'value': '86:0c:d8:7b:d2:99', 'mask': None}, 'dl_dst': {'value': '3e:d6:49:94:47:3e', 'mask': None}}, actions=[<InstructionApplyAction type=4>])>, <Flow(table=0, priority=1, match={'in_port': {'value': 1, 'mask': None}, 'dl_src': {'value': '3e:d6:49:94:47:3e', 'mask': None}, 'dl_dst': {'value': '86:0c:d8:7b:d2:99', 'mask': None}}, actions=[<InstructionApplyAction type=4>])>, <Flow(table=0, priority=0, match={}, actions=[<InstructionApplyAction type=4>])>])>
2021-07-21 01:46:33,404 | 11687 | tracing_net.flowtable.flow_monitor, dump_flows, 57 | DEBUG | dump flows on s2
2021-07-21 01:46:33,412 | 11687 | tracing_net.flowtable.flow_monitor, read_dump_flow, 73 | DEBUG | get result for dump flow 1626831993.409315 : ['OFPST_FLOW reply (OF1.3) (xid=0x2):', ' cookie=0x0, duration=3.328s, table=0, n_packets=2, n_bytes=196, priority=1,in_port=2,dl_src=86:0c:d8:7b:d2:99,dl_dst=3e:d6:49:94:47:3e actions=output:1', ' cookie=0x0, duration=3.250s, table=0, n_packets=1, n_bytes=98, priority=1,in_port=1,dl_src=3e:d6:49:94:47:3e,dl_dst=86:0c:d8:7b:d2:99 actions=output:2', ' cookie=0x0, duration=4.543s, table=0, n_packets=9, n_bytes=819, priority=0 actions=CONTROLLER:65535']
2021-07-21 01:46:33,414 | 11687 | tracing_net.flowtable.flow_monitor, read_dump_flow, 78 | DEBUG | parsed result to table 1626831993.409315 : <FlowTables(datapath=0, timestamp=1626831993.409315, flows=[<Flow(table=0, priority=1, match={'in_port': {'value': 2, 'mask': None}, 'dl_src': {'value': '86:0c:d8:7b:d2:99', 'mask': None}, 'dl_dst': {'value': '3e:d6:49:94:47:3e', 'mask': None}}, actions=[<InstructionApplyAction type=4>])>, <Flow(table=0, priority=1, match={'in_port': {'value': 1, 'mask': None}, 'dl_src': {'value': '3e:d6:49:94:47:3e', 'mask': None}, 'dl_dst': {'value': '86:0c:d8:7b:d2:99', 'mask': None}}, actions=[<InstructionApplyAction type=4>])>, <Flow(table=0, priority=0, match={}, actions=[<InstructionApplyAction type=4>])>])>
2021-07-21 01:46:33,414 | 11553 | tracing_net.flowtable.table_repository, add, 88 | DEBUG | Table repo added table <FlowTables(datapath=0, timestamp=1626831993.409315, flows=[<Flow(table=0, priority=1, match={'in_port': {'value': 2, 'mask': None}, 'dl_src': {'value': '86:0c:d8:7b:d2:99', 'mask': None}, 'dl_dst': {'value': '3e:d6:49:94:47:3e', 'mask': None}}, actions=[<InstructionApplyAction type=4>])>, <Flow(table=0, priority=1, match={'in_port': {'value': 1, 'mask': None}, 'dl_src': {'value': '3e:d6:49:94:47:3e', 'mask': None}, 'dl_dst': {'value': '86:0c:d8:7b:d2:99', 'mask': None}}, actions=[<InstructionApplyAction type=4>])>, <Flow(table=0, priority=0, match={}, actions=[<InstructionApplyAction type=4>])>])>
2021-07-21 01:46:34,393 | 11683 | tracing_net.flowtable.flow_monitor, dump_flows, 57 | DEBUG | dump flows on s1
2021-07-21 01:46:34,393 | 11553 | tracing_of_pipeline.analyzer, _poll_packet_inout_repo, 280 | DEBUG | tmp_p = [], s_dpip = 1
2021-07-21 01:46:34,394 | 11553 | tracing_of_pipeline.analyzer, _poll_packet_inout_repo, 280 | DEBUG | tmp_p = [], s_dpip = 2
2021-07-21 01:46:34,396 | 11553 | tracing_of_pipeline.analyzer, _polling, 253 | DEBUG | polled (start_time=1626831984.392773, until=3) values = {'l2': [<Msg captured_interface=s1-eth1, sniff_timestamp=1626831986.3431876, pkt=<ICMPV6_RAW Packet>, in_port=1, in_phy_port=s1-eth1>, <Msg captured_interface=s1-eth1, sniff_timestamp=1626831986.480123, pkt=<UDP/MDNS_RAW Packet>, in_port=1, in_phy_port=s1-eth1>, <Msg captured_interface=s1-eth1, sniff_timestamp=1626831986.803845, pkt=<UDP/MDNS_RAW Packet>, in_port=1, in_phy_port=s1-eth1>, <Msg captured_interface=s1-eth1, sniff_timestamp=1626831987.5017483, pkt=<UDP/MDNS_RAW Packet>, in_port=1, in_phy_port=s1-eth1>, <Msg captured_interface=s1-eth1, sniff_timestamp=1626831988.8264127, pkt=<UDP/MDNS_RAW Packet>, in_port=s1-eth1, in_phy_port=s1-eth1>, <Msg captured_interface=s1-eth1, sniff_timestamp=1626831989.2514193, pkt=<ICMPV6_RAW Packet>, in_port=s1-eth1, in_phy_port=s1-eth1>, <Msg captured_interface=s1-eth1, sniff_timestamp=1626831989.2945168, pkt=<ICMPV6_RAW Packet>, in_port=s1-eth1, in_phy_port=s1-eth1>, <Msg captured_interface=s1-eth1, sniff_timestamp=1626831989.3281898, pkt=<UDP/MDNS_RAW Packet>, in_port=s1-eth1, in_phy_port=s1-eth1>, <Msg captured_interface=s1-eth1, sniff_timestamp=1626831989.5230231, pkt=<UDP/MDNS_RAW Packet>, in_port=s1-eth1, in_phy_port=s1-eth1>, <Msg captured_interface=s1-eth1, sniff_timestamp=1626831989.542398, pkt=<ICMPV6_RAW Packet>, in_port=s1-eth1, in_phy_port=s1-eth1>, <Msg captured_interface=s1-eth1, sniff_timestamp=1626831989.9566143, pkt=<ARP_RAW Packet>, in_port=s1-eth1, in_phy_port=s1-eth1>, <Msg captured_interface=s1-eth1, sniff_timestamp=1626831990.0204654, pkt=<ICMPV6_RAW Packet>, in_port=s1-eth1, in_phy_port=s1-eth1>, <Msg captured_interface=s1-eth1, sniff_timestamp=1626831990.14869, pkt=<ARP_RAW Packet>, in_port=s1-eth1, in_phy_port=s1-eth1>, <Msg captured_interface=s1-eth1, sniff_timestamp=1626831990.1487048, pkt=<ICMP_RAW Packet>, in_port=s1-eth1, in_phy_port=s1-eth1>, <Msg captured_interface=s1-eth1, sniff_timestamp=1626831990.162666, pkt=<ICMP_RAW Packet>, in_port=s1-eth1, in_phy_port=s1-eth1>, <Msg captured_interface=s1-eth1, sniff_timestamp=1626831990.1805117, pkt=<ICMP_RAW Packet>, in_port=s1-eth1, in_phy_port=s1-eth1>, <Msg captured_interface=s1-eth1, sniff_timestamp=1626831990.1805248, pkt=<ICMP_RAW Packet>, in_port=s1-eth1, in_phy_port=s1-eth1>], 'l1': [<Msg captured_interface=s1-eth2, sniff_timestamp=1626831986.2525795, pkt=<UDP/MDNS_RAW Packet>, in_port=s1-eth2, in_phy_port=s1-eth2>, <Msg captured_interface=s1-eth2, sniff_timestamp=1626831986.2752357, pkt=<ICMPV6_RAW Packet>, in_port=s1-eth2, in_phy_port=s1-eth2>, <Msg captured_interface=s1-eth2, sniff_timestamp=1626831986.3112328, pkt=<ICMPV6_RAW Packet>, in_port=s1-eth2, in_phy_port=s1-eth2>, <Msg captured_interface=s1-eth2, sniff_timestamp=1626831986.4072144, pkt=<ICMPV6_RAW Packet>, in_port=s1-eth2, in_phy_port=s1-eth2>, <Msg captured_interface=s1-eth2, sniff_timestamp=1626831986.5284605, pkt=<UDP/MDNS_RAW Packet>, in_port=s1-eth2, in_phy_port=s1-eth2>, <Msg captured_interface=s1-eth2, sniff_timestamp=1626831986.578917, pkt=<UDP/MDNS_RAW Packet>, in_port=s1-eth2, in_phy_port=s1-eth2>, <Msg captured_interface=s1-eth2, sniff_timestamp=1626831987.2513158, pkt=<UDP/MDNS_RAW Packet>, in_port=s1-eth2, in_phy_port=s1-eth2>, <Msg captured_interface=s1-eth2, sniff_timestamp=1626831987.2742624, pkt=<UDP/MDNS_RAW Packet>, in_port=s1-eth2, in_phy_port=s1-eth2>, <Msg captured_interface=s1-eth2, sniff_timestamp=1626831988.5308065, pkt=<UDP/MDNS_RAW Packet>, in_port=s1-eth2, in_phy_port=s1-eth2>, <Msg captured_interface=s1-eth2, sniff_timestamp=1626831988.5903819, pkt=<UDP/MDNS_RAW Packet>, in_port=s1-eth2, in_phy_port=s1-eth2>, <Msg captured_interface=s1-eth2, sniff_timestamp=1626831989.2514002, pkt=<ICMPV6_RAW Packet>, in_port=s1-eth2, in_phy_port=s1-eth2>, <Msg captured_interface=s1-eth2, sniff_timestamp=1626831989.2514124, pkt=<ICMPV6_RAW Packet>, in_port=s1-eth2, in_phy_port=s1-eth2>, <Msg captured_interface=s1-eth2, sniff_timestamp=1626831989.2727003, pkt=<UDP/MDNS_RAW Packet>, in_port=s1-eth2, in_phy_port=s1-eth2>, <Msg captured_interface=s1-eth2, sniff_timestamp=1626831989.2949042, pkt=<ICMPV6_RAW Packet>, in_port=s1-eth2, in_phy_port=s1-eth2>, <Msg captured_interface=s1-eth2, sniff_timestamp=1626831989.2953994, pkt=<UDP/MDNS_RAW Packet>, in_port=s1-eth2, in_phy_port=s1-eth2>, <Msg captured_interface=s1-eth2, sniff_timestamp=1626831989.5193925, pkt=<ICMPV6_RAW Packet>, in_port=s1-eth2, in_phy_port=s1-eth2>, <Msg captured_interface=s1-eth2, sniff_timestamp=1626831989.9850829, pkt=<ARP_RAW Packet>, in_port=s1-eth2, in_phy_port=s1-eth2>, <Msg captured_interface=s1-eth2, sniff_timestamp=1626831990.1104474, pkt=<ARP_RAW Packet>, in_port=s1-eth2, in_phy_port=s1-eth2>, <Msg captured_interface=s1-eth2, sniff_timestamp=1626831990.155814, pkt=<ICMP_RAW Packet>, in_port=s1-eth2, in_phy_port=s1-eth2>, <Msg captured_interface=s1-eth2, sniff_timestamp=1626831990.162605, pkt=<ICMP_RAW Packet>, in_port=s1-eth2, in_phy_port=s1-eth2>, <Msg captured_interface=s1-eth2, sniff_timestamp=1626831990.1805077, pkt=<ICMP_RAW Packet>, in_port=s1-eth2, in_phy_port=s1-eth2>, <Msg captured_interface=s1-eth2, sniff_timestamp=1626831990.1806383, pkt=<ICMP_RAW Packet>, in_port=s1-eth2, in_phy_port=s1-eth2>], 'l3': [<Msg captured_interface=s2-eth2, sniff_timestamp=1626831986.3724613, pkt=<ICMPV6_RAW Packet>, in_port=2, in_phy_port=s2-eth2>, <Msg captured_interface=s2-eth2, sniff_timestamp=1626831986.3724468, pkt=<ICMPV6_RAW Packet>, in_port=2, in_phy_port=s2-eth2>, <Msg captured_interface=s2-eth2, sniff_timestamp=1626831986.5285308, pkt=<UDP/MDNS_RAW Packet>, in_port=2, in_phy_port=s2-eth2>, <Msg captured_interface=s2-eth2, sniff_timestamp=1626831987.2514098, pkt=<UDP/MDNS_RAW Packet>, in_port=2, in_phy_port=s2-eth2>, <Msg captured_interface=s2-eth2, sniff_timestamp=1626831988.53087, pkt=<UDP/MDNS_RAW Packet>, in_port=s2-eth2, in_phy_port=s2-eth2>, <Msg captured_interface=s2-eth2, sniff_timestamp=1626831989.272785, pkt=<UDP/MDNS_RAW Packet>, in_port=s2-eth2, in_phy_port=s2-eth2>, <Msg captured_interface=s2-eth2, sniff_timestamp=1626831989.2977986, pkt=<ICMPV6_RAW Packet>, in_port=s2-eth2, in_phy_port=s2-eth2>, <Msg captured_interface=s2-eth2, sniff_timestamp=1626831989.3484204, pkt=<ICMPV6_RAW Packet>, in_port=s2-eth2, in_phy_port=s2-eth2>, <Msg captured_interface=s2-eth2, sniff_timestamp=1626831989.3484933, pkt=<UDP/MDNS_RAW Packet>, in_port=s2-eth2, in_phy_port=s2-eth2>, <Msg captured_interface=s2-eth2, sniff_timestamp=1626831989.512366, pkt=<ICMPV6_RAW Packet>, in_port=s2-eth2, in_phy_port=s2-eth2>, <Msg captured_interface=s2-eth2, sniff_timestamp=1626831989.769312, pkt=<ICMPV6_RAW Packet>, in_port=s2-eth2, in_phy_port=s2-eth2>, <Msg captured_interface=s2-eth2, sniff_timestamp=1626831990.032365, pkt=<ARP_RAW Packet>, in_port=s2-eth2, in_phy_port=s2-eth2>, <Msg captured_interface=s2-eth2, sniff_timestamp=1626831990.032407, pkt=<ARP_RAW Packet>, in_port=s2-eth2, in_phy_port=s2-eth2>, <Msg captured_interface=s2-eth2, sniff_timestamp=1626831990.1619685, pkt=<ICMP_RAW Packet>, in_port=s2-eth2, in_phy_port=s2-eth2>, <Msg captured_interface=s2-eth2, sniff_timestamp=1626831990.1619945, pkt=<ICMP_RAW Packet>, in_port=s2-eth2, in_phy_port=s2-eth2>, <Msg captured_interface=s2-eth2, sniff_timestamp=1626831990.1804938, pkt=<ICMP_RAW Packet>, in_port=s2-eth2, in_phy_port=s2-eth2>, <Msg captured_interface=s2-eth2, sniff_timestamp=1626831990.1806922, pkt=<ICMP_RAW Packet>, in_port=s2-eth2, in_phy_port=s2-eth2>]} {} {'s1': [<Message msg_name=OFPT_PACKET_IN of_msg=PacketIn(xid=UBInt32(0)) timestamp=1626831989.256043 local_port=50364 datapath_id=1>, <Message msg_name=OFPT_PACKET_OUT of_msg=PacketOut(xid=UBInt32(3233793530)) timestamp=1626831989.296704 local_port=50364 datapath_id=1>, <Message msg_name=OFPT_PACKET_IN of_msg=PacketIn(xid=UBInt32(0)) timestamp=1626831989.30087 local_port=50364 datapath_id=1>, <Message msg_name=OFPT_PACKET_OUT of_msg=PacketOut(xid=UBInt32(3233793532)) timestamp=1626831989.32842 local_port=50364 datapath_id=1>, <Message msg_name=OFPT_PACKET_IN of_msg=PacketIn(xid=UBInt32(0)) timestamp=1626831989.530605 local_port=50364 datapath_id=1>, <Message msg_name=OFPT_PACKET_OUT of_msg=PacketOut(xid=UBInt32(3233793533)) timestamp=1626831989.542569 local_port=50364 datapath_id=1>, <Message msg_name=OFPT_PACKET_IN of_msg=PacketIn(xid=UBInt32(0)) timestamp=1626831989.973813 local_port=50364 datapath_id=1>, <Message msg_name=OFPT_PACKET_OUT of_msg=PacketOut(xid=UBInt32(3233793534)) timestamp=1626831989.984435 local_port=50364 datapath_id=1>, <Message msg_name=OFPT_PACKET_IN of_msg=PacketIn(xid=UBInt32(0)) timestamp=1626831990.133009 local_port=50364 datapath_id=1>], 's2': [<Message msg_name=OFPT_PACKET_IN of_msg=PacketIn(xid=UBInt32(0)) timestamp=1626831989.256299 local_port=50366 datapath_id=2>, <Message msg_name=OFPT_PACKET_OUT of_msg=PacketOut(xid=UBInt32(578206445)) timestamp=1626831989.298276 local_port=50366 datapath_id=2>, <Message msg_name=OFPT_PACKET_IN of_msg=PacketIn(xid=UBInt32(0)) timestamp=1626831989.327038 local_port=50366 datapath_id=2>, <Message msg_name=OFPT_PACKET_OUT of_msg=PacketOut(xid=UBInt32(578206446)) timestamp=1626831989.348316 local_port=50366 datapath_id=2>, <Message msg_name=OFPT_PACKET_IN of_msg=PacketIn(xid=UBInt32(0)) timestamp=1626831989.513189 local_port=50366 datapath_id=2>, <Message msg_name=OFPT_PACKET_OUT of_msg=PacketOut(xid=UBInt32(578206448)) timestamp=1626831989.5196 local_port=50366 datapath_id=2>, <Message msg_name=OFPT_PACKET_IN of_msg=PacketIn(xid=UBInt32(0)) timestamp=1626831990.011406 local_port=50366 datapath_id=2>, <Message msg_name=OFPT_PACKET_OUT of_msg=PacketOut(xid=UBInt32(578206449)) timestamp=1626831990.032193 local_port=50366 datapath_id=2>, <Message msg_name=OFPT_PACKET_IN of_msg=PacketIn(xid=UBInt32(0)) timestamp=1626831990.076988 local_port=50366 datapath_id=2>, <Message msg_name=OFPT_PACKET_OUT of_msg=PacketOut(xid=UBInt32(578206451)) timestamp=1626831990.109861 local_port=50366 datapath_id=2>]}
2021-07-21 01:46:34,397 | 11553 | tracing_of_pipeline.analyzer, analyze, 103 | DEBUG | I will processing packetout(<Message msg_name=OFPT_PACKET_OUT of_msg=PacketOut(xid=UBInt32(3233793530)) timestamp=1626831989.296704 local_port=50364 datapath_id=1>)
2021-07-21 01:46:34,401 | 11687 | tracing_net.flowtable.flow_monitor, dump_flows, 57 | DEBUG | dump flows on s2
2021-07-21 01:46:34,407 | 11683 | tracing_net.flowtable.flow_monitor, read_dump_flow, 73 | DEBUG | get result for dump flow 1626831994.401803 : ['OFPST_FLOW reply (OF1.3) (xid=0x2):', ' cookie=0x0, duration=4.258s, table=0, n_packets=2, n_bytes=196, priority=1,in_port=2,dl_src=86:0c:d8:7b:d2:99,dl_dst=3e:d6:49:94:47:3e actions=output:1', ' cookie=0x0, duration=4.251s, table=0, n_packets=1, n_bytes=98, priority=1,in_port=1,dl_src=3e:d6:49:94:47:3e,dl_dst=86:0c:d8:7b:d2:99 actions=output:2', ' cookie=0x0, duration=5.535s, table=0, n_packets=8, n_bytes=712, priority=0 actions=CONTROLLER:65535']
2021-07-21 01:46:34,412 | 11683 | tracing_net.flowtable.flow_monitor, read_dump_flow, 78 | DEBUG | parsed result to table 1626831994.401803 : <FlowTables(datapath=0, timestamp=1626831994.401803, flows=[<Flow(table=0, priority=1, match={'in_port': {'value': 2, 'mask': None}, 'dl_src': {'value': '86:0c:d8:7b:d2:99', 'mask': None}, 'dl_dst': {'value': '3e:d6:49:94:47:3e', 'mask': None}}, actions=[<InstructionApplyAction type=4>])>, <Flow(table=0, priority=1, match={'in_port': {'value': 1, 'mask': None}, 'dl_src': {'value': '3e:d6:49:94:47:3e', 'mask': None}, 'dl_dst': {'value': '86:0c:d8:7b:d2:99', 'mask': None}}, actions=[<InstructionApplyAction type=4>])>, <Flow(table=0, priority=0, match={}, actions=[<InstructionApplyAction type=4>])>])>
2021-07-21 01:46:34,417 | 11687 | tracing_net.flowtable.flow_monitor, read_dump_flow, 73 | DEBUG | get result for dump flow 1626831994.410015 : ['OFPST_FLOW reply (OF1.3) (xid=0x2):', ' cookie=0x0, duration=4.332s, table=0, n_packets=2, n_bytes=196, priority=1,in_port=2,dl_src=86:0c:d8:7b:d2:99,dl_dst=3e:d6:49:94:47:3e actions=output:1', ' cookie=0x0, duration=4.254s, table=0, n_packets=1, n_bytes=98, priority=1,in_port=1,dl_src=3e:d6:49:94:47:3e,dl_dst=86:0c:d8:7b:d2:99 actions=output:2', ' cookie=0x0, duration=5.547s, table=0, n_packets=9, n_bytes=819, priority=0 actions=CONTROLLER:65535']
2021-07-21 01:46:34,425 | 11553 | tracing_net.flowtable.table_repository, add, 88 | DEBUG | Table repo added table <FlowTables(datapath=0, timestamp=1626831994.401803, flows=[<Flow(table=0, priority=1, match={'in_port': {'value': 2, 'mask': None}, 'dl_src': {'value': '86:0c:d8:7b:d2:99', 'mask': None}, 'dl_dst': {'value': '3e:d6:49:94:47:3e', 'mask': None}}, actions=[<InstructionApplyAction type=4>])>, <Flow(table=0, priority=1, match={'in_port': {'value': 1, 'mask': None}, 'dl_src': {'value': '3e:d6:49:94:47:3e', 'mask': None}, 'dl_dst': {'value': '86:0c:d8:7b:d2:99', 'mask': None}}, actions=[<InstructionApplyAction type=4>])>, <Flow(table=0, priority=0, match={}, actions=[<InstructionApplyAction type=4>])>])>
