2021-11-17 04:47:35,657 | 3787 | tracing_net.net, __init__, 99 | INFO | set up on-demand mininet
2021-11-17 04:47:35,658 | 3787 | tracing_of_pipeline, start, 123 | INFO | OpenFlow Tracer Start
2021-11-17 04:47:35,664 | 3787 | tracing_net.net, start, 312 | INFO | mininet start
2021-11-17 04:47:35,668 | 3787 | tracing_of_pipeline.analyzer, start_analyzing, 141 | INFO | start analyzing interval (start_time = 1637124455.667959, interval = 2)
2021-11-17 04:47:35,671 | 3787 | tracing_net.net, add_switch, 116 | DEBUG | added the switch (s1)
2021-11-17 04:47:35,767 | 3787 | tracing_net.net, add_host, 164 | DEBUG | added the host (h1)
2021-11-17 04:47:35,826 | 3787 | tracing_net.net, add_link, 203 | DEBUG | added the link (l2) between s1 and h1
2021-11-17 04:47:35,891 | 3787 | tracing_net.net, add_switch, 116 | DEBUG | added the switch (s2)
2021-11-17 04:47:35,943 | 3787 | tracing_net.net, add_link, 203 | DEBUG | added the link (l1) between s1 and s2
2021-11-17 04:47:36,060 | 3787 | tracing_net.net, add_host, 164 | DEBUG | added the host (h2)
2021-11-17 04:47:36,095 | 3787 | tracing_net.net, add_link, 203 | DEBUG | added the link (l3) between s2 and h2
2021-11-17 04:47:36,178 | 3787 | tracing_net.net, add_host, 164 | DEBUG | added the host (h3)
2021-11-17 04:47:36,202 | 3787 | tracing_net.net, add_link, 203 | DEBUG | added the link (l4) between s1 and h3
2021-11-17 04:47:36,288 | 3787 | tracing_net.net, start_tracing, 526 | INFO | tracing start
2021-11-17 04:47:36,288 | 3787 | tracing_net.net, start_tracing, 528 | DEBUG | ipv6 is disable
2021-11-17 04:47:36,336 | 3787 | tracing_net.packet_capture_manager, start_capture, 88 | DEBUG | capture process (s1-eth1:3949) started
2021-11-17 04:47:36,340 | 3949 | tracing_net.util.packet_capture, start_capture, 65 | INFO | packet capture start on s1-eth1
2021-11-17 04:47:36,343 | 3787 | tracing_net.packet_capture_manager, start_capture, 88 | DEBUG | capture process (s1-eth2:3951) started
2021-11-17 04:47:36,347 | 3951 | tracing_net.util.packet_capture, start_capture, 65 | INFO | packet capture start on s1-eth2
2021-11-17 04:47:36,357 | 3787 | tracing_net.packet_capture_manager, start_capture, 88 | DEBUG | capture process (s2-eth2:3953) started
2021-11-17 04:47:36,364 | 3953 | tracing_net.util.packet_capture, start_capture, 65 | INFO | packet capture start on s2-eth2
2021-11-17 04:47:36,367 | 3787 | tracing_net.packet_capture_manager, start_capture, 88 | DEBUG | capture process (s1-eth3:3957) started
2021-11-17 04:47:36,371 | 3787 | tracing_net.flowtable.flow_monitor, __init__, 46 | INFO | flow monitor start : s1
2021-11-17 04:47:36,372 | 3957 | tracing_net.util.packet_capture, start_capture, 65 | INFO | packet capture start on s1-eth3
2021-11-17 04:47:36,388 | 3787 | tracing_net.flowtable.flow_monitor, __init__, 46 | INFO | flow monitor start : s2
2021-11-17 04:47:37,408 | 3961 | tracing_net.flowtable.flow_monitor, dump_flows, 57 | DEBUG | exec dump flows on s1
2021-11-17 04:47:37,433 | 3964 | tracing_net.flowtable.flow_monitor, dump_flows, 57 | DEBUG | exec dump flows on s2
2021-11-17 04:47:37,669 | 3787 | tracing_net.packet_repository, pop, 73 | ERROR | Failed to pop from packet repository (repo={})
2021-11-17 04:47:37,670 | 3787 | tracing_net.packet_repository, pop, 73 | ERROR | Failed to pop from packet repository (repo={})
2021-11-17 04:47:37,670 | 3787 | tracing_net.packet_repository, pop, 73 | ERROR | Failed to pop from packet repository (repo={})
2021-11-17 04:47:37,671 | 3787 | tracing_net.packet_repository, pop, 73 | ERROR | Failed to pop from packet repository (repo={})
2021-11-17 04:47:37,672 | 3787 | tracing_of_pipeline.analyzer, _poll_packet_inout_repo, 598 | DEBUG | tmp_p = [], s_dpip = 1
2021-11-17 04:47:37,673 | 3787 | tracing_of_pipeline.analyzer, _poll_packet_inout_repo, 598 | DEBUG | tmp_p = [], s_dpip = 2
2021-11-17 04:47:37,673 | 3787 | tracing_of_pipeline.analyzer, _polling, 551 | DEBUG | polled repository (start_time=1637124455.667959, until=0) values = {'l2': [], 'l1': [], 'l3': [], 'l4': []} {'s1': [], 's2': []}
2021-11-17 04:47:37,673 | 3787 | tracing_of_pipeline.analyzer, analyze, 196 | DEBUG | Analyzing 1... polled repository (count=0)
2021-11-17 04:47:37,674 | 3787 | tracing_of_pipeline.analyzer, analyze, 249 | WARNING | No packet in edge l2
2021-11-17 04:47:37,674 | 3787 | tracing_of_pipeline.analyzer, analyze, 249 | WARNING | No packet in edge l1
2021-11-17 04:47:37,678 | 3787 | tracing_of_pipeline.analyzer, analyze, 249 | WARNING | No packet in edge l3
2021-11-17 04:47:37,686 | 3787 | tracing_of_pipeline.analyzer, analyze, 249 | WARNING | No packet in edge l4
2021-11-17 04:47:38,408 | 3961 | tracing_net.flowtable.flow_monitor, dump_flows, 57 | DEBUG | exec dump flows on s1
2021-11-17 04:47:38,432 | 3964 | tracing_net.flowtable.flow_monitor, dump_flows, 57 | DEBUG | exec dump flows on s2
2021-11-17 04:47:39,408 | 3961 | tracing_net.flowtable.flow_monitor, dump_flows, 57 | DEBUG | exec dump flows on s1
2021-11-17 04:47:39,433 | 3964 | tracing_net.flowtable.flow_monitor, dump_flows, 57 | DEBUG | exec dump flows on s2
2021-11-17 04:47:39,669 | 3787 | tracing_net.packet_repository, pop, 73 | ERROR | Failed to pop from packet repository (repo={})
2021-11-17 04:47:39,670 | 3787 | tracing_net.packet_repository, pop, 73 | ERROR | Failed to pop from packet repository (repo={})
2021-11-17 04:47:39,670 | 3787 | tracing_net.packet_repository, pop, 73 | ERROR | Failed to pop from packet repository (repo={})
2021-11-17 04:47:39,671 | 3787 | tracing_net.packet_repository, pop, 73 | ERROR | Failed to pop from packet repository (repo={})
2021-11-17 04:47:39,673 | 3787 | tracing_of_pipeline.analyzer, _poll_packet_inout_repo, 598 | DEBUG | tmp_p = [], s_dpip = 1
2021-11-17 04:47:39,674 | 3787 | tracing_of_pipeline.analyzer, _poll_packet_inout_repo, 598 | DEBUG | tmp_p = [], s_dpip = 2
2021-11-17 04:47:39,675 | 3787 | tracing_of_pipeline.analyzer, _polling, 551 | DEBUG | polled repository (start_time=1637124455.667959, until=1) values = {'l2': [], 'l1': [], 'l3': [], 'l4': []} {'s1': [], 's2': []}
2021-11-17 04:47:39,675 | 3787 | tracing_of_pipeline.analyzer, analyze, 196 | DEBUG | Analyzing 1... polled repository (count=1)
2021-11-17 04:47:39,676 | 3787 | tracing_of_pipeline.analyzer, analyze, 249 | WARNING | No packet in edge l2
2021-11-17 04:47:39,677 | 3787 | tracing_of_pipeline.analyzer, analyze, 249 | WARNING | No packet in edge l1
2021-11-17 04:47:39,677 | 3787 | tracing_of_pipeline.analyzer, analyze, 249 | WARNING | No packet in edge l3
2021-11-17 04:47:39,677 | 3787 | tracing_of_pipeline.analyzer, analyze, 249 | WARNING | No packet in edge l4
2021-11-17 04:47:40,433 | 3961 | tracing_net.flowtable.flow_monitor, dump_flows, 57 | DEBUG | exec dump flows on s1
2021-11-17 04:47:40,434 | 3964 | tracing_net.flowtable.flow_monitor, dump_flows, 57 | DEBUG | exec dump flows on s2
2021-11-17 04:47:41,408 | 3961 | tracing_net.flowtable.flow_monitor, dump_flows, 57 | DEBUG | exec dump flows on s1
2021-11-17 04:47:41,433 | 3964 | tracing_net.flowtable.flow_monitor, dump_flows, 57 | DEBUG | exec dump flows on s2
2021-11-17 04:47:41,669 | 3787 | tracing_net.packet_repository, pop, 73 | ERROR | Failed to pop from packet repository (repo={})
2021-11-17 04:47:41,670 | 3787 | tracing_net.packet_repository, pop, 73 | ERROR | Failed to pop from packet repository (repo={})
2021-11-17 04:47:41,670 | 3787 | tracing_net.packet_repository, pop, 73 | ERROR | Failed to pop from packet repository (repo={})
2021-11-17 04:47:41,671 | 3787 | tracing_net.packet_repository, pop, 73 | ERROR | Failed to pop from packet repository (repo={})
2021-11-17 04:47:41,673 | 3787 | tracing_of_pipeline.analyzer, _poll_packet_inout_repo, 598 | DEBUG | tmp_p = [], s_dpip = 1
2021-11-17 04:47:41,675 | 3787 | tracing_of_pipeline.analyzer, _poll_packet_inout_repo, 598 | DEBUG | tmp_p = [], s_dpip = 2
2021-11-17 04:47:41,675 | 3787 | tracing_of_pipeline.analyzer, _polling, 551 | DEBUG | polled repository (start_time=1637124455.667959, until=2) values = {'l2': [], 'l1': [], 'l3': [], 'l4': []} {'s1': [], 's2': []}
2021-11-17 04:47:41,675 | 3787 | tracing_of_pipeline.analyzer, analyze, 196 | DEBUG | Analyzing 1... polled repository (count=2)
2021-11-17 04:47:41,676 | 3787 | tracing_of_pipeline.analyzer, analyze, 249 | WARNING | No packet in edge l2
2021-11-17 04:47:41,676 | 3787 | tracing_of_pipeline.analyzer, analyze, 249 | WARNING | No packet in edge l1
2021-11-17 04:47:41,677 | 3787 | tracing_of_pipeline.analyzer, analyze, 249 | WARNING | No packet in edge l3
2021-11-17 04:47:41,677 | 3787 | tracing_of_pipeline.analyzer, analyze, 249 | WARNING | No packet in edge l4
2021-11-17 04:47:42,433 | 3961 | tracing_net.flowtable.flow_monitor, dump_flows, 57 | DEBUG | exec dump flows on s1
2021-11-17 04:47:42,434 | 3964 | tracing_net.flowtable.flow_monitor, dump_flows, 57 | DEBUG | exec dump flows on s2
2021-11-17 04:47:43,410 | 3961 | tracing_net.flowtable.flow_monitor, dump_flows, 57 | DEBUG | exec dump flows on s1
2021-11-17 04:47:43,433 | 3964 | tracing_net.flowtable.flow_monitor, dump_flows, 57 | DEBUG | exec dump flows on s2
2021-11-17 04:47:43,670 | 3787 | tracing_net.packet_repository, pop, 73 | ERROR | Failed to pop from packet repository (repo={})
2021-11-17 04:47:43,675 | 3787 | tracing_net.packet_repository, pop, 73 | ERROR | Failed to pop from packet repository (repo={})
2021-11-17 04:47:43,682 | 3787 | tracing_net.packet_repository, pop, 73 | ERROR | Failed to pop from packet repository (repo={})
2021-11-17 04:47:43,686 | 3787 | tracing_net.packet_repository, pop, 73 | ERROR | Failed to pop from packet repository (repo={})
2021-11-17 04:47:43,690 | 3787 | tracing_of_pipeline.analyzer, _poll_packet_inout_repo, 598 | DEBUG | tmp_p = [], s_dpip = 1
2021-11-17 04:47:43,696 | 3787 | tracing_of_pipeline.analyzer, _poll_packet_inout_repo, 598 | DEBUG | tmp_p = [], s_dpip = 2
2021-11-17 04:47:43,697 | 3787 | tracing_of_pipeline.analyzer, _polling, 551 | DEBUG | polled repository (start_time=1637124455.667959, until=3) values = {'l2': [], 'l1': [], 'l3': [], 'l4': []} {'s1': [], 's2': []}
2021-11-17 04:47:43,698 | 3787 | tracing_of_pipeline.analyzer, analyze, 196 | DEBUG | Analyzing 1... polled repository (count=3)
2021-11-17 04:47:43,699 | 3787 | tracing_of_pipeline.analyzer, analyze, 249 | WARNING | No packet in edge l2
2021-11-17 04:47:43,700 | 3787 | tracing_of_pipeline.analyzer, analyze, 249 | WARNING | No packet in edge l1
2021-11-17 04:47:43,700 | 3787 | tracing_of_pipeline.analyzer, analyze, 249 | WARNING | No packet in edge l3
2021-11-17 04:47:43,701 | 3787 | tracing_of_pipeline.analyzer, analyze, 249 | WARNING | No packet in edge l4
2021-11-17 04:47:44,427 | 3961 | tracing_net.flowtable.flow_monitor, dump_flows, 57 | DEBUG | exec dump flows on s1
2021-11-17 04:47:44,432 | 3964 | tracing_net.flowtable.flow_monitor, dump_flows, 57 | DEBUG | exec dump flows on s2
2021-11-17 04:47:45,424 | 3961 | tracing_net.flowtable.flow_monitor, dump_flows, 57 | DEBUG | exec dump flows on s1
2021-11-17 04:47:45,432 | 3964 | tracing_net.flowtable.flow_monitor, dump_flows, 57 | DEBUG | exec dump flows on s2
2021-11-17 04:47:45,682 | 3787 | tracing_net.packet_repository, pop, 73 | ERROR | Failed to pop from packet repository (repo={'s1-eth1': [<Msg captured_interface=s1-eth1, sniff_timestamp=1637124464.7535996, pkt=<ARP_RAW Packet>, in_port=s1-eth1, in_phy_port=s1-eth1>, <Msg captured_interface=s1-eth1, sniff_timestamp=1637124464.819499, pkt=<ARP_RAW Packet>, in_port=s1-eth1, in_phy_port=s1-eth1>, <Msg captured_interface=s1-eth1, sniff_timestamp=1637124464.8195114, pkt=<ICMP_RAW Packet>, in_port=s1-eth1, in_phy_port=s1-eth1>], 's1-eth3': [<Msg captured_interface=s1-eth3, sniff_timestamp=1637124464.7912922, pkt=<ARP_RAW Packet>, in_port=s1-eth3, in_phy_port=s1-eth3>, <Msg captured_interface=s1-eth3, sniff_timestamp=1637124464.7913315, pkt=<ARP_RAW Packet>, in_port=s1-eth3, in_phy_port=s1-eth3>, <Msg captured_interface=s1-eth3, sniff_timestamp=1637124464.8752944, pkt=<ICMP_RAW Packet>, in_port=s1-eth3, in_phy_port=s1-eth3>]})
2021-11-17 04:47:45,683 | 3787 | tracing_net.packet_repository, pop, 73 | ERROR | Failed to pop from packet repository (repo={'s1-eth1': [<Msg captured_interface=s1-eth1, sniff_timestamp=1637124464.7535996, pkt=<ARP_RAW Packet>, in_port=s1-eth1, in_phy_port=s1-eth1>, <Msg captured_interface=s1-eth1, sniff_timestamp=1637124464.819499, pkt=<ARP_RAW Packet>, in_port=s1-eth1, in_phy_port=s1-eth1>, <Msg captured_interface=s1-eth1, sniff_timestamp=1637124464.8195114, pkt=<ICMP_RAW Packet>, in_port=s1-eth1, in_phy_port=s1-eth1>], 's1-eth3': [<Msg captured_interface=s1-eth3, sniff_timestamp=1637124464.7912922, pkt=<ARP_RAW Packet>, in_port=s1-eth3, in_phy_port=s1-eth3>, <Msg captured_interface=s1-eth3, sniff_timestamp=1637124464.7913315, pkt=<ARP_RAW Packet>, in_port=s1-eth3, in_phy_port=s1-eth3>, <Msg captured_interface=s1-eth3, sniff_timestamp=1637124464.8752944, pkt=<ICMP_RAW Packet>, in_port=s1-eth3, in_phy_port=s1-eth3>]})
2021-11-17 04:47:45,684 | 3787 | tracing_of_pipeline.analyzer, _poll_packet_inout_repo, 598 | DEBUG | tmp_p = [], s_dpip = 1
2021-11-17 04:47:45,685 | 3787 | tracing_of_pipeline.analyzer, _poll_packet_inout_repo, 598 | DEBUG | tmp_p = [], s_dpip = 2
2021-11-17 04:47:45,685 | 3787 | tracing_of_pipeline.analyzer, _polling, 551 | DEBUG | polled repository (start_time=1637124455.667959, until=4) values = {'l2': [], 'l1': [], 'l3': [], 'l4': []} {'s1': [], 's2': []}
2021-11-17 04:47:45,686 | 3787 | tracing_of_pipeline.analyzer, analyze, 196 | DEBUG | Analyzing 1... polled repository (count=4)
2021-11-17 04:47:45,686 | 3787 | tracing_of_pipeline.analyzer, analyze, 249 | WARNING | No packet in edge l2
2021-11-17 04:47:45,686 | 3787 | tracing_of_pipeline.analyzer, analyze, 249 | WARNING | No packet in edge l1
2021-11-17 04:47:45,687 | 3787 | tracing_of_pipeline.analyzer, analyze, 249 | WARNING | No packet in edge l3
2021-11-17 04:47:45,687 | 3787 | tracing_of_pipeline.analyzer, analyze, 249 | WARNING | No packet in edge l4
2021-11-17 04:47:46,420 | 3961 | tracing_net.flowtable.flow_monitor, dump_flows, 57 | DEBUG | exec dump flows on s1
2021-11-17 04:47:46,433 | 3964 | tracing_net.flowtable.flow_monitor, dump_flows, 57 | DEBUG | exec dump flows on s2
2021-11-17 04:47:47,408 | 3961 | tracing_net.flowtable.flow_monitor, dump_flows, 57 | DEBUG | exec dump flows on s1
2021-11-17 04:47:47,433 | 3964 | tracing_net.flowtable.flow_monitor, dump_flows, 57 | DEBUG | exec dump flows on s2
2021-11-17 04:47:47,669 | 3787 | tracing_net.packet_repository, pop, 73 | ERROR | Failed to pop from packet repository (repo={'s1-eth1': [<Msg captured_interface=s1-eth1, sniff_timestamp=1637124464.7535996, pkt=<ARP_RAW Packet>, in_port=s1-eth1, in_phy_port=s1-eth1>, <Msg captured_interface=s1-eth1, sniff_timestamp=1637124464.819499, pkt=<ARP_RAW Packet>, in_port=s1-eth1, in_phy_port=s1-eth1>, <Msg captured_interface=s1-eth1, sniff_timestamp=1637124464.8195114, pkt=<ICMP_RAW Packet>, in_port=s1-eth1, in_phy_port=s1-eth1>], 's1-eth3': [<Msg captured_interface=s1-eth3, sniff_timestamp=1637124464.7912922, pkt=<ARP_RAW Packet>, in_port=s1-eth3, in_phy_port=s1-eth3>, <Msg captured_interface=s1-eth3, sniff_timestamp=1637124464.7913315, pkt=<ARP_RAW Packet>, in_port=s1-eth3, in_phy_port=s1-eth3>, <Msg captured_interface=s1-eth3, sniff_timestamp=1637124464.8752944, pkt=<ICMP_RAW Packet>, in_port=s1-eth3, in_phy_port=s1-eth3>]})
2021-11-17 04:47:47,670 | 3787 | tracing_net.packet_repository, pop, 73 | ERROR | Failed to pop from packet repository (repo={'s1-eth1': [<Msg captured_interface=s1-eth1, sniff_timestamp=1637124464.7535996, pkt=<ARP_RAW Packet>, in_port=s1-eth1, in_phy_port=s1-eth1>, <Msg captured_interface=s1-eth1, sniff_timestamp=1637124464.819499, pkt=<ARP_RAW Packet>, in_port=s1-eth1, in_phy_port=s1-eth1>, <Msg captured_interface=s1-eth1, sniff_timestamp=1637124464.8195114, pkt=<ICMP_RAW Packet>, in_port=s1-eth1, in_phy_port=s1-eth1>], 's1-eth3': [<Msg captured_interface=s1-eth3, sniff_timestamp=1637124464.7912922, pkt=<ARP_RAW Packet>, in_port=s1-eth3, in_phy_port=s1-eth3>, <Msg captured_interface=s1-eth3, sniff_timestamp=1637124464.7913315, pkt=<ARP_RAW Packet>, in_port=s1-eth3, in_phy_port=s1-eth3>, <Msg captured_interface=s1-eth3, sniff_timestamp=1637124464.8752944, pkt=<ICMP_RAW Packet>, in_port=s1-eth3, in_phy_port=s1-eth3>]})
2021-11-17 04:47:47,671 | 3787 | tracing_of_pipeline.analyzer, _poll_packet_inout_repo, 598 | DEBUG | tmp_p = [], s_dpip = 1
2021-11-17 04:47:47,671 | 3787 | tracing_of_pipeline.analyzer, _poll_packet_inout_repo, 598 | DEBUG | tmp_p = [], s_dpip = 2
2021-11-17 04:47:47,672 | 3787 | tracing_of_pipeline.analyzer, _polling, 551 | DEBUG | polled repository (start_time=1637124455.667959, until=5) values = {'l2': [], 'l1': [], 'l3': [], 'l4': []} {'s1': [], 's2': []}
2021-11-17 04:47:47,672 | 3787 | tracing_of_pipeline.analyzer, analyze, 196 | DEBUG | Analyzing 1... polled repository (count=5)
2021-11-17 04:47:47,672 | 3787 | tracing_of_pipeline.analyzer, analyze, 249 | WARNING | No packet in edge l2
2021-11-17 04:47:47,673 | 3787 | tracing_of_pipeline.analyzer, analyze, 249 | WARNING | No packet in edge l1
2021-11-17 04:47:47,673 | 3787 | tracing_of_pipeline.analyzer, analyze, 249 | WARNING | No packet in edge l3
2021-11-17 04:47:47,673 | 3787 | tracing_of_pipeline.analyzer, analyze, 249 | WARNING | No packet in edge l4
2021-11-17 04:47:48,409 | 3961 | tracing_net.flowtable.flow_monitor, dump_flows, 57 | DEBUG | exec dump flows on s1
2021-11-17 04:47:48,433 | 3964 | tracing_net.flowtable.flow_monitor, dump_flows, 57 | DEBUG | exec dump flows on s2
2021-11-17 04:47:49,422 | 3961 | tracing_net.flowtable.flow_monitor, dump_flows, 57 | DEBUG | exec dump flows on s1
2021-11-17 04:47:49,432 | 3964 | tracing_net.flowtable.flow_monitor, dump_flows, 57 | DEBUG | exec dump flows on s2
2021-11-17 04:47:49,678 | 3787 | tracing_net.packet_repository, pop, 73 | ERROR | Failed to pop from packet repository (repo={'s1-eth1': [], 's1-eth3': [<Msg captured_interface=s1-eth3, sniff_timestamp=1637124464.7912922, pkt=<ARP_RAW Packet>, in_port=s1-eth3, in_phy_port=s1-eth3>, <Msg captured_interface=s1-eth3, sniff_timestamp=1637124464.7913315, pkt=<ARP_RAW Packet>, in_port=s1-eth3, in_phy_port=s1-eth3>, <Msg captured_interface=s1-eth3, sniff_timestamp=1637124464.8752944, pkt=<ICMP_RAW Packet>, in_port=s1-eth3, in_phy_port=s1-eth3>]})
2021-11-17 04:47:49,678 | 3787 | tracing_net.packet_repository, pop, 73 | ERROR | Failed to pop from packet repository (repo={'s1-eth1': [], 's1-eth3': [<Msg captured_interface=s1-eth3, sniff_timestamp=1637124464.7912922, pkt=<ARP_RAW Packet>, in_port=s1-eth3, in_phy_port=s1-eth3>, <Msg captured_interface=s1-eth3, sniff_timestamp=1637124464.7913315, pkt=<ARP_RAW Packet>, in_port=s1-eth3, in_phy_port=s1-eth3>, <Msg captured_interface=s1-eth3, sniff_timestamp=1637124464.8752944, pkt=<ICMP_RAW Packet>, in_port=s1-eth3, in_phy_port=s1-eth3>]})
2021-11-17 04:47:49,679 | 3787 | tracing_of_pipeline.analyzer, _poll_packet_inout_repo, 598 | DEBUG | tmp_p = [<Message msg_name=OFPT_PACKET_IN of_msg=PacketIn(xid=UBInt32(0)) timestamp=1637124464.754878 local_port=33308 datapath_id=1>, <Message msg_name=OFPT_PACKET_OUT of_msg=PacketOut(xid=UBInt32(3252196574)) timestamp=1637124464.790989 local_port=33308 datapath_id=1>, <Message msg_name=OFPT_PACKET_IN of_msg=PacketIn(xid=UBInt32(0)) timestamp=1637124464.795641 local_port=33308 datapath_id=1>, <Message msg_name=OFPT_PACKET_OUT of_msg=PacketOut(xid=UBInt32(3252196576)) timestamp=1637124464.81927 local_port=33308 datapath_id=1>, <Message msg_name=OFPT_PACKET_IN of_msg=PacketIn(xid=UBInt32(0)) timestamp=1637124464.845263 local_port=33308 datapath_id=1>, <Message msg_name=OFPT_PACKET_OUT of_msg=PacketOut(xid=UBInt32(3252196578)) timestamp=1637124464.87502 local_port=33308 datapath_id=1>], s_dpip = 1
2021-11-17 04:47:49,683 | 3787 | tracing_of_pipeline.analyzer, _poll_packet_inout_repo, 598 | DEBUG | tmp_p = [<Message msg_name=OFPT_PACKET_IN of_msg=PacketIn(xid=UBInt32(0)) timestamp=1637124464.798421 local_port=33310 datapath_id=2>, <Message msg_name=OFPT_PACKET_OUT of_msg=PacketOut(xid=UBInt32(2965099623)) timestamp=1637124464.842712 local_port=33310 datapath_id=2>], s_dpip = 2
2021-11-17 04:47:49,685 | 3787 | tracing_of_pipeline.analyzer, _polling, 551 | DEBUG | polled repository (start_time=1637124455.667959, until=6) values = {'l2': [<Msg captured_interface=s1-eth1, sniff_timestamp=1637124464.7535996, pkt=<ARP_RAW Packet>, in_port=s1-eth1, in_phy_port=s1-eth1>, <Msg captured_interface=s1-eth1, sniff_timestamp=1637124464.819499, pkt=<ARP_RAW Packet>, in_port=s1-eth1, in_phy_port=s1-eth1>, <Msg captured_interface=s1-eth1, sniff_timestamp=1637124464.8195114, pkt=<ICMP_RAW Packet>, in_port=s1-eth1, in_phy_port=s1-eth1>], 'l1': [], 'l3': [], 'l4': [<Msg captured_interface=s1-eth3, sniff_timestamp=1637124464.7912922, pkt=<ARP_RAW Packet>, in_port=s1-eth3, in_phy_port=s1-eth3>, <Msg captured_interface=s1-eth3, sniff_timestamp=1637124464.7913315, pkt=<ARP_RAW Packet>, in_port=s1-eth3, in_phy_port=s1-eth3>, <Msg captured_interface=s1-eth3, sniff_timestamp=1637124464.8752944, pkt=<ICMP_RAW Packet>, in_port=s1-eth3, in_phy_port=s1-eth3>]} {'s1': [<src.analyzer.ofproto.msg.MsgForOFMsg object at 0x7f364ac26820>, <src.analyzer.ofproto.msg.MsgForOFMsg object at 0x7f364ac26f40>, <src.analyzer.ofproto.msg.MsgForOFMsg object at 0x7f364ac26f70>, <src.analyzer.ofproto.msg.MsgForOFMsg object at 0x7f364ac2b040>, <src.analyzer.ofproto.msg.MsgForOFMsg object at 0x7f364ac2b1c0>, <src.analyzer.ofproto.msg.MsgForOFMsg object at 0x7f364ac2b2b0>], 's2': [<src.analyzer.ofproto.msg.MsgForOFMsg object at 0x7f364ac2b2e0>, <src.analyzer.ofproto.msg.MsgForOFMsg object at 0x7f364ac2b1f0>]}
2021-11-17 04:47:49,685 | 3787 | tracing_of_pipeline.analyzer, analyze, 196 | DEBUG | Analyzing 1... polled repository (count=6)
2021-11-17 04:47:49,686 | 3787 | tracing_of_pipeline.analyzer, analyze, 204 | DEBUG | Analyzing 2... analyze packet out (count=6, target=<src.analyzer.ofproto.msg.MsgForOFMsg object at 0x7f364ac26f40>)
2021-11-17 04:47:49,686 | 3787 | tracing_of_pipeline.analyzer, _analyze_packet_out, 267 | DEBUG | Analyzing 2.1... analyze packet out, get out_ports (count=6, out_ports=[(<PortNo.OFPP_FLOOD: 4294967291>, <src.analyzer.ofproto.msg.MsgForOFMsg object at 0x7f364ac26f40>)])
2021-11-17 04:47:49,687 | 3787 | tracing_of_pipeline.analyzer, _analyze_packet_out, 274 | DEBUG | Analyzing 2.2... get packer msg (count=6, packer msg=[(<PortNo.OFPP_FLOOD: 4294967291>, <src.analyzer.ofproto.msg.MsgForOFMsg object at 0x7f364ac26f40>)])
2021-11-17 04:47:49,689 | 3787 | tracing_of_pipeline.analyzer, _analyze_packet_out, 297 | DEBUG | Analyzing 2.3... get packet (count=6, packet=None)
2021-11-17 04:47:49,689 | 3787 | tracing_of_pipeline.analyzer, _analyze_packet_out, 351 | DEBUG | Analyzing 2.3... cannot pop pakcet (count=6 next_edge=l1 m=<src.analyzer.ofproto.msg.MsgForOFMsg object at 0x7f364ac26f40>)
2021-11-17 04:47:49,690 | 3787 | tracing_of_pipeline.analyzer, analyze, 204 | DEBUG | Analyzing 2... analyze packet out (count=6, target=<src.analyzer.ofproto.msg.MsgForOFMsg object at 0x7f364ac2b040>)
2021-11-17 04:47:49,690 | 3787 | tracing_of_pipeline.analyzer, _analyze_packet_out, 267 | DEBUG | Analyzing 2.1... analyze packet out, get out_ports (count=6, out_ports=[(1, <src.analyzer.ofproto.msg.MsgForOFMsg object at 0x7f364ac2b040>)])
2021-11-17 04:47:49,690 | 3787 | tracing_of_pipeline.analyzer, analyze, 204 | DEBUG | Analyzing 2... analyze packet out (count=6, target=<src.analyzer.ofproto.msg.MsgForOFMsg object at 0x7f364ac2b2b0>)
2021-11-17 04:47:49,691 | 3787 | tracing_of_pipeline.analyzer, _analyze_packet_out, 267 | DEBUG | Analyzing 2.1... analyze packet out, get out_ports (count=6, out_ports=[(3, <src.analyzer.ofproto.msg.MsgForOFMsg object at 0x7f364ac2b2b0>)])
2021-11-17 04:47:49,691 | 3787 | tracing_of_pipeline.analyzer, analyze, 204 | DEBUG | Analyzing 2... analyze packet out (count=6, target=<src.analyzer.ofproto.msg.MsgForOFMsg object at 0x7f364ac2b1f0>)
2021-11-17 04:47:49,691 | 3787 | tracing_of_pipeline.analyzer, _analyze_packet_out, 267 | DEBUG | Analyzing 2.1... analyze packet out, get out_ports (count=6, out_ports=[(<PortNo.OFPP_FLOOD: 4294967291>, <src.analyzer.ofproto.msg.MsgForOFMsg object at 0x7f364ac2b1f0>)])
2021-11-17 04:47:49,692 | 3787 | tracing_of_pipeline.analyzer, _analyze_packet_out, 274 | DEBUG | Analyzing 2.2... get packer msg (count=6, packer msg=[(<PortNo.OFPP_FLOOD: 4294967291>, <src.analyzer.ofproto.msg.MsgForOFMsg object at 0x7f364ac2b1f0>)])
2021-11-17 04:47:49,692 | 3787 | tracing_of_pipeline.analyzer, _analyze_packet_out, 297 | DEBUG | Analyzing 2.3... get packet (count=6, packet=None)
2021-11-17 04:47:49,695 | 3787 | tracing_of_pipeline.analyzer, _analyze_packet_out, 351 | DEBUG | Analyzing 2.3... cannot pop pakcet (count=6 next_edge=l3 m=<src.analyzer.ofproto.msg.MsgForOFMsg object at 0x7f364ac2b1f0>)
2021-11-17 04:47:49,695 | 3787 | tracing_of_pipeline.analyzer, analyze, 217 | DEBUG | Analyzing 3... analyze packet (count=6, target=<Msg captured_interface=s1-eth1, sniff_timestamp=1637124464.7535996, pkt=<ARP_RAW Packet>, in_port=s1-eth1, in_phy_port=s1-eth1>)
2021-11-17 04:47:49,696 | 3787 | tracing_of_pipeline.analyzer, analyze, 224 | DEBUG | Analyzing 3.1... get flowtable (count=6, flow table=<FlowTables(datapath=0, timestamp=1637124460.444377, flows=[<Flow(table=0, priority=0, match={}, actions=[<InstructionApplyAction type=4>])>])>)
2021-11-17 04:47:49,696 | 3787 | tracing_of_pipeline.analyzer, BFS, 383 | DEBUG | Analyzing 4... start BFS (count=6)
2021-11-17 04:47:49,697 | 3787 | tracing_of_pipeline.analyzer, BFS, 390 | DEBUG | Analyzing 4.1... processing msg (count=6, msg=<Msg captured_interface=s1-eth1, sniff_timestamp=1637124464.7535996, pkt=<ARP_RAW Packet>, in_port=1, in_phy_port=s1-eth1>)
2021-11-17 04:47:49,698 | 3787 | tracing_of_pipeline.analyzer, BFS, 402 | DEBUG | Analyzing 4.1... dst_node is FlowTables (count=6)
2021-11-17 04:47:49,700 | 3787 | tracing_of_pipeline.analyzer, BFS, 410 | DEBUG | Analyzing 4.2... After applied pipeline (count=6, out_ports_to_msg=[('65535', <Msg captured_interface=s1-eth1, sniff_timestamp=1637124464.7535996, pkt=<ARP_RAW Packet>, in_port=1, in_phy_port=s1-eth1>)])
2021-11-17 04:47:49,700 | 3787 | tracing_of_pipeline.analyzer, BFS, 428 | DEBUG | Analyzing 4.3... get next of dst_node (count=6, next_switch=controller)
2021-11-17 04:47:49,701 | 3787 | tracing_of_pipeline.analyzer, BFS, 473 | DEBUG | Analyzing 4.4... next switch is controller. Therefore trace is finished. (count=6, next_switch=controller)
2021-11-17 04:47:49,702 | 3787 | tracing_of_pipeline.analyzer, analyze, 231 | DEBUG | Analyzing 5.1... After BFS (count=6, trace=0x00000806 : (h1, s1)(s1, controller))
2021-11-17 04:47:49,703 | 3787 | tracing_of_pipeline.packet_trace_handler, append, 31 | DEBUG | 1637124464.7535996 : 0x00000806 : (h1, s1)(s1, controller)
2021-11-17 04:47:49,704 | 3787 | tracing_net.msg, is_equal_msg, 309 | DEBUG | Packet <Msg captured_interface=s1-eth1, sniff_timestamp=1637124464.7535996, pkt=<ARP_RAW Packet>, in_port=1, in_phy_port=s1-eth1> and packet <Msg captured_interface=s1-eth3, sniff_timestamp=1637124464.7913315, pkt=<ARP_RAW Packet>, in_port=s1-eth3, in_phy_port=s1-eth3> have different eth_dst. (self:ff:ff:ff:ff:ff:ff, other:ca:e5:4d:48:8a:84)
2021-11-17 04:47:49,704 | 3787 | tracing_net.msg, is_equal_msg, 309 | DEBUG | Packet <Msg captured_interface=s1-eth1, sniff_timestamp=1637124464.7535996, pkt=<ARP_RAW Packet>, in_port=1, in_phy_port=s1-eth1> and packet <Msg captured_interface=s1-eth3, sniff_timestamp=1637124464.8752944, pkt=<ICMP_RAW Packet>, in_port=s1-eth3, in_phy_port=s1-eth3> have different eth_dst. (self:ff:ff:ff:ff:ff:ff, other:f6:a0:6f:2f:d9:e7)
2021-11-17 04:47:49,705 | 3787 | tracing_net.msg, is_equal_msg, 309 | DEBUG | Packet <Msg captured_interface=s1-eth1, sniff_timestamp=1637124464.7535996, pkt=<ARP_RAW Packet>, in_port=1, in_phy_port=s1-eth1> and packet <Msg captured_interface=s1-eth1, sniff_timestamp=1637124464.819499, pkt=<ARP_RAW Packet>, in_port=s1-eth1, in_phy_port=s1-eth1> have different eth_dst. (self:ff:ff:ff:ff:ff:ff, other:ca:e5:4d:48:8a:84)
2021-11-17 04:47:49,705 | 3787 | tracing_net.msg, is_equal_msg, 309 | DEBUG | Packet <Msg captured_interface=s1-eth1, sniff_timestamp=1637124464.7535996, pkt=<ARP_RAW Packet>, in_port=1, in_phy_port=s1-eth1> and packet <Msg captured_interface=s1-eth1, sniff_timestamp=1637124464.8195114, pkt=<ICMP_RAW Packet>, in_port=s1-eth1, in_phy_port=s1-eth1> have different eth_dst. (self:ff:ff:ff:ff:ff:ff, other:f6:a0:6f:2f:d9:e7)
2021-11-17 04:47:49,706 | 3787 | tracing_net.msg, is_equal_msg, 309 | DEBUG | Packet <Msg captured_interface=s1-eth1, sniff_timestamp=1637124464.7535996, pkt=<ARP_RAW Packet>, in_port=1, in_phy_port=s1-eth1> and packet <Msg captured_interface=s1-eth3, sniff_timestamp=1637124464.7913315, pkt=<ARP_RAW Packet>, in_port=s1-eth3, in_phy_port=s1-eth3> have different eth_dst. (self:ff:ff:ff:ff:ff:ff, other:ca:e5:4d:48:8a:84)
2021-11-17 04:47:49,706 | 3787 | tracing_net.msg, is_equal_msg, 309 | DEBUG | Packet <Msg captured_interface=s1-eth1, sniff_timestamp=1637124464.7535996, pkt=<ARP_RAW Packet>, in_port=1, in_phy_port=s1-eth1> and packet <Msg captured_interface=s1-eth3, sniff_timestamp=1637124464.8752944, pkt=<ICMP_RAW Packet>, in_port=s1-eth3, in_phy_port=s1-eth3> have different eth_dst. (self:ff:ff:ff:ff:ff:ff, other:f6:a0:6f:2f:d9:e7)
2021-11-17 04:47:49,707 | 3787 | tracing_of_pipeline.analyzer, analyze, 237 | DEBUG | Analyzing 5.2... Trace is finish. (count=6, trace=0x00000806 : (h1, s1)(s1, controller))
2021-11-17 04:47:49,707 | 3787 | tracing_of_pipeline.analyzer, analyze, 217 | DEBUG | Analyzing 3... analyze packet (count=6, target=<Msg captured_interface=s1-eth1, sniff_timestamp=1637124464.8195114, pkt=<ICMP_RAW Packet>, in_port=s1-eth1, in_phy_port=s1-eth1>)
2021-11-17 04:47:49,708 | 3787 | tracing_of_pipeline.analyzer, analyze, 224 | DEBUG | Analyzing 3.1... get flowtable (count=6, flow table=<FlowTables(datapath=0, timestamp=1637124460.444377, flows=[<Flow(table=0, priority=0, match={}, actions=[<InstructionApplyAction type=4>])>])>)
2021-11-17 04:47:49,708 | 3787 | tracing_of_pipeline.analyzer, BFS, 383 | DEBUG | Analyzing 4... start BFS (count=6)
2021-11-17 04:47:49,709 | 3787 | tracing_of_pipeline.analyzer, BFS, 390 | DEBUG | Analyzing 4.1... processing msg (count=6, msg=<Msg captured_interface=s1-eth1, sniff_timestamp=1637124464.8195114, pkt=<ICMP_RAW Packet>, in_port=1, in_phy_port=s1-eth1>)
2021-11-17 04:47:49,710 | 3787 | tracing_of_pipeline.analyzer, BFS, 402 | DEBUG | Analyzing 4.1... dst_node is FlowTables (count=6)
2021-11-17 04:47:49,713 | 3787 | tracing_of_pipeline.analyzer, BFS, 410 | DEBUG | Analyzing 4.2... After applied pipeline (count=6, out_ports_to_msg=[('65535', <Msg captured_interface=s1-eth1, sniff_timestamp=1637124464.8195114, pkt=<ICMP_RAW Packet>, in_port=1, in_phy_port=s1-eth1>)])
2021-11-17 04:47:49,713 | 3787 | tracing_of_pipeline.analyzer, BFS, 428 | DEBUG | Analyzing 4.3... get next of dst_node (count=6, next_switch=controller)
2021-11-17 04:47:49,714 | 3787 | tracing_of_pipeline.analyzer, BFS, 473 | DEBUG | Analyzing 4.4... next switch is controller. Therefore trace is finished. (count=6, next_switch=controller)
2021-11-17 04:47:49,716 | 3787 | tracing_of_pipeline.analyzer, analyze, 231 | DEBUG | Analyzing 5.1... After BFS (count=6, trace=0x00000800 : (h1, s1)(s1, controller))
2021-11-17 04:47:49,716 | 3787 | tracing_of_pipeline.packet_trace_handler, append, 31 | DEBUG | 1637124464.8195114 : 0x00000800 : (h1, s1)(s1, controller)
2021-11-17 04:47:49,716 | 3787 | tracing_net.msg, is_equal_msg, 309 | DEBUG | Packet <Msg captured_interface=s1-eth1, sniff_timestamp=1637124464.8195114, pkt=<ICMP_RAW Packet>, in_port=1, in_phy_port=s1-eth1> and packet <Msg captured_interface=s1-eth1, sniff_timestamp=1637124464.819499, pkt=<ARP_RAW Packet>, in_port=s1-eth1, in_phy_port=s1-eth1> have different eth_dst. (self:f6:a0:6f:2f:d9:e7, other:ca:e5:4d:48:8a:84)
2021-11-17 04:47:49,717 | 3787 | tracing_net.msg, is_equal_msg, 309 | DEBUG | Packet <Msg captured_interface=s1-eth1, sniff_timestamp=1637124464.819499, pkt=<ARP_RAW Packet>, in_port=s1-eth1, in_phy_port=s1-eth1> and packet <Msg captured_interface=s1-eth1, sniff_timestamp=1637124464.8195114, pkt=<ICMP_RAW Packet>, in_port=1, in_phy_port=s1-eth1> have different eth_dst. (self:ca:e5:4d:48:8a:84, other:f6:a0:6f:2f:d9:e7)
2021-11-17 04:47:49,717 | 3787 | tracing_net.msg, is_equal_msg, 309 | DEBUG | Packet <Msg captured_interface=s1-eth1, sniff_timestamp=1637124464.8195114, pkt=<ICMP_RAW Packet>, in_port=1, in_phy_port=s1-eth1> and packet <Msg captured_interface=s1-eth3, sniff_timestamp=1637124464.7912922, pkt=<ARP_RAW Packet>, in_port=s1-eth3, in_phy_port=s1-eth3> have different eth_dst. (self:f6:a0:6f:2f:d9:e7, other:ff:ff:ff:ff:ff:ff)
2021-11-17 04:47:49,718 | 3787 | tracing_net.msg, is_equal_msg, 309 | DEBUG | Packet <Msg captured_interface=s1-eth1, sniff_timestamp=1637124464.8195114, pkt=<ICMP_RAW Packet>, in_port=1, in_phy_port=s1-eth1> and packet <Msg captured_interface=s1-eth3, sniff_timestamp=1637124464.7913315, pkt=<ARP_RAW Packet>, in_port=s1-eth3, in_phy_port=s1-eth3> have different eth_dst. (self:f6:a0:6f:2f:d9:e7, other:ca:e5:4d:48:8a:84)
2021-11-17 04:47:49,718 | 3787 | tracing_net.msg, is_equal_msg, 309 | DEBUG | Packet <Msg captured_interface=s1-eth1, sniff_timestamp=1637124464.8195114, pkt=<ICMP_RAW Packet>, in_port=1, in_phy_port=s1-eth1> and packet <Msg captured_interface=s1-eth1, sniff_timestamp=1637124464.819499, pkt=<ARP_RAW Packet>, in_port=s1-eth1, in_phy_port=s1-eth1> have different eth_dst. (self:f6:a0:6f:2f:d9:e7, other:ca:e5:4d:48:8a:84)
2021-11-17 04:47:49,719 | 3787 | tracing_net.msg, is_equal_msg, 309 | DEBUG | Packet <Msg captured_interface=s1-eth1, sniff_timestamp=1637124464.8195114, pkt=<ICMP_RAW Packet>, in_port=1, in_phy_port=s1-eth1> and packet <Msg captured_interface=s1-eth3, sniff_timestamp=1637124464.7912922, pkt=<ARP_RAW Packet>, in_port=s1-eth3, in_phy_port=s1-eth3> have different eth_dst. (self:f6:a0:6f:2f:d9:e7, other:ff:ff:ff:ff:ff:ff)
2021-11-17 04:47:49,719 | 3787 | tracing_net.msg, is_equal_msg, 309 | DEBUG | Packet <Msg captured_interface=s1-eth1, sniff_timestamp=1637124464.8195114, pkt=<ICMP_RAW Packet>, in_port=1, in_phy_port=s1-eth1> and packet <Msg captured_interface=s1-eth3, sniff_timestamp=1637124464.7913315, pkt=<ARP_RAW Packet>, in_port=s1-eth3, in_phy_port=s1-eth3> have different eth_dst. (self:f6:a0:6f:2f:d9:e7, other:ca:e5:4d:48:8a:84)
2021-11-17 04:47:49,720 | 3787 | tracing_of_pipeline.analyzer, analyze, 237 | DEBUG | Analyzing 5.2... Trace is finish. (count=6, trace=0x00000800 : (h1, s1)(s1, controller))
2021-11-17 04:47:49,720 | 3787 | tracing_of_pipeline.analyzer, analyze, 249 | WARNING | No packet in edge l1
2021-11-17 04:47:49,720 | 3787 | tracing_of_pipeline.analyzer, analyze, 249 | WARNING | No packet in edge l3
2021-11-17 04:47:49,721 | 3787 | tracing_of_pipeline.analyzer, analyze, 217 | DEBUG | Analyzing 3... analyze packet (count=6, target=<Msg captured_interface=s1-eth3, sniff_timestamp=1637124464.7912922, pkt=<ARP_RAW Packet>, in_port=s1-eth3, in_phy_port=s1-eth3>)
2021-11-17 04:47:49,721 | 3787 | tracing_of_pipeline.analyzer, analyze, 224 | DEBUG | Analyzing 3.1... get flowtable (count=6, flow table=<FlowTables(datapath=0, timestamp=1637124460.444377, flows=[<Flow(table=0, priority=0, match={}, actions=[<InstructionApplyAction type=4>])>])>)
2021-11-17 04:47:49,721 | 3787 | tracing_of_pipeline.analyzer, BFS, 383 | DEBUG | Analyzing 4... start BFS (count=6)
2021-11-17 04:47:49,722 | 3787 | tracing_of_pipeline.analyzer, BFS, 390 | DEBUG | Analyzing 4.1... processing msg (count=6, msg=<Msg captured_interface=s1-eth3, sniff_timestamp=1637124464.7912922, pkt=<ARP_RAW Packet>, in_port=3, in_phy_port=s1-eth3>)
2021-11-17 04:47:49,723 | 3787 | tracing_of_pipeline.analyzer, BFS, 402 | DEBUG | Analyzing 4.1... dst_node is FlowTables (count=6)
2021-11-17 04:47:49,725 | 3787 | tracing_of_pipeline.analyzer, BFS, 410 | DEBUG | Analyzing 4.2... After applied pipeline (count=6, out_ports_to_msg=[('65535', <Msg captured_interface=s1-eth3, sniff_timestamp=1637124464.7912922, pkt=<ARP_RAW Packet>, in_port=3, in_phy_port=s1-eth3>)])
2021-11-17 04:47:49,725 | 3787 | tracing_of_pipeline.analyzer, BFS, 428 | DEBUG | Analyzing 4.3... get next of dst_node (count=6, next_switch=controller)
2021-11-17 04:47:49,726 | 3787 | tracing_of_pipeline.analyzer, BFS, 473 | DEBUG | Analyzing 4.4... next switch is controller. Therefore trace is finished. (count=6, next_switch=controller)
2021-11-17 04:47:49,727 | 3787 | tracing_of_pipeline.analyzer, analyze, 231 | DEBUG | Analyzing 5.1... After BFS (count=6, trace=0x00000806 : (h3, s1)(s1, controller))
2021-11-17 04:47:49,728 | 3787 | tracing_of_pipeline.packet_trace_handler, append, 31 | DEBUG | 1637124464.7912922 : 0x00000806 : (h3, s1)(s1, controller)
2021-11-17 04:47:49,728 | 3787 | tracing_net.msg, is_equal_msg, 309 | DEBUG | Packet <Msg captured_interface=s1-eth3, sniff_timestamp=1637124464.7912922, pkt=<ARP_RAW Packet>, in_port=3, in_phy_port=s1-eth3> and packet <Msg captured_interface=s1-eth1, sniff_timestamp=1637124464.819499, pkt=<ARP_RAW Packet>, in_port=s1-eth1, in_phy_port=s1-eth1> have different eth_dst. (self:ff:ff:ff:ff:ff:ff, other:ca:e5:4d:48:8a:84)
2021-11-17 04:47:49,729 | 3787 | tracing_net.msg, is_equal_msg, 309 | DEBUG | Packet <Msg captured_interface=s1-eth3, sniff_timestamp=1637124464.7912922, pkt=<ARP_RAW Packet>, in_port=3, in_phy_port=s1-eth3> and packet <Msg captured_interface=s1-eth1, sniff_timestamp=1637124464.819499, pkt=<ARP_RAW Packet>, in_port=s1-eth1, in_phy_port=s1-eth1> have different eth_dst. (self:ff:ff:ff:ff:ff:ff, other:ca:e5:4d:48:8a:84)
2021-11-17 04:47:49,729 | 3787 | tracing_net.msg, is_equal_msg, 309 | DEBUG | Packet <Msg captured_interface=s1-eth3, sniff_timestamp=1637124464.7912922, pkt=<ARP_RAW Packet>, in_port=3, in_phy_port=s1-eth3> and packet <Msg captured_interface=s1-eth3, sniff_timestamp=1637124464.7913315, pkt=<ARP_RAW Packet>, in_port=s1-eth3, in_phy_port=s1-eth3> have different eth_dst. (self:ff:ff:ff:ff:ff:ff, other:ca:e5:4d:48:8a:84)
2021-11-17 04:47:49,730 | 3787 | tracing_net.msg, is_equal_msg, 309 | DEBUG | Packet <Msg captured_interface=s1-eth3, sniff_timestamp=1637124464.7912922, pkt=<ARP_RAW Packet>, in_port=3, in_phy_port=s1-eth3> and packet <Msg captured_interface=s1-eth3, sniff_timestamp=1637124464.8752944, pkt=<ICMP_RAW Packet>, in_port=s1-eth3, in_phy_port=s1-eth3> have different eth_dst. (self:ff:ff:ff:ff:ff:ff, other:f6:a0:6f:2f:d9:e7)
2021-11-17 04:47:49,730 | 3787 | tracing_of_pipeline.analyzer, analyze, 237 | DEBUG | Analyzing 5.2... Trace is finish. (count=6, trace=0x00000806 : (h3, s1)(s1, controller))
2021-11-17 04:47:49,730 | 3787 | tracing_of_pipeline.analyzer, analyze, 217 | DEBUG | Analyzing 3... analyze packet (count=6, target=<Msg captured_interface=s1-eth3, sniff_timestamp=1637124464.8752944, pkt=<ICMP_RAW Packet>, in_port=s1-eth3, in_phy_port=s1-eth3>)
2021-11-17 04:47:49,731 | 3787 | tracing_of_pipeline.analyzer, analyze, 224 | DEBUG | Analyzing 3.1... get flowtable (count=6, flow table=<FlowTables(datapath=0, timestamp=1637124460.444377, flows=[<Flow(table=0, priority=0, match={}, actions=[<InstructionApplyAction type=4>])>])>)
2021-11-17 04:47:49,731 | 3787 | tracing_of_pipeline.analyzer, BFS, 383 | DEBUG | Analyzing 4... start BFS (count=6)
2021-11-17 04:47:49,731 | 3787 | tracing_of_pipeline.analyzer, BFS, 390 | DEBUG | Analyzing 4.1... processing msg (count=6, msg=<Msg captured_interface=s1-eth3, sniff_timestamp=1637124464.8752944, pkt=<ICMP_RAW Packet>, in_port=3, in_phy_port=s1-eth3>)
2021-11-17 04:47:49,733 | 3787 | tracing_of_pipeline.analyzer, BFS, 402 | DEBUG | Analyzing 4.1... dst_node is FlowTables (count=6)
2021-11-17 04:47:49,735 | 3787 | tracing_of_pipeline.analyzer, BFS, 410 | DEBUG | Analyzing 4.2... After applied pipeline (count=6, out_ports_to_msg=[('65535', <Msg captured_interface=s1-eth3, sniff_timestamp=1637124464.8752944, pkt=<ICMP_RAW Packet>, in_port=3, in_phy_port=s1-eth3>)])
2021-11-17 04:47:49,736 | 3787 | tracing_of_pipeline.analyzer, BFS, 428 | DEBUG | Analyzing 4.3... get next of dst_node (count=6, next_switch=controller)
2021-11-17 04:47:49,736 | 3787 | tracing_of_pipeline.analyzer, BFS, 473 | DEBUG | Analyzing 4.4... next switch is controller. Therefore trace is finished. (count=6, next_switch=controller)
2021-11-17 04:47:49,738 | 3787 | tracing_of_pipeline.analyzer, analyze, 231 | DEBUG | Analyzing 5.1... After BFS (count=6, trace=0x00000800 : (h3, s1)(s1, controller))
2021-11-17 04:47:49,739 | 3787 | tracing_of_pipeline.packet_trace_handler, append, 31 | DEBUG | 1637124464.8752944 : 0x00000800 : (h3, s1)(s1, controller)
2021-11-17 04:47:49,739 | 3787 | tracing_net.msg, is_equal_msg, 309 | DEBUG | Packet <Msg captured_interface=s1-eth3, sniff_timestamp=1637124464.8752944, pkt=<ICMP_RAW Packet>, in_port=3, in_phy_port=s1-eth3> and packet <Msg captured_interface=s1-eth1, sniff_timestamp=1637124464.819499, pkt=<ARP_RAW Packet>, in_port=s1-eth1, in_phy_port=s1-eth1> have different eth_dst. (self:f6:a0:6f:2f:d9:e7, other:ca:e5:4d:48:8a:84)
2021-11-17 04:47:49,740 | 3787 | tracing_net.msg, is_equal_msg, 309 | DEBUG | Packet <Msg captured_interface=s1-eth3, sniff_timestamp=1637124464.8752944, pkt=<ICMP_RAW Packet>, in_port=3, in_phy_port=s1-eth3> and packet <Msg captured_interface=s1-eth3, sniff_timestamp=1637124464.7913315, pkt=<ARP_RAW Packet>, in_port=s1-eth3, in_phy_port=s1-eth3> have different eth_dst. (self:f6:a0:6f:2f:d9:e7, other:ca:e5:4d:48:8a:84)
2021-11-17 04:47:49,741 | 3787 | tracing_net.msg, is_equal_msg, 309 | DEBUG | Packet <Msg captured_interface=s1-eth3, sniff_timestamp=1637124464.7913315, pkt=<ARP_RAW Packet>, in_port=s1-eth3, in_phy_port=s1-eth3> and packet <Msg captured_interface=s1-eth3, sniff_timestamp=1637124464.8752944, pkt=<ICMP_RAW Packet>, in_port=3, in_phy_port=s1-eth3> have different eth_dst. (self:ca:e5:4d:48:8a:84, other:f6:a0:6f:2f:d9:e7)
2021-11-17 04:47:49,742 | 3787 | tracing_net.msg, is_equal_msg, 309 | DEBUG | Packet <Msg captured_interface=s1-eth3, sniff_timestamp=1637124464.8752944, pkt=<ICMP_RAW Packet>, in_port=3, in_phy_port=s1-eth3> and packet <Msg captured_interface=s1-eth1, sniff_timestamp=1637124464.819499, pkt=<ARP_RAW Packet>, in_port=s1-eth1, in_phy_port=s1-eth1> have different eth_dst. (self:f6:a0:6f:2f:d9:e7, other:ca:e5:4d:48:8a:84)
2021-11-17 04:47:49,742 | 3787 | tracing_net.msg, is_equal_msg, 309 | DEBUG | Packet <Msg captured_interface=s1-eth3, sniff_timestamp=1637124464.8752944, pkt=<ICMP_RAW Packet>, in_port=3, in_phy_port=s1-eth3> and packet <Msg captured_interface=s1-eth3, sniff_timestamp=1637124464.7913315, pkt=<ARP_RAW Packet>, in_port=s1-eth3, in_phy_port=s1-eth3> have different eth_dst. (self:f6:a0:6f:2f:d9:e7, other:ca:e5:4d:48:8a:84)
2021-11-17 04:47:49,743 | 3787 | tracing_of_pipeline.analyzer, analyze, 237 | DEBUG | Analyzing 5.2... Trace is finish. (count=6, trace=0x00000800 : (h3, s1)(s1, controller))
2021-11-17 04:47:50,415 | 3961 | tracing_net.flowtable.flow_monitor, dump_flows, 57 | DEBUG | exec dump flows on s1
2021-11-17 04:47:50,432 | 3964 | tracing_net.flowtable.flow_monitor, dump_flows, 57 | DEBUG | exec dump flows on s2
2021-11-17 04:47:51,408 | 3961 | tracing_net.flowtable.flow_monitor, dump_flows, 57 | DEBUG | exec dump flows on s1
2021-11-17 04:47:51,433 | 3964 | tracing_net.flowtable.flow_monitor, dump_flows, 57 | DEBUG | exec dump flows on s2
2021-11-17 04:47:51,670 | 3787 | tracing_net.packet_repository, pop, 73 | ERROR | Failed to pop from packet repository (repo={'s1-eth1': [<Msg captured_interface=s1-eth1, sniff_timestamp=1637124470.0622153, pkt=<ARP_RAW Packet>, in_port=s1-eth1, in_phy_port=s1-eth1>], 's1-eth3': [<Msg captured_interface=s1-eth3, sniff_timestamp=1637124464.8753295, pkt=<ICMP_RAW Packet>, in_port=s1-eth3, in_phy_port=s1-eth3>, <Msg captured_interface=s1-eth3, sniff_timestamp=1637124470.061959, pkt=<ARP_RAW Packet>, in_port=s1-eth3, in_phy_port=s1-eth3>]})
2021-11-17 04:47:51,671 | 3787 | tracing_net.packet_repository, pop, 73 | ERROR | Failed to pop from packet repository (repo={'s1-eth1': [<Msg captured_interface=s1-eth1, sniff_timestamp=1637124470.0622153, pkt=<ARP_RAW Packet>, in_port=s1-eth1, in_phy_port=s1-eth1>], 's1-eth3': [<Msg captured_interface=s1-eth3, sniff_timestamp=1637124464.8753295, pkt=<ICMP_RAW Packet>, in_port=s1-eth3, in_phy_port=s1-eth3>, <Msg captured_interface=s1-eth3, sniff_timestamp=1637124470.061959, pkt=<ARP_RAW Packet>, in_port=s1-eth3, in_phy_port=s1-eth3>]})
2021-11-17 04:47:51,672 | 3787 | tracing_of_pipeline.analyzer, _poll_packet_inout_repo, 598 | DEBUG | tmp_p = [], s_dpip = 1
2021-11-17 04:47:51,672 | 3787 | tracing_of_pipeline.analyzer, _poll_packet_inout_repo, 598 | DEBUG | tmp_p = [], s_dpip = 2
2021-11-17 04:47:51,673 | 3787 | tracing_of_pipeline.analyzer, _polling, 551 | DEBUG | polled repository (start_time=1637124455.667959, until=7) values = {'l2': [<Msg captured_interface=s1-eth1, sniff_timestamp=1637124464.819499, pkt=<ARP_RAW Packet>, in_port=s1-eth1, in_phy_port=s1-eth1>, <Msg captured_interface=s1-eth1, sniff_timestamp=1637124464.8754168, pkt=<ICMP_RAW Packet>, in_port=s1-eth1, in_phy_port=s1-eth1>], 'l1': [], 'l3': [], 'l4': [<Msg captured_interface=s1-eth3, sniff_timestamp=1637124464.7913315, pkt=<ARP_RAW Packet>, in_port=s1-eth3, in_phy_port=s1-eth3>, <Msg captured_interface=s1-eth3, sniff_timestamp=1637124464.8753295, pkt=<ICMP_RAW Packet>, in_port=s1-eth3, in_phy_port=s1-eth3>]} {'s1': [<src.analyzer.ofproto.msg.MsgForOFMsg object at 0x7f364ac26820>, <src.analyzer.ofproto.msg.MsgForOFMsg object at 0x7f364ac26f40>, <src.analyzer.ofproto.msg.MsgForOFMsg object at 0x7f364ac26f70>, <src.analyzer.ofproto.msg.MsgForOFMsg object at 0x7f364ac2b040>, <src.analyzer.ofproto.msg.MsgForOFMsg object at 0x7f364ac2b1c0>, <src.analyzer.ofproto.msg.MsgForOFMsg object at 0x7f364ac2b2b0>], 's2': [<src.analyzer.ofproto.msg.MsgForOFMsg object at 0x7f364ac2b2e0>, <src.analyzer.ofproto.msg.MsgForOFMsg object at 0x7f364ac2b1f0>]}
2021-11-17 04:47:51,674 | 3787 | tracing_of_pipeline.analyzer, analyze, 196 | DEBUG | Analyzing 1... polled repository (count=7)
2021-11-17 04:47:51,675 | 3787 | tracing_of_pipeline.analyzer, analyze, 204 | DEBUG | Analyzing 2... analyze packet out (count=7, target=<src.analyzer.ofproto.msg.MsgForOFMsg object at 0x7f364ac26f40>)
2021-11-17 04:47:51,675 | 3787 | tracing_of_pipeline.analyzer, _analyze_packet_out, 267 | DEBUG | Analyzing 2.1... analyze packet out, get out_ports (count=7, out_ports=[(<PortNo.OFPP_FLOOD: 4294967291>, <src.analyzer.ofproto.msg.MsgForOFMsg object at 0x7f364ac26f40>)])
2021-11-17 04:47:51,676 | 3787 | tracing_of_pipeline.analyzer, _analyze_packet_out, 274 | DEBUG | Analyzing 2.2... get packer msg (count=7, packer msg=[(<PortNo.OFPP_FLOOD: 4294967291>, <src.analyzer.ofproto.msg.MsgForOFMsg object at 0x7f364ac26f40>)])
2021-11-17 04:47:51,676 | 3787 | tracing_of_pipeline.analyzer, _analyze_packet_out, 297 | DEBUG | Analyzing 2.3... get packet (count=7, packet=None)
2021-11-17 04:47:51,677 | 3787 | tracing_of_pipeline.analyzer, _analyze_packet_out, 351 | DEBUG | Analyzing 2.3... cannot pop pakcet (count=7 next_edge=l1 m=<src.analyzer.ofproto.msg.MsgForOFMsg object at 0x7f364ac26f40>)
2021-11-17 04:47:51,677 | 3787 | tracing_of_pipeline.analyzer, analyze, 204 | DEBUG | Analyzing 2... analyze packet out (count=7, target=<src.analyzer.ofproto.msg.MsgForOFMsg object at 0x7f364ac2b040>)
2021-11-17 04:47:51,678 | 3787 | tracing_of_pipeline.analyzer, _analyze_packet_out, 267 | DEBUG | Analyzing 2.1... analyze packet out, get out_ports (count=7, out_ports=[(1, <src.analyzer.ofproto.msg.MsgForOFMsg object at 0x7f364ac2b040>)])
2021-11-17 04:47:51,678 | 3787 | tracing_of_pipeline.analyzer, analyze, 204 | DEBUG | Analyzing 2... analyze packet out (count=7, target=<src.analyzer.ofproto.msg.MsgForOFMsg object at 0x7f364ac2b2b0>)
2021-11-17 04:47:51,679 | 3787 | tracing_of_pipeline.analyzer, _analyze_packet_out, 267 | DEBUG | Analyzing 2.1... analyze packet out, get out_ports (count=7, out_ports=[(3, <src.analyzer.ofproto.msg.MsgForOFMsg object at 0x7f364ac2b2b0>)])
2021-11-17 04:47:51,680 | 3787 | tracing_of_pipeline.analyzer, analyze, 204 | DEBUG | Analyzing 2... analyze packet out (count=7, target=<src.analyzer.ofproto.msg.MsgForOFMsg object at 0x7f364ac2b1f0>)
2021-11-17 04:47:51,680 | 3787 | tracing_of_pipeline.analyzer, _analyze_packet_out, 267 | DEBUG | Analyzing 2.1... analyze packet out, get out_ports (count=7, out_ports=[(<PortNo.OFPP_FLOOD: 4294967291>, <src.analyzer.ofproto.msg.MsgForOFMsg object at 0x7f364ac2b1f0>)])
2021-11-17 04:47:51,681 | 3787 | tracing_of_pipeline.analyzer, _analyze_packet_out, 274 | DEBUG | Analyzing 2.2... get packer msg (count=7, packer msg=[(<PortNo.OFPP_FLOOD: 4294967291>, <src.analyzer.ofproto.msg.MsgForOFMsg object at 0x7f364ac2b1f0>)])
2021-11-17 04:47:51,681 | 3787 | tracing_of_pipeline.analyzer, _analyze_packet_out, 297 | DEBUG | Analyzing 2.3... get packet (count=7, packet=None)
2021-11-17 04:47:51,682 | 3787 | tracing_of_pipeline.analyzer, _analyze_packet_out, 351 | DEBUG | Analyzing 2.3... cannot pop pakcet (count=7 next_edge=l3 m=<src.analyzer.ofproto.msg.MsgForOFMsg object at 0x7f364ac2b1f0>)
2021-11-17 04:47:51,682 | 3787 | tracing_of_pipeline.analyzer, analyze, 217 | DEBUG | Analyzing 3... analyze packet (count=7, target=<Msg captured_interface=s1-eth1, sniff_timestamp=1637124464.819499, pkt=<ARP_RAW Packet>, in_port=s1-eth1, in_phy_port=s1-eth1>)
2021-11-17 04:47:51,683 | 3787 | tracing_of_pipeline.analyzer, analyze, 224 | DEBUG | Analyzing 3.1... get flowtable (count=7, flow table=<FlowTables(datapath=0, timestamp=1637124460.444377, flows=[<Flow(table=0, priority=0, match={}, actions=[<InstructionApplyAction type=4>])>])>)
2021-11-17 04:47:51,683 | 3787 | tracing_of_pipeline.analyzer, BFS, 383 | DEBUG | Analyzing 4... start BFS (count=7)
2021-11-17 04:47:51,684 | 3787 | tracing_of_pipeline.analyzer, BFS, 390 | DEBUG | Analyzing 4.1... processing msg (count=7, msg=<Msg captured_interface=s1-eth1, sniff_timestamp=1637124464.819499, pkt=<ARP_RAW Packet>, in_port=1, in_phy_port=s1-eth1>)
2021-11-17 04:47:51,686 | 3787 | tracing_of_pipeline.analyzer, BFS, 402 | DEBUG | Analyzing 4.1... dst_node is FlowTables (count=7)
2021-11-17 04:47:51,689 | 3787 | tracing_of_pipeline.analyzer, BFS, 410 | DEBUG | Analyzing 4.2... After applied pipeline (count=7, out_ports_to_msg=[('65535', <Msg captured_interface=s1-eth1, sniff_timestamp=1637124464.819499, pkt=<ARP_RAW Packet>, in_port=1, in_phy_port=s1-eth1>)])
2021-11-17 04:47:51,690 | 3787 | tracing_of_pipeline.analyzer, BFS, 428 | DEBUG | Analyzing 4.3... get next of dst_node (count=7, next_switch=controller)
2021-11-17 04:47:51,691 | 3787 | tracing_of_pipeline.analyzer, BFS, 473 | DEBUG | Analyzing 4.4... next switch is controller. Therefore trace is finished. (count=7, next_switch=controller)
2021-11-17 04:47:51,692 | 3787 | tracing_of_pipeline.analyzer, analyze, 231 | DEBUG | Analyzing 5.1... After BFS (count=7, trace=0x00000806 : (h1, s1)(s1, controller))
2021-11-17 04:47:51,693 | 3787 | tracing_of_pipeline.packet_trace_handler, append, 31 | DEBUG | 1637124464.819499 : 0x00000806 : (h1, s1)(s1, controller)
2021-11-17 04:47:51,694 | 3787 | tracing_net.msg, is_equal_msg, 309 | DEBUG | Packet <Msg captured_interface=s1-eth1, sniff_timestamp=1637124464.819499, pkt=<ARP_RAW Packet>, in_port=1, in_phy_port=s1-eth1> and packet <Msg captured_interface=s1-eth3, sniff_timestamp=1637124464.8753295, pkt=<ICMP_RAW Packet>, in_port=s1-eth3, in_phy_port=s1-eth3> have different eth_type. (self:2054, other:2048)
2021-11-17 04:47:51,694 | 3787 | tracing_net.msg, is_equal_msg, 309 | DEBUG | Packet <Msg captured_interface=s1-eth1, sniff_timestamp=1637124464.819499, pkt=<ARP_RAW Packet>, in_port=1, in_phy_port=s1-eth1> and packet <Msg captured_interface=s1-eth1, sniff_timestamp=1637124464.8754168, pkt=<ICMP_RAW Packet>, in_port=s1-eth1, in_phy_port=s1-eth1> have different eth_type. (self:2054, other:2048)
2021-11-17 04:47:51,695 | 3787 | tracing_net.msg, is_equal_msg, 309 | DEBUG | Packet <Msg captured_interface=s1-eth1, sniff_timestamp=1637124464.819499, pkt=<ARP_RAW Packet>, in_port=1, in_phy_port=s1-eth1> and packet <Msg captured_interface=s1-eth3, sniff_timestamp=1637124464.8753295, pkt=<ICMP_RAW Packet>, in_port=s1-eth3, in_phy_port=s1-eth3> have different eth_type. (self:2054, other:2048)
2021-11-17 04:47:51,695 | 3787 | tracing_of_pipeline.analyzer, analyze, 237 | DEBUG | Analyzing 5.2... Trace is finish. (count=7, trace=0x00000806 : (h1, s1)(s1, controller))
2021-11-17 04:47:51,696 | 3787 | tracing_of_pipeline.analyzer, analyze, 249 | WARNING | No packet in edge l1
2021-11-17 04:47:51,696 | 3787 | tracing_of_pipeline.analyzer, analyze, 249 | WARNING | No packet in edge l3
2021-11-17 04:47:51,697 | 3787 | tracing_of_pipeline.analyzer, analyze, 217 | DEBUG | Analyzing 3... analyze packet (count=7, target=<Msg captured_interface=s1-eth3, sniff_timestamp=1637124464.7913315, pkt=<ARP_RAW Packet>, in_port=s1-eth3, in_phy_port=s1-eth3>)
2021-11-17 04:47:51,698 | 3787 | tracing_of_pipeline.analyzer, analyze, 224 | DEBUG | Analyzing 3.1... get flowtable (count=7, flow table=<FlowTables(datapath=0, timestamp=1637124460.444377, flows=[<Flow(table=0, priority=0, match={}, actions=[<InstructionApplyAction type=4>])>])>)
2021-11-17 04:47:51,698 | 3787 | tracing_of_pipeline.analyzer, BFS, 383 | DEBUG | Analyzing 4... start BFS (count=7)
2021-11-17 04:47:51,699 | 3787 | tracing_of_pipeline.analyzer, BFS, 390 | DEBUG | Analyzing 4.1... processing msg (count=7, msg=<Msg captured_interface=s1-eth3, sniff_timestamp=1637124464.7913315, pkt=<ARP_RAW Packet>, in_port=3, in_phy_port=s1-eth3>)
2021-11-17 04:47:51,701 | 3787 | tracing_of_pipeline.analyzer, BFS, 402 | DEBUG | Analyzing 4.1... dst_node is FlowTables (count=7)
2021-11-17 04:47:51,703 | 3787 | tracing_of_pipeline.analyzer, BFS, 410 | DEBUG | Analyzing 4.2... After applied pipeline (count=7, out_ports_to_msg=[('65535', <Msg captured_interface=s1-eth3, sniff_timestamp=1637124464.7913315, pkt=<ARP_RAW Packet>, in_port=3, in_phy_port=s1-eth3>)])
2021-11-17 04:47:51,704 | 3787 | tracing_of_pipeline.analyzer, BFS, 428 | DEBUG | Analyzing 4.3... get next of dst_node (count=7, next_switch=controller)
2021-11-17 04:47:51,704 | 3787 | tracing_of_pipeline.analyzer, BFS, 473 | DEBUG | Analyzing 4.4... next switch is controller. Therefore trace is finished. (count=7, next_switch=controller)
2021-11-17 04:47:51,706 | 3787 | tracing_of_pipeline.analyzer, analyze, 231 | DEBUG | Analyzing 5.1... After BFS (count=7, trace=0x00000806 : (h3, s1)(s1, controller))
2021-11-17 04:47:51,707 | 3787 | tracing_of_pipeline.packet_trace_handler, append, 31 | DEBUG | 1637124464.7913315 : 0x00000806 : (h3, s1)(s1, controller)
2021-11-17 04:47:51,707 | 3787 | tracing_net.msg, is_equal_msg, 309 | DEBUG | Packet <Msg captured_interface=s1-eth3, sniff_timestamp=1637124464.7913315, pkt=<ARP_RAW Packet>, in_port=3, in_phy_port=s1-eth3> and packet <Msg captured_interface=s1-eth1, sniff_timestamp=1637124464.8754168, pkt=<ICMP_RAW Packet>, in_port=s1-eth1, in_phy_port=s1-eth1> have different eth_type. (self:2054, other:2048)
2021-11-17 04:47:51,708 | 3787 | tracing_net.msg, is_equal_msg, 309 | DEBUG | Packet <Msg captured_interface=s1-eth3, sniff_timestamp=1637124464.7913315, pkt=<ARP_RAW Packet>, in_port=3, in_phy_port=s1-eth3> and packet <Msg captured_interface=s1-eth1, sniff_timestamp=1637124464.8754168, pkt=<ICMP_RAW Packet>, in_port=s1-eth1, in_phy_port=s1-eth1> have different eth_type. (self:2054, other:2048)
2021-11-17 04:47:51,709 | 3787 | tracing_net.msg, is_equal_msg, 309 | DEBUG | Packet <Msg captured_interface=s1-eth3, sniff_timestamp=1637124464.7913315, pkt=<ARP_RAW Packet>, in_port=3, in_phy_port=s1-eth3> and packet <Msg captured_interface=s1-eth3, sniff_timestamp=1637124464.8753295, pkt=<ICMP_RAW Packet>, in_port=s1-eth3, in_phy_port=s1-eth3> have different eth_type. (self:2054, other:2048)
2021-11-17 04:47:51,709 | 3787 | tracing_of_pipeline.analyzer, analyze, 237 | DEBUG | Analyzing 5.2... Trace is finish. (count=7, trace=0x00000806 : (h3, s1)(s1, controller))
2021-11-17 04:47:52,408 | 3961 | tracing_net.flowtable.flow_monitor, dump_flows, 57 | DEBUG | exec dump flows on s1
2021-11-17 04:47:52,432 | 3964 | tracing_net.flowtable.flow_monitor, dump_flows, 57 | DEBUG | exec dump flows on s2
2021-11-17 04:47:53,425 | 3961 | tracing_net.flowtable.flow_monitor, dump_flows, 57 | DEBUG | exec dump flows on s1
2021-11-17 04:47:53,434 | 3964 | tracing_net.flowtable.flow_monitor, dump_flows, 57 | DEBUG | exec dump flows on s2
2021-11-17 04:47:53,669 | 3787 | tracing_net.packet_repository, pop, 73 | ERROR | Failed to pop from packet repository (repo={'s1-eth1': [], 's1-eth3': [<Msg captured_interface=s1-eth3, sniff_timestamp=1637124470.061959, pkt=<ARP_RAW Packet>, in_port=s1-eth3, in_phy_port=s1-eth3>]})
2021-11-17 04:47:53,670 | 3787 | tracing_net.packet_repository, pop, 73 | ERROR | Failed to pop from packet repository (repo={'s1-eth1': [], 's1-eth3': [<Msg captured_interface=s1-eth3, sniff_timestamp=1637124470.061959, pkt=<ARP_RAW Packet>, in_port=s1-eth3, in_phy_port=s1-eth3>]})
2021-11-17 04:47:53,671 | 3787 | tracing_of_pipeline.analyzer, _poll_packet_inout_repo, 598 | DEBUG | tmp_p = [], s_dpip = 1
2021-11-17 04:47:53,671 | 3787 | tracing_of_pipeline.analyzer, _poll_packet_inout_repo, 598 | DEBUG | tmp_p = [], s_dpip = 2
2021-11-17 04:47:53,672 | 3787 | tracing_of_pipeline.analyzer, _polling, 551 | DEBUG | polled repository (start_time=1637124455.667959, until=8) values = {'l2': [<Msg captured_interface=s1-eth1, sniff_timestamp=1637124464.8754168, pkt=<ICMP_RAW Packet>, in_port=s1-eth1, in_phy_port=s1-eth1>, <Msg captured_interface=s1-eth1, sniff_timestamp=1637124470.0622153, pkt=<ARP_RAW Packet>, in_port=s1-eth1, in_phy_port=s1-eth1>], 'l1': [], 'l3': [], 'l4': [<Msg captured_interface=s1-eth3, sniff_timestamp=1637124464.8753295, pkt=<ICMP_RAW Packet>, in_port=s1-eth3, in_phy_port=s1-eth3>, <Msg captured_interface=s1-eth3, sniff_timestamp=1637124470.061959, pkt=<ARP_RAW Packet>, in_port=s1-eth3, in_phy_port=s1-eth3>]} {'s1': [<src.analyzer.ofproto.msg.MsgForOFMsg object at 0x7f364ac26820>, <src.analyzer.ofproto.msg.MsgForOFMsg object at 0x7f364ac26f40>, <src.analyzer.ofproto.msg.MsgForOFMsg object at 0x7f364ac26f70>, <src.analyzer.ofproto.msg.MsgForOFMsg object at 0x7f364ac2b040>, <src.analyzer.ofproto.msg.MsgForOFMsg object at 0x7f364ac2b1c0>, <src.analyzer.ofproto.msg.MsgForOFMsg object at 0x7f364ac2b2b0>], 's2': [<src.analyzer.ofproto.msg.MsgForOFMsg object at 0x7f364ac2b2e0>, <src.analyzer.ofproto.msg.MsgForOFMsg object at 0x7f364ac2b1f0>]}
2021-11-17 04:47:53,673 | 3787 | tracing_of_pipeline.analyzer, analyze, 196 | DEBUG | Analyzing 1... polled repository (count=8)
2021-11-17 04:47:53,673 | 3787 | tracing_of_pipeline.analyzer, analyze, 204 | DEBUG | Analyzing 2... analyze packet out (count=8, target=<src.analyzer.ofproto.msg.MsgForOFMsg object at 0x7f364ac26f40>)
2021-11-17 04:47:53,674 | 3787 | tracing_of_pipeline.analyzer, _analyze_packet_out, 267 | DEBUG | Analyzing 2.1... analyze packet out, get out_ports (count=8, out_ports=[(<PortNo.OFPP_FLOOD: 4294967291>, <src.analyzer.ofproto.msg.MsgForOFMsg object at 0x7f364ac26f40>)])
2021-11-17 04:47:53,674 | 3787 | tracing_of_pipeline.analyzer, _analyze_packet_out, 274 | DEBUG | Analyzing 2.2... get packer msg (count=8, packer msg=[(<PortNo.OFPP_FLOOD: 4294967291>, <src.analyzer.ofproto.msg.MsgForOFMsg object at 0x7f364ac26f40>)])
2021-11-17 04:47:53,675 | 3787 | tracing_of_pipeline.analyzer, _analyze_packet_out, 297 | DEBUG | Analyzing 2.3... get packet (count=8, packet=None)
2021-11-17 04:47:53,675 | 3787 | tracing_of_pipeline.analyzer, _analyze_packet_out, 351 | DEBUG | Analyzing 2.3... cannot pop pakcet (count=8 next_edge=l1 m=<src.analyzer.ofproto.msg.MsgForOFMsg object at 0x7f364ac26f40>)
2021-11-17 04:47:53,675 | 3787 | tracing_of_pipeline.analyzer, analyze, 204 | DEBUG | Analyzing 2... analyze packet out (count=8, target=<src.analyzer.ofproto.msg.MsgForOFMsg object at 0x7f364ac2b040>)
2021-11-17 04:47:53,676 | 3787 | tracing_of_pipeline.analyzer, _analyze_packet_out, 267 | DEBUG | Analyzing 2.1... analyze packet out, get out_ports (count=8, out_ports=[(1, <src.analyzer.ofproto.msg.MsgForOFMsg object at 0x7f364ac2b040>)])
2021-11-17 04:47:53,676 | 3787 | tracing_of_pipeline.analyzer, analyze, 204 | DEBUG | Analyzing 2... analyze packet out (count=8, target=<src.analyzer.ofproto.msg.MsgForOFMsg object at 0x7f364ac2b2b0>)
2021-11-17 04:47:53,677 | 3787 | tracing_of_pipeline.analyzer, _analyze_packet_out, 267 | DEBUG | Analyzing 2.1... analyze packet out, get out_ports (count=8, out_ports=[(3, <src.analyzer.ofproto.msg.MsgForOFMsg object at 0x7f364ac2b2b0>)])
2021-11-17 04:47:53,677 | 3787 | tracing_of_pipeline.analyzer, analyze, 204 | DEBUG | Analyzing 2... analyze packet out (count=8, target=<src.analyzer.ofproto.msg.MsgForOFMsg object at 0x7f364ac2b1f0>)
2021-11-17 04:47:53,678 | 3787 | tracing_of_pipeline.analyzer, _analyze_packet_out, 267 | DEBUG | Analyzing 2.1... analyze packet out, get out_ports (count=8, out_ports=[(<PortNo.OFPP_FLOOD: 4294967291>, <src.analyzer.ofproto.msg.MsgForOFMsg object at 0x7f364ac2b1f0>)])
2021-11-17 04:47:53,678 | 3787 | tracing_of_pipeline.analyzer, _analyze_packet_out, 274 | DEBUG | Analyzing 2.2... get packer msg (count=8, packer msg=[(<PortNo.OFPP_FLOOD: 4294967291>, <src.analyzer.ofproto.msg.MsgForOFMsg object at 0x7f364ac2b1f0>)])
2021-11-17 04:47:53,679 | 3787 | tracing_of_pipeline.analyzer, _analyze_packet_out, 297 | DEBUG | Analyzing 2.3... get packet (count=8, packet=None)
2021-11-17 04:47:53,679 | 3787 | tracing_of_pipeline.analyzer, _analyze_packet_out, 351 | DEBUG | Analyzing 2.3... cannot pop pakcet (count=8 next_edge=l3 m=<src.analyzer.ofproto.msg.MsgForOFMsg object at 0x7f364ac2b1f0>)
2021-11-17 04:47:53,679 | 3787 | tracing_of_pipeline.analyzer, analyze, 217 | DEBUG | Analyzing 3... analyze packet (count=8, target=<Msg captured_interface=s1-eth1, sniff_timestamp=1637124464.8754168, pkt=<ICMP_RAW Packet>, in_port=s1-eth1, in_phy_port=s1-eth1>)
2021-11-17 04:47:53,680 | 3787 | tracing_of_pipeline.analyzer, analyze, 224 | DEBUG | Analyzing 3.1... get flowtable (count=8, flow table=<FlowTables(datapath=0, timestamp=1637124460.444377, flows=[<Flow(table=0, priority=0, match={}, actions=[<InstructionApplyAction type=4>])>])>)
2021-11-17 04:47:53,680 | 3787 | tracing_of_pipeline.analyzer, BFS, 383 | DEBUG | Analyzing 4... start BFS (count=8)
2021-11-17 04:47:53,680 | 3787 | tracing_of_pipeline.analyzer, BFS, 390 | DEBUG | Analyzing 4.1... processing msg (count=8, msg=<Msg captured_interface=s1-eth1, sniff_timestamp=1637124464.8754168, pkt=<ICMP_RAW Packet>, in_port=1, in_phy_port=s1-eth1>)
2021-11-17 04:47:53,682 | 3787 | tracing_of_pipeline.analyzer, BFS, 402 | DEBUG | Analyzing 4.1... dst_node is FlowTables (count=8)
2021-11-17 04:47:53,684 | 3787 | tracing_of_pipeline.analyzer, BFS, 410 | DEBUG | Analyzing 4.2... After applied pipeline (count=8, out_ports_to_msg=[('65535', <Msg captured_interface=s1-eth1, sniff_timestamp=1637124464.8754168, pkt=<ICMP_RAW Packet>, in_port=1, in_phy_port=s1-eth1>)])
2021-11-17 04:47:53,685 | 3787 | tracing_of_pipeline.analyzer, BFS, 428 | DEBUG | Analyzing 4.3... get next of dst_node (count=8, next_switch=controller)
2021-11-17 04:47:53,685 | 3787 | tracing_of_pipeline.analyzer, BFS, 473 | DEBUG | Analyzing 4.4... next switch is controller. Therefore trace is finished. (count=8, next_switch=controller)
2021-11-17 04:47:53,687 | 3787 | tracing_of_pipeline.analyzer, analyze, 231 | DEBUG | Analyzing 5.1... After BFS (count=8, trace=0x00000800 : (h1, s1)(s1, controller))
2021-11-17 04:47:53,687 | 3787 | tracing_of_pipeline.packet_trace_handler, append, 31 | DEBUG | 1637124464.8754168 : 0x00000800 : (h1, s1)(s1, controller)
2021-11-17 04:47:53,688 | 3787 | tracing_net.msg, is_equal_msg, 309 | DEBUG | Packet <Msg captured_interface=s1-eth1, sniff_timestamp=1637124464.8754168, pkt=<ICMP_RAW Packet>, in_port=1, in_phy_port=s1-eth1> and packet <Msg captured_interface=s1-eth3, sniff_timestamp=1637124470.061959, pkt=<ARP_RAW Packet>, in_port=s1-eth3, in_phy_port=s1-eth3> have different eth_type. (self:2048, other:2054)
2021-11-17 04:47:53,689 | 3787 | tracing_net.msg, is_equal_msg, 309 | DEBUG | Packet <Msg captured_interface=s1-eth1, sniff_timestamp=1637124464.8754168, pkt=<ICMP_RAW Packet>, in_port=1, in_phy_port=s1-eth1> and packet <Msg captured_interface=s1-eth1, sniff_timestamp=1637124470.0622153, pkt=<ARP_RAW Packet>, in_port=s1-eth1, in_phy_port=s1-eth1> have different eth_type. (self:2048, other:2054)
2021-11-17 04:47:53,689 | 3787 | tracing_net.msg, is_equal_msg, 309 | DEBUG | Packet <Msg captured_interface=s1-eth1, sniff_timestamp=1637124464.8754168, pkt=<ICMP_RAW Packet>, in_port=1, in_phy_port=s1-eth1> and packet <Msg captured_interface=s1-eth3, sniff_timestamp=1637124470.061959, pkt=<ARP_RAW Packet>, in_port=s1-eth3, in_phy_port=s1-eth3> have different eth_type. (self:2048, other:2054)
2021-11-17 04:47:53,690 | 3787 | tracing_of_pipeline.analyzer, analyze, 237 | DEBUG | Analyzing 5.2... Trace is finish. (count=8, trace=0x00000800 : (h1, s1)(s1, controller))
2021-11-17 04:47:53,690 | 3787 | tracing_of_pipeline.analyzer, analyze, 249 | WARNING | No packet in edge l1
2021-11-17 04:47:53,691 | 3787 | tracing_of_pipeline.analyzer, analyze, 249 | WARNING | No packet in edge l3
2021-11-17 04:47:53,691 | 3787 | tracing_of_pipeline.analyzer, analyze, 217 | DEBUG | Analyzing 3... analyze packet (count=8, target=<Msg captured_interface=s1-eth3, sniff_timestamp=1637124464.8753295, pkt=<ICMP_RAW Packet>, in_port=s1-eth3, in_phy_port=s1-eth3>)
2021-11-17 04:47:53,692 | 3787 | tracing_of_pipeline.analyzer, analyze, 224 | DEBUG | Analyzing 3.1... get flowtable (count=8, flow table=<FlowTables(datapath=0, timestamp=1637124460.444377, flows=[<Flow(table=0, priority=0, match={}, actions=[<InstructionApplyAction type=4>])>])>)
2021-11-17 04:47:53,692 | 3787 | tracing_of_pipeline.analyzer, BFS, 383 | DEBUG | Analyzing 4... start BFS (count=8)
2021-11-17 04:47:53,693 | 3787 | tracing_of_pipeline.analyzer, BFS, 390 | DEBUG | Analyzing 4.1... processing msg (count=8, msg=<Msg captured_interface=s1-eth3, sniff_timestamp=1637124464.8753295, pkt=<ICMP_RAW Packet>, in_port=3, in_phy_port=s1-eth3>)
2021-11-17 04:47:53,694 | 3787 | tracing_of_pipeline.analyzer, BFS, 402 | DEBUG | Analyzing 4.1... dst_node is FlowTables (count=8)
2021-11-17 04:47:53,697 | 3787 | tracing_of_pipeline.analyzer, BFS, 410 | DEBUG | Analyzing 4.2... After applied pipeline (count=8, out_ports_to_msg=[('65535', <Msg captured_interface=s1-eth3, sniff_timestamp=1637124464.8753295, pkt=<ICMP_RAW Packet>, in_port=3, in_phy_port=s1-eth3>)])
2021-11-17 04:47:53,698 | 3787 | tracing_of_pipeline.analyzer, BFS, 428 | DEBUG | Analyzing 4.3... get next of dst_node (count=8, next_switch=controller)
2021-11-17 04:47:53,698 | 3787 | tracing_of_pipeline.analyzer, BFS, 473 | DEBUG | Analyzing 4.4... next switch is controller. Therefore trace is finished. (count=8, next_switch=controller)
2021-11-17 04:47:53,700 | 3787 | tracing_of_pipeline.analyzer, analyze, 231 | DEBUG | Analyzing 5.1... After BFS (count=8, trace=0x00000800 : (h3, s1)(s1, controller))
2021-11-17 04:47:53,701 | 3787 | tracing_of_pipeline.packet_trace_handler, append, 31 | DEBUG | 1637124464.8753295 : 0x00000800 : (h3, s1)(s1, controller)
2021-11-17 04:47:53,701 | 3787 | tracing_net.msg, is_equal_msg, 309 | DEBUG | Packet <Msg captured_interface=s1-eth3, sniff_timestamp=1637124464.8753295, pkt=<ICMP_RAW Packet>, in_port=3, in_phy_port=s1-eth3> and packet <Msg captured_interface=s1-eth1, sniff_timestamp=1637124470.0622153, pkt=<ARP_RAW Packet>, in_port=s1-eth1, in_phy_port=s1-eth1> have different eth_type. (self:2048, other:2054)
2021-11-17 04:47:53,702 | 3787 | tracing_net.msg, is_equal_msg, 309 | DEBUG | Packet <Msg captured_interface=s1-eth3, sniff_timestamp=1637124464.8753295, pkt=<ICMP_RAW Packet>, in_port=3, in_phy_port=s1-eth3> and packet <Msg captured_interface=s1-eth1, sniff_timestamp=1637124470.0622153, pkt=<ARP_RAW Packet>, in_port=s1-eth1, in_phy_port=s1-eth1> have different eth_type. (self:2048, other:2054)
2021-11-17 04:47:53,702 | 3787 | tracing_net.msg, is_equal_msg, 309 | DEBUG | Packet <Msg captured_interface=s1-eth3, sniff_timestamp=1637124464.8753295, pkt=<ICMP_RAW Packet>, in_port=3, in_phy_port=s1-eth3> and packet <Msg captured_interface=s1-eth3, sniff_timestamp=1637124470.061959, pkt=<ARP_RAW Packet>, in_port=s1-eth3, in_phy_port=s1-eth3> have different eth_type. (self:2048, other:2054)
2021-11-17 04:47:53,703 | 3787 | tracing_of_pipeline.analyzer, analyze, 237 | DEBUG | Analyzing 5.2... Trace is finish. (count=8, trace=0x00000800 : (h3, s1)(s1, controller))
2021-11-17 04:47:54,227 | 3787 | tracing_net.net, stop_tracing, 542 | INFO | tracing stop
2021-11-17 04:47:54,239 | 3787 | tracing_net.packet_capture_manager, stop_capture, 121 | DEBUG | capture process (s1-eth1:3949) terminated
2021-11-17 04:47:54,248 | 3787 | tracing_net.packet_capture_manager, stop_capture, 121 | DEBUG | capture process (s1-eth2:3951) terminated
2021-11-17 04:47:54,254 | 3787 | tracing_net.packet_capture_manager, stop_capture, 121 | DEBUG | capture process (s2-eth2:3953) terminated
2021-11-17 04:47:54,267 | 3787 | tracing_net.packet_capture_manager, stop_capture, 121 | DEBUG | capture process (s1-eth3:3957) terminated
2021-11-17 04:47:54,271 | 3787 | tracing_net.flowtable.flow_table_manager, stop_poller, 102 | DEBUG | poller process (s1:3961) terminated
2021-11-17 04:47:54,276 | 3787 | tracing_net.flowtable.flow_table_manager, stop_poller, 102 | DEBUG | poller process (s2:3964) terminated
2021-11-17 04:47:54,278 | 3787 | tracing_of_pipeline.analyzer, stop_analyzing, 149 | INFO | stop analyzing interval. (last count = 9)
2021-11-17 04:47:54,279 | 3787 | tracing_net.packet_repository, pop, 73 | ERROR | Failed to pop from packet repository (repo={'s1-eth3': []})
2021-11-17 04:47:54,279 | 3787 | tracing_net.packet_repository, pop, 73 | ERROR | Failed to pop from packet repository (repo={'s1-eth3': []})
2021-11-17 04:47:54,280 | 3787 | tracing_of_pipeline.analyzer, _poll_packet_inout_repo, 598 | DEBUG | tmp_p = [], s_dpip = 1
2021-11-17 04:47:54,281 | 3787 | tracing_of_pipeline.analyzer, _poll_packet_inout_repo, 598 | DEBUG | tmp_p = [], s_dpip = 2
2021-11-17 04:47:54,281 | 3787 | tracing_of_pipeline.analyzer, _polling, 551 | DEBUG | polled repository (start_time=1637124455.667959, until=9) values = {'l2': [<Msg captured_interface=s1-eth1, sniff_timestamp=1637124470.0622153, pkt=<ARP_RAW Packet>, in_port=s1-eth1, in_phy_port=s1-eth1>], 'l1': [], 'l3': [], 'l4': [<Msg captured_interface=s1-eth3, sniff_timestamp=1637124470.061959, pkt=<ARP_RAW Packet>, in_port=s1-eth3, in_phy_port=s1-eth3>]} {'s1': [<src.analyzer.ofproto.msg.MsgForOFMsg object at 0x7f364ac26820>, <src.analyzer.ofproto.msg.MsgForOFMsg object at 0x7f364ac26f40>, <src.analyzer.ofproto.msg.MsgForOFMsg object at 0x7f364ac26f70>, <src.analyzer.ofproto.msg.MsgForOFMsg object at 0x7f364ac2b040>, <src.analyzer.ofproto.msg.MsgForOFMsg object at 0x7f364ac2b1c0>, <src.analyzer.ofproto.msg.MsgForOFMsg object at 0x7f364ac2b2b0>], 's2': [<src.analyzer.ofproto.msg.MsgForOFMsg object at 0x7f364ac2b2e0>, <src.analyzer.ofproto.msg.MsgForOFMsg object at 0x7f364ac2b1f0>]}
2021-11-17 04:47:54,282 | 3787 | tracing_of_pipeline.analyzer, analyze, 196 | DEBUG | Analyzing 1... polled repository (count=9)
2021-11-17 04:47:54,283 | 3787 | tracing_of_pipeline.analyzer, analyze, 204 | DEBUG | Analyzing 2... analyze packet out (count=9, target=<src.analyzer.ofproto.msg.MsgForOFMsg object at 0x7f364ac26f40>)
2021-11-17 04:47:54,283 | 3787 | tracing_of_pipeline.analyzer, _analyze_packet_out, 267 | DEBUG | Analyzing 2.1... analyze packet out, get out_ports (count=9, out_ports=[(<PortNo.OFPP_FLOOD: 4294967291>, <src.analyzer.ofproto.msg.MsgForOFMsg object at 0x7f364ac26f40>)])
2021-11-17 04:47:54,284 | 3787 | tracing_of_pipeline.analyzer, _analyze_packet_out, 274 | DEBUG | Analyzing 2.2... get packer msg (count=9, packer msg=[(<PortNo.OFPP_FLOOD: 4294967291>, <src.analyzer.ofproto.msg.MsgForOFMsg object at 0x7f364ac26f40>)])
2021-11-17 04:47:54,284 | 3787 | tracing_of_pipeline.analyzer, _analyze_packet_out, 297 | DEBUG | Analyzing 2.3... get packet (count=9, packet=None)
2021-11-17 04:47:54,285 | 3787 | tracing_of_pipeline.analyzer, _analyze_packet_out, 351 | DEBUG | Analyzing 2.3... cannot pop pakcet (count=9 next_edge=l1 m=<src.analyzer.ofproto.msg.MsgForOFMsg object at 0x7f364ac26f40>)
2021-11-17 04:47:54,285 | 3787 | tracing_of_pipeline.analyzer, analyze, 204 | DEBUG | Analyzing 2... analyze packet out (count=9, target=<src.analyzer.ofproto.msg.MsgForOFMsg object at 0x7f364ac2b040>)
2021-11-17 04:47:54,286 | 3787 | tracing_of_pipeline.analyzer, _analyze_packet_out, 267 | DEBUG | Analyzing 2.1... analyze packet out, get out_ports (count=9, out_ports=[(1, <src.analyzer.ofproto.msg.MsgForOFMsg object at 0x7f364ac2b040>)])
2021-11-17 04:47:54,286 | 3787 | tracing_of_pipeline.analyzer, analyze, 204 | DEBUG | Analyzing 2... analyze packet out (count=9, target=<src.analyzer.ofproto.msg.MsgForOFMsg object at 0x7f364ac2b2b0>)
2021-11-17 04:47:54,287 | 3787 | tracing_of_pipeline.analyzer, _analyze_packet_out, 267 | DEBUG | Analyzing 2.1... analyze packet out, get out_ports (count=9, out_ports=[(3, <src.analyzer.ofproto.msg.MsgForOFMsg object at 0x7f364ac2b2b0>)])
2021-11-17 04:47:54,288 | 3787 | tracing_of_pipeline.analyzer, analyze, 204 | DEBUG | Analyzing 2... analyze packet out (count=9, target=<src.analyzer.ofproto.msg.MsgForOFMsg object at 0x7f364ac2b1f0>)
2021-11-17 04:47:54,288 | 3787 | tracing_of_pipeline.analyzer, _analyze_packet_out, 267 | DEBUG | Analyzing 2.1... analyze packet out, get out_ports (count=9, out_ports=[(<PortNo.OFPP_FLOOD: 4294967291>, <src.analyzer.ofproto.msg.MsgForOFMsg object at 0x7f364ac2b1f0>)])
2021-11-17 04:47:54,288 | 3787 | tracing_of_pipeline.analyzer, _analyze_packet_out, 274 | DEBUG | Analyzing 2.2... get packer msg (count=9, packer msg=[(<PortNo.OFPP_FLOOD: 4294967291>, <src.analyzer.ofproto.msg.MsgForOFMsg object at 0x7f364ac2b1f0>)])
2021-11-17 04:47:54,289 | 3787 | tracing_of_pipeline.analyzer, _analyze_packet_out, 297 | DEBUG | Analyzing 2.3... get packet (count=9, packet=None)
2021-11-17 04:47:54,290 | 3787 | tracing_of_pipeline.analyzer, _analyze_packet_out, 351 | DEBUG | Analyzing 2.3... cannot pop pakcet (count=9 next_edge=l3 m=<src.analyzer.ofproto.msg.MsgForOFMsg object at 0x7f364ac2b1f0>)
2021-11-17 04:47:54,290 | 3787 | tracing_of_pipeline.analyzer, analyze, 217 | DEBUG | Analyzing 3... analyze packet (count=9, target=<Msg captured_interface=s1-eth1, sniff_timestamp=1637124470.0622153, pkt=<ARP_RAW Packet>, in_port=s1-eth1, in_phy_port=s1-eth1>)
2021-11-17 04:47:54,291 | 3787 | tracing_of_pipeline.analyzer, analyze, 224 | DEBUG | Analyzing 3.1... get flowtable (count=9, flow table=<FlowTables(datapath=0, timestamp=1637124469.429492, flows=[<Flow(table=0, priority=1, match=[<in_port, 3/None>, <dl_src, f6:a0:6f:2f:d9:e7/None>, <dl_dst, ca:e5:4d:48:8a:84/None>], actions=[<InstructionApplyAction type=4>])>, <Flow(table=0, priority=1, match=[<in_port, 1/None>, <dl_src, ca:e5:4d:48:8a:84/None>, <dl_dst, f6:a0:6f:2f:d9:e7/None>], actions=[<InstructionApplyAction type=4>])>, <Flow(table=0, priority=0, match={}, actions=[<InstructionApplyAction type=4>])>])>)
2021-11-17 04:47:54,292 | 3787 | tracing_of_pipeline.analyzer, BFS, 383 | DEBUG | Analyzing 4... start BFS (count=9)
2021-11-17 04:47:54,293 | 3787 | tracing_of_pipeline.analyzer, BFS, 390 | DEBUG | Analyzing 4.1... processing msg (count=9, msg=<Msg captured_interface=s1-eth1, sniff_timestamp=1637124470.0622153, pkt=<ARP_RAW Packet>, in_port=1, in_phy_port=s1-eth1>)
2021-11-17 04:47:54,296 | 3787 | tracing_of_pipeline.analyzer, BFS, 402 | DEBUG | Analyzing 4.1... dst_node is FlowTables (count=9)
2021-11-17 04:47:54,302 | 3787 | tracing_of_pipeline.analyzer, BFS, 410 | DEBUG | Analyzing 4.2... After applied pipeline (count=9, out_ports_to_msg=[('65535', <Msg captured_interface=s1-eth1, sniff_timestamp=1637124470.0622153, pkt=<ARP_RAW Packet>, in_port=1, in_phy_port=s1-eth1>)])
2021-11-17 04:47:54,303 | 3787 | tracing_of_pipeline.analyzer, BFS, 428 | DEBUG | Analyzing 4.3... get next of dst_node (count=9, next_switch=controller)
2021-11-17 04:47:54,304 | 3787 | tracing_of_pipeline.analyzer, BFS, 473 | DEBUG | Analyzing 4.4... next switch is controller. Therefore trace is finished. (count=9, next_switch=controller)
2021-11-17 04:47:54,307 | 3787 | tracing_of_pipeline.analyzer, analyze, 231 | DEBUG | Analyzing 5.1... After BFS (count=9, trace=0x00000806 : (h1, s1)(s1, controller))
2021-11-17 04:47:54,307 | 3787 | tracing_of_pipeline.packet_trace_handler, append, 31 | DEBUG | 1637124470.0622153 : 0x00000806 : (h1, s1)(s1, controller)
2021-11-17 04:47:54,308 | 3787 | tracing_of_pipeline.analyzer, analyze, 237 | DEBUG | Analyzing 5.2... Trace is finish. (count=9, trace=0x00000806 : (h1, s1)(s1, controller))
2021-11-17 04:47:54,309 | 3787 | tracing_of_pipeline.analyzer, analyze, 249 | WARNING | No packet in edge l1
2021-11-17 04:47:54,310 | 3787 | tracing_of_pipeline.analyzer, analyze, 249 | WARNING | No packet in edge l3
2021-11-17 04:47:54,310 | 3787 | tracing_of_pipeline.analyzer, analyze, 217 | DEBUG | Analyzing 3... analyze packet (count=9, target=<Msg captured_interface=s1-eth3, sniff_timestamp=1637124470.061959, pkt=<ARP_RAW Packet>, in_port=s1-eth3, in_phy_port=s1-eth3>)
2021-11-17 04:47:54,311 | 3787 | tracing_of_pipeline.analyzer, analyze, 224 | DEBUG | Analyzing 3.1... get flowtable (count=9, flow table=<FlowTables(datapath=0, timestamp=1637124469.429492, flows=[<Flow(table=0, priority=1, match=[<in_port, 3/None>, <dl_src, f6:a0:6f:2f:d9:e7/None>, <dl_dst, ca:e5:4d:48:8a:84/None>], actions=[<InstructionApplyAction type=4>])>, <Flow(table=0, priority=1, match=[<in_port, 1/None>, <dl_src, ca:e5:4d:48:8a:84/None>, <dl_dst, f6:a0:6f:2f:d9:e7/None>], actions=[<InstructionApplyAction type=4>])>, <Flow(table=0, priority=0, match={}, actions=[<InstructionApplyAction type=4>])>])>)
2021-11-17 04:47:54,311 | 3787 | tracing_of_pipeline.analyzer, BFS, 383 | DEBUG | Analyzing 4... start BFS (count=9)
2021-11-17 04:47:54,312 | 3787 | tracing_of_pipeline.analyzer, BFS, 390 | DEBUG | Analyzing 4.1... processing msg (count=9, msg=<Msg captured_interface=s1-eth3, sniff_timestamp=1637124470.061959, pkt=<ARP_RAW Packet>, in_port=3, in_phy_port=s1-eth3>)
2021-11-17 04:47:54,314 | 3787 | tracing_of_pipeline.analyzer, BFS, 402 | DEBUG | Analyzing 4.1... dst_node is FlowTables (count=9)
2021-11-17 04:47:54,317 | 3787 | tracing_of_pipeline.analyzer, BFS, 410 | DEBUG | Analyzing 4.2... After applied pipeline (count=9, out_ports_to_msg=[('1', <Msg captured_interface=s1-eth3, sniff_timestamp=1637124470.061959, pkt=<ARP_RAW Packet>, in_port=3, in_phy_port=s1-eth3>)])
2021-11-17 04:47:54,318 | 3787 | tracing_of_pipeline.analyzer, BFS, 428 | DEBUG | Analyzing 4.3... get next of dst_node (count=9, next_switch=h1)
2021-11-17 04:47:54,318 | 3787 | tracing_of_pipeline.analyzer, BFS, 485 | DEBUG | Analyzing 4.4... next switch is host. Therefore trace is finished. (count=9, next_switch=h1)
2021-11-17 04:47:54,320 | 3787 | tracing_of_pipeline.analyzer, analyze, 231 | DEBUG | Analyzing 5.1... After BFS (count=9, trace=0x00000806 : (h3, s1)(s1, h1))
2021-11-17 04:47:54,323 | 3787 | tracing_of_pipeline.packet_trace_handler, append, 31 | DEBUG | 1637124470.061959 : 0x00000806 : (h3, s1)(s1, h1)
2021-11-17 04:47:54,324 | 3787 | tracing_of_pipeline.analyzer, analyze, 237 | DEBUG | Analyzing 5.2... Trace is finish. (count=9, trace=0x00000806 : (h3, s1)(s1, h1))
2021-11-17 04:47:54,326 | 3787 | tracing_of_pipeline.analyzer, analyze_rest, 161 | INFO | These packets could not be analyzed. {'l2': [], 'l1': [], 'l3': [], 'l4': []}
2021-11-17 04:47:54,327 | 3787 | tracing_of_pipeline.analyzer, analyze_rest, 162 | INFO | These OpenFlowMessage could not be analyzed. {'s1': [<src.analyzer.ofproto.msg.MsgForOFMsg object at 0x7f364ac26820>, <src.analyzer.ofproto.msg.MsgForOFMsg object at 0x7f364ac26f40>, <src.analyzer.ofproto.msg.MsgForOFMsg object at 0x7f364ac26f70>, <src.analyzer.ofproto.msg.MsgForOFMsg object at 0x7f364ac2b040>, <src.analyzer.ofproto.msg.MsgForOFMsg object at 0x7f364ac2b1c0>, <src.analyzer.ofproto.msg.MsgForOFMsg object at 0x7f364ac2b2b0>], 's2': [<src.analyzer.ofproto.msg.MsgForOFMsg object at 0x7f364ac2b2e0>, <src.analyzer.ofproto.msg.MsgForOFMsg object at 0x7f364ac2b1f0>]}
2021-11-17 04:47:54,404 | 3787 | tracing_of_pipeline, stop, 137 | INFO | OpenFlow Tracer Stop
2021-11-17 04:47:54,407 | 3787 | tracing_net.net, stop_tracing, 542 | INFO | tracing stop
2021-11-17 04:47:54,412 | 3787 | tracing_net.packet_capture_manager, stop_capture, 121 | DEBUG | capture process (s1-eth1:3949) terminated
2021-11-17 04:47:54,415 | 3787 | tracing_net.packet_capture_manager, stop_capture, 121 | DEBUG | capture process (s1-eth2:3951) terminated
2021-11-17 04:47:54,418 | 3787 | tracing_net.packet_capture_manager, stop_capture, 121 | DEBUG | capture process (s2-eth2:3953) terminated
2021-11-17 04:47:54,419 | 3787 | tracing_net.packet_capture_manager, stop_capture, 121 | DEBUG | capture process (s1-eth3:3957) terminated
2021-11-17 04:47:54,425 | 3787 | tracing_net.flowtable.flow_table_manager, stop_poller, 102 | DEBUG | poller process (s1:3961) terminated
2021-11-17 04:47:54,427 | 3787 | tracing_net.flowtable.flow_table_manager, stop_poller, 102 | DEBUG | poller process (s2:3964) terminated
2021-11-17 04:47:54,428 | 3787 | tracing_net.net, stop, 317 | INFO | mininet stop
2021-11-17 04:47:55,018 | 3787 | tracing_net.net, stop, 551 | DEBUG | mininet stopped and all capture processes closed
