2021-11-09 07:47:30,635 | 5292 | tracing_net.net, __init__, 99 | INFO | set up on-demand mininet
2021-11-09 07:47:30,636 | 5292 | tracing_of_pipeline, start, 124 | INFO | OpenFlow Tracer Start
2021-11-09 07:47:30,641 | 5292 | tracing_net.net, start, 312 | INFO | mininet start
2021-11-09 07:47:30,644 | 5292 | tracing_of_pipeline.analyzer, start_analyzing, 143 | INFO | start analyzing interval (start_time = 1636444050.643864, interval = 2)
2021-11-09 07:47:31,391 | 5292 | tracing_net.net, start_tracing, 525 | INFO | tracing start
2021-11-09 07:47:31,481 | 5456 | tracing_net.util.packet_capture, start_capture, 65 | INFO | packet capture start on s1-eth1
2021-11-09 07:47:31,500 | 5458 | tracing_net.util.packet_capture, start_capture, 65 | INFO | packet capture start on s1-eth2
2021-11-09 07:47:31,528 | 5460 | tracing_net.util.packet_capture, start_capture, 65 | INFO | packet capture start on s2-eth2
2021-11-09 07:47:31,538 | 5462 | tracing_net.util.packet_capture, start_capture, 65 | INFO | packet capture start on s1-eth3
2021-11-09 07:47:31,534 | 5292 | tracing_net.flowtable.flow_monitor, __init__, 46 | INFO | flow monitor start : s1
2021-11-09 07:47:31,601 | 5292 | tracing_net.flowtable.flow_monitor, __init__, 46 | INFO | flow monitor start : s2
2021-11-09 07:47:32,655 | 5292 | tracing_net.packet_repository, pop, 73 | ERROR | Failed to pop from packet repository (repo={})
2021-11-09 07:47:32,659 | 5292 | tracing_net.packet_repository, pop, 73 | ERROR | Failed to pop from packet repository (repo={})
2021-11-09 07:47:32,662 | 5292 | tracing_net.packet_repository, pop, 73 | ERROR | Failed to pop from packet repository (repo={})
2021-11-09 07:47:32,678 | 5292 | tracing_net.packet_repository, pop, 73 | ERROR | Failed to pop from packet repository (repo={})
2021-11-09 07:47:32,680 | 5468 | tracing_net.flowtable.flow_monitor, read_dump_flow, 83 | WARNING | No result dump flows
2021-11-09 07:47:32,694 | 5470 | tracing_net.flowtable.flow_monitor, read_dump_flow, 83 | WARNING | No result dump flows
2021-11-09 07:47:32,695 | 5292 | tracing_of_pipeline.analyzer, analyze, 251 | WARNING | No packet in edge l2
2021-11-09 07:47:32,702 | 5292 | tracing_of_pipeline.analyzer, analyze, 251 | WARNING | No packet in edge l1
2021-11-09 07:47:32,709 | 5292 | tracing_of_pipeline.analyzer, analyze, 251 | WARNING | No packet in edge l3
2021-11-09 07:47:32,710 | 5292 | tracing_of_pipeline.analyzer, analyze, 251 | WARNING | No packet in edge l4
2021-11-09 07:47:33,658 | 5468 | tracing_net.flowtable.flow_monitor, read_dump_flow, 83 | WARNING | No result dump flows
2021-11-09 07:47:33,678 | 5470 | tracing_net.flowtable.flow_monitor, read_dump_flow, 83 | WARNING | No result dump flows
2021-11-09 07:47:34,625 | 5468 | tracing_net.flowtable.flow_monitor, read_dump_flow, 83 | WARNING | No result dump flows
2021-11-09 07:47:34,647 | 5470 | tracing_net.flowtable.flow_monitor, read_dump_flow, 83 | WARNING | No result dump flows
2021-11-09 07:47:34,655 | 5292 | tracing_net.packet_repository, pop, 73 | ERROR | Failed to pop from packet repository (repo={})
2021-11-09 07:47:34,657 | 5292 | tracing_net.packet_repository, pop, 73 | ERROR | Failed to pop from packet repository (repo={})
2021-11-09 07:47:34,658 | 5292 | tracing_net.packet_repository, pop, 73 | ERROR | Failed to pop from packet repository (repo={})
2021-11-09 07:47:34,659 | 5292 | tracing_net.packet_repository, pop, 73 | ERROR | Failed to pop from packet repository (repo={})
2021-11-09 07:47:34,661 | 5292 | tracing_of_pipeline.analyzer, analyze, 251 | WARNING | No packet in edge l2
2021-11-09 07:47:34,662 | 5292 | tracing_of_pipeline.analyzer, analyze, 251 | WARNING | No packet in edge l1
2021-11-09 07:47:34,663 | 5292 | tracing_of_pipeline.analyzer, analyze, 251 | WARNING | No packet in edge l3
2021-11-09 07:47:34,667 | 5292 | tracing_of_pipeline.analyzer, analyze, 251 | WARNING | No packet in edge l4
2021-11-09 07:47:36,656 | 5292 | tracing_net.packet_repository, pop, 73 | ERROR | Failed to pop from packet repository (repo={})
2021-11-09 07:47:36,660 | 5292 | tracing_net.packet_repository, pop, 73 | ERROR | Failed to pop from packet repository (repo={})
2021-11-09 07:47:36,666 | 5292 | tracing_net.packet_repository, pop, 73 | ERROR | Failed to pop from packet repository (repo={})
2021-11-09 07:47:36,667 | 5292 | tracing_net.packet_repository, pop, 73 | ERROR | Failed to pop from packet repository (repo={})
2021-11-09 07:47:36,669 | 5292 | tracing_of_pipeline.analyzer, analyze, 251 | WARNING | No packet in edge l2
2021-11-09 07:47:36,669 | 5292 | tracing_of_pipeline.analyzer, analyze, 251 | WARNING | No packet in edge l1
2021-11-09 07:47:36,670 | 5292 | tracing_of_pipeline.analyzer, analyze, 251 | WARNING | No packet in edge l3
2021-11-09 07:47:36,671 | 5292 | tracing_of_pipeline.analyzer, analyze, 251 | WARNING | No packet in edge l4
2021-11-09 07:47:38,657 | 5292 | tracing_net.packet_repository, pop, 73 | ERROR | Failed to pop from packet repository (repo={})
2021-11-09 07:47:38,664 | 5292 | tracing_net.packet_repository, pop, 73 | ERROR | Failed to pop from packet repository (repo={})
2021-11-09 07:47:38,666 | 5292 | tracing_net.packet_repository, pop, 73 | ERROR | Failed to pop from packet repository (repo={})
2021-11-09 07:47:38,667 | 5292 | tracing_net.packet_repository, pop, 73 | ERROR | Failed to pop from packet repository (repo={})
2021-11-09 07:47:38,670 | 5292 | tracing_of_pipeline.analyzer, analyze, 251 | WARNING | No packet in edge l2
2021-11-09 07:47:38,671 | 5292 | tracing_of_pipeline.analyzer, analyze, 251 | WARNING | No packet in edge l1
2021-11-09 07:47:38,672 | 5292 | tracing_of_pipeline.analyzer, analyze, 251 | WARNING | No packet in edge l3
2021-11-09 07:47:38,673 | 5292 | tracing_of_pipeline.analyzer, analyze, 251 | WARNING | No packet in edge l4
2021-11-09 07:47:40,657 | 5292 | tracing_net.packet_repository, pop, 73 | ERROR | Failed to pop from packet repository (repo={})
2021-11-09 07:47:40,657 | 5292 | tracing_net.packet_repository, pop, 73 | ERROR | Failed to pop from packet repository (repo={})
2021-11-09 07:47:40,658 | 5292 | tracing_net.packet_repository, pop, 73 | ERROR | Failed to pop from packet repository (repo={})
2021-11-09 07:47:40,663 | 5292 | tracing_net.packet_repository, pop, 73 | ERROR | Failed to pop from packet repository (repo={})
2021-11-09 07:47:40,668 | 5292 | tracing_of_pipeline.analyzer, analyze, 251 | WARNING | No packet in edge l2
2021-11-09 07:47:40,668 | 5292 | tracing_of_pipeline.analyzer, analyze, 251 | WARNING | No packet in edge l1
2021-11-09 07:47:40,669 | 5292 | tracing_of_pipeline.analyzer, analyze, 251 | WARNING | No packet in edge l3
2021-11-09 07:47:40,669 | 5292 | tracing_of_pipeline.analyzer, analyze, 251 | WARNING | No packet in edge l4
2021-11-09 07:47:42,657 | 5292 | tracing_net.packet_repository, pop, 73 | ERROR | Failed to pop from packet repository (repo={})
2021-11-09 07:47:42,657 | 5292 | tracing_net.packet_repository, pop, 73 | ERROR | Failed to pop from packet repository (repo={})
2021-11-09 07:47:42,659 | 5292 | tracing_net.packet_repository, pop, 73 | ERROR | Failed to pop from packet repository (repo={})
2021-11-09 07:47:42,662 | 5292 | tracing_net.packet_repository, pop, 73 | ERROR | Failed to pop from packet repository (repo={})
2021-11-09 07:47:42,666 | 5292 | tracing_of_pipeline.analyzer, analyze, 251 | WARNING | No packet in edge l2
2021-11-09 07:47:42,667 | 5292 | tracing_of_pipeline.analyzer, analyze, 251 | WARNING | No packet in edge l1
2021-11-09 07:47:42,669 | 5292 | tracing_of_pipeline.analyzer, analyze, 251 | WARNING | No packet in edge l3
2021-11-09 07:47:42,670 | 5292 | tracing_of_pipeline.analyzer, analyze, 251 | WARNING | No packet in edge l4
2021-11-09 07:47:44,656 | 5292 | tracing_net.packet_repository, pop, 73 | ERROR | Failed to pop from packet repository (repo={})
2021-11-09 07:47:44,659 | 5292 | tracing_net.packet_repository, pop, 73 | ERROR | Failed to pop from packet repository (repo={})
2021-11-09 07:47:44,661 | 5292 | tracing_net.packet_repository, pop, 73 | ERROR | Failed to pop from packet repository (repo={})
2021-11-09 07:47:44,661 | 5292 | tracing_net.packet_repository, pop, 73 | ERROR | Failed to pop from packet repository (repo={})
2021-11-09 07:47:44,666 | 5292 | tracing_of_pipeline.analyzer, analyze, 251 | WARNING | No packet in edge l2
2021-11-09 07:47:44,667 | 5292 | tracing_of_pipeline.analyzer, analyze, 251 | WARNING | No packet in edge l1
2021-11-09 07:47:44,667 | 5292 | tracing_of_pipeline.analyzer, analyze, 251 | WARNING | No packet in edge l3
2021-11-09 07:47:44,668 | 5292 | tracing_of_pipeline.analyzer, analyze, 251 | WARNING | No packet in edge l4
2021-11-09 07:47:46,661 | 5292 | tracing_net.packet_repository, pop, 73 | ERROR | Failed to pop from packet repository (repo={})
2021-11-09 07:47:46,676 | 5292 | tracing_net.packet_repository, pop, 73 | ERROR | Failed to pop from packet repository (repo={})
2021-11-09 07:47:46,678 | 5292 | tracing_net.packet_repository, pop, 73 | ERROR | Failed to pop from packet repository (repo={})
2021-11-09 07:47:46,681 | 5292 | tracing_net.packet_repository, pop, 73 | ERROR | Failed to pop from packet repository (repo={})
2021-11-09 07:47:46,682 | 5292 | tracing_of_pipeline.analyzer, analyze, 251 | WARNING | No packet in edge l2
2021-11-09 07:47:46,685 | 5292 | tracing_of_pipeline.analyzer, analyze, 251 | WARNING | No packet in edge l1
2021-11-09 07:47:46,685 | 5292 | tracing_of_pipeline.analyzer, analyze, 251 | WARNING | No packet in edge l3
2021-11-09 07:47:46,686 | 5292 | tracing_of_pipeline.analyzer, analyze, 251 | WARNING | No packet in edge l4
2021-11-09 07:47:48,656 | 5292 | tracing_net.packet_repository, pop, 73 | ERROR | Failed to pop from packet repository (repo={'s1-eth2': [<Msg captured_interface=s1-eth2, sniff_timestamp=1636444066.632958, pkt=<ARP_RAW Packet>, in_port=s1-eth2, in_phy_port=s1-eth2>, <Msg captured_interface=s1-eth2, sniff_timestamp=1636444066.7129314, pkt=<ARP_RAW Packet>, in_port=s1-eth2, in_phy_port=s1-eth2>, <Msg captured_interface=s1-eth2, sniff_timestamp=1636444066.7842708, pkt=<ICMP_RAW Packet>, in_port=s1-eth2, in_phy_port=s1-eth2>], 's1-eth1': [<Msg captured_interface=s1-eth1, sniff_timestamp=1636444066.6076553, pkt=<ARP_RAW Packet>, in_port=s1-eth1, in_phy_port=s1-eth1>, <Msg captured_interface=s1-eth1, sniff_timestamp=1636444066.7602348, pkt=<ARP_RAW Packet>, in_port=s1-eth1, in_phy_port=s1-eth1>, <Msg captured_interface=s1-eth1, sniff_timestamp=1636444066.7602503, pkt=<ICMP_RAW Packet>, in_port=s1-eth1, in_phy_port=s1-eth1>], 's2-eth2': [<Msg captured_interface=s2-eth2, sniff_timestamp=1636444066.6727011, pkt=<ARP_RAW Packet>, in_port=s2-eth2, in_phy_port=s2-eth2>, <Msg captured_interface=s2-eth2, sniff_timestamp=1636444066.6727362, pkt=<ARP_RAW Packet>, in_port=s2-eth2, in_phy_port=s2-eth2>, <Msg captured_interface=s2-eth2, sniff_timestamp=1636444066.8009307, pkt=<ICMP_RAW Packet>, in_port=s2-eth2, in_phy_port=s2-eth2>]})
2021-11-09 07:47:48,657 | 5292 | tracing_of_pipeline.analyzer, analyze, 251 | WARNING | No packet in edge l2
2021-11-09 07:47:48,659 | 5292 | tracing_of_pipeline.analyzer, analyze, 251 | WARNING | No packet in edge l1
2021-11-09 07:47:48,659 | 5292 | tracing_of_pipeline.analyzer, analyze, 251 | WARNING | No packet in edge l3
2021-11-09 07:47:48,684 | 5292 | tracing_of_pipeline.analyzer, analyze, 251 | WARNING | No packet in edge l4
2021-11-09 07:47:50,655 | 5292 | tracing_net.packet_repository, pop, 73 | ERROR | Failed to pop from packet repository (repo={'s1-eth2': [], 's1-eth1': [], 's2-eth2': []})
2021-11-09 07:47:50,774 | 5292 | tracing_of_pipeline.analyzer, analyze, 248 | WARNING | edge l1 is not terminal edge. The analysis done before may not have been done properly.
2021-11-09 07:47:50,838 | 5292 | tracing_of_pipeline.analyzer, analyze, 251 | WARNING | No packet in edge l4
2021-11-09 07:47:52,655 | 5292 | tracing_net.packet_repository, pop, 73 | ERROR | Failed to pop from packet repository (repo={'s1-eth2': [<Msg captured_interface=s1-eth2, sniff_timestamp=1636444071.8508112, pkt=<ARP_RAW Packet>, in_port=s1-eth2, in_phy_port=s1-eth2>], 's1-eth1': [<Msg captured_interface=s1-eth1, sniff_timestamp=1636444071.8515654, pkt=<ARP_RAW Packet>, in_port=s1-eth1, in_phy_port=s1-eth1>], 's2-eth2': [<Msg captured_interface=s2-eth2, sniff_timestamp=1636444071.8506181, pkt=<ARP_RAW Packet>, in_port=s2-eth2, in_phy_port=s2-eth2>]})
2021-11-09 07:47:52,666 | 5292 | tracing_of_pipeline.analyzer, analyze, 248 | WARNING | edge l1 is not terminal edge. The analysis done before may not have been done properly.
2021-11-09 07:47:52,704 | 5292 | tracing_of_pipeline.analyzer, analyze, 251 | WARNING | No packet in edge l4
2021-11-09 07:47:54,657 | 5292 | tracing_net.packet_repository, pop, 73 | ERROR | Failed to pop from packet repository (repo={'s1-eth2': [<Msg captured_interface=s1-eth2, sniff_timestamp=1636444071.8508112, pkt=<ARP_RAW Packet>, in_port=s1-eth2, in_phy_port=s1-eth2>], 's1-eth1': [<Msg captured_interface=s1-eth1, sniff_timestamp=1636444071.8515654, pkt=<ARP_RAW Packet>, in_port=s1-eth1, in_phy_port=s1-eth1>], 's2-eth2': [<Msg captured_interface=s2-eth2, sniff_timestamp=1636444071.8506181, pkt=<ARP_RAW Packet>, in_port=s2-eth2, in_phy_port=s2-eth2>]})
2021-11-09 07:47:54,663 | 5292 | tracing_of_pipeline.analyzer, analyze, 248 | WARNING | edge l1 is not terminal edge. The analysis done before may not have been done properly.
2021-11-09 07:47:54,671 | 5292 | tracing_of_pipeline.analyzer, analyze, 251 | WARNING | No packet in edge l4
2021-11-09 07:47:56,659 | 5292 | tracing_net.packet_repository, pop, 73 | ERROR | Failed to pop from packet repository (repo={'s1-eth2': [], 's1-eth1': [], 's2-eth2': []})
2021-11-09 07:47:56,777 | 5292 | tracing_of_pipeline.analyzer, analyze, 248 | WARNING | edge l1 is not terminal edge. The analysis done before may not have been done properly.
2021-11-09 07:47:56,831 | 5292 | tracing_of_pipeline.analyzer, analyze, 251 | WARNING | No packet in edge l4
2021-11-09 07:47:58,657 | 5292 | tracing_net.packet_repository, pop, 73 | ERROR | Failed to pop from packet repository (repo={'s1-eth2': [], 's1-eth1': [], 's2-eth2': []})
2021-11-09 07:47:58,659 | 5292 | tracing_of_pipeline.analyzer, analyze, 251 | WARNING | No packet in edge l2
2021-11-09 07:47:58,661 | 5292 | tracing_of_pipeline.analyzer, analyze, 248 | WARNING | edge l1 is not terminal edge. The analysis done before may not have been done properly.
2021-11-09 07:47:58,690 | 5292 | tracing_of_pipeline.analyzer, analyze, 251 | WARNING | No packet in edge l4
2021-11-09 07:48:00,655 | 5292 | tracing_net.packet_repository, pop, 73 | ERROR | Failed to pop from packet repository (repo={'s1-eth2': [], 's1-eth1': [], 's2-eth2': []})
2021-11-09 07:48:00,657 | 5292 | tracing_of_pipeline.analyzer, analyze, 251 | WARNING | No packet in edge l2
2021-11-09 07:48:00,658 | 5292 | tracing_of_pipeline.analyzer, analyze, 248 | WARNING | edge l1 is not terminal edge. The analysis done before may not have been done properly.
2021-11-09 07:48:00,690 | 5292 | tracing_of_pipeline.analyzer, analyze, 251 | WARNING | No packet in edge l4
2021-11-09 07:48:02,655 | 5292 | tracing_net.packet_repository, pop, 73 | ERROR | Failed to pop from packet repository (repo={'s1-eth2': [], 's1-eth1': [], 's2-eth2': []})
2021-11-09 07:48:02,656 | 5292 | tracing_of_pipeline.analyzer, analyze, 251 | WARNING | No packet in edge l2
2021-11-09 07:48:02,657 | 5292 | tracing_of_pipeline.analyzer, analyze, 248 | WARNING | edge l1 is not terminal edge. The analysis done before may not have been done properly.
2021-11-09 07:48:02,668 | 5292 | tracing_of_pipeline.analyzer, analyze, 251 | WARNING | No packet in edge l4
2021-11-09 07:48:04,655 | 5292 | tracing_net.packet_repository, pop, 73 | ERROR | Failed to pop from packet repository (repo={'s1-eth2': [], 's1-eth1': [], 's2-eth2': []})
2021-11-09 07:48:04,657 | 5292 | tracing_of_pipeline.analyzer, analyze, 251 | WARNING | No packet in edge l2
2021-11-09 07:48:04,658 | 5292 | tracing_of_pipeline.analyzer, analyze, 248 | WARNING | edge l1 is not terminal edge. The analysis done before may not have been done properly.
2021-11-09 07:48:04,669 | 5292 | tracing_of_pipeline.analyzer, analyze, 251 | WARNING | No packet in edge l4
2021-11-09 07:48:06,655 | 5292 | tracing_net.packet_repository, pop, 73 | ERROR | Failed to pop from packet repository (repo={'s1-eth2': [], 's1-eth1': [], 's2-eth2': []})
2021-11-09 07:48:06,656 | 5292 | tracing_of_pipeline.analyzer, analyze, 251 | WARNING | No packet in edge l2
2021-11-09 07:48:06,656 | 5292 | tracing_of_pipeline.analyzer, analyze, 248 | WARNING | edge l1 is not terminal edge. The analysis done before may not have been done properly.
2021-11-09 07:48:06,664 | 5292 | tracing_of_pipeline.analyzer, analyze, 251 | WARNING | No packet in edge l4
2021-11-09 07:48:08,655 | 5292 | tracing_net.packet_repository, pop, 73 | ERROR | Failed to pop from packet repository (repo={'s1-eth2': [], 's1-eth1': [], 's2-eth2': []})
2021-11-09 07:48:08,657 | 5292 | tracing_of_pipeline.analyzer, analyze, 251 | WARNING | No packet in edge l2
2021-11-09 07:48:08,657 | 5292 | tracing_of_pipeline.analyzer, analyze, 248 | WARNING | edge l1 is not terminal edge. The analysis done before may not have been done properly.
2021-11-09 07:48:08,670 | 5292 | tracing_of_pipeline.analyzer, analyze, 251 | WARNING | No packet in edge l4
2021-11-09 07:48:10,655 | 5292 | tracing_net.packet_repository, pop, 73 | ERROR | Failed to pop from packet repository (repo={'s1-eth2': [], 's1-eth1': [], 's2-eth2': []})
2021-11-09 07:48:10,656 | 5292 | tracing_of_pipeline.analyzer, analyze, 251 | WARNING | No packet in edge l2
2021-11-09 07:48:10,656 | 5292 | tracing_of_pipeline.analyzer, analyze, 248 | WARNING | edge l1 is not terminal edge. The analysis done before may not have been done properly.
2021-11-09 07:48:10,667 | 5292 | tracing_of_pipeline.analyzer, analyze, 251 | WARNING | No packet in edge l4
2021-11-09 07:48:12,655 | 5292 | tracing_net.packet_repository, pop, 73 | ERROR | Failed to pop from packet repository (repo={'s1-eth2': [], 's1-eth1': [], 's2-eth2': []})
2021-11-09 07:48:12,656 | 5292 | tracing_of_pipeline.analyzer, analyze, 251 | WARNING | No packet in edge l2
2021-11-09 07:48:12,657 | 5292 | tracing_of_pipeline.analyzer, analyze, 248 | WARNING | edge l1 is not terminal edge. The analysis done before may not have been done properly.
2021-11-09 07:48:12,665 | 5292 | tracing_of_pipeline.analyzer, analyze, 251 | WARNING | No packet in edge l4
2021-11-09 07:48:13,099 | 5292 | tracing_net.net, stop_tracing, 541 | INFO | tracing stop
2021-11-09 07:48:13,120 | 5292 | tracing_of_pipeline.analyzer, stop_analyzing, 151 | INFO | stop analyzing interval. (last count = 21)
2021-11-09 07:48:13,129 | 5292 | tracing_net.packet_repository, pop, 73 | ERROR | Failed to pop from packet repository (repo={})
2021-11-09 07:48:13,130 | 5292 | tracing_of_pipeline.analyzer, analyze, 251 | WARNING | No packet in edge l2
2021-11-09 07:48:13,136 | 5292 | tracing_of_pipeline.analyzer, analyze, 248 | WARNING | edge l1 is not terminal edge. The analysis done before may not have been done properly.
2021-11-09 07:48:13,163 | 5292 | tracing_of_pipeline.analyzer, analyze, 251 | WARNING | No packet in edge l4
2021-11-09 07:48:13,163 | 5292 | tracing_of_pipeline.analyzer, analyze_rest, 163 | INFO | These packets could not be analyzed. {'l2': [], 'l1': [<Msg captured_interface=s1-eth2, sniff_timestamp=1636444066.7842708, pkt=<ICMP_RAW Packet>, in_port=s1-eth2, in_phy_port=s1-eth2>], 'l3': [<Msg captured_interface=s2-eth2, sniff_timestamp=1636444066.6727362, pkt=<ARP_RAW Packet>, in_port=2, in_phy_port=s1-eth2>, <Msg captured_interface=s2-eth2, sniff_timestamp=1636444066.8009546, pkt=<ICMP_RAW Packet>, in_port=2, in_phy_port=s1-eth2>, <Msg captured_interface=s2-eth2, sniff_timestamp=1636444071.8506181, pkt=<ARP_RAW Packet>, in_port=2, in_phy_port=s1-eth2>], 'l4': []}
2021-11-09 07:48:13,164 | 5292 | tracing_of_pipeline.analyzer, analyze_rest, 164 | INFO | These OpenFlowMessage could not be analyzed. {'s1': [<src.ofproto.msg.MsgForOFMsg object at 0x7fbbc2122df0>, <src.ofproto.msg.MsgForOFMsg object at 0x7fbbc2122eb0>, <src.ofproto.msg.MsgForOFMsg object at 0x7fbbc21296a0>], 's2': [<src.ofproto.msg.MsgForOFMsg object at 0x7fbbc2129730>, <src.ofproto.msg.MsgForOFMsg object at 0x7fbbc2129790>, <src.ofproto.msg.MsgForOFMsg object at 0x7fbbc21298b0>]}
2021-11-09 07:48:13,164 | 5292 | tracing_net.packet_repository, pop, 73 | ERROR | Failed to pop from packet repository (repo={})
2021-11-09 07:48:13,165 | 5292 | tracing_net.packet_repository, pop, 73 | ERROR | Failed to pop from packet repository (repo={})
2021-11-09 07:48:13,166 | 5292 | tracing_net.packet_repository, pop, 73 | ERROR | Failed to pop from packet repository (repo={})
2021-11-09 07:48:13,166 | 5292 | tracing_net.packet_repository, pop, 73 | ERROR | Failed to pop from packet repository (repo={})
2021-11-09 07:48:13,167 | 5292 | tracing_of_pipeline.analyzer, analyze, 251 | WARNING | No packet in edge l2
2021-11-09 07:48:13,167 | 5292 | tracing_of_pipeline.analyzer, analyze, 251 | WARNING | No packet in edge l1
2021-11-09 07:48:13,168 | 5292 | tracing_of_pipeline.analyzer, analyze, 251 | WARNING | No packet in edge l3
2021-11-09 07:48:13,169 | 5292 | tracing_of_pipeline.analyzer, analyze, 251 | WARNING | No packet in edge l4
2021-11-09 07:48:13,170 | 5292 | tracing_of_pipeline.analyzer, analyze_rest, 163 | INFO | These packets could not be analyzed. {'l2': [], 'l1': [], 'l3': [], 'l4': []}
2021-11-09 07:48:13,171 | 5292 | tracing_of_pipeline.analyzer, analyze_rest, 164 | INFO | These OpenFlowMessage could not be analyzed. {'s1': [], 's2': []}
2021-11-09 07:48:13,172 | 5292 | tracing_of_pipeline, stop, 150 | INFO | OpenFlow Tracer Stop
2021-11-09 07:48:13,173 | 5292 | tracing_net.net, stop_tracing, 541 | INFO | tracing stop
2021-11-09 07:48:13,176 | 5292 | tracing_net.net, stop, 317 | INFO | mininet stop
