2021-10-20 02:23:58,205 | 13594 | tracing_net.net, __init__, 99 | INFO | set up on-demand mininet
2021-10-20 02:23:58,207 | 13594 | tracing_of_pipeline, start, 108 | INFO | OpenFlow Tracer Start
2021-10-20 02:23:58,216 | 13594 | tracing_net.net, start, 312 | INFO | mininet start
2021-10-20 02:23:58,219 | 13594 | tracing_of_pipeline.analyzer, start_analyzing, 103 | INFO | start analyzing
2021-10-20 02:23:58,223 | 13594 | tracing_net.net, add_switch, 116 | DEBUG | added the switch (s1)
2021-10-20 02:23:58,318 | 13594 | tracing_net.net, add_host, 164 | DEBUG | added the host (h1)
2021-10-20 02:23:58,430 | 13594 | tracing_net.net, add_link, 203 | DEBUG | added the link (l2) between s1 and h1
2021-10-20 02:23:58,502 | 13594 | tracing_net.net, add_switch, 116 | DEBUG | added the switch (s2)
2021-10-20 02:23:58,562 | 13594 | tracing_net.net, add_link, 203 | DEBUG | added the link (l1) between s1 and s2
2021-10-20 02:23:58,649 | 13594 | tracing_net.net, add_host, 164 | DEBUG | added the host (h2)
2021-10-20 02:23:58,720 | 13594 | tracing_net.net, add_link, 203 | DEBUG | added the link (l3) between s2 and h2
2021-10-20 02:23:58,883 | 13594 | tracing_net.net, start_tracing, 525 | INFO | tracing start
2021-10-20 02:23:58,884 | 13594 | tracing_net.net, start_tracing, 527 | DEBUG | ipv6 is disable
2021-10-20 02:23:58,984 | 13730 | tracing_net.util.packet_capture, start_capture, 58 | INFO | packet capture start on s1-eth1
2021-10-20 02:23:58,984 | 13594 | tracing_net.packet_capture_manager, start_capture, 88 | DEBUG | capture process (s1-eth1:13730) started
2021-10-20 02:23:59,000 | 13594 | tracing_net.packet_capture_manager, start_capture, 88 | DEBUG | capture process (s1-eth2:13732) started
2021-10-20 02:23:59,008 | 13594 | tracing_net.packet_capture_manager, start_capture, 88 | DEBUG | capture process (s2-eth2:13735) started
2021-10-20 02:23:59,012 | 13594 | tracing_net.flowtable.flow_monitor, __init__, 46 | INFO | flow monitor start : s1
2021-10-20 02:23:59,019 | 13735 | tracing_net.util.packet_capture, start_capture, 58 | INFO | packet capture start on s2-eth2
2021-10-20 02:23:59,016 | 13732 | tracing_net.util.packet_capture, start_capture, 58 | INFO | packet capture start on s1-eth2
2021-10-20 02:23:59,021 | 13594 | tracing_net.flowtable.flow_monitor, __init__, 46 | INFO | flow monitor start : s2
2021-10-20 02:24:00,046 | 13737 | tracing_net.flowtable.flow_monitor, dump_flows, 57 | DEBUG | exec dump flows on s1
2021-10-20 02:24:00,067 | 13742 | tracing_net.flowtable.flow_monitor, dump_flows, 57 | DEBUG | exec dump flows on s2
2021-10-20 02:24:00,132 | 13737 | tracing_net.flowtable.flow_monitor, read_dump_flow, 74 | DEBUG | get result for dump flows 1634696640.076547 : ['OFPST_FLOW reply (OF1.3) (xid=0x2):']
2021-10-20 02:24:00,137 | 13737 | tracing_net.flowtable.flow_monitor, read_dump_flow, 83 | WARNING | No result dump flows
2021-10-20 02:24:00,145 | 13742 | tracing_net.flowtable.flow_monitor, read_dump_flow, 74 | DEBUG | get result for dump flows 1634696640.108343 : ['OFPST_FLOW reply (OF1.3) (xid=0x2):']
2021-10-20 02:24:00,147 | 13742 | tracing_net.flowtable.flow_monitor, read_dump_flow, 83 | WARNING | No result dump flows
2021-10-20 02:24:00,222 | 13594 | tracing_net.packet_repository, pop, 73 | ERROR | Failed to pop from packet repository (repo={})
2021-10-20 02:24:00,223 | 13594 | tracing_net.packet_repository, pop, 73 | ERROR | Failed to pop from packet repository (repo={})
2021-10-20 02:24:00,223 | 13594 | tracing_net.packet_repository, pop, 73 | ERROR | Failed to pop from packet repository (repo={})
2021-10-20 02:24:00,225 | 13594 | tracing_of_pipeline.analyzer, _poll_packet_inout_repo, 434 | DEBUG | tmp_p = None, s_dpip = 1
2021-10-20 02:24:00,228 | 13594 | tracing_of_pipeline.analyzer, _poll_packet_inout_repo, 434 | DEBUG | tmp_p = None, s_dpip = 2
2021-10-20 02:24:00,229 | 13594 | tracing_of_pipeline.analyzer, _polling, 394 | DEBUG | polled repository (start_time=1634696638.220934, until=0) values = {'l2': [], 'l1': [], 'l3': []} {} {'s1': [], 's2': []}
2021-10-20 02:24:00,230 | 13594 | tracing_of_pipeline.analyzer, analyze, 166 | WARNING | No packet in edge l2
2021-10-20 02:24:00,231 | 13594 | tracing_of_pipeline.analyzer, analyze, 166 | WARNING | No packet in edge l1
2021-10-20 02:24:00,235 | 13594 | tracing_of_pipeline.analyzer, analyze, 166 | WARNING | No packet in edge l3
2021-10-20 02:24:01,042 | 13737 | tracing_net.flowtable.flow_monitor, dump_flows, 57 | DEBUG | exec dump flows on s1
2021-10-20 02:24:01,067 | 13742 | tracing_net.flowtable.flow_monitor, dump_flows, 57 | DEBUG | exec dump flows on s2
2021-10-20 02:24:01,087 | 13737 | tracing_net.flowtable.flow_monitor, read_dump_flow, 74 | DEBUG | get result for dump flows 1634696641.059246 : ['OFPST_FLOW reply (OF1.3) (xid=0x2):']
2021-10-20 02:24:01,088 | 13737 | tracing_net.flowtable.flow_monitor, read_dump_flow, 83 | WARNING | No result dump flows
2021-10-20 02:24:01,108 | 13742 | tracing_net.flowtable.flow_monitor, read_dump_flow, 74 | DEBUG | get result for dump flows 1634696641.085586 : ['OFPST_FLOW reply (OF1.3) (xid=0x2):']
2021-10-20 02:24:01,108 | 13742 | tracing_net.flowtable.flow_monitor, read_dump_flow, 83 | WARNING | No result dump flows
2021-10-20 02:24:02,042 | 13737 | tracing_net.flowtable.flow_monitor, dump_flows, 57 | DEBUG | exec dump flows on s1
2021-10-20 02:24:02,067 | 13742 | tracing_net.flowtable.flow_monitor, dump_flows, 57 | DEBUG | exec dump flows on s2
2021-10-20 02:24:02,079 | 13737 | tracing_net.flowtable.flow_monitor, read_dump_flow, 74 | DEBUG | get result for dump flows 1634696642.063129 : ['OFPST_FLOW reply (OF1.3) (xid=0x2):']
2021-10-20 02:24:02,080 | 13737 | tracing_net.flowtable.flow_monitor, read_dump_flow, 83 | WARNING | No result dump flows
2021-10-20 02:24:02,097 | 13742 | tracing_net.flowtable.flow_monitor, read_dump_flow, 74 | DEBUG | get result for dump flows 1634696642.083092 : ['OFPST_FLOW reply (OF1.3) (xid=0x2):']
2021-10-20 02:24:02,098 | 13742 | tracing_net.flowtable.flow_monitor, read_dump_flow, 83 | WARNING | No result dump flows
2021-10-20 02:24:02,223 | 13594 | tracing_net.packet_repository, pop, 73 | ERROR | Failed to pop from packet repository (repo={})
2021-10-20 02:24:02,224 | 13594 | tracing_net.packet_repository, pop, 73 | ERROR | Failed to pop from packet repository (repo={})
2021-10-20 02:24:02,225 | 13594 | tracing_net.packet_repository, pop, 73 | ERROR | Failed to pop from packet repository (repo={})
2021-10-20 02:24:02,241 | 13594 | tracing_of_pipeline.analyzer, _poll_packet_inout_repo, 434 | DEBUG | tmp_p = None, s_dpip = 1
2021-10-20 02:24:02,245 | 13594 | tracing_of_pipeline.analyzer, _poll_packet_inout_repo, 434 | DEBUG | tmp_p = None, s_dpip = 2
2021-10-20 02:24:02,246 | 13594 | tracing_of_pipeline.analyzer, _polling, 394 | DEBUG | polled repository (start_time=1634696638.220934, until=1) values = {'l2': [], 'l1': [], 'l3': []} {} {'s1': [], 's2': []}
2021-10-20 02:24:02,246 | 13594 | tracing_of_pipeline.analyzer, analyze, 166 | WARNING | No packet in edge l2
2021-10-20 02:24:02,247 | 13594 | tracing_of_pipeline.analyzer, analyze, 166 | WARNING | No packet in edge l1
2021-10-20 02:24:02,248 | 13594 | tracing_of_pipeline.analyzer, analyze, 166 | WARNING | No packet in edge l3
2021-10-20 02:24:03,042 | 13737 | tracing_net.flowtable.flow_monitor, dump_flows, 57 | DEBUG | exec dump flows on s1
2021-10-20 02:24:03,069 | 13742 | tracing_net.flowtable.flow_monitor, dump_flows, 57 | DEBUG | exec dump flows on s2
2021-10-20 02:24:03,079 | 13737 | tracing_net.flowtable.flow_monitor, read_dump_flow, 74 | DEBUG | get result for dump flows 1634696643.056761 : ['OFPST_FLOW reply (OF1.3) (xid=0x2):']
2021-10-20 02:24:03,088 | 13737 | tracing_net.flowtable.flow_monitor, read_dump_flow, 83 | WARNING | No result dump flows
2021-10-20 02:24:03,095 | 13742 | tracing_net.flowtable.flow_monitor, read_dump_flow, 74 | DEBUG | get result for dump flows 1634696643.082487 : ['OFPST_FLOW reply (OF1.3) (xid=0x2):']
2021-10-20 02:24:03,095 | 13742 | tracing_net.flowtable.flow_monitor, read_dump_flow, 83 | WARNING | No result dump flows
2021-10-20 02:24:04,042 | 13737 | tracing_net.flowtable.flow_monitor, dump_flows, 57 | DEBUG | exec dump flows on s1
2021-10-20 02:24:04,067 | 13742 | tracing_net.flowtable.flow_monitor, dump_flows, 57 | DEBUG | exec dump flows on s2
2021-10-20 02:24:04,073 | 13737 | tracing_net.flowtable.flow_monitor, read_dump_flow, 74 | DEBUG | get result for dump flows 1634696644.057177 : ['OFPST_FLOW reply (OF1.3) (xid=0x2):', ' cookie=0x0, duration=0.746s, table=0, n_packets=0, n_bytes=0, priority=0 actions=CONTROLLER:65535']
2021-10-20 02:24:04,093 | 13737 | tracing_net.flowtable.flow_monitor, read_dump_flow, 80 | DEBUG | parsed dump flows result to table 1634696644.057177 : <FlowTables(datapath=0, timestamp=1634696644.057177, flows=[<Flow(table=0, priority=0, match={}, actions=[<InstructionApplyAction type=4>])>])>
2021-10-20 02:24:04,100 | 13742 | tracing_net.flowtable.flow_monitor, read_dump_flow, 74 | DEBUG | get result for dump flows 1634696644.087357 : ['OFPST_FLOW reply (OF1.3) (xid=0x2):', ' cookie=0x0, duration=0.773s, table=0, n_packets=0, n_bytes=0, priority=0 actions=CONTROLLER:65535']
2021-10-20 02:24:04,110 | 13742 | tracing_net.flowtable.flow_monitor, read_dump_flow, 80 | DEBUG | parsed dump flows result to table 1634696644.087357 : <FlowTables(datapath=0, timestamp=1634696644.087357, flows=[<Flow(table=0, priority=0, match={}, actions=[<InstructionApplyAction type=4>])>])>
2021-10-20 02:24:04,221 | 13594 | tracing_net.packet_repository, pop, 73 | ERROR | Failed to pop from packet repository (repo={})
2021-10-20 02:24:04,222 | 13594 | tracing_net.packet_repository, pop, 73 | ERROR | Failed to pop from packet repository (repo={})
2021-10-20 02:24:04,223 | 13594 | tracing_net.packet_repository, pop, 73 | ERROR | Failed to pop from packet repository (repo={})
2021-10-20 02:24:04,224 | 13594 | tracing_of_pipeline.analyzer, _poll_packet_inout_repo, 434 | DEBUG | tmp_p = None, s_dpip = 1
2021-10-20 02:24:04,226 | 13594 | tracing_of_pipeline.analyzer, _poll_packet_inout_repo, 434 | DEBUG | tmp_p = None, s_dpip = 2
2021-10-20 02:24:04,227 | 13594 | tracing_of_pipeline.analyzer, _polling, 394 | DEBUG | polled repository (start_time=1634696638.220934, until=2) values = {'l2': [], 'l1': [], 'l3': []} {} {'s1': [], 's2': []}
2021-10-20 02:24:04,229 | 13594 | tracing_of_pipeline.analyzer, analyze, 166 | WARNING | No packet in edge l2
2021-10-20 02:24:04,231 | 13594 | tracing_of_pipeline.analyzer, analyze, 166 | WARNING | No packet in edge l1
2021-10-20 02:24:04,233 | 13594 | tracing_of_pipeline.analyzer, analyze, 166 | WARNING | No packet in edge l3
2021-10-20 02:24:04,556 | 13594 | tracing_net.net, stop_tracing, 541 | INFO | tracing stop
2021-10-20 02:24:04,572 | 13594 | tracing_net.packet_capture_manager, stop_capture, 120 | DEBUG | capture process (s1-eth1:13730) terminated
2021-10-20 02:24:04,590 | 13594 | tracing_net.packet_capture_manager, stop_capture, 120 | DEBUG | capture process (s1-eth2:13732) terminated
2021-10-20 02:24:04,591 | 13594 | tracing_net.packet_capture_manager, stop_capture, 120 | DEBUG | capture process (s2-eth2:13735) terminated
2021-10-20 02:24:04,602 | 13594 | tracing_net.flowtable.flow_table_manager, stop_poller, 101 | DEBUG | poller process (s1:13737) terminated
2021-10-20 02:24:04,604 | 13594 | tracing_net.flowtable.flow_table_manager, stop_poller, 101 | DEBUG | poller process (s2:13742) terminated
2021-10-20 02:24:04,622 | 13594 | tracing_of_pipeline, stop, 130 | INFO | OpenFlow Tracer Stop
2021-10-20 02:24:04,622 | 13594 | tracing_net.net, stop_tracing, 541 | INFO | tracing stop
2021-10-20 02:24:04,629 | 13594 | tracing_net.packet_capture_manager, stop_capture, 120 | DEBUG | capture process (s1-eth1:13730) terminated
2021-10-20 02:24:04,633 | 13594 | tracing_net.packet_capture_manager, stop_capture, 120 | DEBUG | capture process (s1-eth2:13732) terminated
2021-10-20 02:24:04,648 | 13594 | tracing_net.packet_capture_manager, stop_capture, 120 | DEBUG | capture process (s2-eth2:13735) terminated
2021-10-20 02:24:04,670 | 13594 | tracing_net.flowtable.flow_table_manager, stop_poller, 101 | DEBUG | poller process (s1:13737) terminated
2021-10-20 02:24:04,697 | 13594 | tracing_net.flowtable.flow_table_manager, stop_poller, 101 | DEBUG | poller process (s2:13742) terminated
2021-10-20 02:24:04,787 | 13594 | tracing_net.net, stop, 317 | INFO | mininet stop
2021-10-20 02:24:05,298 | 13594 | tracing_net.net, stop, 550 | DEBUG | mininet stopped and all capture processes closed
