2021-11-09 08:33:36,715 | 5280 | tracing_net.net, __init__, 99 | INFO | set up on-demand mininet
2021-11-09 08:33:36,717 | 5280 | tracing_of_pipeline, start, 125 | INFO | OpenFlow Tracer Start
2021-11-09 08:33:36,727 | 5280 | tracing_net.net, start, 312 | INFO | mininet start
2021-11-09 08:33:36,728 | 5280 | tracing_of_pipeline.analyzer, start_analyzing, 143 | INFO | start analyzing interval (start_time = 1636446816.728424, interval = 2)
2021-11-09 08:33:37,536 | 5280 | tracing_net.net, start_tracing, 525 | INFO | tracing start
2021-11-09 08:33:37,567 | 5446 | tracing_net.util.packet_capture, start_capture, 65 | INFO | packet capture start on s1-eth1
2021-11-09 08:33:37,588 | 5448 | tracing_net.util.packet_capture, start_capture, 65 | INFO | packet capture start on s1-eth2
2021-11-09 08:33:37,589 | 5451 | tracing_net.util.packet_capture, start_capture, 65 | INFO | packet capture start on s2-eth2
2021-11-09 08:33:37,598 | 5280 | tracing_net.flowtable.flow_monitor, __init__, 46 | INFO | flow monitor start : s1
2021-11-09 08:33:37,619 | 5453 | tracing_net.util.packet_capture, start_capture, 65 | INFO | packet capture start on s1-eth3
2021-11-09 08:33:37,621 | 5280 | tracing_net.flowtable.flow_monitor, __init__, 46 | INFO | flow monitor start : s2
2021-11-09 08:33:38,697 | 5455 | tracing_net.flowtable.flow_monitor, read_dump_flow, 83 | WARNING | No result dump flows
2021-11-09 08:33:38,716 | 5460 | tracing_net.flowtable.flow_monitor, read_dump_flow, 83 | WARNING | No result dump flows
2021-11-09 08:33:38,730 | 5280 | tracing_net.packet_repository, pop, 73 | ERROR | Failed to pop from packet repository (repo={})
2021-11-09 08:33:38,738 | 5280 | tracing_net.packet_repository, pop, 73 | ERROR | Failed to pop from packet repository (repo={})
2021-11-09 08:33:38,739 | 5280 | tracing_net.packet_repository, pop, 73 | ERROR | Failed to pop from packet repository (repo={})
2021-11-09 08:33:38,742 | 5280 | tracing_net.packet_repository, pop, 73 | ERROR | Failed to pop from packet repository (repo={})
2021-11-09 08:33:38,751 | 5280 | tracing_of_pipeline.analyzer, analyze, 251 | WARNING | No packet in edge l2
2021-11-09 08:33:38,754 | 5280 | tracing_of_pipeline.analyzer, analyze, 251 | WARNING | No packet in edge l1
2021-11-09 08:33:38,755 | 5280 | tracing_of_pipeline.analyzer, analyze, 251 | WARNING | No packet in edge l3
2021-11-09 08:33:38,755 | 5280 | tracing_of_pipeline.analyzer, analyze, 251 | WARNING | No packet in edge l4
2021-11-09 08:33:39,679 | 5455 | tracing_net.flowtable.flow_monitor, read_dump_flow, 83 | WARNING | No result dump flows
2021-11-09 08:33:39,681 | 5460 | tracing_net.flowtable.flow_monitor, read_dump_flow, 83 | WARNING | No result dump flows
2021-11-09 08:33:40,642 | 5455 | tracing_net.flowtable.flow_monitor, read_dump_flow, 83 | WARNING | No result dump flows
2021-11-09 08:33:40,662 | 5460 | tracing_net.flowtable.flow_monitor, read_dump_flow, 83 | WARNING | No result dump flows
2021-11-09 08:33:40,731 | 5280 | tracing_net.packet_repository, pop, 73 | ERROR | Failed to pop from packet repository (repo={})
2021-11-09 08:33:40,732 | 5280 | tracing_net.packet_repository, pop, 73 | ERROR | Failed to pop from packet repository (repo={})
2021-11-09 08:33:40,733 | 5280 | tracing_net.packet_repository, pop, 73 | ERROR | Failed to pop from packet repository (repo={})
2021-11-09 08:33:40,734 | 5280 | tracing_net.packet_repository, pop, 73 | ERROR | Failed to pop from packet repository (repo={})
2021-11-09 08:33:40,736 | 5280 | tracing_of_pipeline.analyzer, analyze, 251 | WARNING | No packet in edge l2
2021-11-09 08:33:40,736 | 5280 | tracing_of_pipeline.analyzer, analyze, 251 | WARNING | No packet in edge l1
2021-11-09 08:33:40,737 | 5280 | tracing_of_pipeline.analyzer, analyze, 251 | WARNING | No packet in edge l3
2021-11-09 08:33:40,737 | 5280 | tracing_of_pipeline.analyzer, analyze, 251 | WARNING | No packet in edge l4
2021-11-09 08:33:42,731 | 5280 | tracing_net.packet_repository, pop, 73 | ERROR | Failed to pop from packet repository (repo={})
2021-11-09 08:33:42,732 | 5280 | tracing_net.packet_repository, pop, 73 | ERROR | Failed to pop from packet repository (repo={})
2021-11-09 08:33:42,733 | 5280 | tracing_net.packet_repository, pop, 73 | ERROR | Failed to pop from packet repository (repo={})
2021-11-09 08:33:42,734 | 5280 | tracing_net.packet_repository, pop, 73 | ERROR | Failed to pop from packet repository (repo={})
2021-11-09 08:33:42,736 | 5280 | tracing_of_pipeline.analyzer, analyze, 251 | WARNING | No packet in edge l2
2021-11-09 08:33:42,736 | 5280 | tracing_of_pipeline.analyzer, analyze, 251 | WARNING | No packet in edge l1
2021-11-09 08:33:42,737 | 5280 | tracing_of_pipeline.analyzer, analyze, 251 | WARNING | No packet in edge l3
2021-11-09 08:33:42,737 | 5280 | tracing_of_pipeline.analyzer, analyze, 251 | WARNING | No packet in edge l4
2021-11-09 08:33:44,736 | 5280 | tracing_net.packet_repository, pop, 73 | ERROR | Failed to pop from packet repository (repo={})
2021-11-09 08:33:44,737 | 5280 | tracing_net.packet_repository, pop, 73 | ERROR | Failed to pop from packet repository (repo={})
2021-11-09 08:33:44,738 | 5280 | tracing_net.packet_repository, pop, 73 | ERROR | Failed to pop from packet repository (repo={})
2021-11-09 08:33:44,739 | 5280 | tracing_net.packet_repository, pop, 73 | ERROR | Failed to pop from packet repository (repo={})
2021-11-09 08:33:44,740 | 5280 | tracing_of_pipeline.analyzer, analyze, 251 | WARNING | No packet in edge l2
2021-11-09 08:33:44,741 | 5280 | tracing_of_pipeline.analyzer, analyze, 251 | WARNING | No packet in edge l1
2021-11-09 08:33:44,741 | 5280 | tracing_of_pipeline.analyzer, analyze, 251 | WARNING | No packet in edge l3
2021-11-09 08:33:44,742 | 5280 | tracing_of_pipeline.analyzer, analyze, 251 | WARNING | No packet in edge l4
2021-11-09 08:33:46,764 | 5280 | tracing_net.packet_repository, pop, 73 | ERROR | Failed to pop from packet repository (repo={})
2021-11-09 08:33:46,765 | 5280 | tracing_net.packet_repository, pop, 73 | ERROR | Failed to pop from packet repository (repo={})
2021-11-09 08:33:46,766 | 5280 | tracing_net.packet_repository, pop, 73 | ERROR | Failed to pop from packet repository (repo={})
2021-11-09 08:33:46,766 | 5280 | tracing_net.packet_repository, pop, 73 | ERROR | Failed to pop from packet repository (repo={})
2021-11-09 08:33:46,768 | 5280 | tracing_of_pipeline.analyzer, analyze, 251 | WARNING | No packet in edge l2
2021-11-09 08:33:46,769 | 5280 | tracing_of_pipeline.analyzer, analyze, 251 | WARNING | No packet in edge l1
2021-11-09 08:33:46,769 | 5280 | tracing_of_pipeline.analyzer, analyze, 251 | WARNING | No packet in edge l3
2021-11-09 08:33:46,770 | 5280 | tracing_of_pipeline.analyzer, analyze, 251 | WARNING | No packet in edge l4
2021-11-09 08:33:48,768 | 5280 | tracing_net.packet_repository, pop, 73 | ERROR | Failed to pop from packet repository (repo={})
2021-11-09 08:33:48,769 | 5280 | tracing_net.packet_repository, pop, 73 | ERROR | Failed to pop from packet repository (repo={})
2021-11-09 08:33:48,770 | 5280 | tracing_net.packet_repository, pop, 73 | ERROR | Failed to pop from packet repository (repo={})
2021-11-09 08:33:48,770 | 5280 | tracing_net.packet_repository, pop, 73 | ERROR | Failed to pop from packet repository (repo={})
2021-11-09 08:33:48,775 | 5280 | tracing_of_pipeline.analyzer, analyze, 251 | WARNING | No packet in edge l2
2021-11-09 08:33:48,776 | 5280 | tracing_of_pipeline.analyzer, analyze, 251 | WARNING | No packet in edge l1
2021-11-09 08:33:48,777 | 5280 | tracing_of_pipeline.analyzer, analyze, 251 | WARNING | No packet in edge l3
2021-11-09 08:33:48,777 | 5280 | tracing_of_pipeline.analyzer, analyze, 251 | WARNING | No packet in edge l4
2021-11-09 08:33:50,739 | 5280 | tracing_net.packet_repository, pop, 73 | ERROR | Failed to pop from packet repository (repo={})
2021-11-09 08:33:50,740 | 5280 | tracing_net.packet_repository, pop, 73 | ERROR | Failed to pop from packet repository (repo={})
2021-11-09 08:33:50,740 | 5280 | tracing_net.packet_repository, pop, 73 | ERROR | Failed to pop from packet repository (repo={})
2021-11-09 08:33:50,741 | 5280 | tracing_net.packet_repository, pop, 73 | ERROR | Failed to pop from packet repository (repo={})
2021-11-09 08:33:50,742 | 5280 | tracing_of_pipeline.analyzer, analyze, 251 | WARNING | No packet in edge l2
2021-11-09 08:33:50,742 | 5280 | tracing_of_pipeline.analyzer, analyze, 251 | WARNING | No packet in edge l1
2021-11-09 08:33:50,743 | 5280 | tracing_of_pipeline.analyzer, analyze, 251 | WARNING | No packet in edge l3
2021-11-09 08:33:50,743 | 5280 | tracing_of_pipeline.analyzer, analyze, 251 | WARNING | No packet in edge l4
2021-11-09 08:33:52,729 | 5280 | tracing_net.packet_repository, pop, 73 | ERROR | Failed to pop from packet repository (repo={})
2021-11-09 08:33:52,730 | 5280 | tracing_net.packet_repository, pop, 73 | ERROR | Failed to pop from packet repository (repo={})
2021-11-09 08:33:52,731 | 5280 | tracing_net.packet_repository, pop, 73 | ERROR | Failed to pop from packet repository (repo={})
2021-11-09 08:33:52,731 | 5280 | tracing_net.packet_repository, pop, 73 | ERROR | Failed to pop from packet repository (repo={})
2021-11-09 08:33:52,732 | 5280 | tracing_of_pipeline.analyzer, analyze, 251 | WARNING | No packet in edge l2
2021-11-09 08:33:52,733 | 5280 | tracing_of_pipeline.analyzer, analyze, 251 | WARNING | No packet in edge l1
2021-11-09 08:33:52,733 | 5280 | tracing_of_pipeline.analyzer, analyze, 251 | WARNING | No packet in edge l3
2021-11-09 08:33:52,734 | 5280 | tracing_of_pipeline.analyzer, analyze, 251 | WARNING | No packet in edge l4
2021-11-09 08:33:54,729 | 5280 | tracing_net.packet_repository, pop, 73 | ERROR | Failed to pop from packet repository (repo={})
2021-11-09 08:33:54,730 | 5280 | tracing_net.packet_repository, pop, 73 | ERROR | Failed to pop from packet repository (repo={})
2021-11-09 08:33:54,730 | 5280 | tracing_net.packet_repository, pop, 73 | ERROR | Failed to pop from packet repository (repo={})
2021-11-09 08:33:54,731 | 5280 | tracing_net.packet_repository, pop, 73 | ERROR | Failed to pop from packet repository (repo={})
2021-11-09 08:33:54,732 | 5280 | tracing_of_pipeline.analyzer, analyze, 251 | WARNING | No packet in edge l2
2021-11-09 08:33:54,732 | 5280 | tracing_of_pipeline.analyzer, analyze, 251 | WARNING | No packet in edge l1
2021-11-09 08:33:54,732 | 5280 | tracing_of_pipeline.analyzer, analyze, 251 | WARNING | No packet in edge l3
2021-11-09 08:33:54,733 | 5280 | tracing_of_pipeline.analyzer, analyze, 251 | WARNING | No packet in edge l4
2021-11-09 08:33:56,742 | 5280 | tracing_net.packet_repository, pop, 73 | ERROR | Failed to pop from packet repository (repo={})
2021-11-09 08:33:56,743 | 5280 | tracing_net.packet_repository, pop, 73 | ERROR | Failed to pop from packet repository (repo={})
2021-11-09 08:33:56,744 | 5280 | tracing_net.packet_repository, pop, 73 | ERROR | Failed to pop from packet repository (repo={})
2021-11-09 08:33:56,744 | 5280 | tracing_net.packet_repository, pop, 73 | ERROR | Failed to pop from packet repository (repo={})
2021-11-09 08:33:56,746 | 5280 | tracing_of_pipeline.analyzer, analyze, 251 | WARNING | No packet in edge l2
2021-11-09 08:33:56,746 | 5280 | tracing_of_pipeline.analyzer, analyze, 251 | WARNING | No packet in edge l1
2021-11-09 08:33:56,747 | 5280 | tracing_of_pipeline.analyzer, analyze, 251 | WARNING | No packet in edge l3
2021-11-09 08:33:56,747 | 5280 | tracing_of_pipeline.analyzer, analyze, 251 | WARNING | No packet in edge l4
2021-11-09 08:33:58,729 | 5280 | tracing_net.packet_repository, pop, 73 | ERROR | Failed to pop from packet repository (repo={})
2021-11-09 08:33:58,730 | 5280 | tracing_net.packet_repository, pop, 73 | ERROR | Failed to pop from packet repository (repo={})
2021-11-09 08:33:58,731 | 5280 | tracing_net.packet_repository, pop, 73 | ERROR | Failed to pop from packet repository (repo={})
2021-11-09 08:33:58,733 | 5280 | tracing_net.packet_repository, pop, 73 | ERROR | Failed to pop from packet repository (repo={})
2021-11-09 08:33:58,735 | 5280 | tracing_of_pipeline.analyzer, analyze, 251 | WARNING | No packet in edge l2
2021-11-09 08:33:58,736 | 5280 | tracing_of_pipeline.analyzer, analyze, 251 | WARNING | No packet in edge l1
2021-11-09 08:33:58,736 | 5280 | tracing_of_pipeline.analyzer, analyze, 251 | WARNING | No packet in edge l3
2021-11-09 08:33:58,737 | 5280 | tracing_of_pipeline.analyzer, analyze, 251 | WARNING | No packet in edge l4
2021-11-09 08:34:00,729 | 5280 | tracing_net.packet_repository, pop, 73 | ERROR | Failed to pop from packet repository (repo={})
2021-11-09 08:34:00,730 | 5280 | tracing_net.packet_repository, pop, 73 | ERROR | Failed to pop from packet repository (repo={})
2021-11-09 08:34:00,731 | 5280 | tracing_net.packet_repository, pop, 73 | ERROR | Failed to pop from packet repository (repo={})
2021-11-09 08:34:00,731 | 5280 | tracing_net.packet_repository, pop, 73 | ERROR | Failed to pop from packet repository (repo={})
2021-11-09 08:34:00,733 | 5280 | tracing_of_pipeline.analyzer, analyze, 251 | WARNING | No packet in edge l2
2021-11-09 08:34:00,734 | 5280 | tracing_of_pipeline.analyzer, analyze, 251 | WARNING | No packet in edge l1
2021-11-09 08:34:00,734 | 5280 | tracing_of_pipeline.analyzer, analyze, 251 | WARNING | No packet in edge l3
2021-11-09 08:34:00,734 | 5280 | tracing_of_pipeline.analyzer, analyze, 251 | WARNING | No packet in edge l4
2021-11-09 08:34:02,729 | 5280 | tracing_net.packet_repository, pop, 73 | ERROR | Failed to pop from packet repository (repo={})
2021-11-09 08:34:02,730 | 5280 | tracing_net.packet_repository, pop, 73 | ERROR | Failed to pop from packet repository (repo={})
2021-11-09 08:34:02,731 | 5280 | tracing_net.packet_repository, pop, 73 | ERROR | Failed to pop from packet repository (repo={})
2021-11-09 08:34:02,732 | 5280 | tracing_net.packet_repository, pop, 73 | ERROR | Failed to pop from packet repository (repo={})
2021-11-09 08:34:02,734 | 5280 | tracing_of_pipeline.analyzer, analyze, 251 | WARNING | No packet in edge l2
2021-11-09 08:34:02,735 | 5280 | tracing_of_pipeline.analyzer, analyze, 251 | WARNING | No packet in edge l1
2021-11-09 08:34:02,735 | 5280 | tracing_of_pipeline.analyzer, analyze, 251 | WARNING | No packet in edge l3
2021-11-09 08:34:02,736 | 5280 | tracing_of_pipeline.analyzer, analyze, 251 | WARNING | No packet in edge l4
2021-11-09 08:34:04,729 | 5280 | tracing_net.packet_repository, pop, 73 | ERROR | Failed to pop from packet repository (repo={})
2021-11-09 08:34:04,730 | 5280 | tracing_net.packet_repository, pop, 73 | ERROR | Failed to pop from packet repository (repo={})
2021-11-09 08:34:04,731 | 5280 | tracing_net.packet_repository, pop, 73 | ERROR | Failed to pop from packet repository (repo={})
2021-11-09 08:34:04,732 | 5280 | tracing_net.packet_repository, pop, 73 | ERROR | Failed to pop from packet repository (repo={})
2021-11-09 08:34:04,733 | 5280 | tracing_of_pipeline.analyzer, analyze, 251 | WARNING | No packet in edge l2
2021-11-09 08:34:04,734 | 5280 | tracing_of_pipeline.analyzer, analyze, 251 | WARNING | No packet in edge l1
2021-11-09 08:34:04,734 | 5280 | tracing_of_pipeline.analyzer, analyze, 251 | WARNING | No packet in edge l3
2021-11-09 08:34:04,735 | 5280 | tracing_of_pipeline.analyzer, analyze, 251 | WARNING | No packet in edge l4
2021-11-09 08:34:06,729 | 5280 | tracing_net.packet_repository, pop, 73 | ERROR | Failed to pop from packet repository (repo={'s1-eth1': [<Msg captured_interface=s1-eth1, sniff_timestamp=1636446845.953207, pkt=<ARP_RAW Packet>, in_port=s1-eth1, in_phy_port=s1-eth1>, <Msg captured_interface=s1-eth1, sniff_timestamp=1636446846.037204, pkt=<ARP_RAW Packet>, in_port=s1-eth1, in_phy_port=s1-eth1>, <Msg captured_interface=s1-eth1, sniff_timestamp=1636446846.037216, pkt=<ICMP_RAW Packet>, in_port=s1-eth1, in_phy_port=s1-eth1>], 's2-eth2': [<Msg captured_interface=s2-eth2, sniff_timestamp=1636446845.9911983, pkt=<ARP_RAW Packet>, in_port=s2-eth2, in_phy_port=s2-eth2>, <Msg captured_interface=s2-eth2, sniff_timestamp=1636446845.9912271, pkt=<ARP_RAW Packet>, in_port=s2-eth2, in_phy_port=s2-eth2>, <Msg captured_interface=s2-eth2, sniff_timestamp=1636446846.055917, pkt=<ICMP_RAW Packet>, in_port=s2-eth2, in_phy_port=s2-eth2>], 's1-eth2': [<Msg captured_interface=s1-eth2, sniff_timestamp=1636446845.9589102, pkt=<ARP_RAW Packet>, in_port=s1-eth2, in_phy_port=s1-eth2>, <Msg captured_interface=s1-eth2, sniff_timestamp=1636446846.0064054, pkt=<ARP_RAW Packet>, in_port=s1-eth2, in_phy_port=s1-eth2>, <Msg captured_interface=s1-eth2, sniff_timestamp=1636446846.0510058, pkt=<ICMP_RAW Packet>, in_port=s1-eth2, in_phy_port=s1-eth2>]})
2021-11-09 08:34:06,730 | 5280 | tracing_of_pipeline.analyzer, analyze, 251 | WARNING | No packet in edge l2
2021-11-09 08:34:06,731 | 5280 | tracing_of_pipeline.analyzer, analyze, 251 | WARNING | No packet in edge l1
2021-11-09 08:34:06,731 | 5280 | tracing_of_pipeline.analyzer, analyze, 251 | WARNING | No packet in edge l3
2021-11-09 08:34:06,732 | 5280 | tracing_of_pipeline.analyzer, analyze, 251 | WARNING | No packet in edge l4
2021-11-09 08:34:08,740 | 5280 | tracing_net.packet_repository, pop, 73 | ERROR | Failed to pop from packet repository (repo={'s1-eth1': [<Msg captured_interface=s1-eth1, sniff_timestamp=1636446845.953207, pkt=<ARP_RAW Packet>, in_port=s1-eth1, in_phy_port=s1-eth1>, <Msg captured_interface=s1-eth1, sniff_timestamp=1636446846.037204, pkt=<ARP_RAW Packet>, in_port=s1-eth1, in_phy_port=s1-eth1>, <Msg captured_interface=s1-eth1, sniff_timestamp=1636446846.037216, pkt=<ICMP_RAW Packet>, in_port=s1-eth1, in_phy_port=s1-eth1>], 's2-eth2': [<Msg captured_interface=s2-eth2, sniff_timestamp=1636446845.9911983, pkt=<ARP_RAW Packet>, in_port=s2-eth2, in_phy_port=s2-eth2>, <Msg captured_interface=s2-eth2, sniff_timestamp=1636446845.9912271, pkt=<ARP_RAW Packet>, in_port=s2-eth2, in_phy_port=s2-eth2>, <Msg captured_interface=s2-eth2, sniff_timestamp=1636446846.055917, pkt=<ICMP_RAW Packet>, in_port=s2-eth2, in_phy_port=s2-eth2>], 's1-eth2': [<Msg captured_interface=s1-eth2, sniff_timestamp=1636446845.9589102, pkt=<ARP_RAW Packet>, in_port=s1-eth2, in_phy_port=s1-eth2>, <Msg captured_interface=s1-eth2, sniff_timestamp=1636446846.0064054, pkt=<ARP_RAW Packet>, in_port=s1-eth2, in_phy_port=s1-eth2>, <Msg captured_interface=s1-eth2, sniff_timestamp=1636446846.0510058, pkt=<ICMP_RAW Packet>, in_port=s1-eth2, in_phy_port=s1-eth2>]})
2021-11-09 08:34:08,741 | 5280 | tracing_of_pipeline.analyzer, analyze, 251 | WARNING | No packet in edge l2
2021-11-09 08:34:08,742 | 5280 | tracing_of_pipeline.analyzer, analyze, 251 | WARNING | No packet in edge l1
2021-11-09 08:34:08,742 | 5280 | tracing_of_pipeline.analyzer, analyze, 251 | WARNING | No packet in edge l3
2021-11-09 08:34:08,743 | 5280 | tracing_of_pipeline.analyzer, analyze, 251 | WARNING | No packet in edge l4
2021-11-09 08:34:10,739 | 5280 | tracing_net.packet_repository, pop, 73 | ERROR | Failed to pop from packet repository (repo={'s1-eth1': [], 's2-eth2': [], 's1-eth2': []})
2021-11-09 08:34:10,767 | 5280 | tracing_of_pipeline.analyzer, analyze, 248 | WARNING | edge l1 is not terminal edge. The analysis done before may not have been done properly.
2021-11-09 08:34:10,771 | 5280 | tracing_of_pipeline.analyzer, analyze, 251 | WARNING | No packet in edge l4
2021-11-09 08:34:12,729 | 5280 | tracing_net.packet_repository, pop, 73 | ERROR | Failed to pop from packet repository (repo={'s1-eth1': [<Msg captured_interface=s1-eth1, sniff_timestamp=1636446851.183135, pkt=<ARP_RAW Packet>, in_port=s1-eth1, in_phy_port=s1-eth1>], 's2-eth2': [<Msg captured_interface=s2-eth2, sniff_timestamp=1636446851.1827774, pkt=<ARP_RAW Packet>, in_port=s2-eth2, in_phy_port=s2-eth2>], 's1-eth2': [<Msg captured_interface=s1-eth2, sniff_timestamp=1636446851.183017, pkt=<ARP_RAW Packet>, in_port=s1-eth2, in_phy_port=s1-eth2>]})
2021-11-09 08:34:12,736 | 5280 | tracing_of_pipeline.analyzer, analyze, 248 | WARNING | edge l1 is not terminal edge. The analysis done before may not have been done properly.
2021-11-09 08:34:12,741 | 5280 | tracing_of_pipeline.analyzer, analyze, 251 | WARNING | No packet in edge l4
2021-11-09 08:34:14,729 | 5280 | tracing_net.packet_repository, pop, 73 | ERROR | Failed to pop from packet repository (repo={'s1-eth1': [], 's2-eth2': [], 's1-eth2': []})
2021-11-09 08:34:14,736 | 5280 | tracing_of_pipeline.analyzer, analyze, 248 | WARNING | edge l1 is not terminal edge. The analysis done before may not have been done properly.
2021-11-09 08:34:14,743 | 5280 | tracing_of_pipeline.analyzer, analyze, 251 | WARNING | No packet in edge l4
2021-11-09 08:34:16,729 | 5280 | tracing_net.packet_repository, pop, 73 | ERROR | Failed to pop from packet repository (repo={'s1-eth1': [], 's2-eth2': [], 's1-eth2': []})
2021-11-09 08:34:16,741 | 5280 | tracing_of_pipeline.analyzer, analyze, 248 | WARNING | edge l1 is not terminal edge. The analysis done before may not have been done properly.
2021-11-09 08:34:16,757 | 5280 | tracing_of_pipeline.analyzer, analyze, 251 | WARNING | No packet in edge l4
2021-11-09 08:34:18,729 | 5280 | tracing_net.packet_repository, pop, 73 | ERROR | Failed to pop from packet repository (repo={'s1-eth1': [], 's2-eth2': [], 's1-eth2': []})
2021-11-09 08:34:18,731 | 5280 | tracing_of_pipeline.analyzer, analyze, 251 | WARNING | No packet in edge l2
2021-11-09 08:34:18,731 | 5280 | tracing_of_pipeline.analyzer, analyze, 248 | WARNING | edge l1 is not terminal edge. The analysis done before may not have been done properly.
2021-11-09 08:34:18,741 | 5280 | tracing_of_pipeline.analyzer, analyze, 251 | WARNING | No packet in edge l4
2021-11-09 08:34:20,729 | 5280 | tracing_net.packet_repository, pop, 73 | ERROR | Failed to pop from packet repository (repo={'s1-eth1': [], 's2-eth2': [], 's1-eth2': []})
2021-11-09 08:34:20,730 | 5280 | tracing_of_pipeline.analyzer, analyze, 251 | WARNING | No packet in edge l2
2021-11-09 08:34:20,731 | 5280 | tracing_of_pipeline.analyzer, analyze, 248 | WARNING | edge l1 is not terminal edge. The analysis done before may not have been done properly.
2021-11-09 08:34:20,735 | 5280 | tracing_of_pipeline.analyzer, analyze, 251 | WARNING | No packet in edge l4
2021-11-09 08:34:22,730 | 5280 | tracing_net.packet_repository, pop, 73 | ERROR | Failed to pop from packet repository (repo={'s1-eth1': [], 's2-eth2': [], 's1-eth2': []})
2021-11-09 08:34:22,731 | 5280 | tracing_of_pipeline.analyzer, analyze, 251 | WARNING | No packet in edge l2
2021-11-09 08:34:22,731 | 5280 | tracing_of_pipeline.analyzer, analyze, 248 | WARNING | edge l1 is not terminal edge. The analysis done before may not have been done properly.
2021-11-09 08:34:22,735 | 5280 | tracing_of_pipeline.analyzer, analyze, 251 | WARNING | No packet in edge l4
2021-11-09 08:34:24,729 | 5280 | tracing_net.packet_repository, pop, 73 | ERROR | Failed to pop from packet repository (repo={'s1-eth1': [], 's2-eth2': [], 's1-eth2': []})
2021-11-09 08:34:24,730 | 5280 | tracing_of_pipeline.analyzer, analyze, 251 | WARNING | No packet in edge l2
2021-11-09 08:34:24,731 | 5280 | tracing_of_pipeline.analyzer, analyze, 248 | WARNING | edge l1 is not terminal edge. The analysis done before may not have been done properly.
2021-11-09 08:34:24,736 | 5280 | tracing_of_pipeline.analyzer, analyze, 251 | WARNING | No packet in edge l4
2021-11-09 08:34:26,729 | 5280 | tracing_net.packet_repository, pop, 73 | ERROR | Failed to pop from packet repository (repo={'s1-eth1': [], 's2-eth2': [], 's1-eth2': []})
2021-11-09 08:34:26,730 | 5280 | tracing_of_pipeline.analyzer, analyze, 251 | WARNING | No packet in edge l2
2021-11-09 08:34:26,731 | 5280 | tracing_of_pipeline.analyzer, analyze, 248 | WARNING | edge l1 is not terminal edge. The analysis done before may not have been done properly.
2021-11-09 08:34:26,733 | 5280 | tracing_of_pipeline.analyzer, analyze, 251 | WARNING | No packet in edge l4
2021-11-09 08:34:28,747 | 5280 | tracing_net.packet_repository, pop, 73 | ERROR | Failed to pop from packet repository (repo={'s1-eth1': [], 's2-eth2': [], 's1-eth2': []})
2021-11-09 08:34:28,756 | 5280 | tracing_of_pipeline.analyzer, analyze, 251 | WARNING | No packet in edge l2
2021-11-09 08:34:28,757 | 5280 | tracing_of_pipeline.analyzer, analyze, 248 | WARNING | edge l1 is not terminal edge. The analysis done before may not have been done properly.
2021-11-09 08:34:28,760 | 5280 | tracing_of_pipeline.analyzer, analyze, 251 | WARNING | No packet in edge l4
2021-11-09 08:34:29,398 | 5280 | tracing_net.net, stop_tracing, 541 | INFO | tracing stop
2021-11-09 08:34:29,403 | 5280 | tracing_of_pipeline.analyzer, stop_analyzing, 151 | INFO | stop analyzing interval. (last count = 26)
2021-11-09 08:34:29,415 | 5280 | tracing_net.packet_repository, pop, 73 | ERROR | Failed to pop from packet repository (repo={})
2021-11-09 08:34:29,417 | 5280 | tracing_of_pipeline.analyzer, analyze, 251 | WARNING | No packet in edge l2
2021-11-09 08:34:29,418 | 5280 | tracing_of_pipeline.analyzer, analyze, 248 | WARNING | edge l1 is not terminal edge. The analysis done before may not have been done properly.
2021-11-09 08:34:29,421 | 5280 | tracing_of_pipeline.analyzer, analyze, 251 | WARNING | No packet in edge l4
2021-11-09 08:34:29,422 | 5280 | tracing_of_pipeline.analyzer, analyze_rest, 163 | INFO | These packets could not be analyzed. {'l2': [], 'l1': [<Msg captured_interface=s1-eth2, sniff_timestamp=1636446846.0064054, pkt=<ARP_RAW Packet>, in_port=s1-eth2, in_phy_port=s1-eth2>, <Msg captured_interface=s1-eth2, sniff_timestamp=1636446846.0510058, pkt=<ICMP_RAW Packet>, in_port=s1-eth2, in_phy_port=s1-eth2>, <Msg captured_interface=s1-eth2, sniff_timestamp=1636446846.056016, pkt=<ICMP_RAW Packet>, in_port=s1-eth2, in_phy_port=s1-eth2>], 'l3': [<Msg captured_interface=s2-eth2, sniff_timestamp=1636446851.1827774, pkt=<ARP_RAW Packet>, in_port=2, in_phy_port=s1-eth2>], 'l4': []}
2021-11-09 08:34:29,423 | 5280 | tracing_of_pipeline.analyzer, analyze_rest, 164 | INFO | These OpenFlowMessage could not be analyzed. {'s1': [<src.ofproto.msg.MsgForOFMsg object at 0x7fed827871f0>, <src.ofproto.msg.MsgForOFMsg object at 0x7fed827872b0>, <src.ofproto.msg.MsgForOFMsg object at 0x7fed82787460>], 's2': [<src.ofproto.msg.MsgForOFMsg object at 0x7fed827874f0>, <src.ofproto.msg.MsgForOFMsg object at 0x7fed82787550>, <src.ofproto.msg.MsgForOFMsg object at 0x7fed82787670>]}
