2021-11-08 06:18:43,633 | 30280 | tracing_net.net, __init__, 99 | INFO | set up on-demand mininet
2021-11-08 06:18:43,636 | 30280 | tracing_of_pipeline, start, 124 | INFO | OpenFlow Tracer Start
2021-11-08 06:18:43,649 | 30280 | tracing_net.net, start, 312 | INFO | mininet start
2021-11-08 06:18:43,650 | 30280 | tracing_of_pipeline.analyzer, start_analyzing, 113 | INFO | start analyzing interval (start_time = 1636352323.650808, interval = 2)
2021-11-08 06:18:43,656 | 30280 | tracing_net.net, add_switch, 116 | DEBUG | added the switch (s1)
2021-11-08 06:18:43,836 | 30280 | tracing_net.net, add_host, 164 | DEBUG | added the host (h1)
2021-11-08 06:18:43,883 | 30280 | tracing_net.net, add_link, 203 | DEBUG | added the link (l2) between s1 and h1
2021-11-08 06:18:43,937 | 30280 | tracing_net.net, add_switch, 116 | DEBUG | added the switch (s2)
2021-11-08 06:18:43,998 | 30280 | tracing_net.net, add_link, 203 | DEBUG | added the link (l1) between s1 and s2
2021-11-08 06:18:44,070 | 30280 | tracing_net.net, add_host, 164 | DEBUG | added the host (h2)
2021-11-08 06:18:44,127 | 30280 | tracing_net.net, add_link, 203 | DEBUG | added the link (l3) between s2 and h2
2021-11-08 06:18:44,243 | 30280 | tracing_net.net, add_host, 164 | DEBUG | added the host (h3)
2021-11-08 06:18:44,274 | 30280 | tracing_net.net, add_link, 203 | DEBUG | added the link (l4) between s1 and h3
2021-11-08 06:18:44,351 | 30280 | tracing_net.net, start_tracing, 525 | INFO | tracing start
2021-11-08 06:18:44,351 | 30280 | tracing_net.net, start_tracing, 527 | DEBUG | ipv6 is disable
2021-11-08 06:18:44,447 | 30280 | tracing_net.packet_capture_manager, start_capture, 88 | DEBUG | capture process (s1-eth1:30449) started
2021-11-08 06:18:44,454 | 30449 | tracing_net.util.packet_capture, start_capture, 65 | INFO | packet capture start on s1-eth1
2021-11-08 06:18:44,463 | 30280 | tracing_net.packet_capture_manager, start_capture, 88 | DEBUG | capture process (s1-eth2:30451) started
2021-11-08 06:18:44,476 | 30451 | tracing_net.util.packet_capture, start_capture, 65 | INFO | packet capture start on s1-eth2
2021-11-08 06:18:44,480 | 30280 | tracing_net.packet_capture_manager, start_capture, 88 | DEBUG | capture process (s2-eth2:30453) started
2021-11-08 06:18:44,492 | 30453 | tracing_net.util.packet_capture, start_capture, 65 | INFO | packet capture start on s2-eth2
2021-11-08 06:18:44,495 | 30280 | tracing_net.packet_capture_manager, start_capture, 88 | DEBUG | capture process (s1-eth3:30455) started
2021-11-08 06:18:44,502 | 30280 | tracing_net.flowtable.flow_monitor, __init__, 46 | INFO | flow monitor start : s1
2021-11-08 06:18:44,509 | 30455 | tracing_net.util.packet_capture, start_capture, 65 | INFO | packet capture start on s1-eth3
2021-11-08 06:18:44,512 | 30280 | tracing_net.flowtable.flow_monitor, __init__, 46 | INFO | flow monitor start : s2
2021-11-08 06:18:44,910 | 30457 | tracing_net.flowtable.flow_monitor, flow_monitor, 99 | DEBUG | flow monitor get result NXST_FLOW_MONITOR reply (xid=0x4):
2021-11-08 06:18:44,912 | 30460 | tracing_net.flowtable.flow_monitor, flow_monitor, 99 | DEBUG | flow monitor get result NXST_FLOW_MONITOR reply (xid=0x4):
2021-11-08 06:18:45,521 | 30457 | tracing_net.flowtable.flow_monitor, dump_flows, 57 | DEBUG | exec dump flows on s1
2021-11-08 06:18:45,533 | 30457 | tracing_net.flowtable.flow_monitor, read_dump_flow, 74 | DEBUG | get result for dump flows 1636352325.527232 : ['OFPST_FLOW reply (OF1.3) (xid=0x2):']
2021-11-08 06:18:45,533 | 30457 | tracing_net.flowtable.flow_monitor, read_dump_flow, 83 | WARNING | No result dump flows
2021-11-08 06:18:45,541 | 30460 | tracing_net.flowtable.flow_monitor, dump_flows, 57 | DEBUG | exec dump flows on s2
2021-11-08 06:18:45,604 | 30460 | tracing_net.flowtable.flow_monitor, read_dump_flow, 74 | DEBUG | get result for dump flows 1636352325.584149 : ['OFPST_FLOW reply (OF1.3) (xid=0x2):']
2021-11-08 06:18:45,605 | 30460 | tracing_net.flowtable.flow_monitor, read_dump_flow, 83 | WARNING | No result dump flows
2021-11-08 06:18:45,653 | 30280 | tracing_net.packet_repository, pop, 73 | ERROR | Failed to pop from packet repository (repo={})
2021-11-08 06:18:45,654 | 30280 | tracing_net.packet_repository, pop, 73 | ERROR | Failed to pop from packet repository (repo={})
2021-11-08 06:18:45,654 | 30280 | tracing_net.packet_repository, pop, 73 | ERROR | Failed to pop from packet repository (repo={})
2021-11-08 06:18:45,655 | 30280 | tracing_net.packet_repository, pop, 73 | ERROR | Failed to pop from packet repository (repo={})
2021-11-08 06:18:45,663 | 30280 | tracing_of_pipeline.analyzer, _poll_packet_inout_repo, 567 | DEBUG | tmp_p = [], s_dpip = 1
2021-11-08 06:18:45,666 | 30280 | tracing_of_pipeline.analyzer, _poll_packet_inout_repo, 567 | DEBUG | tmp_p = [], s_dpip = 2
2021-11-08 06:18:45,674 | 30280 | tracing_of_pipeline.analyzer, _polling, 520 | DEBUG | polled repository (start_time=1636352323.650808, until=0) values = {'l2': [], 'l1': [], 'l3': [], 'l4': []} {'s1': [], 's2': []}
2021-11-08 06:18:45,675 | 30280 | tracing_of_pipeline.analyzer, analyze, 165 | DEBUG | Analyzing 1... polled repository (count=0)
2021-11-08 06:18:45,675 | 30280 | tracing_of_pipeline.analyzer, analyze, 218 | WARNING | No packet in edge l2
2021-11-08 06:18:45,676 | 30280 | tracing_of_pipeline.analyzer, analyze, 218 | WARNING | No packet in edge l1
2021-11-08 06:18:45,677 | 30280 | tracing_of_pipeline.analyzer, analyze, 218 | WARNING | No packet in edge l3
2021-11-08 06:18:45,677 | 30280 | tracing_of_pipeline.analyzer, analyze, 218 | WARNING | No packet in edge l4
2021-11-08 06:18:46,521 | 30457 | tracing_net.flowtable.flow_monitor, dump_flows, 57 | DEBUG | exec dump flows on s1
2021-11-08 06:18:46,535 | 30457 | tracing_net.flowtable.flow_monitor, read_dump_flow, 74 | DEBUG | get result for dump flows 1636352326.528105 : ['OFPST_FLOW reply (OF1.3) (xid=0x2):']
2021-11-08 06:18:46,536 | 30457 | tracing_net.flowtable.flow_monitor, read_dump_flow, 83 | WARNING | No result dump flows
2021-11-08 06:18:46,542 | 30460 | tracing_net.flowtable.flow_monitor, dump_flows, 57 | DEBUG | exec dump flows on s2
2021-11-08 06:18:46,555 | 30460 | tracing_net.flowtable.flow_monitor, read_dump_flow, 74 | DEBUG | get result for dump flows 1636352326.549319 : ['OFPST_FLOW reply (OF1.3) (xid=0x2):']
2021-11-08 06:18:46,556 | 30460 | tracing_net.flowtable.flow_monitor, read_dump_flow, 83 | WARNING | No result dump flows
2021-11-08 06:18:47,521 | 30457 | tracing_net.flowtable.flow_monitor, dump_flows, 57 | DEBUG | exec dump flows on s1
2021-11-08 06:18:47,541 | 30460 | tracing_net.flowtable.flow_monitor, dump_flows, 57 | DEBUG | exec dump flows on s2
2021-11-08 06:18:47,577 | 30457 | tracing_net.flowtable.flow_monitor, read_dump_flow, 74 | DEBUG | get result for dump flows 1636352327.534877 : ['OFPST_FLOW reply (OF1.3) (xid=0x2):']
2021-11-08 06:18:47,580 | 30457 | tracing_net.flowtable.flow_monitor, read_dump_flow, 83 | WARNING | No result dump flows
2021-11-08 06:18:47,593 | 30460 | tracing_net.flowtable.flow_monitor, read_dump_flow, 74 | DEBUG | get result for dump flows 1636352327.564908 : ['OFPST_FLOW reply (OF1.3) (xid=0x2):']
2021-11-08 06:18:47,595 | 30460 | tracing_net.flowtable.flow_monitor, read_dump_flow, 83 | WARNING | No result dump flows
2021-11-08 06:18:47,651 | 30280 | tracing_net.packet_repository, pop, 73 | ERROR | Failed to pop from packet repository (repo={})
2021-11-08 06:18:47,655 | 30280 | tracing_net.packet_repository, pop, 73 | ERROR | Failed to pop from packet repository (repo={})
2021-11-08 06:18:47,661 | 30280 | tracing_net.packet_repository, pop, 73 | ERROR | Failed to pop from packet repository (repo={})
2021-11-08 06:18:47,664 | 30280 | tracing_net.packet_repository, pop, 73 | ERROR | Failed to pop from packet repository (repo={})
2021-11-08 06:18:47,666 | 30280 | tracing_of_pipeline.analyzer, _poll_packet_inout_repo, 567 | DEBUG | tmp_p = [], s_dpip = 1
2021-11-08 06:18:47,667 | 30280 | tracing_of_pipeline.analyzer, _poll_packet_inout_repo, 567 | DEBUG | tmp_p = [], s_dpip = 2
2021-11-08 06:18:47,668 | 30280 | tracing_of_pipeline.analyzer, _polling, 520 | DEBUG | polled repository (start_time=1636352323.650808, until=1) values = {'l2': [], 'l1': [], 'l3': [], 'l4': []} {'s1': [], 's2': []}
2021-11-08 06:18:47,669 | 30280 | tracing_of_pipeline.analyzer, analyze, 165 | DEBUG | Analyzing 1... polled repository (count=1)
2021-11-08 06:18:47,669 | 30280 | tracing_of_pipeline.analyzer, analyze, 218 | WARNING | No packet in edge l2
2021-11-08 06:18:47,669 | 30280 | tracing_of_pipeline.analyzer, analyze, 218 | WARNING | No packet in edge l1
2021-11-08 06:18:47,670 | 30280 | tracing_of_pipeline.analyzer, analyze, 218 | WARNING | No packet in edge l3
2021-11-08 06:18:47,670 | 30280 | tracing_of_pipeline.analyzer, analyze, 218 | WARNING | No packet in edge l4
2021-11-08 06:18:48,523 | 30457 | tracing_net.flowtable.flow_monitor, dump_flows, 57 | DEBUG | exec dump flows on s1
2021-11-08 06:18:48,542 | 30460 | tracing_net.flowtable.flow_monitor, dump_flows, 57 | DEBUG | exec dump flows on s2
2021-11-08 06:18:48,558 | 30457 | tracing_net.flowtable.flow_monitor, read_dump_flow, 74 | DEBUG | get result for dump flows 1636352328.5365 : ['OFPST_FLOW reply (OF1.3) (xid=0x2):']
2021-11-08 06:18:48,564 | 30457 | tracing_net.flowtable.flow_monitor, read_dump_flow, 83 | WARNING | No result dump flows
2021-11-08 06:18:48,586 | 30460 | tracing_net.flowtable.flow_monitor, read_dump_flow, 74 | DEBUG | get result for dump flows 1636352328.564869 : ['OFPST_FLOW reply (OF1.3) (xid=0x2):']
2021-11-08 06:18:48,586 | 30460 | tracing_net.flowtable.flow_monitor, read_dump_flow, 83 | WARNING | No result dump flows
2021-11-08 06:18:49,521 | 30457 | tracing_net.flowtable.flow_monitor, dump_flows, 57 | DEBUG | exec dump flows on s1
2021-11-08 06:18:49,531 | 30457 | tracing_net.flowtable.flow_monitor, read_dump_flow, 74 | DEBUG | get result for dump flows 1636352329.527603 : ['OFPST_FLOW reply (OF1.3) (xid=0x2):']
2021-11-08 06:18:49,531 | 30457 | tracing_net.flowtable.flow_monitor, read_dump_flow, 83 | WARNING | No result dump flows
2021-11-08 06:18:49,541 | 30460 | tracing_net.flowtable.flow_monitor, dump_flows, 57 | DEBUG | exec dump flows on s2
2021-11-08 06:18:49,550 | 30460 | tracing_net.flowtable.flow_monitor, read_dump_flow, 74 | DEBUG | get result for dump flows 1636352329.546172 : ['OFPST_FLOW reply (OF1.3) (xid=0x2):']
2021-11-08 06:18:49,550 | 30460 | tracing_net.flowtable.flow_monitor, read_dump_flow, 83 | WARNING | No result dump flows
2021-11-08 06:18:49,651 | 30280 | tracing_net.packet_repository, pop, 73 | ERROR | Failed to pop from packet repository (repo={})
2021-11-08 06:18:49,652 | 30280 | tracing_net.packet_repository, pop, 73 | ERROR | Failed to pop from packet repository (repo={})
2021-11-08 06:18:49,653 | 30280 | tracing_net.packet_repository, pop, 73 | ERROR | Failed to pop from packet repository (repo={})
2021-11-08 06:18:49,654 | 30280 | tracing_net.packet_repository, pop, 73 | ERROR | Failed to pop from packet repository (repo={})
2021-11-08 06:18:49,655 | 30280 | tracing_of_pipeline.analyzer, _poll_packet_inout_repo, 567 | DEBUG | tmp_p = [], s_dpip = 1
2021-11-08 06:18:49,656 | 30280 | tracing_of_pipeline.analyzer, _poll_packet_inout_repo, 567 | DEBUG | tmp_p = [], s_dpip = 2
2021-11-08 06:18:49,657 | 30280 | tracing_of_pipeline.analyzer, _polling, 520 | DEBUG | polled repository (start_time=1636352323.650808, until=2) values = {'l2': [], 'l1': [], 'l3': [], 'l4': []} {'s1': [], 's2': []}
2021-11-08 06:18:49,658 | 30280 | tracing_of_pipeline.analyzer, analyze, 165 | DEBUG | Analyzing 1... polled repository (count=2)
2021-11-08 06:18:49,658 | 30280 | tracing_of_pipeline.analyzer, analyze, 218 | WARNING | No packet in edge l2
2021-11-08 06:18:49,659 | 30280 | tracing_of_pipeline.analyzer, analyze, 218 | WARNING | No packet in edge l1
2021-11-08 06:18:49,660 | 30280 | tracing_of_pipeline.analyzer, analyze, 218 | WARNING | No packet in edge l3
2021-11-08 06:18:49,661 | 30280 | tracing_of_pipeline.analyzer, analyze, 218 | WARNING | No packet in edge l4
2021-11-08 06:18:50,081 | 30460 | tracing_net.flowtable.flow_monitor, flow_monitor, 99 | DEBUG | flow monitor get result NXST_FLOW_MONITOR reply (xid=0x0):
2021-11-08 06:18:50,082 | 30460 | tracing_net.flowtable.flow_monitor, flow_monitor, 99 | DEBUG | flow monitor get result event=ADDED table=0 cookie=0 actions=CONTROLLER:65535
2021-11-08 06:18:50,082 | 30457 | tracing_net.flowtable.flow_monitor, flow_monitor, 99 | DEBUG | flow monitor get result NXST_FLOW_MONITOR reply (xid=0x0):
2021-11-08 06:18:50,084 | 30457 | tracing_net.flowtable.flow_monitor, flow_monitor, 99 | DEBUG | flow monitor get result event=ADDED table=0 cookie=0 actions=CONTROLLER:65535
2021-11-08 06:18:50,521 | 30457 | tracing_net.flowtable.flow_monitor, dump_flows, 57 | DEBUG | exec dump flows on s1
2021-11-08 06:18:50,536 | 30457 | tracing_net.flowtable.flow_monitor, read_dump_flow, 74 | DEBUG | get result for dump flows 1636352330.532871 : ['OFPST_FLOW reply (OF1.3) (xid=0x2):', ' cookie=0x0, duration=0.455s, table=0, n_packets=0, n_bytes=0, priority=0 actions=CONTROLLER:65535']
2021-11-08 06:18:50,541 | 30460 | tracing_net.flowtable.flow_monitor, dump_flows, 57 | DEBUG | exec dump flows on s2
2021-11-08 06:18:50,556 | 30460 | tracing_net.flowtable.flow_monitor, read_dump_flow, 74 | DEBUG | get result for dump flows 1636352330.553194 : ['OFPST_FLOW reply (OF1.3) (xid=0x2):', ' cookie=0x0, duration=0.476s, table=0, n_packets=0, n_bytes=0, priority=0 actions=CONTROLLER:65535']
2021-11-08 06:18:50,559 | 30457 | tracing_net.flowtable.flow_monitor, read_dump_flow, 80 | DEBUG | parsed dump flows result to table 1636352330.532871 : <FlowTables(datapath=0, timestamp=1636352330.532871, flows=[<Flow(table=0, priority=0, match={}, actions=[<InstructionApplyAction type=4>])>])>
2021-11-08 06:18:50,566 | 30460 | tracing_net.flowtable.flow_monitor, read_dump_flow, 80 | DEBUG | parsed dump flows result to table 1636352330.553194 : <FlowTables(datapath=0, timestamp=1636352330.553194, flows=[<Flow(table=0, priority=0, match={}, actions=[<InstructionApplyAction type=4>])>])>
2021-11-08 06:18:51,522 | 30457 | tracing_net.flowtable.flow_monitor, dump_flows, 57 | DEBUG | exec dump flows on s1
2021-11-08 06:18:51,531 | 30457 | tracing_net.flowtable.flow_monitor, read_dump_flow, 74 | DEBUG | get result for dump flows 1636352331.52743 : ['OFPST_FLOW reply (OF1.3) (xid=0x2):', ' cookie=0x0, duration=1.450s, table=0, n_packets=0, n_bytes=0, priority=0 actions=CONTROLLER:65535']
2021-11-08 06:18:51,532 | 30457 | tracing_net.flowtable.flow_monitor, read_dump_flow, 80 | DEBUG | parsed dump flows result to table 1636352331.52743 : <FlowTables(datapath=0, timestamp=1636352331.52743, flows=[<Flow(table=0, priority=0, match={}, actions=[<InstructionApplyAction type=4>])>])>
2021-11-08 06:18:51,541 | 30460 | tracing_net.flowtable.flow_monitor, dump_flows, 57 | DEBUG | exec dump flows on s2
2021-11-08 06:18:51,550 | 30460 | tracing_net.flowtable.flow_monitor, read_dump_flow, 74 | DEBUG | get result for dump flows 1636352331.547716 : ['OFPST_FLOW reply (OF1.3) (xid=0x2):', ' cookie=0x0, duration=1.470s, table=0, n_packets=0, n_bytes=0, priority=0 actions=CONTROLLER:65535']
2021-11-08 06:18:51,552 | 30460 | tracing_net.flowtable.flow_monitor, read_dump_flow, 80 | DEBUG | parsed dump flows result to table 1636352331.547716 : <FlowTables(datapath=0, timestamp=1636352331.547716, flows=[<Flow(table=0, priority=0, match={}, actions=[<InstructionApplyAction type=4>])>])>
2021-11-08 06:18:51,652 | 30280 | tracing_net.packet_repository, pop, 73 | ERROR | Failed to pop from packet repository (repo={})
2021-11-08 06:18:51,652 | 30280 | tracing_net.packet_repository, pop, 73 | ERROR | Failed to pop from packet repository (repo={})
2021-11-08 06:18:51,653 | 30280 | tracing_net.packet_repository, pop, 73 | ERROR | Failed to pop from packet repository (repo={})
2021-11-08 06:18:51,653 | 30280 | tracing_net.packet_repository, pop, 73 | ERROR | Failed to pop from packet repository (repo={})
2021-11-08 06:18:51,658 | 30280 | tracing_of_pipeline.analyzer, _poll_packet_inout_repo, 567 | DEBUG | tmp_p = [], s_dpip = 1
2021-11-08 06:18:51,659 | 30280 | tracing_of_pipeline.analyzer, _poll_packet_inout_repo, 567 | DEBUG | tmp_p = [], s_dpip = 2
2021-11-08 06:18:51,660 | 30280 | tracing_of_pipeline.analyzer, _polling, 520 | DEBUG | polled repository (start_time=1636352323.650808, until=3) values = {'l2': [], 'l1': [], 'l3': [], 'l4': []} {'s1': [], 's2': []}
2021-11-08 06:18:51,661 | 30280 | tracing_of_pipeline.analyzer, analyze, 165 | DEBUG | Analyzing 1... polled repository (count=3)
2021-11-08 06:18:51,661 | 30280 | tracing_of_pipeline.analyzer, analyze, 218 | WARNING | No packet in edge l2
2021-11-08 06:18:51,662 | 30280 | tracing_of_pipeline.analyzer, analyze, 218 | WARNING | No packet in edge l1
2021-11-08 06:18:51,664 | 30280 | tracing_of_pipeline.analyzer, analyze, 218 | WARNING | No packet in edge l3
2021-11-08 06:18:51,668 | 30280 | tracing_of_pipeline.analyzer, analyze, 218 | WARNING | No packet in edge l4
2021-11-08 06:18:52,521 | 30457 | tracing_net.flowtable.flow_monitor, dump_flows, 57 | DEBUG | exec dump flows on s1
2021-11-08 06:18:52,529 | 30457 | tracing_net.flowtable.flow_monitor, read_dump_flow, 74 | DEBUG | get result for dump flows 1636352332.526421 : ['OFPST_FLOW reply (OF1.3) (xid=0x2):', ' cookie=0x0, duration=2.449s, table=0, n_packets=0, n_bytes=0, priority=0 actions=CONTROLLER:65535']
2021-11-08 06:18:52,531 | 30457 | tracing_net.flowtable.flow_monitor, read_dump_flow, 80 | DEBUG | parsed dump flows result to table 1636352332.526421 : <FlowTables(datapath=0, timestamp=1636352332.526421, flows=[<Flow(table=0, priority=0, match={}, actions=[<InstructionApplyAction type=4>])>])>
2021-11-08 06:18:52,543 | 30460 | tracing_net.flowtable.flow_monitor, dump_flows, 57 | DEBUG | exec dump flows on s2
2021-11-08 06:18:52,556 | 30460 | tracing_net.flowtable.flow_monitor, read_dump_flow, 74 | DEBUG | get result for dump flows 1636352332.55198 : ['OFPST_FLOW reply (OF1.3) (xid=0x2):', ' cookie=0x0, duration=2.475s, table=0, n_packets=0, n_bytes=0, priority=0 actions=CONTROLLER:65535']
2021-11-08 06:18:52,562 | 30460 | tracing_net.flowtable.flow_monitor, read_dump_flow, 80 | DEBUG | parsed dump flows result to table 1636352332.55198 : <FlowTables(datapath=0, timestamp=1636352332.55198, flows=[<Flow(table=0, priority=0, match={}, actions=[<InstructionApplyAction type=4>])>])>
2021-11-08 06:18:53,521 | 30457 | tracing_net.flowtable.flow_monitor, dump_flows, 57 | DEBUG | exec dump flows on s1
2021-11-08 06:18:53,533 | 30457 | tracing_net.flowtable.flow_monitor, read_dump_flow, 74 | DEBUG | get result for dump flows 1636352333.528581 : ['OFPST_FLOW reply (OF1.3) (xid=0x2):', ' cookie=0x0, duration=3.452s, table=0, n_packets=0, n_bytes=0, priority=0 actions=CONTROLLER:65535']
2021-11-08 06:18:53,534 | 30457 | tracing_net.flowtable.flow_monitor, read_dump_flow, 80 | DEBUG | parsed dump flows result to table 1636352333.528581 : <FlowTables(datapath=0, timestamp=1636352333.528581, flows=[<Flow(table=0, priority=0, match={}, actions=[<InstructionApplyAction type=4>])>])>
2021-11-08 06:18:53,542 | 30460 | tracing_net.flowtable.flow_monitor, dump_flows, 57 | DEBUG | exec dump flows on s2
2021-11-08 06:18:53,552 | 30460 | tracing_net.flowtable.flow_monitor, read_dump_flow, 74 | DEBUG | get result for dump flows 1636352333.549167 : ['OFPST_FLOW reply (OF1.3) (xid=0x2):', ' cookie=0x0, duration=3.472s, table=0, n_packets=0, n_bytes=0, priority=0 actions=CONTROLLER:65535']
2021-11-08 06:18:53,554 | 30460 | tracing_net.flowtable.flow_monitor, read_dump_flow, 80 | DEBUG | parsed dump flows result to table 1636352333.549167 : <FlowTables(datapath=0, timestamp=1636352333.549167, flows=[<Flow(table=0, priority=0, match={}, actions=[<InstructionApplyAction type=4>])>])>
2021-11-08 06:18:53,652 | 30280 | tracing_net.packet_repository, pop, 73 | ERROR | Failed to pop from packet repository (repo={})
2021-11-08 06:18:53,653 | 30280 | tracing_net.packet_repository, pop, 73 | ERROR | Failed to pop from packet repository (repo={})
2021-11-08 06:18:53,654 | 30280 | tracing_net.packet_repository, pop, 73 | ERROR | Failed to pop from packet repository (repo={})
2021-11-08 06:18:53,654 | 30280 | tracing_net.packet_repository, pop, 73 | ERROR | Failed to pop from packet repository (repo={})
2021-11-08 06:18:53,655 | 30280 | tracing_of_pipeline.analyzer, _poll_packet_inout_repo, 567 | DEBUG | tmp_p = [], s_dpip = 1
2021-11-08 06:18:53,656 | 30280 | tracing_of_pipeline.analyzer, _poll_packet_inout_repo, 567 | DEBUG | tmp_p = [], s_dpip = 2
2021-11-08 06:18:53,656 | 30280 | tracing_of_pipeline.analyzer, _polling, 520 | DEBUG | polled repository (start_time=1636352323.650808, until=4) values = {'l2': [], 'l1': [], 'l3': [], 'l4': []} {'s1': [], 's2': []}
2021-11-08 06:18:53,657 | 30280 | tracing_of_pipeline.analyzer, analyze, 165 | DEBUG | Analyzing 1... polled repository (count=4)
2021-11-08 06:18:53,658 | 30280 | tracing_of_pipeline.analyzer, analyze, 218 | WARNING | No packet in edge l2
2021-11-08 06:18:53,658 | 30280 | tracing_of_pipeline.analyzer, analyze, 218 | WARNING | No packet in edge l1
2021-11-08 06:18:53,658 | 30280 | tracing_of_pipeline.analyzer, analyze, 218 | WARNING | No packet in edge l3
2021-11-08 06:18:53,659 | 30280 | tracing_of_pipeline.analyzer, analyze, 218 | WARNING | No packet in edge l4
2021-11-08 06:18:54,522 | 30457 | tracing_net.flowtable.flow_monitor, dump_flows, 57 | DEBUG | exec dump flows on s1
2021-11-08 06:18:54,532 | 30457 | tracing_net.flowtable.flow_monitor, read_dump_flow, 74 | DEBUG | get result for dump flows 1636352334.52847 : ['OFPST_FLOW reply (OF1.3) (xid=0x2):', ' cookie=0x0, duration=4.451s, table=0, n_packets=0, n_bytes=0, priority=0 actions=CONTROLLER:65535']
2021-11-08 06:18:54,535 | 30457 | tracing_net.flowtable.flow_monitor, read_dump_flow, 80 | DEBUG | parsed dump flows result to table 1636352334.52847 : <FlowTables(datapath=0, timestamp=1636352334.52847, flows=[<Flow(table=0, priority=0, match={}, actions=[<InstructionApplyAction type=4>])>])>
2021-11-08 06:18:54,542 | 30460 | tracing_net.flowtable.flow_monitor, dump_flows, 57 | DEBUG | exec dump flows on s2
2021-11-08 06:18:54,553 | 30460 | tracing_net.flowtable.flow_monitor, read_dump_flow, 74 | DEBUG | get result for dump flows 1636352334.549165 : ['OFPST_FLOW reply (OF1.3) (xid=0x2):', ' cookie=0x0, duration=4.472s, table=0, n_packets=0, n_bytes=0, priority=0 actions=CONTROLLER:65535']
2021-11-08 06:18:54,554 | 30460 | tracing_net.flowtable.flow_monitor, read_dump_flow, 80 | DEBUG | parsed dump flows result to table 1636352334.549165 : <FlowTables(datapath=0, timestamp=1636352334.549165, flows=[<Flow(table=0, priority=0, match={}, actions=[<InstructionApplyAction type=4>])>])>
2021-11-08 06:18:55,522 | 30457 | tracing_net.flowtable.flow_monitor, dump_flows, 57 | DEBUG | exec dump flows on s1
2021-11-08 06:18:55,534 | 30457 | tracing_net.flowtable.flow_monitor, read_dump_flow, 74 | DEBUG | get result for dump flows 1636352335.528518 : ['OFPST_FLOW reply (OF1.3) (xid=0x2):', ' cookie=0x0, duration=5.453s, table=0, n_packets=0, n_bytes=0, priority=0 actions=CONTROLLER:65535']
2021-11-08 06:18:55,535 | 30457 | tracing_net.flowtable.flow_monitor, read_dump_flow, 80 | DEBUG | parsed dump flows result to table 1636352335.528518 : <FlowTables(datapath=0, timestamp=1636352335.528518, flows=[<Flow(table=0, priority=0, match={}, actions=[<InstructionApplyAction type=4>])>])>
2021-11-08 06:18:55,541 | 30460 | tracing_net.flowtable.flow_monitor, dump_flows, 57 | DEBUG | exec dump flows on s2
2021-11-08 06:18:55,554 | 30460 | tracing_net.flowtable.flow_monitor, read_dump_flow, 74 | DEBUG | get result for dump flows 1636352335.548353 : ['OFPST_FLOW reply (OF1.3) (xid=0x2):', ' cookie=0x0, duration=5.474s, table=0, n_packets=0, n_bytes=0, priority=0 actions=CONTROLLER:65535']
2021-11-08 06:18:55,556 | 30460 | tracing_net.flowtable.flow_monitor, read_dump_flow, 80 | DEBUG | parsed dump flows result to table 1636352335.548353 : <FlowTables(datapath=0, timestamp=1636352335.548353, flows=[<Flow(table=0, priority=0, match={}, actions=[<InstructionApplyAction type=4>])>])>
2021-11-08 06:18:55,653 | 30280 | tracing_net.packet_repository, pop, 73 | ERROR | Failed to pop from packet repository (repo={})
2021-11-08 06:18:55,654 | 30280 | tracing_net.packet_repository, pop, 73 | ERROR | Failed to pop from packet repository (repo={})
2021-11-08 06:18:55,655 | 30280 | tracing_net.packet_repository, pop, 73 | ERROR | Failed to pop from packet repository (repo={})
2021-11-08 06:18:55,655 | 30280 | tracing_net.packet_repository, pop, 73 | ERROR | Failed to pop from packet repository (repo={})
2021-11-08 06:18:55,656 | 30280 | tracing_of_pipeline.analyzer, _poll_packet_inout_repo, 567 | DEBUG | tmp_p = [], s_dpip = 1
2021-11-08 06:18:55,658 | 30280 | tracing_of_pipeline.analyzer, _poll_packet_inout_repo, 567 | DEBUG | tmp_p = [], s_dpip = 2
2021-11-08 06:18:55,658 | 30280 | tracing_of_pipeline.analyzer, _polling, 520 | DEBUG | polled repository (start_time=1636352323.650808, until=5) values = {'l2': [], 'l1': [], 'l3': [], 'l4': []} {'s1': [], 's2': []}
2021-11-08 06:18:55,659 | 30280 | tracing_of_pipeline.analyzer, analyze, 165 | DEBUG | Analyzing 1... polled repository (count=5)
2021-11-08 06:18:55,660 | 30280 | tracing_of_pipeline.analyzer, analyze, 218 | WARNING | No packet in edge l2
2021-11-08 06:18:55,660 | 30280 | tracing_of_pipeline.analyzer, analyze, 218 | WARNING | No packet in edge l1
2021-11-08 06:18:55,660 | 30280 | tracing_of_pipeline.analyzer, analyze, 218 | WARNING | No packet in edge l3
2021-11-08 06:18:55,663 | 30280 | tracing_of_pipeline.analyzer, analyze, 218 | WARNING | No packet in edge l4
2021-11-08 06:18:56,534 | 30457 | tracing_net.flowtable.flow_monitor, dump_flows, 57 | DEBUG | exec dump flows on s1
2021-11-08 06:18:56,541 | 30460 | tracing_net.flowtable.flow_monitor, dump_flows, 57 | DEBUG | exec dump flows on s2
2021-11-08 06:18:56,548 | 30457 | tracing_net.flowtable.flow_monitor, read_dump_flow, 74 | DEBUG | get result for dump flows 1636352336.541406 : ['OFPST_FLOW reply (OF1.3) (xid=0x2):', ' cookie=0x0, duration=6.468s, table=0, n_packets=0, n_bytes=0, priority=0 actions=CONTROLLER:65535']
2021-11-08 06:18:56,549 | 30457 | tracing_net.flowtable.flow_monitor, read_dump_flow, 80 | DEBUG | parsed dump flows result to table 1636352336.541406 : <FlowTables(datapath=0, timestamp=1636352336.541406, flows=[<Flow(table=0, priority=0, match={}, actions=[<InstructionApplyAction type=4>])>])>
2021-11-08 06:18:56,553 | 30460 | tracing_net.flowtable.flow_monitor, read_dump_flow, 74 | DEBUG | get result for dump flows 1636352336.549299 : ['OFPST_FLOW reply (OF1.3) (xid=0x2):', ' cookie=0x0, duration=6.473s, table=0, n_packets=0, n_bytes=0, priority=0 actions=CONTROLLER:65535']
2021-11-08 06:18:56,554 | 30460 | tracing_net.flowtable.flow_monitor, read_dump_flow, 80 | DEBUG | parsed dump flows result to table 1636352336.549299 : <FlowTables(datapath=0, timestamp=1636352336.549299, flows=[<Flow(table=0, priority=0, match={}, actions=[<InstructionApplyAction type=4>])>])>
2021-11-08 06:18:57,128 | 30280 | tracing_of_pipeline, _handle_ofc_child_conn, 180 | DEBUG | get from ofcapture <Message msg_name=OFPT_PACKET_IN of_msg=PacketIn(xid=UBInt32(0)) timestamp=1636352337.066175 local_port=35406 datapath_id=1>
2021-11-08 06:18:57,146 | 30280 | tracing_of_pipeline, _handle_ofc_child_conn, 180 | DEBUG | get from ofcapture <Message msg_name=OFPT_PACKET_OUT of_msg=PacketOut(xid=UBInt32(2038525630)) timestamp=1636352337.113851 local_port=35406 datapath_id=1>
2021-11-08 06:18:57,151 | 30280 | tracing_of_pipeline, _handle_ofc_child_conn, 180 | DEBUG | get from ofcapture <Message msg_name=OFPT_PACKET_IN of_msg=PacketIn(xid=UBInt32(0)) timestamp=1636352337.144617 local_port=35408 datapath_id=2>
2021-11-08 06:18:57,157 | 30280 | tracing_of_pipeline, _handle_ofc_child_conn, 180 | DEBUG | get from ofcapture <Message msg_name=OFPT_PACKET_OUT of_msg=PacketOut(xid=UBInt32(903600908)) timestamp=1636352337.151813 local_port=35408 datapath_id=2>
2021-11-08 06:18:57,180 | 30460 | tracing_net.flowtable.flow_monitor, flow_monitor, 99 | DEBUG | flow monitor get result NXST_FLOW_MONITOR reply (xid=0x0):
2021-11-08 06:18:57,177 | 30280 | tracing_of_pipeline, _handle_ofc_child_conn, 180 | DEBUG | get from ofcapture <Message msg_name=OFPT_PACKET_IN of_msg=PacketIn(xid=UBInt32(0)) timestamp=1636352337.15657 local_port=35408 datapath_id=2>
2021-11-08 06:18:57,181 | 30460 | tracing_net.flowtable.flow_monitor, flow_monitor, 99 | DEBUG | flow monitor get result event=ADDED table=0 cookie=0 in_port=2,dl_src=7a:6a:16:c3:e1:19,dl_dst=de:57:da:91:1f:39 actions=output:1
2021-11-08 06:18:57,208 | 30457 | tracing_net.flowtable.flow_monitor, flow_monitor, 99 | DEBUG | flow monitor get result NXST_FLOW_MONITOR reply (xid=0x0):
2021-11-08 06:18:57,209 | 30457 | tracing_net.flowtable.flow_monitor, flow_monitor, 99 | DEBUG | flow monitor get result event=ADDED table=0 cookie=0 in_port=2,dl_src=7a:6a:16:c3:e1:19,dl_dst=de:57:da:91:1f:39 actions=output:1
2021-11-08 06:18:57,210 | 30457 | tracing_net.flowtable.flow_monitor, flow_monitor, 99 | DEBUG | flow monitor get result NXST_FLOW_MONITOR reply (xid=0x0):
2021-11-08 06:18:57,211 | 30457 | tracing_net.flowtable.flow_monitor, flow_monitor, 99 | DEBUG | flow monitor get result event=ADDED table=0 cookie=0 in_port=1,dl_src=de:57:da:91:1f:39,dl_dst=7a:6a:16:c3:e1:19 actions=output:2
2021-11-08 06:18:57,213 | 30460 | tracing_net.flowtable.flow_monitor, flow_monitor, 99 | DEBUG | flow monitor get result NXST_FLOW_MONITOR reply (xid=0x0):
2021-11-08 06:18:57,214 | 30460 | tracing_net.flowtable.flow_monitor, flow_monitor, 99 | DEBUG | flow monitor get result event=ADDED table=0 cookie=0 in_port=1,dl_src=de:57:da:91:1f:39,dl_dst=7a:6a:16:c3:e1:19 actions=output:2
2021-11-08 06:18:57,523 | 30457 | tracing_net.flowtable.flow_monitor, dump_flows, 57 | DEBUG | exec dump flows on s1
2021-11-08 06:18:57,533 | 30457 | tracing_net.flowtable.flow_monitor, read_dump_flow, 74 | DEBUG | get result for dump flows 1636352337.528447 : ['OFPST_FLOW reply (OF1.3) (xid=0x2):', ' cookie=0x0, duration=0.323s, table=0, n_packets=1, n_bytes=98, priority=1,in_port=2,dl_src=7a:6a:16:c3:e1:19,dl_dst=de:57:da:91:1f:39 actions=output:1', ' cookie=0x0, duration=0.321s, table=0, n_packets=0, n_bytes=0, priority=1,in_port=1,dl_src=de:57:da:91:1f:39,dl_dst=7a:6a:16:c3:e1:19 actions=output:2', ' cookie=0x0, duration=7.451s, table=0, n_packets=3, n_bytes=182, priority=0 actions=CONTROLLER:65535']
2021-11-08 06:18:57,539 | 30457 | tracing_net.flowtable.flow_monitor, read_dump_flow, 80 | DEBUG | parsed dump flows result to table 1636352337.528447 : <FlowTables(datapath=0, timestamp=1636352337.528447, flows=[<Flow(table=0, priority=1, match=[<in_port, 2/None>, <dl_src, 7a:6a:16:c3:e1:19/None>, <dl_dst, de:57:da:91:1f:39/None>], actions=[<InstructionApplyAction type=4>])>, <Flow(table=0, priority=1, match=[<in_port, 1/None>, <dl_src, de:57:da:91:1f:39/None>, <dl_dst, 7a:6a:16:c3:e1:19/None>], actions=[<InstructionApplyAction type=4>])>, <Flow(table=0, priority=0, match={}, actions=[<InstructionApplyAction type=4>])>])>
2021-11-08 06:18:57,542 | 30460 | tracing_net.flowtable.flow_monitor, dump_flows, 57 | DEBUG | exec dump flows on s2
2021-11-08 06:18:57,554 | 30460 | tracing_net.flowtable.flow_monitor, read_dump_flow, 74 | DEBUG | get result for dump flows 1636352337.548015 : ['OFPST_FLOW reply (OF1.3) (xid=0x2):', ' cookie=0x0, duration=0.375s, table=0, n_packets=1, n_bytes=98, priority=1,in_port=2,dl_src=7a:6a:16:c3:e1:19,dl_dst=de:57:da:91:1f:39 actions=output:1', ' cookie=0x0, duration=0.338s, table=0, n_packets=0, n_bytes=0, priority=1,in_port=1,dl_src=de:57:da:91:1f:39,dl_dst=7a:6a:16:c3:e1:19 actions=output:2', ' cookie=0x0, duration=7.471s, table=0, n_packets=3, n_bytes=182, priority=0 actions=CONTROLLER:65535']
2021-11-08 06:18:57,557 | 30460 | tracing_net.flowtable.flow_monitor, read_dump_flow, 80 | DEBUG | parsed dump flows result to table 1636352337.548015 : <FlowTables(datapath=0, timestamp=1636352337.548015, flows=[<Flow(table=0, priority=1, match=[<in_port, 2/None>, <dl_src, 7a:6a:16:c3:e1:19/None>, <dl_dst, de:57:da:91:1f:39/None>], actions=[<InstructionApplyAction type=4>])>, <Flow(table=0, priority=1, match=[<in_port, 1/None>, <dl_src, de:57:da:91:1f:39/None>, <dl_dst, 7a:6a:16:c3:e1:19/None>], actions=[<InstructionApplyAction type=4>])>, <Flow(table=0, priority=0, match={}, actions=[<InstructionApplyAction type=4>])>])>
2021-11-08 06:18:57,653 | 30280 | tracing_net.packet_repository, pop, 73 | ERROR | Failed to pop from packet repository (repo={'s2-eth2': [<Msg captured_interface=s2-eth2, sniff_timestamp=1636352337.1511962, pkt=<ARP_RAW Packet>, in_port=s2-eth2, in_phy_port=s2-eth2>, <Msg captured_interface=s2-eth2, sniff_timestamp=1636352337.1512172, pkt=<ARP_RAW Packet>, in_port=s2-eth2, in_phy_port=s2-eth2>, <Msg captured_interface=s2-eth2, sniff_timestamp=1636352337.2129397, pkt=<ICMP_RAW Packet>, in_port=s2-eth2, in_phy_port=s2-eth2>], 's1-eth1': [<Msg captured_interface=s1-eth1, sniff_timestamp=1636352337.0651217, pkt=<ARP_RAW Packet>, in_port=s1-eth1, in_phy_port=s1-eth1>, <Msg captured_interface=s1-eth1, sniff_timestamp=1636352337.2078795, pkt=<ARP_RAW Packet>, in_port=s1-eth1, in_phy_port=s1-eth1>, <Msg captured_interface=s1-eth1, sniff_timestamp=1636352337.20789, pkt=<ICMP_RAW Packet>, in_port=s1-eth1, in_phy_port=s1-eth1>], 's1-eth2': [<Msg captured_interface=s1-eth2, sniff_timestamp=1636352337.1140108, pkt=<ARP_RAW Packet>, in_port=s1-eth2, in_phy_port=s1-eth2>, <Msg captured_interface=s1-eth2, sniff_timestamp=1636352337.1766407, pkt=<ARP_RAW Packet>, in_port=s1-eth2, in_phy_port=s1-eth2>, <Msg captured_interface=s1-eth2, sniff_timestamp=1636352337.210404, pkt=<ICMP_RAW Packet>, in_port=s1-eth2, in_phy_port=s1-eth2>]})
2021-11-08 06:18:57,654 | 30280 | tracing_of_pipeline.analyzer, _poll_packet_inout_repo, 567 | DEBUG | tmp_p = [], s_dpip = 1
2021-11-08 06:18:57,654 | 30280 | tracing_of_pipeline.analyzer, _poll_packet_inout_repo, 567 | DEBUG | tmp_p = [], s_dpip = 2
2021-11-08 06:18:57,655 | 30280 | tracing_of_pipeline.analyzer, _polling, 520 | DEBUG | polled repository (start_time=1636352323.650808, until=6) values = {'l2': [], 'l1': [], 'l3': [], 'l4': []} {'s1': [], 's2': []}
2021-11-08 06:18:57,655 | 30280 | tracing_of_pipeline.analyzer, analyze, 165 | DEBUG | Analyzing 1... polled repository (count=6)
2021-11-08 06:18:57,656 | 30280 | tracing_of_pipeline.analyzer, analyze, 218 | WARNING | No packet in edge l2
2021-11-08 06:18:57,657 | 30280 | tracing_of_pipeline.analyzer, analyze, 218 | WARNING | No packet in edge l1
2021-11-08 06:18:57,657 | 30280 | tracing_of_pipeline.analyzer, analyze, 218 | WARNING | No packet in edge l3
2021-11-08 06:18:57,658 | 30280 | tracing_of_pipeline.analyzer, analyze, 218 | WARNING | No packet in edge l4
2021-11-08 06:18:58,522 | 30457 | tracing_net.flowtable.flow_monitor, dump_flows, 57 | DEBUG | exec dump flows on s1
2021-11-08 06:18:58,530 | 30457 | tracing_net.flowtable.flow_monitor, read_dump_flow, 74 | DEBUG | get result for dump flows 1636352338.526751 : ['OFPST_FLOW reply (OF1.3) (xid=0x2):', ' cookie=0x0, duration=1.322s, table=0, n_packets=1, n_bytes=98, priority=1,in_port=2,dl_src=7a:6a:16:c3:e1:19,dl_dst=de:57:da:91:1f:39 actions=output:1', ' cookie=0x0, duration=1.320s, table=0, n_packets=0, n_bytes=0, priority=1,in_port=1,dl_src=de:57:da:91:1f:39,dl_dst=7a:6a:16:c3:e1:19 actions=output:2', ' cookie=0x0, duration=8.450s, table=0, n_packets=3, n_bytes=182, priority=0 actions=CONTROLLER:65535']
2021-11-08 06:18:58,531 | 30457 | tracing_net.flowtable.flow_monitor, read_dump_flow, 80 | DEBUG | parsed dump flows result to table 1636352338.526751 : <FlowTables(datapath=0, timestamp=1636352338.526751, flows=[<Flow(table=0, priority=1, match=[<in_port, 2/None>, <dl_src, 7a:6a:16:c3:e1:19/None>, <dl_dst, de:57:da:91:1f:39/None>], actions=[<InstructionApplyAction type=4>])>, <Flow(table=0, priority=1, match=[<in_port, 1/None>, <dl_src, de:57:da:91:1f:39/None>, <dl_dst, 7a:6a:16:c3:e1:19/None>], actions=[<InstructionApplyAction type=4>])>, <Flow(table=0, priority=0, match={}, actions=[<InstructionApplyAction type=4>])>])>
2021-11-08 06:18:58,541 | 30460 | tracing_net.flowtable.flow_monitor, dump_flows, 57 | DEBUG | exec dump flows on s2
2021-11-08 06:18:58,551 | 30460 | tracing_net.flowtable.flow_monitor, read_dump_flow, 74 | DEBUG | get result for dump flows 1636352338.54754 : ['OFPST_FLOW reply (OF1.3) (xid=0x2):', ' cookie=0x0, duration=1.374s, table=0, n_packets=1, n_bytes=98, priority=1,in_port=2,dl_src=7a:6a:16:c3:e1:19,dl_dst=de:57:da:91:1f:39 actions=output:1', ' cookie=0x0, duration=1.337s, table=0, n_packets=0, n_bytes=0, priority=1,in_port=1,dl_src=de:57:da:91:1f:39,dl_dst=7a:6a:16:c3:e1:19 actions=output:2', ' cookie=0x0, duration=8.470s, table=0, n_packets=3, n_bytes=182, priority=0 actions=CONTROLLER:65535']
2021-11-08 06:18:58,552 | 30460 | tracing_net.flowtable.flow_monitor, read_dump_flow, 80 | DEBUG | parsed dump flows result to table 1636352338.54754 : <FlowTables(datapath=0, timestamp=1636352338.54754, flows=[<Flow(table=0, priority=1, match=[<in_port, 2/None>, <dl_src, 7a:6a:16:c3:e1:19/None>, <dl_dst, de:57:da:91:1f:39/None>], actions=[<InstructionApplyAction type=4>])>, <Flow(table=0, priority=1, match=[<in_port, 1/None>, <dl_src, de:57:da:91:1f:39/None>, <dl_dst, 7a:6a:16:c3:e1:19/None>], actions=[<InstructionApplyAction type=4>])>, <Flow(table=0, priority=0, match={}, actions=[<InstructionApplyAction type=4>])>])>
2021-11-08 06:18:59,521 | 30457 | tracing_net.flowtable.flow_monitor, dump_flows, 57 | DEBUG | exec dump flows on s1
2021-11-08 06:18:59,534 | 30457 | tracing_net.flowtable.flow_monitor, read_dump_flow, 74 | DEBUG | get result for dump flows 1636352339.529545 : ['OFPST_FLOW reply (OF1.3) (xid=0x2):', ' cookie=0x0, duration=2.325s, table=0, n_packets=1, n_bytes=98, priority=1,in_port=2,dl_src=7a:6a:16:c3:e1:19,dl_dst=de:57:da:91:1f:39 actions=output:1', ' cookie=0x0, duration=2.323s, table=0, n_packets=0, n_bytes=0, priority=1,in_port=1,dl_src=de:57:da:91:1f:39,dl_dst=7a:6a:16:c3:e1:19 actions=output:2', ' cookie=0x0, duration=9.453s, table=0, n_packets=3, n_bytes=182, priority=0 actions=CONTROLLER:65535']
2021-11-08 06:18:59,537 | 30457 | tracing_net.flowtable.flow_monitor, read_dump_flow, 80 | DEBUG | parsed dump flows result to table 1636352339.529545 : <FlowTables(datapath=0, timestamp=1636352339.529545, flows=[<Flow(table=0, priority=1, match=[<in_port, 2/None>, <dl_src, 7a:6a:16:c3:e1:19/None>, <dl_dst, de:57:da:91:1f:39/None>], actions=[<InstructionApplyAction type=4>])>, <Flow(table=0, priority=1, match=[<in_port, 1/None>, <dl_src, de:57:da:91:1f:39/None>, <dl_dst, 7a:6a:16:c3:e1:19/None>], actions=[<InstructionApplyAction type=4>])>, <Flow(table=0, priority=0, match={}, actions=[<InstructionApplyAction type=4>])>])>
2021-11-08 06:18:59,542 | 30460 | tracing_net.flowtable.flow_monitor, dump_flows, 57 | DEBUG | exec dump flows on s2
2021-11-08 06:18:59,551 | 30460 | tracing_net.flowtable.flow_monitor, read_dump_flow, 74 | DEBUG | get result for dump flows 1636352339.547025 : ['OFPST_FLOW reply (OF1.3) (xid=0x2):', ' cookie=0x0, duration=2.375s, table=0, n_packets=1, n_bytes=98, priority=1,in_port=2,dl_src=7a:6a:16:c3:e1:19,dl_dst=de:57:da:91:1f:39 actions=output:1', ' cookie=0x0, duration=2.338s, table=0, n_packets=0, n_bytes=0, priority=1,in_port=1,dl_src=de:57:da:91:1f:39,dl_dst=7a:6a:16:c3:e1:19 actions=output:2', ' cookie=0x0, duration=9.471s, table=0, n_packets=3, n_bytes=182, priority=0 actions=CONTROLLER:65535']
2021-11-08 06:18:59,553 | 30460 | tracing_net.flowtable.flow_monitor, read_dump_flow, 80 | DEBUG | parsed dump flows result to table 1636352339.547025 : <FlowTables(datapath=0, timestamp=1636352339.547025, flows=[<Flow(table=0, priority=1, match=[<in_port, 2/None>, <dl_src, 7a:6a:16:c3:e1:19/None>, <dl_dst, de:57:da:91:1f:39/None>], actions=[<InstructionApplyAction type=4>])>, <Flow(table=0, priority=1, match=[<in_port, 1/None>, <dl_src, de:57:da:91:1f:39/None>, <dl_dst, 7a:6a:16:c3:e1:19/None>], actions=[<InstructionApplyAction type=4>])>, <Flow(table=0, priority=0, match={}, actions=[<InstructionApplyAction type=4>])>])>
2021-11-08 06:18:59,652 | 30280 | tracing_net.packet_repository, pop, 73 | ERROR | Failed to pop from packet repository (repo={'s2-eth2': [<Msg captured_interface=s2-eth2, sniff_timestamp=1636352337.1511962, pkt=<ARP_RAW Packet>, in_port=s2-eth2, in_phy_port=s2-eth2>, <Msg captured_interface=s2-eth2, sniff_timestamp=1636352337.1512172, pkt=<ARP_RAW Packet>, in_port=s2-eth2, in_phy_port=s2-eth2>, <Msg captured_interface=s2-eth2, sniff_timestamp=1636352337.2129397, pkt=<ICMP_RAW Packet>, in_port=s2-eth2, in_phy_port=s2-eth2>], 's1-eth1': [<Msg captured_interface=s1-eth1, sniff_timestamp=1636352337.0651217, pkt=<ARP_RAW Packet>, in_port=s1-eth1, in_phy_port=s1-eth1>, <Msg captured_interface=s1-eth1, sniff_timestamp=1636352337.2078795, pkt=<ARP_RAW Packet>, in_port=s1-eth1, in_phy_port=s1-eth1>, <Msg captured_interface=s1-eth1, sniff_timestamp=1636352337.20789, pkt=<ICMP_RAW Packet>, in_port=s1-eth1, in_phy_port=s1-eth1>], 's1-eth2': [<Msg captured_interface=s1-eth2, sniff_timestamp=1636352337.1140108, pkt=<ARP_RAW Packet>, in_port=s1-eth2, in_phy_port=s1-eth2>, <Msg captured_interface=s1-eth2, sniff_timestamp=1636352337.1766407, pkt=<ARP_RAW Packet>, in_port=s1-eth2, in_phy_port=s1-eth2>, <Msg captured_interface=s1-eth2, sniff_timestamp=1636352337.210404, pkt=<ICMP_RAW Packet>, in_port=s1-eth2, in_phy_port=s1-eth2>]})
2021-11-08 06:18:59,653 | 30280 | tracing_of_pipeline.analyzer, _poll_packet_inout_repo, 567 | DEBUG | tmp_p = [], s_dpip = 1
2021-11-08 06:18:59,654 | 30280 | tracing_of_pipeline.analyzer, _poll_packet_inout_repo, 567 | DEBUG | tmp_p = [], s_dpip = 2
2021-11-08 06:18:59,655 | 30280 | tracing_of_pipeline.analyzer, _polling, 520 | DEBUG | polled repository (start_time=1636352323.650808, until=7) values = {'l2': [], 'l1': [], 'l3': [], 'l4': []} {'s1': [], 's2': []}
2021-11-08 06:18:59,655 | 30280 | tracing_of_pipeline.analyzer, analyze, 165 | DEBUG | Analyzing 1... polled repository (count=7)
2021-11-08 06:18:59,656 | 30280 | tracing_of_pipeline.analyzer, analyze, 218 | WARNING | No packet in edge l2
2021-11-08 06:18:59,657 | 30280 | tracing_of_pipeline.analyzer, analyze, 218 | WARNING | No packet in edge l1
2021-11-08 06:18:59,658 | 30280 | tracing_of_pipeline.analyzer, analyze, 218 | WARNING | No packet in edge l3
2021-11-08 06:18:59,658 | 30280 | tracing_of_pipeline.analyzer, analyze, 218 | WARNING | No packet in edge l4
2021-11-08 06:19:00,542 | 30460 | tracing_net.flowtable.flow_monitor, dump_flows, 57 | DEBUG | exec dump flows on s2
2021-11-08 06:19:00,542 | 30457 | tracing_net.flowtable.flow_monitor, dump_flows, 57 | DEBUG | exec dump flows on s1
2021-11-08 06:19:00,552 | 30460 | tracing_net.flowtable.flow_monitor, read_dump_flow, 74 | DEBUG | get result for dump flows 1636352340.547196 : ['OFPST_FLOW reply (OF1.3) (xid=0x2):', ' cookie=0x0, duration=3.376s, table=0, n_packets=1, n_bytes=98, priority=1,in_port=2,dl_src=7a:6a:16:c3:e1:19,dl_dst=de:57:da:91:1f:39 actions=output:1', ' cookie=0x0, duration=3.339s, table=0, n_packets=0, n_bytes=0, priority=1,in_port=1,dl_src=de:57:da:91:1f:39,dl_dst=7a:6a:16:c3:e1:19 actions=output:2', ' cookie=0x0, duration=10.472s, table=0, n_packets=3, n_bytes=182, priority=0 actions=CONTROLLER:65535']
2021-11-08 06:19:00,553 | 30457 | tracing_net.flowtable.flow_monitor, read_dump_flow, 74 | DEBUG | get result for dump flows 1636352340.549583 : ['OFPST_FLOW reply (OF1.3) (xid=0x2):', ' cookie=0x0, duration=3.344s, table=0, n_packets=1, n_bytes=98, priority=1,in_port=2,dl_src=7a:6a:16:c3:e1:19,dl_dst=de:57:da:91:1f:39 actions=output:1', ' cookie=0x0, duration=3.342s, table=0, n_packets=0, n_bytes=0, priority=1,in_port=1,dl_src=de:57:da:91:1f:39,dl_dst=7a:6a:16:c3:e1:19 actions=output:2', ' cookie=0x0, duration=10.472s, table=0, n_packets=3, n_bytes=182, priority=0 actions=CONTROLLER:65535']
2021-11-08 06:19:00,554 | 30460 | tracing_net.flowtable.flow_monitor, read_dump_flow, 80 | DEBUG | parsed dump flows result to table 1636352340.547196 : <FlowTables(datapath=0, timestamp=1636352340.547196, flows=[<Flow(table=0, priority=1, match=[<in_port, 2/None>, <dl_src, 7a:6a:16:c3:e1:19/None>, <dl_dst, de:57:da:91:1f:39/None>], actions=[<InstructionApplyAction type=4>])>, <Flow(table=0, priority=1, match=[<in_port, 1/None>, <dl_src, de:57:da:91:1f:39/None>, <dl_dst, 7a:6a:16:c3:e1:19/None>], actions=[<InstructionApplyAction type=4>])>, <Flow(table=0, priority=0, match={}, actions=[<InstructionApplyAction type=4>])>])>
2021-11-08 06:19:00,554 | 30457 | tracing_net.flowtable.flow_monitor, read_dump_flow, 80 | DEBUG | parsed dump flows result to table 1636352340.549583 : <FlowTables(datapath=0, timestamp=1636352340.549583, flows=[<Flow(table=0, priority=1, match=[<in_port, 2/None>, <dl_src, 7a:6a:16:c3:e1:19/None>, <dl_dst, de:57:da:91:1f:39/None>], actions=[<InstructionApplyAction type=4>])>, <Flow(table=0, priority=1, match=[<in_port, 1/None>, <dl_src, de:57:da:91:1f:39/None>, <dl_dst, 7a:6a:16:c3:e1:19/None>], actions=[<InstructionApplyAction type=4>])>, <Flow(table=0, priority=0, match={}, actions=[<InstructionApplyAction type=4>])>])>
2021-11-08 06:19:01,521 | 30457 | tracing_net.flowtable.flow_monitor, dump_flows, 57 | DEBUG | exec dump flows on s1
2021-11-08 06:19:01,533 | 30457 | tracing_net.flowtable.flow_monitor, read_dump_flow, 74 | DEBUG | get result for dump flows 1636352341.527608 : ['OFPST_FLOW reply (OF1.3) (xid=0x2):', ' cookie=0x0, duration=4.324s, table=0, n_packets=1, n_bytes=98, priority=1,in_port=2,dl_src=7a:6a:16:c3:e1:19,dl_dst=de:57:da:91:1f:39 actions=output:1', ' cookie=0x0, duration=4.322s, table=0, n_packets=0, n_bytes=0, priority=1,in_port=1,dl_src=de:57:da:91:1f:39,dl_dst=7a:6a:16:c3:e1:19 actions=output:2', ' cookie=0x0, duration=11.452s, table=0, n_packets=3, n_bytes=182, priority=0 actions=CONTROLLER:65535']
2021-11-08 06:19:01,544 | 30460 | tracing_net.flowtable.flow_monitor, dump_flows, 57 | DEBUG | exec dump flows on s2
2021-11-08 06:19:01,547 | 30457 | tracing_net.flowtable.flow_monitor, read_dump_flow, 80 | DEBUG | parsed dump flows result to table 1636352341.527608 : <FlowTables(datapath=0, timestamp=1636352341.527608, flows=[<Flow(table=0, priority=1, match=[<in_port, 2/None>, <dl_src, 7a:6a:16:c3:e1:19/None>, <dl_dst, de:57:da:91:1f:39/None>], actions=[<InstructionApplyAction type=4>])>, <Flow(table=0, priority=1, match=[<in_port, 1/None>, <dl_src, de:57:da:91:1f:39/None>, <dl_dst, 7a:6a:16:c3:e1:19/None>], actions=[<InstructionApplyAction type=4>])>, <Flow(table=0, priority=0, match={}, actions=[<InstructionApplyAction type=4>])>])>
2021-11-08 06:19:01,563 | 30460 | tracing_net.flowtable.flow_monitor, read_dump_flow, 74 | DEBUG | get result for dump flows 1636352341.554829 : ['OFPST_FLOW reply (OF1.3) (xid=0x2):', ' cookie=0x0, duration=4.387s, table=0, n_packets=1, n_bytes=98, priority=1,in_port=2,dl_src=7a:6a:16:c3:e1:19,dl_dst=de:57:da:91:1f:39 actions=output:1', ' cookie=0x0, duration=4.350s, table=0, n_packets=0, n_bytes=0, priority=1,in_port=1,dl_src=de:57:da:91:1f:39,dl_dst=7a:6a:16:c3:e1:19 actions=output:2', ' cookie=0x0, duration=11.483s, table=0, n_packets=3, n_bytes=182, priority=0 actions=CONTROLLER:65535']
2021-11-08 06:19:01,568 | 30460 | tracing_net.flowtable.flow_monitor, read_dump_flow, 80 | DEBUG | parsed dump flows result to table 1636352341.554829 : <FlowTables(datapath=0, timestamp=1636352341.554829, flows=[<Flow(table=0, priority=1, match=[<in_port, 2/None>, <dl_src, 7a:6a:16:c3:e1:19/None>, <dl_dst, de:57:da:91:1f:39/None>], actions=[<InstructionApplyAction type=4>])>, <Flow(table=0, priority=1, match=[<in_port, 1/None>, <dl_src, de:57:da:91:1f:39/None>, <dl_dst, 7a:6a:16:c3:e1:19/None>], actions=[<InstructionApplyAction type=4>])>, <Flow(table=0, priority=0, match={}, actions=[<InstructionApplyAction type=4>])>])>
2021-11-08 06:19:01,654 | 30280 | tracing_net.packet_repository, pop, 73 | ERROR | Failed to pop from packet repository (repo={'s2-eth2': [], 's1-eth1': [], 's1-eth2': []})
2021-11-08 06:19:01,658 | 30280 | tracing_of_pipeline.analyzer, _poll_packet_inout_repo, 567 | DEBUG | tmp_p = [<Message msg_name=OFPT_PACKET_IN of_msg=PacketIn(xid=UBInt32(0)) timestamp=1636352337.066175 local_port=35406 datapath_id=1>, <Message msg_name=OFPT_PACKET_OUT of_msg=PacketOut(xid=UBInt32(2038525630)) timestamp=1636352337.113851 local_port=35406 datapath_id=1>], s_dpip = 1
2021-11-08 06:19:01,667 | 30280 | tracing_of_pipeline.analyzer, _poll_packet_inout_repo, 567 | DEBUG | tmp_p = [<Message msg_name=OFPT_PACKET_IN of_msg=PacketIn(xid=UBInt32(0)) timestamp=1636352337.144617 local_port=35408 datapath_id=2>, <Message msg_name=OFPT_PACKET_OUT of_msg=PacketOut(xid=UBInt32(903600908)) timestamp=1636352337.151813 local_port=35408 datapath_id=2>, <Message msg_name=OFPT_PACKET_IN of_msg=PacketIn(xid=UBInt32(0)) timestamp=1636352337.15657 local_port=35408 datapath_id=2>], s_dpip = 2
2021-11-08 06:19:01,672 | 30280 | tracing_of_pipeline.analyzer, _polling, 520 | DEBUG | polled repository (start_time=1636352323.650808, until=8) values = {'l2': [<Msg captured_interface=s1-eth1, sniff_timestamp=1636352337.0651217, pkt=<ARP_RAW Packet>, in_port=s1-eth1, in_phy_port=s1-eth1>, <Msg captured_interface=s1-eth1, sniff_timestamp=1636352337.2078795, pkt=<ARP_RAW Packet>, in_port=s1-eth1, in_phy_port=s1-eth1>, <Msg captured_interface=s1-eth1, sniff_timestamp=1636352337.20789, pkt=<ICMP_RAW Packet>, in_port=s1-eth1, in_phy_port=s1-eth1>], 'l1': [<Msg captured_interface=s1-eth2, sniff_timestamp=1636352337.1140108, pkt=<ARP_RAW Packet>, in_port=s1-eth2, in_phy_port=s1-eth2>, <Msg captured_interface=s1-eth2, sniff_timestamp=1636352337.1766407, pkt=<ARP_RAW Packet>, in_port=s1-eth2, in_phy_port=s1-eth2>, <Msg captured_interface=s1-eth2, sniff_timestamp=1636352337.210404, pkt=<ICMP_RAW Packet>, in_port=s1-eth2, in_phy_port=s1-eth2>], 'l3': [<Msg captured_interface=s2-eth2, sniff_timestamp=1636352337.1511962, pkt=<ARP_RAW Packet>, in_port=s2-eth2, in_phy_port=s2-eth2>, <Msg captured_interface=s2-eth2, sniff_timestamp=1636352337.1512172, pkt=<ARP_RAW Packet>, in_port=s2-eth2, in_phy_port=s2-eth2>, <Msg captured_interface=s2-eth2, sniff_timestamp=1636352337.2129397, pkt=<ICMP_RAW Packet>, in_port=s2-eth2, in_phy_port=s2-eth2>], 'l4': []} {'s1': [<src.ofproto.msg.MsgForOFMsg object at 0x7f4f0f7225e0>, <src.ofproto.msg.MsgForOFMsg object at 0x7f4f0f722670>], 's2': [<src.ofproto.msg.MsgForOFMsg object at 0x7f4f0f7226a0>, <src.ofproto.msg.MsgForOFMsg object at 0x7f4f0f722700>, <src.ofproto.msg.MsgForOFMsg object at 0x7f4f0f722760>]}
2021-11-08 06:19:01,672 | 30280 | tracing_of_pipeline.analyzer, analyze, 165 | DEBUG | Analyzing 1... polled repository (count=8)
2021-11-08 06:19:01,674 | 30280 | tracing_of_pipeline.analyzer, analyze, 173 | DEBUG | Analyzing 2... analyze packet out (count=8, target=<src.ofproto.msg.MsgForOFMsg object at 0x7f4f0f722670>)
2021-11-08 06:19:01,678 | 30280 | tracing_of_pipeline.analyzer, _analyze_packet_out, 236 | DEBUG | Analyzing 2.1... analyze packet out, get out_ports (count=8, out_ports=[(<PortNo.OFPP_FLOOD: 4294967291>, <src.ofproto.msg.MsgForOFMsg object at 0x7f4f0f722670>)])
2021-11-08 06:19:01,680 | 30280 | tracing_of_pipeline.analyzer, _analyze_packet_out, 243 | DEBUG | Analyzing 2.2... get packer msg (count=8, packer msg=[(<PortNo.OFPP_FLOOD: 4294967291>, <src.ofproto.msg.MsgForOFMsg object at 0x7f4f0f722670>)])
