2021-10-20 00:53:32,131 | 4142 | tracing_net.net, __init__, 99 | INFO | set up on-demand mininet
2021-10-20 00:53:32,138 | 4142 | tracing_of_pipeline, start, 105 | INFO | OpenFlow Tracer Start
2021-10-20 00:53:32,148 | 4142 | tracing_net.net, start, 312 | INFO | mininet start
2021-10-20 00:53:32,152 | 4142 | tracing_of_pipeline.analyzer, start_analyzing, 103 | INFO | start analyzing
2021-10-20 00:53:32,167 | 4142 | tracing_net.net, add_switch, 116 | DEBUG | added the switch (s1)
2021-10-20 00:53:32,303 | 4142 | tracing_net.net, add_host, 164 | DEBUG | added the host (h1)
2021-10-20 00:53:32,391 | 4142 | tracing_net.net, add_link, 203 | DEBUG | added the link (l2) between s1 and h1
2021-10-20 00:53:32,470 | 4142 | tracing_net.net, add_switch, 116 | DEBUG | added the switch (s2)
2021-10-20 00:53:32,551 | 4142 | tracing_net.net, add_link, 203 | DEBUG | added the link (l1) between s1 and s2
2021-10-20 00:53:33,021 | 4142 | tracing_net.net, add_host, 164 | DEBUG | added the host (h2)
2021-10-20 00:53:33,123 | 4142 | tracing_net.net, add_link, 203 | DEBUG | added the link (l3) between s2 and h2
2021-10-20 00:53:33,366 | 4142 | tracing_net.net, start_tracing, 525 | INFO | tracing start
2021-10-20 00:53:33,367 | 4142 | tracing_net.net, start_tracing, 527 | DEBUG | ipv6 is disable
2021-10-20 00:53:33,476 | 4142 | tracing_net.packet_capture_manager, start_capture, 87 | DEBUG | capture process (s1-eth1:None) started
2021-10-20 00:53:33,485 | 4142 | tracing_net.packet_capture_manager, start_capture, 87 | DEBUG | capture process (s1-eth2:None) started
2021-10-20 00:53:33,494 | 4282 | tracing_net.util.packet_capture, start_capture, 58 | INFO | packet capture start on s1-eth1
2021-10-20 00:53:33,506 | 4284 | tracing_net.util.packet_capture, start_capture, 58 | INFO | packet capture start on s1-eth2
2021-10-20 00:53:33,518 | 4142 | tracing_net.packet_capture_manager, start_capture, 87 | DEBUG | capture process (s2-eth2:None) started
2021-10-20 00:53:33,525 | 4142 | tracing_net.flowtable.flow_monitor, __init__, 46 | INFO | flow monitor start : s1
2021-10-20 00:53:33,542 | 4142 | tracing_net.flowtable.flow_monitor, __init__, 46 | INFO | flow monitor start : s2
2021-10-20 00:53:33,545 | 4286 | tracing_net.util.packet_capture, start_capture, 58 | INFO | packet capture start on s2-eth2
2021-10-20 00:53:34,166 | 4142 | tracing_net.packet_repository, pop, 73 | ERROR | Failed to pop from packet repository (repo={})
2021-10-20 00:53:34,174 | 4142 | tracing_net.packet_repository, pop, 73 | ERROR | Failed to pop from packet repository (repo={})
2021-10-20 00:53:34,178 | 4142 | tracing_net.packet_repository, pop, 73 | ERROR | Failed to pop from packet repository (repo={})
2021-10-20 00:53:34,184 | 4142 | tracing_of_pipeline.analyzer, _poll_packet_inout_repo, 433 | DEBUG | tmp_p = None, s_dpip = 1
2021-10-20 00:53:34,211 | 4142 | tracing_of_pipeline.analyzer, _poll_packet_inout_repo, 433 | DEBUG | tmp_p = None, s_dpip = 2
2021-10-20 00:53:34,212 | 4142 | tracing_of_pipeline.analyzer, _polling, 393 | DEBUG | polled repository (start_time=1634691212.164566, until=0) values = {'l2': [], 'l1': [], 'l3': []} {} {'s1': [], 's2': []}
2021-10-20 00:53:34,213 | 4142 | tracing_of_pipeline.analyzer, analyze, 166 | WARNING | No packet in edge l2
2021-10-20 00:53:34,420 | 4142 | tracing_of_pipeline.analyzer, analyze, 166 | WARNING | No packet in edge l1
2021-10-20 00:53:34,420 | 4142 | tracing_of_pipeline.analyzer, analyze, 166 | WARNING | No packet in edge l3
2021-10-20 00:53:34,596 | 4290 | tracing_net.flowtable.flow_monitor, dump_flows, 57 | DEBUG | exec dump flows on s1
2021-10-20 00:53:34,714 | 4294 | tracing_net.flowtable.flow_monitor, dump_flows, 57 | DEBUG | exec dump flows on s2
2021-10-20 00:53:34,897 | 4290 | tracing_net.flowtable.flow_monitor, read_dump_flow, 74 | DEBUG | get result for dump flows 1634691214.649304 : ['OFPST_FLOW reply (OF1.3) (xid=0x2):']
2021-10-20 00:53:34,901 | 4290 | tracing_net.flowtable.flow_monitor, read_dump_flow, 83 | WARNING | No result dump flows
2021-10-20 00:53:34,949 | 4294 | tracing_net.flowtable.flow_monitor, read_dump_flow, 74 | DEBUG | get result for dump flows 1634691214.800073 : ['OFPST_FLOW reply (OF1.3) (xid=0x2):']
2021-10-20 00:53:34,965 | 4294 | tracing_net.flowtable.flow_monitor, read_dump_flow, 83 | WARNING | No result dump flows
2021-10-20 00:53:35,560 | 4290 | tracing_net.flowtable.flow_monitor, dump_flows, 57 | DEBUG | exec dump flows on s1
2021-10-20 00:53:35,601 | 4290 | tracing_net.flowtable.flow_monitor, read_dump_flow, 74 | DEBUG | get result for dump flows 1634691215.595975 : ['OFPST_FLOW reply (OF1.3) (xid=0x2):']
2021-10-20 00:53:35,602 | 4290 | tracing_net.flowtable.flow_monitor, read_dump_flow, 83 | WARNING | No result dump flows
2021-10-20 00:53:35,714 | 4294 | tracing_net.flowtable.flow_monitor, dump_flows, 57 | DEBUG | exec dump flows on s2
2021-10-20 00:53:35,771 | 4294 | tracing_net.flowtable.flow_monitor, read_dump_flow, 74 | DEBUG | get result for dump flows 1634691215.736488 : ['OFPST_FLOW reply (OF1.3) (xid=0x2):']
2021-10-20 00:53:35,772 | 4294 | tracing_net.flowtable.flow_monitor, read_dump_flow, 83 | WARNING | No result dump flows
2021-10-20 00:53:36,165 | 4142 | tracing_net.packet_repository, pop, 73 | ERROR | Failed to pop from packet repository (repo={})
2021-10-20 00:53:36,166 | 4142 | tracing_net.packet_repository, pop, 73 | ERROR | Failed to pop from packet repository (repo={})
2021-10-20 00:53:36,166 | 4142 | tracing_net.packet_repository, pop, 73 | ERROR | Failed to pop from packet repository (repo={})
2021-10-20 00:53:36,167 | 4142 | tracing_of_pipeline.analyzer, _poll_packet_inout_repo, 433 | DEBUG | tmp_p = None, s_dpip = 1
2021-10-20 00:53:36,169 | 4142 | tracing_of_pipeline.analyzer, _poll_packet_inout_repo, 433 | DEBUG | tmp_p = None, s_dpip = 2
2021-10-20 00:53:36,170 | 4142 | tracing_of_pipeline.analyzer, _polling, 393 | DEBUG | polled repository (start_time=1634691212.164566, until=1) values = {'l2': [], 'l1': [], 'l3': []} {} {'s1': [], 's2': []}
2021-10-20 00:53:36,170 | 4142 | tracing_of_pipeline.analyzer, analyze, 166 | WARNING | No packet in edge l2
2021-10-20 00:53:36,171 | 4142 | tracing_of_pipeline.analyzer, analyze, 166 | WARNING | No packet in edge l1
2021-10-20 00:53:36,172 | 4142 | tracing_of_pipeline.analyzer, analyze, 166 | WARNING | No packet in edge l3
2021-10-20 00:53:36,560 | 4290 | tracing_net.flowtable.flow_monitor, dump_flows, 57 | DEBUG | exec dump flows on s1
2021-10-20 00:53:36,630 | 4290 | tracing_net.flowtable.flow_monitor, read_dump_flow, 74 | DEBUG | get result for dump flows 1634691216.60566 : ['OFPST_FLOW reply (OF1.3) (xid=0x2):']
2021-10-20 00:53:36,631 | 4290 | tracing_net.flowtable.flow_monitor, read_dump_flow, 83 | WARNING | No result dump flows
2021-10-20 00:53:36,714 | 4294 | tracing_net.flowtable.flow_monitor, dump_flows, 57 | DEBUG | exec dump flows on s2
2021-10-20 00:53:36,733 | 4294 | tracing_net.flowtable.flow_monitor, read_dump_flow, 74 | DEBUG | get result for dump flows 1634691216.724697 : ['OFPST_FLOW reply (OF1.3) (xid=0x2):']
2021-10-20 00:53:36,735 | 4294 | tracing_net.flowtable.flow_monitor, read_dump_flow, 83 | WARNING | No result dump flows
2021-10-20 00:53:37,563 | 4290 | tracing_net.flowtable.flow_monitor, dump_flows, 57 | DEBUG | exec dump flows on s1
2021-10-20 00:53:37,572 | 4290 | tracing_net.flowtable.flow_monitor, read_dump_flow, 74 | DEBUG | get result for dump flows 1634691217.56885 : ['OFPST_FLOW reply (OF1.3) (xid=0x2):']
2021-10-20 00:53:37,573 | 4290 | tracing_net.flowtable.flow_monitor, read_dump_flow, 83 | WARNING | No result dump flows
2021-10-20 00:53:37,715 | 4294 | tracing_net.flowtable.flow_monitor, dump_flows, 57 | DEBUG | exec dump flows on s2
2021-10-20 00:53:37,724 | 4294 | tracing_net.flowtable.flow_monitor, read_dump_flow, 74 | DEBUG | get result for dump flows 1634691217.720211 : ['OFPST_FLOW reply (OF1.3) (xid=0x2):']
2021-10-20 00:53:37,725 | 4294 | tracing_net.flowtable.flow_monitor, read_dump_flow, 83 | WARNING | No result dump flows
2021-10-20 00:53:38,165 | 4142 | tracing_net.packet_repository, pop, 73 | ERROR | Failed to pop from packet repository (repo={})
2021-10-20 00:53:38,165 | 4142 | tracing_net.packet_repository, pop, 73 | ERROR | Failed to pop from packet repository (repo={})
2021-10-20 00:53:38,167 | 4142 | tracing_net.packet_repository, pop, 73 | ERROR | Failed to pop from packet repository (repo={})
2021-10-20 00:53:38,168 | 4142 | tracing_of_pipeline.analyzer, _poll_packet_inout_repo, 433 | DEBUG | tmp_p = None, s_dpip = 1
2021-10-20 00:53:38,169 | 4142 | tracing_of_pipeline.analyzer, _poll_packet_inout_repo, 433 | DEBUG | tmp_p = None, s_dpip = 2
2021-10-20 00:53:38,169 | 4142 | tracing_of_pipeline.analyzer, _polling, 393 | DEBUG | polled repository (start_time=1634691212.164566, until=2) values = {'l2': [], 'l1': [], 'l3': []} {} {'s1': [], 's2': []}
2021-10-20 00:53:38,170 | 4142 | tracing_of_pipeline.analyzer, analyze, 166 | WARNING | No packet in edge l2
2021-10-20 00:53:38,170 | 4142 | tracing_of_pipeline.analyzer, analyze, 166 | WARNING | No packet in edge l1
2021-10-20 00:53:38,171 | 4142 | tracing_of_pipeline.analyzer, analyze, 166 | WARNING | No packet in edge l3
2021-10-20 00:53:38,579 | 4290 | tracing_net.flowtable.flow_monitor, dump_flows, 57 | DEBUG | exec dump flows on s1
2021-10-20 00:53:38,591 | 4290 | tracing_net.flowtable.flow_monitor, read_dump_flow, 74 | DEBUG | get result for dump flows 1634691218.585175 : ['OFPST_FLOW reply (OF1.3) (xid=0x2):', ' cookie=0x0, duration=0.268s, table=0, n_packets=0, n_bytes=0, priority=0 actions=CONTROLLER:65535']
2021-10-20 00:53:38,598 | 4290 | tracing_net.flowtable.flow_monitor, read_dump_flow, 80 | DEBUG | parsed dump flows result to table 1634691218.585175 : <FlowTables(datapath=0, timestamp=1634691218.585175, flows=[<Flow(table=0, priority=0, match={}, actions=[<InstructionApplyAction type=4>])>])>
2021-10-20 00:53:38,717 | 4294 | tracing_net.flowtable.flow_monitor, dump_flows, 57 | DEBUG | exec dump flows on s2
2021-10-20 00:53:38,725 | 4294 | tracing_net.flowtable.flow_monitor, read_dump_flow, 74 | DEBUG | get result for dump flows 1634691218.722729 : ['OFPST_FLOW reply (OF1.3) (xid=0x2):', ' cookie=0x0, duration=0.401s, table=0, n_packets=0, n_bytes=0, priority=0 actions=CONTROLLER:65535']
2021-10-20 00:53:38,732 | 4294 | tracing_net.flowtable.flow_monitor, read_dump_flow, 80 | DEBUG | parsed dump flows result to table 1634691218.722729 : <FlowTables(datapath=0, timestamp=1634691218.722729, flows=[<Flow(table=0, priority=0, match={}, actions=[<InstructionApplyAction type=4>])>])>
2021-10-20 00:53:39,561 | 4290 | tracing_net.flowtable.flow_monitor, dump_flows, 57 | DEBUG | exec dump flows on s1
2021-10-20 00:53:39,569 | 4290 | tracing_net.flowtable.flow_monitor, read_dump_flow, 74 | DEBUG | get result for dump flows 1634691219.566198 : ['OFPST_FLOW reply (OF1.3) (xid=0x2):', ' cookie=0x0, duration=1.246s, table=0, n_packets=0, n_bytes=0, priority=0 actions=CONTROLLER:65535']
2021-10-20 00:53:39,571 | 4290 | tracing_net.flowtable.flow_monitor, read_dump_flow, 80 | DEBUG | parsed dump flows result to table 1634691219.566198 : <FlowTables(datapath=0, timestamp=1634691219.566198, flows=[<Flow(table=0, priority=0, match={}, actions=[<InstructionApplyAction type=4>])>])>
2021-10-20 00:53:39,715 | 4294 | tracing_net.flowtable.flow_monitor, dump_flows, 57 | DEBUG | exec dump flows on s2
2021-10-20 00:53:39,724 | 4294 | tracing_net.flowtable.flow_monitor, read_dump_flow, 74 | DEBUG | get result for dump flows 1634691219.720103 : ['OFPST_FLOW reply (OF1.3) (xid=0x2):', ' cookie=0x0, duration=1.400s, table=0, n_packets=0, n_bytes=0, priority=0 actions=CONTROLLER:65535']
2021-10-20 00:53:39,725 | 4294 | tracing_net.flowtable.flow_monitor, read_dump_flow, 80 | DEBUG | parsed dump flows result to table 1634691219.720103 : <FlowTables(datapath=0, timestamp=1634691219.720103, flows=[<Flow(table=0, priority=0, match={}, actions=[<InstructionApplyAction type=4>])>])>
2021-10-20 00:53:40,166 | 4142 | tracing_net.packet_repository, pop, 73 | ERROR | Failed to pop from packet repository (repo={})
2021-10-20 00:53:40,167 | 4142 | tracing_net.packet_repository, pop, 73 | ERROR | Failed to pop from packet repository (repo={})
2021-10-20 00:53:40,167 | 4142 | tracing_net.packet_repository, pop, 73 | ERROR | Failed to pop from packet repository (repo={})
2021-10-20 00:53:40,169 | 4142 | tracing_of_pipeline.analyzer, _poll_packet_inout_repo, 433 | DEBUG | tmp_p = None, s_dpip = 1
2021-10-20 00:53:40,170 | 4142 | tracing_of_pipeline.analyzer, _poll_packet_inout_repo, 433 | DEBUG | tmp_p = None, s_dpip = 2
2021-10-20 00:53:40,170 | 4142 | tracing_of_pipeline.analyzer, _polling, 393 | DEBUG | polled repository (start_time=1634691212.164566, until=3) values = {'l2': [], 'l1': [], 'l3': []} {} {'s1': [], 's2': []}
2021-10-20 00:53:40,171 | 4142 | tracing_of_pipeline.analyzer, analyze, 166 | WARNING | No packet in edge l2
2021-10-20 00:53:40,171 | 4142 | tracing_of_pipeline.analyzer, analyze, 166 | WARNING | No packet in edge l1
2021-10-20 00:53:40,172 | 4142 | tracing_of_pipeline.analyzer, analyze, 166 | WARNING | No packet in edge l3
2021-10-20 00:53:40,617 | 4290 | tracing_net.flowtable.flow_monitor, dump_flows, 57 | DEBUG | exec dump flows on s1
2021-10-20 00:53:40,625 | 4290 | tracing_net.flowtable.flow_monitor, read_dump_flow, 74 | DEBUG | get result for dump flows 1634691220.622622 : ['OFPST_FLOW reply (OF1.3) (xid=0x2):', ' cookie=0x0, duration=2.302s, table=0, n_packets=0, n_bytes=0, priority=0 actions=CONTROLLER:65535']
2021-10-20 00:53:40,627 | 4290 | tracing_net.flowtable.flow_monitor, read_dump_flow, 80 | DEBUG | parsed dump flows result to table 1634691220.622622 : <FlowTables(datapath=0, timestamp=1634691220.622622, flows=[<Flow(table=0, priority=0, match={}, actions=[<InstructionApplyAction type=4>])>])>
2021-10-20 00:53:40,719 | 4294 | tracing_net.flowtable.flow_monitor, dump_flows, 57 | DEBUG | exec dump flows on s2
2021-10-20 00:53:40,728 | 4294 | tracing_net.flowtable.flow_monitor, read_dump_flow, 74 | DEBUG | get result for dump flows 1634691220.725218 : ['OFPST_FLOW reply (OF1.3) (xid=0x2):', ' cookie=0x0, duration=2.404s, table=0, n_packets=0, n_bytes=0, priority=0 actions=CONTROLLER:65535']
2021-10-20 00:53:40,729 | 4294 | tracing_net.flowtable.flow_monitor, read_dump_flow, 80 | DEBUG | parsed dump flows result to table 1634691220.725218 : <FlowTables(datapath=0, timestamp=1634691220.725218, flows=[<Flow(table=0, priority=0, match={}, actions=[<InstructionApplyAction type=4>])>])>
2021-10-20 00:53:41,576 | 4290 | tracing_net.flowtable.flow_monitor, dump_flows, 57 | DEBUG | exec dump flows on s1
2021-10-20 00:53:41,589 | 4290 | tracing_net.flowtable.flow_monitor, read_dump_flow, 74 | DEBUG | get result for dump flows 1634691221.582652 : ['OFPST_FLOW reply (OF1.3) (xid=0x2):', ' cookie=0x0, duration=3.264s, table=0, n_packets=0, n_bytes=0, priority=0 actions=CONTROLLER:65535']
2021-10-20 00:53:41,590 | 4290 | tracing_net.flowtable.flow_monitor, read_dump_flow, 80 | DEBUG | parsed dump flows result to table 1634691221.582652 : <FlowTables(datapath=0, timestamp=1634691221.582652, flows=[<Flow(table=0, priority=0, match={}, actions=[<InstructionApplyAction type=4>])>])>
2021-10-20 00:53:41,715 | 4294 | tracing_net.flowtable.flow_monitor, dump_flows, 57 | DEBUG | exec dump flows on s2
2021-10-20 00:53:41,725 | 4294 | tracing_net.flowtable.flow_monitor, read_dump_flow, 74 | DEBUG | get result for dump flows 1634691221.721549 : ['OFPST_FLOW reply (OF1.3) (xid=0x2):', ' cookie=0x0, duration=3.400s, table=0, n_packets=0, n_bytes=0, priority=0 actions=CONTROLLER:65535']
2021-10-20 00:53:41,726 | 4294 | tracing_net.flowtable.flow_monitor, read_dump_flow, 80 | DEBUG | parsed dump flows result to table 1634691221.721549 : <FlowTables(datapath=0, timestamp=1634691221.721549, flows=[<Flow(table=0, priority=0, match={}, actions=[<InstructionApplyAction type=4>])>])>
2021-10-20 00:53:42,165 | 4142 | tracing_net.packet_repository, pop, 73 | ERROR | Failed to pop from packet repository (repo={})
2021-10-20 00:53:42,166 | 4142 | tracing_net.packet_repository, pop, 73 | ERROR | Failed to pop from packet repository (repo={})
2021-10-20 00:53:42,166 | 4142 | tracing_net.packet_repository, pop, 73 | ERROR | Failed to pop from packet repository (repo={})
2021-10-20 00:53:42,167 | 4142 | tracing_of_pipeline.analyzer, _poll_packet_inout_repo, 433 | DEBUG | tmp_p = None, s_dpip = 1
2021-10-20 00:53:42,168 | 4142 | tracing_of_pipeline.analyzer, _poll_packet_inout_repo, 433 | DEBUG | tmp_p = None, s_dpip = 2
2021-10-20 00:53:42,170 | 4142 | tracing_of_pipeline.analyzer, _polling, 393 | DEBUG | polled repository (start_time=1634691212.164566, until=4) values = {'l2': [], 'l1': [], 'l3': []} {} {'s1': [], 's2': []}
2021-10-20 00:53:42,171 | 4142 | tracing_of_pipeline.analyzer, analyze, 166 | WARNING | No packet in edge l2
2021-10-20 00:53:42,171 | 4142 | tracing_of_pipeline.analyzer, analyze, 166 | WARNING | No packet in edge l1
2021-10-20 00:53:42,172 | 4142 | tracing_of_pipeline.analyzer, analyze, 166 | WARNING | No packet in edge l3
2021-10-20 00:53:42,600 | 4290 | tracing_net.flowtable.flow_monitor, dump_flows, 57 | DEBUG | exec dump flows on s1
2021-10-20 00:53:42,609 | 4290 | tracing_net.flowtable.flow_monitor, read_dump_flow, 74 | DEBUG | get result for dump flows 1634691222.605549 : ['OFPST_FLOW reply (OF1.3) (xid=0x2):', ' cookie=0x0, duration=4.285s, table=0, n_packets=0, n_bytes=0, priority=0 actions=CONTROLLER:65535']
2021-10-20 00:53:42,610 | 4290 | tracing_net.flowtable.flow_monitor, read_dump_flow, 80 | DEBUG | parsed dump flows result to table 1634691222.605549 : <FlowTables(datapath=0, timestamp=1634691222.605549, flows=[<Flow(table=0, priority=0, match={}, actions=[<InstructionApplyAction type=4>])>])>
2021-10-20 00:53:42,724 | 4294 | tracing_net.flowtable.flow_monitor, dump_flows, 57 | DEBUG | exec dump flows on s2
2021-10-20 00:53:42,733 | 4294 | tracing_net.flowtable.flow_monitor, read_dump_flow, 74 | DEBUG | get result for dump flows 1634691222.729992 : ['OFPST_FLOW reply (OF1.3) (xid=0x2):', ' cookie=0x0, duration=4.409s, table=0, n_packets=0, n_bytes=0, priority=0 actions=CONTROLLER:65535']
2021-10-20 00:53:42,734 | 4294 | tracing_net.flowtable.flow_monitor, read_dump_flow, 80 | DEBUG | parsed dump flows result to table 1634691222.729992 : <FlowTables(datapath=0, timestamp=1634691222.729992, flows=[<Flow(table=0, priority=0, match={}, actions=[<InstructionApplyAction type=4>])>])>
2021-10-20 00:53:43,581 | 4290 | tracing_net.flowtable.flow_monitor, dump_flows, 57 | DEBUG | exec dump flows on s1
2021-10-20 00:53:43,592 | 4290 | tracing_net.flowtable.flow_monitor, read_dump_flow, 74 | DEBUG | get result for dump flows 1634691223.587138 : ['OFPST_FLOW reply (OF1.3) (xid=0x2):', ' cookie=0x0, duration=5.268s, table=0, n_packets=0, n_bytes=0, priority=0 actions=CONTROLLER:65535']
2021-10-20 00:53:43,593 | 4290 | tracing_net.flowtable.flow_monitor, read_dump_flow, 80 | DEBUG | parsed dump flows result to table 1634691223.587138 : <FlowTables(datapath=0, timestamp=1634691223.587138, flows=[<Flow(table=0, priority=0, match={}, actions=[<InstructionApplyAction type=4>])>])>
2021-10-20 00:53:43,718 | 4294 | tracing_net.flowtable.flow_monitor, dump_flows, 57 | DEBUG | exec dump flows on s2
2021-10-20 00:53:43,727 | 4294 | tracing_net.flowtable.flow_monitor, read_dump_flow, 74 | DEBUG | get result for dump flows 1634691223.72356 : ['OFPST_FLOW reply (OF1.3) (xid=0x2):', ' cookie=0x0, duration=5.402s, table=0, n_packets=0, n_bytes=0, priority=0 actions=CONTROLLER:65535']
2021-10-20 00:53:43,728 | 4294 | tracing_net.flowtable.flow_monitor, read_dump_flow, 80 | DEBUG | parsed dump flows result to table 1634691223.72356 : <FlowTables(datapath=0, timestamp=1634691223.72356, flows=[<Flow(table=0, priority=0, match={}, actions=[<InstructionApplyAction type=4>])>])>
2021-10-20 00:53:44,165 | 4142 | tracing_net.packet_repository, pop, 73 | ERROR | Failed to pop from packet repository (repo={})
2021-10-20 00:53:44,166 | 4142 | tracing_net.packet_repository, pop, 73 | ERROR | Failed to pop from packet repository (repo={})
2021-10-20 00:53:44,166 | 4142 | tracing_net.packet_repository, pop, 73 | ERROR | Failed to pop from packet repository (repo={})
2021-10-20 00:53:44,168 | 4142 | tracing_of_pipeline.analyzer, _poll_packet_inout_repo, 433 | DEBUG | tmp_p = None, s_dpip = 1
2021-10-20 00:53:44,169 | 4142 | tracing_of_pipeline.analyzer, _poll_packet_inout_repo, 433 | DEBUG | tmp_p = None, s_dpip = 2
2021-10-20 00:53:44,170 | 4142 | tracing_of_pipeline.analyzer, _polling, 393 | DEBUG | polled repository (start_time=1634691212.164566, until=5) values = {'l2': [], 'l1': [], 'l3': []} {} {'s1': [], 's2': []}
2021-10-20 00:53:44,171 | 4142 | tracing_of_pipeline.analyzer, analyze, 166 | WARNING | No packet in edge l2
2021-10-20 00:53:44,171 | 4142 | tracing_of_pipeline.analyzer, analyze, 166 | WARNING | No packet in edge l1
2021-10-20 00:53:44,172 | 4142 | tracing_of_pipeline.analyzer, analyze, 166 | WARNING | No packet in edge l3
2021-10-20 00:53:44,615 | 4290 | tracing_net.flowtable.flow_monitor, dump_flows, 57 | DEBUG | exec dump flows on s1
2021-10-20 00:53:44,624 | 4290 | tracing_net.flowtable.flow_monitor, read_dump_flow, 74 | DEBUG | get result for dump flows 1634691224.621352 : ['OFPST_FLOW reply (OF1.3) (xid=0x2):', ' cookie=0x0, duration=6.301s, table=0, n_packets=0, n_bytes=0, priority=0 actions=CONTROLLER:65535']
2021-10-20 00:53:44,625 | 4290 | tracing_net.flowtable.flow_monitor, read_dump_flow, 80 | DEBUG | parsed dump flows result to table 1634691224.621352 : <FlowTables(datapath=0, timestamp=1634691224.621352, flows=[<Flow(table=0, priority=0, match={}, actions=[<InstructionApplyAction type=4>])>])>
2021-10-20 00:53:44,715 | 4294 | tracing_net.flowtable.flow_monitor, dump_flows, 57 | DEBUG | exec dump flows on s2
2021-10-20 00:53:44,724 | 4294 | tracing_net.flowtable.flow_monitor, read_dump_flow, 74 | DEBUG | get result for dump flows 1634691224.72063 : ['OFPST_FLOW reply (OF1.3) (xid=0x2):', ' cookie=0x0, duration=6.399s, table=0, n_packets=0, n_bytes=0, priority=0 actions=CONTROLLER:65535']
2021-10-20 00:53:44,725 | 4294 | tracing_net.flowtable.flow_monitor, read_dump_flow, 80 | DEBUG | parsed dump flows result to table 1634691224.72063 : <FlowTables(datapath=0, timestamp=1634691224.72063, flows=[<Flow(table=0, priority=0, match={}, actions=[<InstructionApplyAction type=4>])>])>
2021-10-20 00:53:45,570 | 4290 | tracing_net.flowtable.flow_monitor, dump_flows, 57 | DEBUG | exec dump flows on s1
2021-10-20 00:53:45,584 | 4290 | tracing_net.flowtable.flow_monitor, read_dump_flow, 74 | DEBUG | get result for dump flows 1634691225.577943 : ['OFPST_FLOW reply (OF1.3) (xid=0x2):', ' cookie=0x0, duration=7.260s, table=0, n_packets=0, n_bytes=0, priority=0 actions=CONTROLLER:65535']
2021-10-20 00:53:45,586 | 4290 | tracing_net.flowtable.flow_monitor, read_dump_flow, 80 | DEBUG | parsed dump flows result to table 1634691225.577943 : <FlowTables(datapath=0, timestamp=1634691225.577943, flows=[<Flow(table=0, priority=0, match={}, actions=[<InstructionApplyAction type=4>])>])>
2021-10-20 00:53:45,730 | 4294 | tracing_net.flowtable.flow_monitor, dump_flows, 57 | DEBUG | exec dump flows on s2
2021-10-20 00:53:45,737 | 4294 | tracing_net.flowtable.flow_monitor, read_dump_flow, 74 | DEBUG | get result for dump flows 1634691225.734701 : ['OFPST_FLOW reply (OF1.3) (xid=0x2):', ' cookie=0x0, duration=7.413s, table=0, n_packets=0, n_bytes=0, priority=0 actions=CONTROLLER:65535']
2021-10-20 00:53:45,738 | 4294 | tracing_net.flowtable.flow_monitor, read_dump_flow, 80 | DEBUG | parsed dump flows result to table 1634691225.734701 : <FlowTables(datapath=0, timestamp=1634691225.734701, flows=[<Flow(table=0, priority=0, match={}, actions=[<InstructionApplyAction type=4>])>])>
2021-10-20 00:53:46,165 | 4142 | tracing_net.packet_repository, pop, 73 | ERROR | Failed to pop from packet repository (repo={})
2021-10-20 00:53:46,166 | 4142 | tracing_net.packet_repository, pop, 73 | ERROR | Failed to pop from packet repository (repo={})
2021-10-20 00:53:46,167 | 4142 | tracing_net.packet_repository, pop, 73 | ERROR | Failed to pop from packet repository (repo={})
2021-10-20 00:53:46,168 | 4142 | tracing_of_pipeline.analyzer, _poll_packet_inout_repo, 433 | DEBUG | tmp_p = None, s_dpip = 1
2021-10-20 00:53:46,170 | 4142 | tracing_of_pipeline.analyzer, _poll_packet_inout_repo, 433 | DEBUG | tmp_p = None, s_dpip = 2
2021-10-20 00:53:46,170 | 4142 | tracing_of_pipeline.analyzer, _polling, 393 | DEBUG | polled repository (start_time=1634691212.164566, until=6) values = {'l2': [], 'l1': [], 'l3': []} {} {'s1': [], 's2': []}
2021-10-20 00:53:46,171 | 4142 | tracing_of_pipeline.analyzer, analyze, 166 | WARNING | No packet in edge l2
2021-10-20 00:53:46,171 | 4142 | tracing_of_pipeline.analyzer, analyze, 166 | WARNING | No packet in edge l1
2021-10-20 00:53:46,172 | 4142 | tracing_of_pipeline.analyzer, analyze, 166 | WARNING | No packet in edge l3
2021-10-20 00:53:46,580 | 4290 | tracing_net.flowtable.flow_monitor, dump_flows, 57 | DEBUG | exec dump flows on s1
2021-10-20 00:53:46,597 | 4290 | tracing_net.flowtable.flow_monitor, read_dump_flow, 74 | DEBUG | get result for dump flows 1634691226.592297 : ['OFPST_FLOW reply (OF1.3) (xid=0x2):', ' cookie=0x0, duration=8.273s, table=0, n_packets=0, n_bytes=0, priority=0 actions=CONTROLLER:65535']
2021-10-20 00:53:46,599 | 4290 | tracing_net.flowtable.flow_monitor, read_dump_flow, 80 | DEBUG | parsed dump flows result to table 1634691226.592297 : <FlowTables(datapath=0, timestamp=1634691226.592297, flows=[<Flow(table=0, priority=0, match={}, actions=[<InstructionApplyAction type=4>])>])>
2021-10-20 00:53:46,727 | 4294 | tracing_net.flowtable.flow_monitor, dump_flows, 57 | DEBUG | exec dump flows on s2
2021-10-20 00:53:46,754 | 4294 | tracing_net.flowtable.flow_monitor, read_dump_flow, 74 | DEBUG | get result for dump flows 1634691226.749613 : ['OFPST_FLOW reply (OF1.3) (xid=0x2):', ' cookie=0x0, duration=8.429s, table=0, n_packets=0, n_bytes=0, priority=0 actions=CONTROLLER:65535']
2021-10-20 00:53:46,755 | 4294 | tracing_net.flowtable.flow_monitor, read_dump_flow, 80 | DEBUG | parsed dump flows result to table 1634691226.749613 : <FlowTables(datapath=0, timestamp=1634691226.749613, flows=[<Flow(table=0, priority=0, match={}, actions=[<InstructionApplyAction type=4>])>])>
2021-10-20 00:53:47,563 | 4290 | tracing_net.flowtable.flow_monitor, dump_flows, 57 | DEBUG | exec dump flows on s1
2021-10-20 00:53:47,572 | 4290 | tracing_net.flowtable.flow_monitor, read_dump_flow, 74 | DEBUG | get result for dump flows 1634691227.568986 : ['OFPST_FLOW reply (OF1.3) (xid=0x2):', ' cookie=0x0, duration=9.249s, table=0, n_packets=0, n_bytes=0, priority=0 actions=CONTROLLER:65535']
2021-10-20 00:53:47,573 | 4290 | tracing_net.flowtable.flow_monitor, read_dump_flow, 80 | DEBUG | parsed dump flows result to table 1634691227.568986 : <FlowTables(datapath=0, timestamp=1634691227.568986, flows=[<Flow(table=0, priority=0, match={}, actions=[<InstructionApplyAction type=4>])>])>
2021-10-20 00:53:47,724 | 4294 | tracing_net.flowtable.flow_monitor, dump_flows, 57 | DEBUG | exec dump flows on s2
2021-10-20 00:53:47,741 | 4294 | tracing_net.flowtable.flow_monitor, read_dump_flow, 74 | DEBUG | get result for dump flows 1634691227.733999 : ['OFPST_FLOW reply (OF1.3) (xid=0x2):', ' cookie=0x0, duration=9.415s, table=0, n_packets=0, n_bytes=0, priority=0 actions=CONTROLLER:65535']
2021-10-20 00:53:47,742 | 4294 | tracing_net.flowtable.flow_monitor, read_dump_flow, 80 | DEBUG | parsed dump flows result to table 1634691227.733999 : <FlowTables(datapath=0, timestamp=1634691227.733999, flows=[<Flow(table=0, priority=0, match={}, actions=[<InstructionApplyAction type=4>])>])>
2021-10-20 00:53:48,170 | 4142 | tracing_net.packet_repository, pop, 73 | ERROR | Failed to pop from packet repository (repo={})
2021-10-20 00:53:48,171 | 4142 | tracing_net.packet_repository, pop, 73 | ERROR | Failed to pop from packet repository (repo={})
2021-10-20 00:53:48,172 | 4142 | tracing_net.packet_repository, pop, 73 | ERROR | Failed to pop from packet repository (repo={})
2021-10-20 00:53:48,173 | 4142 | tracing_of_pipeline.analyzer, _poll_packet_inout_repo, 433 | DEBUG | tmp_p = None, s_dpip = 1
2021-10-20 00:53:48,174 | 4142 | tracing_of_pipeline.analyzer, _poll_packet_inout_repo, 433 | DEBUG | tmp_p = None, s_dpip = 2
2021-10-20 00:53:48,174 | 4142 | tracing_of_pipeline.analyzer, _polling, 393 | DEBUG | polled repository (start_time=1634691212.164566, until=7) values = {'l2': [], 'l1': [], 'l3': []} {} {'s1': [], 's2': []}
2021-10-20 00:53:48,175 | 4142 | tracing_of_pipeline.analyzer, analyze, 166 | WARNING | No packet in edge l2
2021-10-20 00:53:48,175 | 4142 | tracing_of_pipeline.analyzer, analyze, 166 | WARNING | No packet in edge l1
2021-10-20 00:53:48,176 | 4142 | tracing_of_pipeline.analyzer, analyze, 166 | WARNING | No packet in edge l3
2021-10-20 00:53:48,565 | 4290 | tracing_net.flowtable.flow_monitor, dump_flows, 57 | DEBUG | exec dump flows on s1
2021-10-20 00:53:48,573 | 4290 | tracing_net.flowtable.flow_monitor, read_dump_flow, 74 | DEBUG | get result for dump flows 1634691228.57022 : ['OFPST_FLOW reply (OF1.3) (xid=0x2):', ' cookie=0x0, duration=10.250s, table=0, n_packets=0, n_bytes=0, priority=0 actions=CONTROLLER:65535']
2021-10-20 00:53:48,574 | 4290 | tracing_net.flowtable.flow_monitor, read_dump_flow, 80 | DEBUG | parsed dump flows result to table 1634691228.57022 : <FlowTables(datapath=0, timestamp=1634691228.57022, flows=[<Flow(table=0, priority=0, match={}, actions=[<InstructionApplyAction type=4>])>])>
2021-10-20 00:53:48,715 | 4294 | tracing_net.flowtable.flow_monitor, dump_flows, 57 | DEBUG | exec dump flows on s2
2021-10-20 00:53:48,723 | 4294 | tracing_net.flowtable.flow_monitor, read_dump_flow, 74 | DEBUG | get result for dump flows 1634691228.720218 : ['OFPST_FLOW reply (OF1.3) (xid=0x2):', ' cookie=0x0, duration=10.399s, table=0, n_packets=0, n_bytes=0, priority=0 actions=CONTROLLER:65535']
2021-10-20 00:53:48,724 | 4294 | tracing_net.flowtable.flow_monitor, read_dump_flow, 80 | DEBUG | parsed dump flows result to table 1634691228.720218 : <FlowTables(datapath=0, timestamp=1634691228.720218, flows=[<Flow(table=0, priority=0, match={}, actions=[<InstructionApplyAction type=4>])>])>
2021-10-20 00:53:49,567 | 4290 | tracing_net.flowtable.flow_monitor, dump_flows, 57 | DEBUG | exec dump flows on s1
2021-10-20 00:53:49,575 | 4290 | tracing_net.flowtable.flow_monitor, read_dump_flow, 74 | DEBUG | get result for dump flows 1634691229.572261 : ['OFPST_FLOW reply (OF1.3) (xid=0x2):', ' cookie=0x0, duration=11.252s, table=0, n_packets=0, n_bytes=0, priority=0 actions=CONTROLLER:65535']
2021-10-20 00:53:49,576 | 4290 | tracing_net.flowtable.flow_monitor, read_dump_flow, 80 | DEBUG | parsed dump flows result to table 1634691229.572261 : <FlowTables(datapath=0, timestamp=1634691229.572261, flows=[<Flow(table=0, priority=0, match={}, actions=[<InstructionApplyAction type=4>])>])>
2021-10-20 00:53:49,714 | 4294 | tracing_net.flowtable.flow_monitor, dump_flows, 57 | DEBUG | exec dump flows on s2
2021-10-20 00:53:49,724 | 4294 | tracing_net.flowtable.flow_monitor, read_dump_flow, 74 | DEBUG | get result for dump flows 1634691229.720822 : ['OFPST_FLOW reply (OF1.3) (xid=0x2):', ' cookie=0x0, duration=11.400s, table=0, n_packets=0, n_bytes=0, priority=0 actions=CONTROLLER:65535']
2021-10-20 00:53:49,725 | 4294 | tracing_net.flowtable.flow_monitor, read_dump_flow, 80 | DEBUG | parsed dump flows result to table 1634691229.720822 : <FlowTables(datapath=0, timestamp=1634691229.720822, flows=[<Flow(table=0, priority=0, match={}, actions=[<InstructionApplyAction type=4>])>])>
2021-10-20 00:53:50,165 | 4142 | tracing_net.packet_repository, pop, 73 | ERROR | Failed to pop from packet repository (repo={})
2021-10-20 00:53:50,165 | 4142 | tracing_net.packet_repository, pop, 73 | ERROR | Failed to pop from packet repository (repo={})
2021-10-20 00:53:50,166 | 4142 | tracing_net.packet_repository, pop, 73 | ERROR | Failed to pop from packet repository (repo={})
2021-10-20 00:53:50,167 | 4142 | tracing_of_pipeline.analyzer, _poll_packet_inout_repo, 433 | DEBUG | tmp_p = None, s_dpip = 1
2021-10-20 00:53:50,168 | 4142 | tracing_of_pipeline.analyzer, _poll_packet_inout_repo, 433 | DEBUG | tmp_p = None, s_dpip = 2
2021-10-20 00:53:50,168 | 4142 | tracing_of_pipeline.analyzer, _polling, 393 | DEBUG | polled repository (start_time=1634691212.164566, until=8) values = {'l2': [], 'l1': [], 'l3': []} {} {'s1': [], 's2': []}
2021-10-20 00:53:50,168 | 4142 | tracing_of_pipeline.analyzer, analyze, 166 | WARNING | No packet in edge l2
2021-10-20 00:53:50,169 | 4142 | tracing_of_pipeline.analyzer, analyze, 166 | WARNING | No packet in edge l1
2021-10-20 00:53:50,169 | 4142 | tracing_of_pipeline.analyzer, analyze, 166 | WARNING | No packet in edge l3
2021-10-20 00:53:50,562 | 4290 | tracing_net.flowtable.flow_monitor, dump_flows, 57 | DEBUG | exec dump flows on s1
2021-10-20 00:53:50,570 | 4290 | tracing_net.flowtable.flow_monitor, read_dump_flow, 74 | DEBUG | get result for dump flows 1634691230.567417 : ['OFPST_FLOW reply (OF1.3) (xid=0x2):', ' cookie=0x0, duration=12.247s, table=0, n_packets=0, n_bytes=0, priority=0 actions=CONTROLLER:65535']
2021-10-20 00:53:50,572 | 4290 | tracing_net.flowtable.flow_monitor, read_dump_flow, 80 | DEBUG | parsed dump flows result to table 1634691230.567417 : <FlowTables(datapath=0, timestamp=1634691230.567417, flows=[<Flow(table=0, priority=0, match={}, actions=[<InstructionApplyAction type=4>])>])>
2021-10-20 00:53:50,725 | 4294 | tracing_net.flowtable.flow_monitor, dump_flows, 57 | DEBUG | exec dump flows on s2
2021-10-20 00:53:50,739 | 4294 | tracing_net.flowtable.flow_monitor, read_dump_flow, 74 | DEBUG | get result for dump flows 1634691230.733026 : ['OFPST_FLOW reply (OF1.3) (xid=0x2):', ' cookie=0x0, duration=12.414s, table=0, n_packets=0, n_bytes=0, priority=0 actions=CONTROLLER:65535']
2021-10-20 00:53:50,740 | 4294 | tracing_net.flowtable.flow_monitor, read_dump_flow, 80 | DEBUG | parsed dump flows result to table 1634691230.733026 : <FlowTables(datapath=0, timestamp=1634691230.733026, flows=[<Flow(table=0, priority=0, match={}, actions=[<InstructionApplyAction type=4>])>])>
2021-10-20 00:53:51,567 | 4290 | tracing_net.flowtable.flow_monitor, dump_flows, 57 | DEBUG | exec dump flows on s1
2021-10-20 00:53:51,575 | 4290 | tracing_net.flowtable.flow_monitor, read_dump_flow, 74 | DEBUG | get result for dump flows 1634691231.572453 : ['OFPST_FLOW reply (OF1.3) (xid=0x2):', ' cookie=0x0, duration=13.252s, table=0, n_packets=0, n_bytes=0, priority=0 actions=CONTROLLER:65535']
2021-10-20 00:53:51,577 | 4290 | tracing_net.flowtable.flow_monitor, read_dump_flow, 80 | DEBUG | parsed dump flows result to table 1634691231.572453 : <FlowTables(datapath=0, timestamp=1634691231.572453, flows=[<Flow(table=0, priority=0, match={}, actions=[<InstructionApplyAction type=4>])>])>
2021-10-20 00:53:51,719 | 4294 | tracing_net.flowtable.flow_monitor, dump_flows, 57 | DEBUG | exec dump flows on s2
2021-10-20 00:53:51,728 | 4294 | tracing_net.flowtable.flow_monitor, read_dump_flow, 74 | DEBUG | get result for dump flows 1634691231.724578 : ['OFPST_FLOW reply (OF1.3) (xid=0x2):', ' cookie=0x0, duration=13.404s, table=0, n_packets=0, n_bytes=0, priority=0 actions=CONTROLLER:65535']
2021-10-20 00:53:51,729 | 4294 | tracing_net.flowtable.flow_monitor, read_dump_flow, 80 | DEBUG | parsed dump flows result to table 1634691231.724578 : <FlowTables(datapath=0, timestamp=1634691231.724578, flows=[<Flow(table=0, priority=0, match={}, actions=[<InstructionApplyAction type=4>])>])>
2021-10-20 00:53:52,165 | 4142 | tracing_net.packet_repository, pop, 73 | ERROR | Failed to pop from packet repository (repo={})
2021-10-20 00:53:52,166 | 4142 | tracing_net.packet_repository, pop, 73 | ERROR | Failed to pop from packet repository (repo={})
2021-10-20 00:53:52,167 | 4142 | tracing_net.packet_repository, pop, 73 | ERROR | Failed to pop from packet repository (repo={})
2021-10-20 00:53:52,168 | 4142 | tracing_of_pipeline.analyzer, _poll_packet_inout_repo, 433 | DEBUG | tmp_p = None, s_dpip = 1
2021-10-20 00:53:52,169 | 4142 | tracing_of_pipeline.analyzer, _poll_packet_inout_repo, 433 | DEBUG | tmp_p = None, s_dpip = 2
2021-10-20 00:53:52,170 | 4142 | tracing_of_pipeline.analyzer, _polling, 393 | DEBUG | polled repository (start_time=1634691212.164566, until=9) values = {'l2': [], 'l1': [], 'l3': []} {} {'s1': [], 's2': []}
2021-10-20 00:53:52,171 | 4142 | tracing_of_pipeline.analyzer, analyze, 166 | WARNING | No packet in edge l2
2021-10-20 00:53:52,171 | 4142 | tracing_of_pipeline.analyzer, analyze, 166 | WARNING | No packet in edge l1
2021-10-20 00:53:52,172 | 4142 | tracing_of_pipeline.analyzer, analyze, 166 | WARNING | No packet in edge l3
2021-10-20 00:53:52,561 | 4290 | tracing_net.flowtable.flow_monitor, dump_flows, 57 | DEBUG | exec dump flows on s1
2021-10-20 00:53:52,570 | 4290 | tracing_net.flowtable.flow_monitor, read_dump_flow, 74 | DEBUG | get result for dump flows 1634691232.567336 : ['OFPST_FLOW reply (OF1.3) (xid=0x2):', ' cookie=0x0, duration=14.247s, table=0, n_packets=0, n_bytes=0, priority=0 actions=CONTROLLER:65535']
2021-10-20 00:53:52,572 | 4290 | tracing_net.flowtable.flow_monitor, read_dump_flow, 80 | DEBUG | parsed dump flows result to table 1634691232.567336 : <FlowTables(datapath=0, timestamp=1634691232.567336, flows=[<Flow(table=0, priority=0, match={}, actions=[<InstructionApplyAction type=4>])>])>
2021-10-20 00:53:52,714 | 4294 | tracing_net.flowtable.flow_monitor, dump_flows, 57 | DEBUG | exec dump flows on s2
2021-10-20 00:53:52,723 | 4294 | tracing_net.flowtable.flow_monitor, read_dump_flow, 74 | DEBUG | get result for dump flows 1634691232.719772 : ['OFPST_FLOW reply (OF1.3) (xid=0x2):', ' cookie=0x0, duration=14.399s, table=0, n_packets=0, n_bytes=0, priority=0 actions=CONTROLLER:65535']
2021-10-20 00:53:52,724 | 4294 | tracing_net.flowtable.flow_monitor, read_dump_flow, 80 | DEBUG | parsed dump flows result to table 1634691232.719772 : <FlowTables(datapath=0, timestamp=1634691232.719772, flows=[<Flow(table=0, priority=0, match={}, actions=[<InstructionApplyAction type=4>])>])>
2021-10-20 00:53:53,565 | 4290 | tracing_net.flowtable.flow_monitor, dump_flows, 57 | DEBUG | exec dump flows on s1
2021-10-20 00:53:53,574 | 4290 | tracing_net.flowtable.flow_monitor, read_dump_flow, 74 | DEBUG | get result for dump flows 1634691233.571114 : ['OFPST_FLOW reply (OF1.3) (xid=0x2):', ' cookie=0x0, duration=15.251s, table=0, n_packets=0, n_bytes=0, priority=0 actions=CONTROLLER:65535']
2021-10-20 00:53:53,575 | 4290 | tracing_net.flowtable.flow_monitor, read_dump_flow, 80 | DEBUG | parsed dump flows result to table 1634691233.571114 : <FlowTables(datapath=0, timestamp=1634691233.571114, flows=[<Flow(table=0, priority=0, match={}, actions=[<InstructionApplyAction type=4>])>])>
2021-10-20 00:53:53,714 | 4294 | tracing_net.flowtable.flow_monitor, dump_flows, 57 | DEBUG | exec dump flows on s2
2021-10-20 00:53:53,722 | 4294 | tracing_net.flowtable.flow_monitor, read_dump_flow, 74 | DEBUG | get result for dump flows 1634691233.719731 : ['OFPST_FLOW reply (OF1.3) (xid=0x2):', ' cookie=0x0, duration=15.398s, table=0, n_packets=0, n_bytes=0, priority=0 actions=CONTROLLER:65535']
2021-10-20 00:53:53,724 | 4294 | tracing_net.flowtable.flow_monitor, read_dump_flow, 80 | DEBUG | parsed dump flows result to table 1634691233.719731 : <FlowTables(datapath=0, timestamp=1634691233.719731, flows=[<Flow(table=0, priority=0, match={}, actions=[<InstructionApplyAction type=4>])>])>
2021-10-20 00:53:54,169 | 4142 | tracing_net.packet_repository, pop, 73 | ERROR | Failed to pop from packet repository (repo={})
2021-10-20 00:53:54,170 | 4142 | tracing_net.packet_repository, pop, 73 | ERROR | Failed to pop from packet repository (repo={})
2021-10-20 00:53:54,171 | 4142 | tracing_net.packet_repository, pop, 73 | ERROR | Failed to pop from packet repository (repo={})
2021-10-20 00:53:54,172 | 4142 | tracing_of_pipeline.analyzer, _poll_packet_inout_repo, 433 | DEBUG | tmp_p = None, s_dpip = 1
2021-10-20 00:53:54,173 | 4142 | tracing_of_pipeline.analyzer, _poll_packet_inout_repo, 433 | DEBUG | tmp_p = None, s_dpip = 2
2021-10-20 00:53:54,174 | 4142 | tracing_of_pipeline.analyzer, _polling, 393 | DEBUG | polled repository (start_time=1634691212.164566, until=10) values = {'l2': [], 'l1': [], 'l3': []} {} {'s1': [], 's2': []}
2021-10-20 00:53:54,175 | 4142 | tracing_of_pipeline.analyzer, analyze, 166 | WARNING | No packet in edge l2
2021-10-20 00:53:54,175 | 4142 | tracing_of_pipeline.analyzer, analyze, 166 | WARNING | No packet in edge l1
2021-10-20 00:53:54,175 | 4142 | tracing_of_pipeline.analyzer, analyze, 166 | WARNING | No packet in edge l3
2021-10-20 00:53:54,562 | 4290 | tracing_net.flowtable.flow_monitor, dump_flows, 57 | DEBUG | exec dump flows on s1
2021-10-20 00:53:54,572 | 4290 | tracing_net.flowtable.flow_monitor, read_dump_flow, 74 | DEBUG | get result for dump flows 1634691234.568587 : ['OFPST_FLOW reply (OF1.3) (xid=0x2):', ' cookie=0x0, duration=16.248s, table=0, n_packets=0, n_bytes=0, priority=0 actions=CONTROLLER:65535']
2021-10-20 00:53:54,573 | 4290 | tracing_net.flowtable.flow_monitor, read_dump_flow, 80 | DEBUG | parsed dump flows result to table 1634691234.568587 : <FlowTables(datapath=0, timestamp=1634691234.568587, flows=[<Flow(table=0, priority=0, match={}, actions=[<InstructionApplyAction type=4>])>])>
2021-10-20 00:53:54,719 | 4294 | tracing_net.flowtable.flow_monitor, dump_flows, 57 | DEBUG | exec dump flows on s2
2021-10-20 00:53:54,732 | 4294 | tracing_net.flowtable.flow_monitor, read_dump_flow, 74 | DEBUG | get result for dump flows 1634691234.727304 : ['OFPST_FLOW reply (OF1.3) (xid=0x2):', ' cookie=0x0, duration=16.407s, table=0, n_packets=0, n_bytes=0, priority=0 actions=CONTROLLER:65535']
2021-10-20 00:53:54,733 | 4294 | tracing_net.flowtable.flow_monitor, read_dump_flow, 80 | DEBUG | parsed dump flows result to table 1634691234.727304 : <FlowTables(datapath=0, timestamp=1634691234.727304, flows=[<Flow(table=0, priority=0, match={}, actions=[<InstructionApplyAction type=4>])>])>
2021-10-20 00:53:55,561 | 4290 | tracing_net.flowtable.flow_monitor, dump_flows, 57 | DEBUG | exec dump flows on s1
2021-10-20 00:53:55,571 | 4290 | tracing_net.flowtable.flow_monitor, read_dump_flow, 74 | DEBUG | get result for dump flows 1634691235.56794 : ['OFPST_FLOW reply (OF1.3) (xid=0x2):', ' cookie=0x0, duration=17.248s, table=0, n_packets=0, n_bytes=0, priority=0 actions=CONTROLLER:65535']
2021-10-20 00:53:55,572 | 4290 | tracing_net.flowtable.flow_monitor, read_dump_flow, 80 | DEBUG | parsed dump flows result to table 1634691235.56794 : <FlowTables(datapath=0, timestamp=1634691235.56794, flows=[<Flow(table=0, priority=0, match={}, actions=[<InstructionApplyAction type=4>])>])>
2021-10-20 00:53:55,715 | 4294 | tracing_net.flowtable.flow_monitor, dump_flows, 57 | DEBUG | exec dump flows on s2
2021-10-20 00:53:55,723 | 4294 | tracing_net.flowtable.flow_monitor, read_dump_flow, 74 | DEBUG | get result for dump flows 1634691235.72014 : ['OFPST_FLOW reply (OF1.3) (xid=0x2):', ' cookie=0x0, duration=17.399s, table=0, n_packets=0, n_bytes=0, priority=0 actions=CONTROLLER:65535']
2021-10-20 00:53:55,724 | 4294 | tracing_net.flowtable.flow_monitor, read_dump_flow, 80 | DEBUG | parsed dump flows result to table 1634691235.72014 : <FlowTables(datapath=0, timestamp=1634691235.72014, flows=[<Flow(table=0, priority=0, match={}, actions=[<InstructionApplyAction type=4>])>])>
2021-10-20 00:53:56,167 | 4142 | tracing_net.packet_repository, pop, 73 | ERROR | Failed to pop from packet repository (repo={})
2021-10-20 00:53:56,167 | 4142 | tracing_net.packet_repository, pop, 73 | ERROR | Failed to pop from packet repository (repo={})
2021-10-20 00:53:56,168 | 4142 | tracing_net.packet_repository, pop, 73 | ERROR | Failed to pop from packet repository (repo={})
2021-10-20 00:53:56,169 | 4142 | tracing_of_pipeline.analyzer, _poll_packet_inout_repo, 433 | DEBUG | tmp_p = None, s_dpip = 1
2021-10-20 00:53:56,170 | 4142 | tracing_of_pipeline.analyzer, _poll_packet_inout_repo, 433 | DEBUG | tmp_p = None, s_dpip = 2
2021-10-20 00:53:56,170 | 4142 | tracing_of_pipeline.analyzer, _polling, 393 | DEBUG | polled repository (start_time=1634691212.164566, until=11) values = {'l2': [], 'l1': [], 'l3': []} {} {'s1': [], 's2': []}
2021-10-20 00:53:56,171 | 4142 | tracing_of_pipeline.analyzer, analyze, 166 | WARNING | No packet in edge l2
2021-10-20 00:53:56,171 | 4142 | tracing_of_pipeline.analyzer, analyze, 166 | WARNING | No packet in edge l1
2021-10-20 00:53:56,172 | 4142 | tracing_of_pipeline.analyzer, analyze, 166 | WARNING | No packet in edge l3
2021-10-20 00:53:56,566 | 4290 | tracing_net.flowtable.flow_monitor, dump_flows, 57 | DEBUG | exec dump flows on s1
2021-10-20 00:53:56,577 | 4290 | tracing_net.flowtable.flow_monitor, read_dump_flow, 74 | DEBUG | get result for dump flows 1634691236.573451 : ['OFPST_FLOW reply (OF1.3) (xid=0x2):', ' cookie=0x0, duration=18.253s, table=0, n_packets=0, n_bytes=0, priority=0 actions=CONTROLLER:65535']
2021-10-20 00:53:56,578 | 4290 | tracing_net.flowtable.flow_monitor, read_dump_flow, 80 | DEBUG | parsed dump flows result to table 1634691236.573451 : <FlowTables(datapath=0, timestamp=1634691236.573451, flows=[<Flow(table=0, priority=0, match={}, actions=[<InstructionApplyAction type=4>])>])>
2021-10-20 00:53:56,722 | 4294 | tracing_net.flowtable.flow_monitor, dump_flows, 57 | DEBUG | exec dump flows on s2
2021-10-20 00:53:56,732 | 4294 | tracing_net.flowtable.flow_monitor, read_dump_flow, 74 | DEBUG | get result for dump flows 1634691236.729503 : ['OFPST_FLOW reply (OF1.3) (xid=0x2):', ' cookie=0x0, duration=18.408s, table=0, n_packets=0, n_bytes=0, priority=0 actions=CONTROLLER:65535']
2021-10-20 00:53:56,733 | 4294 | tracing_net.flowtable.flow_monitor, read_dump_flow, 80 | DEBUG | parsed dump flows result to table 1634691236.729503 : <FlowTables(datapath=0, timestamp=1634691236.729503, flows=[<Flow(table=0, priority=0, match={}, actions=[<InstructionApplyAction type=4>])>])>
2021-10-20 00:53:57,577 | 4290 | tracing_net.flowtable.flow_monitor, dump_flows, 57 | DEBUG | exec dump flows on s1
2021-10-20 00:53:57,588 | 4290 | tracing_net.flowtable.flow_monitor, read_dump_flow, 74 | DEBUG | get result for dump flows 1634691237.58367 : ['OFPST_FLOW reply (OF1.3) (xid=0x2):', ' cookie=0x0, duration=19.265s, table=0, n_packets=0, n_bytes=0, priority=0 actions=CONTROLLER:65535']
2021-10-20 00:53:57,589 | 4290 | tracing_net.flowtable.flow_monitor, read_dump_flow, 80 | DEBUG | parsed dump flows result to table 1634691237.58367 : <FlowTables(datapath=0, timestamp=1634691237.58367, flows=[<Flow(table=0, priority=0, match={}, actions=[<InstructionApplyAction type=4>])>])>
2021-10-20 00:53:57,738 | 4294 | tracing_net.flowtable.flow_monitor, dump_flows, 57 | DEBUG | exec dump flows on s2
2021-10-20 00:53:57,747 | 4294 | tracing_net.flowtable.flow_monitor, read_dump_flow, 74 | DEBUG | get result for dump flows 1634691237.743595 : ['OFPST_FLOW reply (OF1.3) (xid=0x2):', ' cookie=0x0, duration=19.423s, table=0, n_packets=0, n_bytes=0, priority=0 actions=CONTROLLER:65535']
2021-10-20 00:53:57,748 | 4294 | tracing_net.flowtable.flow_monitor, read_dump_flow, 80 | DEBUG | parsed dump flows result to table 1634691237.743595 : <FlowTables(datapath=0, timestamp=1634691237.743595, flows=[<Flow(table=0, priority=0, match={}, actions=[<InstructionApplyAction type=4>])>])>
2021-10-20 00:53:58,169 | 4142 | tracing_net.packet_repository, pop, 73 | ERROR | Failed to pop from packet repository (repo={})
2021-10-20 00:53:58,170 | 4142 | tracing_net.packet_repository, pop, 73 | ERROR | Failed to pop from packet repository (repo={})
2021-10-20 00:53:58,170 | 4142 | tracing_net.packet_repository, pop, 73 | ERROR | Failed to pop from packet repository (repo={})
2021-10-20 00:53:58,171 | 4142 | tracing_of_pipeline.analyzer, _poll_packet_inout_repo, 433 | DEBUG | tmp_p = None, s_dpip = 1
2021-10-20 00:53:58,172 | 4142 | tracing_of_pipeline.analyzer, _poll_packet_inout_repo, 433 | DEBUG | tmp_p = None, s_dpip = 2
2021-10-20 00:53:58,173 | 4142 | tracing_of_pipeline.analyzer, _polling, 393 | DEBUG | polled repository (start_time=1634691212.164566, until=12) values = {'l2': [], 'l1': [], 'l3': []} {} {'s1': [], 's2': []}
2021-10-20 00:53:58,173 | 4142 | tracing_of_pipeline.analyzer, analyze, 166 | WARNING | No packet in edge l2
2021-10-20 00:53:58,173 | 4142 | tracing_of_pipeline.analyzer, analyze, 166 | WARNING | No packet in edge l1
2021-10-20 00:53:58,174 | 4142 | tracing_of_pipeline.analyzer, analyze, 166 | WARNING | No packet in edge l3
2021-10-20 00:53:58,560 | 4290 | tracing_net.flowtable.flow_monitor, dump_flows, 57 | DEBUG | exec dump flows on s1
2021-10-20 00:53:58,570 | 4290 | tracing_net.flowtable.flow_monitor, read_dump_flow, 74 | DEBUG | get result for dump flows 1634691238.566833 : ['OFPST_FLOW reply (OF1.3) (xid=0x2):', ' cookie=0x0, duration=20.247s, table=0, n_packets=0, n_bytes=0, priority=0 actions=CONTROLLER:65535']
2021-10-20 00:53:58,571 | 4290 | tracing_net.flowtable.flow_monitor, read_dump_flow, 80 | DEBUG | parsed dump flows result to table 1634691238.566833 : <FlowTables(datapath=0, timestamp=1634691238.566833, flows=[<Flow(table=0, priority=0, match={}, actions=[<InstructionApplyAction type=4>])>])>
2021-10-20 00:53:58,731 | 4294 | tracing_net.flowtable.flow_monitor, dump_flows, 57 | DEBUG | exec dump flows on s2
2021-10-20 00:53:58,739 | 4294 | tracing_net.flowtable.flow_monitor, read_dump_flow, 74 | DEBUG | get result for dump flows 1634691238.736334 : ['OFPST_FLOW reply (OF1.3) (xid=0x2):', ' cookie=0x0, duration=20.415s, table=0, n_packets=0, n_bytes=0, priority=0 actions=CONTROLLER:65535']
2021-10-20 00:53:58,740 | 4294 | tracing_net.flowtable.flow_monitor, read_dump_flow, 80 | DEBUG | parsed dump flows result to table 1634691238.736334 : <FlowTables(datapath=0, timestamp=1634691238.736334, flows=[<Flow(table=0, priority=0, match={}, actions=[<InstructionApplyAction type=4>])>])>
2021-10-20 00:53:59,561 | 4290 | tracing_net.flowtable.flow_monitor, dump_flows, 57 | DEBUG | exec dump flows on s1
2021-10-20 00:53:59,573 | 4290 | tracing_net.flowtable.flow_monitor, read_dump_flow, 74 | DEBUG | get result for dump flows 1634691239.56912 : ['OFPST_FLOW reply (OF1.3) (xid=0x2):', ' cookie=0x0, duration=21.250s, table=0, n_packets=0, n_bytes=0, priority=0 actions=CONTROLLER:65535']
2021-10-20 00:53:59,575 | 4290 | tracing_net.flowtable.flow_monitor, read_dump_flow, 80 | DEBUG | parsed dump flows result to table 1634691239.56912 : <FlowTables(datapath=0, timestamp=1634691239.56912, flows=[<Flow(table=0, priority=0, match={}, actions=[<InstructionApplyAction type=4>])>])>
2021-10-20 00:53:59,717 | 4294 | tracing_net.flowtable.flow_monitor, dump_flows, 57 | DEBUG | exec dump flows on s2
2021-10-20 00:53:59,726 | 4294 | tracing_net.flowtable.flow_monitor, read_dump_flow, 74 | DEBUG | get result for dump flows 1634691239.723393 : ['OFPST_FLOW reply (OF1.3) (xid=0x2):', ' cookie=0x0, duration=21.402s, table=0, n_packets=0, n_bytes=0, priority=0 actions=CONTROLLER:65535']
2021-10-20 00:53:59,727 | 4294 | tracing_net.flowtable.flow_monitor, read_dump_flow, 80 | DEBUG | parsed dump flows result to table 1634691239.723393 : <FlowTables(datapath=0, timestamp=1634691239.723393, flows=[<Flow(table=0, priority=0, match={}, actions=[<InstructionApplyAction type=4>])>])>
2021-10-20 00:54:00,166 | 4142 | tracing_net.packet_repository, pop, 73 | ERROR | Failed to pop from packet repository (repo={})
2021-10-20 00:54:00,166 | 4142 | tracing_net.packet_repository, pop, 73 | ERROR | Failed to pop from packet repository (repo={})
2021-10-20 00:54:00,167 | 4142 | tracing_net.packet_repository, pop, 73 | ERROR | Failed to pop from packet repository (repo={})
2021-10-20 00:54:00,168 | 4142 | tracing_of_pipeline.analyzer, _poll_packet_inout_repo, 433 | DEBUG | tmp_p = None, s_dpip = 1
2021-10-20 00:54:00,169 | 4142 | tracing_of_pipeline.analyzer, _poll_packet_inout_repo, 433 | DEBUG | tmp_p = None, s_dpip = 2
2021-10-20 00:54:00,169 | 4142 | tracing_of_pipeline.analyzer, _polling, 393 | DEBUG | polled repository (start_time=1634691212.164566, until=13) values = {'l2': [], 'l1': [], 'l3': []} {} {'s1': [], 's2': []}
2021-10-20 00:54:00,170 | 4142 | tracing_of_pipeline.analyzer, analyze, 166 | WARNING | No packet in edge l2
2021-10-20 00:54:00,170 | 4142 | tracing_of_pipeline.analyzer, analyze, 166 | WARNING | No packet in edge l1
2021-10-20 00:54:00,171 | 4142 | tracing_of_pipeline.analyzer, analyze, 166 | WARNING | No packet in edge l3
2021-10-20 00:54:00,561 | 4290 | tracing_net.flowtable.flow_monitor, dump_flows, 57 | DEBUG | exec dump flows on s1
2021-10-20 00:54:00,572 | 4290 | tracing_net.flowtable.flow_monitor, read_dump_flow, 74 | DEBUG | get result for dump flows 1634691240.568482 : ['OFPST_FLOW reply (OF1.3) (xid=0x2):', ' cookie=0x0, duration=22.249s, table=0, n_packets=0, n_bytes=0, priority=0 actions=CONTROLLER:65535']
2021-10-20 00:54:00,573 | 4290 | tracing_net.flowtable.flow_monitor, read_dump_flow, 80 | DEBUG | parsed dump flows result to table 1634691240.568482 : <FlowTables(datapath=0, timestamp=1634691240.568482, flows=[<Flow(table=0, priority=0, match={}, actions=[<InstructionApplyAction type=4>])>])>
2021-10-20 00:54:00,726 | 4294 | tracing_net.flowtable.flow_monitor, dump_flows, 57 | DEBUG | exec dump flows on s2
2021-10-20 00:54:00,735 | 4294 | tracing_net.flowtable.flow_monitor, read_dump_flow, 74 | DEBUG | get result for dump flows 1634691240.731483 : ['OFPST_FLOW reply (OF1.3) (xid=0x2):', ' cookie=0x0, duration=22.411s, table=0, n_packets=0, n_bytes=0, priority=0 actions=CONTROLLER:65535']
2021-10-20 00:54:00,736 | 4294 | tracing_net.flowtable.flow_monitor, read_dump_flow, 80 | DEBUG | parsed dump flows result to table 1634691240.731483 : <FlowTables(datapath=0, timestamp=1634691240.731483, flows=[<Flow(table=0, priority=0, match={}, actions=[<InstructionApplyAction type=4>])>])>
2021-10-20 00:54:01,564 | 4290 | tracing_net.flowtable.flow_monitor, dump_flows, 57 | DEBUG | exec dump flows on s1
2021-10-20 00:54:01,574 | 4290 | tracing_net.flowtable.flow_monitor, read_dump_flow, 74 | DEBUG | get result for dump flows 1634691241.57158 : ['OFPST_FLOW reply (OF1.3) (xid=0x2):', ' cookie=0x0, duration=23.251s, table=0, n_packets=0, n_bytes=0, priority=0 actions=CONTROLLER:65535']
2021-10-20 00:54:01,576 | 4290 | tracing_net.flowtable.flow_monitor, read_dump_flow, 80 | DEBUG | parsed dump flows result to table 1634691241.57158 : <FlowTables(datapath=0, timestamp=1634691241.57158, flows=[<Flow(table=0, priority=0, match={}, actions=[<InstructionApplyAction type=4>])>])>
2021-10-20 00:54:01,716 | 4294 | tracing_net.flowtable.flow_monitor, dump_flows, 57 | DEBUG | exec dump flows on s2
2021-10-20 00:54:01,726 | 4294 | tracing_net.flowtable.flow_monitor, read_dump_flow, 74 | DEBUG | get result for dump flows 1634691241.722978 : ['OFPST_FLOW reply (OF1.3) (xid=0x2):', ' cookie=0x0, duration=23.402s, table=0, n_packets=0, n_bytes=0, priority=0 actions=CONTROLLER:65535']
2021-10-20 00:54:01,728 | 4294 | tracing_net.flowtable.flow_monitor, read_dump_flow, 80 | DEBUG | parsed dump flows result to table 1634691241.722978 : <FlowTables(datapath=0, timestamp=1634691241.722978, flows=[<Flow(table=0, priority=0, match={}, actions=[<InstructionApplyAction type=4>])>])>
2021-10-20 00:54:02,165 | 4142 | tracing_net.packet_repository, pop, 73 | ERROR | Failed to pop from packet repository (repo={})
2021-10-20 00:54:02,165 | 4142 | tracing_net.packet_repository, pop, 73 | ERROR | Failed to pop from packet repository (repo={})
2021-10-20 00:54:02,166 | 4142 | tracing_net.packet_repository, pop, 73 | ERROR | Failed to pop from packet repository (repo={})
2021-10-20 00:54:02,167 | 4142 | tracing_of_pipeline.analyzer, _poll_packet_inout_repo, 433 | DEBUG | tmp_p = None, s_dpip = 1
2021-10-20 00:54:02,167 | 4142 | tracing_of_pipeline.analyzer, _poll_packet_inout_repo, 433 | DEBUG | tmp_p = None, s_dpip = 2
2021-10-20 00:54:02,168 | 4142 | tracing_of_pipeline.analyzer, _polling, 393 | DEBUG | polled repository (start_time=1634691212.164566, until=14) values = {'l2': [], 'l1': [], 'l3': []} {} {'s1': [], 's2': []}
2021-10-20 00:54:02,168 | 4142 | tracing_of_pipeline.analyzer, analyze, 166 | WARNING | No packet in edge l2
2021-10-20 00:54:02,168 | 4142 | tracing_of_pipeline.analyzer, analyze, 166 | WARNING | No packet in edge l1
2021-10-20 00:54:02,169 | 4142 | tracing_of_pipeline.analyzer, analyze, 166 | WARNING | No packet in edge l3
2021-10-20 00:54:02,567 | 4290 | tracing_net.flowtable.flow_monitor, dump_flows, 57 | DEBUG | exec dump flows on s1
2021-10-20 00:54:02,576 | 4290 | tracing_net.flowtable.flow_monitor, read_dump_flow, 74 | DEBUG | get result for dump flows 1634691242.572451 : ['OFPST_FLOW reply (OF1.3) (xid=0x2):', ' cookie=0x0, duration=24.252s, table=0, n_packets=0, n_bytes=0, priority=0 actions=CONTROLLER:65535']
2021-10-20 00:54:02,577 | 4290 | tracing_net.flowtable.flow_monitor, read_dump_flow, 80 | DEBUG | parsed dump flows result to table 1634691242.572451 : <FlowTables(datapath=0, timestamp=1634691242.572451, flows=[<Flow(table=0, priority=0, match={}, actions=[<InstructionApplyAction type=4>])>])>
2021-10-20 00:54:02,716 | 4294 | tracing_net.flowtable.flow_monitor, dump_flows, 57 | DEBUG | exec dump flows on s2
2021-10-20 00:54:02,725 | 4294 | tracing_net.flowtable.flow_monitor, read_dump_flow, 74 | DEBUG | get result for dump flows 1634691242.72223 : ['OFPST_FLOW reply (OF1.3) (xid=0x2):', ' cookie=0x0, duration=24.401s, table=0, n_packets=0, n_bytes=0, priority=0 actions=CONTROLLER:65535']
2021-10-20 00:54:02,726 | 4294 | tracing_net.flowtable.flow_monitor, read_dump_flow, 80 | DEBUG | parsed dump flows result to table 1634691242.72223 : <FlowTables(datapath=0, timestamp=1634691242.72223, flows=[<Flow(table=0, priority=0, match={}, actions=[<InstructionApplyAction type=4>])>])>
2021-10-20 00:54:03,569 | 4290 | tracing_net.flowtable.flow_monitor, dump_flows, 57 | DEBUG | exec dump flows on s1
2021-10-20 00:54:03,580 | 4290 | tracing_net.flowtable.flow_monitor, read_dump_flow, 74 | DEBUG | get result for dump flows 1634691243.577286 : ['OFPST_FLOW reply (OF1.3) (xid=0x2):', ' cookie=0x0, duration=25.257s, table=0, n_packets=0, n_bytes=0, priority=0 actions=CONTROLLER:65535']
2021-10-20 00:54:03,581 | 4290 | tracing_net.flowtable.flow_monitor, read_dump_flow, 80 | DEBUG | parsed dump flows result to table 1634691243.577286 : <FlowTables(datapath=0, timestamp=1634691243.577286, flows=[<Flow(table=0, priority=0, match={}, actions=[<InstructionApplyAction type=4>])>])>
2021-10-20 00:54:03,714 | 4294 | tracing_net.flowtable.flow_monitor, dump_flows, 57 | DEBUG | exec dump flows on s2
2021-10-20 00:54:03,723 | 4294 | tracing_net.flowtable.flow_monitor, read_dump_flow, 74 | DEBUG | get result for dump flows 1634691243.720295 : ['OFPST_FLOW reply (OF1.3) (xid=0x2):', ' cookie=0x0, duration=25.399s, table=0, n_packets=0, n_bytes=0, priority=0 actions=CONTROLLER:65535']
2021-10-20 00:54:03,724 | 4294 | tracing_net.flowtable.flow_monitor, read_dump_flow, 80 | DEBUG | parsed dump flows result to table 1634691243.720295 : <FlowTables(datapath=0, timestamp=1634691243.720295, flows=[<Flow(table=0, priority=0, match={}, actions=[<InstructionApplyAction type=4>])>])>
2021-10-20 00:54:04,183 | 4142 | tracing_net.packet_repository, pop, 73 | ERROR | Failed to pop from packet repository (repo={})
2021-10-20 00:54:04,183 | 4142 | tracing_net.packet_repository, pop, 73 | ERROR | Failed to pop from packet repository (repo={})
2021-10-20 00:54:04,184 | 4142 | tracing_net.packet_repository, pop, 73 | ERROR | Failed to pop from packet repository (repo={})
2021-10-20 00:54:04,185 | 4142 | tracing_of_pipeline.analyzer, _poll_packet_inout_repo, 433 | DEBUG | tmp_p = None, s_dpip = 1
2021-10-20 00:54:04,185 | 4142 | tracing_of_pipeline.analyzer, _poll_packet_inout_repo, 433 | DEBUG | tmp_p = None, s_dpip = 2
2021-10-20 00:54:04,186 | 4142 | tracing_of_pipeline.analyzer, _polling, 393 | DEBUG | polled repository (start_time=1634691212.164566, until=15) values = {'l2': [], 'l1': [], 'l3': []} {} {'s1': [], 's2': []}
2021-10-20 00:54:04,186 | 4142 | tracing_of_pipeline.analyzer, analyze, 166 | WARNING | No packet in edge l2
2021-10-20 00:54:04,187 | 4142 | tracing_of_pipeline.analyzer, analyze, 166 | WARNING | No packet in edge l1
2021-10-20 00:54:04,187 | 4142 | tracing_of_pipeline.analyzer, analyze, 166 | WARNING | No packet in edge l3
2021-10-20 00:54:04,566 | 4290 | tracing_net.flowtable.flow_monitor, dump_flows, 57 | DEBUG | exec dump flows on s1
2021-10-20 00:54:04,582 | 4290 | tracing_net.flowtable.flow_monitor, read_dump_flow, 74 | DEBUG | get result for dump flows 1634691244.575784 : ['OFPST_FLOW reply (OF1.3) (xid=0x2):', ' cookie=0x0, duration=26.258s, table=0, n_packets=0, n_bytes=0, priority=0 actions=CONTROLLER:65535']
2021-10-20 00:54:04,584 | 4290 | tracing_net.flowtable.flow_monitor, read_dump_flow, 80 | DEBUG | parsed dump flows result to table 1634691244.575784 : <FlowTables(datapath=0, timestamp=1634691244.575784, flows=[<Flow(table=0, priority=0, match={}, actions=[<InstructionApplyAction type=4>])>])>
2021-10-20 00:54:04,714 | 4294 | tracing_net.flowtable.flow_monitor, dump_flows, 57 | DEBUG | exec dump flows on s2
2021-10-20 00:54:04,729 | 4294 | tracing_net.flowtable.flow_monitor, read_dump_flow, 74 | DEBUG | get result for dump flows 1634691244.723976 : ['OFPST_FLOW reply (OF1.3) (xid=0x2):', ' cookie=0x0, duration=26.404s, table=0, n_packets=0, n_bytes=0, priority=0 actions=CONTROLLER:65535']
2021-10-20 00:54:04,730 | 4294 | tracing_net.flowtable.flow_monitor, read_dump_flow, 80 | DEBUG | parsed dump flows result to table 1634691244.723976 : <FlowTables(datapath=0, timestamp=1634691244.723976, flows=[<Flow(table=0, priority=0, match={}, actions=[<InstructionApplyAction type=4>])>])>
2021-10-20 00:54:05,576 | 4290 | tracing_net.flowtable.flow_monitor, dump_flows, 57 | DEBUG | exec dump flows on s1
2021-10-20 00:54:05,584 | 4290 | tracing_net.flowtable.flow_monitor, read_dump_flow, 74 | DEBUG | get result for dump flows 1634691245.581586 : ['OFPST_FLOW reply (OF1.3) (xid=0x2):', ' cookie=0x0, duration=27.261s, table=0, n_packets=0, n_bytes=0, priority=0 actions=CONTROLLER:65535']
2021-10-20 00:54:05,586 | 4290 | tracing_net.flowtable.flow_monitor, read_dump_flow, 80 | DEBUG | parsed dump flows result to table 1634691245.581586 : <FlowTables(datapath=0, timestamp=1634691245.581586, flows=[<Flow(table=0, priority=0, match={}, actions=[<InstructionApplyAction type=4>])>])>
2021-10-20 00:54:05,727 | 4294 | tracing_net.flowtable.flow_monitor, dump_flows, 57 | DEBUG | exec dump flows on s2
2021-10-20 00:54:05,736 | 4294 | tracing_net.flowtable.flow_monitor, read_dump_flow, 74 | DEBUG | get result for dump flows 1634691245.733667 : ['OFPST_FLOW reply (OF1.3) (xid=0x2):', ' cookie=0x0, duration=27.412s, table=0, n_packets=0, n_bytes=0, priority=0 actions=CONTROLLER:65535']
2021-10-20 00:54:05,737 | 4294 | tracing_net.flowtable.flow_monitor, read_dump_flow, 80 | DEBUG | parsed dump flows result to table 1634691245.733667 : <FlowTables(datapath=0, timestamp=1634691245.733667, flows=[<Flow(table=0, priority=0, match={}, actions=[<InstructionApplyAction type=4>])>])>
2021-10-20 00:54:06,165 | 4142 | tracing_net.packet_repository, pop, 73 | ERROR | Failed to pop from packet repository (repo={})
2021-10-20 00:54:06,167 | 4142 | tracing_net.packet_repository, pop, 73 | ERROR | Failed to pop from packet repository (repo={})
2021-10-20 00:54:06,168 | 4142 | tracing_net.packet_repository, pop, 73 | ERROR | Failed to pop from packet repository (repo={})
2021-10-20 00:54:06,168 | 4142 | tracing_of_pipeline.analyzer, _poll_packet_inout_repo, 433 | DEBUG | tmp_p = None, s_dpip = 1
2021-10-20 00:54:06,170 | 4142 | tracing_of_pipeline.analyzer, _poll_packet_inout_repo, 433 | DEBUG | tmp_p = None, s_dpip = 2
2021-10-20 00:54:06,171 | 4142 | tracing_of_pipeline.analyzer, _polling, 393 | DEBUG | polled repository (start_time=1634691212.164566, until=16) values = {'l2': [], 'l1': [], 'l3': []} {} {'s1': [], 's2': []}
2021-10-20 00:54:06,171 | 4142 | tracing_of_pipeline.analyzer, analyze, 166 | WARNING | No packet in edge l2
2021-10-20 00:54:06,171 | 4142 | tracing_of_pipeline.analyzer, analyze, 166 | WARNING | No packet in edge l1
2021-10-20 00:54:06,172 | 4142 | tracing_of_pipeline.analyzer, analyze, 166 | WARNING | No packet in edge l3
2021-10-20 00:54:06,561 | 4290 | tracing_net.flowtable.flow_monitor, dump_flows, 57 | DEBUG | exec dump flows on s1
2021-10-20 00:54:06,570 | 4290 | tracing_net.flowtable.flow_monitor, read_dump_flow, 74 | DEBUG | get result for dump flows 1634691246.567278 : ['OFPST_FLOW reply (OF1.3) (xid=0x2):', ' cookie=0x0, duration=28.247s, table=0, n_packets=0, n_bytes=0, priority=0 actions=CONTROLLER:65535']
2021-10-20 00:54:06,571 | 4290 | tracing_net.flowtable.flow_monitor, read_dump_flow, 80 | DEBUG | parsed dump flows result to table 1634691246.567278 : <FlowTables(datapath=0, timestamp=1634691246.567278, flows=[<Flow(table=0, priority=0, match={}, actions=[<InstructionApplyAction type=4>])>])>
2021-10-20 00:54:06,714 | 4294 | tracing_net.flowtable.flow_monitor, dump_flows, 57 | DEBUG | exec dump flows on s2
2021-10-20 00:54:06,723 | 4294 | tracing_net.flowtable.flow_monitor, read_dump_flow, 74 | DEBUG | get result for dump flows 1634691246.720319 : ['OFPST_FLOW reply (OF1.3) (xid=0x2):', ' cookie=0x0, duration=28.399s, table=0, n_packets=0, n_bytes=0, priority=0 actions=CONTROLLER:65535']
2021-10-20 00:54:06,724 | 4294 | tracing_net.flowtable.flow_monitor, read_dump_flow, 80 | DEBUG | parsed dump flows result to table 1634691246.720319 : <FlowTables(datapath=0, timestamp=1634691246.720319, flows=[<Flow(table=0, priority=0, match={}, actions=[<InstructionApplyAction type=4>])>])>
2021-10-20 00:54:07,576 | 4290 | tracing_net.flowtable.flow_monitor, dump_flows, 57 | DEBUG | exec dump flows on s1
2021-10-20 00:54:07,585 | 4290 | tracing_net.flowtable.flow_monitor, read_dump_flow, 74 | DEBUG | get result for dump flows 1634691247.581387 : ['OFPST_FLOW reply (OF1.3) (xid=0x2):', ' cookie=0x0, duration=0.396s, table=0, n_packets=1, n_bytes=98, priority=1,in_port=2,dl_src=ca:bb:aa:90:0a:6f,dl_dst=26:19:dd:a5:5c:4c actions=output:1', ' cookie=0x0, duration=0.392s, table=0, n_packets=0, n_bytes=0, priority=1,in_port=1,dl_src=26:19:dd:a5:5c:4c,dl_dst=ca:bb:aa:90:0a:6f actions=output:2', ' cookie=0x0, duration=29.261s, table=0, n_packets=3, n_bytes=182, priority=0 actions=CONTROLLER:65535']
2021-10-20 00:54:07,587 | 4290 | tracing_net.flowtable.flow_monitor, read_dump_flow, 80 | DEBUG | parsed dump flows result to table 1634691247.581387 : <FlowTables(datapath=0, timestamp=1634691247.581387, flows=[<Flow(table=0, priority=1, match=[<in_port, 2/None>, <dl_src, ca:bb:aa:90:0a:6f/None>, <dl_dst, 26:19:dd:a5:5c:4c/None>], actions=[<InstructionApplyAction type=4>])>, <Flow(table=0, priority=1, match=[<in_port, 1/None>, <dl_src, 26:19:dd:a5:5c:4c/None>, <dl_dst, ca:bb:aa:90:0a:6f/None>], actions=[<InstructionApplyAction type=4>])>, <Flow(table=0, priority=0, match={}, actions=[<InstructionApplyAction type=4>])>])>
2021-10-20 00:54:07,721 | 4294 | tracing_net.flowtable.flow_monitor, dump_flows, 57 | DEBUG | exec dump flows on s2
2021-10-20 00:54:07,729 | 4294 | tracing_net.flowtable.flow_monitor, read_dump_flow, 74 | DEBUG | get result for dump flows 1634691247.726134 : ['OFPST_FLOW reply (OF1.3) (xid=0x2):', ' cookie=0x0, duration=0.558s, table=0, n_packets=1, n_bytes=98, priority=1,in_port=2,dl_src=ca:bb:aa:90:0a:6f,dl_dst=26:19:dd:a5:5c:4c actions=output:1', ' cookie=0x0, duration=0.534s, table=0, n_packets=0, n_bytes=0, priority=1,in_port=1,dl_src=26:19:dd:a5:5c:4c,dl_dst=ca:bb:aa:90:0a:6f actions=output:2', ' cookie=0x0, duration=29.405s, table=0, n_packets=3, n_bytes=182, priority=0 actions=CONTROLLER:65535']
2021-10-20 00:54:07,730 | 4294 | tracing_net.flowtable.flow_monitor, read_dump_flow, 80 | DEBUG | parsed dump flows result to table 1634691247.726134 : <FlowTables(datapath=0, timestamp=1634691247.726134, flows=[<Flow(table=0, priority=1, match=[<in_port, 2/None>, <dl_src, ca:bb:aa:90:0a:6f/None>, <dl_dst, 26:19:dd:a5:5c:4c/None>], actions=[<InstructionApplyAction type=4>])>, <Flow(table=0, priority=1, match=[<in_port, 1/None>, <dl_src, 26:19:dd:a5:5c:4c/None>, <dl_dst, ca:bb:aa:90:0a:6f/None>], actions=[<InstructionApplyAction type=4>])>, <Flow(table=0, priority=0, match={}, actions=[<InstructionApplyAction type=4>])>])>
2021-10-20 00:54:08,173 | 4142 | tracing_of_pipeline.analyzer, _poll_packet_inout_repo, 433 | DEBUG | tmp_p = [], s_dpip = 1
2021-10-20 00:54:08,174 | 4142 | tracing_of_pipeline.analyzer, _poll_packet_inout_repo, 433 | DEBUG | tmp_p = [], s_dpip = 2
2021-10-20 00:54:08,174 | 4142 | tracing_of_pipeline.analyzer, _polling, 393 | DEBUG | polled repository (start_time=1634691212.164566, until=17) values = {'l2': [], 'l1': [], 'l3': []} {} {'s1': [], 's2': []}
2021-10-20 00:54:08,175 | 4142 | tracing_of_pipeline.analyzer, analyze, 166 | WARNING | No packet in edge l2
2021-10-20 00:54:08,175 | 4142 | tracing_of_pipeline.analyzer, analyze, 166 | WARNING | No packet in edge l1
2021-10-20 00:54:08,176 | 4142 | tracing_of_pipeline.analyzer, analyze, 166 | WARNING | No packet in edge l3
2021-10-20 00:54:08,560 | 4290 | tracing_net.flowtable.flow_monitor, dump_flows, 57 | DEBUG | exec dump flows on s1
2021-10-20 00:54:08,570 | 4290 | tracing_net.flowtable.flow_monitor, read_dump_flow, 74 | DEBUG | get result for dump flows 1634691248.565992 : ['OFPST_FLOW reply (OF1.3) (xid=0x2):', ' cookie=0x0, duration=1.381s, table=0, n_packets=1, n_bytes=98, priority=1,in_port=2,dl_src=ca:bb:aa:90:0a:6f,dl_dst=26:19:dd:a5:5c:4c actions=output:1', ' cookie=0x0, duration=1.377s, table=0, n_packets=0, n_bytes=0, priority=1,in_port=1,dl_src=26:19:dd:a5:5c:4c,dl_dst=ca:bb:aa:90:0a:6f actions=output:2', ' cookie=0x0, duration=30.246s, table=0, n_packets=3, n_bytes=182, priority=0 actions=CONTROLLER:65535']
2021-10-20 00:54:08,571 | 4290 | tracing_net.flowtable.flow_monitor, read_dump_flow, 80 | DEBUG | parsed dump flows result to table 1634691248.565992 : <FlowTables(datapath=0, timestamp=1634691248.565992, flows=[<Flow(table=0, priority=1, match=[<in_port, 2/None>, <dl_src, ca:bb:aa:90:0a:6f/None>, <dl_dst, 26:19:dd:a5:5c:4c/None>], actions=[<InstructionApplyAction type=4>])>, <Flow(table=0, priority=1, match=[<in_port, 1/None>, <dl_src, 26:19:dd:a5:5c:4c/None>, <dl_dst, ca:bb:aa:90:0a:6f/None>], actions=[<InstructionApplyAction type=4>])>, <Flow(table=0, priority=0, match={}, actions=[<InstructionApplyAction type=4>])>])>
2021-10-20 00:54:08,714 | 4294 | tracing_net.flowtable.flow_monitor, dump_flows, 57 | DEBUG | exec dump flows on s2
2021-10-20 00:54:08,731 | 4294 | tracing_net.flowtable.flow_monitor, read_dump_flow, 74 | DEBUG | get result for dump flows 1634691248.724799 : ['OFPST_FLOW reply (OF1.3) (xid=0x2):', ' cookie=0x0, duration=1.557s, table=0, n_packets=1, n_bytes=98, priority=1,in_port=2,dl_src=ca:bb:aa:90:0a:6f,dl_dst=26:19:dd:a5:5c:4c actions=output:1', ' cookie=0x0, duration=1.533s, table=0, n_packets=0, n_bytes=0, priority=1,in_port=1,dl_src=26:19:dd:a5:5c:4c,dl_dst=ca:bb:aa:90:0a:6f actions=output:2', ' cookie=0x0, duration=30.404s, table=0, n_packets=3, n_bytes=182, priority=0 actions=CONTROLLER:65535']
2021-10-20 00:54:08,743 | 4294 | tracing_net.flowtable.flow_monitor, read_dump_flow, 80 | DEBUG | parsed dump flows result to table 1634691248.724799 : <FlowTables(datapath=0, timestamp=1634691248.724799, flows=[<Flow(table=0, priority=1, match=[<in_port, 2/None>, <dl_src, ca:bb:aa:90:0a:6f/None>, <dl_dst, 26:19:dd:a5:5c:4c/None>], actions=[<InstructionApplyAction type=4>])>, <Flow(table=0, priority=1, match=[<in_port, 1/None>, <dl_src, 26:19:dd:a5:5c:4c/None>, <dl_dst, ca:bb:aa:90:0a:6f/None>], actions=[<InstructionApplyAction type=4>])>, <Flow(table=0, priority=0, match={}, actions=[<InstructionApplyAction type=4>])>])>
2021-10-20 00:54:09,560 | 4290 | tracing_net.flowtable.flow_monitor, dump_flows, 57 | DEBUG | exec dump flows on s1
2021-10-20 00:54:09,569 | 4290 | tracing_net.flowtable.flow_monitor, read_dump_flow, 74 | DEBUG | get result for dump flows 1634691249.565607 : ['OFPST_FLOW reply (OF1.3) (xid=0x2):', ' cookie=0x0, duration=2.381s, table=0, n_packets=1, n_bytes=98, priority=1,in_port=2,dl_src=ca:bb:aa:90:0a:6f,dl_dst=26:19:dd:a5:5c:4c actions=output:1', ' cookie=0x0, duration=2.377s, table=0, n_packets=0, n_bytes=0, priority=1,in_port=1,dl_src=26:19:dd:a5:5c:4c,dl_dst=ca:bb:aa:90:0a:6f actions=output:2', ' cookie=0x0, duration=31.246s, table=0, n_packets=3, n_bytes=182, priority=0 actions=CONTROLLER:65535']
2021-10-20 00:54:09,570 | 4290 | tracing_net.flowtable.flow_monitor, read_dump_flow, 80 | DEBUG | parsed dump flows result to table 1634691249.565607 : <FlowTables(datapath=0, timestamp=1634691249.565607, flows=[<Flow(table=0, priority=1, match=[<in_port, 2/None>, <dl_src, ca:bb:aa:90:0a:6f/None>, <dl_dst, 26:19:dd:a5:5c:4c/None>], actions=[<InstructionApplyAction type=4>])>, <Flow(table=0, priority=1, match=[<in_port, 1/None>, <dl_src, 26:19:dd:a5:5c:4c/None>, <dl_dst, ca:bb:aa:90:0a:6f/None>], actions=[<InstructionApplyAction type=4>])>, <Flow(table=0, priority=0, match={}, actions=[<InstructionApplyAction type=4>])>])>
2021-10-20 00:54:09,715 | 4294 | tracing_net.flowtable.flow_monitor, dump_flows, 57 | DEBUG | exec dump flows on s2
2021-10-20 00:54:09,729 | 4294 | tracing_net.flowtable.flow_monitor, read_dump_flow, 74 | DEBUG | get result for dump flows 1634691249.723057 : ['OFPST_FLOW reply (OF1.3) (xid=0x2):', ' cookie=0x0, duration=2.556s, table=0, n_packets=1, n_bytes=98, priority=1,in_port=2,dl_src=ca:bb:aa:90:0a:6f,dl_dst=26:19:dd:a5:5c:4c actions=output:1', ' cookie=0x0, duration=2.532s, table=0, n_packets=0, n_bytes=0, priority=1,in_port=1,dl_src=26:19:dd:a5:5c:4c,dl_dst=ca:bb:aa:90:0a:6f actions=output:2', ' cookie=0x0, duration=31.403s, table=0, n_packets=3, n_bytes=182, priority=0 actions=CONTROLLER:65535']
2021-10-20 00:54:09,732 | 4294 | tracing_net.flowtable.flow_monitor, read_dump_flow, 80 | DEBUG | parsed dump flows result to table 1634691249.723057 : <FlowTables(datapath=0, timestamp=1634691249.723057, flows=[<Flow(table=0, priority=1, match=[<in_port, 2/None>, <dl_src, ca:bb:aa:90:0a:6f/None>, <dl_dst, 26:19:dd:a5:5c:4c/None>], actions=[<InstructionApplyAction type=4>])>, <Flow(table=0, priority=1, match=[<in_port, 1/None>, <dl_src, 26:19:dd:a5:5c:4c/None>, <dl_dst, ca:bb:aa:90:0a:6f/None>], actions=[<InstructionApplyAction type=4>])>, <Flow(table=0, priority=0, match={}, actions=[<InstructionApplyAction type=4>])>])>
2021-10-20 00:54:10,165 | 4142 | tracing_of_pipeline.analyzer, _poll_packet_inout_repo, 433 | DEBUG | tmp_p = [<Message msg_name=OFPT_PACKET_IN of_msg=PacketIn(xid=UBInt32(0)) timestamp=1634691247.092514 local_port=56624 datapath_id=1>, <Message msg_name=OFPT_PACKET_OUT of_msg=PacketOut(xid=UBInt32(1062579463)) timestamp=1634691247.11903 local_port=56624 datapath_id=1>], s_dpip = 1
2021-10-20 00:54:10,166 | 4142 | tracing_of_pipeline.analyzer, _poll_packet_inout_repo, 433 | DEBUG | tmp_p = [<Message msg_name=OFPT_PACKET_IN of_msg=PacketIn(xid=UBInt32(0)) timestamp=1634691247.131899 local_port=56626 datapath_id=2>, <Message msg_name=OFPT_PACKET_OUT of_msg=PacketOut(xid=UBInt32(245191651)) timestamp=1634691247.14687 local_port=56626 datapath_id=2>, <Message msg_name=OFPT_PACKET_IN of_msg=PacketIn(xid=UBInt32(0)) timestamp=1634691247.162828 local_port=56626 datapath_id=2>], s_dpip = 2
2021-10-20 00:54:10,167 | 4142 | tracing_of_pipeline.analyzer, _polling, 393 | DEBUG | polled repository (start_time=1634691212.164566, until=18) values = {'l2': [<Msg captured_interface=s1-eth1, sniff_timestamp=1634691247.0912764, pkt=<ARP_RAW Packet>, in_port=s1-eth1, in_phy_port=s1-eth1>, <Msg captured_interface=s1-eth1, sniff_timestamp=1634691247.1884017, pkt=<ARP_RAW Packet>, in_port=s1-eth1, in_phy_port=s1-eth1>, <Msg captured_interface=s1-eth1, sniff_timestamp=1634691247.1884172, pkt=<ICMP_RAW Packet>, in_port=s1-eth1, in_phy_port=s1-eth1>], 'l1': [<Msg captured_interface=s1-eth2, sniff_timestamp=1634691247.11813, pkt=<ARP_RAW Packet>, in_port=s1-eth2, in_phy_port=s1-eth2>, <Msg captured_interface=s1-eth2, sniff_timestamp=1634691247.1707094, pkt=<ARP_RAW Packet>, in_port=s1-eth2, in_phy_port=s1-eth2>, <Msg captured_interface=s1-eth2, sniff_timestamp=1634691247.192054, pkt=<ICMP_RAW Packet>, in_port=s1-eth2, in_phy_port=s1-eth2>], 'l3': [<Msg captured_interface=s2-eth2, sniff_timestamp=1634691247.1470742, pkt=<ARP_RAW Packet>, in_port=s2-eth2, in_phy_port=s2-eth2>, <Msg captured_interface=s2-eth2, sniff_timestamp=1634691247.1471074, pkt=<ARP_RAW Packet>, in_port=s2-eth2, in_phy_port=s2-eth2>, <Msg captured_interface=s2-eth2, sniff_timestamp=1634691247.1952024, pkt=<ICMP_RAW Packet>, in_port=s2-eth2, in_phy_port=s2-eth2>]} {} {'s1': [<Message msg_name=OFPT_PACKET_IN of_msg=PacketIn(xid=UBInt32(0)) timestamp=1634691247.092514 local_port=56624 datapath_id=1>, <Message msg_name=OFPT_PACKET_OUT of_msg=PacketOut(xid=UBInt32(1062579463)) timestamp=1634691247.11903 local_port=56624 datapath_id=1>], 's2': [<Message msg_name=OFPT_PACKET_IN of_msg=PacketIn(xid=UBInt32(0)) timestamp=1634691247.131899 local_port=56626 datapath_id=2>, <Message msg_name=OFPT_PACKET_OUT of_msg=PacketOut(xid=UBInt32(245191651)) timestamp=1634691247.14687 local_port=56626 datapath_id=2>, <Message msg_name=OFPT_PACKET_IN of_msg=PacketIn(xid=UBInt32(0)) timestamp=1634691247.162828 local_port=56626 datapath_id=2>]}
2021-10-20 00:54:10,167 | 4142 | tracing_of_pipeline.analyzer, _analyze_packet_out, 180 | DEBUG | I will processing packetout(<Message msg_name=OFPT_PACKET_OUT of_msg=PacketOut(xid=UBInt32(1062579463)) timestamp=1634691247.11903 local_port=56624 datapath_id=1>)
2021-10-20 00:54:10,168 | 4142 | tracing_of_pipeline.analyzer, _analyze_packet_out, 194 | DEBUG | packet out's in_port 1
2021-10-20 00:54:10,170 | 4142 | tracing_of_pipeline.analyzer, BFS, 271 | DEBUG | processing msg <Msg captured_interface=s1-eth2, sniff_timestamp=1634691247.1707094, pkt=<ARP_RAW Packet>, in_port=1, in_phy_port=s2-eth1>
2021-10-20 00:54:10,172 | 4142 | tracing_of_pipeline.analyzer, BFS, 350 | WARNING | dst s2 is not flowtable
2021-10-20 00:54:10,572 | 4290 | tracing_net.flowtable.flow_monitor, dump_flows, 57 | DEBUG | exec dump flows on s1
2021-10-20 00:54:10,580 | 4290 | tracing_net.flowtable.flow_monitor, read_dump_flow, 74 | DEBUG | get result for dump flows 1634691250.577467 : ['OFPST_FLOW reply (OF1.3) (xid=0x2):', ' cookie=0x0, duration=3.392s, table=0, n_packets=1, n_bytes=98, priority=1,in_port=2,dl_src=ca:bb:aa:90:0a:6f,dl_dst=26:19:dd:a5:5c:4c actions=output:1', ' cookie=0x0, duration=3.388s, table=0, n_packets=0, n_bytes=0, priority=1,in_port=1,dl_src=26:19:dd:a5:5c:4c,dl_dst=ca:bb:aa:90:0a:6f actions=output:2', ' cookie=0x0, duration=32.257s, table=0, n_packets=3, n_bytes=182, priority=0 actions=CONTROLLER:65535']
2021-10-20 00:54:10,582 | 4290 | tracing_net.flowtable.flow_monitor, read_dump_flow, 80 | DEBUG | parsed dump flows result to table 1634691250.577467 : <FlowTables(datapath=0, timestamp=1634691250.577467, flows=[<Flow(table=0, priority=1, match=[<in_port, 2/None>, <dl_src, ca:bb:aa:90:0a:6f/None>, <dl_dst, 26:19:dd:a5:5c:4c/None>], actions=[<InstructionApplyAction type=4>])>, <Flow(table=0, priority=1, match=[<in_port, 1/None>, <dl_src, 26:19:dd:a5:5c:4c/None>, <dl_dst, ca:bb:aa:90:0a:6f/None>], actions=[<InstructionApplyAction type=4>])>, <Flow(table=0, priority=0, match={}, actions=[<InstructionApplyAction type=4>])>])>
2021-10-20 00:54:10,714 | 4294 | tracing_net.flowtable.flow_monitor, dump_flows, 57 | DEBUG | exec dump flows on s2
2021-10-20 00:54:10,723 | 4294 | tracing_net.flowtable.flow_monitor, read_dump_flow, 74 | DEBUG | get result for dump flows 1634691250.719527 : ['OFPST_FLOW reply (OF1.3) (xid=0x2):', ' cookie=0x0, duration=3.551s, table=0, n_packets=1, n_bytes=98, priority=1,in_port=2,dl_src=ca:bb:aa:90:0a:6f,dl_dst=26:19:dd:a5:5c:4c actions=output:1', ' cookie=0x0, duration=3.527s, table=0, n_packets=0, n_bytes=0, priority=1,in_port=1,dl_src=26:19:dd:a5:5c:4c,dl_dst=ca:bb:aa:90:0a:6f actions=output:2', ' cookie=0x0, duration=32.398s, table=0, n_packets=3, n_bytes=182, priority=0 actions=CONTROLLER:65535']
2021-10-20 00:54:10,724 | 4294 | tracing_net.flowtable.flow_monitor, read_dump_flow, 80 | DEBUG | parsed dump flows result to table 1634691250.719527 : <FlowTables(datapath=0, timestamp=1634691250.719527, flows=[<Flow(table=0, priority=1, match=[<in_port, 2/None>, <dl_src, ca:bb:aa:90:0a:6f/None>, <dl_dst, 26:19:dd:a5:5c:4c/None>], actions=[<InstructionApplyAction type=4>])>, <Flow(table=0, priority=1, match=[<in_port, 1/None>, <dl_src, 26:19:dd:a5:5c:4c/None>, <dl_dst, ca:bb:aa:90:0a:6f/None>], actions=[<InstructionApplyAction type=4>])>, <Flow(table=0, priority=0, match={}, actions=[<InstructionApplyAction type=4>])>])>
2021-10-20 00:54:11,560 | 4290 | tracing_net.flowtable.flow_monitor, dump_flows, 57 | DEBUG | exec dump flows on s1
2021-10-20 00:54:11,570 | 4290 | tracing_net.flowtable.flow_monitor, read_dump_flow, 74 | DEBUG | get result for dump flows 1634691251.567461 : ['OFPST_FLOW reply (OF1.3) (xid=0x2):', ' cookie=0x0, duration=4.382s, table=0, n_packets=1, n_bytes=98, priority=1,in_port=2,dl_src=ca:bb:aa:90:0a:6f,dl_dst=26:19:dd:a5:5c:4c actions=output:1', ' cookie=0x0, duration=4.378s, table=0, n_packets=0, n_bytes=0, priority=1,in_port=1,dl_src=26:19:dd:a5:5c:4c,dl_dst=ca:bb:aa:90:0a:6f actions=output:2', ' cookie=0x0, duration=33.247s, table=0, n_packets=3, n_bytes=182, priority=0 actions=CONTROLLER:65535']
2021-10-20 00:54:11,574 | 4290 | tracing_net.flowtable.flow_monitor, read_dump_flow, 80 | DEBUG | parsed dump flows result to table 1634691251.567461 : <FlowTables(datapath=0, timestamp=1634691251.567461, flows=[<Flow(table=0, priority=1, match=[<in_port, 2/None>, <dl_src, ca:bb:aa:90:0a:6f/None>, <dl_dst, 26:19:dd:a5:5c:4c/None>], actions=[<InstructionApplyAction type=4>])>, <Flow(table=0, priority=1, match=[<in_port, 1/None>, <dl_src, 26:19:dd:a5:5c:4c/None>, <dl_dst, ca:bb:aa:90:0a:6f/None>], actions=[<InstructionApplyAction type=4>])>, <Flow(table=0, priority=0, match={}, actions=[<InstructionApplyAction type=4>])>])>
2021-10-20 00:54:11,715 | 4294 | tracing_net.flowtable.flow_monitor, dump_flows, 57 | DEBUG | exec dump flows on s2
2021-10-20 00:54:11,724 | 4294 | tracing_net.flowtable.flow_monitor, read_dump_flow, 74 | DEBUG | get result for dump flows 1634691251.721099 : ['OFPST_FLOW reply (OF1.3) (xid=0x2):', ' cookie=0x0, duration=4.553s, table=0, n_packets=1, n_bytes=98, priority=1,in_port=2,dl_src=ca:bb:aa:90:0a:6f,dl_dst=26:19:dd:a5:5c:4c actions=output:1', ' cookie=0x0, duration=4.529s, table=0, n_packets=0, n_bytes=0, priority=1,in_port=1,dl_src=26:19:dd:a5:5c:4c,dl_dst=ca:bb:aa:90:0a:6f actions=output:2', ' cookie=0x0, duration=33.400s, table=0, n_packets=3, n_bytes=182, priority=0 actions=CONTROLLER:65535']
2021-10-20 00:54:11,726 | 4294 | tracing_net.flowtable.flow_monitor, read_dump_flow, 80 | DEBUG | parsed dump flows result to table 1634691251.721099 : <FlowTables(datapath=0, timestamp=1634691251.721099, flows=[<Flow(table=0, priority=1, match=[<in_port, 2/None>, <dl_src, ca:bb:aa:90:0a:6f/None>, <dl_dst, 26:19:dd:a5:5c:4c/None>], actions=[<InstructionApplyAction type=4>])>, <Flow(table=0, priority=1, match=[<in_port, 1/None>, <dl_src, 26:19:dd:a5:5c:4c/None>, <dl_dst, ca:bb:aa:90:0a:6f/None>], actions=[<InstructionApplyAction type=4>])>, <Flow(table=0, priority=0, match={}, actions=[<InstructionApplyAction type=4>])>])>
2021-10-20 00:54:12,165 | 4142 | tracing_of_pipeline.analyzer, _poll_packet_inout_repo, 433 | DEBUG | tmp_p = [], s_dpip = 1
2021-10-20 00:54:12,166 | 4142 | tracing_of_pipeline.analyzer, _poll_packet_inout_repo, 433 | DEBUG | tmp_p = [], s_dpip = 2
2021-10-20 00:54:12,167 | 4142 | tracing_of_pipeline.analyzer, _polling, 393 | DEBUG | polled repository (start_time=1634691212.164566, until=18) values = {'l2': [<Msg captured_interface=s1-eth1, sniff_timestamp=1634691247.0912764, pkt=<ARP_RAW Packet>, in_port=s1-eth1, in_phy_port=s1-eth1>, <Msg captured_interface=s1-eth1, sniff_timestamp=1634691247.1884017, pkt=<ARP_RAW Packet>, in_port=s1-eth1, in_phy_port=s1-eth1>, <Msg captured_interface=s1-eth1, sniff_timestamp=1634691247.1884172, pkt=<ICMP_RAW Packet>, in_port=s1-eth1, in_phy_port=s1-eth1>], 'l1': [<Msg captured_interface=s1-eth2, sniff_timestamp=1634691247.11813, pkt=<ARP_RAW Packet>, in_port=s1-eth2, in_phy_port=s1-eth2>, <Msg captured_interface=s1-eth2, sniff_timestamp=1634691247.1707094, pkt=<ARP_RAW Packet>, in_port=1, in_phy_port=s2-eth1>, <Msg captured_interface=s1-eth2, sniff_timestamp=1634691247.192054, pkt=<ICMP_RAW Packet>, in_port=s1-eth2, in_phy_port=s1-eth2>], 'l3': [<Msg captured_interface=s2-eth2, sniff_timestamp=1634691247.1470742, pkt=<ARP_RAW Packet>, in_port=s2-eth2, in_phy_port=s2-eth2>, <Msg captured_interface=s2-eth2, sniff_timestamp=1634691247.1471074, pkt=<ARP_RAW Packet>, in_port=s2-eth2, in_phy_port=s2-eth2>, <Msg captured_interface=s2-eth2, sniff_timestamp=1634691247.1952024, pkt=<ICMP_RAW Packet>, in_port=s2-eth2, in_phy_port=s2-eth2>]} {} {'s1': [<Message msg_name=OFPT_PACKET_IN of_msg=PacketIn(xid=UBInt32(0)) timestamp=1634691247.092514 local_port=56624 datapath_id=1>, <Message msg_name=OFPT_PACKET_OUT of_msg=PacketOut(xid=UBInt32(1062579463)) timestamp=1634691247.11903 local_port=56624 datapath_id=1>], 's2': [<Message msg_name=OFPT_PACKET_IN of_msg=PacketIn(xid=UBInt32(0)) timestamp=1634691247.131899 local_port=56626 datapath_id=2>, <Message msg_name=OFPT_PACKET_OUT of_msg=PacketOut(xid=UBInt32(245191651)) timestamp=1634691247.14687 local_port=56626 datapath_id=2>, <Message msg_name=OFPT_PACKET_IN of_msg=PacketIn(xid=UBInt32(0)) timestamp=1634691247.162828 local_port=56626 datapath_id=2>]}
2021-10-20 00:54:12,168 | 4142 | tracing_of_pipeline.analyzer, _analyze_packet_out, 180 | DEBUG | I will processing packetout(<Message msg_name=OFPT_PACKET_OUT of_msg=PacketOut(xid=UBInt32(1062579463)) timestamp=1634691247.11903 local_port=56624 datapath_id=1>)
2021-10-20 00:54:12,168 | 4142 | tracing_of_pipeline.analyzer, _analyze_packet_out, 194 | DEBUG | packet out's in_port 1
2021-10-20 00:54:12,169 | 4142 | tracing_of_pipeline.analyzer, BFS, 271 | DEBUG | processing msg <Msg captured_interface=s1-eth2, sniff_timestamp=1634691247.1707094, pkt=<ARP_RAW Packet>, in_port=1, in_phy_port=s2-eth1>
2021-10-20 00:54:12,171 | 4142 | tracing_of_pipeline.analyzer, BFS, 350 | WARNING | dst s2 is not flowtable
