2021-10-25 03:20:04,706 | 3243 | tracing_net.net, __init__, 99 | INFO | set up on-demand mininet
2021-10-25 03:20:04,711 | 3243 | tracing_of_pipeline, start, 112 | INFO | OpenFlow Tracer Start
2021-10-25 03:20:04,732 | 3243 | tracing_net.net, start, 312 | INFO | mininet start
2021-10-25 03:20:04,736 | 3243 | tracing_of_pipeline.analyzer, start_analyzing, 106 | INFO | start analyzing
2021-10-25 03:20:04,744 | 3243 | tracing_net.net, add_switch, 116 | DEBUG | added the switch (s0)
2021-10-25 03:20:05,137 | 3243 | tracing_net.net, add_host, 164 | DEBUG | added the host (h0)
2021-10-25 03:20:05,211 | 3243 | tracing_net.net, add_link, 203 | DEBUG | added the link (l2) between s0 and h0
2021-10-25 03:20:05,271 | 3243 | tracing_net.net, add_host, 164 | DEBUG | added the host (h1)
2021-10-25 03:20:05,294 | 3243 | tracing_net.net, add_link, 203 | DEBUG | added the link (l3) between s0 and h1
2021-10-25 03:20:05,354 | 3243 | tracing_net.net, add_switch, 116 | DEBUG | added the switch (s1)
2021-10-25 03:20:05,406 | 3243 | tracing_net.net, add_link, 203 | DEBUG | added the link (l1) between s0 and s1
2021-10-25 03:20:05,559 | 3243 | tracing_net.net, add_host, 164 | DEBUG | added the host (h2)
2021-10-25 03:20:05,654 | 3243 | tracing_net.net, add_link, 203 | DEBUG | added the link (l4) between s1 and h2
2021-10-25 03:20:05,867 | 3243 | tracing_net.net, add_host, 164 | DEBUG | added the host (h3)
2021-10-25 03:20:05,912 | 3243 | tracing_net.net, add_link, 203 | DEBUG | added the link (l5) between s1 and h3
2021-10-25 03:20:06,056 | 3243 | tracing_net.net, start_tracing, 525 | INFO | tracing start
2021-10-25 03:20:06,056 | 3243 | tracing_net.net, start_tracing, 527 | DEBUG | ipv6 is disable
2021-10-25 03:20:06,184 | 3243 | tracing_net.packet_capture_manager, start_capture, 88 | DEBUG | capture process (s0-eth1:3436) started
2021-10-25 03:20:06,188 | 3436 | tracing_net.util.packet_capture, start_capture, 58 | INFO | packet capture start on s0-eth1
2021-10-25 03:20:06,196 | 3243 | tracing_net.packet_capture_manager, start_capture, 88 | DEBUG | capture process (s0-eth2:3438) started
2021-10-25 03:20:06,199 | 3438 | tracing_net.util.packet_capture, start_capture, 58 | INFO | packet capture start on s0-eth2
2021-10-25 03:20:06,207 | 3243 | tracing_net.packet_capture_manager, start_capture, 88 | DEBUG | capture process (s0-eth3:3440) started
2021-10-25 03:20:06,213 | 3440 | tracing_net.util.packet_capture, start_capture, 58 | INFO | packet capture start on s0-eth3
2021-10-25 03:20:06,220 | 3243 | tracing_net.packet_capture_manager, start_capture, 88 | DEBUG | capture process (s1-eth2:3442) started
2021-10-25 03:20:06,227 | 3442 | tracing_net.util.packet_capture, start_capture, 58 | INFO | packet capture start on s1-eth2
2021-10-25 03:20:06,238 | 3243 | tracing_net.packet_capture_manager, start_capture, 88 | DEBUG | capture process (s1-eth3:3444) started
2021-10-25 03:20:06,245 | 3243 | tracing_net.flowtable.flow_monitor, __init__, 46 | INFO | flow monitor start : s0
2021-10-25 03:20:06,244 | 3444 | tracing_net.util.packet_capture, start_capture, 58 | INFO | packet capture start on s1-eth3
2021-10-25 03:20:06,254 | 3243 | tracing_net.flowtable.flow_monitor, __init__, 46 | INFO | flow monitor start : s1
2021-10-25 03:20:06,739 | 3243 | tracing_net.packet_repository, pop, 73 | ERROR | Failed to pop from packet repository (repo={})
2021-10-25 03:20:06,747 | 3243 | tracing_net.packet_repository, pop, 73 | ERROR | Failed to pop from packet repository (repo={})
2021-10-25 03:20:06,748 | 3243 | tracing_net.packet_repository, pop, 73 | ERROR | Failed to pop from packet repository (repo={})
2021-10-25 03:20:06,752 | 3243 | tracing_net.packet_repository, pop, 73 | ERROR | Failed to pop from packet repository (repo={})
2021-10-25 03:20:06,753 | 3243 | tracing_net.packet_repository, pop, 73 | ERROR | Failed to pop from packet repository (repo={})
2021-10-25 03:20:06,759 | 3243 | tracing_of_pipeline.analyzer, _poll_packet_inout_repo, 462 | DEBUG | tmp_p = [], s_dpip = 0
2021-10-25 03:20:06,767 | 3243 | tracing_of_pipeline.analyzer, _poll_packet_inout_repo, 462 | DEBUG | tmp_p = [], s_dpip = 1
2021-10-25 03:20:06,771 | 3243 | tracing_of_pipeline.analyzer, _polling, 423 | DEBUG | polled repository (start_time=1635132004.737917, until=0) values = {'l2': [], 'l3': [], 'l1': [], 'l4': [], 'l5': []} {} {'s0': [], 's1': []}
2021-10-25 03:20:06,772 | 3243 | tracing_of_pipeline.analyzer, analyze, 175 | WARNING | No packet in edge l2
2021-10-25 03:20:06,774 | 3243 | tracing_of_pipeline.analyzer, analyze, 175 | WARNING | No packet in edge l3
2021-10-25 03:20:06,779 | 3243 | tracing_of_pipeline.analyzer, analyze, 175 | WARNING | No packet in edge l1
2021-10-25 03:20:06,780 | 3243 | tracing_of_pipeline.analyzer, analyze, 175 | WARNING | No packet in edge l4
2021-10-25 03:20:06,785 | 3243 | tracing_of_pipeline.analyzer, analyze, 175 | WARNING | No packet in edge l5
2021-10-25 03:20:07,260 | 3446 | tracing_net.flowtable.flow_monitor, dump_flows, 57 | DEBUG | exec dump flows on s0
2021-10-25 03:20:07,278 | 3450 | tracing_net.flowtable.flow_monitor, dump_flows, 57 | DEBUG | exec dump flows on s1
2021-10-25 03:20:07,329 | 3446 | tracing_net.flowtable.flow_monitor, read_dump_flow, 74 | DEBUG | get result for dump flows 1635132007.275578 : ['OFPST_FLOW reply (OF1.3) (xid=0x2):']
2021-10-25 03:20:07,329 | 3446 | tracing_net.flowtable.flow_monitor, read_dump_flow, 83 | WARNING | No result dump flows
2021-10-25 03:20:07,329 | 3450 | tracing_net.flowtable.flow_monitor, read_dump_flow, 74 | DEBUG | get result for dump flows 1635132007.30424 : ['OFPST_FLOW reply (OF1.3) (xid=0x2):']
2021-10-25 03:20:07,331 | 3450 | tracing_net.flowtable.flow_monitor, read_dump_flow, 83 | WARNING | No result dump flows
2021-10-25 03:20:08,293 | 3446 | tracing_net.flowtable.flow_monitor, dump_flows, 57 | DEBUG | exec dump flows on s0
2021-10-25 03:20:08,294 | 3450 | tracing_net.flowtable.flow_monitor, dump_flows, 57 | DEBUG | exec dump flows on s1
2021-10-25 03:20:08,448 | 3450 | tracing_net.flowtable.flow_monitor, read_dump_flow, 74 | DEBUG | get result for dump flows 1635132008.410197 : ['OFPST_FLOW reply (OF1.3) (xid=0x2):']
2021-10-25 03:20:08,450 | 3450 | tracing_net.flowtable.flow_monitor, read_dump_flow, 83 | WARNING | No result dump flows
2021-10-25 03:20:08,470 | 3446 | tracing_net.flowtable.flow_monitor, read_dump_flow, 74 | DEBUG | get result for dump flows 1635132008.444361 : ['OFPST_FLOW reply (OF1.3) (xid=0x2):']
2021-10-25 03:20:08,472 | 3446 | tracing_net.flowtable.flow_monitor, read_dump_flow, 83 | WARNING | No result dump flows
2021-10-25 03:20:08,753 | 3243 | tracing_net.packet_repository, pop, 73 | ERROR | Failed to pop from packet repository (repo={})
2021-10-25 03:20:08,792 | 3243 | tracing_net.packet_repository, pop, 73 | ERROR | Failed to pop from packet repository (repo={})
2021-10-25 03:20:08,793 | 3243 | tracing_net.packet_repository, pop, 73 | ERROR | Failed to pop from packet repository (repo={})
2021-10-25 03:20:08,800 | 3243 | tracing_net.packet_repository, pop, 73 | ERROR | Failed to pop from packet repository (repo={})
2021-10-25 03:20:08,802 | 3243 | tracing_net.packet_repository, pop, 73 | ERROR | Failed to pop from packet repository (repo={})
2021-10-25 03:20:08,809 | 3243 | tracing_of_pipeline.analyzer, _poll_packet_inout_repo, 462 | DEBUG | tmp_p = [], s_dpip = 0
2021-10-25 03:20:08,812 | 3243 | tracing_of_pipeline.analyzer, _poll_packet_inout_repo, 462 | DEBUG | tmp_p = [], s_dpip = 1
2021-10-25 03:20:08,829 | 3243 | tracing_of_pipeline.analyzer, _polling, 423 | DEBUG | polled repository (start_time=1635132004.737917, until=1) values = {'l2': [], 'l3': [], 'l1': [], 'l4': [], 'l5': []} {} {'s0': [], 's1': []}
2021-10-25 03:20:08,832 | 3243 | tracing_of_pipeline.analyzer, analyze, 175 | WARNING | No packet in edge l2
2021-10-25 03:20:08,836 | 3243 | tracing_of_pipeline.analyzer, analyze, 175 | WARNING | No packet in edge l3
2021-10-25 03:20:08,838 | 3243 | tracing_of_pipeline.analyzer, analyze, 175 | WARNING | No packet in edge l1
2021-10-25 03:20:08,855 | 3243 | tracing_of_pipeline.analyzer, analyze, 175 | WARNING | No packet in edge l4
2021-10-25 03:20:08,856 | 3243 | tracing_of_pipeline.analyzer, analyze, 175 | WARNING | No packet in edge l5
2021-10-25 03:20:09,260 | 3446 | tracing_net.flowtable.flow_monitor, dump_flows, 57 | DEBUG | exec dump flows on s0
2021-10-25 03:20:09,279 | 3450 | tracing_net.flowtable.flow_monitor, dump_flows, 57 | DEBUG | exec dump flows on s1
2021-10-25 03:20:09,337 | 3450 | tracing_net.flowtable.flow_monitor, read_dump_flow, 74 | DEBUG | get result for dump flows 1635132009.302877 : ['OFPST_FLOW reply (OF1.3) (xid=0x2):']
2021-10-25 03:20:09,338 | 3450 | tracing_net.flowtable.flow_monitor, read_dump_flow, 83 | WARNING | No result dump flows
2021-10-25 03:20:09,364 | 3446 | tracing_net.flowtable.flow_monitor, read_dump_flow, 74 | DEBUG | get result for dump flows 1635132009.335428 : ['OFPST_FLOW reply (OF1.3) (xid=0x2):']
2021-10-25 03:20:09,365 | 3446 | tracing_net.flowtable.flow_monitor, read_dump_flow, 83 | WARNING | No result dump flows
2021-10-25 03:20:10,281 | 3450 | tracing_net.flowtable.flow_monitor, dump_flows, 57 | DEBUG | exec dump flows on s1
2021-10-25 03:20:10,298 | 3446 | tracing_net.flowtable.flow_monitor, dump_flows, 57 | DEBUG | exec dump flows on s0
2021-10-25 03:20:10,633 | 3446 | tracing_net.flowtable.flow_monitor, read_dump_flow, 74 | DEBUG | get result for dump flows 1635132010.457197 : ['OFPST_FLOW reply (OF1.3) (xid=0x2):']
2021-10-25 03:20:10,644 | 3446 | tracing_net.flowtable.flow_monitor, read_dump_flow, 83 | WARNING | No result dump flows
2021-10-25 03:20:10,596 | 3450 | tracing_net.flowtable.flow_monitor, read_dump_flow, 74 | DEBUG | get result for dump flows 1635132010.595729 : ['OFPST_FLOW reply (OF1.3) (xid=0x2):']
2021-10-25 03:20:10,648 | 3450 | tracing_net.flowtable.flow_monitor, read_dump_flow, 83 | WARNING | No result dump flows
2021-10-25 03:20:10,751 | 3243 | tracing_net.packet_repository, pop, 73 | ERROR | Failed to pop from packet repository (repo={})
2021-10-25 03:20:10,783 | 3243 | tracing_net.packet_repository, pop, 73 | ERROR | Failed to pop from packet repository (repo={})
2021-10-25 03:20:10,786 | 3243 | tracing_net.packet_repository, pop, 73 | ERROR | Failed to pop from packet repository (repo={})
2021-10-25 03:20:10,791 | 3243 | tracing_net.packet_repository, pop, 73 | ERROR | Failed to pop from packet repository (repo={})
2021-10-25 03:20:10,796 | 3243 | tracing_net.packet_repository, pop, 73 | ERROR | Failed to pop from packet repository (repo={})
2021-10-25 03:20:10,827 | 3243 | tracing_of_pipeline.analyzer, _poll_packet_inout_repo, 462 | DEBUG | tmp_p = [], s_dpip = 0
2021-10-25 03:20:10,882 | 3243 | tracing_of_pipeline.analyzer, _poll_packet_inout_repo, 462 | DEBUG | tmp_p = [], s_dpip = 1
2021-10-25 03:20:10,882 | 3243 | tracing_of_pipeline.analyzer, _polling, 423 | DEBUG | polled repository (start_time=1635132004.737917, until=2) values = {'l2': [], 'l3': [], 'l1': [], 'l4': [], 'l5': []} {} {'s0': [], 's1': []}
2021-10-25 03:20:10,883 | 3243 | tracing_of_pipeline.analyzer, analyze, 175 | WARNING | No packet in edge l2
2021-10-25 03:20:10,886 | 3243 | tracing_of_pipeline.analyzer, analyze, 175 | WARNING | No packet in edge l3
2021-10-25 03:20:10,899 | 3243 | tracing_of_pipeline.analyzer, analyze, 175 | WARNING | No packet in edge l1
2021-10-25 03:20:10,899 | 3243 | tracing_of_pipeline.analyzer, analyze, 175 | WARNING | No packet in edge l4
2021-10-25 03:20:10,900 | 3243 | tracing_of_pipeline.analyzer, analyze, 175 | WARNING | No packet in edge l5
2021-10-25 03:20:11,259 | 3446 | tracing_net.flowtable.flow_monitor, dump_flows, 57 | DEBUG | exec dump flows on s0
2021-10-25 03:20:11,281 | 3450 | tracing_net.flowtable.flow_monitor, dump_flows, 57 | DEBUG | exec dump flows on s1
2021-10-25 03:20:11,310 | 3446 | tracing_net.flowtable.flow_monitor, read_dump_flow, 74 | DEBUG | get result for dump flows 1635132011.276915 : ['OFPST_FLOW reply (OF1.3) (xid=0x2):']
2021-10-25 03:20:11,311 | 3446 | tracing_net.flowtable.flow_monitor, read_dump_flow, 83 | WARNING | No result dump flows
2021-10-25 03:20:11,359 | 3450 | tracing_net.flowtable.flow_monitor, read_dump_flow, 74 | DEBUG | get result for dump flows 1635132011.335201 : ['OFPST_FLOW reply (OF1.3) (xid=0x2):']
2021-10-25 03:20:11,360 | 3450 | tracing_net.flowtable.flow_monitor, read_dump_flow, 83 | WARNING | No result dump flows
2021-10-25 03:20:12,258 | 3446 | tracing_net.flowtable.flow_monitor, dump_flows, 57 | DEBUG | exec dump flows on s0
2021-10-25 03:20:12,405 | 3450 | tracing_net.flowtable.flow_monitor, dump_flows, 57 | DEBUG | exec dump flows on s1
2021-10-25 03:20:12,526 | 3450 | tracing_net.flowtable.flow_monitor, read_dump_flow, 74 | DEBUG | get result for dump flows 1635132012.451968 : ['OFPST_FLOW reply (OF1.3) (xid=0x2):']
2021-10-25 03:20:12,527 | 3450 | tracing_net.flowtable.flow_monitor, read_dump_flow, 83 | WARNING | No result dump flows
2021-10-25 03:20:12,775 | 3243 | tracing_net.packet_repository, pop, 73 | ERROR | Failed to pop from packet repository (repo={})
2021-10-25 03:20:12,845 | 3446 | tracing_net.flowtable.flow_monitor, read_dump_flow, 74 | DEBUG | get result for dump flows 1635132012.523138 : ['OFPST_FLOW reply (OF1.3) (xid=0x2):']
2021-10-25 03:20:12,784 | 3243 | tracing_net.packet_repository, pop, 73 | ERROR | Failed to pop from packet repository (repo={})
2021-10-25 03:20:12,865 | 3243 | tracing_net.packet_repository, pop, 73 | ERROR | Failed to pop from packet repository (repo={})
2021-10-25 03:20:12,868 | 3243 | tracing_net.packet_repository, pop, 73 | ERROR | Failed to pop from packet repository (repo={})
2021-10-25 03:20:12,876 | 3243 | tracing_net.packet_repository, pop, 73 | ERROR | Failed to pop from packet repository (repo={})
2021-10-25 03:20:12,882 | 3243 | tracing_of_pipeline.analyzer, _poll_packet_inout_repo, 462 | DEBUG | tmp_p = [], s_dpip = 0
2021-10-25 03:20:12,854 | 3446 | tracing_net.flowtable.flow_monitor, read_dump_flow, 83 | WARNING | No result dump flows
2021-10-25 03:20:12,885 | 3243 | tracing_of_pipeline.analyzer, _poll_packet_inout_repo, 462 | DEBUG | tmp_p = [], s_dpip = 1
2021-10-25 03:20:12,896 | 3243 | tracing_of_pipeline.analyzer, _polling, 423 | DEBUG | polled repository (start_time=1635132004.737917, until=3) values = {'l2': [], 'l3': [], 'l1': [], 'l4': [], 'l5': []} {} {'s0': [], 's1': []}
2021-10-25 03:20:12,897 | 3243 | tracing_of_pipeline.analyzer, analyze, 175 | WARNING | No packet in edge l2
2021-10-25 03:20:12,913 | 3243 | tracing_of_pipeline.analyzer, analyze, 175 | WARNING | No packet in edge l3
2021-10-25 03:20:12,916 | 3243 | tracing_of_pipeline.analyzer, analyze, 175 | WARNING | No packet in edge l1
2021-10-25 03:20:12,919 | 3243 | tracing_of_pipeline.analyzer, analyze, 175 | WARNING | No packet in edge l4
2021-10-25 03:20:12,919 | 3243 | tracing_of_pipeline.analyzer, analyze, 175 | WARNING | No packet in edge l5
2021-10-25 03:20:13,259 | 3446 | tracing_net.flowtable.flow_monitor, dump_flows, 57 | DEBUG | exec dump flows on s0
2021-10-25 03:20:13,279 | 3450 | tracing_net.flowtable.flow_monitor, dump_flows, 57 | DEBUG | exec dump flows on s1
2021-10-25 03:20:13,347 | 3450 | tracing_net.flowtable.flow_monitor, read_dump_flow, 74 | DEBUG | get result for dump flows 1635132013.296961 : ['OFPST_FLOW reply (OF1.3) (xid=0x2):']
2021-10-25 03:20:13,350 | 3450 | tracing_net.flowtable.flow_monitor, read_dump_flow, 83 | WARNING | No result dump flows
2021-10-25 03:20:13,391 | 3446 | tracing_net.flowtable.flow_monitor, read_dump_flow, 74 | DEBUG | get result for dump flows 1635132013.325983 : ['OFPST_FLOW reply (OF1.3) (xid=0x2):']
2021-10-25 03:20:13,392 | 3446 | tracing_net.flowtable.flow_monitor, read_dump_flow, 83 | WARNING | No result dump flows
2021-10-25 03:20:14,259 | 3446 | tracing_net.flowtable.flow_monitor, dump_flows, 57 | DEBUG | exec dump flows on s0
2021-10-25 03:20:14,279 | 3450 | tracing_net.flowtable.flow_monitor, dump_flows, 57 | DEBUG | exec dump flows on s1
2021-10-25 03:20:14,379 | 3446 | tracing_net.flowtable.flow_monitor, read_dump_flow, 74 | DEBUG | get result for dump flows 1635132014.276809 : ['OFPST_FLOW reply (OF1.3) (xid=0x2):']
2021-10-25 03:20:14,380 | 3446 | tracing_net.flowtable.flow_monitor, read_dump_flow, 83 | WARNING | No result dump flows
2021-10-25 03:20:14,565 | 3450 | tracing_net.flowtable.flow_monitor, read_dump_flow, 74 | DEBUG | get result for dump flows 1635132014.455852 : ['OFPST_FLOW reply (OF1.3) (xid=0x2):']
2021-10-25 03:20:14,566 | 3450 | tracing_net.flowtable.flow_monitor, read_dump_flow, 83 | WARNING | No result dump flows
2021-10-25 03:20:14,743 | 3243 | tracing_net.packet_repository, pop, 73 | ERROR | Failed to pop from packet repository (repo={})
2021-10-25 03:20:14,745 | 3243 | tracing_net.packet_repository, pop, 73 | ERROR | Failed to pop from packet repository (repo={})
2021-10-25 03:20:14,755 | 3243 | tracing_net.packet_repository, pop, 73 | ERROR | Failed to pop from packet repository (repo={})
2021-10-25 03:20:14,769 | 3243 | tracing_net.packet_repository, pop, 73 | ERROR | Failed to pop from packet repository (repo={})
2021-10-25 03:20:14,986 | 3243 | tracing_net.packet_repository, pop, 73 | ERROR | Failed to pop from packet repository (repo={})
2021-10-25 03:20:14,988 | 3243 | tracing_of_pipeline.analyzer, _poll_packet_inout_repo, 462 | DEBUG | tmp_p = [], s_dpip = 0
2021-10-25 03:20:14,990 | 3243 | tracing_of_pipeline.analyzer, _poll_packet_inout_repo, 462 | DEBUG | tmp_p = [], s_dpip = 1
2021-10-25 03:20:14,998 | 3243 | tracing_of_pipeline.analyzer, _polling, 423 | DEBUG | polled repository (start_time=1635132004.737917, until=4) values = {'l2': [], 'l3': [], 'l1': [], 'l4': [], 'l5': []} {} {'s0': [], 's1': []}
2021-10-25 03:20:14,999 | 3243 | tracing_of_pipeline.analyzer, analyze, 175 | WARNING | No packet in edge l2
2021-10-25 03:20:14,999 | 3243 | tracing_of_pipeline.analyzer, analyze, 175 | WARNING | No packet in edge l3
2021-10-25 03:20:15,001 | 3243 | tracing_of_pipeline.analyzer, analyze, 175 | WARNING | No packet in edge l1
2021-10-25 03:20:15,002 | 3243 | tracing_of_pipeline.analyzer, analyze, 175 | WARNING | No packet in edge l4
2021-10-25 03:20:15,003 | 3243 | tracing_of_pipeline.analyzer, analyze, 175 | WARNING | No packet in edge l5
2021-10-25 03:20:15,261 | 3446 | tracing_net.flowtable.flow_monitor, dump_flows, 57 | DEBUG | exec dump flows on s0
2021-10-25 03:20:15,284 | 3450 | tracing_net.flowtable.flow_monitor, dump_flows, 57 | DEBUG | exec dump flows on s1
2021-10-25 03:20:15,425 | 3446 | tracing_net.flowtable.flow_monitor, read_dump_flow, 74 | DEBUG | get result for dump flows 1635132015.339112 : ['OFPST_FLOW reply (OF1.3) (xid=0x2):']
2021-10-25 03:20:15,426 | 3446 | tracing_net.flowtable.flow_monitor, read_dump_flow, 83 | WARNING | No result dump flows
2021-10-25 03:20:15,428 | 3450 | tracing_net.flowtable.flow_monitor, read_dump_flow, 74 | DEBUG | get result for dump flows 1635132015.386246 : ['OFPST_FLOW reply (OF1.3) (xid=0x2):']
2021-10-25 03:20:15,432 | 3450 | tracing_net.flowtable.flow_monitor, read_dump_flow, 83 | WARNING | No result dump flows
2021-10-25 03:20:16,259 | 3446 | tracing_net.flowtable.flow_monitor, dump_flows, 57 | DEBUG | exec dump flows on s0
2021-10-25 03:20:16,279 | 3450 | tracing_net.flowtable.flow_monitor, dump_flows, 57 | DEBUG | exec dump flows on s1
2021-10-25 03:20:16,415 | 3446 | tracing_net.flowtable.flow_monitor, read_dump_flow, 74 | DEBUG | get result for dump flows 1635132016.355086 : ['OFPST_FLOW reply (OF1.3) (xid=0x2):']
2021-10-25 03:20:16,417 | 3446 | tracing_net.flowtable.flow_monitor, read_dump_flow, 83 | WARNING | No result dump flows
2021-10-25 03:20:16,431 | 3450 | tracing_net.flowtable.flow_monitor, read_dump_flow, 74 | DEBUG | get result for dump flows 1635132016.422681 : ['OFPST_FLOW reply (OF1.3) (xid=0x2):']
2021-10-25 03:20:16,432 | 3450 | tracing_net.flowtable.flow_monitor, read_dump_flow, 83 | WARNING | No result dump flows
2021-10-25 03:20:16,766 | 3243 | tracing_net.packet_repository, pop, 73 | ERROR | Failed to pop from packet repository (repo={'s0-eth1': []})
2021-10-25 03:20:16,793 | 3243 | tracing_net.packet_repository, pop, 73 | ERROR | Failed to pop from packet repository (repo={'s0-eth1': []})
2021-10-25 03:20:16,794 | 3243 | tracing_net.packet_repository, pop, 73 | ERROR | Failed to pop from packet repository (repo={'s0-eth1': []})
2021-10-25 03:20:16,795 | 3243 | tracing_net.packet_repository, pop, 73 | ERROR | Failed to pop from packet repository (repo={'s0-eth1': []})
2021-10-25 03:20:16,859 | 3243 | tracing_of_pipeline.analyzer, _poll_packet_inout_repo, 462 | DEBUG | tmp_p = [], s_dpip = 0
2021-10-25 03:20:16,861 | 3243 | tracing_of_pipeline.analyzer, _poll_packet_inout_repo, 462 | DEBUG | tmp_p = [], s_dpip = 1
2021-10-25 03:20:16,861 | 3243 | tracing_of_pipeline.analyzer, _polling, 423 | DEBUG | polled repository (start_time=1635132004.737917, until=5) values = {'l2': [<Msg captured_interface=s0-eth1, sniff_timestamp=1635132014.5775735, pkt=<ARP_RAW Packet>, in_port=s0-eth1, in_phy_port=s0-eth1>], 'l3': [], 'l1': [], 'l4': [], 'l5': []} {} {'s0': [], 's1': []}
2021-10-25 03:20:16,862 | 3243 | tracing_of_pipeline.analyzer, analyze, 175 | WARNING | No packet in edge l3
2021-10-25 03:20:16,862 | 3243 | tracing_of_pipeline.analyzer, analyze, 175 | WARNING | No packet in edge l1
2021-10-25 03:20:16,863 | 3243 | tracing_of_pipeline.analyzer, analyze, 175 | WARNING | No packet in edge l4
2021-10-25 03:20:16,863 | 3243 | tracing_of_pipeline.analyzer, analyze, 175 | WARNING | No packet in edge l5
2021-10-25 03:20:17,259 | 3446 | tracing_net.flowtable.flow_monitor, dump_flows, 57 | DEBUG | exec dump flows on s0
2021-10-25 03:20:17,272 | 3446 | tracing_net.flowtable.flow_monitor, read_dump_flow, 74 | DEBUG | get result for dump flows 1635132017.265749 : ['OFPST_FLOW reply (OF1.3) (xid=0x2):']
2021-10-25 03:20:17,273 | 3446 | tracing_net.flowtable.flow_monitor, read_dump_flow, 83 | WARNING | No result dump flows
2021-10-25 03:20:17,278 | 3450 | tracing_net.flowtable.flow_monitor, dump_flows, 57 | DEBUG | exec dump flows on s1
2021-10-25 03:20:17,293 | 3450 | tracing_net.flowtable.flow_monitor, read_dump_flow, 74 | DEBUG | get result for dump flows 1635132017.284511 : ['OFPST_FLOW reply (OF1.3) (xid=0x2):']
2021-10-25 03:20:17,294 | 3450 | tracing_net.flowtable.flow_monitor, read_dump_flow, 83 | WARNING | No result dump flows
2021-10-25 03:20:18,258 | 3446 | tracing_net.flowtable.flow_monitor, dump_flows, 57 | DEBUG | exec dump flows on s0
2021-10-25 03:20:18,270 | 3446 | tracing_net.flowtable.flow_monitor, read_dump_flow, 74 | DEBUG | get result for dump flows 1635132018.263644 : ['OFPST_FLOW reply (OF1.3) (xid=0x2):']
2021-10-25 03:20:18,271 | 3446 | tracing_net.flowtable.flow_monitor, read_dump_flow, 83 | WARNING | No result dump flows
2021-10-25 03:20:18,279 | 3450 | tracing_net.flowtable.flow_monitor, dump_flows, 57 | DEBUG | exec dump flows on s1
2021-10-25 03:20:18,290 | 3450 | tracing_net.flowtable.flow_monitor, read_dump_flow, 74 | DEBUG | get result for dump flows 1635132018.284651 : ['OFPST_FLOW reply (OF1.3) (xid=0x2):']
2021-10-25 03:20:18,291 | 3450 | tracing_net.flowtable.flow_monitor, read_dump_flow, 83 | WARNING | No result dump flows
2021-10-25 03:20:18,843 | 3243 | tracing_net.packet_repository, pop, 73 | ERROR | Failed to pop from packet repository (repo={'s0-eth1': []})
2021-10-25 03:20:18,844 | 3243 | tracing_net.packet_repository, pop, 73 | ERROR | Failed to pop from packet repository (repo={'s0-eth1': []})
2021-10-25 03:20:18,844 | 3243 | tracing_net.packet_repository, pop, 73 | ERROR | Failed to pop from packet repository (repo={'s0-eth1': []})
2021-10-25 03:20:18,844 | 3243 | tracing_net.packet_repository, pop, 73 | ERROR | Failed to pop from packet repository (repo={'s0-eth1': []})
2021-10-25 03:20:18,845 | 3243 | tracing_of_pipeline.analyzer, _poll_packet_inout_repo, 462 | DEBUG | tmp_p = [], s_dpip = 0
2021-10-25 03:20:18,847 | 3243 | tracing_of_pipeline.analyzer, _poll_packet_inout_repo, 462 | DEBUG | tmp_p = [], s_dpip = 1
2021-10-25 03:20:18,847 | 3243 | tracing_of_pipeline.analyzer, _polling, 423 | DEBUG | polled repository (start_time=1635132004.737917, until=6) values = {'l2': [<Msg captured_interface=s0-eth1, sniff_timestamp=1635132014.5775735, pkt=<ARP_RAW Packet>, in_port=1, in_phy_port=s0-eth1>], 'l3': [], 'l1': [], 'l4': [], 'l5': []} {} {'s0': [], 's1': []}
2021-10-25 03:20:18,848 | 3243 | tracing_of_pipeline.analyzer, analyze, 175 | WARNING | No packet in edge l3
2021-10-25 03:20:18,848 | 3243 | tracing_of_pipeline.analyzer, analyze, 175 | WARNING | No packet in edge l1
2021-10-25 03:20:18,849 | 3243 | tracing_of_pipeline.analyzer, analyze, 175 | WARNING | No packet in edge l4
2021-10-25 03:20:18,933 | 3243 | tracing_of_pipeline.analyzer, analyze, 175 | WARNING | No packet in edge l5
2021-10-25 03:20:19,280 | 3450 | tracing_net.flowtable.flow_monitor, dump_flows, 57 | DEBUG | exec dump flows on s1
2021-10-25 03:20:19,282 | 3446 | tracing_net.flowtable.flow_monitor, dump_flows, 57 | DEBUG | exec dump flows on s0
2021-10-25 03:20:19,312 | 3446 | tracing_net.flowtable.flow_monitor, read_dump_flow, 74 | DEBUG | get result for dump flows 1635132019.29294 : ['OFPST_FLOW reply (OF1.3) (xid=0x2):', ' cookie=0x0, duration=0.326s, table=0, n_packets=0, n_bytes=0, priority=0 actions=CONTROLLER:65535']
2021-10-25 03:20:19,318 | 3450 | tracing_net.flowtable.flow_monitor, read_dump_flow, 74 | DEBUG | get result for dump flows 1635132019.302499 : ['OFPST_FLOW reply (OF1.3) (xid=0x2):']
2021-10-25 03:20:19,319 | 3450 | tracing_net.flowtable.flow_monitor, read_dump_flow, 83 | WARNING | No result dump flows
2021-10-25 03:20:19,337 | 3446 | tracing_net.flowtable.flow_monitor, read_dump_flow, 80 | DEBUG | parsed dump flows result to table 1635132019.29294 : <FlowTables(datapath=0, timestamp=1635132019.29294, flows=[<Flow(table=0, priority=0, match={}, actions=[<InstructionApplyAction type=4>])>])>
2021-10-25 03:20:20,259 | 3446 | tracing_net.flowtable.flow_monitor, dump_flows, 57 | DEBUG | exec dump flows on s0
2021-10-25 03:20:20,276 | 3446 | tracing_net.flowtable.flow_monitor, read_dump_flow, 74 | DEBUG | get result for dump flows 1635132020.270229 : ['OFPST_FLOW reply (OF1.3) (xid=0x2):', ' cookie=0x0, duration=1.291s, table=0, n_packets=0, n_bytes=0, priority=0 actions=CONTROLLER:65535']
2021-10-25 03:20:20,278 | 3450 | tracing_net.flowtable.flow_monitor, dump_flows, 57 | DEBUG | exec dump flows on s1
2021-10-25 03:20:20,279 | 3446 | tracing_net.flowtable.flow_monitor, read_dump_flow, 80 | DEBUG | parsed dump flows result to table 1635132020.270229 : <FlowTables(datapath=0, timestamp=1635132020.270229, flows=[<Flow(table=0, priority=0, match={}, actions=[<InstructionApplyAction type=4>])>])>
2021-10-25 03:20:20,287 | 3450 | tracing_net.flowtable.flow_monitor, read_dump_flow, 74 | DEBUG | get result for dump flows 1635132020.283449 : ['OFPST_FLOW reply (OF1.3) (xid=0x2):', ' cookie=0x0, duration=0.559s, table=0, n_packets=0, n_bytes=0, priority=0 actions=CONTROLLER:65535']
2021-10-25 03:20:20,296 | 3450 | tracing_net.flowtable.flow_monitor, read_dump_flow, 80 | DEBUG | parsed dump flows result to table 1635132020.283449 : <FlowTables(datapath=0, timestamp=1635132020.283449, flows=[<Flow(table=0, priority=0, match={}, actions=[<InstructionApplyAction type=4>])>])>
2021-10-25 03:20:20,739 | 3243 | tracing_net.packet_repository, pop, 73 | ERROR | Failed to pop from packet repository (repo={'s0-eth1': []})
2021-10-25 03:20:20,740 | 3243 | tracing_net.packet_repository, pop, 73 | ERROR | Failed to pop from packet repository (repo={'s0-eth1': []})
2021-10-25 03:20:20,740 | 3243 | tracing_net.packet_repository, pop, 73 | ERROR | Failed to pop from packet repository (repo={'s0-eth1': []})
2021-10-25 03:20:20,741 | 3243 | tracing_net.packet_repository, pop, 73 | ERROR | Failed to pop from packet repository (repo={'s0-eth1': []})
2021-10-25 03:20:20,742 | 3243 | tracing_of_pipeline.analyzer, _poll_packet_inout_repo, 462 | DEBUG | tmp_p = [], s_dpip = 0
2021-10-25 03:20:20,742 | 3243 | tracing_of_pipeline.analyzer, _poll_packet_inout_repo, 462 | DEBUG | tmp_p = [], s_dpip = 1
2021-10-25 03:20:20,743 | 3243 | tracing_of_pipeline.analyzer, _polling, 423 | DEBUG | polled repository (start_time=1635132004.737917, until=7) values = {'l2': [<Msg captured_interface=s0-eth1, sniff_timestamp=1635132014.5775735, pkt=<ARP_RAW Packet>, in_port=1, in_phy_port=s0-eth1>], 'l3': [], 'l1': [], 'l4': [], 'l5': []} {} {'s0': [], 's1': []}
2021-10-25 03:20:20,743 | 3243 | tracing_of_pipeline.analyzer, analyze, 175 | WARNING | No packet in edge l3
2021-10-25 03:20:20,744 | 3243 | tracing_of_pipeline.analyzer, analyze, 175 | WARNING | No packet in edge l1
2021-10-25 03:20:20,745 | 3243 | tracing_of_pipeline.analyzer, analyze, 175 | WARNING | No packet in edge l4
2021-10-25 03:20:20,746 | 3243 | tracing_of_pipeline.analyzer, analyze, 175 | WARNING | No packet in edge l5
2021-10-25 03:20:21,259 | 3446 | tracing_net.flowtable.flow_monitor, dump_flows, 57 | DEBUG | exec dump flows on s0
2021-10-25 03:20:21,278 | 3450 | tracing_net.flowtable.flow_monitor, dump_flows, 57 | DEBUG | exec dump flows on s1
2021-10-25 03:20:21,283 | 3446 | tracing_net.flowtable.flow_monitor, read_dump_flow, 74 | DEBUG | get result for dump flows 1635132021.275065 : ['OFPST_FLOW reply (OF1.3) (xid=0x2):', ' cookie=0x0, duration=2.298s, table=0, n_packets=0, n_bytes=0, priority=0 actions=CONTROLLER:65535']
2021-10-25 03:20:21,288 | 3446 | tracing_net.flowtable.flow_monitor, read_dump_flow, 80 | DEBUG | parsed dump flows result to table 1635132021.275065 : <FlowTables(datapath=0, timestamp=1635132021.275065, flows=[<Flow(table=0, priority=0, match={}, actions=[<InstructionApplyAction type=4>])>])>
2021-10-25 03:20:21,299 | 3450 | tracing_net.flowtable.flow_monitor, read_dump_flow, 74 | DEBUG | get result for dump flows 1635132021.289877 : ['OFPST_FLOW reply (OF1.3) (xid=0x2):', ' cookie=0x0, duration=1.566s, table=0, n_packets=0, n_bytes=0, priority=0 actions=CONTROLLER:65535']
2021-10-25 03:20:21,302 | 3450 | tracing_net.flowtable.flow_monitor, read_dump_flow, 80 | DEBUG | parsed dump flows result to table 1635132021.289877 : <FlowTables(datapath=0, timestamp=1635132021.289877, flows=[<Flow(table=0, priority=0, match={}, actions=[<InstructionApplyAction type=4>])>])>
2021-10-25 03:20:22,268 | 3446 | tracing_net.flowtable.flow_monitor, dump_flows, 57 | DEBUG | exec dump flows on s0
2021-10-25 03:20:22,279 | 3450 | tracing_net.flowtable.flow_monitor, dump_flows, 57 | DEBUG | exec dump flows on s1
2021-10-25 03:20:22,292 | 3446 | tracing_net.flowtable.flow_monitor, read_dump_flow, 74 | DEBUG | get result for dump flows 1635132022.28466 : ['OFPST_FLOW reply (OF1.3) (xid=0x2):', ' cookie=0x0, duration=3.307s, table=0, n_packets=0, n_bytes=0, priority=0 actions=CONTROLLER:65535']
2021-10-25 03:20:22,294 | 3446 | tracing_net.flowtable.flow_monitor, read_dump_flow, 80 | DEBUG | parsed dump flows result to table 1635132022.28466 : <FlowTables(datapath=0, timestamp=1635132022.28466, flows=[<Flow(table=0, priority=0, match={}, actions=[<InstructionApplyAction type=4>])>])>
2021-10-25 03:20:22,299 | 3450 | tracing_net.flowtable.flow_monitor, read_dump_flow, 74 | DEBUG | get result for dump flows 1635132022.28665 : ['OFPST_FLOW reply (OF1.3) (xid=0x2):', ' cookie=0x0, duration=2.570s, table=0, n_packets=0, n_bytes=0, priority=0 actions=CONTROLLER:65535']
2021-10-25 03:20:22,303 | 3450 | tracing_net.flowtable.flow_monitor, read_dump_flow, 80 | DEBUG | parsed dump flows result to table 1635132022.28665 : <FlowTables(datapath=0, timestamp=1635132022.28665, flows=[<Flow(table=0, priority=0, match={}, actions=[<InstructionApplyAction type=4>])>])>
2021-10-25 03:20:22,963 | 3243 | tracing_net.packet_repository, pop, 73 | ERROR | Failed to pop from packet repository (repo={'s0-eth1': [<Msg captured_interface=s0-eth1, sniff_timestamp=1635132022.438348, pkt=<ARP_RAW Packet>, in_port=s0-eth1, in_phy_port=s0-eth1>], 's1-eth2': [<Msg captured_interface=s1-eth2, sniff_timestamp=1635132022.4566603, pkt=<ARP_RAW Packet>, in_port=s1-eth2, in_phy_port=s1-eth2>]})
2021-10-25 03:20:22,968 | 3243 | tracing_net.packet_repository, pop, 73 | ERROR | Failed to pop from packet repository (repo={'s0-eth1': [<Msg captured_interface=s0-eth1, sniff_timestamp=1635132022.438348, pkt=<ARP_RAW Packet>, in_port=s0-eth1, in_phy_port=s0-eth1>], 's1-eth2': [<Msg captured_interface=s1-eth2, sniff_timestamp=1635132022.4566603, pkt=<ARP_RAW Packet>, in_port=s1-eth2, in_phy_port=s1-eth2>]})
2021-10-25 03:20:22,969 | 3243 | tracing_net.packet_repository, pop, 73 | ERROR | Failed to pop from packet repository (repo={'s0-eth1': [<Msg captured_interface=s0-eth1, sniff_timestamp=1635132022.438348, pkt=<ARP_RAW Packet>, in_port=s0-eth1, in_phy_port=s0-eth1>], 's1-eth2': [<Msg captured_interface=s1-eth2, sniff_timestamp=1635132022.4566603, pkt=<ARP_RAW Packet>, in_port=s1-eth2, in_phy_port=s1-eth2>]})
2021-10-25 03:20:22,973 | 3243 | tracing_of_pipeline.analyzer, _poll_packet_inout_repo, 462 | DEBUG | tmp_p = [], s_dpip = 0
2021-10-25 03:20:22,974 | 3243 | tracing_of_pipeline.analyzer, _poll_packet_inout_repo, 462 | DEBUG | tmp_p = [], s_dpip = 1
2021-10-25 03:20:22,976 | 3243 | tracing_of_pipeline.analyzer, _polling, 423 | DEBUG | polled repository (start_time=1635132004.737917, until=8) values = {'l2': [<Msg captured_interface=s0-eth1, sniff_timestamp=1635132014.5775735, pkt=<ARP_RAW Packet>, in_port=1, in_phy_port=s0-eth1>, <Msg captured_interface=s0-eth1, sniff_timestamp=1635132015.6022363, pkt=<ARP_RAW Packet>, in_port=s0-eth1, in_phy_port=s0-eth1>], 'l3': [], 'l1': [], 'l4': [], 'l5': []} {} {'s0': [], 's1': []}
2021-10-25 03:20:23,067 | 3243 | tracing_of_pipeline.analyzer, analyze, 175 | WARNING | No packet in edge l3
2021-10-25 03:20:23,067 | 3243 | tracing_of_pipeline.analyzer, analyze, 175 | WARNING | No packet in edge l1
2021-10-25 03:20:23,069 | 3243 | tracing_of_pipeline.analyzer, analyze, 175 | WARNING | No packet in edge l4
2021-10-25 03:20:23,078 | 3243 | tracing_of_pipeline.analyzer, analyze, 175 | WARNING | No packet in edge l5
2021-10-25 03:20:23,261 | 3446 | tracing_net.flowtable.flow_monitor, dump_flows, 57 | DEBUG | exec dump flows on s0
2021-10-25 03:20:23,301 | 3450 | tracing_net.flowtable.flow_monitor, dump_flows, 57 | DEBUG | exec dump flows on s1
2021-10-25 03:20:23,361 | 3446 | tracing_net.flowtable.flow_monitor, read_dump_flow, 74 | DEBUG | get result for dump flows 1635132023.34832 : ['OFPST_FLOW reply (OF1.3) (xid=0x2):', ' cookie=0x0, duration=0.886s, table=0, n_packets=1, n_bytes=98, priority=1,in_port=3,dl_src=42:39:4f:7c:ba:0b,dl_dst=ba:a5:00:f2:17:ef actions=output:1', ' cookie=0x0, duration=0.877s, table=0, n_packets=0, n_bytes=0, priority=1,in_port=1,dl_src=ba:a5:00:f2:17:ef,dl_dst=42:39:4f:7c:ba:0b actions=output:3', ' cookie=0x0, duration=4.375s, table=0, n_packets=3, n_bytes=182, priority=0 actions=CONTROLLER:65535']
2021-10-25 03:20:23,372 | 3450 | tracing_net.flowtable.flow_monitor, read_dump_flow, 74 | DEBUG | get result for dump flows 1635132023.347731 : ['OFPST_FLOW reply (OF1.3) (xid=0x2):', ' cookie=0x0, duration=0.900s, table=0, n_packets=1, n_bytes=98, priority=1,in_port=2,dl_src=42:39:4f:7c:ba:0b,dl_dst=ba:a5:00:f2:17:ef actions=output:1', ' cookie=0x0, duration=0.780s, table=0, n_packets=0, n_bytes=0, priority=1,in_port=1,dl_src=ba:a5:00:f2:17:ef,dl_dst=42:39:4f:7c:ba:0b actions=output:2', ' cookie=0x0, duration=3.636s, table=0, n_packets=3, n_bytes=182, priority=0 actions=CONTROLLER:65535']
2021-10-25 03:20:23,374 | 3450 | tracing_net.flowtable.flow_monitor, read_dump_flow, 80 | DEBUG | parsed dump flows result to table 1635132023.347731 : <FlowTables(datapath=0, timestamp=1635132023.347731, flows=[<Flow(table=0, priority=1, match=[<in_port, 2/None>, <dl_src, 42:39:4f:7c:ba:0b/None>, <dl_dst, ba:a5:00:f2:17:ef/None>], actions=[<InstructionApplyAction type=4>])>, <Flow(table=0, priority=1, match=[<in_port, 1/None>, <dl_src, ba:a5:00:f2:17:ef/None>, <dl_dst, 42:39:4f:7c:ba:0b/None>], actions=[<InstructionApplyAction type=4>])>, <Flow(table=0, priority=0, match={}, actions=[<InstructionApplyAction type=4>])>])>
2021-10-25 03:20:23,374 | 3446 | tracing_net.flowtable.flow_monitor, read_dump_flow, 80 | DEBUG | parsed dump flows result to table 1635132023.34832 : <FlowTables(datapath=0, timestamp=1635132023.34832, flows=[<Flow(table=0, priority=1, match=[<in_port, 3/None>, <dl_src, 42:39:4f:7c:ba:0b/None>, <dl_dst, ba:a5:00:f2:17:ef/None>], actions=[<InstructionApplyAction type=4>])>, <Flow(table=0, priority=1, match=[<in_port, 1/None>, <dl_src, ba:a5:00:f2:17:ef/None>, <dl_dst, 42:39:4f:7c:ba:0b/None>], actions=[<InstructionApplyAction type=4>])>, <Flow(table=0, priority=0, match={}, actions=[<InstructionApplyAction type=4>])>])>
2021-10-25 03:20:24,265 | 3446 | tracing_net.flowtable.flow_monitor, dump_flows, 57 | DEBUG | exec dump flows on s0
2021-10-25 03:20:24,278 | 3450 | tracing_net.flowtable.flow_monitor, dump_flows, 57 | DEBUG | exec dump flows on s1
2021-10-25 03:20:24,303 | 3446 | tracing_net.flowtable.flow_monitor, read_dump_flow, 74 | DEBUG | get result for dump flows 1635132024.284022 : ['OFPST_FLOW reply (OF1.3) (xid=0x2):', ' cookie=0x0, duration=1.829s, table=0, n_packets=1, n_bytes=98, priority=1,in_port=3,dl_src=42:39:4f:7c:ba:0b,dl_dst=ba:a5:00:f2:17:ef actions=output:1', ' cookie=0x0, duration=1.820s, table=0, n_packets=0, n_bytes=0, priority=1,in_port=1,dl_src=ba:a5:00:f2:17:ef,dl_dst=42:39:4f:7c:ba:0b actions=output:3', ' cookie=0x0, duration=5.318s, table=0, n_packets=3, n_bytes=182, priority=0 actions=CONTROLLER:65535']
2021-10-25 03:20:24,306 | 3446 | tracing_net.flowtable.flow_monitor, read_dump_flow, 80 | DEBUG | parsed dump flows result to table 1635132024.284022 : <FlowTables(datapath=0, timestamp=1635132024.284022, flows=[<Flow(table=0, priority=1, match=[<in_port, 3/None>, <dl_src, 42:39:4f:7c:ba:0b/None>, <dl_dst, ba:a5:00:f2:17:ef/None>], actions=[<InstructionApplyAction type=4>])>, <Flow(table=0, priority=1, match=[<in_port, 1/None>, <dl_src, ba:a5:00:f2:17:ef/None>, <dl_dst, 42:39:4f:7c:ba:0b/None>], actions=[<InstructionApplyAction type=4>])>, <Flow(table=0, priority=0, match={}, actions=[<InstructionApplyAction type=4>])>])>
2021-10-25 03:20:24,308 | 3450 | tracing_net.flowtable.flow_monitor, read_dump_flow, 74 | DEBUG | get result for dump flows 1635132024.30032 : ['OFPST_FLOW reply (OF1.3) (xid=0x2):', ' cookie=0x0, duration=1.841s, table=0, n_packets=1, n_bytes=98, priority=1,in_port=2,dl_src=42:39:4f:7c:ba:0b,dl_dst=ba:a5:00:f2:17:ef actions=output:1', ' cookie=0x0, duration=1.721s, table=0, n_packets=0, n_bytes=0, priority=1,in_port=1,dl_src=ba:a5:00:f2:17:ef,dl_dst=42:39:4f:7c:ba:0b actions=output:2', ' cookie=0x0, duration=4.577s, table=0, n_packets=3, n_bytes=182, priority=0 actions=CONTROLLER:65535']
2021-10-25 03:20:24,309 | 3450 | tracing_net.flowtable.flow_monitor, read_dump_flow, 80 | DEBUG | parsed dump flows result to table 1635132024.30032 : <FlowTables(datapath=0, timestamp=1635132024.30032, flows=[<Flow(table=0, priority=1, match=[<in_port, 2/None>, <dl_src, 42:39:4f:7c:ba:0b/None>, <dl_dst, ba:a5:00:f2:17:ef/None>], actions=[<InstructionApplyAction type=4>])>, <Flow(table=0, priority=1, match=[<in_port, 1/None>, <dl_src, ba:a5:00:f2:17:ef/None>, <dl_dst, 42:39:4f:7c:ba:0b/None>], actions=[<InstructionApplyAction type=4>])>, <Flow(table=0, priority=0, match={}, actions=[<InstructionApplyAction type=4>])>])>
2021-10-25 03:20:24,750 | 3243 | tracing_net.packet_repository, pop, 73 | ERROR | Failed to pop from packet repository (repo={'s0-eth1': [], 's1-eth2': [<Msg captured_interface=s1-eth2, sniff_timestamp=1635132022.4566603, pkt=<ARP_RAW Packet>, in_port=s1-eth2, in_phy_port=s1-eth2>, <Msg captured_interface=s1-eth2, sniff_timestamp=1635132022.4566915, pkt=<ARP_RAW Packet>, in_port=s1-eth2, in_phy_port=s1-eth2>, <Msg captured_interface=s1-eth2, sniff_timestamp=1635132022.5837274, pkt=<ICMP_RAW Packet>, in_port=s1-eth2, in_phy_port=s1-eth2>], 's0-eth3': [<Msg captured_interface=s0-eth3, sniff_timestamp=1635132022.4517643, pkt=<ARP_RAW Packet>, in_port=s0-eth3, in_phy_port=s0-eth3>, <Msg captured_interface=s0-eth3, sniff_timestamp=1635132022.4641423, pkt=<ARP_RAW Packet>, in_port=s0-eth3, in_phy_port=s0-eth3>, <Msg captured_interface=s0-eth3, sniff_timestamp=1635132022.4817407, pkt=<ICMP_RAW Packet>, in_port=s0-eth3, in_phy_port=s0-eth3>]})
2021-10-25 03:20:24,751 | 3243 | tracing_net.packet_repository, pop, 73 | ERROR | Failed to pop from packet repository (repo={'s0-eth1': [], 's1-eth2': [], 's0-eth3': []})
2021-10-25 03:20:24,753 | 3243 | tracing_of_pipeline.analyzer, _poll_packet_inout_repo, 462 | DEBUG | tmp_p = [], s_dpip = 0
2021-10-25 03:20:24,754 | 3243 | tracing_of_pipeline.analyzer, _poll_packet_inout_repo, 462 | DEBUG | tmp_p = [], s_dpip = 1
2021-10-25 03:20:24,755 | 3243 | tracing_of_pipeline.analyzer, _polling, 423 | DEBUG | polled repository (start_time=1635132004.737917, until=9) values = {'l2': [<Msg captured_interface=s0-eth1, sniff_timestamp=1635132014.5775735, pkt=<ARP_RAW Packet>, in_port=1, in_phy_port=s0-eth1>, <Msg captured_interface=s0-eth1, sniff_timestamp=1635132015.6022363, pkt=<ARP_RAW Packet>, in_port=1, in_phy_port=s0-eth1>, <Msg captured_interface=s0-eth1, sniff_timestamp=1635132022.438348, pkt=<ARP_RAW Packet>, in_port=s0-eth1, in_phy_port=s0-eth1>, <Msg captured_interface=s0-eth1, sniff_timestamp=1635132022.4733021, pkt=<ARP_RAW Packet>, in_port=s0-eth1, in_phy_port=s0-eth1>, <Msg captured_interface=s0-eth1, sniff_timestamp=1635132022.4733145, pkt=<ICMP_RAW Packet>, in_port=s0-eth1, in_phy_port=s0-eth1>], 'l3': [], 'l1': [<Msg captured_interface=s0-eth3, sniff_timestamp=1635132022.4517643, pkt=<ARP_RAW Packet>, in_port=s0-eth3, in_phy_port=s0-eth3>, <Msg captured_interface=s0-eth3, sniff_timestamp=1635132022.4641423, pkt=<ARP_RAW Packet>, in_port=s0-eth3, in_phy_port=s0-eth3>, <Msg captured_interface=s0-eth3, sniff_timestamp=1635132022.4817407, pkt=<ICMP_RAW Packet>, in_port=s0-eth3, in_phy_port=s0-eth3>], 'l4': [<Msg captured_interface=s1-eth2, sniff_timestamp=1635132022.4566603, pkt=<ARP_RAW Packet>, in_port=s1-eth2, in_phy_port=s1-eth2>, <Msg captured_interface=s1-eth2, sniff_timestamp=1635132022.4566915, pkt=<ARP_RAW Packet>, in_port=s1-eth2, in_phy_port=s1-eth2>, <Msg captured_interface=s1-eth2, sniff_timestamp=1635132022.5837274, pkt=<ICMP_RAW Packet>, in_port=s1-eth2, in_phy_port=s1-eth2>], 'l5': []} {} {'s0': [], 's1': []}
2021-10-25 03:20:24,756 | 3243 | tracing_of_pipeline.analyzer, BFS, 286 | DEBUG | processing msg <Msg captured_interface=s0-eth1, sniff_timestamp=1635132022.438348, pkt=<ARP_RAW Packet>, in_port=1, in_phy_port=s0-eth1>
2021-10-25 03:20:24,762 | 3243 | tracing_of_pipeline.pipeline, apply_pipeline, 52 | DEBUG | msg<Msg captured_interface=s0-eth1, sniff_timestamp=1635132022.438348, pkt=<ARP_RAW Packet>, in_port=1, in_phy_port=s0-eth1> apply pipeline <FlowTables(datapath=0, timestamp=1635132019.29294, flows=[<Flow(table=0, priority=0, match={}, actions=[<InstructionApplyAction type=4>])>])>
2021-10-25 03:20:24,765 | 3243 | tracing_of_pipeline.pipeline, apply_pipeline, 68 | DEBUG | result<InstructionResult msg=<Msg captured_interface=s0-eth1, sniff_timestamp=1635132022.438348, pkt=<ARP_RAW Packet>, in_port=1, in_phy_port=s0-eth1> action_set=<src.tracing_net.ofproto.action.ActionSet object at 0x7f56740df820> out_ports=['65535'] table_id=None> of action that msg<Msg captured_interface=s0-eth1, sniff_timestamp=1635132022.438348, pkt=<ARP_RAW Packet>, in_port=1, in_phy_port=s0-eth1> is applied 
2021-10-25 03:20:24,766 | 3243 | tracing_of_pipeline.analyzer, BFS, 301 | DEBUG | After applied pipeline, out_ports to msg [('65535', <Msg captured_interface=s0-eth1, sniff_timestamp=1635132022.438348, pkt=<ARP_RAW Packet>, in_port=1, in_phy_port=s0-eth1>)]
2021-10-25 03:20:24,770 | 3243 | tracing_of_pipeline.packet_trace_handler, append, 31 | DEBUG | 1635132022.438348 : 0x00000806 : (h0, s0)(s0, controller)
2021-10-25 03:20:24,772 | 3243 | tracing_of_pipeline.analyzer, BFS, 286 | DEBUG | processing msg <Msg captured_interface=s0-eth1, sniff_timestamp=1635132022.4733145, pkt=<ICMP_RAW Packet>, in_port=1, in_phy_port=s0-eth1>
2021-10-25 03:20:24,777 | 3243 | tracing_of_pipeline.pipeline, apply_pipeline, 52 | DEBUG | msg<Msg captured_interface=s0-eth1, sniff_timestamp=1635132022.4733145, pkt=<ICMP_RAW Packet>, in_port=1, in_phy_port=s0-eth1> apply pipeline <FlowTables(datapath=0, timestamp=1635132019.29294, flows=[<Flow(table=0, priority=0, match={}, actions=[<InstructionApplyAction type=4>])>])>
2021-10-25 03:20:24,781 | 3243 | tracing_of_pipeline.pipeline, apply_pipeline, 68 | DEBUG | result<InstructionResult msg=<Msg captured_interface=s0-eth1, sniff_timestamp=1635132022.4733145, pkt=<ICMP_RAW Packet>, in_port=1, in_phy_port=s0-eth1> action_set=<src.tracing_net.ofproto.action.ActionSet object at 0x7f5677982730> out_ports=['65535'] table_id=None> of action that msg<Msg captured_interface=s0-eth1, sniff_timestamp=1635132022.4733145, pkt=<ICMP_RAW Packet>, in_port=1, in_phy_port=s0-eth1> is applied 
2021-10-25 03:20:24,784 | 3243 | tracing_of_pipeline.analyzer, BFS, 301 | DEBUG | After applied pipeline, out_ports to msg [('65535', <Msg captured_interface=s0-eth1, sniff_timestamp=1635132022.4733145, pkt=<ICMP_RAW Packet>, in_port=1, in_phy_port=s0-eth1>)]
2021-10-25 03:20:24,788 | 3243 | tracing_of_pipeline.packet_trace_handler, append, 31 | DEBUG | 1635132022.4733145 : 0x00000800 : (h0, s0)(s0, controller)
2021-10-25 03:20:24,789 | 3243 | tracing_of_pipeline.analyzer, analyze, 175 | WARNING | No packet in edge l3
2021-10-25 03:20:24,789 | 3243 | tracing_of_pipeline.analyzer, analyze, 172 | WARNING | edge l1 is not terminal edge. The analysis done before may not have been done properly.
2021-10-25 03:20:24,790 | 3243 | tracing_of_pipeline.analyzer, BFS, 286 | DEBUG | processing msg <Msg captured_interface=s1-eth2, sniff_timestamp=1635132022.4566603, pkt=<ARP_RAW Packet>, in_port=2, in_phy_port=s1-eth2>
2021-10-25 03:20:24,795 | 3243 | tracing_of_pipeline.pipeline, apply_pipeline, 52 | DEBUG | msg<Msg captured_interface=s1-eth2, sniff_timestamp=1635132022.4566603, pkt=<ARP_RAW Packet>, in_port=2, in_phy_port=s1-eth2> apply pipeline <FlowTables(datapath=0, timestamp=1635132020.283449, flows=[<Flow(table=0, priority=0, match={}, actions=[<InstructionApplyAction type=4>])>])>
2021-10-25 03:20:24,797 | 3243 | tracing_of_pipeline.pipeline, apply_pipeline, 68 | DEBUG | result<InstructionResult msg=<Msg captured_interface=s1-eth2, sniff_timestamp=1635132022.4566603, pkt=<ARP_RAW Packet>, in_port=2, in_phy_port=s1-eth2> action_set=<src.tracing_net.ofproto.action.ActionSet object at 0x7f56740efe50> out_ports=['65535'] table_id=None> of action that msg<Msg captured_interface=s1-eth2, sniff_timestamp=1635132022.4566603, pkt=<ARP_RAW Packet>, in_port=2, in_phy_port=s1-eth2> is applied 
2021-10-25 03:20:24,798 | 3243 | tracing_of_pipeline.analyzer, BFS, 301 | DEBUG | After applied pipeline, out_ports to msg [('65535', <Msg captured_interface=s1-eth2, sniff_timestamp=1635132022.4566603, pkt=<ARP_RAW Packet>, in_port=2, in_phy_port=s1-eth2>)]
2021-10-25 03:20:24,800 | 3243 | tracing_of_pipeline.packet_trace_handler, append, 31 | DEBUG | 1635132022.4566603 : 0x00000806 : (h2, s1)(s1, controller)
2021-10-25 03:20:24,801 | 3243 | tracing_of_pipeline.analyzer, BFS, 286 | DEBUG | processing msg <Msg captured_interface=s1-eth2, sniff_timestamp=1635132022.5837274, pkt=<ICMP_RAW Packet>, in_port=2, in_phy_port=s1-eth2>
2021-10-25 03:20:24,808 | 3243 | tracing_of_pipeline.pipeline, apply_pipeline, 52 | DEBUG | msg<Msg captured_interface=s1-eth2, sniff_timestamp=1635132022.5837274, pkt=<ICMP_RAW Packet>, in_port=2, in_phy_port=s1-eth2> apply pipeline <FlowTables(datapath=0, timestamp=1635132020.283449, flows=[<Flow(table=0, priority=0, match={}, actions=[<InstructionApplyAction type=4>])>])>
2021-10-25 03:20:24,811 | 3243 | tracing_of_pipeline.pipeline, apply_pipeline, 68 | DEBUG | result<InstructionResult msg=<Msg captured_interface=s1-eth2, sniff_timestamp=1635132022.5837274, pkt=<ICMP_RAW Packet>, in_port=2, in_phy_port=s1-eth2> action_set=<src.tracing_net.ofproto.action.ActionSet object at 0x7f5677999580> out_ports=['65535'] table_id=None> of action that msg<Msg captured_interface=s1-eth2, sniff_timestamp=1635132022.5837274, pkt=<ICMP_RAW Packet>, in_port=2, in_phy_port=s1-eth2> is applied 
2021-10-25 03:20:24,813 | 3243 | tracing_of_pipeline.analyzer, BFS, 301 | DEBUG | After applied pipeline, out_ports to msg [('65535', <Msg captured_interface=s1-eth2, sniff_timestamp=1635132022.5837274, pkt=<ICMP_RAW Packet>, in_port=2, in_phy_port=s1-eth2>)]
2021-10-25 03:20:24,822 | 3243 | tracing_of_pipeline.packet_trace_handler, append, 31 | DEBUG | 1635132022.5837274 : 0x00000800 : (h2, s1)(s1, controller)
2021-10-25 03:20:24,829 | 3243 | tracing_of_pipeline.analyzer, analyze, 175 | WARNING | No packet in edge l5
2021-10-25 03:20:25,259 | 3446 | tracing_net.flowtable.flow_monitor, dump_flows, 57 | DEBUG | exec dump flows on s0
2021-10-25 03:20:25,279 | 3450 | tracing_net.flowtable.flow_monitor, dump_flows, 57 | DEBUG | exec dump flows on s1
2021-10-25 03:20:25,284 | 3446 | tracing_net.flowtable.flow_monitor, read_dump_flow, 74 | DEBUG | get result for dump flows 1635132025.269672 : ['OFPST_FLOW reply (OF1.3) (xid=0x2):', ' cookie=0x0, duration=2.809s, table=0, n_packets=1, n_bytes=98, priority=1,in_port=3,dl_src=42:39:4f:7c:ba:0b,dl_dst=ba:a5:00:f2:17:ef actions=output:1', ' cookie=0x0, duration=2.800s, table=0, n_packets=0, n_bytes=0, priority=1,in_port=1,dl_src=ba:a5:00:f2:17:ef,dl_dst=42:39:4f:7c:ba:0b actions=output:3', ' cookie=0x0, duration=6.298s, table=0, n_packets=3, n_bytes=182, priority=0 actions=CONTROLLER:65535']
2021-10-25 03:20:25,289 | 3446 | tracing_net.flowtable.flow_monitor, read_dump_flow, 80 | DEBUG | parsed dump flows result to table 1635132025.269672 : <FlowTables(datapath=0, timestamp=1635132025.269672, flows=[<Flow(table=0, priority=1, match=[<in_port, 3/None>, <dl_src, 42:39:4f:7c:ba:0b/None>, <dl_dst, ba:a5:00:f2:17:ef/None>], actions=[<InstructionApplyAction type=4>])>, <Flow(table=0, priority=1, match=[<in_port, 1/None>, <dl_src, ba:a5:00:f2:17:ef/None>, <dl_dst, 42:39:4f:7c:ba:0b/None>], actions=[<InstructionApplyAction type=4>])>, <Flow(table=0, priority=0, match={}, actions=[<InstructionApplyAction type=4>])>])>
2021-10-25 03:20:25,305 | 3450 | tracing_net.flowtable.flow_monitor, read_dump_flow, 74 | DEBUG | get result for dump flows 1635132025.292038 : ['OFPST_FLOW reply (OF1.3) (xid=0x2):', ' cookie=0x0, duration=2.839s, table=0, n_packets=1, n_bytes=98, priority=1,in_port=2,dl_src=42:39:4f:7c:ba:0b,dl_dst=ba:a5:00:f2:17:ef actions=output:1', ' cookie=0x0, duration=2.719s, table=0, n_packets=0, n_bytes=0, priority=1,in_port=1,dl_src=ba:a5:00:f2:17:ef,dl_dst=42:39:4f:7c:ba:0b actions=output:2', ' cookie=0x0, duration=5.575s, table=0, n_packets=3, n_bytes=182, priority=0 actions=CONTROLLER:65535']
2021-10-25 03:20:25,307 | 3450 | tracing_net.flowtable.flow_monitor, read_dump_flow, 80 | DEBUG | parsed dump flows result to table 1635132025.292038 : <FlowTables(datapath=0, timestamp=1635132025.292038, flows=[<Flow(table=0, priority=1, match=[<in_port, 2/None>, <dl_src, 42:39:4f:7c:ba:0b/None>, <dl_dst, ba:a5:00:f2:17:ef/None>], actions=[<InstructionApplyAction type=4>])>, <Flow(table=0, priority=1, match=[<in_port, 1/None>, <dl_src, ba:a5:00:f2:17:ef/None>, <dl_dst, 42:39:4f:7c:ba:0b/None>], actions=[<InstructionApplyAction type=4>])>, <Flow(table=0, priority=0, match={}, actions=[<InstructionApplyAction type=4>])>])>
2021-10-25 03:20:26,274 | 3446 | tracing_net.flowtable.flow_monitor, dump_flows, 57 | DEBUG | exec dump flows on s0
2021-10-25 03:20:26,285 | 3450 | tracing_net.flowtable.flow_monitor, dump_flows, 57 | DEBUG | exec dump flows on s1
2021-10-25 03:20:26,344 | 3450 | tracing_net.flowtable.flow_monitor, read_dump_flow, 74 | DEBUG | get result for dump flows 1635132026.327803 : ['OFPST_FLOW reply (OF1.3) (xid=0x2):', ' cookie=0x0, duration=3.877s, table=0, n_packets=1, n_bytes=98, priority=1,in_port=2,dl_src=42:39:4f:7c:ba:0b,dl_dst=ba:a5:00:f2:17:ef actions=output:1', ' cookie=0x0, duration=3.758s, table=0, n_packets=0, n_bytes=0, priority=1,in_port=1,dl_src=ba:a5:00:f2:17:ef,dl_dst=42:39:4f:7c:ba:0b actions=output:2', ' cookie=0x0, duration=6.614s, table=0, n_packets=3, n_bytes=182, priority=0 actions=CONTROLLER:65535']
2021-10-25 03:20:26,341 | 3446 | tracing_net.flowtable.flow_monitor, read_dump_flow, 74 | DEBUG | get result for dump flows 1635132026.299111 : ['OFPST_FLOW reply (OF1.3) (xid=0x2):', ' cookie=0x0, duration=3.856s, table=0, n_packets=1, n_bytes=98, priority=1,in_port=3,dl_src=42:39:4f:7c:ba:0b,dl_dst=ba:a5:00:f2:17:ef actions=output:1', ' cookie=0x0, duration=3.847s, table=0, n_packets=0, n_bytes=0, priority=1,in_port=1,dl_src=ba:a5:00:f2:17:ef,dl_dst=42:39:4f:7c:ba:0b actions=output:3', ' cookie=0x0, duration=7.345s, table=0, n_packets=3, n_bytes=182, priority=0 actions=CONTROLLER:65535']
2021-10-25 03:20:26,348 | 3450 | tracing_net.flowtable.flow_monitor, read_dump_flow, 80 | DEBUG | parsed dump flows result to table 1635132026.327803 : <FlowTables(datapath=0, timestamp=1635132026.327803, flows=[<Flow(table=0, priority=1, match=[<in_port, 2/None>, <dl_src, 42:39:4f:7c:ba:0b/None>, <dl_dst, ba:a5:00:f2:17:ef/None>], actions=[<InstructionApplyAction type=4>])>, <Flow(table=0, priority=1, match=[<in_port, 1/None>, <dl_src, ba:a5:00:f2:17:ef/None>, <dl_dst, 42:39:4f:7c:ba:0b/None>], actions=[<InstructionApplyAction type=4>])>, <Flow(table=0, priority=0, match={}, actions=[<InstructionApplyAction type=4>])>])>
2021-10-25 03:20:26,357 | 3446 | tracing_net.flowtable.flow_monitor, read_dump_flow, 80 | DEBUG | parsed dump flows result to table 1635132026.299111 : <FlowTables(datapath=0, timestamp=1635132026.299111, flows=[<Flow(table=0, priority=1, match=[<in_port, 3/None>, <dl_src, 42:39:4f:7c:ba:0b/None>, <dl_dst, ba:a5:00:f2:17:ef/None>], actions=[<InstructionApplyAction type=4>])>, <Flow(table=0, priority=1, match=[<in_port, 1/None>, <dl_src, ba:a5:00:f2:17:ef/None>, <dl_dst, 42:39:4f:7c:ba:0b/None>], actions=[<InstructionApplyAction type=4>])>, <Flow(table=0, priority=0, match={}, actions=[<InstructionApplyAction type=4>])>])>
2021-10-25 03:20:26,740 | 3243 | tracing_net.packet_repository, pop, 73 | ERROR | Failed to pop from packet repository (repo={'s0-eth1': [], 's1-eth2': [], 's0-eth3': []})
2021-10-25 03:20:26,741 | 3243 | tracing_net.packet_repository, pop, 73 | ERROR | Failed to pop from packet repository (repo={'s0-eth1': [], 's1-eth2': [], 's0-eth3': []})
2021-10-25 03:20:26,742 | 3243 | tracing_of_pipeline.analyzer, _poll_packet_inout_repo, 462 | DEBUG | tmp_p = [], s_dpip = 0
2021-10-25 03:20:26,744 | 3243 | tracing_of_pipeline.analyzer, _poll_packet_inout_repo, 462 | DEBUG | tmp_p = [], s_dpip = 1
2021-10-25 03:20:26,745 | 3243 | tracing_of_pipeline.analyzer, _polling, 423 | DEBUG | polled repository (start_time=1635132004.737917, until=10) values = {'l2': [<Msg captured_interface=s0-eth1, sniff_timestamp=1635132015.6022363, pkt=<ARP_RAW Packet>, in_port=1, in_phy_port=s0-eth1>, <Msg captured_interface=s0-eth1, sniff_timestamp=1635132022.438348, pkt=<ARP_RAW Packet>, in_port=1, in_phy_port=s0-eth1>, <Msg captured_interface=s0-eth1, sniff_timestamp=1635132022.4733021, pkt=<ARP_RAW Packet>, in_port=s0-eth1, in_phy_port=s0-eth1>], 'l3': [], 'l1': [<Msg captured_interface=s0-eth3, sniff_timestamp=1635132022.4517643, pkt=<ARP_RAW Packet>, in_port=s0-eth3, in_phy_port=s0-eth3>, <Msg captured_interface=s0-eth3, sniff_timestamp=1635132022.4641423, pkt=<ARP_RAW Packet>, in_port=s0-eth3, in_phy_port=s0-eth3>, <Msg captured_interface=s0-eth3, sniff_timestamp=1635132022.4817407, pkt=<ICMP_RAW Packet>, in_port=s0-eth3, in_phy_port=s0-eth3>], 'l4': [<Msg captured_interface=s1-eth2, sniff_timestamp=1635132022.4566915, pkt=<ARP_RAW Packet>, in_port=s1-eth2, in_phy_port=s1-eth2>], 'l5': []} {} {'s0': [], 's1': []}
2021-10-25 03:20:26,746 | 3243 | tracing_of_pipeline.analyzer, BFS, 286 | DEBUG | processing msg <Msg captured_interface=s0-eth1, sniff_timestamp=1635132022.438348, pkt=<ARP_RAW Packet>, in_port=1, in_phy_port=s0-eth1>
2021-10-25 03:20:26,750 | 3243 | tracing_of_pipeline.pipeline, apply_pipeline, 52 | DEBUG | msg<Msg captured_interface=s0-eth1, sniff_timestamp=1635132022.438348, pkt=<ARP_RAW Packet>, in_port=1, in_phy_port=s0-eth1> apply pipeline <FlowTables(datapath=0, timestamp=1635132019.29294, flows=[<Flow(table=0, priority=0, match={}, actions=[<InstructionApplyAction type=4>])>])>
2021-10-25 03:20:26,752 | 3243 | tracing_of_pipeline.pipeline, apply_pipeline, 68 | DEBUG | result<InstructionResult msg=<Msg captured_interface=s0-eth1, sniff_timestamp=1635132022.438348, pkt=<ARP_RAW Packet>, in_port=1, in_phy_port=s0-eth1> action_set=<src.tracing_net.ofproto.action.ActionSet object at 0x7f5674110070> out_ports=['65535'] table_id=None> of action that msg<Msg captured_interface=s0-eth1, sniff_timestamp=1635132022.438348, pkt=<ARP_RAW Packet>, in_port=1, in_phy_port=s0-eth1> is applied 
2021-10-25 03:20:26,752 | 3243 | tracing_of_pipeline.analyzer, BFS, 301 | DEBUG | After applied pipeline, out_ports to msg [('65535', <Msg captured_interface=s0-eth1, sniff_timestamp=1635132022.438348, pkt=<ARP_RAW Packet>, in_port=1, in_phy_port=s0-eth1>)]
2021-10-25 03:20:26,757 | 3243 | tracing_of_pipeline.packet_trace_handler, append, 31 | DEBUG | 1635132022.438348 : 0x00000806 : (h0, s0)(s0, controller)
2021-10-25 03:20:26,768 | 3243 | tracing_of_pipeline.analyzer, analyze, 175 | WARNING | No packet in edge l3
2021-10-25 03:20:26,771 | 3243 | tracing_of_pipeline.analyzer, analyze, 172 | WARNING | edge l1 is not terminal edge. The analysis done before may not have been done properly.
2021-10-25 03:20:26,773 | 3243 | tracing_of_pipeline.analyzer, BFS, 286 | DEBUG | processing msg <Msg captured_interface=s1-eth2, sniff_timestamp=1635132022.4566915, pkt=<ARP_RAW Packet>, in_port=2, in_phy_port=s1-eth2>
2021-10-25 03:20:26,775 | 3243 | tracing_of_pipeline.pipeline, apply_pipeline, 52 | DEBUG | msg<Msg captured_interface=s1-eth2, sniff_timestamp=1635132022.4566915, pkt=<ARP_RAW Packet>, in_port=2, in_phy_port=s1-eth2> apply pipeline <FlowTables(datapath=0, timestamp=1635132020.283449, flows=[<Flow(table=0, priority=0, match={}, actions=[<InstructionApplyAction type=4>])>])>
2021-10-25 03:20:26,778 | 3243 | tracing_of_pipeline.pipeline, apply_pipeline, 68 | DEBUG | result<InstructionResult msg=<Msg captured_interface=s1-eth2, sniff_timestamp=1635132022.4566915, pkt=<ARP_RAW Packet>, in_port=2, in_phy_port=s1-eth2> action_set=<src.tracing_net.ofproto.action.ActionSet object at 0x7f5677999fa0> out_ports=['65535'] table_id=None> of action that msg<Msg captured_interface=s1-eth2, sniff_timestamp=1635132022.4566915, pkt=<ARP_RAW Packet>, in_port=2, in_phy_port=s1-eth2> is applied 
2021-10-25 03:20:26,779 | 3243 | tracing_of_pipeline.analyzer, BFS, 301 | DEBUG | After applied pipeline, out_ports to msg [('65535', <Msg captured_interface=s1-eth2, sniff_timestamp=1635132022.4566915, pkt=<ARP_RAW Packet>, in_port=2, in_phy_port=s1-eth2>)]
2021-10-25 03:20:26,781 | 3243 | tracing_of_pipeline.packet_trace_handler, append, 31 | DEBUG | 1635132022.4566915 : 0x00000806 : (h2, s1)(s1, controller)
2021-10-25 03:20:26,791 | 3243 | tracing_of_pipeline.analyzer, analyze, 175 | WARNING | No packet in edge l5
2021-10-25 03:20:27,259 | 3446 | tracing_net.flowtable.flow_monitor, dump_flows, 57 | DEBUG | exec dump flows on s0
2021-10-25 03:20:27,274 | 3446 | tracing_net.flowtable.flow_monitor, read_dump_flow, 74 | DEBUG | get result for dump flows 1635132027.267684 : ['OFPST_FLOW reply (OF1.3) (xid=0x2):', ' cookie=0x0, duration=4.801s, table=0, n_packets=1, n_bytes=98, priority=1,in_port=3,dl_src=42:39:4f:7c:ba:0b,dl_dst=ba:a5:00:f2:17:ef actions=output:1', ' cookie=0x0, duration=4.792s, table=0, n_packets=0, n_bytes=0, priority=1,in_port=1,dl_src=ba:a5:00:f2:17:ef,dl_dst=42:39:4f:7c:ba:0b actions=output:3', ' cookie=0x0, duration=8.290s, table=0, n_packets=3, n_bytes=182, priority=0 actions=CONTROLLER:65535']
2021-10-25 03:20:27,276 | 3446 | tracing_net.flowtable.flow_monitor, read_dump_flow, 80 | DEBUG | parsed dump flows result to table 1635132027.267684 : <FlowTables(datapath=0, timestamp=1635132027.267684, flows=[<Flow(table=0, priority=1, match=[<in_port, 3/None>, <dl_src, 42:39:4f:7c:ba:0b/None>, <dl_dst, ba:a5:00:f2:17:ef/None>], actions=[<InstructionApplyAction type=4>])>, <Flow(table=0, priority=1, match=[<in_port, 1/None>, <dl_src, ba:a5:00:f2:17:ef/None>, <dl_dst, 42:39:4f:7c:ba:0b/None>], actions=[<InstructionApplyAction type=4>])>, <Flow(table=0, priority=0, match={}, actions=[<InstructionApplyAction type=4>])>])>
2021-10-25 03:20:27,279 | 3450 | tracing_net.flowtable.flow_monitor, dump_flows, 57 | DEBUG | exec dump flows on s1
2021-10-25 03:20:27,294 | 3450 | tracing_net.flowtable.flow_monitor, read_dump_flow, 74 | DEBUG | get result for dump flows 1635132027.287031 : ['OFPST_FLOW reply (OF1.3) (xid=0x2):', ' cookie=0x0, duration=4.827s, table=0, n_packets=1, n_bytes=98, priority=1,in_port=2,dl_src=42:39:4f:7c:ba:0b,dl_dst=ba:a5:00:f2:17:ef actions=output:1', ' cookie=0x0, duration=4.707s, table=0, n_packets=0, n_bytes=0, priority=1,in_port=1,dl_src=ba:a5:00:f2:17:ef,dl_dst=42:39:4f:7c:ba:0b actions=output:2', ' cookie=0x0, duration=7.563s, table=0, n_packets=3, n_bytes=182, priority=0 actions=CONTROLLER:65535']
2021-10-25 03:20:27,297 | 3450 | tracing_net.flowtable.flow_monitor, read_dump_flow, 80 | DEBUG | parsed dump flows result to table 1635132027.287031 : <FlowTables(datapath=0, timestamp=1635132027.287031, flows=[<Flow(table=0, priority=1, match=[<in_port, 2/None>, <dl_src, 42:39:4f:7c:ba:0b/None>, <dl_dst, ba:a5:00:f2:17:ef/None>], actions=[<InstructionApplyAction type=4>])>, <Flow(table=0, priority=1, match=[<in_port, 1/None>, <dl_src, ba:a5:00:f2:17:ef/None>, <dl_dst, 42:39:4f:7c:ba:0b/None>], actions=[<InstructionApplyAction type=4>])>, <Flow(table=0, priority=0, match={}, actions=[<InstructionApplyAction type=4>])>])>
2021-10-25 03:20:28,258 | 3446 | tracing_net.flowtable.flow_monitor, dump_flows, 57 | DEBUG | exec dump flows on s0
2021-10-25 03:20:28,267 | 3446 | tracing_net.flowtable.flow_monitor, read_dump_flow, 74 | DEBUG | get result for dump flows 1635132028.263608 : ['OFPST_FLOW reply (OF1.3) (xid=0x2):', ' cookie=0x0, duration=5.794s, table=0, n_packets=2, n_bytes=140, priority=1,in_port=3,dl_src=42:39:4f:7c:ba:0b,dl_dst=ba:a5:00:f2:17:ef actions=output:1', ' cookie=0x0, duration=5.785s, table=0, n_packets=1, n_bytes=42, priority=1,in_port=1,dl_src=ba:a5:00:f2:17:ef,dl_dst=42:39:4f:7c:ba:0b actions=output:3', ' cookie=0x0, duration=9.283s, table=0, n_packets=3, n_bytes=182, priority=0 actions=CONTROLLER:65535']
2021-10-25 03:20:28,269 | 3446 | tracing_net.flowtable.flow_monitor, read_dump_flow, 80 | DEBUG | parsed dump flows result to table 1635132028.263608 : <FlowTables(datapath=0, timestamp=1635132028.263608, flows=[<Flow(table=0, priority=1, match=[<in_port, 3/None>, <dl_src, 42:39:4f:7c:ba:0b/None>, <dl_dst, ba:a5:00:f2:17:ef/None>], actions=[<InstructionApplyAction type=4>])>, <Flow(table=0, priority=1, match=[<in_port, 1/None>, <dl_src, ba:a5:00:f2:17:ef/None>, <dl_dst, 42:39:4f:7c:ba:0b/None>], actions=[<InstructionApplyAction type=4>])>, <Flow(table=0, priority=0, match={}, actions=[<InstructionApplyAction type=4>])>])>
2021-10-25 03:20:28,278 | 3450 | tracing_net.flowtable.flow_monitor, dump_flows, 57 | DEBUG | exec dump flows on s1
2021-10-25 03:20:28,287 | 3450 | tracing_net.flowtable.flow_monitor, read_dump_flow, 74 | DEBUG | get result for dump flows 1635132028.28331 : ['OFPST_FLOW reply (OF1.3) (xid=0x2):', ' cookie=0x0, duration=5.823s, table=0, n_packets=2, n_bytes=140, priority=1,in_port=2,dl_src=42:39:4f:7c:ba:0b,dl_dst=ba:a5:00:f2:17:ef actions=output:1', ' cookie=0x0, duration=5.703s, table=0, n_packets=1, n_bytes=42, priority=1,in_port=1,dl_src=ba:a5:00:f2:17:ef,dl_dst=42:39:4f:7c:ba:0b actions=output:2', ' cookie=0x0, duration=8.559s, table=0, n_packets=3, n_bytes=182, priority=0 actions=CONTROLLER:65535']
2021-10-25 03:20:28,288 | 3450 | tracing_net.flowtable.flow_monitor, read_dump_flow, 80 | DEBUG | parsed dump flows result to table 1635132028.28331 : <FlowTables(datapath=0, timestamp=1635132028.28331, flows=[<Flow(table=0, priority=1, match=[<in_port, 2/None>, <dl_src, 42:39:4f:7c:ba:0b/None>, <dl_dst, ba:a5:00:f2:17:ef/None>], actions=[<InstructionApplyAction type=4>])>, <Flow(table=0, priority=1, match=[<in_port, 1/None>, <dl_src, ba:a5:00:f2:17:ef/None>, <dl_dst, 42:39:4f:7c:ba:0b/None>], actions=[<InstructionApplyAction type=4>])>, <Flow(table=0, priority=0, match={}, actions=[<InstructionApplyAction type=4>])>])>
2021-10-25 03:20:28,638 | 3243 | tracing_net.net, stop_tracing, 541 | INFO | tracing stop
2021-10-25 03:20:28,640 | 3243 | tracing_net.packet_capture_manager, stop_capture, 120 | DEBUG | capture process (s0-eth1:3436) terminated
2021-10-25 03:20:28,646 | 3243 | tracing_net.packet_capture_manager, stop_capture, 120 | DEBUG | capture process (s0-eth2:3438) terminated
2021-10-25 03:20:28,657 | 3243 | tracing_net.packet_capture_manager, stop_capture, 120 | DEBUG | capture process (s0-eth3:3440) terminated
2021-10-25 03:20:28,662 | 3243 | tracing_net.packet_capture_manager, stop_capture, 120 | DEBUG | capture process (s1-eth2:3442) terminated
2021-10-25 03:20:28,672 | 3243 | tracing_net.packet_capture_manager, stop_capture, 120 | DEBUG | capture process (s1-eth3:3444) terminated
2021-10-25 03:20:28,675 | 3243 | tracing_net.flowtable.flow_table_manager, stop_poller, 101 | DEBUG | poller process (s0:3446) terminated
2021-10-25 03:20:28,677 | 3243 | tracing_net.flowtable.flow_table_manager, stop_poller, 101 | DEBUG | poller process (s1:3450) terminated
2021-10-25 03:20:28,678 | 3243 | tracing_of_pipeline, stop, 138 | INFO | OpenFlow Tracer Stop
2021-10-25 03:20:28,685 | 3243 | tracing_net.net, stop_tracing, 541 | INFO | tracing stop
2021-10-25 03:20:28,686 | 3243 | tracing_net.packet_capture_manager, stop_capture, 120 | DEBUG | capture process (s0-eth1:3436) terminated
2021-10-25 03:20:28,691 | 3243 | tracing_net.packet_capture_manager, stop_capture, 120 | DEBUG | capture process (s0-eth2:3438) terminated
2021-10-25 03:20:28,696 | 3243 | tracing_net.packet_capture_manager, stop_capture, 120 | DEBUG | capture process (s0-eth3:3440) terminated
2021-10-25 03:20:28,700 | 3243 | tracing_net.packet_capture_manager, stop_capture, 120 | DEBUG | capture process (s1-eth2:3442) terminated
2021-10-25 03:20:28,702 | 3243 | tracing_net.packet_capture_manager, stop_capture, 120 | DEBUG | capture process (s1-eth3:3444) terminated
2021-10-25 03:20:28,703 | 3243 | tracing_net.flowtable.flow_table_manager, stop_poller, 101 | DEBUG | poller process (s0:3446) terminated
2021-10-25 03:20:28,703 | 3243 | tracing_net.flowtable.flow_table_manager, stop_poller, 101 | DEBUG | poller process (s1:3450) terminated
2021-10-25 03:20:28,704 | 3243 | tracing_net.net, stop, 317 | INFO | mininet stop
2021-10-25 03:20:28,742 | 3243 | tracing_net.packet_repository, pop, 73 | ERROR | Failed to pop from packet repository (repo={'s0-eth1': [<Msg captured_interface=s0-eth1, sniff_timestamp=1635132027.8234165, pkt=<ARP_RAW Packet>, in_port=s0-eth1, in_phy_port=s0-eth1>], 's1-eth2': [<Msg captured_interface=s1-eth2, sniff_timestamp=1635132022.583754, pkt=<ICMP_RAW Packet>, in_port=s1-eth2, in_phy_port=s1-eth2>, <Msg captured_interface=s1-eth2, sniff_timestamp=1635132027.8229904, pkt=<ARP_RAW Packet>, in_port=s1-eth2, in_phy_port=s1-eth2>], 's0-eth3': [<Msg captured_interface=s0-eth3, sniff_timestamp=1635132022.5841343, pkt=<ICMP_RAW Packet>, in_port=s0-eth3, in_phy_port=s0-eth3>, <Msg captured_interface=s0-eth3, sniff_timestamp=1635132027.823278, pkt=<ARP_RAW Packet>, in_port=s0-eth3, in_phy_port=s0-eth3>]})
2021-10-25 03:20:28,746 | 3243 | tracing_net.packet_repository, pop, 73 | ERROR | Failed to pop from packet repository (repo={'s0-eth1': [<Msg captured_interface=s0-eth1, sniff_timestamp=1635132027.8234165, pkt=<ARP_RAW Packet>, in_port=s0-eth1, in_phy_port=s0-eth1>], 's1-eth2': [<Msg captured_interface=s1-eth2, sniff_timestamp=1635132027.8229904, pkt=<ARP_RAW Packet>, in_port=s1-eth2, in_phy_port=s1-eth2>], 's0-eth3': [<Msg captured_interface=s0-eth3, sniff_timestamp=1635132027.823278, pkt=<ARP_RAW Packet>, in_port=s0-eth3, in_phy_port=s0-eth3>]})
2021-10-25 03:20:28,749 | 3243 | tracing_of_pipeline.analyzer, _poll_packet_inout_repo, 462 | DEBUG | tmp_p = [], s_dpip = 0
2021-10-25 03:20:28,751 | 3243 | tracing_of_pipeline.analyzer, _poll_packet_inout_repo, 462 | DEBUG | tmp_p = [], s_dpip = 1
2021-10-25 03:20:28,753 | 3243 | tracing_of_pipeline.analyzer, _polling, 423 | DEBUG | polled repository (start_time=1635132004.737917, until=11) values = {'l2': [<Msg captured_interface=s0-eth1, sniff_timestamp=1635132022.438348, pkt=<ARP_RAW Packet>, in_port=1, in_phy_port=s0-eth1>, <Msg captured_interface=s0-eth1, sniff_timestamp=1635132022.4733021, pkt=<ARP_RAW Packet>, in_port=s0-eth1, in_phy_port=s0-eth1>, <Msg captured_interface=s0-eth1, sniff_timestamp=1635132022.5842087, pkt=<ICMP_RAW Packet>, in_port=s0-eth1, in_phy_port=s0-eth1>], 'l3': [], 'l1': [<Msg captured_interface=s0-eth3, sniff_timestamp=1635132022.4517643, pkt=<ARP_RAW Packet>, in_port=s0-eth3, in_phy_port=s0-eth3>, <Msg captured_interface=s0-eth3, sniff_timestamp=1635132022.4641423, pkt=<ARP_RAW Packet>, in_port=s0-eth3, in_phy_port=s0-eth3>, <Msg captured_interface=s0-eth3, sniff_timestamp=1635132022.4817407, pkt=<ICMP_RAW Packet>, in_port=s0-eth3, in_phy_port=s0-eth3>, <Msg captured_interface=s0-eth3, sniff_timestamp=1635132022.5841343, pkt=<ICMP_RAW Packet>, in_port=s0-eth3, in_phy_port=s0-eth3>], 'l4': [<Msg captured_interface=s1-eth2, sniff_timestamp=1635132022.583754, pkt=<ICMP_RAW Packet>, in_port=s1-eth2, in_phy_port=s1-eth2>], 'l5': []} {} {'s0': [], 's1': []}
2021-10-25 03:20:28,754 | 3243 | tracing_of_pipeline.analyzer, BFS, 286 | DEBUG | processing msg <Msg captured_interface=s0-eth1, sniff_timestamp=1635132022.438348, pkt=<ARP_RAW Packet>, in_port=1, in_phy_port=s0-eth1>
2021-10-25 03:20:28,758 | 3243 | tracing_of_pipeline.pipeline, apply_pipeline, 52 | DEBUG | msg<Msg captured_interface=s0-eth1, sniff_timestamp=1635132022.438348, pkt=<ARP_RAW Packet>, in_port=1, in_phy_port=s0-eth1> apply pipeline <FlowTables(datapath=0, timestamp=1635132019.29294, flows=[<Flow(table=0, priority=0, match={}, actions=[<InstructionApplyAction type=4>])>])>
2021-10-25 03:20:28,762 | 3243 | tracing_of_pipeline.pipeline, apply_pipeline, 68 | DEBUG | result<InstructionResult msg=<Msg captured_interface=s0-eth1, sniff_timestamp=1635132022.438348, pkt=<ARP_RAW Packet>, in_port=1, in_phy_port=s0-eth1> action_set=<src.tracing_net.ofproto.action.ActionSet object at 0x7f56779798b0> out_ports=['65535'] table_id=None> of action that msg<Msg captured_interface=s0-eth1, sniff_timestamp=1635132022.438348, pkt=<ARP_RAW Packet>, in_port=1, in_phy_port=s0-eth1> is applied 
2021-10-25 03:20:28,763 | 3243 | tracing_of_pipeline.analyzer, BFS, 301 | DEBUG | After applied pipeline, out_ports to msg [('65535', <Msg captured_interface=s0-eth1, sniff_timestamp=1635132022.438348, pkt=<ARP_RAW Packet>, in_port=1, in_phy_port=s0-eth1>)]
2021-10-25 03:20:28,766 | 3243 | tracing_of_pipeline.packet_trace_handler, append, 31 | DEBUG | 1635132022.438348 : 0x00000806 : (h0, s0)(s0, controller)
2021-10-25 03:20:28,767 | 3243 | tracing_of_pipeline.analyzer, BFS, 286 | DEBUG | processing msg <Msg captured_interface=s0-eth1, sniff_timestamp=1635132022.5842087, pkt=<ICMP_RAW Packet>, in_port=1, in_phy_port=s0-eth1>
2021-10-25 03:20:28,771 | 3243 | tracing_of_pipeline.pipeline, apply_pipeline, 52 | DEBUG | msg<Msg captured_interface=s0-eth1, sniff_timestamp=1635132022.5842087, pkt=<ICMP_RAW Packet>, in_port=1, in_phy_port=s0-eth1> apply pipeline <FlowTables(datapath=0, timestamp=1635132019.29294, flows=[<Flow(table=0, priority=0, match={}, actions=[<InstructionApplyAction type=4>])>])>
2021-10-25 03:20:28,776 | 3243 | tracing_of_pipeline.pipeline, apply_pipeline, 68 | DEBUG | result<InstructionResult msg=<Msg captured_interface=s0-eth1, sniff_timestamp=1635132022.5842087, pkt=<ICMP_RAW Packet>, in_port=1, in_phy_port=s0-eth1> action_set=<src.tracing_net.ofproto.action.ActionSet object at 0x7f56740e89d0> out_ports=['65535'] table_id=None> of action that msg<Msg captured_interface=s0-eth1, sniff_timestamp=1635132022.5842087, pkt=<ICMP_RAW Packet>, in_port=1, in_phy_port=s0-eth1> is applied 
2021-10-25 03:20:28,777 | 3243 | tracing_of_pipeline.analyzer, BFS, 301 | DEBUG | After applied pipeline, out_ports to msg [('65535', <Msg captured_interface=s0-eth1, sniff_timestamp=1635132022.5842087, pkt=<ICMP_RAW Packet>, in_port=1, in_phy_port=s0-eth1>)]
2021-10-25 03:20:28,781 | 3243 | tracing_of_pipeline.packet_trace_handler, append, 31 | DEBUG | 1635132022.5842087 : 0x00000800 : (h0, s0)(s0, controller)
2021-10-25 03:20:28,782 | 3243 | tracing_of_pipeline.analyzer, analyze, 175 | WARNING | No packet in edge l3
2021-10-25 03:20:28,782 | 3243 | tracing_of_pipeline.analyzer, analyze, 172 | WARNING | edge l1 is not terminal edge. The analysis done before may not have been done properly.
2021-10-25 03:20:28,783 | 3243 | tracing_of_pipeline.analyzer, BFS, 286 | DEBUG | processing msg <Msg captured_interface=s1-eth2, sniff_timestamp=1635132022.583754, pkt=<ICMP_RAW Packet>, in_port=2, in_phy_port=s1-eth2>
2021-10-25 03:20:28,784 | 3243 | tracing_of_pipeline.pipeline, apply_pipeline, 52 | DEBUG | msg<Msg captured_interface=s1-eth2, sniff_timestamp=1635132022.583754, pkt=<ICMP_RAW Packet>, in_port=2, in_phy_port=s1-eth2> apply pipeline <FlowTables(datapath=0, timestamp=1635132020.283449, flows=[<Flow(table=0, priority=0, match={}, actions=[<InstructionApplyAction type=4>])>])>
2021-10-25 03:20:28,786 | 3243 | tracing_of_pipeline.pipeline, apply_pipeline, 68 | DEBUG | result<InstructionResult msg=<Msg captured_interface=s1-eth2, sniff_timestamp=1635132022.583754, pkt=<ICMP_RAW Packet>, in_port=2, in_phy_port=s1-eth2> action_set=<src.tracing_net.ofproto.action.ActionSet object at 0x7f56740a1280> out_ports=['65535'] table_id=None> of action that msg<Msg captured_interface=s1-eth2, sniff_timestamp=1635132022.583754, pkt=<ICMP_RAW Packet>, in_port=2, in_phy_port=s1-eth2> is applied 
2021-10-25 03:20:28,787 | 3243 | tracing_of_pipeline.analyzer, BFS, 301 | DEBUG | After applied pipeline, out_ports to msg [('65535', <Msg captured_interface=s1-eth2, sniff_timestamp=1635132022.583754, pkt=<ICMP_RAW Packet>, in_port=2, in_phy_port=s1-eth2>)]
2021-10-25 03:20:28,789 | 3243 | tracing_of_pipeline.packet_trace_handler, append, 31 | DEBUG | 1635132022.583754 : 0x00000800 : (h2, s1)(s1, controller)
2021-10-25 03:20:28,789 | 3243 | tracing_of_pipeline.analyzer, analyze, 175 | WARNING | No packet in edge l5
2021-10-25 03:20:29,746 | 3243 | tracing_net.net, stop, 550 | DEBUG | mininet stopped and all capture processes closed
