2021-10-19 13:28:52,292 | 3157 | tracing_net.net, __init__, 99 | INFO | set up on-demand mininet
2021-10-19 13:28:52,297 | 3157 | tracing_of_pipeline, start, 105 | INFO | OpenFlow Tracer Start
2021-10-19 13:28:52,342 | 3157 | tracing_net.net, start, 312 | INFO | mininet start
2021-10-19 13:28:55,768 | 3169 | tracing_net.api.ws_server, connect, 274 | INFO | connect sid=vODhPIGXXV6A4DbyAAAB
2021-10-19 13:29:04,716 | 3169 | tracing_net.api.ws_server, emit2net, 109 | DEBUG | MessageHub receives messages from clients and emits them to the vnet. (event=WSEvent.ADD_SWITCH, param={'name': 's0', 'dpid': ''})
2021-10-19 13:29:04,732 | 3157 | tracing_net.api.ws_server, get_from_client, 123 | DEBUG | MessageHub receives messages from clients. (response={'event': 'add_switch', 'param': {'name': 's0', 'dpid': ''}})
2021-10-19 13:29:04,738 | 3157 | tracing_net.net, add_switch, 116 | DEBUG | added the switch (s0)
2021-10-19 13:29:09,974 | 3169 | tracing_net.api.ws_server, emit2net, 109 | DEBUG | MessageHub receives messages from clients and emits them to the vnet. (event=WSEvent.ADD_HOST, param={'name': 'h0', 'ip': '', 'mac': ''})
2021-10-19 13:29:09,974 | 3157 | tracing_net.api.ws_server, get_from_client, 123 | DEBUG | MessageHub receives messages from clients. (response={'event': 'add_host', 'param': {'name': 'h0', 'ip': '', 'mac': ''}})
2021-10-19 13:29:09,975 | 3157 | tracing_net.net, add_host, 164 | DEBUG | added the host (h0)
2021-10-19 13:29:12,067 | 3169 | tracing_net.api.ws_server, emit2net, 109 | DEBUG | MessageHub receives messages from clients and emits them to the vnet. (event=WSEvent.ADD_HOST, param={'name': 'h1', 'ip': '', 'mac': ''})
2021-10-19 13:29:12,071 | 3157 | tracing_net.api.ws_server, get_from_client, 123 | DEBUG | MessageHub receives messages from clients. (response={'event': 'add_host', 'param': {'name': 'h1', 'ip': '', 'mac': ''}})
2021-10-19 13:29:12,073 | 3157 | tracing_net.net, add_host, 164 | DEBUG | added the host (h1)
2021-10-19 13:29:14,812 | 3169 | tracing_net.api.ws_server, emit2net, 109 | DEBUG | MessageHub receives messages from clients and emits them to the vnet. (event=WSEvent.ADD_SWITCH, param={'name': 's1', 'dpid': ''})
2021-10-19 13:29:14,823 | 3157 | tracing_net.api.ws_server, get_from_client, 123 | DEBUG | MessageHub receives messages from clients. (response={'event': 'add_switch', 'param': {'name': 's1', 'dpid': ''}})
2021-10-19 13:29:14,826 | 3157 | tracing_net.net, add_switch, 116 | DEBUG | added the switch (s1)
2021-10-19 13:29:16,545 | 3169 | tracing_net.api.ws_server, emit2net, 109 | DEBUG | MessageHub receives messages from clients and emits them to the vnet. (event=WSEvent.ADD_HOST, param={'name': 'h2', 'ip': '', 'mac': ''})
2021-10-19 13:29:16,557 | 3157 | tracing_net.api.ws_server, get_from_client, 123 | DEBUG | MessageHub receives messages from clients. (response={'event': 'add_host', 'param': {'name': 'h2', 'ip': '', 'mac': ''}})
2021-10-19 13:29:16,562 | 3157 | tracing_net.net, add_host, 164 | DEBUG | added the host (h2)
2021-10-19 13:29:18,306 | 3169 | tracing_net.api.ws_server, emit2net, 109 | DEBUG | MessageHub receives messages from clients and emits them to the vnet. (event=WSEvent.ADD_HOST, param={'name': 'h3', 'ip': '', 'mac': ''})
2021-10-19 13:29:18,307 | 3157 | tracing_net.api.ws_server, get_from_client, 123 | DEBUG | MessageHub receives messages from clients. (response={'event': 'add_host', 'param': {'name': 'h3', 'ip': '', 'mac': ''}})
2021-10-19 13:29:18,308 | 3157 | tracing_net.net, add_host, 164 | DEBUG | added the host (h3)
2021-10-19 13:29:19,935 | 3169 | tracing_net.api.ws_server, emit2net, 109 | DEBUG | MessageHub receives messages from clients and emits them to the vnet. (event=WSEvent.ADD_LINK, param={'link_name': 'e0', 'host_name1': 'h0', 'host_name2': 's0'})
2021-10-19 13:29:19,946 | 3157 | tracing_net.api.ws_server, get_from_client, 123 | DEBUG | MessageHub receives messages from clients. (response={'event': 'add_link', 'param': {'link_name': 'e0', 'host_name1': 'h0', 'host_name2': 's0'}})
2021-10-19 13:29:19,949 | 3157 | tracing_net.net, add_link, 203 | DEBUG | added the link (e0) between h0 and s0
2021-10-19 13:29:21,848 | 3169 | tracing_net.api.ws_server, emit2net, 109 | DEBUG | MessageHub receives messages from clients and emits them to the vnet. (event=WSEvent.ADD_LINK, param={'link_name': 'e1', 'host_name1': 'h1', 'host_name2': 's0'})
2021-10-19 13:29:21,853 | 3157 | tracing_net.api.ws_server, get_from_client, 123 | DEBUG | MessageHub receives messages from clients. (response={'event': 'add_link', 'param': {'link_name': 'e1', 'host_name1': 'h1', 'host_name2': 's0'}})
2021-10-19 13:29:21,855 | 3157 | tracing_net.net, add_link, 203 | DEBUG | added the link (e1) between h1 and s0
2021-10-19 13:29:25,546 | 3169 | tracing_net.api.ws_server, emit2net, 109 | DEBUG | MessageHub receives messages from clients and emits them to the vnet. (event=WSEvent.ADD_LINK, param={'link_name': 'e2', 'host_name1': 's0', 'host_name2': 's1'})
2021-10-19 13:29:25,549 | 3157 | tracing_net.api.ws_server, get_from_client, 123 | DEBUG | MessageHub receives messages from clients. (response={'event': 'add_link', 'param': {'link_name': 'e2', 'host_name1': 's0', 'host_name2': 's1'}})
2021-10-19 13:29:25,550 | 3157 | tracing_net.net, add_link, 203 | DEBUG | added the link (e2) between s0 and s1
2021-10-19 13:29:27,354 | 3169 | tracing_net.api.ws_server, emit2net, 109 | DEBUG | MessageHub receives messages from clients and emits them to the vnet. (event=WSEvent.ADD_LINK, param={'link_name': 'e3', 'host_name1': 'h2', 'host_name2': 's1'})
2021-10-19 13:29:27,369 | 3157 | tracing_net.api.ws_server, get_from_client, 123 | DEBUG | MessageHub receives messages from clients. (response={'event': 'add_link', 'param': {'link_name': 'e3', 'host_name1': 'h2', 'host_name2': 's1'}})
2021-10-19 13:29:27,376 | 3157 | tracing_net.net, add_link, 203 | DEBUG | added the link (e3) between h2 and s1
2021-10-19 13:29:29,551 | 3169 | tracing_net.api.ws_server, emit2net, 109 | DEBUG | MessageHub receives messages from clients and emits them to the vnet. (event=WSEvent.ADD_LINK, param={'link_name': 'e4', 'host_name1': 'h3', 'host_name2': 's1'})
2021-10-19 13:29:29,556 | 3157 | tracing_net.api.ws_server, get_from_client, 123 | DEBUG | MessageHub receives messages from clients. (response={'event': 'add_link', 'param': {'link_name': 'e4', 'host_name1': 'h3', 'host_name2': 's1'}})
2021-10-19 13:29:29,562 | 3157 | tracing_net.net, add_link, 203 | DEBUG | added the link (e4) between h3 and s1
2021-10-19 13:29:41,087 | 3169 | tracing_net.api.ws_server, emit2net, 109 | DEBUG | MessageHub receives messages from clients and emits them to the vnet. (event=WSEvent.START_TRACING, param={})
2021-10-19 13:29:41,090 | 3157 | tracing_net.api.ws_server, get_from_client, 123 | DEBUG | MessageHub receives messages from clients. (response={'event': 'start_tracing', 'param': {}})
2021-10-19 13:29:41,094 | 3157 | tracing_net.net, start_tracing, 525 | INFO | tracing start
2021-10-19 13:29:41,099 | 3157 | tracing_net.net, start_tracing, 527 | DEBUG | ipv6 is disable
2021-10-19 13:29:41,182 | 3157 | tracing_net.packet_capture_manager, start_capture, 87 | DEBUG | capture process (h0-eth0:None) started
2021-10-19 13:29:41,186 | 3379 | tracing_net.util.packet_capture, start_capture, 58 | INFO | packet capture start on h0-eth0
2021-10-19 13:29:41,186 | 3157 | tracing_net.packet_capture_manager, start_capture, 87 | DEBUG | capture process (h1-eth0:None) started
2021-10-19 13:29:41,197 | 3381 | tracing_net.util.packet_capture, start_capture, 58 | INFO | packet capture start on h1-eth0
2021-10-19 13:29:41,199 | 3157 | tracing_net.packet_capture_manager, start_capture, 87 | DEBUG | capture process (s0-eth3:None) started
2021-10-19 13:29:41,214 | 3157 | tracing_net.packet_capture_manager, start_capture, 87 | DEBUG | capture process (h2-eth0:None) started
2021-10-19 13:29:41,215 | 3384 | tracing_net.util.packet_capture, start_capture, 58 | INFO | packet capture start on s0-eth3
2021-10-19 13:29:41,227 | 3157 | tracing_net.packet_capture_manager, start_capture, 87 | DEBUG | capture process (h3-eth0:None) started
2021-10-19 13:29:41,229 | 3387 | tracing_net.util.packet_capture, start_capture, 58 | INFO | packet capture start on h2-eth0
2021-10-19 13:29:41,239 | 3157 | tracing_net.flowtable.flow_monitor, __init__, 46 | INFO | flow monitor start : s0
2021-10-19 13:29:41,254 | 3157 | tracing_net.flowtable.flow_monitor, __init__, 46 | INFO | flow monitor start : s1
2021-10-19 13:29:41,254 | 3390 | tracing_net.util.packet_capture, start_capture, 58 | INFO | packet capture start on h3-eth0
2021-10-19 13:29:41,374 | 3395 | tracing_net.flowtable.flow_monitor, flow_monitor, 99 | DEBUG | flow monitor get result NXST_FLOW_MONITOR reply (xid=0x4):
2021-10-19 13:29:41,375 | 3395 | tracing_net.flowtable.flow_monitor, flow_monitor, 99 | DEBUG | flow monitor get result event=ADDED table=0 cookie=0 actions=CONTROLLER:65535
2021-10-19 13:29:41,376 | 3392 | tracing_net.flowtable.flow_monitor, flow_monitor, 99 | DEBUG | flow monitor get result NXST_FLOW_MONITOR reply (xid=0x4):
2021-10-19 13:29:41,376 | 3392 | tracing_net.flowtable.flow_monitor, flow_monitor, 99 | DEBUG | flow monitor get result event=ADDED table=0 cookie=0 actions=CONTROLLER:65535
2021-10-19 13:29:42,261 | 3392 | tracing_net.flowtable.flow_monitor, dump_flows, 57 | DEBUG | exec dump flows on s0
2021-10-19 13:29:42,298 | 3392 | tracing_net.flowtable.flow_monitor, read_dump_flow, 74 | DEBUG | get result for dump flows 1634650182.289592 : ['OFPST_FLOW reply (OF1.3) (xid=0x2):', ' cookie=0x0, duration=37.327s, table=0, n_packets=44, n_bytes=4546, priority=0 actions=CONTROLLER:65535']
2021-10-19 13:29:42,312 | 3395 | tracing_net.flowtable.flow_monitor, dump_flows, 57 | DEBUG | exec dump flows on s1
2021-10-19 13:29:42,329 | 3392 | tracing_net.flowtable.flow_monitor, read_dump_flow, 80 | DEBUG | parsed dump flows result to table 1634650182.289592 : <FlowTables(datapath=0, timestamp=1634650182.289592, flows=[<Flow(table=0, priority=0, match={}, actions=[<InstructionApplyAction type=4>])>])>
2021-10-19 13:29:42,329 | 3157 | tracing_net.flowtable.table_repository, add, 91 | DEBUG | flow table update to new_table=<FlowTables(datapath=0, timestamp=1634650182.289592, flows=[<Flow(table=0, priority=0, match={}, actions=[<InstructionApplyAction type=4>])>])> on switch = s0
2021-10-19 13:29:42,463 | 3395 | tracing_net.flowtable.flow_monitor, read_dump_flow, 74 | DEBUG | get result for dump flows 1634650182.331648 : ['OFPST_FLOW reply (OF1.3) (xid=0x2):', ' cookie=0x0, duration=27.534s, table=0, n_packets=33, n_bytes=3624, priority=0 actions=CONTROLLER:65535']
2021-10-19 13:29:42,499 | 3395 | tracing_net.flowtable.flow_monitor, read_dump_flow, 80 | DEBUG | parsed dump flows result to table 1634650182.331648 : <FlowTables(datapath=0, timestamp=1634650182.331648, flows=[<Flow(table=0, priority=0, match={}, actions=[<InstructionApplyAction type=4>])>])>
2021-10-19 13:29:42,514 | 3157 | tracing_net.flowtable.table_repository, add, 91 | DEBUG | flow table update to new_table=<FlowTables(datapath=0, timestamp=1634650182.331648, flows=[<Flow(table=0, priority=0, match={}, actions=[<InstructionApplyAction type=4>])>])> on switch = s1
2021-10-19 13:29:43,263 | 3392 | tracing_net.flowtable.flow_monitor, dump_flows, 57 | DEBUG | exec dump flows on s0
2021-10-19 13:29:43,313 | 3395 | tracing_net.flowtable.flow_monitor, dump_flows, 57 | DEBUG | exec dump flows on s1
2021-10-19 13:29:43,338 | 3395 | tracing_net.flowtable.flow_monitor, read_dump_flow, 74 | DEBUG | get result for dump flows 1634650183.325098 : ['OFPST_FLOW reply (OF1.3) (xid=0x2):', ' cookie=0x0, duration=28.407s, table=0, n_packets=33, n_bytes=3624, priority=0 actions=CONTROLLER:65535']
2021-10-19 13:29:43,340 | 3395 | tracing_net.flowtable.flow_monitor, read_dump_flow, 80 | DEBUG | parsed dump flows result to table 1634650183.325098 : <FlowTables(datapath=0, timestamp=1634650183.325098, flows=[<Flow(table=0, priority=0, match={}, actions=[<InstructionApplyAction type=4>])>])>
2021-10-19 13:29:43,341 | 3392 | tracing_net.flowtable.flow_monitor, read_dump_flow, 74 | DEBUG | get result for dump flows 1634650183.335265 : ['OFPST_FLOW reply (OF1.3) (xid=0x2):', ' cookie=0x0, duration=38.371s, table=0, n_packets=44, n_bytes=4546, priority=0 actions=CONTROLLER:65535']
2021-10-19 13:29:43,342 | 3392 | tracing_net.flowtable.flow_monitor, read_dump_flow, 80 | DEBUG | parsed dump flows result to table 1634650183.335265 : <FlowTables(datapath=0, timestamp=1634650183.335265, flows=[<Flow(table=0, priority=0, match={}, actions=[<InstructionApplyAction type=4>])>])>
2021-10-19 13:29:44,261 | 3392 | tracing_net.flowtable.flow_monitor, dump_flows, 57 | DEBUG | exec dump flows on s0
2021-10-19 13:29:44,310 | 3395 | tracing_net.flowtable.flow_monitor, dump_flows, 57 | DEBUG | exec dump flows on s1
2021-10-19 13:29:44,311 | 3392 | tracing_net.flowtable.flow_monitor, read_dump_flow, 74 | DEBUG | get result for dump flows 1634650184.278903 : ['OFPST_FLOW reply (OF1.3) (xid=0x2):', ' cookie=0x0, duration=39.338s, table=0, n_packets=44, n_bytes=4546, priority=0 actions=CONTROLLER:65535']
2021-10-19 13:29:44,312 | 3392 | tracing_net.flowtable.flow_monitor, read_dump_flow, 80 | DEBUG | parsed dump flows result to table 1634650184.278903 : <FlowTables(datapath=0, timestamp=1634650184.278903, flows=[<Flow(table=0, priority=0, match={}, actions=[<InstructionApplyAction type=4>])>])>
2021-10-19 13:29:44,334 | 3395 | tracing_net.flowtable.flow_monitor, read_dump_flow, 74 | DEBUG | get result for dump flows 1634650184.323768 : ['OFPST_FLOW reply (OF1.3) (xid=0x2):', ' cookie=0x0, duration=29.404s, table=0, n_packets=33, n_bytes=3624, priority=0 actions=CONTROLLER:65535']
2021-10-19 13:29:44,335 | 3395 | tracing_net.flowtable.flow_monitor, read_dump_flow, 80 | DEBUG | parsed dump flows result to table 1634650184.323768 : <FlowTables(datapath=0, timestamp=1634650184.323768, flows=[<Flow(table=0, priority=0, match={}, actions=[<InstructionApplyAction type=4>])>])>
2021-10-19 13:29:45,261 | 3392 | tracing_net.flowtable.flow_monitor, dump_flows, 57 | DEBUG | exec dump flows on s0
2021-10-19 13:29:45,311 | 3395 | tracing_net.flowtable.flow_monitor, dump_flows, 57 | DEBUG | exec dump flows on s1
2021-10-19 13:29:45,324 | 3392 | tracing_net.flowtable.flow_monitor, read_dump_flow, 74 | DEBUG | get result for dump flows 1634650185.286655 : ['OFPST_FLOW reply (OF1.3) (xid=0x2):', ' cookie=0x0, duration=40.353s, table=0, n_packets=44, n_bytes=4546, priority=0 actions=CONTROLLER:65535']
2021-10-19 13:29:45,326 | 3392 | tracing_net.flowtable.flow_monitor, read_dump_flow, 80 | DEBUG | parsed dump flows result to table 1634650185.286655 : <FlowTables(datapath=0, timestamp=1634650185.286655, flows=[<Flow(table=0, priority=0, match={}, actions=[<InstructionApplyAction type=4>])>])>
2021-10-19 13:29:45,368 | 3395 | tracing_net.flowtable.flow_monitor, read_dump_flow, 74 | DEBUG | get result for dump flows 1634650185.338588 : ['OFPST_FLOW reply (OF1.3) (xid=0x2):', ' cookie=0x0, duration=30.438s, table=0, n_packets=33, n_bytes=3624, priority=0 actions=CONTROLLER:65535']
2021-10-19 13:29:45,369 | 3395 | tracing_net.flowtable.flow_monitor, read_dump_flow, 80 | DEBUG | parsed dump flows result to table 1634650185.338588 : <FlowTables(datapath=0, timestamp=1634650185.338588, flows=[<Flow(table=0, priority=0, match={}, actions=[<InstructionApplyAction type=4>])>])>
2021-10-19 13:29:46,261 | 3392 | tracing_net.flowtable.flow_monitor, dump_flows, 57 | DEBUG | exec dump flows on s0
2021-10-19 13:29:46,311 | 3395 | tracing_net.flowtable.flow_monitor, dump_flows, 57 | DEBUG | exec dump flows on s1
2021-10-19 13:29:46,356 | 3392 | tracing_net.flowtable.flow_monitor, read_dump_flow, 74 | DEBUG | get result for dump flows 1634650186.288539 : ['OFPST_FLOW reply (OF1.3) (xid=0x2):', ' cookie=0x0, duration=41.385s, table=0, n_packets=44, n_bytes=4546, priority=0 actions=CONTROLLER:65535']
2021-10-19 13:29:46,358 | 3392 | tracing_net.flowtable.flow_monitor, read_dump_flow, 80 | DEBUG | parsed dump flows result to table 1634650186.288539 : <FlowTables(datapath=0, timestamp=1634650186.288539, flows=[<Flow(table=0, priority=0, match={}, actions=[<InstructionApplyAction type=4>])>])>
2021-10-19 13:29:46,360 | 3395 | tracing_net.flowtable.flow_monitor, read_dump_flow, 74 | DEBUG | get result for dump flows 1634650186.33164 : ['OFPST_FLOW reply (OF1.3) (xid=0x2):', ' cookie=0x0, duration=31.429s, table=0, n_packets=33, n_bytes=3624, priority=0 actions=CONTROLLER:65535']
2021-10-19 13:29:46,374 | 3395 | tracing_net.flowtable.flow_monitor, read_dump_flow, 80 | DEBUG | parsed dump flows result to table 1634650186.33164 : <FlowTables(datapath=0, timestamp=1634650186.33164, flows=[<Flow(table=0, priority=0, match={}, actions=[<InstructionApplyAction type=4>])>])>
2021-10-19 13:29:47,261 | 3392 | tracing_net.flowtable.flow_monitor, dump_flows, 57 | DEBUG | exec dump flows on s0
2021-10-19 13:29:47,269 | 3392 | tracing_net.flowtable.flow_monitor, read_dump_flow, 74 | DEBUG | get result for dump flows 1634650187.266251 : ['OFPST_FLOW reply (OF1.3) (xid=0x2):', ' cookie=0x0, duration=42.299s, table=0, n_packets=44, n_bytes=4546, priority=0 actions=CONTROLLER:65535']
2021-10-19 13:29:47,270 | 3392 | tracing_net.flowtable.flow_monitor, read_dump_flow, 80 | DEBUG | parsed dump flows result to table 1634650187.266251 : <FlowTables(datapath=0, timestamp=1634650187.266251, flows=[<Flow(table=0, priority=0, match={}, actions=[<InstructionApplyAction type=4>])>])>
2021-10-19 13:29:47,311 | 3395 | tracing_net.flowtable.flow_monitor, dump_flows, 57 | DEBUG | exec dump flows on s1
2021-10-19 13:29:47,318 | 3395 | tracing_net.flowtable.flow_monitor, read_dump_flow, 74 | DEBUG | get result for dump flows 1634650187.315581 : ['OFPST_FLOW reply (OF1.3) (xid=0x2):', ' cookie=0x0, duration=32.389s, table=0, n_packets=33, n_bytes=3624, priority=0 actions=CONTROLLER:65535']
2021-10-19 13:29:47,320 | 3395 | tracing_net.flowtable.flow_monitor, read_dump_flow, 80 | DEBUG | parsed dump flows result to table 1634650187.315581 : <FlowTables(datapath=0, timestamp=1634650187.315581, flows=[<Flow(table=0, priority=0, match={}, actions=[<InstructionApplyAction type=4>])>])>
2021-10-19 13:29:48,261 | 3392 | tracing_net.flowtable.flow_monitor, dump_flows, 57 | DEBUG | exec dump flows on s0
2021-10-19 13:29:48,274 | 3392 | tracing_net.flowtable.flow_monitor, read_dump_flow, 74 | DEBUG | get result for dump flows 1634650188.26911 : ['OFPST_FLOW reply (OF1.3) (xid=0x2):', ' cookie=0x0, duration=43.305s, table=0, n_packets=44, n_bytes=4546, priority=0 actions=CONTROLLER:65535']
2021-10-19 13:29:48,275 | 3392 | tracing_net.flowtable.flow_monitor, read_dump_flow, 80 | DEBUG | parsed dump flows result to table 1634650188.26911 : <FlowTables(datapath=0, timestamp=1634650188.26911, flows=[<Flow(table=0, priority=0, match={}, actions=[<InstructionApplyAction type=4>])>])>
2021-10-19 13:29:48,311 | 3395 | tracing_net.flowtable.flow_monitor, dump_flows, 57 | DEBUG | exec dump flows on s1
2021-10-19 13:29:48,323 | 3395 | tracing_net.flowtable.flow_monitor, read_dump_flow, 74 | DEBUG | get result for dump flows 1634650188.316515 : ['OFPST_FLOW reply (OF1.3) (xid=0x2):', ' cookie=0x0, duration=33.393s, table=0, n_packets=33, n_bytes=3624, priority=0 actions=CONTROLLER:65535']
2021-10-19 13:29:48,325 | 3395 | tracing_net.flowtable.flow_monitor, read_dump_flow, 80 | DEBUG | parsed dump flows result to table 1634650188.316515 : <FlowTables(datapath=0, timestamp=1634650188.316515, flows=[<Flow(table=0, priority=0, match={}, actions=[<InstructionApplyAction type=4>])>])>
2021-10-19 13:29:49,261 | 3392 | tracing_net.flowtable.flow_monitor, dump_flows, 57 | DEBUG | exec dump flows on s0
2021-10-19 13:29:49,268 | 3392 | tracing_net.flowtable.flow_monitor, read_dump_flow, 74 | DEBUG | get result for dump flows 1634650189.265046 : ['OFPST_FLOW reply (OF1.3) (xid=0x2):', ' cookie=0x0, duration=44.298s, table=0, n_packets=44, n_bytes=4546, priority=0 actions=CONTROLLER:65535']
2021-10-19 13:29:49,269 | 3392 | tracing_net.flowtable.flow_monitor, read_dump_flow, 80 | DEBUG | parsed dump flows result to table 1634650189.265046 : <FlowTables(datapath=0, timestamp=1634650189.265046, flows=[<Flow(table=0, priority=0, match={}, actions=[<InstructionApplyAction type=4>])>])>
2021-10-19 13:29:49,311 | 3395 | tracing_net.flowtable.flow_monitor, dump_flows, 57 | DEBUG | exec dump flows on s1
2021-10-19 13:29:49,318 | 3395 | tracing_net.flowtable.flow_monitor, read_dump_flow, 74 | DEBUG | get result for dump flows 1634650189.314911 : ['OFPST_FLOW reply (OF1.3) (xid=0x2):', ' cookie=0x0, duration=34.388s, table=0, n_packets=33, n_bytes=3624, priority=0 actions=CONTROLLER:65535']
2021-10-19 13:29:49,319 | 3395 | tracing_net.flowtable.flow_monitor, read_dump_flow, 80 | DEBUG | parsed dump flows result to table 1634650189.314911 : <FlowTables(datapath=0, timestamp=1634650189.314911, flows=[<Flow(table=0, priority=0, match={}, actions=[<InstructionApplyAction type=4>])>])>
2021-10-19 13:29:50,269 | 3392 | tracing_net.flowtable.flow_monitor, dump_flows, 57 | DEBUG | exec dump flows on s0
2021-10-19 13:29:50,276 | 3392 | tracing_net.flowtable.flow_monitor, read_dump_flow, 74 | DEBUG | get result for dump flows 1634650190.273325 : ['OFPST_FLOW reply (OF1.3) (xid=0x2):', ' cookie=0x0, duration=45.306s, table=0, n_packets=44, n_bytes=4546, priority=0 actions=CONTROLLER:65535']
2021-10-19 13:29:50,277 | 3392 | tracing_net.flowtable.flow_monitor, read_dump_flow, 80 | DEBUG | parsed dump flows result to table 1634650190.273325 : <FlowTables(datapath=0, timestamp=1634650190.273325, flows=[<Flow(table=0, priority=0, match={}, actions=[<InstructionApplyAction type=4>])>])>
2021-10-19 13:29:50,311 | 3395 | tracing_net.flowtable.flow_monitor, dump_flows, 57 | DEBUG | exec dump flows on s1
2021-10-19 13:29:50,318 | 3395 | tracing_net.flowtable.flow_monitor, read_dump_flow, 74 | DEBUG | get result for dump flows 1634650190.314778 : ['OFPST_FLOW reply (OF1.3) (xid=0x2):', ' cookie=0x0, duration=35.388s, table=0, n_packets=33, n_bytes=3624, priority=0 actions=CONTROLLER:65535']
2021-10-19 13:29:50,319 | 3395 | tracing_net.flowtable.flow_monitor, read_dump_flow, 80 | DEBUG | parsed dump flows result to table 1634650190.314778 : <FlowTables(datapath=0, timestamp=1634650190.314778, flows=[<Flow(table=0, priority=0, match={}, actions=[<InstructionApplyAction type=4>])>])>
2021-10-19 13:29:51,266 | 3392 | tracing_net.flowtable.flow_monitor, dump_flows, 57 | DEBUG | exec dump flows on s0
2021-10-19 13:29:51,273 | 3392 | tracing_net.flowtable.flow_monitor, read_dump_flow, 74 | DEBUG | get result for dump flows 1634650191.269702 : ['OFPST_FLOW reply (OF1.3) (xid=0x2):', ' cookie=0x0, duration=46.303s, table=0, n_packets=44, n_bytes=4546, priority=0 actions=CONTROLLER:65535']
2021-10-19 13:29:51,274 | 3392 | tracing_net.flowtable.flow_monitor, read_dump_flow, 80 | DEBUG | parsed dump flows result to table 1634650191.269702 : <FlowTables(datapath=0, timestamp=1634650191.269702, flows=[<Flow(table=0, priority=0, match={}, actions=[<InstructionApplyAction type=4>])>])>
2021-10-19 13:29:51,311 | 3395 | tracing_net.flowtable.flow_monitor, dump_flows, 57 | DEBUG | exec dump flows on s1
2021-10-19 13:29:51,318 | 3395 | tracing_net.flowtable.flow_monitor, read_dump_flow, 74 | DEBUG | get result for dump flows 1634650191.315818 : ['OFPST_FLOW reply (OF1.3) (xid=0x2):', ' cookie=0x0, duration=36.389s, table=0, n_packets=33, n_bytes=3624, priority=0 actions=CONTROLLER:65535']
2021-10-19 13:29:51,319 | 3395 | tracing_net.flowtable.flow_monitor, read_dump_flow, 80 | DEBUG | parsed dump flows result to table 1634650191.315818 : <FlowTables(datapath=0, timestamp=1634650191.315818, flows=[<Flow(table=0, priority=0, match={}, actions=[<InstructionApplyAction type=4>])>])>
2021-10-19 13:29:52,263 | 3392 | tracing_net.flowtable.flow_monitor, dump_flows, 57 | DEBUG | exec dump flows on s0
2021-10-19 13:29:52,270 | 3392 | tracing_net.flowtable.flow_monitor, read_dump_flow, 74 | DEBUG | get result for dump flows 1634650192.267192 : ['OFPST_FLOW reply (OF1.3) (xid=0x2):', ' cookie=0x0, duration=47.300s, table=0, n_packets=44, n_bytes=4546, priority=0 actions=CONTROLLER:65535']
2021-10-19 13:29:52,271 | 3392 | tracing_net.flowtable.flow_monitor, read_dump_flow, 80 | DEBUG | parsed dump flows result to table 1634650192.267192 : <FlowTables(datapath=0, timestamp=1634650192.267192, flows=[<Flow(table=0, priority=0, match={}, actions=[<InstructionApplyAction type=4>])>])>
2021-10-19 13:29:52,311 | 3395 | tracing_net.flowtable.flow_monitor, dump_flows, 57 | DEBUG | exec dump flows on s1
2021-10-19 13:29:52,318 | 3395 | tracing_net.flowtable.flow_monitor, read_dump_flow, 74 | DEBUG | get result for dump flows 1634650192.314705 : ['OFPST_FLOW reply (OF1.3) (xid=0x2):', ' cookie=0x0, duration=37.387s, table=0, n_packets=33, n_bytes=3624, priority=0 actions=CONTROLLER:65535']
2021-10-19 13:29:52,319 | 3395 | tracing_net.flowtable.flow_monitor, read_dump_flow, 80 | DEBUG | parsed dump flows result to table 1634650192.314705 : <FlowTables(datapath=0, timestamp=1634650192.314705, flows=[<Flow(table=0, priority=0, match={}, actions=[<InstructionApplyAction type=4>])>])>
2021-10-19 13:29:53,267 | 3392 | tracing_net.flowtable.flow_monitor, dump_flows, 57 | DEBUG | exec dump flows on s0
2021-10-19 13:29:53,274 | 3392 | tracing_net.flowtable.flow_monitor, read_dump_flow, 74 | DEBUG | get result for dump flows 1634650193.270947 : ['OFPST_FLOW reply (OF1.3) (xid=0x2):', ' cookie=0x0, duration=48.304s, table=0, n_packets=44, n_bytes=4546, priority=0 actions=CONTROLLER:65535']
2021-10-19 13:29:53,275 | 3392 | tracing_net.flowtable.flow_monitor, read_dump_flow, 80 | DEBUG | parsed dump flows result to table 1634650193.270947 : <FlowTables(datapath=0, timestamp=1634650193.270947, flows=[<Flow(table=0, priority=0, match={}, actions=[<InstructionApplyAction type=4>])>])>
2021-10-19 13:29:53,311 | 3395 | tracing_net.flowtable.flow_monitor, dump_flows, 57 | DEBUG | exec dump flows on s1
2021-10-19 13:29:53,319 | 3395 | tracing_net.flowtable.flow_monitor, read_dump_flow, 74 | DEBUG | get result for dump flows 1634650193.314719 : ['OFPST_FLOW reply (OF1.3) (xid=0x2):', ' cookie=0x0, duration=38.388s, table=0, n_packets=33, n_bytes=3624, priority=0 actions=CONTROLLER:65535']
2021-10-19 13:29:53,320 | 3395 | tracing_net.flowtable.flow_monitor, read_dump_flow, 80 | DEBUG | parsed dump flows result to table 1634650193.314719 : <FlowTables(datapath=0, timestamp=1634650193.314719, flows=[<Flow(table=0, priority=0, match={}, actions=[<InstructionApplyAction type=4>])>])>
2021-10-19 13:29:54,261 | 3392 | tracing_net.flowtable.flow_monitor, dump_flows, 57 | DEBUG | exec dump flows on s0
2021-10-19 13:29:54,270 | 3392 | tracing_net.flowtable.flow_monitor, read_dump_flow, 74 | DEBUG | get result for dump flows 1634650194.266593 : ['OFPST_FLOW reply (OF1.3) (xid=0x2):', ' cookie=0x0, duration=49.301s, table=0, n_packets=44, n_bytes=4546, priority=0 actions=CONTROLLER:65535']
2021-10-19 13:29:54,272 | 3392 | tracing_net.flowtable.flow_monitor, read_dump_flow, 80 | DEBUG | parsed dump flows result to table 1634650194.266593 : <FlowTables(datapath=0, timestamp=1634650194.266593, flows=[<Flow(table=0, priority=0, match={}, actions=[<InstructionApplyAction type=4>])>])>
2021-10-19 13:29:54,311 | 3395 | tracing_net.flowtable.flow_monitor, dump_flows, 57 | DEBUG | exec dump flows on s1
2021-10-19 13:29:54,322 | 3395 | tracing_net.flowtable.flow_monitor, read_dump_flow, 74 | DEBUG | get result for dump flows 1634650194.317272 : ['OFPST_FLOW reply (OF1.3) (xid=0x2):', ' cookie=0x0, duration=39.392s, table=0, n_packets=33, n_bytes=3624, priority=0 actions=CONTROLLER:65535']
2021-10-19 13:29:54,324 | 3395 | tracing_net.flowtable.flow_monitor, read_dump_flow, 80 | DEBUG | parsed dump flows result to table 1634650194.317272 : <FlowTables(datapath=0, timestamp=1634650194.317272, flows=[<Flow(table=0, priority=0, match={}, actions=[<InstructionApplyAction type=4>])>])>
2021-10-19 13:29:55,261 | 3392 | tracing_net.flowtable.flow_monitor, dump_flows, 57 | DEBUG | exec dump flows on s0
2021-10-19 13:29:55,272 | 3392 | tracing_net.flowtable.flow_monitor, read_dump_flow, 74 | DEBUG | get result for dump flows 1634650195.267558 : ['OFPST_FLOW reply (OF1.3) (xid=0x2):', ' cookie=0x0, duration=50.302s, table=0, n_packets=44, n_bytes=4546, priority=0 actions=CONTROLLER:65535']
2021-10-19 13:29:55,273 | 3392 | tracing_net.flowtable.flow_monitor, read_dump_flow, 80 | DEBUG | parsed dump flows result to table 1634650195.267558 : <FlowTables(datapath=0, timestamp=1634650195.267558, flows=[<Flow(table=0, priority=0, match={}, actions=[<InstructionApplyAction type=4>])>])>
2021-10-19 13:29:55,311 | 3395 | tracing_net.flowtable.flow_monitor, dump_flows, 57 | DEBUG | exec dump flows on s1
2021-10-19 13:29:55,319 | 3395 | tracing_net.flowtable.flow_monitor, read_dump_flow, 74 | DEBUG | get result for dump flows 1634650195.315825 : ['OFPST_FLOW reply (OF1.3) (xid=0x2):', ' cookie=0x0, duration=40.389s, table=0, n_packets=33, n_bytes=3624, priority=0 actions=CONTROLLER:65535']
2021-10-19 13:29:55,320 | 3395 | tracing_net.flowtable.flow_monitor, read_dump_flow, 80 | DEBUG | parsed dump flows result to table 1634650195.315825 : <FlowTables(datapath=0, timestamp=1634650195.315825, flows=[<Flow(table=0, priority=0, match={}, actions=[<InstructionApplyAction type=4>])>])>
2021-10-19 13:29:56,262 | 3392 | tracing_net.flowtable.flow_monitor, dump_flows, 57 | DEBUG | exec dump flows on s0
2021-10-19 13:29:56,271 | 3392 | tracing_net.flowtable.flow_monitor, read_dump_flow, 74 | DEBUG | get result for dump flows 1634650196.267949 : ['OFPST_FLOW reply (OF1.3) (xid=0x2):', ' cookie=0x0, duration=51.301s, table=0, n_packets=44, n_bytes=4546, priority=0 actions=CONTROLLER:65535']
2021-10-19 13:29:56,273 | 3392 | tracing_net.flowtable.flow_monitor, read_dump_flow, 80 | DEBUG | parsed dump flows result to table 1634650196.267949 : <FlowTables(datapath=0, timestamp=1634650196.267949, flows=[<Flow(table=0, priority=0, match={}, actions=[<InstructionApplyAction type=4>])>])>
2021-10-19 13:29:56,311 | 3395 | tracing_net.flowtable.flow_monitor, dump_flows, 57 | DEBUG | exec dump flows on s1
2021-10-19 13:29:56,318 | 3395 | tracing_net.flowtable.flow_monitor, read_dump_flow, 74 | DEBUG | get result for dump flows 1634650196.314701 : ['OFPST_FLOW reply (OF1.3) (xid=0x2):', ' cookie=0x0, duration=41.388s, table=0, n_packets=33, n_bytes=3624, priority=0 actions=CONTROLLER:65535']
2021-10-19 13:29:56,319 | 3395 | tracing_net.flowtable.flow_monitor, read_dump_flow, 80 | DEBUG | parsed dump flows result to table 1634650196.314701 : <FlowTables(datapath=0, timestamp=1634650196.314701, flows=[<Flow(table=0, priority=0, match={}, actions=[<InstructionApplyAction type=4>])>])>
2021-10-19 13:29:57,302 | 3392 | tracing_net.flowtable.flow_monitor, dump_flows, 57 | DEBUG | exec dump flows on s0
2021-10-19 13:29:57,319 | 3395 | tracing_net.flowtable.flow_monitor, dump_flows, 57 | DEBUG | exec dump flows on s1
2021-10-19 13:29:57,354 | 3392 | tracing_net.flowtable.flow_monitor, read_dump_flow, 74 | DEBUG | get result for dump flows 1634650197.309607 : ['OFPST_FLOW reply (OF1.3) (xid=0x2):', ' cookie=0x0, duration=52.383s, table=0, n_packets=44, n_bytes=4546, priority=0 actions=CONTROLLER:65535']
2021-10-19 13:29:57,356 | 3392 | tracing_net.flowtable.flow_monitor, read_dump_flow, 80 | DEBUG | parsed dump flows result to table 1634650197.309607 : <FlowTables(datapath=0, timestamp=1634650197.309607, flows=[<Flow(table=0, priority=0, match={}, actions=[<InstructionApplyAction type=4>])>])>
2021-10-19 13:29:57,360 | 3395 | tracing_net.flowtable.flow_monitor, read_dump_flow, 74 | DEBUG | get result for dump flows 1634650197.333715 : ['OFPST_FLOW reply (OF1.3) (xid=0x2):', ' cookie=0x0, duration=42.428s, table=0, n_packets=33, n_bytes=3624, priority=0 actions=CONTROLLER:65535']
2021-10-19 13:29:57,362 | 3395 | tracing_net.flowtable.flow_monitor, read_dump_flow, 80 | DEBUG | parsed dump flows result to table 1634650197.333715 : <FlowTables(datapath=0, timestamp=1634650197.333715, flows=[<Flow(table=0, priority=0, match={}, actions=[<InstructionApplyAction type=4>])>])>
2021-10-19 13:29:58,261 | 3392 | tracing_net.flowtable.flow_monitor, dump_flows, 57 | DEBUG | exec dump flows on s0
2021-10-19 13:29:58,271 | 3392 | tracing_net.flowtable.flow_monitor, read_dump_flow, 74 | DEBUG | get result for dump flows 1634650198.26626 : ['OFPST_FLOW reply (OF1.3) (xid=0x2):', ' cookie=0x0, duration=53.300s, table=0, n_packets=44, n_bytes=4546, priority=0 actions=CONTROLLER:65535']
2021-10-19 13:29:58,272 | 3392 | tracing_net.flowtable.flow_monitor, read_dump_flow, 80 | DEBUG | parsed dump flows result to table 1634650198.26626 : <FlowTables(datapath=0, timestamp=1634650198.26626, flows=[<Flow(table=0, priority=0, match={}, actions=[<InstructionApplyAction type=4>])>])>
2021-10-19 13:29:58,311 | 3395 | tracing_net.flowtable.flow_monitor, dump_flows, 57 | DEBUG | exec dump flows on s1
2021-10-19 13:29:58,321 | 3395 | tracing_net.flowtable.flow_monitor, read_dump_flow, 74 | DEBUG | get result for dump flows 1634650198.315898 : ['OFPST_FLOW reply (OF1.3) (xid=0x2):', ' cookie=0x0, duration=43.390s, table=0, n_packets=33, n_bytes=3624, priority=0 actions=CONTROLLER:65535']
2021-10-19 13:29:58,322 | 3395 | tracing_net.flowtable.flow_monitor, read_dump_flow, 80 | DEBUG | parsed dump flows result to table 1634650198.315898 : <FlowTables(datapath=0, timestamp=1634650198.315898, flows=[<Flow(table=0, priority=0, match={}, actions=[<InstructionApplyAction type=4>])>])>
2021-10-19 13:29:59,261 | 3392 | tracing_net.flowtable.flow_monitor, dump_flows, 57 | DEBUG | exec dump flows on s0
2021-10-19 13:29:59,268 | 3392 | tracing_net.flowtable.flow_monitor, read_dump_flow, 74 | DEBUG | get result for dump flows 1634650199.265454 : ['OFPST_FLOW reply (OF1.3) (xid=0x2):', ' cookie=0x0, duration=54.298s, table=0, n_packets=44, n_bytes=4546, priority=0 actions=CONTROLLER:65535']
2021-10-19 13:29:59,269 | 3392 | tracing_net.flowtable.flow_monitor, read_dump_flow, 80 | DEBUG | parsed dump flows result to table 1634650199.265454 : <FlowTables(datapath=0, timestamp=1634650199.265454, flows=[<Flow(table=0, priority=0, match={}, actions=[<InstructionApplyAction type=4>])>])>
2021-10-19 13:29:59,311 | 3395 | tracing_net.flowtable.flow_monitor, dump_flows, 57 | DEBUG | exec dump flows on s1
2021-10-19 13:29:59,319 | 3395 | tracing_net.flowtable.flow_monitor, read_dump_flow, 74 | DEBUG | get result for dump flows 1634650199.315278 : ['OFPST_FLOW reply (OF1.3) (xid=0x2):', ' cookie=0x0, duration=44.388s, table=0, n_packets=33, n_bytes=3624, priority=0 actions=CONTROLLER:65535']
2021-10-19 13:29:59,320 | 3395 | tracing_net.flowtable.flow_monitor, read_dump_flow, 80 | DEBUG | parsed dump flows result to table 1634650199.315278 : <FlowTables(datapath=0, timestamp=1634650199.315278, flows=[<Flow(table=0, priority=0, match={}, actions=[<InstructionApplyAction type=4>])>])>
2021-10-19 13:30:00,266 | 3392 | tracing_net.flowtable.flow_monitor, dump_flows, 57 | DEBUG | exec dump flows on s0
2021-10-19 13:30:00,273 | 3392 | tracing_net.flowtable.flow_monitor, read_dump_flow, 74 | DEBUG | get result for dump flows 1634650200.270461 : ['OFPST_FLOW reply (OF1.3) (xid=0x2):', ' cookie=0x0, duration=55.303s, table=0, n_packets=44, n_bytes=4546, priority=0 actions=CONTROLLER:65535']
2021-10-19 13:30:00,274 | 3392 | tracing_net.flowtable.flow_monitor, read_dump_flow, 80 | DEBUG | parsed dump flows result to table 1634650200.270461 : <FlowTables(datapath=0, timestamp=1634650200.270461, flows=[<Flow(table=0, priority=0, match={}, actions=[<InstructionApplyAction type=4>])>])>
2021-10-19 13:30:00,311 | 3395 | tracing_net.flowtable.flow_monitor, dump_flows, 57 | DEBUG | exec dump flows on s1
2021-10-19 13:30:00,318 | 3395 | tracing_net.flowtable.flow_monitor, read_dump_flow, 74 | DEBUG | get result for dump flows 1634650200.314885 : ['OFPST_FLOW reply (OF1.3) (xid=0x2):', ' cookie=0x0, duration=45.388s, table=0, n_packets=33, n_bytes=3624, priority=0 actions=CONTROLLER:65535']
2021-10-19 13:30:00,319 | 3395 | tracing_net.flowtable.flow_monitor, read_dump_flow, 80 | DEBUG | parsed dump flows result to table 1634650200.314885 : <FlowTables(datapath=0, timestamp=1634650200.314885, flows=[<Flow(table=0, priority=0, match={}, actions=[<InstructionApplyAction type=4>])>])>
2021-10-19 13:30:01,261 | 3392 | tracing_net.flowtable.flow_monitor, dump_flows, 57 | DEBUG | exec dump flows on s0
2021-10-19 13:30:01,268 | 3392 | tracing_net.flowtable.flow_monitor, read_dump_flow, 74 | DEBUG | get result for dump flows 1634650201.265446 : ['OFPST_FLOW reply (OF1.3) (xid=0x2):', ' cookie=0x0, duration=56.299s, table=0, n_packets=44, n_bytes=4546, priority=0 actions=CONTROLLER:65535']
2021-10-19 13:30:01,269 | 3392 | tracing_net.flowtable.flow_monitor, read_dump_flow, 80 | DEBUG | parsed dump flows result to table 1634650201.265446 : <FlowTables(datapath=0, timestamp=1634650201.265446, flows=[<Flow(table=0, priority=0, match={}, actions=[<InstructionApplyAction type=4>])>])>
2021-10-19 13:30:01,311 | 3395 | tracing_net.flowtable.flow_monitor, dump_flows, 57 | DEBUG | exec dump flows on s1
2021-10-19 13:30:01,318 | 3395 | tracing_net.flowtable.flow_monitor, read_dump_flow, 74 | DEBUG | get result for dump flows 1634650201.315549 : ['OFPST_FLOW reply (OF1.3) (xid=0x2):', ' cookie=0x0, duration=46.388s, table=0, n_packets=33, n_bytes=3624, priority=0 actions=CONTROLLER:65535']
2021-10-19 13:30:01,319 | 3395 | tracing_net.flowtable.flow_monitor, read_dump_flow, 80 | DEBUG | parsed dump flows result to table 1634650201.315549 : <FlowTables(datapath=0, timestamp=1634650201.315549, flows=[<Flow(table=0, priority=0, match={}, actions=[<InstructionApplyAction type=4>])>])>
2021-10-19 13:30:02,262 | 3392 | tracing_net.flowtable.flow_monitor, dump_flows, 57 | DEBUG | exec dump flows on s0
2021-10-19 13:30:02,273 | 3392 | tracing_net.flowtable.flow_monitor, read_dump_flow, 74 | DEBUG | get result for dump flows 1634650202.268512 : ['OFPST_FLOW reply (OF1.3) (xid=0x2):', ' cookie=0x0, duration=57.303s, table=0, n_packets=44, n_bytes=4546, priority=0 actions=CONTROLLER:65535']
2021-10-19 13:30:02,278 | 3392 | tracing_net.flowtable.flow_monitor, read_dump_flow, 80 | DEBUG | parsed dump flows result to table 1634650202.268512 : <FlowTables(datapath=0, timestamp=1634650202.268512, flows=[<Flow(table=0, priority=0, match={}, actions=[<InstructionApplyAction type=4>])>])>
2021-10-19 13:30:02,310 | 3395 | tracing_net.flowtable.flow_monitor, dump_flows, 57 | DEBUG | exec dump flows on s1
2021-10-19 13:30:02,318 | 3395 | tracing_net.flowtable.flow_monitor, read_dump_flow, 74 | DEBUG | get result for dump flows 1634650202.315012 : ['OFPST_FLOW reply (OF1.3) (xid=0x2):', ' cookie=0x0, duration=47.388s, table=0, n_packets=33, n_bytes=3624, priority=0 actions=CONTROLLER:65535']
2021-10-19 13:30:02,319 | 3395 | tracing_net.flowtable.flow_monitor, read_dump_flow, 80 | DEBUG | parsed dump flows result to table 1634650202.315012 : <FlowTables(datapath=0, timestamp=1634650202.315012, flows=[<Flow(table=0, priority=0, match={}, actions=[<InstructionApplyAction type=4>])>])>
2021-10-19 13:30:03,262 | 3392 | tracing_net.flowtable.flow_monitor, dump_flows, 57 | DEBUG | exec dump flows on s0
2021-10-19 13:30:03,301 | 3392 | tracing_net.flowtable.flow_monitor, read_dump_flow, 74 | DEBUG | get result for dump flows 1634650203.295501 : ['OFPST_FLOW reply (OF1.3) (xid=0x2):', ' cookie=0x0, duration=58.330s, table=0, n_packets=44, n_bytes=4546, priority=0 actions=CONTROLLER:65535']
2021-10-19 13:30:03,303 | 3392 | tracing_net.flowtable.flow_monitor, read_dump_flow, 80 | DEBUG | parsed dump flows result to table 1634650203.295501 : <FlowTables(datapath=0, timestamp=1634650203.295501, flows=[<Flow(table=0, priority=0, match={}, actions=[<InstructionApplyAction type=4>])>])>
2021-10-19 13:30:03,317 | 3395 | tracing_net.flowtable.flow_monitor, dump_flows, 57 | DEBUG | exec dump flows on s1
2021-10-19 13:30:03,336 | 3395 | tracing_net.flowtable.flow_monitor, read_dump_flow, 74 | DEBUG | get result for dump flows 1634650203.327844 : ['OFPST_FLOW reply (OF1.3) (xid=0x2):', ' cookie=0x0, duration=48.405s, table=0, n_packets=33, n_bytes=3624, priority=0 actions=CONTROLLER:65535']
2021-10-19 13:30:03,344 | 3395 | tracing_net.flowtable.flow_monitor, read_dump_flow, 80 | DEBUG | parsed dump flows result to table 1634650203.327844 : <FlowTables(datapath=0, timestamp=1634650203.327844, flows=[<Flow(table=0, priority=0, match={}, actions=[<InstructionApplyAction type=4>])>])>
2021-10-19 13:30:04,261 | 3392 | tracing_net.flowtable.flow_monitor, dump_flows, 57 | DEBUG | exec dump flows on s0
2021-10-19 13:30:04,275 | 3392 | tracing_net.flowtable.flow_monitor, read_dump_flow, 74 | DEBUG | get result for dump flows 1634650204.268541 : ['OFPST_FLOW reply (OF1.3) (xid=0x2):', ' cookie=0x0, duration=59.303s, table=0, n_packets=44, n_bytes=4546, priority=0 actions=CONTROLLER:65535']
2021-10-19 13:30:04,276 | 3392 | tracing_net.flowtable.flow_monitor, read_dump_flow, 80 | DEBUG | parsed dump flows result to table 1634650204.268541 : <FlowTables(datapath=0, timestamp=1634650204.268541, flows=[<Flow(table=0, priority=0, match={}, actions=[<InstructionApplyAction type=4>])>])>
2021-10-19 13:30:04,311 | 3395 | tracing_net.flowtable.flow_monitor, dump_flows, 57 | DEBUG | exec dump flows on s1
2021-10-19 13:30:04,319 | 3395 | tracing_net.flowtable.flow_monitor, read_dump_flow, 74 | DEBUG | get result for dump flows 1634650204.315725 : ['OFPST_FLOW reply (OF1.3) (xid=0x2):', ' cookie=0x0, duration=49.389s, table=0, n_packets=33, n_bytes=3624, priority=0 actions=CONTROLLER:65535']
2021-10-19 13:30:04,320 | 3395 | tracing_net.flowtable.flow_monitor, read_dump_flow, 80 | DEBUG | parsed dump flows result to table 1634650204.315725 : <FlowTables(datapath=0, timestamp=1634650204.315725, flows=[<Flow(table=0, priority=0, match={}, actions=[<InstructionApplyAction type=4>])>])>
2021-10-19 13:30:05,262 | 3392 | tracing_net.flowtable.flow_monitor, dump_flows, 57 | DEBUG | exec dump flows on s0
2021-10-19 13:30:05,274 | 3392 | tracing_net.flowtable.flow_monitor, read_dump_flow, 74 | DEBUG | get result for dump flows 1634650205.267802 : ['OFPST_FLOW reply (OF1.3) (xid=0x2):', ' cookie=0x0, duration=60.303s, table=0, n_packets=44, n_bytes=4546, priority=0 actions=CONTROLLER:65535']
2021-10-19 13:30:05,276 | 3392 | tracing_net.flowtable.flow_monitor, read_dump_flow, 80 | DEBUG | parsed dump flows result to table 1634650205.267802 : <FlowTables(datapath=0, timestamp=1634650205.267802, flows=[<Flow(table=0, priority=0, match={}, actions=[<InstructionApplyAction type=4>])>])>
2021-10-19 13:30:05,312 | 3395 | tracing_net.flowtable.flow_monitor, dump_flows, 57 | DEBUG | exec dump flows on s1
2021-10-19 13:30:05,336 | 3395 | tracing_net.flowtable.flow_monitor, read_dump_flow, 74 | DEBUG | get result for dump flows 1634650205.327329 : ['OFPST_FLOW reply (OF1.3) (xid=0x2):', ' cookie=0x0, duration=50.406s, table=0, n_packets=33, n_bytes=3624, priority=0 actions=CONTROLLER:65535']
2021-10-19 13:30:05,347 | 3395 | tracing_net.flowtable.flow_monitor, read_dump_flow, 80 | DEBUG | parsed dump flows result to table 1634650205.327329 : <FlowTables(datapath=0, timestamp=1634650205.327329, flows=[<Flow(table=0, priority=0, match={}, actions=[<InstructionApplyAction type=4>])>])>
2021-10-19 13:30:06,268 | 3392 | tracing_net.flowtable.flow_monitor, dump_flows, 57 | DEBUG | exec dump flows on s0
2021-10-19 13:30:06,284 | 3392 | tracing_net.flowtable.flow_monitor, read_dump_flow, 74 | DEBUG | get result for dump flows 1634650206.278348 : ['OFPST_FLOW reply (OF1.3) (xid=0x2):', ' cookie=0x0, duration=61.313s, table=0, n_packets=44, n_bytes=4546, priority=0 actions=CONTROLLER:65535']
2021-10-19 13:30:06,285 | 3392 | tracing_net.flowtable.flow_monitor, read_dump_flow, 80 | DEBUG | parsed dump flows result to table 1634650206.278348 : <FlowTables(datapath=0, timestamp=1634650206.278348, flows=[<Flow(table=0, priority=0, match={}, actions=[<InstructionApplyAction type=4>])>])>
2021-10-19 13:30:06,311 | 3395 | tracing_net.flowtable.flow_monitor, dump_flows, 57 | DEBUG | exec dump flows on s1
2021-10-19 13:30:06,329 | 3395 | tracing_net.flowtable.flow_monitor, read_dump_flow, 74 | DEBUG | get result for dump flows 1634650206.322527 : ['OFPST_FLOW reply (OF1.3) (xid=0x2):', ' cookie=0x0, duration=51.398s, table=0, n_packets=33, n_bytes=3624, priority=0 actions=CONTROLLER:65535']
2021-10-19 13:30:06,330 | 3395 | tracing_net.flowtable.flow_monitor, read_dump_flow, 80 | DEBUG | parsed dump flows result to table 1634650206.322527 : <FlowTables(datapath=0, timestamp=1634650206.322527, flows=[<Flow(table=0, priority=0, match={}, actions=[<InstructionApplyAction type=4>])>])>
2021-10-19 13:30:07,261 | 3392 | tracing_net.flowtable.flow_monitor, dump_flows, 57 | DEBUG | exec dump flows on s0
2021-10-19 13:30:07,271 | 3392 | tracing_net.flowtable.flow_monitor, read_dump_flow, 74 | DEBUG | get result for dump flows 1634650207.267648 : ['OFPST_FLOW reply (OF1.3) (xid=0x2):', ' cookie=0x0, duration=62.301s, table=0, n_packets=44, n_bytes=4546, priority=0 actions=CONTROLLER:65535']
2021-10-19 13:30:07,272 | 3392 | tracing_net.flowtable.flow_monitor, read_dump_flow, 80 | DEBUG | parsed dump flows result to table 1634650207.267648 : <FlowTables(datapath=0, timestamp=1634650207.267648, flows=[<Flow(table=0, priority=0, match={}, actions=[<InstructionApplyAction type=4>])>])>
2021-10-19 13:30:07,311 | 3395 | tracing_net.flowtable.flow_monitor, dump_flows, 57 | DEBUG | exec dump flows on s1
2021-10-19 13:30:07,318 | 3395 | tracing_net.flowtable.flow_monitor, read_dump_flow, 74 | DEBUG | get result for dump flows 1634650207.315224 : ['OFPST_FLOW reply (OF1.3) (xid=0x2):', ' cookie=0x0, duration=52.388s, table=0, n_packets=33, n_bytes=3624, priority=0 actions=CONTROLLER:65535']
2021-10-19 13:30:07,319 | 3395 | tracing_net.flowtable.flow_monitor, read_dump_flow, 80 | DEBUG | parsed dump flows result to table 1634650207.315224 : <FlowTables(datapath=0, timestamp=1634650207.315224, flows=[<Flow(table=0, priority=0, match={}, actions=[<InstructionApplyAction type=4>])>])>
2021-10-19 13:30:08,262 | 3392 | tracing_net.flowtable.flow_monitor, dump_flows, 57 | DEBUG | exec dump flows on s0
2021-10-19 13:30:08,270 | 3392 | tracing_net.flowtable.flow_monitor, read_dump_flow, 74 | DEBUG | get result for dump flows 1634650208.26741 : ['OFPST_FLOW reply (OF1.3) (xid=0x2):', ' cookie=0x0, duration=63.300s, table=0, n_packets=44, n_bytes=4546, priority=0 actions=CONTROLLER:65535']
2021-10-19 13:30:08,271 | 3392 | tracing_net.flowtable.flow_monitor, read_dump_flow, 80 | DEBUG | parsed dump flows result to table 1634650208.26741 : <FlowTables(datapath=0, timestamp=1634650208.26741, flows=[<Flow(table=0, priority=0, match={}, actions=[<InstructionApplyAction type=4>])>])>
2021-10-19 13:30:08,311 | 3395 | tracing_net.flowtable.flow_monitor, dump_flows, 57 | DEBUG | exec dump flows on s1
2021-10-19 13:30:08,319 | 3395 | tracing_net.flowtable.flow_monitor, read_dump_flow, 74 | DEBUG | get result for dump flows 1634650208.315219 : ['OFPST_FLOW reply (OF1.3) (xid=0x2):', ' cookie=0x0, duration=53.389s, table=0, n_packets=33, n_bytes=3624, priority=0 actions=CONTROLLER:65535']
2021-10-19 13:30:08,321 | 3395 | tracing_net.flowtable.flow_monitor, read_dump_flow, 80 | DEBUG | parsed dump flows result to table 1634650208.315219 : <FlowTables(datapath=0, timestamp=1634650208.315219, flows=[<Flow(table=0, priority=0, match={}, actions=[<InstructionApplyAction type=4>])>])>
2021-10-19 13:30:09,262 | 3392 | tracing_net.flowtable.flow_monitor, dump_flows, 57 | DEBUG | exec dump flows on s0
2021-10-19 13:30:09,270 | 3392 | tracing_net.flowtable.flow_monitor, read_dump_flow, 74 | DEBUG | get result for dump flows 1634650209.266805 : ['OFPST_FLOW reply (OF1.3) (xid=0x2):', ' cookie=0x0, duration=64.300s, table=0, n_packets=44, n_bytes=4546, priority=0 actions=CONTROLLER:65535']
2021-10-19 13:30:09,271 | 3392 | tracing_net.flowtable.flow_monitor, read_dump_flow, 80 | DEBUG | parsed dump flows result to table 1634650209.266805 : <FlowTables(datapath=0, timestamp=1634650209.266805, flows=[<Flow(table=0, priority=0, match={}, actions=[<InstructionApplyAction type=4>])>])>
2021-10-19 13:30:09,311 | 3395 | tracing_net.flowtable.flow_monitor, dump_flows, 57 | DEBUG | exec dump flows on s1
2021-10-19 13:30:09,318 | 3395 | tracing_net.flowtable.flow_monitor, read_dump_flow, 74 | DEBUG | get result for dump flows 1634650209.315266 : ['OFPST_FLOW reply (OF1.3) (xid=0x2):', ' cookie=0x0, duration=54.389s, table=0, n_packets=33, n_bytes=3624, priority=0 actions=CONTROLLER:65535']
2021-10-19 13:30:09,320 | 3395 | tracing_net.flowtable.flow_monitor, read_dump_flow, 80 | DEBUG | parsed dump flows result to table 1634650209.315266 : <FlowTables(datapath=0, timestamp=1634650209.315266, flows=[<Flow(table=0, priority=0, match={}, actions=[<InstructionApplyAction type=4>])>])>
2021-10-19 13:30:10,261 | 3392 | tracing_net.flowtable.flow_monitor, dump_flows, 57 | DEBUG | exec dump flows on s0
2021-10-19 13:30:10,269 | 3392 | tracing_net.flowtable.flow_monitor, read_dump_flow, 74 | DEBUG | get result for dump flows 1634650210.266093 : ['OFPST_FLOW reply (OF1.3) (xid=0x2):', ' cookie=0x0, duration=65.299s, table=0, n_packets=44, n_bytes=4546, priority=0 actions=CONTROLLER:65535']
2021-10-19 13:30:10,270 | 3392 | tracing_net.flowtable.flow_monitor, read_dump_flow, 80 | DEBUG | parsed dump flows result to table 1634650210.266093 : <FlowTables(datapath=0, timestamp=1634650210.266093, flows=[<Flow(table=0, priority=0, match={}, actions=[<InstructionApplyAction type=4>])>])>
2021-10-19 13:30:10,317 | 3395 | tracing_net.flowtable.flow_monitor, dump_flows, 57 | DEBUG | exec dump flows on s1
2021-10-19 13:30:10,324 | 3395 | tracing_net.flowtable.flow_monitor, read_dump_flow, 74 | DEBUG | get result for dump flows 1634650210.321304 : ['OFPST_FLOW reply (OF1.3) (xid=0x2):', ' cookie=0x0, duration=55.394s, table=0, n_packets=33, n_bytes=3624, priority=0 actions=CONTROLLER:65535']
2021-10-19 13:30:10,325 | 3395 | tracing_net.flowtable.flow_monitor, read_dump_flow, 80 | DEBUG | parsed dump flows result to table 1634650210.321304 : <FlowTables(datapath=0, timestamp=1634650210.321304, flows=[<Flow(table=0, priority=0, match={}, actions=[<InstructionApplyAction type=4>])>])>
2021-10-19 13:30:11,267 | 3392 | tracing_net.flowtable.flow_monitor, dump_flows, 57 | DEBUG | exec dump flows on s0
2021-10-19 13:30:11,275 | 3392 | tracing_net.flowtable.flow_monitor, read_dump_flow, 74 | DEBUG | get result for dump flows 1634650211.271816 : ['OFPST_FLOW reply (OF1.3) (xid=0x2):', ' cookie=0x0, duration=66.305s, table=0, n_packets=44, n_bytes=4546, priority=0 actions=CONTROLLER:65535']
2021-10-19 13:30:11,276 | 3392 | tracing_net.flowtable.flow_monitor, read_dump_flow, 80 | DEBUG | parsed dump flows result to table 1634650211.271816 : <FlowTables(datapath=0, timestamp=1634650211.271816, flows=[<Flow(table=0, priority=0, match={}, actions=[<InstructionApplyAction type=4>])>])>
2021-10-19 13:30:11,310 | 3395 | tracing_net.flowtable.flow_monitor, dump_flows, 57 | DEBUG | exec dump flows on s1
2021-10-19 13:30:11,318 | 3395 | tracing_net.flowtable.flow_monitor, read_dump_flow, 74 | DEBUG | get result for dump flows 1634650211.314747 : ['OFPST_FLOW reply (OF1.3) (xid=0x2):', ' cookie=0x0, duration=56.388s, table=0, n_packets=33, n_bytes=3624, priority=0 actions=CONTROLLER:65535']
2021-10-19 13:30:11,319 | 3395 | tracing_net.flowtable.flow_monitor, read_dump_flow, 80 | DEBUG | parsed dump flows result to table 1634650211.314747 : <FlowTables(datapath=0, timestamp=1634650211.314747, flows=[<Flow(table=0, priority=0, match={}, actions=[<InstructionApplyAction type=4>])>])>
2021-10-19 13:30:12,262 | 3392 | tracing_net.flowtable.flow_monitor, dump_flows, 57 | DEBUG | exec dump flows on s0
2021-10-19 13:30:12,269 | 3392 | tracing_net.flowtable.flow_monitor, read_dump_flow, 74 | DEBUG | get result for dump flows 1634650212.266499 : ['OFPST_FLOW reply (OF1.3) (xid=0x2):', ' cookie=0x0, duration=67.300s, table=0, n_packets=44, n_bytes=4546, priority=0 actions=CONTROLLER:65535']
2021-10-19 13:30:12,270 | 3392 | tracing_net.flowtable.flow_monitor, read_dump_flow, 80 | DEBUG | parsed dump flows result to table 1634650212.266499 : <FlowTables(datapath=0, timestamp=1634650212.266499, flows=[<Flow(table=0, priority=0, match={}, actions=[<InstructionApplyAction type=4>])>])>
2021-10-19 13:30:12,311 | 3395 | tracing_net.flowtable.flow_monitor, dump_flows, 57 | DEBUG | exec dump flows on s1
2021-10-19 13:30:12,318 | 3395 | tracing_net.flowtable.flow_monitor, read_dump_flow, 74 | DEBUG | get result for dump flows 1634650212.315481 : ['OFPST_FLOW reply (OF1.3) (xid=0x2):', ' cookie=0x0, duration=57.389s, table=0, n_packets=33, n_bytes=3624, priority=0 actions=CONTROLLER:65535']
2021-10-19 13:30:12,320 | 3395 | tracing_net.flowtable.flow_monitor, read_dump_flow, 80 | DEBUG | parsed dump flows result to table 1634650212.315481 : <FlowTables(datapath=0, timestamp=1634650212.315481, flows=[<Flow(table=0, priority=0, match={}, actions=[<InstructionApplyAction type=4>])>])>
2021-10-19 13:30:13,261 | 3392 | tracing_net.flowtable.flow_monitor, dump_flows, 57 | DEBUG | exec dump flows on s0
2021-10-19 13:30:13,268 | 3392 | tracing_net.flowtable.flow_monitor, read_dump_flow, 74 | DEBUG | get result for dump flows 1634650213.265257 : ['OFPST_FLOW reply (OF1.3) (xid=0x2):', ' cookie=0x0, duration=68.298s, table=0, n_packets=44, n_bytes=4546, priority=0 actions=CONTROLLER:65535']
2021-10-19 13:30:13,270 | 3392 | tracing_net.flowtable.flow_monitor, read_dump_flow, 80 | DEBUG | parsed dump flows result to table 1634650213.265257 : <FlowTables(datapath=0, timestamp=1634650213.265257, flows=[<Flow(table=0, priority=0, match={}, actions=[<InstructionApplyAction type=4>])>])>
2021-10-19 13:30:13,310 | 3395 | tracing_net.flowtable.flow_monitor, dump_flows, 57 | DEBUG | exec dump flows on s1
2021-10-19 13:30:13,318 | 3395 | tracing_net.flowtable.flow_monitor, read_dump_flow, 74 | DEBUG | get result for dump flows 1634650213.31511 : ['OFPST_FLOW reply (OF1.3) (xid=0x2):', ' cookie=0x0, duration=58.388s, table=0, n_packets=33, n_bytes=3624, priority=0 actions=CONTROLLER:65535']
2021-10-19 13:30:13,319 | 3395 | tracing_net.flowtable.flow_monitor, read_dump_flow, 80 | DEBUG | parsed dump flows result to table 1634650213.31511 : <FlowTables(datapath=0, timestamp=1634650213.31511, flows=[<Flow(table=0, priority=0, match={}, actions=[<InstructionApplyAction type=4>])>])>
2021-10-19 13:30:14,261 | 3392 | tracing_net.flowtable.flow_monitor, dump_flows, 57 | DEBUG | exec dump flows on s0
2021-10-19 13:30:14,269 | 3392 | tracing_net.flowtable.flow_monitor, read_dump_flow, 74 | DEBUG | get result for dump flows 1634650214.266413 : ['OFPST_FLOW reply (OF1.3) (xid=0x2):', ' cookie=0x0, duration=69.299s, table=0, n_packets=44, n_bytes=4546, priority=0 actions=CONTROLLER:65535']
2021-10-19 13:30:14,271 | 3392 | tracing_net.flowtable.flow_monitor, read_dump_flow, 80 | DEBUG | parsed dump flows result to table 1634650214.266413 : <FlowTables(datapath=0, timestamp=1634650214.266413, flows=[<Flow(table=0, priority=0, match={}, actions=[<InstructionApplyAction type=4>])>])>
2021-10-19 13:30:14,318 | 3395 | tracing_net.flowtable.flow_monitor, dump_flows, 57 | DEBUG | exec dump flows on s1
2021-10-19 13:30:14,326 | 3395 | tracing_net.flowtable.flow_monitor, read_dump_flow, 74 | DEBUG | get result for dump flows 1634650214.322799 : ['OFPST_FLOW reply (OF1.3) (xid=0x2):', ' cookie=0x0, duration=59.396s, table=0, n_packets=33, n_bytes=3624, priority=0 actions=CONTROLLER:65535']
2021-10-19 13:30:14,327 | 3395 | tracing_net.flowtable.flow_monitor, read_dump_flow, 80 | DEBUG | parsed dump flows result to table 1634650214.322799 : <FlowTables(datapath=0, timestamp=1634650214.322799, flows=[<Flow(table=0, priority=0, match={}, actions=[<InstructionApplyAction type=4>])>])>
2021-10-19 13:30:15,262 | 3392 | tracing_net.flowtable.flow_monitor, dump_flows, 57 | DEBUG | exec dump flows on s0
2021-10-19 13:30:15,269 | 3392 | tracing_net.flowtable.flow_monitor, read_dump_flow, 74 | DEBUG | get result for dump flows 1634650215.266367 : ['OFPST_FLOW reply (OF1.3) (xid=0x2):', ' cookie=0x0, duration=70.300s, table=0, n_packets=44, n_bytes=4546, priority=0 actions=CONTROLLER:65535']
2021-10-19 13:30:15,271 | 3392 | tracing_net.flowtable.flow_monitor, read_dump_flow, 80 | DEBUG | parsed dump flows result to table 1634650215.266367 : <FlowTables(datapath=0, timestamp=1634650215.266367, flows=[<Flow(table=0, priority=0, match={}, actions=[<InstructionApplyAction type=4>])>])>
2021-10-19 13:30:15,314 | 3395 | tracing_net.flowtable.flow_monitor, dump_flows, 57 | DEBUG | exec dump flows on s1
2021-10-19 13:30:15,321 | 3395 | tracing_net.flowtable.flow_monitor, read_dump_flow, 74 | DEBUG | get result for dump flows 1634650215.318079 : ['OFPST_FLOW reply (OF1.3) (xid=0x2):', ' cookie=0x0, duration=60.391s, table=0, n_packets=33, n_bytes=3624, priority=0 actions=CONTROLLER:65535']
2021-10-19 13:30:15,322 | 3395 | tracing_net.flowtable.flow_monitor, read_dump_flow, 80 | DEBUG | parsed dump flows result to table 1634650215.318079 : <FlowTables(datapath=0, timestamp=1634650215.318079, flows=[<Flow(table=0, priority=0, match={}, actions=[<InstructionApplyAction type=4>])>])>
2021-10-19 13:30:16,261 | 3392 | tracing_net.flowtable.flow_monitor, dump_flows, 57 | DEBUG | exec dump flows on s0
2021-10-19 13:30:16,278 | 3392 | tracing_net.flowtable.flow_monitor, read_dump_flow, 74 | DEBUG | get result for dump flows 1634650216.270793 : ['OFPST_FLOW reply (OF1.3) (xid=0x2):', ' cookie=0x0, duration=71.308s, table=0, n_packets=44, n_bytes=4546, priority=0 actions=CONTROLLER:65535']
2021-10-19 13:30:16,281 | 3392 | tracing_net.flowtable.flow_monitor, read_dump_flow, 80 | DEBUG | parsed dump flows result to table 1634650216.270793 : <FlowTables(datapath=0, timestamp=1634650216.270793, flows=[<Flow(table=0, priority=0, match={}, actions=[<InstructionApplyAction type=4>])>])>
2021-10-19 13:30:16,311 | 3395 | tracing_net.flowtable.flow_monitor, dump_flows, 57 | DEBUG | exec dump flows on s1
2021-10-19 13:30:16,321 | 3395 | tracing_net.flowtable.flow_monitor, read_dump_flow, 74 | DEBUG | get result for dump flows 1634650216.317707 : ['OFPST_FLOW reply (OF1.3) (xid=0x2):', ' cookie=0x0, duration=61.391s, table=0, n_packets=33, n_bytes=3624, priority=0 actions=CONTROLLER:65535']
2021-10-19 13:30:16,322 | 3395 | tracing_net.flowtable.flow_monitor, read_dump_flow, 80 | DEBUG | parsed dump flows result to table 1634650216.317707 : <FlowTables(datapath=0, timestamp=1634650216.317707, flows=[<Flow(table=0, priority=0, match={}, actions=[<InstructionApplyAction type=4>])>])>
2021-10-19 13:30:17,261 | 3392 | tracing_net.flowtable.flow_monitor, dump_flows, 57 | DEBUG | exec dump flows on s0
2021-10-19 13:30:17,269 | 3392 | tracing_net.flowtable.flow_monitor, read_dump_flow, 74 | DEBUG | get result for dump flows 1634650217.266096 : ['OFPST_FLOW reply (OF1.3) (xid=0x2):', ' cookie=0x0, duration=72.299s, table=0, n_packets=44, n_bytes=4546, priority=0 actions=CONTROLLER:65535']
2021-10-19 13:30:17,270 | 3392 | tracing_net.flowtable.flow_monitor, read_dump_flow, 80 | DEBUG | parsed dump flows result to table 1634650217.266096 : <FlowTables(datapath=0, timestamp=1634650217.266096, flows=[<Flow(table=0, priority=0, match={}, actions=[<InstructionApplyAction type=4>])>])>
2021-10-19 13:30:17,320 | 3395 | tracing_net.flowtable.flow_monitor, dump_flows, 57 | DEBUG | exec dump flows on s1
2021-10-19 13:30:17,327 | 3395 | tracing_net.flowtable.flow_monitor, read_dump_flow, 74 | DEBUG | get result for dump flows 1634650217.323975 : ['OFPST_FLOW reply (OF1.3) (xid=0x2):', ' cookie=0x0, duration=62.397s, table=0, n_packets=33, n_bytes=3624, priority=0 actions=CONTROLLER:65535']
2021-10-19 13:30:17,328 | 3395 | tracing_net.flowtable.flow_monitor, read_dump_flow, 80 | DEBUG | parsed dump flows result to table 1634650217.323975 : <FlowTables(datapath=0, timestamp=1634650217.323975, flows=[<Flow(table=0, priority=0, match={}, actions=[<InstructionApplyAction type=4>])>])>
2021-10-19 13:30:18,268 | 3392 | tracing_net.flowtable.flow_monitor, dump_flows, 57 | DEBUG | exec dump flows on s0
2021-10-19 13:30:18,275 | 3392 | tracing_net.flowtable.flow_monitor, read_dump_flow, 74 | DEBUG | get result for dump flows 1634650218.272029 : ['OFPST_FLOW reply (OF1.3) (xid=0x2):', ' cookie=0x0, duration=73.305s, table=0, n_packets=44, n_bytes=4546, priority=0 actions=CONTROLLER:65535']
2021-10-19 13:30:18,276 | 3392 | tracing_net.flowtable.flow_monitor, read_dump_flow, 80 | DEBUG | parsed dump flows result to table 1634650218.272029 : <FlowTables(datapath=0, timestamp=1634650218.272029, flows=[<Flow(table=0, priority=0, match={}, actions=[<InstructionApplyAction type=4>])>])>
2021-10-19 13:30:18,315 | 3395 | tracing_net.flowtable.flow_monitor, dump_flows, 57 | DEBUG | exec dump flows on s1
2021-10-19 13:30:18,322 | 3395 | tracing_net.flowtable.flow_monitor, read_dump_flow, 74 | DEBUG | get result for dump flows 1634650218.319269 : ['OFPST_FLOW reply (OF1.3) (xid=0x2):', ' cookie=0x0, duration=63.392s, table=0, n_packets=33, n_bytes=3624, priority=0 actions=CONTROLLER:65535']
2021-10-19 13:30:18,323 | 3395 | tracing_net.flowtable.flow_monitor, read_dump_flow, 80 | DEBUG | parsed dump flows result to table 1634650218.319269 : <FlowTables(datapath=0, timestamp=1634650218.319269, flows=[<Flow(table=0, priority=0, match={}, actions=[<InstructionApplyAction type=4>])>])>
2021-10-19 13:30:19,261 | 3392 | tracing_net.flowtable.flow_monitor, dump_flows, 57 | DEBUG | exec dump flows on s0
2021-10-19 13:30:19,269 | 3392 | tracing_net.flowtable.flow_monitor, read_dump_flow, 74 | DEBUG | get result for dump flows 1634650219.265917 : ['OFPST_FLOW reply (OF1.3) (xid=0x2):', ' cookie=0x0, duration=74.299s, table=0, n_packets=44, n_bytes=4546, priority=0 actions=CONTROLLER:65535']
2021-10-19 13:30:19,270 | 3392 | tracing_net.flowtable.flow_monitor, read_dump_flow, 80 | DEBUG | parsed dump flows result to table 1634650219.265917 : <FlowTables(datapath=0, timestamp=1634650219.265917, flows=[<Flow(table=0, priority=0, match={}, actions=[<InstructionApplyAction type=4>])>])>
2021-10-19 13:30:19,311 | 3395 | tracing_net.flowtable.flow_monitor, dump_flows, 57 | DEBUG | exec dump flows on s1
2021-10-19 13:30:19,319 | 3395 | tracing_net.flowtable.flow_monitor, read_dump_flow, 74 | DEBUG | get result for dump flows 1634650219.315463 : ['OFPST_FLOW reply (OF1.3) (xid=0x2):', ' cookie=0x0, duration=64.389s, table=0, n_packets=33, n_bytes=3624, priority=0 actions=CONTROLLER:65535']
2021-10-19 13:30:19,320 | 3395 | tracing_net.flowtable.flow_monitor, read_dump_flow, 80 | DEBUG | parsed dump flows result to table 1634650219.315463 : <FlowTables(datapath=0, timestamp=1634650219.315463, flows=[<Flow(table=0, priority=0, match={}, actions=[<InstructionApplyAction type=4>])>])>
2021-10-19 13:30:20,262 | 3392 | tracing_net.flowtable.flow_monitor, dump_flows, 57 | DEBUG | exec dump flows on s0
2021-10-19 13:30:20,269 | 3392 | tracing_net.flowtable.flow_monitor, read_dump_flow, 74 | DEBUG | get result for dump flows 1634650220.266083 : ['OFPST_FLOW reply (OF1.3) (xid=0x2):', ' cookie=0x0, duration=75.299s, table=0, n_packets=44, n_bytes=4546, priority=0 actions=CONTROLLER:65535']
2021-10-19 13:30:20,270 | 3392 | tracing_net.flowtable.flow_monitor, read_dump_flow, 80 | DEBUG | parsed dump flows result to table 1634650220.266083 : <FlowTables(datapath=0, timestamp=1634650220.266083, flows=[<Flow(table=0, priority=0, match={}, actions=[<InstructionApplyAction type=4>])>])>
2021-10-19 13:30:20,312 | 3395 | tracing_net.flowtable.flow_monitor, dump_flows, 57 | DEBUG | exec dump flows on s1
2021-10-19 13:30:20,320 | 3395 | tracing_net.flowtable.flow_monitor, read_dump_flow, 74 | DEBUG | get result for dump flows 1634650220.316471 : ['OFPST_FLOW reply (OF1.3) (xid=0x2):', ' cookie=0x0, duration=65.390s, table=0, n_packets=33, n_bytes=3624, priority=0 actions=CONTROLLER:65535']
2021-10-19 13:30:20,321 | 3395 | tracing_net.flowtable.flow_monitor, read_dump_flow, 80 | DEBUG | parsed dump flows result to table 1634650220.316471 : <FlowTables(datapath=0, timestamp=1634650220.316471, flows=[<Flow(table=0, priority=0, match={}, actions=[<InstructionApplyAction type=4>])>])>
2021-10-19 13:30:21,263 | 3392 | tracing_net.flowtable.flow_monitor, dump_flows, 57 | DEBUG | exec dump flows on s0
2021-10-19 13:30:21,270 | 3392 | tracing_net.flowtable.flow_monitor, read_dump_flow, 74 | DEBUG | get result for dump flows 1634650221.267133 : ['OFPST_FLOW reply (OF1.3) (xid=0x2):', ' cookie=0x0, duration=76.301s, table=0, n_packets=44, n_bytes=4546, priority=0 actions=CONTROLLER:65535']
2021-10-19 13:30:21,272 | 3392 | tracing_net.flowtable.flow_monitor, read_dump_flow, 80 | DEBUG | parsed dump flows result to table 1634650221.267133 : <FlowTables(datapath=0, timestamp=1634650221.267133, flows=[<Flow(table=0, priority=0, match={}, actions=[<InstructionApplyAction type=4>])>])>
2021-10-19 13:30:21,312 | 3395 | tracing_net.flowtable.flow_monitor, dump_flows, 57 | DEBUG | exec dump flows on s1
2021-10-19 13:30:21,320 | 3395 | tracing_net.flowtable.flow_monitor, read_dump_flow, 74 | DEBUG | get result for dump flows 1634650221.316642 : ['OFPST_FLOW reply (OF1.3) (xid=0x2):', ' cookie=0x0, duration=66.390s, table=0, n_packets=33, n_bytes=3624, priority=0 actions=CONTROLLER:65535']
2021-10-19 13:30:21,321 | 3395 | tracing_net.flowtable.flow_monitor, read_dump_flow, 80 | DEBUG | parsed dump flows result to table 1634650221.316642 : <FlowTables(datapath=0, timestamp=1634650221.316642, flows=[<Flow(table=0, priority=0, match={}, actions=[<InstructionApplyAction type=4>])>])>
2021-10-19 13:30:22,263 | 3392 | tracing_net.flowtable.flow_monitor, dump_flows, 57 | DEBUG | exec dump flows on s0
2021-10-19 13:30:22,270 | 3392 | tracing_net.flowtable.flow_monitor, read_dump_flow, 74 | DEBUG | get result for dump flows 1634650222.266968 : ['OFPST_FLOW reply (OF1.3) (xid=0x2):', ' cookie=0x0, duration=77.300s, table=0, n_packets=44, n_bytes=4546, priority=0 actions=CONTROLLER:65535']
2021-10-19 13:30:22,271 | 3392 | tracing_net.flowtable.flow_monitor, read_dump_flow, 80 | DEBUG | parsed dump flows result to table 1634650222.266968 : <FlowTables(datapath=0, timestamp=1634650222.266968, flows=[<Flow(table=0, priority=0, match={}, actions=[<InstructionApplyAction type=4>])>])>
2021-10-19 13:30:22,310 | 3395 | tracing_net.flowtable.flow_monitor, dump_flows, 57 | DEBUG | exec dump flows on s1
2021-10-19 13:30:22,318 | 3395 | tracing_net.flowtable.flow_monitor, read_dump_flow, 74 | DEBUG | get result for dump flows 1634650222.314709 : ['OFPST_FLOW reply (OF1.3) (xid=0x2):', ' cookie=0x0, duration=67.388s, table=0, n_packets=33, n_bytes=3624, priority=0 actions=CONTROLLER:65535']
2021-10-19 13:30:22,319 | 3395 | tracing_net.flowtable.flow_monitor, read_dump_flow, 80 | DEBUG | parsed dump flows result to table 1634650222.314709 : <FlowTables(datapath=0, timestamp=1634650222.314709, flows=[<Flow(table=0, priority=0, match={}, actions=[<InstructionApplyAction type=4>])>])>
2021-10-19 13:30:23,262 | 3392 | tracing_net.flowtable.flow_monitor, dump_flows, 57 | DEBUG | exec dump flows on s0
2021-10-19 13:30:23,269 | 3392 | tracing_net.flowtable.flow_monitor, read_dump_flow, 74 | DEBUG | get result for dump flows 1634650223.266058 : ['OFPST_FLOW reply (OF1.3) (xid=0x2):', ' cookie=0x0, duration=78.299s, table=0, n_packets=44, n_bytes=4546, priority=0 actions=CONTROLLER:65535']
2021-10-19 13:30:23,270 | 3392 | tracing_net.flowtable.flow_monitor, read_dump_flow, 80 | DEBUG | parsed dump flows result to table 1634650223.266058 : <FlowTables(datapath=0, timestamp=1634650223.266058, flows=[<Flow(table=0, priority=0, match={}, actions=[<InstructionApplyAction type=4>])>])>
2021-10-19 13:30:23,310 | 3395 | tracing_net.flowtable.flow_monitor, dump_flows, 57 | DEBUG | exec dump flows on s1
2021-10-19 13:30:23,318 | 3395 | tracing_net.flowtable.flow_monitor, read_dump_flow, 74 | DEBUG | get result for dump flows 1634650223.314889 : ['OFPST_FLOW reply (OF1.3) (xid=0x2):', ' cookie=0x0, duration=68.388s, table=0, n_packets=33, n_bytes=3624, priority=0 actions=CONTROLLER:65535']
2021-10-19 13:30:23,319 | 3395 | tracing_net.flowtable.flow_monitor, read_dump_flow, 80 | DEBUG | parsed dump flows result to table 1634650223.314889 : <FlowTables(datapath=0, timestamp=1634650223.314889, flows=[<Flow(table=0, priority=0, match={}, actions=[<InstructionApplyAction type=4>])>])>
2021-10-19 13:30:24,264 | 3392 | tracing_net.flowtable.flow_monitor, dump_flows, 57 | DEBUG | exec dump flows on s0
2021-10-19 13:30:24,271 | 3392 | tracing_net.flowtable.flow_monitor, read_dump_flow, 74 | DEBUG | get result for dump flows 1634650224.268149 : ['OFPST_FLOW reply (OF1.3) (xid=0x2):', ' cookie=0x0, duration=79.302s, table=0, n_packets=44, n_bytes=4546, priority=0 actions=CONTROLLER:65535']
2021-10-19 13:30:24,273 | 3392 | tracing_net.flowtable.flow_monitor, read_dump_flow, 80 | DEBUG | parsed dump flows result to table 1634650224.268149 : <FlowTables(datapath=0, timestamp=1634650224.268149, flows=[<Flow(table=0, priority=0, match={}, actions=[<InstructionApplyAction type=4>])>])>
2021-10-19 13:30:24,313 | 3395 | tracing_net.flowtable.flow_monitor, dump_flows, 57 | DEBUG | exec dump flows on s1
2021-10-19 13:30:24,323 | 3395 | tracing_net.flowtable.flow_monitor, read_dump_flow, 74 | DEBUG | get result for dump flows 1634650224.31962 : ['OFPST_FLOW reply (OF1.3) (xid=0x2):', ' cookie=0x0, duration=69.393s, table=0, n_packets=33, n_bytes=3624, priority=0 actions=CONTROLLER:65535']
2021-10-19 13:30:24,324 | 3395 | tracing_net.flowtable.flow_monitor, read_dump_flow, 80 | DEBUG | parsed dump flows result to table 1634650224.31962 : <FlowTables(datapath=0, timestamp=1634650224.31962, flows=[<Flow(table=0, priority=0, match={}, actions=[<InstructionApplyAction type=4>])>])>
2021-10-19 13:30:25,262 | 3392 | tracing_net.flowtable.flow_monitor, dump_flows, 57 | DEBUG | exec dump flows on s0
2021-10-19 13:30:25,269 | 3392 | tracing_net.flowtable.flow_monitor, read_dump_flow, 74 | DEBUG | get result for dump flows 1634650225.266754 : ['OFPST_FLOW reply (OF1.3) (xid=0x2):', ' cookie=0x0, duration=80.300s, table=0, n_packets=44, n_bytes=4546, priority=0 actions=CONTROLLER:65535']
2021-10-19 13:30:25,271 | 3392 | tracing_net.flowtable.flow_monitor, read_dump_flow, 80 | DEBUG | parsed dump flows result to table 1634650225.266754 : <FlowTables(datapath=0, timestamp=1634650225.266754, flows=[<Flow(table=0, priority=0, match={}, actions=[<InstructionApplyAction type=4>])>])>
2021-10-19 13:30:25,311 | 3395 | tracing_net.flowtable.flow_monitor, dump_flows, 57 | DEBUG | exec dump flows on s1
2021-10-19 13:30:25,318 | 3395 | tracing_net.flowtable.flow_monitor, read_dump_flow, 74 | DEBUG | get result for dump flows 1634650225.315126 : ['OFPST_FLOW reply (OF1.3) (xid=0x2):', ' cookie=0x0, duration=70.388s, table=0, n_packets=33, n_bytes=3624, priority=0 actions=CONTROLLER:65535']
2021-10-19 13:30:25,319 | 3395 | tracing_net.flowtable.flow_monitor, read_dump_flow, 80 | DEBUG | parsed dump flows result to table 1634650225.315126 : <FlowTables(datapath=0, timestamp=1634650225.315126, flows=[<Flow(table=0, priority=0, match={}, actions=[<InstructionApplyAction type=4>])>])>
2021-10-19 13:30:26,261 | 3392 | tracing_net.flowtable.flow_monitor, dump_flows, 57 | DEBUG | exec dump flows on s0
2021-10-19 13:30:26,270 | 3392 | tracing_net.flowtable.flow_monitor, read_dump_flow, 74 | DEBUG | get result for dump flows 1634650226.26699 : ['OFPST_FLOW reply (OF1.3) (xid=0x2):', ' cookie=0x0, duration=81.300s, table=0, n_packets=44, n_bytes=4546, priority=0 actions=CONTROLLER:65535']
2021-10-19 13:30:26,271 | 3392 | tracing_net.flowtable.flow_monitor, read_dump_flow, 80 | DEBUG | parsed dump flows result to table 1634650226.26699 : <FlowTables(datapath=0, timestamp=1634650226.26699, flows=[<Flow(table=0, priority=0, match={}, actions=[<InstructionApplyAction type=4>])>])>
2021-10-19 13:30:26,311 | 3395 | tracing_net.flowtable.flow_monitor, dump_flows, 57 | DEBUG | exec dump flows on s1
2021-10-19 13:30:26,320 | 3395 | tracing_net.flowtable.flow_monitor, read_dump_flow, 74 | DEBUG | get result for dump flows 1634650226.316413 : ['OFPST_FLOW reply (OF1.3) (xid=0x2):', ' cookie=0x0, duration=71.391s, table=0, n_packets=33, n_bytes=3624, priority=0 actions=CONTROLLER:65535']
2021-10-19 13:30:26,322 | 3395 | tracing_net.flowtable.flow_monitor, read_dump_flow, 80 | DEBUG | parsed dump flows result to table 1634650226.316413 : <FlowTables(datapath=0, timestamp=1634650226.316413, flows=[<Flow(table=0, priority=0, match={}, actions=[<InstructionApplyAction type=4>])>])>
2021-10-19 13:30:27,261 | 3392 | tracing_net.flowtable.flow_monitor, dump_flows, 57 | DEBUG | exec dump flows on s0
2021-10-19 13:30:27,275 | 3392 | tracing_net.flowtable.flow_monitor, read_dump_flow, 74 | DEBUG | get result for dump flows 1634650227.269691 : ['OFPST_FLOW reply (OF1.3) (xid=0x2):', ' cookie=0x0, duration=82.305s, table=0, n_packets=44, n_bytes=4546, priority=0 actions=CONTROLLER:65535']
2021-10-19 13:30:27,277 | 3392 | tracing_net.flowtable.flow_monitor, read_dump_flow, 80 | DEBUG | parsed dump flows result to table 1634650227.269691 : <FlowTables(datapath=0, timestamp=1634650227.269691, flows=[<Flow(table=0, priority=0, match={}, actions=[<InstructionApplyAction type=4>])>])>
2021-10-19 13:30:27,310 | 3395 | tracing_net.flowtable.flow_monitor, dump_flows, 57 | DEBUG | exec dump flows on s1
2021-10-19 13:30:27,321 | 3395 | tracing_net.flowtable.flow_monitor, read_dump_flow, 74 | DEBUG | get result for dump flows 1634650227.316602 : ['OFPST_FLOW reply (OF1.3) (xid=0x2):', ' cookie=0x0, duration=72.391s, table=0, n_packets=33, n_bytes=3624, priority=0 actions=CONTROLLER:65535']
2021-10-19 13:30:27,323 | 3395 | tracing_net.flowtable.flow_monitor, read_dump_flow, 80 | DEBUG | parsed dump flows result to table 1634650227.316602 : <FlowTables(datapath=0, timestamp=1634650227.316602, flows=[<Flow(table=0, priority=0, match={}, actions=[<InstructionApplyAction type=4>])>])>
2021-10-19 13:30:28,261 | 3392 | tracing_net.flowtable.flow_monitor, dump_flows, 57 | DEBUG | exec dump flows on s0
2021-10-19 13:30:28,272 | 3392 | tracing_net.flowtable.flow_monitor, read_dump_flow, 74 | DEBUG | get result for dump flows 1634650228.268147 : ['OFPST_FLOW reply (OF1.3) (xid=0x2):', ' cookie=0x0, duration=83.302s, table=0, n_packets=44, n_bytes=4546, priority=0 actions=CONTROLLER:65535']
2021-10-19 13:30:28,274 | 3392 | tracing_net.flowtable.flow_monitor, read_dump_flow, 80 | DEBUG | parsed dump flows result to table 1634650228.268147 : <FlowTables(datapath=0, timestamp=1634650228.268147, flows=[<Flow(table=0, priority=0, match={}, actions=[<InstructionApplyAction type=4>])>])>
2021-10-19 13:30:28,311 | 3395 | tracing_net.flowtable.flow_monitor, dump_flows, 57 | DEBUG | exec dump flows on s1
2021-10-19 13:30:28,321 | 3395 | tracing_net.flowtable.flow_monitor, read_dump_flow, 74 | DEBUG | get result for dump flows 1634650228.31604 : ['OFPST_FLOW reply (OF1.3) (xid=0x2):', ' cookie=0x0, duration=73.391s, table=0, n_packets=33, n_bytes=3624, priority=0 actions=CONTROLLER:65535']
2021-10-19 13:30:28,322 | 3395 | tracing_net.flowtable.flow_monitor, read_dump_flow, 80 | DEBUG | parsed dump flows result to table 1634650228.31604 : <FlowTables(datapath=0, timestamp=1634650228.31604, flows=[<Flow(table=0, priority=0, match={}, actions=[<InstructionApplyAction type=4>])>])>
2021-10-19 13:30:29,262 | 3392 | tracing_net.flowtable.flow_monitor, dump_flows, 57 | DEBUG | exec dump flows on s0
2021-10-19 13:30:29,270 | 3392 | tracing_net.flowtable.flow_monitor, read_dump_flow, 74 | DEBUG | get result for dump flows 1634650229.266849 : ['OFPST_FLOW reply (OF1.3) (xid=0x2):', ' cookie=0x0, duration=84.300s, table=0, n_packets=44, n_bytes=4546, priority=0 actions=CONTROLLER:65535']
2021-10-19 13:30:29,272 | 3392 | tracing_net.flowtable.flow_monitor, read_dump_flow, 80 | DEBUG | parsed dump flows result to table 1634650229.266849 : <FlowTables(datapath=0, timestamp=1634650229.266849, flows=[<Flow(table=0, priority=0, match={}, actions=[<InstructionApplyAction type=4>])>])>
2021-10-19 13:30:29,311 | 3395 | tracing_net.flowtable.flow_monitor, dump_flows, 57 | DEBUG | exec dump flows on s1
2021-10-19 13:30:29,318 | 3395 | tracing_net.flowtable.flow_monitor, read_dump_flow, 74 | DEBUG | get result for dump flows 1634650229.315452 : ['OFPST_FLOW reply (OF1.3) (xid=0x2):', ' cookie=0x0, duration=74.389s, table=0, n_packets=33, n_bytes=3624, priority=0 actions=CONTROLLER:65535']
2021-10-19 13:30:29,320 | 3395 | tracing_net.flowtable.flow_monitor, read_dump_flow, 80 | DEBUG | parsed dump flows result to table 1634650229.315452 : <FlowTables(datapath=0, timestamp=1634650229.315452, flows=[<Flow(table=0, priority=0, match={}, actions=[<InstructionApplyAction type=4>])>])>
2021-10-19 13:30:30,262 | 3392 | tracing_net.flowtable.flow_monitor, dump_flows, 57 | DEBUG | exec dump flows on s0
2021-10-19 13:30:30,270 | 3392 | tracing_net.flowtable.flow_monitor, read_dump_flow, 74 | DEBUG | get result for dump flows 1634650230.26646 : ['OFPST_FLOW reply (OF1.3) (xid=0x2):', ' cookie=0x0, duration=85.300s, table=0, n_packets=44, n_bytes=4546, priority=0 actions=CONTROLLER:65535']
2021-10-19 13:30:30,271 | 3392 | tracing_net.flowtable.flow_monitor, read_dump_flow, 80 | DEBUG | parsed dump flows result to table 1634650230.26646 : <FlowTables(datapath=0, timestamp=1634650230.26646, flows=[<Flow(table=0, priority=0, match={}, actions=[<InstructionApplyAction type=4>])>])>
2021-10-19 13:30:30,311 | 3395 | tracing_net.flowtable.flow_monitor, dump_flows, 57 | DEBUG | exec dump flows on s1
2021-10-19 13:30:30,319 | 3395 | tracing_net.flowtable.flow_monitor, read_dump_flow, 74 | DEBUG | get result for dump flows 1634650230.315502 : ['OFPST_FLOW reply (OF1.3) (xid=0x2):', ' cookie=0x0, duration=75.389s, table=0, n_packets=33, n_bytes=3624, priority=0 actions=CONTROLLER:65535']
2021-10-19 13:30:30,320 | 3395 | tracing_net.flowtable.flow_monitor, read_dump_flow, 80 | DEBUG | parsed dump flows result to table 1634650230.315502 : <FlowTables(datapath=0, timestamp=1634650230.315502, flows=[<Flow(table=0, priority=0, match={}, actions=[<InstructionApplyAction type=4>])>])>
2021-10-19 13:30:31,261 | 3392 | tracing_net.flowtable.flow_monitor, dump_flows, 57 | DEBUG | exec dump flows on s0
2021-10-19 13:30:31,272 | 3392 | tracing_net.flowtable.flow_monitor, read_dump_flow, 74 | DEBUG | get result for dump flows 1634650231.268734 : ['OFPST_FLOW reply (OF1.3) (xid=0x2):', ' cookie=0x0, duration=86.302s, table=0, n_packets=44, n_bytes=4546, priority=0 actions=CONTROLLER:65535']
2021-10-19 13:30:31,275 | 3392 | tracing_net.flowtable.flow_monitor, read_dump_flow, 80 | DEBUG | parsed dump flows result to table 1634650231.268734 : <FlowTables(datapath=0, timestamp=1634650231.268734, flows=[<Flow(table=0, priority=0, match={}, actions=[<InstructionApplyAction type=4>])>])>
2021-10-19 13:30:31,311 | 3395 | tracing_net.flowtable.flow_monitor, dump_flows, 57 | DEBUG | exec dump flows on s1
2021-10-19 13:30:31,321 | 3395 | tracing_net.flowtable.flow_monitor, read_dump_flow, 74 | DEBUG | get result for dump flows 1634650231.316695 : ['OFPST_FLOW reply (OF1.3) (xid=0x2):', ' cookie=0x0, duration=76.391s, table=0, n_packets=33, n_bytes=3624, priority=0 actions=CONTROLLER:65535']
2021-10-19 13:30:31,322 | 3395 | tracing_net.flowtable.flow_monitor, read_dump_flow, 80 | DEBUG | parsed dump flows result to table 1634650231.316695 : <FlowTables(datapath=0, timestamp=1634650231.316695, flows=[<Flow(table=0, priority=0, match={}, actions=[<InstructionApplyAction type=4>])>])>
2021-10-19 13:30:32,261 | 3392 | tracing_net.flowtable.flow_monitor, dump_flows, 57 | DEBUG | exec dump flows on s0
2021-10-19 13:30:32,272 | 3392 | tracing_net.flowtable.flow_monitor, read_dump_flow, 74 | DEBUG | get result for dump flows 1634650232.266789 : ['OFPST_FLOW reply (OF1.3) (xid=0x2):', ' cookie=0x0, duration=87.302s, table=0, n_packets=44, n_bytes=4546, priority=0 actions=CONTROLLER:65535']
2021-10-19 13:30:32,273 | 3392 | tracing_net.flowtable.flow_monitor, read_dump_flow, 80 | DEBUG | parsed dump flows result to table 1634650232.266789 : <FlowTables(datapath=0, timestamp=1634650232.266789, flows=[<Flow(table=0, priority=0, match={}, actions=[<InstructionApplyAction type=4>])>])>
2021-10-19 13:30:32,310 | 3395 | tracing_net.flowtable.flow_monitor, dump_flows, 57 | DEBUG | exec dump flows on s1
2021-10-19 13:30:32,320 | 3395 | tracing_net.flowtable.flow_monitor, read_dump_flow, 74 | DEBUG | get result for dump flows 1634650232.316307 : ['OFPST_FLOW reply (OF1.3) (xid=0x2):', ' cookie=0x0, duration=77.390s, table=0, n_packets=33, n_bytes=3624, priority=0 actions=CONTROLLER:65535']
2021-10-19 13:30:32,321 | 3395 | tracing_net.flowtable.flow_monitor, read_dump_flow, 80 | DEBUG | parsed dump flows result to table 1634650232.316307 : <FlowTables(datapath=0, timestamp=1634650232.316307, flows=[<Flow(table=0, priority=0, match={}, actions=[<InstructionApplyAction type=4>])>])>
2021-10-19 13:30:33,263 | 3392 | tracing_net.flowtable.flow_monitor, dump_flows, 57 | DEBUG | exec dump flows on s0
2021-10-19 13:30:33,270 | 3392 | tracing_net.flowtable.flow_monitor, read_dump_flow, 74 | DEBUG | get result for dump flows 1634650233.267669 : ['OFPST_FLOW reply (OF1.3) (xid=0x2):', ' cookie=0x0, duration=88.301s, table=0, n_packets=44, n_bytes=4546, priority=0 actions=CONTROLLER:65535']
2021-10-19 13:30:33,272 | 3392 | tracing_net.flowtable.flow_monitor, read_dump_flow, 80 | DEBUG | parsed dump flows result to table 1634650233.267669 : <FlowTables(datapath=0, timestamp=1634650233.267669, flows=[<Flow(table=0, priority=0, match={}, actions=[<InstructionApplyAction type=4>])>])>
2021-10-19 13:30:33,313 | 3395 | tracing_net.flowtable.flow_monitor, dump_flows, 57 | DEBUG | exec dump flows on s1
2021-10-19 13:30:33,321 | 3395 | tracing_net.flowtable.flow_monitor, read_dump_flow, 74 | DEBUG | get result for dump flows 1634650233.317812 : ['OFPST_FLOW reply (OF1.3) (xid=0x2):', ' cookie=0x0, duration=78.391s, table=0, n_packets=33, n_bytes=3624, priority=0 actions=CONTROLLER:65535']
2021-10-19 13:30:33,322 | 3395 | tracing_net.flowtable.flow_monitor, read_dump_flow, 80 | DEBUG | parsed dump flows result to table 1634650233.317812 : <FlowTables(datapath=0, timestamp=1634650233.317812, flows=[<Flow(table=0, priority=0, match={}, actions=[<InstructionApplyAction type=4>])>])>
2021-10-19 13:30:34,261 | 3392 | tracing_net.flowtable.flow_monitor, dump_flows, 57 | DEBUG | exec dump flows on s0
2021-10-19 13:30:34,269 | 3392 | tracing_net.flowtable.flow_monitor, read_dump_flow, 74 | DEBUG | get result for dump flows 1634650234.265603 : ['OFPST_FLOW reply (OF1.3) (xid=0x2):', ' cookie=0x0, duration=89.299s, table=0, n_packets=44, n_bytes=4546, priority=0 actions=CONTROLLER:65535']
2021-10-19 13:30:34,270 | 3392 | tracing_net.flowtable.flow_monitor, read_dump_flow, 80 | DEBUG | parsed dump flows result to table 1634650234.265603 : <FlowTables(datapath=0, timestamp=1634650234.265603, flows=[<Flow(table=0, priority=0, match={}, actions=[<InstructionApplyAction type=4>])>])>
2021-10-19 13:30:34,312 | 3395 | tracing_net.flowtable.flow_monitor, dump_flows, 57 | DEBUG | exec dump flows on s1
2021-10-19 13:30:34,320 | 3395 | tracing_net.flowtable.flow_monitor, read_dump_flow, 74 | DEBUG | get result for dump flows 1634650234.316672 : ['OFPST_FLOW reply (OF1.3) (xid=0x2):', ' cookie=0x0, duration=79.390s, table=0, n_packets=33, n_bytes=3624, priority=0 actions=CONTROLLER:65535']
2021-10-19 13:30:34,321 | 3395 | tracing_net.flowtable.flow_monitor, read_dump_flow, 80 | DEBUG | parsed dump flows result to table 1634650234.316672 : <FlowTables(datapath=0, timestamp=1634650234.316672, flows=[<Flow(table=0, priority=0, match={}, actions=[<InstructionApplyAction type=4>])>])>
2021-10-19 13:30:35,262 | 3392 | tracing_net.flowtable.flow_monitor, dump_flows, 57 | DEBUG | exec dump flows on s0
2021-10-19 13:30:35,270 | 3392 | tracing_net.flowtable.flow_monitor, read_dump_flow, 74 | DEBUG | get result for dump flows 1634650235.266672 : ['OFPST_FLOW reply (OF1.3) (xid=0x2):', ' cookie=0x0, duration=90.300s, table=0, n_packets=44, n_bytes=4546, priority=0 actions=CONTROLLER:65535']
2021-10-19 13:30:35,271 | 3392 | tracing_net.flowtable.flow_monitor, read_dump_flow, 80 | DEBUG | parsed dump flows result to table 1634650235.266672 : <FlowTables(datapath=0, timestamp=1634650235.266672, flows=[<Flow(table=0, priority=0, match={}, actions=[<InstructionApplyAction type=4>])>])>
2021-10-19 13:30:35,314 | 3395 | tracing_net.flowtable.flow_monitor, dump_flows, 57 | DEBUG | exec dump flows on s1
2021-10-19 13:30:35,322 | 3395 | tracing_net.flowtable.flow_monitor, read_dump_flow, 74 | DEBUG | get result for dump flows 1634650235.318466 : ['OFPST_FLOW reply (OF1.3) (xid=0x2):', ' cookie=0x0, duration=80.392s, table=0, n_packets=33, n_bytes=3624, priority=0 actions=CONTROLLER:65535']
2021-10-19 13:30:35,323 | 3395 | tracing_net.flowtable.flow_monitor, read_dump_flow, 80 | DEBUG | parsed dump flows result to table 1634650235.318466 : <FlowTables(datapath=0, timestamp=1634650235.318466, flows=[<Flow(table=0, priority=0, match={}, actions=[<InstructionApplyAction type=4>])>])>
2021-10-19 13:30:36,262 | 3392 | tracing_net.flowtable.flow_monitor, dump_flows, 57 | DEBUG | exec dump flows on s0
2021-10-19 13:30:36,269 | 3392 | tracing_net.flowtable.flow_monitor, read_dump_flow, 74 | DEBUG | get result for dump flows 1634650236.266424 : ['OFPST_FLOW reply (OF1.3) (xid=0x2):', ' cookie=0x0, duration=91.299s, table=0, n_packets=44, n_bytes=4546, priority=0 actions=CONTROLLER:65535']
2021-10-19 13:30:36,271 | 3392 | tracing_net.flowtable.flow_monitor, read_dump_flow, 80 | DEBUG | parsed dump flows result to table 1634650236.266424 : <FlowTables(datapath=0, timestamp=1634650236.266424, flows=[<Flow(table=0, priority=0, match={}, actions=[<InstructionApplyAction type=4>])>])>
2021-10-19 13:30:36,311 | 3395 | tracing_net.flowtable.flow_monitor, dump_flows, 57 | DEBUG | exec dump flows on s1
2021-10-19 13:30:36,319 | 3395 | tracing_net.flowtable.flow_monitor, read_dump_flow, 74 | DEBUG | get result for dump flows 1634650236.315286 : ['OFPST_FLOW reply (OF1.3) (xid=0x2):', ' cookie=0x0, duration=81.389s, table=0, n_packets=33, n_bytes=3624, priority=0 actions=CONTROLLER:65535']
2021-10-19 13:30:36,320 | 3395 | tracing_net.flowtable.flow_monitor, read_dump_flow, 80 | DEBUG | parsed dump flows result to table 1634650236.315286 : <FlowTables(datapath=0, timestamp=1634650236.315286, flows=[<Flow(table=0, priority=0, match={}, actions=[<InstructionApplyAction type=4>])>])>
2021-10-19 13:30:37,267 | 3392 | tracing_net.flowtable.flow_monitor, dump_flows, 57 | DEBUG | exec dump flows on s0
2021-10-19 13:30:37,276 | 3392 | tracing_net.flowtable.flow_monitor, read_dump_flow, 74 | DEBUG | get result for dump flows 1634650237.273248 : ['OFPST_FLOW reply (OF1.3) (xid=0x2):', ' cookie=0x0, duration=92.306s, table=0, n_packets=44, n_bytes=4546, priority=0 actions=CONTROLLER:65535']
2021-10-19 13:30:37,277 | 3392 | tracing_net.flowtable.flow_monitor, read_dump_flow, 80 | DEBUG | parsed dump flows result to table 1634650237.273248 : <FlowTables(datapath=0, timestamp=1634650237.273248, flows=[<Flow(table=0, priority=0, match={}, actions=[<InstructionApplyAction type=4>])>])>
2021-10-19 13:30:37,313 | 3395 | tracing_net.flowtable.flow_monitor, dump_flows, 57 | DEBUG | exec dump flows on s1
2021-10-19 13:30:37,321 | 3395 | tracing_net.flowtable.flow_monitor, read_dump_flow, 74 | DEBUG | get result for dump flows 1634650237.318052 : ['OFPST_FLOW reply (OF1.3) (xid=0x2):', ' cookie=0x0, duration=82.391s, table=0, n_packets=33, n_bytes=3624, priority=0 actions=CONTROLLER:65535']
2021-10-19 13:30:37,322 | 3395 | tracing_net.flowtable.flow_monitor, read_dump_flow, 80 | DEBUG | parsed dump flows result to table 1634650237.318052 : <FlowTables(datapath=0, timestamp=1634650237.318052, flows=[<Flow(table=0, priority=0, match={}, actions=[<InstructionApplyAction type=4>])>])>
2021-10-19 13:30:38,262 | 3392 | tracing_net.flowtable.flow_monitor, dump_flows, 57 | DEBUG | exec dump flows on s0
2021-10-19 13:30:38,269 | 3392 | tracing_net.flowtable.flow_monitor, read_dump_flow, 74 | DEBUG | get result for dump flows 1634650238.266066 : ['OFPST_FLOW reply (OF1.3) (xid=0x2):', ' cookie=0x0, duration=93.299s, table=0, n_packets=44, n_bytes=4546, priority=0 actions=CONTROLLER:65535']
2021-10-19 13:30:38,271 | 3392 | tracing_net.flowtable.flow_monitor, read_dump_flow, 80 | DEBUG | parsed dump flows result to table 1634650238.266066 : <FlowTables(datapath=0, timestamp=1634650238.266066, flows=[<Flow(table=0, priority=0, match={}, actions=[<InstructionApplyAction type=4>])>])>
2021-10-19 13:30:38,311 | 3395 | tracing_net.flowtable.flow_monitor, dump_flows, 57 | DEBUG | exec dump flows on s1
2021-10-19 13:30:38,320 | 3395 | tracing_net.flowtable.flow_monitor, read_dump_flow, 74 | DEBUG | get result for dump flows 1634650238.315968 : ['OFPST_FLOW reply (OF1.3) (xid=0x2):', ' cookie=0x0, duration=83.390s, table=0, n_packets=33, n_bytes=3624, priority=0 actions=CONTROLLER:65535']
2021-10-19 13:30:38,321 | 3395 | tracing_net.flowtable.flow_monitor, read_dump_flow, 80 | DEBUG | parsed dump flows result to table 1634650238.315968 : <FlowTables(datapath=0, timestamp=1634650238.315968, flows=[<Flow(table=0, priority=0, match={}, actions=[<InstructionApplyAction type=4>])>])>
2021-10-19 13:30:38,925 | 3157 | tracing_net.net, stop_tracing, 541 | INFO | tracing stop
2021-10-19 13:30:38,938 | 3157 | tracing_net.packet_capture_manager, stop_capture, 120 | DEBUG | capture process (h0-eth0:3379) terminated
2021-10-19 13:30:38,944 | 3157 | tracing_net.packet_capture_manager, stop_capture, 120 | DEBUG | capture process (h1-eth0:3381) terminated
2021-10-19 13:30:38,969 | 3157 | tracing_net.packet_capture_manager, stop_capture, 120 | DEBUG | capture process (s0-eth3:3384) terminated
2021-10-19 13:30:38,982 | 3157 | tracing_net.packet_capture_manager, stop_capture, 120 | DEBUG | capture process (h2-eth0:3387) terminated
2021-10-19 13:30:38,986 | 3157 | tracing_net.packet_capture_manager, stop_capture, 120 | DEBUG | capture process (h3-eth0:3390) terminated
2021-10-19 13:30:38,993 | 3157 | tracing_net.flowtable.flow_table_manager, stop_poller, 101 | DEBUG | poller process (s0:3392) terminated
2021-10-19 13:30:38,998 | 3157 | tracing_net.flowtable.flow_table_manager, stop_poller, 101 | DEBUG | poller process (s1:3395) terminated
2021-10-19 13:30:39,035 | 3157 | tracing_of_pipeline, stop, 121 | INFO | OpenFlow Tracer Stop
2021-10-19 13:30:39,068 | 3157 | tracing_net.net, stop_tracing, 541 | INFO | tracing stop
2021-10-19 13:30:39,075 | 3157 | tracing_net.packet_capture_manager, stop_capture, 120 | DEBUG | capture process (h0-eth0:3379) terminated
2021-10-19 13:30:39,102 | 3157 | tracing_net.packet_capture_manager, stop_capture, 120 | DEBUG | capture process (h1-eth0:3381) terminated
2021-10-19 13:30:39,255 | 3157 | tracing_net.packet_capture_manager, stop_capture, 120 | DEBUG | capture process (s0-eth3:3384) terminated
2021-10-19 13:30:39,263 | 3157 | tracing_net.packet_capture_manager, stop_capture, 120 | DEBUG | capture process (h2-eth0:3387) terminated
2021-10-19 13:30:39,264 | 3157 | tracing_net.packet_capture_manager, stop_capture, 120 | DEBUG | capture process (h3-eth0:3390) terminated
2021-10-19 13:30:39,265 | 3157 | tracing_net.flowtable.flow_table_manager, stop_poller, 101 | DEBUG | poller process (s0:3392) terminated
2021-10-19 13:30:39,268 | 3157 | tracing_net.flowtable.flow_table_manager, stop_poller, 101 | DEBUG | poller process (s1:3395) terminated
2021-10-19 13:30:39,301 | 3157 | tracing_net.net, stop, 317 | INFO | mininet stop
2021-10-19 13:30:40,432 | 3157 | tracing_net.net, stop, 550 | DEBUG | mininet stopped and all capture processes closed
