2021-07-21 02:18:07,387 | 14842 | tracing_net.net, __init__, 96 | INFO | set up on-demand mininet
2021-07-21 02:18:07,396 | 14842 | tracing_net.net, start, 307 | INFO | mininet start
2021-07-21 02:18:07,406 | 14842 | tracing_net.net, add_switch, 113 | DEBUG | added the switch (s1)
2021-07-21 02:18:07,514 | 14842 | tracing_net.net, add_host, 159 | DEBUG | added the host (h1)
2021-07-21 02:18:07,581 | 14842 | tracing_net.net, add_link, 198 | DEBUG | added the link (l2) between s1 and h1
2021-07-21 02:18:07,671 | 14842 | tracing_net.net, add_switch, 113 | DEBUG | added the switch (s2)
2021-07-21 02:18:07,835 | 14842 | tracing_net.net, add_link, 198 | DEBUG | added the link (l1) between s1 and s2
2021-07-21 02:18:08,051 | 14842 | tracing_net.net, add_host, 159 | DEBUG | added the host (h2)
2021-07-21 02:18:08,149 | 14842 | tracing_net.net, add_link, 198 | DEBUG | added the link (l3) between s2 and h2
2021-07-21 02:18:08,325 | 14842 | tracing_net.packet_capture_manager, start_capture, 85 | DEBUG | capture process (s1-eth1:None) started
2021-07-21 02:18:08,337 | 14842 | tracing_net.packet_capture_manager, start_capture, 85 | DEBUG | capture process (s1-eth2:None) started
2021-07-21 02:18:08,379 | 14967 | tracing_net.util.packet_capture, start_capture, 56 | INFO | capture start on s1-eth1
2021-07-21 02:18:08,455 | 14842 | tracing_net.packet_capture_manager, start_capture, 85 | DEBUG | capture process (s2-eth2:None) started
2021-07-21 02:18:08,464 | 14969 | tracing_net.util.packet_capture, start_capture, 56 | INFO | capture start on s1-eth2
2021-07-21 02:18:08,473 | 14842 | tracing_net.flowtable.flow_monitor, __init__, 46 | INFO | flow monitor start : s1
2021-07-21 02:18:08,507 | 14972 | tracing_net.util.packet_capture, start_capture, 56 | INFO | capture start on s2-eth2
2021-07-21 02:18:08,539 | 14842 | tracing_net.flowtable.flow_monitor, __init__, 46 | INFO | flow monitor start : s2
2021-07-21 02:18:08,625 | 14977 | tracing_net.flowtable.flow_monitor, flow_monitor, 89 | DEBUG | flow monitor get result {'msg_type': 'NXST_FLOW_MONITOR', 'type': 'reply', 'xid': '0x4'}
2021-07-21 02:18:08,645 | 14974 | tracing_net.flowtable.flow_monitor, flow_monitor, 89 | DEBUG | flow monitor get result {'msg_type': 'NXST_FLOW_MONITOR', 'type': 'reply', 'xid': '0x4'}
2021-07-21 02:18:09,538 | 14974 | tracing_net.flowtable.flow_monitor, dump_flows, 57 | DEBUG | dump flows on s1
2021-07-21 02:18:09,584 | 14977 | tracing_net.flowtable.flow_monitor, dump_flows, 57 | DEBUG | dump flows on s2
2021-07-21 02:18:09,604 | 14974 | tracing_net.flowtable.flow_monitor, read_dump_flow, 73 | DEBUG | get result for dump flow 1626833889.56402 : ['OFPST_FLOW reply (OF1.3) (xid=0x2):']
2021-07-21 02:18:09,620 | 14977 | tracing_net.flowtable.flow_monitor, read_dump_flow, 73 | DEBUG | get result for dump flow 1626833889.609569 : ['OFPST_FLOW reply (OF1.3) (xid=0x2):']
2021-07-21 02:18:10,538 | 14974 | tracing_net.flowtable.flow_monitor, dump_flows, 57 | DEBUG | dump flows on s1
2021-07-21 02:18:10,560 | 14974 | tracing_net.flowtable.flow_monitor, read_dump_flow, 73 | DEBUG | get result for dump flow 1626833890.547794 : ['OFPST_FLOW reply (OF1.3) (xid=0x2):']
2021-07-21 02:18:10,571 | 14977 | tracing_net.flowtable.flow_monitor, dump_flows, 57 | DEBUG | dump flows on s2
2021-07-21 02:18:10,572 | 14842 | tracing_net.packet_repository, pop, 73 | ERROR | Failed to pop from packet repository (repo={})
2021-07-21 02:18:10,573 | 14842 | tracing_net.packet_repository, pop, 73 | ERROR | Failed to pop from packet repository (repo={})
2021-07-21 02:18:10,573 | 14842 | tracing_net.packet_repository, pop, 73 | ERROR | Failed to pop from packet repository (repo={})
2021-07-21 02:18:10,574 | 14842 | tracing_of_pipeline.analyzer, _poll_packet_inout_repo, 306 | DEBUG | tmp_p = None, s_dpip = 1
2021-07-21 02:18:10,575 | 14842 | tracing_of_pipeline.analyzer, _poll_packet_inout_repo, 306 | DEBUG | tmp_p = None, s_dpip = 2
2021-07-21 02:18:10,575 | 14842 | tracing_of_pipeline.analyzer, _polling, 279 | DEBUG | polled (start_time=1626833888.571611, until=0) values = {'l2': [], 'l1': [], 'l3': []} {} {'s1': [], 's2': []}
2021-07-21 02:18:10,576 | 14842 | tracing_of_pipeline.analyzer, analyze, 164 | WARNING | Fuck!!!!!!!! s1-eth1
2021-07-21 02:18:10,576 | 14842 | tracing_of_pipeline.analyzer, analyze, 164 | WARNING | Fuck!!!!!!!! s1-eth2
2021-07-21 02:18:10,576 | 14842 | tracing_of_pipeline.analyzer, analyze, 164 | WARNING | Fuck!!!!!!!! s2-eth2
2021-07-21 02:18:10,583 | 14977 | tracing_net.flowtable.flow_monitor, read_dump_flow, 73 | DEBUG | get result for dump flow 1626833890.578336 : ['OFPST_FLOW reply (OF1.3) (xid=0x2):']
2021-07-21 02:18:11,076 | 14969 | tracing_net.util.packet_capture, _packet_handler, 72 | DEBUG | sniff 1626833890.693741624 : <class 'pyshark.packet.packet.Packet'>
2021-07-21 02:18:11,115 | 14972 | tracing_net.util.packet_capture, _packet_handler, 72 | DEBUG | sniff 1626833890.355212115 : <class 'pyshark.packet.packet.Packet'>
2021-07-21 02:18:11,710 | 14977 | tracing_net.flowtable.flow_monitor, dump_flows, 57 | DEBUG | dump flows on s2
2021-07-21 02:18:11,743 | 14974 | tracing_net.flowtable.flow_monitor, dump_flows, 57 | DEBUG | dump flows on s1
2021-07-21 02:18:11,843 | 14969 | tracing_net.util.packet_capture, _packet_handler, 72 | DEBUG | sniff 1626833890.862087697 : <class 'pyshark.packet.packet.Packet'>
2021-07-21 02:18:11,980 | 14977 | tracing_net.flowtable.flow_monitor, read_dump_flow, 73 | DEBUG | get result for dump flow 1626833891.919334 : ['OFPST_FLOW reply (OF1.3) (xid=0x2):']
2021-07-21 02:18:12,251 | 14974 | tracing_net.flowtable.flow_monitor, read_dump_flow, 73 | DEBUG | get result for dump flow 1626833892.19815 : ['OFPST_FLOW reply (OF1.3) (xid=0x2):']
2021-07-21 02:18:12,423 | 14969 | tracing_net.util.packet_capture, _packet_handler, 72 | DEBUG | sniff 1626833891.394896078 : <class 'pyshark.packet.packet.Packet'>
2021-07-21 02:18:12,426 | 14972 | tracing_net.util.packet_capture, _packet_handler, 72 | DEBUG | sniff 1626833891.043586241 : <class 'pyshark.packet.packet.Packet'>
2021-07-21 02:18:12,457 | 14967 | tracing_net.util.packet_capture, _packet_handler, 72 | DEBUG | sniff 1626833891.832758448 : <class 'pyshark.packet.packet.Packet'>
2021-07-21 02:18:12,584 | 14974 | tracing_net.flowtable.flow_monitor, dump_flows, 57 | DEBUG | dump flows on s1
2021-07-21 02:18:12,587 | 14977 | tracing_net.flowtable.flow_monitor, dump_flows, 57 | DEBUG | dump flows on s2
2021-07-21 02:18:12,616 | 14842 | tracing_of_pipeline.analyzer, _poll_packet_inout_repo, 306 | DEBUG | tmp_p = None, s_dpip = 1
2021-07-21 02:18:12,618 | 14842 | tracing_of_pipeline.analyzer, _poll_packet_inout_repo, 306 | DEBUG | tmp_p = None, s_dpip = 2
2021-07-21 02:18:12,620 | 14842 | tracing_of_pipeline.analyzer, _polling, 279 | DEBUG | polled (start_time=1626833888.571611, until=1) values = {'l2': [], 'l1': [], 'l3': [<Msg captured_interface=s2-eth2, sniff_timestamp=1626833890.3552122, pkt=<UDP/MDNS_RAW Packet>, in_port=s2-eth2, in_phy_port=s2-eth2>]} {} {'s1': [], 's2': []}
2021-07-21 02:18:12,728 | 14842 | tracing_of_pipeline.analyzer, analyze, 164 | WARNING | Fuck!!!!!!!! s1-eth1
2021-07-21 02:18:12,732 | 14842 | tracing_of_pipeline.analyzer, analyze, 164 | WARNING | Fuck!!!!!!!! s1-eth2
2021-07-21 02:18:12,787 | 14974 | tracing_net.flowtable.flow_monitor, read_dump_flow, 73 | DEBUG | get result for dump flow 1626833892.619498 : ['OFPST_FLOW reply (OF1.3) (xid=0x2):']
2021-07-21 02:18:12,877 | 14977 | tracing_net.flowtable.flow_monitor, read_dump_flow, 73 | DEBUG | get result for dump flow 1626833892.792836 : ['OFPST_FLOW reply (OF1.3) (xid=0x2):']
2021-07-21 02:18:12,734 | 14842 | tracing_of_pipeline.analyzer, analyze, 149 | DEBUG | terminal edge host=h2, switch=s2, switch_port=s2-eth2
2021-07-21 02:18:12,921 | 14842 | tracing_of_pipeline.analyzer, BFS, 181 | DEBUG | processing msg <Msg captured_interface=s2-eth2, sniff_timestamp=1626833890.3552122, pkt=<UDP/MDNS_RAW Packet>, in_port=2, in_phy_port=s2-eth2>
2021-07-21 02:18:12,929 | 14842 | tracing_of_pipeline.analyzer, BFS, 244 | DEBUG | dst None is not flowtable
2021-07-21 02:18:12,930 | 14842 | tracing_of_pipeline.analyzer, analyze, 158 | DEBUG | get trace [{'src': 'h2', 'msg': '<UDP/MDNS_RAW Packet>', 'edge': 'l3', 'dst': None}]
2021-07-21 02:18:12,972 | 14969 | tracing_net.util.packet_capture, _packet_handler, 72 | DEBUG | sniff 1626833892.278085170 : <class 'pyshark.packet.packet.Packet'>
2021-07-21 02:18:12,979 | 14969 | tracing_net.util.packet_capture, _packet_handler, 72 | DEBUG | sniff 1626833892.711458678 : <class 'pyshark.packet.packet.Packet'>
2021-07-21 02:18:13,220 | 14967 | tracing_net.util.packet_capture, _packet_handler, 72 | DEBUG | sniff 1626833892.421554129 : <class 'pyshark.packet.packet.Packet'>
2021-07-21 02:18:13,229 | 14972 | tracing_net.util.packet_capture, _packet_handler, 72 | DEBUG | sniff 1626833892.409776749 : <class 'pyshark.packet.packet.Packet'>
2021-07-21 02:18:13,484 | 14969 | tracing_net.util.packet_capture, _packet_handler, 72 | DEBUG | sniff 1626833892.883842387 : <class 'pyshark.packet.packet.Packet'>
2021-07-21 02:18:13,492 | 14972 | tracing_net.util.packet_capture, _packet_handler, 72 | DEBUG | sniff 1626833893.062777039 : <class 'pyshark.packet.packet.Packet'>
2021-07-21 02:18:13,505 | 14969 | tracing_net.util.packet_capture, _packet_handler, 72 | DEBUG | sniff 1626833893.410771123 : <class 'pyshark.packet.packet.Packet'>
2021-07-21 02:18:13,541 | 14974 | tracing_net.flowtable.flow_monitor, dump_flows, 57 | DEBUG | dump flows on s1
2021-07-21 02:18:13,585 | 14977 | tracing_net.flowtable.flow_monitor, dump_flows, 57 | DEBUG | dump flows on s2
2021-07-21 02:18:13,657 | 14974 | tracing_net.flowtable.flow_monitor, read_dump_flow, 73 | DEBUG | get result for dump flow 1626833893.636944 : ['OFPST_FLOW reply (OF1.3) (xid=0x2):']
2021-07-21 02:18:13,875 | 14977 | tracing_net.flowtable.flow_monitor, read_dump_flow, 73 | DEBUG | get result for dump flow 1626833893.658953 : ['OFPST_FLOW reply (OF1.3) (xid=0x2):']
2021-07-21 02:18:13,874 | 14967 | tracing_net.util.packet_capture, _packet_handler, 72 | DEBUG | sniff 1626833893.124636641 : <class 'pyshark.packet.packet.Packet'>
2021-07-21 02:18:14,056 | 14969 | tracing_net.util.packet_capture, _packet_handler, 72 | DEBUG | sniff 1626833893.416855184 : <class 'pyshark.packet.packet.Packet'>
2021-07-21 02:18:14,058 | 14972 | tracing_net.util.packet_capture, _packet_handler, 72 | DEBUG | sniff 1626833893.410740640 : <class 'pyshark.packet.packet.Packet'>
2021-07-21 02:18:14,538 | 14974 | tracing_net.flowtable.flow_monitor, dump_flows, 57 | DEBUG | dump flows on s1
2021-07-21 02:18:14,620 | 14842 | tracing_of_pipeline.analyzer, _poll_packet_inout_repo, 306 | DEBUG | tmp_p = None, s_dpip = 1
2021-07-21 02:18:14,628 | 14842 | tracing_of_pipeline.analyzer, _poll_packet_inout_repo, 306 | DEBUG | tmp_p = None, s_dpip = 2
2021-07-21 02:18:14,630 | 14842 | tracing_of_pipeline.analyzer, _polling, 279 | DEBUG | polled (start_time=1626833888.571611, until=2) values = {'l2': [<Msg captured_interface=s1-eth1, sniff_timestamp=1626833891.8327584, pkt=<UDP/MDNS_RAW Packet>, in_port=s1-eth1, in_phy_port=s1-eth1>, <Msg captured_interface=s1-eth1, sniff_timestamp=1626833892.421554, pkt=<UDP/MDNS_RAW Packet>, in_port=s1-eth1, in_phy_port=s1-eth1>], 'l1': [<Msg captured_interface=s1-eth2, sniff_timestamp=1626833890.6937416, pkt=<UDP/MDNS_RAW Packet>, in_port=s1-eth2, in_phy_port=s1-eth2>, <Msg captured_interface=s1-eth2, sniff_timestamp=1626833890.8620877, pkt=<UDP/MDNS_RAW Packet>, in_port=s1-eth2, in_phy_port=s1-eth2>, <Msg captured_interface=s1-eth2, sniff_timestamp=1626833891.394896, pkt=<UDP/MDNS_RAW Packet>, in_port=s1-eth2, in_phy_port=s1-eth2>, <Msg captured_interface=s1-eth2, sniff_timestamp=1626833892.2780852, pkt=<UDP/MDNS_RAW Packet>, in_port=s1-eth2, in_phy_port=s1-eth2>], 'l3': [<Msg captured_interface=s2-eth2, sniff_timestamp=1626833890.3552122, pkt=<UDP/MDNS_RAW Packet>, in_port=2, in_phy_port=s2-eth2>, <Msg captured_interface=s2-eth2, sniff_timestamp=1626833891.0435863, pkt=<UDP/MDNS_RAW Packet>, in_port=s2-eth2, in_phy_port=s2-eth2>, <Msg captured_interface=s2-eth2, sniff_timestamp=1626833892.4097767, pkt=<UDP/MDNS_RAW Packet>, in_port=s2-eth2, in_phy_port=s2-eth2>]} {} {'s1': [], 's2': []}
2021-07-21 02:18:14,631 | 14842 | tracing_of_pipeline.analyzer, analyze, 149 | DEBUG | terminal edge host=h1, switch=s1, switch_port=s1-eth1
2021-07-21 02:18:14,632 | 14842 | tracing_of_pipeline.analyzer, BFS, 181 | DEBUG | processing msg <Msg captured_interface=s1-eth1, sniff_timestamp=1626833891.8327584, pkt=<UDP/MDNS_RAW Packet>, in_port=1, in_phy_port=s1-eth1>
2021-07-21 02:18:14,636 | 14842 | tracing_of_pipeline.analyzer, BFS, 244 | DEBUG | dst None is not flowtable
2021-07-21 02:18:14,638 | 14974 | tracing_net.flowtable.flow_monitor, read_dump_flow, 73 | DEBUG | get result for dump flow 1626833894.612512 : ['OFPST_FLOW reply (OF1.3) (xid=0x2):']
2021-07-21 02:18:14,637 | 14977 | tracing_net.flowtable.flow_monitor, dump_flows, 57 | DEBUG | dump flows on s2
2021-07-21 02:18:14,639 | 14842 | tracing_of_pipeline.analyzer, analyze, 158 | DEBUG | get trace [{'src': 'h1', 'msg': '<UDP/MDNS_RAW Packet>', 'edge': 'l2', 'dst': None}]
2021-07-21 02:18:14,644 | 14842 | tracing_of_pipeline.analyzer, analyze, 149 | DEBUG | terminal edge host=h1, switch=s1, switch_port=s1-eth1
2021-07-21 02:18:14,645 | 14842 | tracing_of_pipeline.analyzer, BFS, 181 | DEBUG | processing msg <Msg captured_interface=s1-eth1, sniff_timestamp=1626833892.421554, pkt=<UDP/MDNS_RAW Packet>, in_port=1, in_phy_port=s1-eth1>
2021-07-21 02:18:14,653 | 14842 | tracing_of_pipeline.analyzer, BFS, 244 | DEBUG | dst None is not flowtable
2021-07-21 02:18:14,763 | 14842 | tracing_of_pipeline.analyzer, analyze, 158 | DEBUG | get trace [{'src': 'h1', 'msg': '<UDP/MDNS_RAW Packet>', 'edge': 'l2', 'dst': None}]
2021-07-21 02:18:14,794 | 14842 | tracing_of_pipeline.analyzer, analyze, 160 | WARNING | Packet <Msg captured_interface=s1-eth2, sniff_timestamp=1626833890.6937416, pkt=<UDP/MDNS_RAW Packet>, in_port=s1-eth2, in_phy_port=s1-eth2> is not terminal edge
2021-07-21 02:18:14,812 | 14842 | tracing_of_pipeline.analyzer, analyze, 160 | WARNING | Packet <Msg captured_interface=s1-eth2, sniff_timestamp=1626833890.8620877, pkt=<UDP/MDNS_RAW Packet>, in_port=s1-eth2, in_phy_port=s1-eth2> is not terminal edge
2021-07-21 02:18:14,814 | 14842 | tracing_of_pipeline.analyzer, analyze, 160 | WARNING | Packet <Msg captured_interface=s1-eth2, sniff_timestamp=1626833891.394896, pkt=<UDP/MDNS_RAW Packet>, in_port=s1-eth2, in_phy_port=s1-eth2> is not terminal edge
2021-07-21 02:18:14,836 | 14842 | tracing_of_pipeline.analyzer, analyze, 160 | WARNING | Packet <Msg captured_interface=s1-eth2, sniff_timestamp=1626833892.2780852, pkt=<UDP/MDNS_RAW Packet>, in_port=s1-eth2, in_phy_port=s1-eth2> is not terminal edge
2021-07-21 02:18:14,839 | 14842 | tracing_of_pipeline.analyzer, analyze, 149 | DEBUG | terminal edge host=h2, switch=s2, switch_port=s2-eth2
2021-07-21 02:18:14,857 | 14842 | tracing_of_pipeline.analyzer, BFS, 181 | DEBUG | processing msg <Msg captured_interface=s2-eth2, sniff_timestamp=1626833890.3552122, pkt=<UDP/MDNS_RAW Packet>, in_port=2, in_phy_port=s2-eth2>
2021-07-21 02:18:14,881 | 14842 | tracing_of_pipeline.analyzer, BFS, 244 | DEBUG | dst None is not flowtable
2021-07-21 02:18:14,891 | 14842 | tracing_of_pipeline.analyzer, analyze, 158 | DEBUG | get trace [{'src': 'h2', 'msg': '<UDP/MDNS_RAW Packet>', 'edge': 'l3', 'dst': None}]
2021-07-21 02:18:14,892 | 14842 | tracing_of_pipeline.analyzer, analyze, 149 | DEBUG | terminal edge host=h2, switch=s2, switch_port=s2-eth2
2021-07-21 02:18:14,893 | 14842 | tracing_of_pipeline.analyzer, BFS, 181 | DEBUG | processing msg <Msg captured_interface=s2-eth2, sniff_timestamp=1626833891.0435863, pkt=<UDP/MDNS_RAW Packet>, in_port=2, in_phy_port=s2-eth2>
2021-07-21 02:18:14,913 | 14842 | tracing_of_pipeline.analyzer, BFS, 244 | DEBUG | dst None is not flowtable
2021-07-21 02:18:14,928 | 14842 | tracing_of_pipeline.analyzer, analyze, 158 | DEBUG | get trace [{'src': 'h2', 'msg': '<UDP/MDNS_RAW Packet>', 'edge': 'l3', 'dst': None}]
2021-07-21 02:18:14,928 | 14977 | tracing_net.flowtable.flow_monitor, read_dump_flow, 73 | DEBUG | get result for dump flow 1626833894.852819 : ['OFPST_FLOW reply (OF1.3) (xid=0x2):']
2021-07-21 02:18:14,928 | 14842 | tracing_of_pipeline.analyzer, analyze, 149 | DEBUG | terminal edge host=h2, switch=s2, switch_port=s2-eth2
2021-07-21 02:18:14,929 | 14842 | tracing_of_pipeline.analyzer, BFS, 181 | DEBUG | processing msg <Msg captured_interface=s2-eth2, sniff_timestamp=1626833892.4097767, pkt=<UDP/MDNS_RAW Packet>, in_port=2, in_phy_port=s2-eth2>
2021-07-21 02:18:14,964 | 14842 | tracing_of_pipeline.analyzer, BFS, 244 | DEBUG | dst None is not flowtable
2021-07-21 02:18:14,978 | 14842 | tracing_of_pipeline.analyzer, analyze, 158 | DEBUG | get trace [{'src': 'h2', 'msg': '<UDP/MDNS_RAW Packet>', 'edge': 'l3', 'dst': None}]
2021-07-21 02:18:15,539 | 14974 | tracing_net.flowtable.flow_monitor, dump_flows, 57 | DEBUG | dump flows on s1
2021-07-21 02:18:15,557 | 14974 | tracing_net.flowtable.flow_monitor, read_dump_flow, 73 | DEBUG | get result for dump flow 1626833895.550563 : ['OFPST_FLOW reply (OF1.3) (xid=0x2):']
2021-07-21 02:18:15,571 | 14977 | tracing_net.flowtable.flow_monitor, dump_flows, 57 | DEBUG | dump flows on s2
2021-07-21 02:18:15,618 | 14977 | tracing_net.flowtable.flow_monitor, read_dump_flow, 73 | DEBUG | get result for dump flow 1626833895.592564 : ['OFPST_FLOW reply (OF1.3) (xid=0x2):']
2021-07-21 02:18:16,006 | 14967 | tracing_net.util.packet_capture, _packet_handler, 72 | DEBUG | sniff 1626833893.645327286 : <class 'pyshark.packet.packet.Packet'>
2021-07-21 02:18:16,436 | 14974 | tracing_net.flowtable.flow_monitor, flow_monitor, 89 | DEBUG | flow monitor get result {'msg_type': 'NXST_FLOW_MONITOR', 'type': 'reply', 'xid': '0x0'}
2021-07-21 02:18:16,437 | 14974 | tracing_net.flowtable.flow_monitor, flow_monitor, 89 | DEBUG | flow monitor get result {'event': 'ADDED', 'table': '0', 'cookie': '0', 'actions': 'CONTROLLER:65535'}
2021-07-21 02:18:16,472 | 14977 | tracing_net.flowtable.flow_monitor, flow_monitor, 89 | DEBUG | flow monitor get result {'msg_type': 'NXST_FLOW_MONITOR', 'type': 'reply', 'xid': '0x0'}
2021-07-21 02:18:16,473 | 14977 | tracing_net.flowtable.flow_monitor, flow_monitor, 89 | DEBUG | flow monitor get result {'event': 'ADDED', 'table': '0', 'cookie': '0', 'actions': 'CONTROLLER:65535'}
2021-07-21 02:18:16,521 | 14969 | tracing_net.util.packet_capture, _packet_handler, 72 | DEBUG | sniff 1626833893.891236744 : <class 'pyshark.packet.packet.Packet'>
2021-07-21 02:18:16,539 | 14974 | tracing_net.flowtable.flow_monitor, dump_flows, 57 | DEBUG | dump flows on s1
2021-07-21 02:18:16,761 | 14842 | tracing_of_pipeline.analyzer, _poll_packet_inout_repo, 306 | DEBUG | tmp_p = None, s_dpip = 1
2021-07-21 02:18:16,760 | 14977 | tracing_net.flowtable.flow_monitor, dump_flows, 57 | DEBUG | dump flows on s2
2021-07-21 02:18:16,890 | 14974 | tracing_net.flowtable.flow_monitor, read_dump_flow, 73 | DEBUG | get result for dump flow 1626833896.758581 : ['OFPST_FLOW reply (OF1.3) (xid=0x2):', ' cookie=0x0, duration=0.452s, table=0, n_packets=0, n_bytes=0, priority=0 actions=CONTROLLER:65535']
2021-07-21 02:18:16,895 | 14842 | tracing_of_pipeline.analyzer, _poll_packet_inout_repo, 306 | DEBUG | tmp_p = None, s_dpip = 2
2021-07-21 02:18:16,932 | 14972 | tracing_net.util.packet_capture, _packet_handler, 72 | DEBUG | sniff 1626833893.891247185 : <class 'pyshark.packet.packet.Packet'>
2021-07-21 02:18:16,897 | 14842 | tracing_of_pipeline.analyzer, _polling, 279 | DEBUG | polled (start_time=1626833888.571611, until=3) values = {'l2': [<Msg captured_interface=s1-eth1, sniff_timestamp=1626833891.8327584, pkt=<UDP/MDNS_RAW Packet>, in_port=1, in_phy_port=s1-eth1>, <Msg captured_interface=s1-eth1, sniff_timestamp=1626833892.421554, pkt=<UDP/MDNS_RAW Packet>, in_port=1, in_phy_port=s1-eth1>, <Msg captured_interface=s1-eth1, sniff_timestamp=1626833893.1246367, pkt=<ICMPV6_RAW Packet>, in_port=s1-eth1, in_phy_port=s1-eth1>, <Msg captured_interface=s1-eth1, sniff_timestamp=1626833893.6453273, pkt=<ICMPV6_RAW Packet>, in_port=s1-eth1, in_phy_port=s1-eth1>], 'l1': [<Msg captured_interface=s1-eth2, sniff_timestamp=1626833890.6937416, pkt=<UDP/MDNS_RAW Packet>, in_port=s1-eth2, in_phy_port=s1-eth2>, <Msg captured_interface=s1-eth2, sniff_timestamp=1626833890.8620877, pkt=<UDP/MDNS_RAW Packet>, in_port=s1-eth2, in_phy_port=s1-eth2>, <Msg captured_interface=s1-eth2, sniff_timestamp=1626833891.394896, pkt=<UDP/MDNS_RAW Packet>, in_port=s1-eth2, in_phy_port=s1-eth2>, <Msg captured_interface=s1-eth2, sniff_timestamp=1626833892.2780852, pkt=<UDP/MDNS_RAW Packet>, in_port=s1-eth2, in_phy_port=s1-eth2>, <Msg captured_interface=s1-eth2, sniff_timestamp=1626833892.7114587, pkt=<UDP/MDNS_RAW Packet>, in_port=s1-eth2, in_phy_port=s1-eth2>, <Msg captured_interface=s1-eth2, sniff_timestamp=1626833892.8838425, pkt=<UDP/MDNS_RAW Packet>, in_port=s1-eth2, in_phy_port=s1-eth2>, <Msg captured_interface=s1-eth2, sniff_timestamp=1626833893.4107711, pkt=<ICMPV6_RAW Packet>, in_port=s1-eth2, in_phy_port=s1-eth2>, <Msg captured_interface=s1-eth2, sniff_timestamp=1626833893.416855, pkt=<UDP/MDNS_RAW Packet>, in_port=s1-eth2, in_phy_port=s1-eth2>, <Msg captured_interface=s1-eth2, sniff_timestamp=1626833893.8912368, pkt=<ICMPV6_RAW Packet>, in_port=s1-eth2, in_phy_port=s1-eth2>], 'l3': [<Msg captured_interface=s2-eth2, sniff_timestamp=1626833890.3552122, pkt=<UDP/MDNS_RAW Packet>, in_port=2, in_phy_port=s2-eth2>, <Msg captured_interface=s2-eth2, sniff_timestamp=1626833891.0435863, pkt=<UDP/MDNS_RAW Packet>, in_port=2, in_phy_port=s2-eth2>, <Msg captured_interface=s2-eth2, sniff_timestamp=1626833892.4097767, pkt=<UDP/MDNS_RAW Packet>, in_port=2, in_phy_port=s2-eth2>, <Msg captured_interface=s2-eth2, sniff_timestamp=1626833893.062777, pkt=<UDP/MDNS_RAW Packet>, in_port=s2-eth2, in_phy_port=s2-eth2>, <Msg captured_interface=s2-eth2, sniff_timestamp=1626833893.4107406, pkt=<ICMPV6_RAW Packet>, in_port=s2-eth2, in_phy_port=s2-eth2>]} {} {'s1': [], 's2': []}
2021-07-21 02:18:17,185 | 14842 | tracing_of_pipeline.analyzer, analyze, 149 | DEBUG | terminal edge host=h1, switch=s1, switch_port=s1-eth1
2021-07-21 02:18:17,188 | 14842 | tracing_of_pipeline.analyzer, BFS, 181 | DEBUG | processing msg <Msg captured_interface=s1-eth1, sniff_timestamp=1626833891.8327584, pkt=<UDP/MDNS_RAW Packet>, in_port=1, in_phy_port=s1-eth1>
2021-07-21 02:18:17,193 | 14842 | tracing_of_pipeline.analyzer, BFS, 244 | DEBUG | dst None is not flowtable
2021-07-21 02:18:17,208 | 14842 | tracing_of_pipeline.analyzer, analyze, 158 | DEBUG | get trace [{'src': 'h1', 'msg': '<UDP/MDNS_RAW Packet>', 'edge': 'l2', 'dst': None}]
2021-07-21 02:18:17,214 | 14842 | tracing_of_pipeline.analyzer, analyze, 149 | DEBUG | terminal edge host=h1, switch=s1, switch_port=s1-eth1
2021-07-21 02:18:17,227 | 14842 | tracing_of_pipeline.analyzer, BFS, 181 | DEBUG | processing msg <Msg captured_interface=s1-eth1, sniff_timestamp=1626833892.421554, pkt=<UDP/MDNS_RAW Packet>, in_port=1, in_phy_port=s1-eth1>
2021-07-21 02:18:17,319 | 14969 | tracing_net.util.packet_capture, _packet_handler, 72 | DEBUG | sniff 1626833896.279321007 : <class 'pyshark.packet.packet.Packet'>
2021-07-21 02:18:17,320 | 14842 | tracing_of_pipeline.analyzer, BFS, 244 | DEBUG | dst None is not flowtable
2021-07-21 02:18:17,322 | 14842 | tracing_of_pipeline.analyzer, analyze, 158 | DEBUG | get trace [{'src': 'h1', 'msg': '<UDP/MDNS_RAW Packet>', 'edge': 'l2', 'dst': None}]
2021-07-21 02:18:17,323 | 14842 | tracing_of_pipeline.analyzer, analyze, 149 | DEBUG | terminal edge host=h1, switch=s1, switch_port=s1-eth1
2021-07-21 02:18:17,324 | 14842 | tracing_of_pipeline.analyzer, BFS, 181 | DEBUG | processing msg <Msg captured_interface=s1-eth1, sniff_timestamp=1626833893.1246367, pkt=<ICMPV6_RAW Packet>, in_port=1, in_phy_port=s1-eth1>
2021-07-21 02:18:17,335 | 14974 | tracing_net.flowtable.flow_monitor, read_dump_flow, 78 | DEBUG | parsed result to table 1626833896.758581 : <FlowTables(datapath=0, timestamp=1626833896.758581, flows=[<Flow(table=0, priority=0, match={}, actions=[<InstructionApplyAction type=4>])>])>
2021-07-21 02:18:17,337 | 14842 | tracing_net.flowtable.table_repository, add, 88 | DEBUG | Table repo added table <FlowTables(datapath=0, timestamp=1626833896.758581, flows=[<Flow(table=0, priority=0, match={}, actions=[<InstructionApplyAction type=4>])>])>
2021-07-21 02:18:17,573 | 14977 | tracing_net.flowtable.flow_monitor, dump_flows, 57 | DEBUG | dump flows on s2
2021-07-21 02:18:17,809 | 14967 | tracing_net.util.packet_capture, _packet_handler, 72 | DEBUG | sniff 1626833895.889433366 : <class 'pyshark.packet.packet.Packet'>
2021-07-21 02:18:17,330 | 14842 | tracing_of_pipeline.analyzer, BFS, 244 | DEBUG | dst None is not flowtable
2021-07-21 02:18:17,812 | 14842 | tracing_of_pipeline.analyzer, analyze, 158 | DEBUG | get trace [{'src': 'h1', 'msg': '<ICMPV6_RAW Packet>', 'edge': 'l2', 'dst': None}]
2021-07-21 02:18:17,808 | 14842 | tracing_of_pipeline, _handle_child_conn, 113 | DEBUG | get from ofcapture <Message msg_name=OFPT_PACKET_IN of_msg=PacketIn(xid=UBInt32(0)) timestamp=1626833897.224222 local_port=51934 datapath_id=1>
2021-07-21 02:18:17,816 | 14842 | tracing_of_pipeline, _handle_child_conn, 113 | DEBUG | get from ofcapture <Message msg_name=OFPT_PACKET_OUT of_msg=PacketOut(xid=UBInt32(3170934848)) timestamp=1626833897.360221 local_port=51934 datapath_id=1>
2021-07-21 02:18:17,914 | 14974 | tracing_net.flowtable.flow_monitor, dump_flows, 57 | DEBUG | dump flows on s1
2021-07-21 02:18:17,813 | 14842 | tracing_of_pipeline.analyzer, analyze, 149 | DEBUG | terminal edge host=h1, switch=s1, switch_port=s1-eth1
2021-07-21 02:18:17,920 | 14842 | tracing_of_pipeline.analyzer, BFS, 181 | DEBUG | processing msg <Msg captured_interface=s1-eth1, sniff_timestamp=1626833893.6453273, pkt=<ICMPV6_RAW Packet>, in_port=1, in_phy_port=s1-eth1>
2021-07-21 02:18:17,924 | 14842 | tracing_of_pipeline.analyzer, BFS, 244 | DEBUG | dst None is not flowtable
2021-07-21 02:18:17,926 | 14842 | tracing_of_pipeline.analyzer, analyze, 158 | DEBUG | get trace [{'src': 'h1', 'msg': '<ICMPV6_RAW Packet>', 'edge': 'l2', 'dst': None}]
2021-07-21 02:18:17,930 | 14842 | tracing_of_pipeline.analyzer, analyze, 160 | WARNING | Packet <Msg captured_interface=s1-eth2, sniff_timestamp=1626833890.6937416, pkt=<UDP/MDNS_RAW Packet>, in_port=s1-eth2, in_phy_port=s1-eth2> is not terminal edge
2021-07-21 02:18:17,931 | 14842 | tracing_of_pipeline.analyzer, analyze, 160 | WARNING | Packet <Msg captured_interface=s1-eth2, sniff_timestamp=1626833890.8620877, pkt=<UDP/MDNS_RAW Packet>, in_port=s1-eth2, in_phy_port=s1-eth2> is not terminal edge
2021-07-21 02:18:17,954 | 14842 | tracing_of_pipeline.analyzer, analyze, 160 | WARNING | Packet <Msg captured_interface=s1-eth2, sniff_timestamp=1626833891.394896, pkt=<UDP/MDNS_RAW Packet>, in_port=s1-eth2, in_phy_port=s1-eth2> is not terminal edge
2021-07-21 02:18:17,955 | 14842 | tracing_of_pipeline.analyzer, analyze, 160 | WARNING | Packet <Msg captured_interface=s1-eth2, sniff_timestamp=1626833892.2780852, pkt=<UDP/MDNS_RAW Packet>, in_port=s1-eth2, in_phy_port=s1-eth2> is not terminal edge
2021-07-21 02:18:17,955 | 14977 | tracing_net.flowtable.flow_monitor, read_dump_flow, 73 | DEBUG | get result for dump flow 1626833897.954442 : ['OFPST_FLOW reply (OF1.3) (xid=0x2):', ' cookie=0x0, duration=1.470s, table=0, n_packets=0, n_bytes=0, priority=0 actions=CONTROLLER:65535']
2021-07-21 02:18:17,961 | 14842 | tracing_of_pipeline.analyzer, analyze, 160 | WARNING | Packet <Msg captured_interface=s1-eth2, sniff_timestamp=1626833892.7114587, pkt=<UDP/MDNS_RAW Packet>, in_port=s1-eth2, in_phy_port=s1-eth2> is not terminal edge
2021-07-21 02:18:18,190 | 14842 | tracing_of_pipeline.analyzer, analyze, 160 | WARNING | Packet <Msg captured_interface=s1-eth2, sniff_timestamp=1626833892.8838425, pkt=<UDP/MDNS_RAW Packet>, in_port=s1-eth2, in_phy_port=s1-eth2> is not terminal edge
2021-07-21 02:18:18,191 | 14842 | tracing_of_pipeline.analyzer, analyze, 160 | WARNING | Packet <Msg captured_interface=s1-eth2, sniff_timestamp=1626833893.4107711, pkt=<ICMPV6_RAW Packet>, in_port=s1-eth2, in_phy_port=s1-eth2> is not terminal edge
2021-07-21 02:18:18,192 | 14842 | tracing_of_pipeline.analyzer, analyze, 160 | WARNING | Packet <Msg captured_interface=s1-eth2, sniff_timestamp=1626833893.416855, pkt=<UDP/MDNS_RAW Packet>, in_port=s1-eth2, in_phy_port=s1-eth2> is not terminal edge
2021-07-21 02:18:18,193 | 14842 | tracing_of_pipeline.analyzer, analyze, 160 | WARNING | Packet <Msg captured_interface=s1-eth2, sniff_timestamp=1626833893.8912368, pkt=<ICMPV6_RAW Packet>, in_port=s1-eth2, in_phy_port=s1-eth2> is not terminal edge
2021-07-21 02:18:18,197 | 14842 | tracing_of_pipeline.analyzer, analyze, 149 | DEBUG | terminal edge host=h2, switch=s2, switch_port=s2-eth2
2021-07-21 02:18:18,198 | 14842 | tracing_of_pipeline.analyzer, BFS, 181 | DEBUG | processing msg <Msg captured_interface=s2-eth2, sniff_timestamp=1626833890.3552122, pkt=<UDP/MDNS_RAW Packet>, in_port=2, in_phy_port=s2-eth2>
2021-07-21 02:18:18,209 | 14974 | tracing_net.flowtable.flow_monitor, read_dump_flow, 73 | DEBUG | get result for dump flow 1626833897.962975 : ['OFPST_FLOW reply (OF1.3) (xid=0x2):', ' cookie=0x0, duration=1.771s, table=0, n_packets=1, n_bytes=107, priority=0 actions=CONTROLLER:65535']
2021-07-21 02:18:18,212 | 14974 | tracing_net.flowtable.flow_monitor, read_dump_flow, 78 | DEBUG | parsed result to table 1626833897.962975 : <FlowTables(datapath=0, timestamp=1626833897.962975, flows=[<Flow(table=0, priority=0, match={}, actions=[<InstructionApplyAction type=4>])>])>
2021-07-21 02:18:18,213 | 14842 | tracing_net.flowtable.table_repository, add, 88 | DEBUG | Table repo added table <FlowTables(datapath=0, timestamp=1626833897.962975, flows=[<Flow(table=0, priority=0, match={}, actions=[<InstructionApplyAction type=4>])>])>
2021-07-21 02:18:18,219 | 14977 | tracing_net.flowtable.flow_monitor, read_dump_flow, 78 | DEBUG | parsed result to table 1626833897.954442 : <FlowTables(datapath=0, timestamp=1626833897.954442, flows=[<Flow(table=0, priority=0, match={}, actions=[<InstructionApplyAction type=4>])>])>
2021-07-21 02:18:18,220 | 14977 | tracing_net.flowtable.flow_monitor, read_dump_flow, 73 | DEBUG | get result for dump flow 1626833897.228594 : ['OFPST_FLOW reply (OF1.3) (xid=0x2):', ' cookie=0x0, duration=1.106s, table=0, n_packets=0, n_bytes=0, priority=0 actions=CONTROLLER:65535']
2021-07-21 02:18:18,213 | 14842 | tracing_of_pipeline.analyzer, BFS, 244 | DEBUG | dst None is not flowtable
2021-07-21 02:18:18,218 | 14842 | tracing_net.flowtable.table_repository, add, 88 | DEBUG | Table repo added table <FlowTables(datapath=0, timestamp=1626833897.954442, flows=[<Flow(table=0, priority=0, match={}, actions=[<InstructionApplyAction type=4>])>])>
2021-07-21 02:18:18,222 | 14842 | tracing_of_pipeline.analyzer, analyze, 158 | DEBUG | get trace [{'src': 'h2', 'msg': '<UDP/MDNS_RAW Packet>', 'edge': 'l3', 'dst': None}]
2021-07-21 02:18:18,225 | 14842 | tracing_net.flowtable.table_repository, add, 88 | DEBUG | Table repo added table <FlowTables(datapath=0, timestamp=1626833897.228594, flows=[<Flow(table=0, priority=0, match={}, actions=[<InstructionApplyAction type=4>])>])>
2021-07-21 02:18:18,226 | 14977 | tracing_net.flowtable.flow_monitor, read_dump_flow, 78 | DEBUG | parsed result to table 1626833897.228594 : <FlowTables(datapath=0, timestamp=1626833897.228594, flows=[<Flow(table=0, priority=0, match={}, actions=[<InstructionApplyAction type=4>])>])>
2021-07-21 02:18:18,227 | 14842 | tracing_of_pipeline.analyzer, analyze, 149 | DEBUG | terminal edge host=h2, switch=s2, switch_port=s2-eth2
2021-07-21 02:18:18,227 | 14842 | tracing_of_pipeline.analyzer, BFS, 181 | DEBUG | processing msg <Msg captured_interface=s2-eth2, sniff_timestamp=1626833891.0435863, pkt=<UDP/MDNS_RAW Packet>, in_port=2, in_phy_port=s2-eth2>
2021-07-21 02:18:18,512 | 14842 | tracing_of_pipeline.analyzer, BFS, 244 | DEBUG | dst None is not flowtable
2021-07-21 02:18:18,513 | 14842 | tracing_of_pipeline.analyzer, analyze, 158 | DEBUG | get trace [{'src': 'h2', 'msg': '<UDP/MDNS_RAW Packet>', 'edge': 'l3', 'dst': None}]
2021-07-21 02:18:18,514 | 14842 | tracing_of_pipeline.analyzer, analyze, 149 | DEBUG | terminal edge host=h2, switch=s2, switch_port=s2-eth2
2021-07-21 02:18:18,514 | 14842 | tracing_of_pipeline.analyzer, BFS, 181 | DEBUG | processing msg <Msg captured_interface=s2-eth2, sniff_timestamp=1626833892.4097767, pkt=<UDP/MDNS_RAW Packet>, in_port=2, in_phy_port=s2-eth2>
2021-07-21 02:18:18,518 | 14842 | tracing_of_pipeline.analyzer, BFS, 244 | DEBUG | dst None is not flowtable
2021-07-21 02:18:18,518 | 14842 | tracing_of_pipeline.analyzer, analyze, 158 | DEBUG | get trace [{'src': 'h2', 'msg': '<UDP/MDNS_RAW Packet>', 'edge': 'l3', 'dst': None}]
2021-07-21 02:18:18,519 | 14842 | tracing_of_pipeline.analyzer, analyze, 149 | DEBUG | terminal edge host=h2, switch=s2, switch_port=s2-eth2
2021-07-21 02:18:18,520 | 14842 | tracing_of_pipeline.analyzer, BFS, 181 | DEBUG | processing msg <Msg captured_interface=s2-eth2, sniff_timestamp=1626833893.062777, pkt=<UDP/MDNS_RAW Packet>, in_port=2, in_phy_port=s2-eth2>
2021-07-21 02:18:18,531 | 14842 | tracing_of_pipeline.analyzer, BFS, 244 | DEBUG | dst None is not flowtable
2021-07-21 02:18:18,539 | 14974 | tracing_net.flowtable.flow_monitor, dump_flows, 57 | DEBUG | dump flows on s1
2021-07-21 02:18:18,540 | 14842 | tracing_of_pipeline.analyzer, analyze, 158 | DEBUG | get trace [{'src': 'h2', 'msg': '<UDP/MDNS_RAW Packet>', 'edge': 'l3', 'dst': None}]
2021-07-21 02:18:18,543 | 14842 | tracing_of_pipeline.analyzer, analyze, 149 | DEBUG | terminal edge host=h2, switch=s2, switch_port=s2-eth2
2021-07-21 02:18:18,543 | 14842 | tracing_of_pipeline.analyzer, BFS, 181 | DEBUG | processing msg <Msg captured_interface=s2-eth2, sniff_timestamp=1626833893.4107406, pkt=<ICMPV6_RAW Packet>, in_port=2, in_phy_port=s2-eth2>
2021-07-21 02:18:18,552 | 14842 | tracing_of_pipeline.analyzer, BFS, 244 | DEBUG | dst None is not flowtable
2021-07-21 02:18:18,553 | 14842 | tracing_of_pipeline.analyzer, analyze, 158 | DEBUG | get trace [{'src': 'h2', 'msg': '<ICMPV6_RAW Packet>', 'edge': 'l3', 'dst': None}]
2021-07-21 02:18:18,576 | 14842 | tracing_of_pipeline.analyzer, _poll_packet_inout_repo, 306 | DEBUG | tmp_p = [], s_dpip = 1
2021-07-21 02:18:18,578 | 14977 | tracing_net.flowtable.flow_monitor, dump_flows, 57 | DEBUG | dump flows on s2
2021-07-21 02:18:18,579 | 14974 | tracing_net.flowtable.flow_monitor, read_dump_flow, 73 | DEBUG | get result for dump flow 1626833898.555445 : ['OFPST_FLOW reply (OF1.3) (xid=0x2):', ' cookie=0x0, duration=2.141s, table=0, n_packets=1, n_bytes=107, priority=0 actions=CONTROLLER:65535']
2021-07-21 02:18:18,581 | 14974 | tracing_net.flowtable.flow_monitor, read_dump_flow, 78 | DEBUG | parsed result to table 1626833898.555445 : <FlowTables(datapath=0, timestamp=1626833898.555445, flows=[<Flow(table=0, priority=0, match={}, actions=[<InstructionApplyAction type=4>])>])>
2021-07-21 02:18:18,582 | 14842 | tracing_of_pipeline.analyzer, _poll_packet_inout_repo, 306 | DEBUG | tmp_p = None, s_dpip = 2
2021-07-21 02:18:18,582 | 14842 | tracing_net.flowtable.table_repository, add, 88 | DEBUG | Table repo added table <FlowTables(datapath=0, timestamp=1626833898.555445, flows=[<Flow(table=0, priority=0, match={}, actions=[<InstructionApplyAction type=4>])>])>
2021-07-21 02:18:18,584 | 14842 | tracing_of_pipeline.analyzer, _polling, 279 | DEBUG | polled (start_time=1626833888.571611, until=4) values = {'l2': [<Msg captured_interface=s1-eth1, sniff_timestamp=1626833891.8327584, pkt=<UDP/MDNS_RAW Packet>, in_port=1, in_phy_port=s1-eth1>, <Msg captured_interface=s1-eth1, sniff_timestamp=1626833892.421554, pkt=<UDP/MDNS_RAW Packet>, in_port=1, in_phy_port=s1-eth1>, <Msg captured_interface=s1-eth1, sniff_timestamp=1626833893.1246367, pkt=<ICMPV6_RAW Packet>, in_port=1, in_phy_port=s1-eth1>, <Msg captured_interface=s1-eth1, sniff_timestamp=1626833893.6453273, pkt=<ICMPV6_RAW Packet>, in_port=1, in_phy_port=s1-eth1>, <Msg captured_interface=s1-eth1, sniff_timestamp=1626833895.8894334, pkt=<UDP/MDNS_RAW Packet>, in_port=s1-eth1, in_phy_port=s1-eth1>], 'l1': [<Msg captured_interface=s1-eth2, sniff_timestamp=1626833890.6937416, pkt=<UDP/MDNS_RAW Packet>, in_port=s1-eth2, in_phy_port=s1-eth2>, <Msg captured_interface=s1-eth2, sniff_timestamp=1626833890.8620877, pkt=<UDP/MDNS_RAW Packet>, in_port=s1-eth2, in_phy_port=s1-eth2>, <Msg captured_interface=s1-eth2, sniff_timestamp=1626833891.394896, pkt=<UDP/MDNS_RAW Packet>, in_port=s1-eth2, in_phy_port=s1-eth2>, <Msg captured_interface=s1-eth2, sniff_timestamp=1626833892.2780852, pkt=<UDP/MDNS_RAW Packet>, in_port=s1-eth2, in_phy_port=s1-eth2>, <Msg captured_interface=s1-eth2, sniff_timestamp=1626833892.7114587, pkt=<UDP/MDNS_RAW Packet>, in_port=s1-eth2, in_phy_port=s1-eth2>, <Msg captured_interface=s1-eth2, sniff_timestamp=1626833892.8838425, pkt=<UDP/MDNS_RAW Packet>, in_port=s1-eth2, in_phy_port=s1-eth2>, <Msg captured_interface=s1-eth2, sniff_timestamp=1626833893.4107711, pkt=<ICMPV6_RAW Packet>, in_port=s1-eth2, in_phy_port=s1-eth2>, <Msg captured_interface=s1-eth2, sniff_timestamp=1626833893.416855, pkt=<UDP/MDNS_RAW Packet>, in_port=s1-eth2, in_phy_port=s1-eth2>, <Msg captured_interface=s1-eth2, sniff_timestamp=1626833893.8912368, pkt=<ICMPV6_RAW Packet>, in_port=s1-eth2, in_phy_port=s1-eth2>, <Msg captured_interface=s1-eth2, sniff_timestamp=1626833896.279321, pkt=<UDP/MDNS_RAW Packet>, in_port=s1-eth2, in_phy_port=s1-eth2>], 'l3': [<Msg captured_interface=s2-eth2, sniff_timestamp=1626833890.3552122, pkt=<UDP/MDNS_RAW Packet>, in_port=2, in_phy_port=s2-eth2>, <Msg captured_interface=s2-eth2, sniff_timestamp=1626833891.0435863, pkt=<UDP/MDNS_RAW Packet>, in_port=2, in_phy_port=s2-eth2>, <Msg captured_interface=s2-eth2, sniff_timestamp=1626833892.4097767, pkt=<UDP/MDNS_RAW Packet>, in_port=2, in_phy_port=s2-eth2>, <Msg captured_interface=s2-eth2, sniff_timestamp=1626833893.062777, pkt=<UDP/MDNS_RAW Packet>, in_port=2, in_phy_port=s2-eth2>, <Msg captured_interface=s2-eth2, sniff_timestamp=1626833893.4107406, pkt=<ICMPV6_RAW Packet>, in_port=2, in_phy_port=s2-eth2>, <Msg captured_interface=s2-eth2, sniff_timestamp=1626833893.8912473, pkt=<ICMPV6_RAW Packet>, in_port=s2-eth2, in_phy_port=s2-eth2>]} {} {'s1': [], 's2': []}
2021-07-21 02:18:18,593 | 14842 | tracing_of_pipeline.analyzer, analyze, 149 | DEBUG | terminal edge host=h1, switch=s1, switch_port=s1-eth1
2021-07-21 02:18:18,595 | 14842 | tracing_of_pipeline.analyzer, BFS, 181 | DEBUG | processing msg <Msg captured_interface=s1-eth1, sniff_timestamp=1626833891.8327584, pkt=<UDP/MDNS_RAW Packet>, in_port=1, in_phy_port=s1-eth1>
2021-07-21 02:18:18,598 | 14842 | tracing_of_pipeline.analyzer, BFS, 244 | DEBUG | dst None is not flowtable
2021-07-21 02:18:18,599 | 14842 | tracing_of_pipeline.analyzer, analyze, 158 | DEBUG | get trace [{'src': 'h1', 'msg': '<UDP/MDNS_RAW Packet>', 'edge': 'l2', 'dst': None}]
2021-07-21 02:18:18,600 | 14842 | tracing_of_pipeline.analyzer, analyze, 149 | DEBUG | terminal edge host=h1, switch=s1, switch_port=s1-eth1
2021-07-21 02:18:18,602 | 14842 | tracing_of_pipeline.analyzer, BFS, 181 | DEBUG | processing msg <Msg captured_interface=s1-eth1, sniff_timestamp=1626833892.421554, pkt=<UDP/MDNS_RAW Packet>, in_port=1, in_phy_port=s1-eth1>
2021-07-21 02:18:18,608 | 14842 | tracing_of_pipeline.analyzer, BFS, 244 | DEBUG | dst None is not flowtable
2021-07-21 02:18:18,610 | 14842 | tracing_of_pipeline.analyzer, analyze, 158 | DEBUG | get trace [{'src': 'h1', 'msg': '<UDP/MDNS_RAW Packet>', 'edge': 'l2', 'dst': None}]
2021-07-21 02:18:18,615 | 14842 | tracing_of_pipeline.analyzer, analyze, 149 | DEBUG | terminal edge host=h1, switch=s1, switch_port=s1-eth1
2021-07-21 02:18:18,621 | 14842 | tracing_of_pipeline.analyzer, BFS, 181 | DEBUG | processing msg <Msg captured_interface=s1-eth1, sniff_timestamp=1626833893.1246367, pkt=<ICMPV6_RAW Packet>, in_port=1, in_phy_port=s1-eth1>
2021-07-21 02:18:18,627 | 14977 | tracing_net.flowtable.flow_monitor, read_dump_flow, 73 | DEBUG | get result for dump flow 1626833898.598747 : ['OFPST_FLOW reply (OF1.3) (xid=0x2):', ' cookie=0x0, duration=2.154s, table=0, n_packets=0, n_bytes=0, priority=0 actions=CONTROLLER:65535']
2021-07-21 02:18:18,629 | 14842 | tracing_of_pipeline.analyzer, BFS, 244 | DEBUG | dst None is not flowtable
2021-07-21 02:18:18,631 | 14842 | tracing_of_pipeline.analyzer, analyze, 158 | DEBUG | get trace [{'src': 'h1', 'msg': '<ICMPV6_RAW Packet>', 'edge': 'l2', 'dst': None}]
2021-07-21 02:18:18,641 | 14842 | tracing_of_pipeline.analyzer, analyze, 149 | DEBUG | terminal edge host=h1, switch=s1, switch_port=s1-eth1
2021-07-21 02:18:18,649 | 14842 | tracing_of_pipeline.analyzer, BFS, 181 | DEBUG | processing msg <Msg captured_interface=s1-eth1, sniff_timestamp=1626833893.6453273, pkt=<ICMPV6_RAW Packet>, in_port=1, in_phy_port=s1-eth1>
2021-07-21 02:18:18,671 | 14977 | tracing_net.flowtable.flow_monitor, read_dump_flow, 78 | DEBUG | parsed result to table 1626833898.598747 : <FlowTables(datapath=0, timestamp=1626833898.598747, flows=[<Flow(table=0, priority=0, match={}, actions=[<InstructionApplyAction type=4>])>])>
2021-07-21 02:18:18,630 | 14842 | tracing_net.flowtable.table_repository, add, 88 | DEBUG | Table repo added table <FlowTables(datapath=0, timestamp=1626833898.598747, flows=[<Flow(table=0, priority=0, match={}, actions=[<InstructionApplyAction type=4>])>])>
2021-07-21 02:18:18,674 | 14842 | tracing_of_pipeline.analyzer, BFS, 244 | DEBUG | dst None is not flowtable
2021-07-21 02:18:18,698 | 14842 | tracing_of_pipeline.analyzer, analyze, 158 | DEBUG | get trace [{'src': 'h1', 'msg': '<ICMPV6_RAW Packet>', 'edge': 'l2', 'dst': None}]
2021-07-21 02:18:18,709 | 14842 | tracing_of_pipeline.analyzer, analyze, 149 | DEBUG | terminal edge host=h1, switch=s1, switch_port=s1-eth1
2021-07-21 02:18:18,710 | 14842 | tracing_of_pipeline.analyzer, BFS, 181 | DEBUG | processing msg <Msg captured_interface=s1-eth1, sniff_timestamp=1626833895.8894334, pkt=<UDP/MDNS_RAW Packet>, in_port=1, in_phy_port=s1-eth1>
2021-07-21 02:18:18,721 | 14842 | tracing_of_pipeline.analyzer, BFS, 244 | DEBUG | dst None is not flowtable
2021-07-21 02:18:18,726 | 14842 | tracing_of_pipeline.analyzer, analyze, 158 | DEBUG | get trace [{'src': 'h1', 'msg': '<UDP/MDNS_RAW Packet>', 'edge': 'l2', 'dst': None}]
2021-07-21 02:18:18,732 | 14842 | tracing_of_pipeline.analyzer, analyze, 160 | WARNING | Packet <Msg captured_interface=s1-eth2, sniff_timestamp=1626833890.6937416, pkt=<UDP/MDNS_RAW Packet>, in_port=s1-eth2, in_phy_port=s1-eth2> is not terminal edge
2021-07-21 02:18:18,735 | 14842 | tracing_of_pipeline.analyzer, analyze, 160 | WARNING | Packet <Msg captured_interface=s1-eth2, sniff_timestamp=1626833890.8620877, pkt=<UDP/MDNS_RAW Packet>, in_port=s1-eth2, in_phy_port=s1-eth2> is not terminal edge
2021-07-21 02:18:18,738 | 14842 | tracing_of_pipeline.analyzer, analyze, 160 | WARNING | Packet <Msg captured_interface=s1-eth2, sniff_timestamp=1626833891.394896, pkt=<UDP/MDNS_RAW Packet>, in_port=s1-eth2, in_phy_port=s1-eth2> is not terminal edge
2021-07-21 02:18:18,741 | 14842 | tracing_of_pipeline.analyzer, analyze, 160 | WARNING | Packet <Msg captured_interface=s1-eth2, sniff_timestamp=1626833892.2780852, pkt=<UDP/MDNS_RAW Packet>, in_port=s1-eth2, in_phy_port=s1-eth2> is not terminal edge
2021-07-21 02:18:18,746 | 14842 | tracing_of_pipeline.analyzer, analyze, 160 | WARNING | Packet <Msg captured_interface=s1-eth2, sniff_timestamp=1626833892.7114587, pkt=<UDP/MDNS_RAW Packet>, in_port=s1-eth2, in_phy_port=s1-eth2> is not terminal edge
2021-07-21 02:18:18,777 | 14842 | tracing_of_pipeline.analyzer, analyze, 160 | WARNING | Packet <Msg captured_interface=s1-eth2, sniff_timestamp=1626833892.8838425, pkt=<UDP/MDNS_RAW Packet>, in_port=s1-eth2, in_phy_port=s1-eth2> is not terminal edge
2021-07-21 02:18:18,801 | 14842 | tracing_of_pipeline.analyzer, analyze, 160 | WARNING | Packet <Msg captured_interface=s1-eth2, sniff_timestamp=1626833893.4107711, pkt=<ICMPV6_RAW Packet>, in_port=s1-eth2, in_phy_port=s1-eth2> is not terminal edge
2021-07-21 02:18:18,804 | 14842 | tracing_of_pipeline.analyzer, analyze, 160 | WARNING | Packet <Msg captured_interface=s1-eth2, sniff_timestamp=1626833893.416855, pkt=<UDP/MDNS_RAW Packet>, in_port=s1-eth2, in_phy_port=s1-eth2> is not terminal edge
2021-07-21 02:18:18,807 | 14842 | tracing_of_pipeline.analyzer, analyze, 160 | WARNING | Packet <Msg captured_interface=s1-eth2, sniff_timestamp=1626833893.8912368, pkt=<ICMPV6_RAW Packet>, in_port=s1-eth2, in_phy_port=s1-eth2> is not terminal edge
2021-07-21 02:18:18,814 | 14842 | tracing_of_pipeline.analyzer, analyze, 160 | WARNING | Packet <Msg captured_interface=s1-eth2, sniff_timestamp=1626833896.279321, pkt=<UDP/MDNS_RAW Packet>, in_port=s1-eth2, in_phy_port=s1-eth2> is not terminal edge
2021-07-21 02:18:18,830 | 14842 | tracing_of_pipeline.analyzer, analyze, 149 | DEBUG | terminal edge host=h2, switch=s2, switch_port=s2-eth2
2021-07-21 02:18:18,834 | 14842 | tracing_of_pipeline.analyzer, BFS, 181 | DEBUG | processing msg <Msg captured_interface=s2-eth2, sniff_timestamp=1626833890.3552122, pkt=<UDP/MDNS_RAW Packet>, in_port=2, in_phy_port=s2-eth2>
2021-07-21 02:18:18,863 | 14842 | tracing_of_pipeline.analyzer, BFS, 244 | DEBUG | dst None is not flowtable
2021-07-21 02:18:18,868 | 14842 | tracing_of_pipeline.analyzer, analyze, 158 | DEBUG | get trace [{'src': 'h2', 'msg': '<UDP/MDNS_RAW Packet>', 'edge': 'l3', 'dst': None}]
2021-07-21 02:18:18,874 | 14842 | tracing_of_pipeline.analyzer, analyze, 149 | DEBUG | terminal edge host=h2, switch=s2, switch_port=s2-eth2
2021-07-21 02:18:18,877 | 14842 | tracing_of_pipeline.analyzer, BFS, 181 | DEBUG | processing msg <Msg captured_interface=s2-eth2, sniff_timestamp=1626833891.0435863, pkt=<UDP/MDNS_RAW Packet>, in_port=2, in_phy_port=s2-eth2>
2021-07-21 02:18:18,894 | 14842 | tracing_of_pipeline.analyzer, BFS, 244 | DEBUG | dst None is not flowtable
2021-07-21 02:18:18,896 | 14842 | tracing_of_pipeline.analyzer, analyze, 158 | DEBUG | get trace [{'src': 'h2', 'msg': '<UDP/MDNS_RAW Packet>', 'edge': 'l3', 'dst': None}]
2021-07-21 02:18:18,897 | 14842 | tracing_of_pipeline.analyzer, analyze, 149 | DEBUG | terminal edge host=h2, switch=s2, switch_port=s2-eth2
2021-07-21 02:18:18,907 | 14842 | tracing_of_pipeline.analyzer, BFS, 181 | DEBUG | processing msg <Msg captured_interface=s2-eth2, sniff_timestamp=1626833892.4097767, pkt=<UDP/MDNS_RAW Packet>, in_port=2, in_phy_port=s2-eth2>
2021-07-21 02:18:18,922 | 14842 | tracing_of_pipeline.analyzer, BFS, 244 | DEBUG | dst None is not flowtable
2021-07-21 02:18:18,925 | 14842 | tracing_of_pipeline.analyzer, analyze, 158 | DEBUG | get trace [{'src': 'h2', 'msg': '<UDP/MDNS_RAW Packet>', 'edge': 'l3', 'dst': None}]
2021-07-21 02:18:19,212 | 14842 | tracing_of_pipeline.analyzer, analyze, 149 | DEBUG | terminal edge host=h2, switch=s2, switch_port=s2-eth2
2021-07-21 02:18:19,213 | 14842 | tracing_of_pipeline.analyzer, BFS, 181 | DEBUG | processing msg <Msg captured_interface=s2-eth2, sniff_timestamp=1626833893.062777, pkt=<UDP/MDNS_RAW Packet>, in_port=2, in_phy_port=s2-eth2>
2021-07-21 02:18:19,217 | 14842 | tracing_of_pipeline.analyzer, BFS, 244 | DEBUG | dst None is not flowtable
2021-07-21 02:18:19,218 | 14842 | tracing_of_pipeline.analyzer, analyze, 158 | DEBUG | get trace [{'src': 'h2', 'msg': '<UDP/MDNS_RAW Packet>', 'edge': 'l3', 'dst': None}]
2021-07-21 02:18:19,219 | 14842 | tracing_of_pipeline.analyzer, analyze, 149 | DEBUG | terminal edge host=h2, switch=s2, switch_port=s2-eth2
2021-07-21 02:18:19,220 | 14842 | tracing_of_pipeline.analyzer, BFS, 181 | DEBUG | processing msg <Msg captured_interface=s2-eth2, sniff_timestamp=1626833893.4107406, pkt=<ICMPV6_RAW Packet>, in_port=2, in_phy_port=s2-eth2>
2021-07-21 02:18:19,228 | 14842 | tracing_of_pipeline.analyzer, BFS, 244 | DEBUG | dst None is not flowtable
2021-07-21 02:18:19,232 | 14842 | tracing_of_pipeline.analyzer, analyze, 158 | DEBUG | get trace [{'src': 'h2', 'msg': '<ICMPV6_RAW Packet>', 'edge': 'l3', 'dst': None}]
2021-07-21 02:18:19,234 | 14842 | tracing_of_pipeline.analyzer, analyze, 149 | DEBUG | terminal edge host=h2, switch=s2, switch_port=s2-eth2
2021-07-21 02:18:19,235 | 14842 | tracing_of_pipeline.analyzer, BFS, 181 | DEBUG | processing msg <Msg captured_interface=s2-eth2, sniff_timestamp=1626833893.8912473, pkt=<ICMPV6_RAW Packet>, in_port=2, in_phy_port=s2-eth2>
2021-07-21 02:18:19,239 | 14842 | tracing_of_pipeline.analyzer, BFS, 244 | DEBUG | dst None is not flowtable
2021-07-21 02:18:19,453 | 14842 | tracing_of_pipeline.analyzer, analyze, 158 | DEBUG | get trace [{'src': 'h2', 'msg': '<ICMPV6_RAW Packet>', 'edge': 'l3', 'dst': None}]
2021-07-21 02:18:19,548 | 14974 | tracing_net.flowtable.flow_monitor, dump_flows, 57 | DEBUG | dump flows on s1
2021-07-21 02:18:19,679 | 14977 | tracing_net.flowtable.flow_monitor, dump_flows, 57 | DEBUG | dump flows on s2
2021-07-21 02:18:19,682 | 14974 | tracing_net.flowtable.flow_monitor, read_dump_flow, 73 | DEBUG | get result for dump flow 1626833899.558745 : ['OFPST_FLOW reply (OF1.3) (xid=0x2):', ' cookie=0x0, duration=3.245s, table=0, n_packets=1, n_bytes=107, priority=0 actions=CONTROLLER:65535']
2021-07-21 02:18:19,683 | 14974 | tracing_net.flowtable.flow_monitor, read_dump_flow, 78 | DEBUG | parsed result to table 1626833899.558745 : <FlowTables(datapath=0, timestamp=1626833899.558745, flows=[<Flow(table=0, priority=0, match={}, actions=[<InstructionApplyAction type=4>])>])>
2021-07-21 02:18:19,684 | 14842 | tracing_net.flowtable.table_repository, add, 88 | DEBUG | Table repo added table <FlowTables(datapath=0, timestamp=1626833899.558745, flows=[<Flow(table=0, priority=0, match={}, actions=[<InstructionApplyAction type=4>])>])>
2021-07-21 02:18:19,694 | 14977 | tracing_net.flowtable.flow_monitor, read_dump_flow, 73 | DEBUG | get result for dump flow 1626833899.688026 : ['OFPST_FLOW reply (OF1.3) (xid=0x2):', ' cookie=0x0, duration=3.232s, table=0, n_packets=0, n_bytes=0, priority=0 actions=CONTROLLER:65535']
2021-07-21 02:18:19,697 | 14842 | tracing_net.flowtable.table_repository, add, 88 | DEBUG | Table repo added table <FlowTables(datapath=0, timestamp=1626833899.688026, flows=[<Flow(table=0, priority=0, match={}, actions=[<InstructionApplyAction type=4>])>])>
2021-07-21 02:18:19,699 | 14977 | tracing_net.flowtable.flow_monitor, read_dump_flow, 78 | DEBUG | parsed result to table 1626833899.688026 : <FlowTables(datapath=0, timestamp=1626833899.688026, flows=[<Flow(table=0, priority=0, match={}, actions=[<InstructionApplyAction type=4>])>])>
2021-07-21 02:18:20,541 | 14974 | tracing_net.flowtable.flow_monitor, dump_flows, 57 | DEBUG | dump flows on s1
2021-07-21 02:18:20,573 | 14842 | tracing_of_pipeline.analyzer, _poll_packet_inout_repo, 306 | DEBUG | tmp_p = [<Message msg_name=OFPT_PACKET_IN of_msg=PacketIn(xid=UBInt32(0)) timestamp=1626833897.224222 local_port=51934 datapath_id=1>, <Message msg_name=OFPT_PACKET_OUT of_msg=PacketOut(xid=UBInt32(3170934848)) timestamp=1626833897.360221 local_port=51934 datapath_id=1>], s_dpip = 1
2021-07-21 02:18:20,574 | 14977 | tracing_net.flowtable.flow_monitor, dump_flows, 57 | DEBUG | dump flows on s2
2021-07-21 02:18:20,576 | 14974 | tracing_net.flowtable.flow_monitor, read_dump_flow, 73 | DEBUG | get result for dump flow 1626833900.552698 : ['OFPST_FLOW reply (OF1.3) (xid=0x2):', ' cookie=0x0, duration=4.128s, table=0, n_packets=1, n_bytes=107, priority=0 actions=CONTROLLER:65535']
2021-07-21 02:18:20,581 | 14842 | tracing_of_pipeline.analyzer, _poll_packet_inout_repo, 306 | DEBUG | tmp_p = None, s_dpip = 2
2021-07-21 02:18:20,582 | 14974 | tracing_net.flowtable.flow_monitor, read_dump_flow, 78 | DEBUG | parsed result to table 1626833900.552698 : <FlowTables(datapath=0, timestamp=1626833900.552698, flows=[<Flow(table=0, priority=0, match={}, actions=[<InstructionApplyAction type=4>])>])>
2021-07-21 02:18:20,583 | 14842 | tracing_of_pipeline.analyzer, _polling, 279 | DEBUG | polled (start_time=1626833888.571611, until=5) values = {'l2': [<Msg captured_interface=s1-eth1, sniff_timestamp=1626833891.8327584, pkt=<UDP/MDNS_RAW Packet>, in_port=1, in_phy_port=s1-eth1>, <Msg captured_interface=s1-eth1, sniff_timestamp=1626833892.421554, pkt=<UDP/MDNS_RAW Packet>, in_port=1, in_phy_port=s1-eth1>, <Msg captured_interface=s1-eth1, sniff_timestamp=1626833893.1246367, pkt=<ICMPV6_RAW Packet>, in_port=1, in_phy_port=s1-eth1>, <Msg captured_interface=s1-eth1, sniff_timestamp=1626833893.6453273, pkt=<ICMPV6_RAW Packet>, in_port=1, in_phy_port=s1-eth1>, <Msg captured_interface=s1-eth1, sniff_timestamp=1626833895.8894334, pkt=<UDP/MDNS_RAW Packet>, in_port=1, in_phy_port=s1-eth1>], 'l1': [<Msg captured_interface=s1-eth2, sniff_timestamp=1626833890.6937416, pkt=<UDP/MDNS_RAW Packet>, in_port=s1-eth2, in_phy_port=s1-eth2>, <Msg captured_interface=s1-eth2, sniff_timestamp=1626833890.8620877, pkt=<UDP/MDNS_RAW Packet>, in_port=s1-eth2, in_phy_port=s1-eth2>, <Msg captured_interface=s1-eth2, sniff_timestamp=1626833891.394896, pkt=<UDP/MDNS_RAW Packet>, in_port=s1-eth2, in_phy_port=s1-eth2>, <Msg captured_interface=s1-eth2, sniff_timestamp=1626833892.2780852, pkt=<UDP/MDNS_RAW Packet>, in_port=s1-eth2, in_phy_port=s1-eth2>, <Msg captured_interface=s1-eth2, sniff_timestamp=1626833892.7114587, pkt=<UDP/MDNS_RAW Packet>, in_port=s1-eth2, in_phy_port=s1-eth2>, <Msg captured_interface=s1-eth2, sniff_timestamp=1626833892.8838425, pkt=<UDP/MDNS_RAW Packet>, in_port=s1-eth2, in_phy_port=s1-eth2>, <Msg captured_interface=s1-eth2, sniff_timestamp=1626833893.4107711, pkt=<ICMPV6_RAW Packet>, in_port=s1-eth2, in_phy_port=s1-eth2>, <Msg captured_interface=s1-eth2, sniff_timestamp=1626833893.416855, pkt=<UDP/MDNS_RAW Packet>, in_port=s1-eth2, in_phy_port=s1-eth2>, <Msg captured_interface=s1-eth2, sniff_timestamp=1626833893.8912368, pkt=<ICMPV6_RAW Packet>, in_port=s1-eth2, in_phy_port=s1-eth2>, <Msg captured_interface=s1-eth2, sniff_timestamp=1626833896.279321, pkt=<UDP/MDNS_RAW Packet>, in_port=s1-eth2, in_phy_port=s1-eth2>], 'l3': [<Msg captured_interface=s2-eth2, sniff_timestamp=1626833890.3552122, pkt=<UDP/MDNS_RAW Packet>, in_port=2, in_phy_port=s2-eth2>, <Msg captured_interface=s2-eth2, sniff_timestamp=1626833891.0435863, pkt=<UDP/MDNS_RAW Packet>, in_port=2, in_phy_port=s2-eth2>, <Msg captured_interface=s2-eth2, sniff_timestamp=1626833892.4097767, pkt=<UDP/MDNS_RAW Packet>, in_port=2, in_phy_port=s2-eth2>, <Msg captured_interface=s2-eth2, sniff_timestamp=1626833893.062777, pkt=<UDP/MDNS_RAW Packet>, in_port=2, in_phy_port=s2-eth2>, <Msg captured_interface=s2-eth2, sniff_timestamp=1626833893.4107406, pkt=<ICMPV6_RAW Packet>, in_port=2, in_phy_port=s2-eth2>, <Msg captured_interface=s2-eth2, sniff_timestamp=1626833893.8912473, pkt=<ICMPV6_RAW Packet>, in_port=2, in_phy_port=s2-eth2>]} {} {'s1': [<Message msg_name=OFPT_PACKET_IN of_msg=PacketIn(xid=UBInt32(0)) timestamp=1626833897.224222 local_port=51934 datapath_id=1>, <Message msg_name=OFPT_PACKET_OUT of_msg=PacketOut(xid=UBInt32(3170934848)) timestamp=1626833897.360221 local_port=51934 datapath_id=1>], 's2': []}
2021-07-21 02:18:20,584 | 14842 | tracing_net.flowtable.table_repository, add, 88 | DEBUG | Table repo added table <FlowTables(datapath=0, timestamp=1626833900.552698, flows=[<Flow(table=0, priority=0, match={}, actions=[<InstructionApplyAction type=4>])>])>
2021-07-21 02:18:20,585 | 14842 | tracing_of_pipeline.analyzer, analyze, 105 | DEBUG | I will processing packetout(<Message msg_name=OFPT_PACKET_OUT of_msg=PacketOut(xid=UBInt32(3170934848)) timestamp=1626833897.360221 local_port=51934 datapath_id=1>)
2021-07-21 02:18:20,585 | 14842 | tracing_of_pipeline.analyzer, analyze, 109 | DEBUG | packet out's in_port 2
2021-07-21 02:18:20,616 | 14977 | tracing_net.flowtable.flow_monitor, read_dump_flow, 73 | DEBUG | get result for dump flow 1626833900.594323 : ['OFPST_FLOW reply (OF1.3) (xid=0x2):', ' cookie=0x0, duration=4.149s, table=0, n_packets=0, n_bytes=0, priority=0 actions=CONTROLLER:65535']
2021-07-21 02:18:20,663 | 14842 | tracing_net.flowtable.table_repository, add, 88 | DEBUG | Table repo added table <FlowTables(datapath=0, timestamp=1626833900.594323, flows=[<Flow(table=0, priority=0, match={}, actions=[<InstructionApplyAction type=4>])>])>
2021-07-21 02:18:20,665 | 14977 | tracing_net.flowtable.flow_monitor, read_dump_flow, 78 | DEBUG | parsed result to table 1626833900.594323 : <FlowTables(datapath=0, timestamp=1626833900.594323, flows=[<Flow(table=0, priority=0, match={}, actions=[<InstructionApplyAction type=4>])>])>
2021-07-21 02:18:21,381 | 14972 | tracing_net.util.packet_capture, _packet_handler, 72 | DEBUG | sniff 1626833896.401826510 : <class 'pyshark.packet.packet.Packet'>
2021-07-21 02:18:21,563 | 14974 | tracing_net.flowtable.flow_monitor, dump_flows, 57 | DEBUG | dump flows on s1
2021-07-21 02:18:21,574 | 14977 | tracing_net.flowtable.flow_monitor, dump_flows, 57 | DEBUG | dump flows on s2
2021-07-21 02:18:21,672 | 14842 | tracing_of_pipeline, _handle_child_conn, 113 | DEBUG | get from ofcapture <Message msg_name=OFPT_PACKET_IN of_msg=PacketIn(xid=UBInt32(0)) timestamp=1626833901.610331 local_port=51934 datapath_id=1>
2021-07-21 02:18:22,383 | 14969 | tracing_net.util.packet_capture, _packet_handler, 72 | DEBUG | sniff 1626833896.925408291 : <class 'pyshark.packet.packet.Packet'>
2021-07-21 02:18:22,387 | 14842 | tracing_of_pipeline, _handle_child_conn, 113 | DEBUG | get from ofcapture <Message msg_name=OFPT_PACKET_OUT of_msg=PacketOut(xid=UBInt32(3170934849)) timestamp=1626833901.617231 local_port=51934 datapath_id=1>
2021-07-21 02:18:22,389 | 14967 | tracing_net.util.packet_capture, _packet_handler, 72 | DEBUG | sniff 1626833897.360545368 : <class 'pyshark.packet.packet.Packet'>
2021-07-21 02:18:22,631 | 14842 | tracing_of_pipeline.analyzer, _poll_packet_inout_repo, 306 | DEBUG | tmp_p = [], s_dpip = 1
2021-07-21 02:18:22,641 | 14842 | tracing_of_pipeline.analyzer, _poll_packet_inout_repo, 306 | DEBUG | tmp_p = None, s_dpip = 2
2021-07-21 02:18:22,687 | 14974 | tracing_net.flowtable.flow_monitor, dump_flows, 57 | DEBUG | dump flows on s1
2021-07-21 02:18:22,945 | 14842 | tracing_of_pipeline.analyzer, _polling, 279 | DEBUG | polled (start_time=1626833888.571611, until=5) values = {'l2': [<Msg captured_interface=s1-eth1, sniff_timestamp=1626833891.8327584, pkt=<UDP/MDNS_RAW Packet>, in_port=1, in_phy_port=s1-eth1>, <Msg captured_interface=s1-eth1, sniff_timestamp=1626833892.421554, pkt=<UDP/MDNS_RAW Packet>, in_port=1, in_phy_port=s1-eth1>, <Msg captured_interface=s1-eth1, sniff_timestamp=1626833893.1246367, pkt=<ICMPV6_RAW Packet>, in_port=1, in_phy_port=s1-eth1>, <Msg captured_interface=s1-eth1, sniff_timestamp=1626833893.6453273, pkt=<ICMPV6_RAW Packet>, in_port=1, in_phy_port=s1-eth1>, <Msg captured_interface=s1-eth1, sniff_timestamp=1626833895.8894334, pkt=<UDP/MDNS_RAW Packet>, in_port=1, in_phy_port=s1-eth1>], 'l1': [<Msg captured_interface=s1-eth2, sniff_timestamp=1626833890.6937416, pkt=<UDP/MDNS_RAW Packet>, in_port=s1-eth2, in_phy_port=s1-eth2>, <Msg captured_interface=s1-eth2, sniff_timestamp=1626833890.8620877, pkt=<UDP/MDNS_RAW Packet>, in_port=s1-eth2, in_phy_port=s1-eth2>, <Msg captured_interface=s1-eth2, sniff_timestamp=1626833891.394896, pkt=<UDP/MDNS_RAW Packet>, in_port=s1-eth2, in_phy_port=s1-eth2>, <Msg captured_interface=s1-eth2, sniff_timestamp=1626833892.2780852, pkt=<UDP/MDNS_RAW Packet>, in_port=s1-eth2, in_phy_port=s1-eth2>, <Msg captured_interface=s1-eth2, sniff_timestamp=1626833892.7114587, pkt=<UDP/MDNS_RAW Packet>, in_port=s1-eth2, in_phy_port=s1-eth2>, <Msg captured_interface=s1-eth2, sniff_timestamp=1626833892.8838425, pkt=<UDP/MDNS_RAW Packet>, in_port=s1-eth2, in_phy_port=s1-eth2>, <Msg captured_interface=s1-eth2, sniff_timestamp=1626833893.4107711, pkt=<ICMPV6_RAW Packet>, in_port=s1-eth2, in_phy_port=s1-eth2>, <Msg captured_interface=s1-eth2, sniff_timestamp=1626833893.416855, pkt=<UDP/MDNS_RAW Packet>, in_port=s1-eth2, in_phy_port=s1-eth2>, <Msg captured_interface=s1-eth2, sniff_timestamp=1626833893.8912368, pkt=<ICMPV6_RAW Packet>, in_port=s1-eth2, in_phy_port=s1-eth2>, <Msg captured_interface=s1-eth2, sniff_timestamp=1626833896.279321, pkt=<UDP/MDNS_RAW Packet>, in_port=s1-eth2, in_phy_port=s1-eth2>, <Msg captured_interface=s1-eth2, sniff_timestamp=1626833896.9254084, pkt=<UDP/MDNS_RAW Packet>, in_port=s1-eth2, in_phy_port=s1-eth2>], 'l3': [<Msg captured_interface=s2-eth2, sniff_timestamp=1626833890.3552122, pkt=<UDP/MDNS_RAW Packet>, in_port=2, in_phy_port=s2-eth2>, <Msg captured_interface=s2-eth2, sniff_timestamp=1626833891.0435863, pkt=<UDP/MDNS_RAW Packet>, in_port=2, in_phy_port=s2-eth2>, <Msg captured_interface=s2-eth2, sniff_timestamp=1626833892.4097767, pkt=<UDP/MDNS_RAW Packet>, in_port=2, in_phy_port=s2-eth2>, <Msg captured_interface=s2-eth2, sniff_timestamp=1626833893.062777, pkt=<UDP/MDNS_RAW Packet>, in_port=2, in_phy_port=s2-eth2>, <Msg captured_interface=s2-eth2, sniff_timestamp=1626833893.4107406, pkt=<ICMPV6_RAW Packet>, in_port=2, in_phy_port=s2-eth2>, <Msg captured_interface=s2-eth2, sniff_timestamp=1626833893.8912473, pkt=<ICMPV6_RAW Packet>, in_port=2, in_phy_port=s2-eth2>, <Msg captured_interface=s2-eth2, sniff_timestamp=1626833896.4018266, pkt=<UDP/MDNS_RAW Packet>, in_port=s2-eth2, in_phy_port=s2-eth2>]} {} {'s1': [<Message msg_name=OFPT_PACKET_IN of_msg=PacketIn(xid=UBInt32(0)) timestamp=1626833897.224222 local_port=51934 datapath_id=1>, <Message msg_name=OFPT_PACKET_OUT of_msg=PacketOut(xid=UBInt32(3170934848)) timestamp=1626833897.360221 local_port=51934 datapath_id=1>], 's2': []}
2021-07-21 02:18:22,948 | 14842 | tracing_of_pipeline.analyzer, analyze, 105 | DEBUG | I will processing packetout(<Message msg_name=OFPT_PACKET_OUT of_msg=PacketOut(xid=UBInt32(3170934848)) timestamp=1626833897.360221 local_port=51934 datapath_id=1>)
2021-07-21 02:18:22,949 | 14842 | tracing_of_pipeline.analyzer, analyze, 109 | DEBUG | packet out's in_port 2
2021-07-21 02:18:22,981 | 14969 | tracing_net.util.packet_capture, _packet_handler, 72 | DEBUG | sniff 1626833901.617450094 : <class 'pyshark.packet.packet.Packet'>
2021-07-21 02:18:22,949 | 14977 | tracing_net.flowtable.flow_monitor, dump_flows, 57 | DEBUG | dump flows on s2
2021-07-21 02:18:23,048 | 14842 | tracing_of_pipeline, _handle_child_conn, 113 | DEBUG | get from ofcapture <Message msg_name=OFPT_PACKET_IN of_msg=PacketIn(xid=UBInt32(0)) timestamp=1626833902.391294 local_port=51936 datapath_id=2>
2021-07-21 02:18:23,049 | 14842 | tracing_of_pipeline, _handle_child_conn, 113 | DEBUG | get from ofcapture <Message msg_name=OFPT_PACKET_OUT of_msg=PacketOut(xid=UBInt32(384017570)) timestamp=1626833902.992616 local_port=51936 datapath_id=2>
