2021-10-19 14:56:18,537 | 3241 | tracing_net.net, __init__, 99 | INFO | set up on-demand mininet
2021-10-19 14:56:18,539 | 3241 | tracing_of_pipeline, start, 105 | INFO | OpenFlow Tracer Start
2021-10-19 14:56:18,547 | 3241 | tracing_net.net, start, 312 | INFO | mininet start
2021-10-19 14:56:21,965 | 3253 | tracing_net.api.ws_server, connect, 275 | INFO | connect sid=RETqkvyRsc3RWGQoAAAB
2021-10-19 14:57:07,694 | 3253 | tracing_net.api.ws_server, emit2net, 110 | DEBUG | MessageHub receives messages from clients and emits them to the vnet. (event=WSEvent.ADD_SWITCH, param={'name': 's0', 'dpid': ''})
2021-10-19 14:57:07,707 | 3241 | tracing_net.api.ws_server, get_from_client, 124 | DEBUG | MessageHub receives messages from clients. (response={'event': 'add_switch', 'param': {'name': 's0', 'dpid': ''}})
2021-10-19 14:57:07,724 | 3241 | tracing_net.net, add_switch, 116 | DEBUG | added the switch (s0)
2021-10-19 14:57:09,460 | 3253 | tracing_net.api.ws_server, emit2net, 110 | DEBUG | MessageHub receives messages from clients and emits them to the vnet. (event=WSEvent.ADD_HOST, param={'name': 'h0', 'ip': '', 'mac': ''})
2021-10-19 14:57:09,462 | 3241 | tracing_net.api.ws_server, get_from_client, 124 | DEBUG | MessageHub receives messages from clients. (response={'event': 'add_host', 'param': {'name': 'h0', 'ip': '', 'mac': ''}})
2021-10-19 14:57:09,464 | 3241 | tracing_net.net, add_host, 164 | DEBUG | added the host (h0)
2021-10-19 14:57:10,640 | 3253 | tracing_net.api.ws_server, emit2net, 110 | DEBUG | MessageHub receives messages from clients and emits them to the vnet. (event=WSEvent.ADD_LINK, param={'link_name': 'e0', 'host_name1': 'h0', 'host_name2': 's0'})
2021-10-19 14:57:10,647 | 3241 | tracing_net.api.ws_server, get_from_client, 124 | DEBUG | MessageHub receives messages from clients. (response={'event': 'add_link', 'param': {'link_name': 'e0', 'host_name1': 'h0', 'host_name2': 's0'}})
2021-10-19 14:57:10,650 | 3241 | tracing_net.net, add_link, 203 | DEBUG | added the link (e0) between h0 and s0
2021-10-19 14:57:11,964 | 3253 | tracing_net.api.ws_server, emit2net, 110 | DEBUG | MessageHub receives messages from clients and emits them to the vnet. (event=WSEvent.ADD_HOST, param={'name': 'h1', 'ip': '', 'mac': ''})
2021-10-19 14:57:11,972 | 3241 | tracing_net.api.ws_server, get_from_client, 124 | DEBUG | MessageHub receives messages from clients. (response={'event': 'add_host', 'param': {'name': 'h1', 'ip': '', 'mac': ''}})
2021-10-19 14:57:11,975 | 3241 | tracing_net.net, add_host, 164 | DEBUG | added the host (h1)
2021-10-19 14:57:12,996 | 3253 | tracing_net.api.ws_server, emit2net, 110 | DEBUG | MessageHub receives messages from clients and emits them to the vnet. (event=WSEvent.ADD_LINK, param={'link_name': 'e1', 'host_name1': 'h1', 'host_name2': 's0'})
2021-10-19 14:57:13,005 | 3241 | tracing_net.api.ws_server, get_from_client, 124 | DEBUG | MessageHub receives messages from clients. (response={'event': 'add_link', 'param': {'link_name': 'e1', 'host_name1': 'h1', 'host_name2': 's0'}})
2021-10-19 14:57:13,011 | 3241 | tracing_net.net, add_link, 203 | DEBUG | added the link (e1) between h1 and s0
2021-10-19 14:57:15,421 | 3253 | tracing_net.api.ws_server, emit2net, 110 | DEBUG | MessageHub receives messages from clients and emits them to the vnet. (event=WSEvent.START_TRACING, param={})
2021-10-19 14:57:15,425 | 3241 | tracing_net.api.ws_server, get_from_client, 124 | DEBUG | MessageHub receives messages from clients. (response={'event': 'start_tracing', 'param': {}})
2021-10-19 14:57:15,426 | 3241 | tracing_net.net, start_tracing, 525 | INFO | tracing start
2021-10-19 14:57:15,426 | 3241 | tracing_net.net, start_tracing, 527 | DEBUG | ipv6 is disable
2021-10-19 14:57:15,477 | 3241 | tracing_net.packet_capture_manager, start_capture, 87 | DEBUG | capture process (h0-eth0:None) started
2021-10-19 14:57:15,484 | 3241 | tracing_net.packet_capture_manager, start_capture, 87 | DEBUG | capture process (h1-eth0:None) started
2021-10-19 14:57:15,484 | 3350 | tracing_net.util.packet_capture, start_capture, 58 | INFO | packet capture start on h0-eth0
2021-10-19 14:57:15,490 | 3241 | tracing_net.flowtable.flow_monitor, __init__, 46 | INFO | flow monitor start : s0
2021-10-19 14:57:15,500 | 3352 | tracing_net.util.packet_capture, start_capture, 58 | INFO | packet capture start on h1-eth0
2021-10-19 14:57:15,577 | 3354 | tracing_net.flowtable.flow_monitor, flow_monitor, 99 | DEBUG | flow monitor get result NXST_FLOW_MONITOR reply (xid=0x4):
2021-10-19 14:57:15,578 | 3354 | tracing_net.flowtable.flow_monitor, flow_monitor, 99 | DEBUG | flow monitor get result event=ADDED table=0 cookie=0 actions=CONTROLLER:65535
2021-10-19 14:57:16,521 | 3354 | tracing_net.flowtable.flow_monitor, dump_flows, 57 | DEBUG | exec dump flows on s0
2021-10-19 14:57:16,534 | 3354 | tracing_net.flowtable.flow_monitor, read_dump_flow, 74 | DEBUG | get result for dump flows 1634655436.526637 : ['OFPST_FLOW reply (OF1.3) (xid=0x2):', ' cookie=0x0, duration=8.608s, table=0, n_packets=10, n_bytes=852, priority=0 actions=CONTROLLER:65535']
2021-10-19 14:57:16,542 | 3241 | tracing_net.flowtable.table_repository, add, 91 | DEBUG | flow table update to new_table=<FlowTables(datapath=0, timestamp=1634655436.526637, flows=[<Flow(table=0, priority=0, match={}, actions=[<InstructionApplyAction type=4>])>])> on switch = s0
2021-10-19 14:57:16,542 | 3354 | tracing_net.flowtable.flow_monitor, read_dump_flow, 80 | DEBUG | parsed dump flows result to table 1634655436.526637 : <FlowTables(datapath=0, timestamp=1634655436.526637, flows=[<Flow(table=0, priority=0, match={}, actions=[<InstructionApplyAction type=4>])>])>
2021-10-19 14:57:17,521 | 3354 | tracing_net.flowtable.flow_monitor, dump_flows, 57 | DEBUG | exec dump flows on s0
2021-10-19 14:57:17,658 | 3354 | tracing_net.flowtable.flow_monitor, read_dump_flow, 74 | DEBUG | get result for dump flows 1634655437.545855 : ['OFPST_FLOW reply (OF1.3) (xid=0x2):', ' cookie=0x0, duration=9.729s, table=0, n_packets=10, n_bytes=852, priority=0 actions=CONTROLLER:65535']
2021-10-19 14:57:17,662 | 3354 | tracing_net.flowtable.flow_monitor, read_dump_flow, 80 | DEBUG | parsed dump flows result to table 1634655437.545855 : <FlowTables(datapath=0, timestamp=1634655437.545855, flows=[<Flow(table=0, priority=0, match={}, actions=[<InstructionApplyAction type=4>])>])>
2021-10-19 14:57:17,795 | 3253 | tracing_net.api.ws_server, emit2net, 110 | DEBUG | MessageHub receives messages from clients and emits them to the vnet. (event=WSEvent.GET_TRACE, param={})
2021-10-19 14:57:17,797 | 3241 | tracing_net.api.ws_server, get_from_client, 124 | DEBUG | MessageHub receives messages from clients. (response={'event': 'get_trace', 'param': {}})
2021-10-19 14:57:17,800 | 3241 | tracing_net.api.ws_server, emit2client, 116 | DEBUG | MessageHub receives messages from net and emits them to clients. (event=WSEvent.GET_TRACE, param=b'')
2021-10-19 14:57:17,796 | 3253 | tracing_net.api.ws_server, wait_traces, 159 | DEBUG | wait packet trace.....
2021-10-19 14:57:17,813 | 3253 | tracing_net.api.ws_server, wait_traces, 162 | DEBUG | MessageHub receives traces from vnet. (traces length=2)
2021-10-19 14:57:18,537 | 3354 | tracing_net.flowtable.flow_monitor, dump_flows, 57 | DEBUG | exec dump flows on s0
2021-10-19 14:57:18,597 | 3354 | tracing_net.flowtable.flow_monitor, read_dump_flow, 74 | DEBUG | get result for dump flows 1634655438.576913 : ['OFPST_FLOW reply (OF1.3) (xid=0x2):', ' cookie=0x0, duration=10.670s, table=0, n_packets=10, n_bytes=852, priority=0 actions=CONTROLLER:65535']
2021-10-19 14:57:18,600 | 3354 | tracing_net.flowtable.flow_monitor, read_dump_flow, 80 | DEBUG | parsed dump flows result to table 1634655438.576913 : <FlowTables(datapath=0, timestamp=1634655438.576913, flows=[<Flow(table=0, priority=0, match={}, actions=[<InstructionApplyAction type=4>])>])>
2021-10-19 14:57:19,493 | 3253 | tracing_net.api.ws_server, emit2net, 110 | DEBUG | MessageHub receives messages from clients and emits them to the vnet. (event=WSEvent.GET_TRACE, param={})
2021-10-19 14:57:19,505 | 3253 | tracing_net.api.ws_server, wait_traces, 159 | DEBUG | wait packet trace.....
2021-10-19 14:57:19,506 | 3241 | tracing_net.api.ws_server, get_from_client, 124 | DEBUG | MessageHub receives messages from clients. (response={'event': 'get_trace', 'param': {}})
2021-10-19 14:57:19,522 | 3354 | tracing_net.flowtable.flow_monitor, dump_flows, 57 | DEBUG | exec dump flows on s0
2021-10-19 14:57:19,527 | 3241 | tracing_net.api.ws_server, emit2client, 116 | DEBUG | MessageHub receives messages from net and emits them to clients. (event=WSEvent.GET_TRACE, param=b'')
2021-10-19 14:57:19,537 | 3253 | tracing_net.api.ws_server, wait_traces, 162 | DEBUG | MessageHub receives traces from vnet. (traces length=2)
2021-10-19 14:57:19,561 | 3354 | tracing_net.flowtable.flow_monitor, read_dump_flow, 74 | DEBUG | get result for dump flows 1634655439.537319 : ['OFPST_FLOW reply (OF1.3) (xid=0x2):', ' cookie=0x0, duration=11.633s, table=0, n_packets=10, n_bytes=852, priority=0 actions=CONTROLLER:65535']
2021-10-19 14:57:19,563 | 3354 | tracing_net.flowtable.flow_monitor, read_dump_flow, 80 | DEBUG | parsed dump flows result to table 1634655439.537319 : <FlowTables(datapath=0, timestamp=1634655439.537319, flows=[<Flow(table=0, priority=0, match={}, actions=[<InstructionApplyAction type=4>])>])>
2021-10-19 14:57:19,728 | 3253 | tracing_net.api.ws_server, emit2net, 110 | DEBUG | MessageHub receives messages from clients and emits them to the vnet. (event=WSEvent.GET_TRACE, param={})
2021-10-19 14:57:19,730 | 3253 | tracing_net.api.ws_server, wait_traces, 159 | DEBUG | wait packet trace.....
2021-10-19 14:57:19,730 | 3241 | tracing_net.api.ws_server, get_from_client, 124 | DEBUG | MessageHub receives messages from clients. (response={'event': 'get_trace', 'param': {}})
2021-10-19 14:57:19,732 | 3241 | tracing_net.api.ws_server, emit2client, 116 | DEBUG | MessageHub receives messages from net and emits them to clients. (event=WSEvent.GET_TRACE, param=b'')
2021-10-19 14:57:19,736 | 3253 | tracing_net.api.ws_server, wait_traces, 162 | DEBUG | MessageHub receives traces from vnet. (traces length=2)
2021-10-19 14:57:20,525 | 3354 | tracing_net.flowtable.flow_monitor, dump_flows, 57 | DEBUG | exec dump flows on s0
2021-10-19 14:57:20,533 | 3354 | tracing_net.flowtable.flow_monitor, read_dump_flow, 74 | DEBUG | get result for dump flows 1634655440.529655 : ['OFPST_FLOW reply (OF1.3) (xid=0x2):', ' cookie=0x0, duration=12.607s, table=0, n_packets=10, n_bytes=852, priority=0 actions=CONTROLLER:65535']
2021-10-19 14:57:20,535 | 3354 | tracing_net.flowtable.flow_monitor, read_dump_flow, 80 | DEBUG | parsed dump flows result to table 1634655440.529655 : <FlowTables(datapath=0, timestamp=1634655440.529655, flows=[<Flow(table=0, priority=0, match={}, actions=[<InstructionApplyAction type=4>])>])>
2021-10-19 14:57:20,729 | 3253 | tracing_net.api.ws_server, emit2net, 110 | DEBUG | MessageHub receives messages from clients and emits them to the vnet. (event=WSEvent.GET_TRACE, param={})
2021-10-19 14:57:20,730 | 3253 | tracing_net.api.ws_server, wait_traces, 159 | DEBUG | wait packet trace.....
2021-10-19 14:57:20,730 | 3241 | tracing_net.api.ws_server, get_from_client, 124 | DEBUG | MessageHub receives messages from clients. (response={'event': 'get_trace', 'param': {}})
2021-10-19 14:57:20,731 | 3241 | tracing_net.api.ws_server, emit2client, 116 | DEBUG | MessageHub receives messages from net and emits them to clients. (event=WSEvent.GET_TRACE, param=b'')
2021-10-19 14:57:20,731 | 3253 | tracing_net.api.ws_server, wait_traces, 162 | DEBUG | MessageHub receives traces from vnet. (traces length=2)
2021-10-19 14:57:21,555 | 3354 | tracing_net.flowtable.flow_monitor, dump_flows, 57 | DEBUG | exec dump flows on s0
2021-10-19 14:57:21,596 | 3354 | tracing_net.flowtable.flow_monitor, read_dump_flow, 74 | DEBUG | get result for dump flows 1634655441.584309 : ['OFPST_FLOW reply (OF1.3) (xid=0x2):', ' cookie=0x0, duration=13.668s, table=0, n_packets=10, n_bytes=852, priority=0 actions=CONTROLLER:65535']
2021-10-19 14:57:21,599 | 3354 | tracing_net.flowtable.flow_monitor, read_dump_flow, 80 | DEBUG | parsed dump flows result to table 1634655441.584309 : <FlowTables(datapath=0, timestamp=1634655441.584309, flows=[<Flow(table=0, priority=0, match={}, actions=[<InstructionApplyAction type=4>])>])>
2021-10-19 14:57:22,521 | 3354 | tracing_net.flowtable.flow_monitor, dump_flows, 57 | DEBUG | exec dump flows on s0
2021-10-19 14:57:22,521 | 3253 | tracing_net.api.ws_server, emit2net, 110 | DEBUG | MessageHub receives messages from clients and emits them to the vnet. (event=WSEvent.GET_TRACE, param={})
2021-10-19 14:57:22,522 | 3253 | tracing_net.api.ws_server, wait_traces, 159 | DEBUG | wait packet trace.....
2021-10-19 14:57:22,523 | 3241 | tracing_net.api.ws_server, get_from_client, 124 | DEBUG | MessageHub receives messages from clients. (response={'event': 'get_trace', 'param': {}})
2021-10-19 14:57:22,523 | 3241 | tracing_net.api.ws_server, emit2client, 116 | DEBUG | MessageHub receives messages from net and emits them to clients. (event=WSEvent.GET_TRACE, param=b'')
2021-10-19 14:57:22,524 | 3253 | tracing_net.api.ws_server, wait_traces, 162 | DEBUG | MessageHub receives traces from vnet. (traces length=2)
2021-10-19 14:57:22,537 | 3354 | tracing_net.flowtable.flow_monitor, read_dump_flow, 74 | DEBUG | get result for dump flows 1634655442.531615 : ['OFPST_FLOW reply (OF1.3) (xid=0x2):', ' cookie=0x0, duration=14.610s, table=0, n_packets=10, n_bytes=852, priority=0 actions=CONTROLLER:65535']
2021-10-19 14:57:22,538 | 3354 | tracing_net.flowtable.flow_monitor, read_dump_flow, 80 | DEBUG | parsed dump flows result to table 1634655442.531615 : <FlowTables(datapath=0, timestamp=1634655442.531615, flows=[<Flow(table=0, priority=0, match={}, actions=[<InstructionApplyAction type=4>])>])>
2021-10-19 14:57:23,514 | 3253 | tracing_net.api.ws_server, emit2net, 110 | DEBUG | MessageHub receives messages from clients and emits them to the vnet. (event=WSEvent.GET_TRACE, param={})
2021-10-19 14:57:23,518 | 3253 | tracing_net.api.ws_server, wait_traces, 159 | DEBUG | wait packet trace.....
2021-10-19 14:57:23,518 | 3241 | tracing_net.api.ws_server, get_from_client, 124 | DEBUG | MessageHub receives messages from clients. (response={'event': 'get_trace', 'param': {}})
2021-10-19 14:57:23,521 | 3354 | tracing_net.flowtable.flow_monitor, dump_flows, 57 | DEBUG | exec dump flows on s0
2021-10-19 14:57:23,527 | 3241 | tracing_net.api.ws_server, emit2client, 116 | DEBUG | MessageHub receives messages from net and emits them to clients. (event=WSEvent.GET_TRACE, param=b'')
2021-10-19 14:57:23,528 | 3253 | tracing_net.api.ws_server, wait_traces, 162 | DEBUG | MessageHub receives traces from vnet. (traces length=2)
2021-10-19 14:57:23,537 | 3354 | tracing_net.flowtable.flow_monitor, read_dump_flow, 74 | DEBUG | get result for dump flows 1634655443.531654 : ['OFPST_FLOW reply (OF1.3) (xid=0x2):', ' cookie=0x0, duration=15.611s, table=0, n_packets=10, n_bytes=852, priority=0 actions=CONTROLLER:65535']
2021-10-19 14:57:23,538 | 3354 | tracing_net.flowtable.flow_monitor, read_dump_flow, 80 | DEBUG | parsed dump flows result to table 1634655443.531654 : <FlowTables(datapath=0, timestamp=1634655443.531654, flows=[<Flow(table=0, priority=0, match={}, actions=[<InstructionApplyAction type=4>])>])>
2021-10-19 14:57:24,526 | 3354 | tracing_net.flowtable.flow_monitor, dump_flows, 57 | DEBUG | exec dump flows on s0
2021-10-19 14:57:24,534 | 3354 | tracing_net.flowtable.flow_monitor, read_dump_flow, 74 | DEBUG | get result for dump flows 1634655444.531288 : ['OFPST_FLOW reply (OF1.3) (xid=0x2):', ' cookie=0x0, duration=16.608s, table=0, n_packets=10, n_bytes=852, priority=0 actions=CONTROLLER:65535']
2021-10-19 14:57:24,536 | 3354 | tracing_net.flowtable.flow_monitor, read_dump_flow, 80 | DEBUG | parsed dump flows result to table 1634655444.531288 : <FlowTables(datapath=0, timestamp=1634655444.531288, flows=[<Flow(table=0, priority=0, match={}, actions=[<InstructionApplyAction type=4>])>])>
2021-10-19 14:57:25,007 | 3253 | tracing_net.api.ws_server, emit2net, 110 | DEBUG | MessageHub receives messages from clients and emits them to the vnet. (event=WSEvent.GET_TRACE, param={})
2021-10-19 14:57:25,007 | 3241 | tracing_net.api.ws_server, get_from_client, 124 | DEBUG | MessageHub receives messages from clients. (response={'event': 'get_trace', 'param': {}})
2021-10-19 14:57:25,007 | 3253 | tracing_net.api.ws_server, wait_traces, 159 | DEBUG | wait packet trace.....
2021-10-19 14:57:25,009 | 3241 | tracing_net.api.ws_server, emit2client, 116 | DEBUG | MessageHub receives messages from net and emits them to clients. (event=WSEvent.GET_TRACE, param=b'')
2021-10-19 14:57:25,010 | 3253 | tracing_net.api.ws_server, wait_traces, 162 | DEBUG | MessageHub receives traces from vnet. (traces length=2)
2021-10-19 14:57:25,524 | 3354 | tracing_net.flowtable.flow_monitor, dump_flows, 57 | DEBUG | exec dump flows on s0
2021-10-19 14:57:25,531 | 3354 | tracing_net.flowtable.flow_monitor, read_dump_flow, 74 | DEBUG | get result for dump flows 1634655445.528233 : ['OFPST_FLOW reply (OF1.3) (xid=0x2):', ' cookie=0x0, duration=17.605s, table=0, n_packets=10, n_bytes=852, priority=0 actions=CONTROLLER:65535']
2021-10-19 14:57:25,532 | 3354 | tracing_net.flowtable.flow_monitor, read_dump_flow, 80 | DEBUG | parsed dump flows result to table 1634655445.528233 : <FlowTables(datapath=0, timestamp=1634655445.528233, flows=[<Flow(table=0, priority=0, match={}, actions=[<InstructionApplyAction type=4>])>])>
2021-10-19 14:57:26,522 | 3354 | tracing_net.flowtable.flow_monitor, dump_flows, 57 | DEBUG | exec dump flows on s0
2021-10-19 14:57:26,530 | 3354 | tracing_net.flowtable.flow_monitor, read_dump_flow, 74 | DEBUG | get result for dump flows 1634655446.527286 : ['OFPST_FLOW reply (OF1.3) (xid=0x2):', ' cookie=0x0, duration=18.604s, table=0, n_packets=10, n_bytes=852, priority=0 actions=CONTROLLER:65535']
2021-10-19 14:57:26,532 | 3354 | tracing_net.flowtable.flow_monitor, read_dump_flow, 80 | DEBUG | parsed dump flows result to table 1634655446.527286 : <FlowTables(datapath=0, timestamp=1634655446.527286, flows=[<Flow(table=0, priority=0, match={}, actions=[<InstructionApplyAction type=4>])>])>
2021-10-19 14:57:26,543 | 3253 | tracing_net.api.ws_server, emit2net, 110 | DEBUG | MessageHub receives messages from clients and emits them to the vnet. (event=WSEvent.GET_TRACE, param={})
2021-10-19 14:57:26,546 | 3253 | tracing_net.api.ws_server, wait_traces, 159 | DEBUG | wait packet trace.....
2021-10-19 14:57:26,547 | 3241 | tracing_net.api.ws_server, get_from_client, 124 | DEBUG | MessageHub receives messages from clients. (response={'event': 'get_trace', 'param': {}})
2021-10-19 14:57:26,549 | 3241 | tracing_net.api.ws_server, emit2client, 116 | DEBUG | MessageHub receives messages from net and emits them to clients. (event=WSEvent.GET_TRACE, param=b'')
2021-10-19 14:57:26,550 | 3253 | tracing_net.api.ws_server, wait_traces, 162 | DEBUG | MessageHub receives traces from vnet. (traces length=2)
2021-10-19 14:57:27,524 | 3354 | tracing_net.flowtable.flow_monitor, dump_flows, 57 | DEBUG | exec dump flows on s0
2021-10-19 14:57:27,543 | 3354 | tracing_net.flowtable.flow_monitor, read_dump_flow, 74 | DEBUG | get result for dump flows 1634655447.535232 : ['OFPST_FLOW reply (OF1.3) (xid=0x2):', ' cookie=0x0, duration=19.616s, table=0, n_packets=10, n_bytes=852, priority=0 actions=CONTROLLER:65535']
2021-10-19 14:57:27,545 | 3354 | tracing_net.flowtable.flow_monitor, read_dump_flow, 80 | DEBUG | parsed dump flows result to table 1634655447.535232 : <FlowTables(datapath=0, timestamp=1634655447.535232, flows=[<Flow(table=0, priority=0, match={}, actions=[<InstructionApplyAction type=4>])>])>
2021-10-19 14:57:27,963 | 3253 | tracing_net.api.ws_server, emit2net, 110 | DEBUG | MessageHub receives messages from clients and emits them to the vnet. (event=WSEvent.GET_TRACE, param={})
2021-10-19 14:57:27,964 | 3253 | tracing_net.api.ws_server, wait_traces, 159 | DEBUG | wait packet trace.....
2021-10-19 14:57:27,965 | 3241 | tracing_net.api.ws_server, get_from_client, 124 | DEBUG | MessageHub receives messages from clients. (response={'event': 'get_trace', 'param': {}})
2021-10-19 14:57:27,966 | 3241 | tracing_net.api.ws_server, emit2client, 116 | DEBUG | MessageHub receives messages from net and emits them to clients. (event=WSEvent.GET_TRACE, param=b'')
2021-10-19 14:57:27,966 | 3253 | tracing_net.api.ws_server, wait_traces, 162 | DEBUG | MessageHub receives traces from vnet. (traces length=2)
2021-10-19 14:57:28,521 | 3354 | tracing_net.flowtable.flow_monitor, dump_flows, 57 | DEBUG | exec dump flows on s0
2021-10-19 14:57:28,530 | 3354 | tracing_net.flowtable.flow_monitor, read_dump_flow, 74 | DEBUG | get result for dump flows 1634655448.527152 : ['OFPST_FLOW reply (OF1.3) (xid=0x2):', ' cookie=0x0, duration=20.604s, table=0, n_packets=10, n_bytes=852, priority=0 actions=CONTROLLER:65535']
2021-10-19 14:57:28,531 | 3354 | tracing_net.flowtable.flow_monitor, read_dump_flow, 80 | DEBUG | parsed dump flows result to table 1634655448.527152 : <FlowTables(datapath=0, timestamp=1634655448.527152, flows=[<Flow(table=0, priority=0, match={}, actions=[<InstructionApplyAction type=4>])>])>
2021-10-19 14:57:29,517 | 3253 | tracing_net.api.ws_server, emit2net, 110 | DEBUG | MessageHub receives messages from clients and emits them to the vnet. (event=WSEvent.GET_TRACE, param={})
2021-10-19 14:57:29,521 | 3354 | tracing_net.flowtable.flow_monitor, dump_flows, 57 | DEBUG | exec dump flows on s0
2021-10-19 14:57:29,522 | 3253 | tracing_net.api.ws_server, wait_traces, 159 | DEBUG | wait packet trace.....
2021-10-19 14:57:29,523 | 3241 | tracing_net.api.ws_server, get_from_client, 124 | DEBUG | MessageHub receives messages from clients. (response={'event': 'get_trace', 'param': {}})
2021-10-19 14:57:29,525 | 3241 | tracing_net.api.ws_server, emit2client, 116 | DEBUG | MessageHub receives messages from net and emits them to clients. (event=WSEvent.GET_TRACE, param=b'')
2021-10-19 14:57:29,526 | 3253 | tracing_net.api.ws_server, wait_traces, 162 | DEBUG | MessageHub receives traces from vnet. (traces length=2)
2021-10-19 14:57:29,533 | 3354 | tracing_net.flowtable.flow_monitor, read_dump_flow, 74 | DEBUG | get result for dump flows 1634655449.53035 : ['OFPST_FLOW reply (OF1.3) (xid=0x2):', ' cookie=0x0, duration=21.607s, table=0, n_packets=10, n_bytes=852, priority=0 actions=CONTROLLER:65535']
2021-10-19 14:57:29,535 | 3354 | tracing_net.flowtable.flow_monitor, read_dump_flow, 80 | DEBUG | parsed dump flows result to table 1634655449.53035 : <FlowTables(datapath=0, timestamp=1634655449.53035, flows=[<Flow(table=0, priority=0, match={}, actions=[<InstructionApplyAction type=4>])>])>
2021-10-19 14:57:30,099 | 3354 | tracing_net.flowtable.flow_monitor, flow_monitor, 99 | DEBUG | flow monitor get result NXST_FLOW_MONITOR reply (xid=0x0):
2021-10-19 14:57:30,100 | 3354 | tracing_net.flowtable.flow_monitor, flow_monitor, 99 | DEBUG | flow monitor get result event=ADDED table=0 cookie=0 in_port=2,dl_src=aa:1d:b2:7d:22:e3,dl_dst=f6:77:2e:8b:19:c0 actions=output:1
2021-10-19 14:57:30,105 | 3354 | tracing_net.flowtable.flow_monitor, flow_monitor, 99 | DEBUG | flow monitor get result NXST_FLOW_MONITOR reply (xid=0x0):
2021-10-19 14:57:30,106 | 3354 | tracing_net.flowtable.flow_monitor, flow_monitor, 99 | DEBUG | flow monitor get result event=ADDED table=0 cookie=0 in_port=1,dl_src=f6:77:2e:8b:19:c0,dl_dst=aa:1d:b2:7d:22:e3 actions=output:2
2021-10-19 14:57:30,523 | 3354 | tracing_net.flowtable.flow_monitor, dump_flows, 57 | DEBUG | exec dump flows on s0
2021-10-19 14:57:30,532 | 3354 | tracing_net.flowtable.flow_monitor, read_dump_flow, 74 | DEBUG | get result for dump flows 1634655450.528822 : ['OFPST_FLOW reply (OF1.3) (xid=0x2):', ' cookie=0x0, duration=0.432s, table=0, n_packets=1, n_bytes=98, priority=1,in_port=2,dl_src=aa:1d:b2:7d:22:e3,dl_dst=f6:77:2e:8b:19:c0 actions=output:1', ' cookie=0x0, duration=0.427s, table=0, n_packets=1, n_bytes=98, priority=1,in_port=1,dl_src=f6:77:2e:8b:19:c0,dl_dst=aa:1d:b2:7d:22:e3 actions=output:2', ' cookie=0x0, duration=22.605s, table=0, n_packets=13, n_bytes=1034, priority=0 actions=CONTROLLER:65535']
2021-10-19 14:57:30,533 | 3354 | tracing_net.flowtable.flow_monitor, read_dump_flow, 80 | DEBUG | parsed dump flows result to table 1634655450.528822 : <FlowTables(datapath=0, timestamp=1634655450.528822, flows=[<Flow(table=0, priority=1, match=[<in_port, 2/None>, <dl_src, aa:1d:b2:7d:22:e3/None>, <dl_dst, f6:77:2e:8b:19:c0/None>], actions=[<InstructionApplyAction type=4>])>, <Flow(table=0, priority=1, match=[<in_port, 1/None>, <dl_src, f6:77:2e:8b:19:c0/None>, <dl_dst, aa:1d:b2:7d:22:e3/None>], actions=[<InstructionApplyAction type=4>])>, <Flow(table=0, priority=0, match={}, actions=[<InstructionApplyAction type=4>])>])>
2021-10-19 14:57:30,534 | 3241 | tracing_net.flowtable.table_repository, add, 91 | DEBUG | flow table update to new_table=<FlowTables(datapath=0, timestamp=1634655450.528822, flows=[<Flow(table=0, priority=1, match=[<in_port, 2/None>, <dl_src, aa:1d:b2:7d:22:e3/None>, <dl_dst, f6:77:2e:8b:19:c0/None>], actions=[<InstructionApplyAction type=4>])>, <Flow(table=0, priority=1, match=[<in_port, 1/None>, <dl_src, f6:77:2e:8b:19:c0/None>, <dl_dst, aa:1d:b2:7d:22:e3/None>], actions=[<InstructionApplyAction type=4>])>, <Flow(table=0, priority=0, match={}, actions=[<InstructionApplyAction type=4>])>])> on switch = s0
2021-10-19 14:57:31,012 | 3253 | tracing_net.api.ws_server, emit2net, 110 | DEBUG | MessageHub receives messages from clients and emits them to the vnet. (event=WSEvent.GET_TRACE, param={})
2021-10-19 14:57:31,013 | 3253 | tracing_net.api.ws_server, wait_traces, 159 | DEBUG | wait packet trace.....
2021-10-19 14:57:31,013 | 3241 | tracing_net.api.ws_server, get_from_client, 124 | DEBUG | MessageHub receives messages from clients. (response={'event': 'get_trace', 'param': {}})
2021-10-19 14:57:31,014 | 3241 | tracing_net.api.ws_server, emit2client, 116 | DEBUG | MessageHub receives messages from net and emits them to clients. (event=WSEvent.GET_TRACE, param=b'')
2021-10-19 14:57:31,015 | 3253 | tracing_net.api.ws_server, wait_traces, 162 | DEBUG | MessageHub receives traces from vnet. (traces length=2)
2021-10-19 14:57:31,522 | 3354 | tracing_net.flowtable.flow_monitor, dump_flows, 57 | DEBUG | exec dump flows on s0
2021-10-19 14:57:31,533 | 3354 | tracing_net.flowtable.flow_monitor, read_dump_flow, 74 | DEBUG | get result for dump flows 1634655451.527413 : ['OFPST_FLOW reply (OF1.3) (xid=0x2):', ' cookie=0x0, duration=1.434s, table=0, n_packets=2, n_bytes=196, priority=1,in_port=2,dl_src=aa:1d:b2:7d:22:e3,dl_dst=f6:77:2e:8b:19:c0 actions=output:1', ' cookie=0x0, duration=1.429s, table=0, n_packets=1, n_bytes=98, priority=1,in_port=1,dl_src=f6:77:2e:8b:19:c0,dl_dst=aa:1d:b2:7d:22:e3 actions=output:2', ' cookie=0x0, duration=23.607s, table=0, n_packets=13, n_bytes=1034, priority=0 actions=CONTROLLER:65535']
2021-10-19 14:57:31,534 | 3354 | tracing_net.flowtable.flow_monitor, read_dump_flow, 80 | DEBUG | parsed dump flows result to table 1634655451.527413 : <FlowTables(datapath=0, timestamp=1634655451.527413, flows=[<Flow(table=0, priority=1, match=[<in_port, 2/None>, <dl_src, aa:1d:b2:7d:22:e3/None>, <dl_dst, f6:77:2e:8b:19:c0/None>], actions=[<InstructionApplyAction type=4>])>, <Flow(table=0, priority=1, match=[<in_port, 1/None>, <dl_src, f6:77:2e:8b:19:c0/None>, <dl_dst, aa:1d:b2:7d:22:e3/None>], actions=[<InstructionApplyAction type=4>])>, <Flow(table=0, priority=0, match={}, actions=[<InstructionApplyAction type=4>])>])>
2021-10-19 14:57:31,535 | 3241 | tracing_net.flowtable.table_repository, add, 91 | DEBUG | flow table update to new_table=<FlowTables(datapath=0, timestamp=1634655451.527413, flows=[<Flow(table=0, priority=1, match=[<in_port, 2/None>, <dl_src, aa:1d:b2:7d:22:e3/None>, <dl_dst, f6:77:2e:8b:19:c0/None>], actions=[<InstructionApplyAction type=4>])>, <Flow(table=0, priority=1, match=[<in_port, 1/None>, <dl_src, f6:77:2e:8b:19:c0/None>, <dl_dst, aa:1d:b2:7d:22:e3/None>], actions=[<InstructionApplyAction type=4>])>, <Flow(table=0, priority=0, match={}, actions=[<InstructionApplyAction type=4>])>])> on switch = s0
2021-10-19 14:57:32,522 | 3354 | tracing_net.flowtable.flow_monitor, dump_flows, 57 | DEBUG | exec dump flows on s0
2021-10-19 14:57:32,531 | 3354 | tracing_net.flowtable.flow_monitor, read_dump_flow, 74 | DEBUG | get result for dump flows 1634655452.527505 : ['OFPST_FLOW reply (OF1.3) (xid=0x2):', ' cookie=0x0, duration=2.432s, table=0, n_packets=2, n_bytes=196, priority=1,in_port=2,dl_src=aa:1d:b2:7d:22:e3,dl_dst=f6:77:2e:8b:19:c0 actions=output:1', ' cookie=0x0, duration=2.427s, table=0, n_packets=1, n_bytes=98, priority=1,in_port=1,dl_src=f6:77:2e:8b:19:c0,dl_dst=aa:1d:b2:7d:22:e3 actions=output:2', ' cookie=0x0, duration=24.605s, table=0, n_packets=13, n_bytes=1034, priority=0 actions=CONTROLLER:65535']
2021-10-19 14:57:32,533 | 3354 | tracing_net.flowtable.flow_monitor, read_dump_flow, 80 | DEBUG | parsed dump flows result to table 1634655452.527505 : <FlowTables(datapath=0, timestamp=1634655452.527505, flows=[<Flow(table=0, priority=1, match=[<in_port, 2/None>, <dl_src, aa:1d:b2:7d:22:e3/None>, <dl_dst, f6:77:2e:8b:19:c0/None>], actions=[<InstructionApplyAction type=4>])>, <Flow(table=0, priority=1, match=[<in_port, 1/None>, <dl_src, f6:77:2e:8b:19:c0/None>, <dl_dst, aa:1d:b2:7d:22:e3/None>], actions=[<InstructionApplyAction type=4>])>, <Flow(table=0, priority=0, match={}, actions=[<InstructionApplyAction type=4>])>])>
2021-10-19 14:57:32,533 | 3241 | tracing_net.flowtable.table_repository, add, 91 | DEBUG | flow table update to new_table=<FlowTables(datapath=0, timestamp=1634655452.527505, flows=[<Flow(table=0, priority=1, match=[<in_port, 2/None>, <dl_src, aa:1d:b2:7d:22:e3/None>, <dl_dst, f6:77:2e:8b:19:c0/None>], actions=[<InstructionApplyAction type=4>])>, <Flow(table=0, priority=1, match=[<in_port, 1/None>, <dl_src, f6:77:2e:8b:19:c0/None>, <dl_dst, aa:1d:b2:7d:22:e3/None>], actions=[<InstructionApplyAction type=4>])>, <Flow(table=0, priority=0, match={}, actions=[<InstructionApplyAction type=4>])>])> on switch = s0
2021-10-19 14:57:33,033 | 3253 | tracing_net.api.ws_server, emit2net, 110 | DEBUG | MessageHub receives messages from clients and emits them to the vnet. (event=WSEvent.GET_TRACE, param={})
2021-10-19 14:57:33,033 | 3253 | tracing_net.api.ws_server, wait_traces, 159 | DEBUG | wait packet trace.....
2021-10-19 14:57:33,034 | 3241 | tracing_net.api.ws_server, get_from_client, 124 | DEBUG | MessageHub receives messages from clients. (response={'event': 'get_trace', 'param': {}})
2021-10-19 14:57:33,034 | 3241 | tracing_net.api.ws_server, emit2client, 116 | DEBUG | MessageHub receives messages from net and emits them to clients. (event=WSEvent.GET_TRACE, param=b'')
2021-10-19 14:57:33,034 | 3253 | tracing_net.api.ws_server, wait_traces, 162 | DEBUG | MessageHub receives traces from vnet. (traces length=2)
2021-10-19 14:57:33,521 | 3354 | tracing_net.flowtable.flow_monitor, dump_flows, 57 | DEBUG | exec dump flows on s0
2021-10-19 14:57:33,537 | 3354 | tracing_net.flowtable.flow_monitor, read_dump_flow, 74 | DEBUG | get result for dump flows 1634655453.533508 : ['OFPST_FLOW reply (OF1.3) (xid=0x2):', ' cookie=0x0, duration=3.438s, table=0, n_packets=2, n_bytes=196, priority=1,in_port=2,dl_src=aa:1d:b2:7d:22:e3,dl_dst=f6:77:2e:8b:19:c0 actions=output:1', ' cookie=0x0, duration=3.433s, table=0, n_packets=1, n_bytes=98, priority=1,in_port=1,dl_src=f6:77:2e:8b:19:c0,dl_dst=aa:1d:b2:7d:22:e3 actions=output:2', ' cookie=0x0, duration=25.611s, table=0, n_packets=13, n_bytes=1034, priority=0 actions=CONTROLLER:65535']
2021-10-19 14:57:33,539 | 3354 | tracing_net.flowtable.flow_monitor, read_dump_flow, 80 | DEBUG | parsed dump flows result to table 1634655453.533508 : <FlowTables(datapath=0, timestamp=1634655453.533508, flows=[<Flow(table=0, priority=1, match=[<in_port, 2/None>, <dl_src, aa:1d:b2:7d:22:e3/None>, <dl_dst, f6:77:2e:8b:19:c0/None>], actions=[<InstructionApplyAction type=4>])>, <Flow(table=0, priority=1, match=[<in_port, 1/None>, <dl_src, f6:77:2e:8b:19:c0/None>, <dl_dst, aa:1d:b2:7d:22:e3/None>], actions=[<InstructionApplyAction type=4>])>, <Flow(table=0, priority=0, match={}, actions=[<InstructionApplyAction type=4>])>])>
2021-10-19 14:57:33,540 | 3241 | tracing_net.flowtable.table_repository, add, 91 | DEBUG | flow table update to new_table=<FlowTables(datapath=0, timestamp=1634655453.533508, flows=[<Flow(table=0, priority=1, match=[<in_port, 2/None>, <dl_src, aa:1d:b2:7d:22:e3/None>, <dl_dst, f6:77:2e:8b:19:c0/None>], actions=[<InstructionApplyAction type=4>])>, <Flow(table=0, priority=1, match=[<in_port, 1/None>, <dl_src, f6:77:2e:8b:19:c0/None>, <dl_dst, aa:1d:b2:7d:22:e3/None>], actions=[<InstructionApplyAction type=4>])>, <Flow(table=0, priority=0, match={}, actions=[<InstructionApplyAction type=4>])>])> on switch = s0
2021-10-19 14:57:33,736 | 3253 | tracing_net.api.ws_server, emit2net, 110 | DEBUG | MessageHub receives messages from clients and emits them to the vnet. (event=WSEvent.GET_TRACE, param={})
2021-10-19 14:57:33,737 | 3241 | tracing_net.api.ws_server, get_from_client, 124 | DEBUG | MessageHub receives messages from clients. (response={'event': 'get_trace', 'param': {}})
2021-10-19 14:57:33,737 | 3253 | tracing_net.api.ws_server, wait_traces, 159 | DEBUG | wait packet trace.....
2021-10-19 14:57:33,738 | 3241 | tracing_net.api.ws_server, emit2client, 116 | DEBUG | MessageHub receives messages from net and emits them to clients. (event=WSEvent.GET_TRACE, param=b'')
2021-10-19 14:57:33,739 | 3253 | tracing_net.api.ws_server, wait_traces, 162 | DEBUG | MessageHub receives traces from vnet. (traces length=2)
2021-10-19 14:57:34,524 | 3354 | tracing_net.flowtable.flow_monitor, dump_flows, 57 | DEBUG | exec dump flows on s0
2021-10-19 14:57:34,532 | 3354 | tracing_net.flowtable.flow_monitor, read_dump_flow, 74 | DEBUG | get result for dump flows 1634655454.529446 : ['OFPST_FLOW reply (OF1.3) (xid=0x2):', ' cookie=0x0, duration=4.433s, table=0, n_packets=2, n_bytes=196, priority=1,in_port=2,dl_src=aa:1d:b2:7d:22:e3,dl_dst=f6:77:2e:8b:19:c0 actions=output:1', ' cookie=0x0, duration=4.428s, table=0, n_packets=1, n_bytes=98, priority=1,in_port=1,dl_src=f6:77:2e:8b:19:c0,dl_dst=aa:1d:b2:7d:22:e3 actions=output:2', ' cookie=0x0, duration=26.606s, table=0, n_packets=13, n_bytes=1034, priority=0 actions=CONTROLLER:65535']
2021-10-19 14:57:34,534 | 3354 | tracing_net.flowtable.flow_monitor, read_dump_flow, 80 | DEBUG | parsed dump flows result to table 1634655454.529446 : <FlowTables(datapath=0, timestamp=1634655454.529446, flows=[<Flow(table=0, priority=1, match=[<in_port, 2/None>, <dl_src, aa:1d:b2:7d:22:e3/None>, <dl_dst, f6:77:2e:8b:19:c0/None>], actions=[<InstructionApplyAction type=4>])>, <Flow(table=0, priority=1, match=[<in_port, 1/None>, <dl_src, f6:77:2e:8b:19:c0/None>, <dl_dst, aa:1d:b2:7d:22:e3/None>], actions=[<InstructionApplyAction type=4>])>, <Flow(table=0, priority=0, match={}, actions=[<InstructionApplyAction type=4>])>])>
2021-10-19 14:57:34,535 | 3241 | tracing_net.flowtable.table_repository, add, 91 | DEBUG | flow table update to new_table=<FlowTables(datapath=0, timestamp=1634655454.529446, flows=[<Flow(table=0, priority=1, match=[<in_port, 2/None>, <dl_src, aa:1d:b2:7d:22:e3/None>, <dl_dst, f6:77:2e:8b:19:c0/None>], actions=[<InstructionApplyAction type=4>])>, <Flow(table=0, priority=1, match=[<in_port, 1/None>, <dl_src, f6:77:2e:8b:19:c0/None>, <dl_dst, aa:1d:b2:7d:22:e3/None>], actions=[<InstructionApplyAction type=4>])>, <Flow(table=0, priority=0, match={}, actions=[<InstructionApplyAction type=4>])>])> on switch = s0
2021-10-19 14:57:34,743 | 3253 | tracing_net.api.ws_server, emit2net, 110 | DEBUG | MessageHub receives messages from clients and emits them to the vnet. (event=WSEvent.GET_TRACE, param={})
2021-10-19 14:57:34,749 | 3253 | tracing_net.api.ws_server, wait_traces, 159 | DEBUG | wait packet trace.....
2021-10-19 14:57:34,749 | 3241 | tracing_net.api.ws_server, get_from_client, 124 | DEBUG | MessageHub receives messages from clients. (response={'event': 'get_trace', 'param': {}})
2021-10-19 14:57:34,750 | 3241 | tracing_net.api.ws_server, emit2client, 116 | DEBUG | MessageHub receives messages from net and emits them to clients. (event=WSEvent.GET_TRACE, param=b'')
2021-10-19 14:57:34,751 | 3253 | tracing_net.api.ws_server, wait_traces, 162 | DEBUG | MessageHub receives traces from vnet. (traces length=2)
2021-10-19 14:57:35,531 | 3354 | tracing_net.flowtable.flow_monitor, dump_flows, 57 | DEBUG | exec dump flows on s0
2021-10-19 14:57:35,540 | 3354 | tracing_net.flowtable.flow_monitor, read_dump_flow, 74 | DEBUG | get result for dump flows 1634655455.536821 : ['OFPST_FLOW reply (OF1.3) (xid=0x2):', ' cookie=0x0, duration=5.441s, table=0, n_packets=3, n_bytes=238, priority=1,in_port=2,dl_src=aa:1d:b2:7d:22:e3,dl_dst=f6:77:2e:8b:19:c0 actions=output:1', ' cookie=0x0, duration=5.436s, table=0, n_packets=2, n_bytes=140, priority=1,in_port=1,dl_src=f6:77:2e:8b:19:c0,dl_dst=aa:1d:b2:7d:22:e3 actions=output:2', ' cookie=0x0, duration=27.614s, table=0, n_packets=13, n_bytes=1034, priority=0 actions=CONTROLLER:65535']
2021-10-19 14:57:35,542 | 3354 | tracing_net.flowtable.flow_monitor, read_dump_flow, 80 | DEBUG | parsed dump flows result to table 1634655455.536821 : <FlowTables(datapath=0, timestamp=1634655455.536821, flows=[<Flow(table=0, priority=1, match=[<in_port, 2/None>, <dl_src, aa:1d:b2:7d:22:e3/None>, <dl_dst, f6:77:2e:8b:19:c0/None>], actions=[<InstructionApplyAction type=4>])>, <Flow(table=0, priority=1, match=[<in_port, 1/None>, <dl_src, f6:77:2e:8b:19:c0/None>, <dl_dst, aa:1d:b2:7d:22:e3/None>], actions=[<InstructionApplyAction type=4>])>, <Flow(table=0, priority=0, match={}, actions=[<InstructionApplyAction type=4>])>])>
2021-10-19 14:57:35,542 | 3241 | tracing_net.flowtable.table_repository, add, 91 | DEBUG | flow table update to new_table=<FlowTables(datapath=0, timestamp=1634655455.536821, flows=[<Flow(table=0, priority=1, match=[<in_port, 2/None>, <dl_src, aa:1d:b2:7d:22:e3/None>, <dl_dst, f6:77:2e:8b:19:c0/None>], actions=[<InstructionApplyAction type=4>])>, <Flow(table=0, priority=1, match=[<in_port, 1/None>, <dl_src, f6:77:2e:8b:19:c0/None>, <dl_dst, aa:1d:b2:7d:22:e3/None>], actions=[<InstructionApplyAction type=4>])>, <Flow(table=0, priority=0, match={}, actions=[<InstructionApplyAction type=4>])>])> on switch = s0
2021-10-19 14:57:35,737 | 3253 | tracing_net.api.ws_server, emit2net, 110 | DEBUG | MessageHub receives messages from clients and emits them to the vnet. (event=WSEvent.GET_TRACE, param={})
2021-10-19 14:57:35,738 | 3253 | tracing_net.api.ws_server, wait_traces, 159 | DEBUG | wait packet trace.....
2021-10-19 14:57:35,738 | 3241 | tracing_net.api.ws_server, get_from_client, 124 | DEBUG | MessageHub receives messages from clients. (response={'event': 'get_trace', 'param': {}})
2021-10-19 14:57:35,743 | 3241 | tracing_net.api.ws_server, emit2client, 116 | DEBUG | MessageHub receives messages from net and emits them to clients. (event=WSEvent.GET_TRACE, param=b'')
2021-10-19 14:57:35,744 | 3253 | tracing_net.api.ws_server, wait_traces, 162 | DEBUG | MessageHub receives traces from vnet. (traces length=2)
2021-10-19 14:57:36,522 | 3354 | tracing_net.flowtable.flow_monitor, dump_flows, 57 | DEBUG | exec dump flows on s0
2021-10-19 14:57:36,531 | 3354 | tracing_net.flowtable.flow_monitor, read_dump_flow, 74 | DEBUG | get result for dump flows 1634655456.528112 : ['OFPST_FLOW reply (OF1.3) (xid=0x2):', ' cookie=0x0, duration=6.432s, table=0, n_packets=3, n_bytes=238, priority=1,in_port=2,dl_src=aa:1d:b2:7d:22:e3,dl_dst=f6:77:2e:8b:19:c0 actions=output:1', ' cookie=0x0, duration=6.427s, table=0, n_packets=2, n_bytes=140, priority=1,in_port=1,dl_src=f6:77:2e:8b:19:c0,dl_dst=aa:1d:b2:7d:22:e3 actions=output:2', ' cookie=0x0, duration=28.605s, table=0, n_packets=13, n_bytes=1034, priority=0 actions=CONTROLLER:65535']
2021-10-19 14:57:36,533 | 3354 | tracing_net.flowtable.flow_monitor, read_dump_flow, 80 | DEBUG | parsed dump flows result to table 1634655456.528112 : <FlowTables(datapath=0, timestamp=1634655456.528112, flows=[<Flow(table=0, priority=1, match=[<in_port, 2/None>, <dl_src, aa:1d:b2:7d:22:e3/None>, <dl_dst, f6:77:2e:8b:19:c0/None>], actions=[<InstructionApplyAction type=4>])>, <Flow(table=0, priority=1, match=[<in_port, 1/None>, <dl_src, f6:77:2e:8b:19:c0/None>, <dl_dst, aa:1d:b2:7d:22:e3/None>], actions=[<InstructionApplyAction type=4>])>, <Flow(table=0, priority=0, match={}, actions=[<InstructionApplyAction type=4>])>])>
2021-10-19 14:57:36,533 | 3241 | tracing_net.flowtable.table_repository, add, 91 | DEBUG | flow table update to new_table=<FlowTables(datapath=0, timestamp=1634655456.528112, flows=[<Flow(table=0, priority=1, match=[<in_port, 2/None>, <dl_src, aa:1d:b2:7d:22:e3/None>, <dl_dst, f6:77:2e:8b:19:c0/None>], actions=[<InstructionApplyAction type=4>])>, <Flow(table=0, priority=1, match=[<in_port, 1/None>, <dl_src, f6:77:2e:8b:19:c0/None>, <dl_dst, aa:1d:b2:7d:22:e3/None>], actions=[<InstructionApplyAction type=4>])>, <Flow(table=0, priority=0, match={}, actions=[<InstructionApplyAction type=4>])>])> on switch = s0
2021-10-19 14:57:36,744 | 3253 | tracing_net.api.ws_server, emit2net, 110 | DEBUG | MessageHub receives messages from clients and emits them to the vnet. (event=WSEvent.GET_TRACE, param={})
2021-10-19 14:57:36,752 | 3253 | tracing_net.api.ws_server, wait_traces, 159 | DEBUG | wait packet trace.....
2021-10-19 14:57:36,755 | 3241 | tracing_net.api.ws_server, get_from_client, 124 | DEBUG | MessageHub receives messages from clients. (response={'event': 'get_trace', 'param': {}})
2021-10-19 14:57:36,767 | 3241 | tracing_net.api.ws_server, emit2client, 116 | DEBUG | MessageHub receives messages from net and emits them to clients. (event=WSEvent.GET_TRACE, param=b'')
2021-10-19 14:57:36,770 | 3253 | tracing_net.api.ws_server, wait_traces, 162 | DEBUG | MessageHub receives traces from vnet. (traces length=2)
2021-10-19 14:57:37,526 | 3354 | tracing_net.flowtable.flow_monitor, dump_flows, 57 | DEBUG | exec dump flows on s0
2021-10-19 14:57:37,551 | 3354 | tracing_net.flowtable.flow_monitor, read_dump_flow, 74 | DEBUG | get result for dump flows 1634655457.540839 : ['OFPST_FLOW reply (OF1.3) (xid=0x2):', ' cookie=0x0, duration=7.451s, table=0, n_packets=3, n_bytes=238, priority=1,in_port=2,dl_src=aa:1d:b2:7d:22:e3,dl_dst=f6:77:2e:8b:19:c0 actions=output:1', ' cookie=0x0, duration=7.446s, table=0, n_packets=2, n_bytes=140, priority=1,in_port=1,dl_src=f6:77:2e:8b:19:c0,dl_dst=aa:1d:b2:7d:22:e3 actions=output:2', ' cookie=0x0, duration=29.624s, table=0, n_packets=13, n_bytes=1034, priority=0 actions=CONTROLLER:65535']
2021-10-19 14:57:37,555 | 3354 | tracing_net.flowtable.flow_monitor, read_dump_flow, 80 | DEBUG | parsed dump flows result to table 1634655457.540839 : <FlowTables(datapath=0, timestamp=1634655457.540839, flows=[<Flow(table=0, priority=1, match=[<in_port, 2/None>, <dl_src, aa:1d:b2:7d:22:e3/None>, <dl_dst, f6:77:2e:8b:19:c0/None>], actions=[<InstructionApplyAction type=4>])>, <Flow(table=0, priority=1, match=[<in_port, 1/None>, <dl_src, f6:77:2e:8b:19:c0/None>, <dl_dst, aa:1d:b2:7d:22:e3/None>], actions=[<InstructionApplyAction type=4>])>, <Flow(table=0, priority=0, match={}, actions=[<InstructionApplyAction type=4>])>])>
2021-10-19 14:57:37,556 | 3241 | tracing_net.flowtable.table_repository, add, 91 | DEBUG | flow table update to new_table=<FlowTables(datapath=0, timestamp=1634655457.540839, flows=[<Flow(table=0, priority=1, match=[<in_port, 2/None>, <dl_src, aa:1d:b2:7d:22:e3/None>, <dl_dst, f6:77:2e:8b:19:c0/None>], actions=[<InstructionApplyAction type=4>])>, <Flow(table=0, priority=1, match=[<in_port, 1/None>, <dl_src, f6:77:2e:8b:19:c0/None>, <dl_dst, aa:1d:b2:7d:22:e3/None>], actions=[<InstructionApplyAction type=4>])>, <Flow(table=0, priority=0, match={}, actions=[<InstructionApplyAction type=4>])>])> on switch = s0
2021-10-19 14:57:38,521 | 3354 | tracing_net.flowtable.flow_monitor, dump_flows, 57 | DEBUG | exec dump flows on s0
2021-10-19 14:57:38,537 | 3354 | tracing_net.flowtable.flow_monitor, read_dump_flow, 74 | DEBUG | get result for dump flows 1634655458.531534 : ['OFPST_FLOW reply (OF1.3) (xid=0x2):', ' cookie=0x0, duration=8.438s, table=0, n_packets=3, n_bytes=238, priority=1,in_port=2,dl_src=aa:1d:b2:7d:22:e3,dl_dst=f6:77:2e:8b:19:c0 actions=output:1', ' cookie=0x0, duration=8.433s, table=0, n_packets=2, n_bytes=140, priority=1,in_port=1,dl_src=f6:77:2e:8b:19:c0,dl_dst=aa:1d:b2:7d:22:e3 actions=output:2', ' cookie=0x0, duration=30.611s, table=0, n_packets=13, n_bytes=1034, priority=0 actions=CONTROLLER:65535']
2021-10-19 14:57:38,539 | 3354 | tracing_net.flowtable.flow_monitor, read_dump_flow, 80 | DEBUG | parsed dump flows result to table 1634655458.531534 : <FlowTables(datapath=0, timestamp=1634655458.531534, flows=[<Flow(table=0, priority=1, match=[<in_port, 2/None>, <dl_src, aa:1d:b2:7d:22:e3/None>, <dl_dst, f6:77:2e:8b:19:c0/None>], actions=[<InstructionApplyAction type=4>])>, <Flow(table=0, priority=1, match=[<in_port, 1/None>, <dl_src, f6:77:2e:8b:19:c0/None>, <dl_dst, aa:1d:b2:7d:22:e3/None>], actions=[<InstructionApplyAction type=4>])>, <Flow(table=0, priority=0, match={}, actions=[<InstructionApplyAction type=4>])>])>
2021-10-19 14:57:38,539 | 3241 | tracing_net.flowtable.table_repository, add, 91 | DEBUG | flow table update to new_table=<FlowTables(datapath=0, timestamp=1634655458.531534, flows=[<Flow(table=0, priority=1, match=[<in_port, 2/None>, <dl_src, aa:1d:b2:7d:22:e3/None>, <dl_dst, f6:77:2e:8b:19:c0/None>], actions=[<InstructionApplyAction type=4>])>, <Flow(table=0, priority=1, match=[<in_port, 1/None>, <dl_src, f6:77:2e:8b:19:c0/None>, <dl_dst, aa:1d:b2:7d:22:e3/None>], actions=[<InstructionApplyAction type=4>])>, <Flow(table=0, priority=0, match={}, actions=[<InstructionApplyAction type=4>])>])> on switch = s0
2021-10-19 14:57:38,722 | 3253 | tracing_net.api.ws_server, emit2net, 110 | DEBUG | MessageHub receives messages from clients and emits them to the vnet. (event=WSEvent.GET_TRACE, param={})
2021-10-19 14:57:38,723 | 3253 | tracing_net.api.ws_server, wait_traces, 159 | DEBUG | wait packet trace.....
2021-10-19 14:57:38,723 | 3241 | tracing_net.api.ws_server, get_from_client, 124 | DEBUG | MessageHub receives messages from clients. (response={'event': 'get_trace', 'param': {}})
2021-10-19 14:57:38,724 | 3241 | tracing_net.api.ws_server, emit2client, 116 | DEBUG | MessageHub receives messages from net and emits them to clients. (event=WSEvent.GET_TRACE, param=b'')
2021-10-19 14:57:38,725 | 3253 | tracing_net.api.ws_server, wait_traces, 162 | DEBUG | MessageHub receives traces from vnet. (traces length=2)
2021-10-19 14:57:39,522 | 3354 | tracing_net.flowtable.flow_monitor, dump_flows, 57 | DEBUG | exec dump flows on s0
2021-10-19 14:57:39,531 | 3354 | tracing_net.flowtable.flow_monitor, read_dump_flow, 74 | DEBUG | get result for dump flows 1634655459.527171 : ['OFPST_FLOW reply (OF1.3) (xid=0x2):', ' cookie=0x0, duration=9.431s, table=0, n_packets=3, n_bytes=238, priority=1,in_port=2,dl_src=aa:1d:b2:7d:22:e3,dl_dst=f6:77:2e:8b:19:c0 actions=output:1', ' cookie=0x0, duration=9.426s, table=0, n_packets=2, n_bytes=140, priority=1,in_port=1,dl_src=f6:77:2e:8b:19:c0,dl_dst=aa:1d:b2:7d:22:e3 actions=output:2', ' cookie=0x0, duration=31.604s, table=0, n_packets=13, n_bytes=1034, priority=0 actions=CONTROLLER:65535']
2021-10-19 14:57:39,532 | 3354 | tracing_net.flowtable.flow_monitor, read_dump_flow, 80 | DEBUG | parsed dump flows result to table 1634655459.527171 : <FlowTables(datapath=0, timestamp=1634655459.527171, flows=[<Flow(table=0, priority=1, match=[<in_port, 2/None>, <dl_src, aa:1d:b2:7d:22:e3/None>, <dl_dst, f6:77:2e:8b:19:c0/None>], actions=[<InstructionApplyAction type=4>])>, <Flow(table=0, priority=1, match=[<in_port, 1/None>, <dl_src, f6:77:2e:8b:19:c0/None>, <dl_dst, aa:1d:b2:7d:22:e3/None>], actions=[<InstructionApplyAction type=4>])>, <Flow(table=0, priority=0, match={}, actions=[<InstructionApplyAction type=4>])>])>
2021-10-19 14:57:39,532 | 3241 | tracing_net.flowtable.table_repository, add, 91 | DEBUG | flow table update to new_table=<FlowTables(datapath=0, timestamp=1634655459.527171, flows=[<Flow(table=0, priority=1, match=[<in_port, 2/None>, <dl_src, aa:1d:b2:7d:22:e3/None>, <dl_dst, f6:77:2e:8b:19:c0/None>], actions=[<InstructionApplyAction type=4>])>, <Flow(table=0, priority=1, match=[<in_port, 1/None>, <dl_src, f6:77:2e:8b:19:c0/None>, <dl_dst, aa:1d:b2:7d:22:e3/None>], actions=[<InstructionApplyAction type=4>])>, <Flow(table=0, priority=0, match={}, actions=[<InstructionApplyAction type=4>])>])> on switch = s0
2021-10-19 14:57:39,698 | 3253 | tracing_net.api.ws_server, emit2net, 110 | DEBUG | MessageHub receives messages from clients and emits them to the vnet. (event=WSEvent.GET_TRACE, param={})
2021-10-19 14:57:39,699 | 3253 | tracing_net.api.ws_server, wait_traces, 159 | DEBUG | wait packet trace.....
2021-10-19 14:57:39,700 | 3241 | tracing_net.api.ws_server, get_from_client, 124 | DEBUG | MessageHub receives messages from clients. (response={'event': 'get_trace', 'param': {}})
2021-10-19 14:57:39,700 | 3241 | tracing_net.api.ws_server, emit2client, 116 | DEBUG | MessageHub receives messages from net and emits them to clients. (event=WSEvent.GET_TRACE, param=b'')
2021-10-19 14:57:39,701 | 3253 | tracing_net.api.ws_server, wait_traces, 162 | DEBUG | MessageHub receives traces from vnet. (traces length=2)
2021-10-19 14:57:40,521 | 3354 | tracing_net.flowtable.flow_monitor, dump_flows, 57 | DEBUG | exec dump flows on s0
2021-10-19 14:57:40,529 | 3354 | tracing_net.flowtable.flow_monitor, read_dump_flow, 74 | DEBUG | get result for dump flows 1634655460.52529 : ['OFPST_FLOW reply (OF1.3) (xid=0x2):', ' cookie=0x0, duration=10.430s, table=0, n_packets=3, n_bytes=238, priority=1,in_port=2,dl_src=aa:1d:b2:7d:22:e3,dl_dst=f6:77:2e:8b:19:c0 actions=output:1', ' cookie=0x0, duration=10.425s, table=0, n_packets=2, n_bytes=140, priority=1,in_port=1,dl_src=f6:77:2e:8b:19:c0,dl_dst=aa:1d:b2:7d:22:e3 actions=output:2', ' cookie=0x0, duration=32.603s, table=0, n_packets=13, n_bytes=1034, priority=0 actions=CONTROLLER:65535']
2021-10-19 14:57:40,530 | 3354 | tracing_net.flowtable.flow_monitor, read_dump_flow, 80 | DEBUG | parsed dump flows result to table 1634655460.52529 : <FlowTables(datapath=0, timestamp=1634655460.52529, flows=[<Flow(table=0, priority=1, match=[<in_port, 2/None>, <dl_src, aa:1d:b2:7d:22:e3/None>, <dl_dst, f6:77:2e:8b:19:c0/None>], actions=[<InstructionApplyAction type=4>])>, <Flow(table=0, priority=1, match=[<in_port, 1/None>, <dl_src, f6:77:2e:8b:19:c0/None>, <dl_dst, aa:1d:b2:7d:22:e3/None>], actions=[<InstructionApplyAction type=4>])>, <Flow(table=0, priority=0, match={}, actions=[<InstructionApplyAction type=4>])>])>
2021-10-19 14:57:40,531 | 3241 | tracing_net.flowtable.table_repository, add, 91 | DEBUG | flow table update to new_table=<FlowTables(datapath=0, timestamp=1634655460.52529, flows=[<Flow(table=0, priority=1, match=[<in_port, 2/None>, <dl_src, aa:1d:b2:7d:22:e3/None>, <dl_dst, f6:77:2e:8b:19:c0/None>], actions=[<InstructionApplyAction type=4>])>, <Flow(table=0, priority=1, match=[<in_port, 1/None>, <dl_src, f6:77:2e:8b:19:c0/None>, <dl_dst, aa:1d:b2:7d:22:e3/None>], actions=[<InstructionApplyAction type=4>])>, <Flow(table=0, priority=0, match={}, actions=[<InstructionApplyAction type=4>])>])> on switch = s0
2021-10-19 14:57:40,931 | 3253 | tracing_net.api.ws_server, emit2net, 110 | DEBUG | MessageHub receives messages from clients and emits them to the vnet. (event=WSEvent.GET_TRACE, param={})
2021-10-19 14:57:40,937 | 3241 | tracing_net.api.ws_server, get_from_client, 124 | DEBUG | MessageHub receives messages from clients. (response={'event': 'get_trace', 'param': {}})
2021-10-19 14:57:40,937 | 3253 | tracing_net.api.ws_server, wait_traces, 159 | DEBUG | wait packet trace.....
2021-10-19 14:57:40,938 | 3241 | tracing_net.api.ws_server, emit2client, 116 | DEBUG | MessageHub receives messages from net and emits them to clients. (event=WSEvent.GET_TRACE, param=b'')
2021-10-19 14:57:40,938 | 3253 | tracing_net.api.ws_server, wait_traces, 162 | DEBUG | MessageHub receives traces from vnet. (traces length=2)
2021-10-19 14:57:41,531 | 3354 | tracing_net.flowtable.flow_monitor, dump_flows, 57 | DEBUG | exec dump flows on s0
2021-10-19 14:57:41,538 | 3354 | tracing_net.flowtable.flow_monitor, read_dump_flow, 74 | DEBUG | get result for dump flows 1634655461.535316 : ['OFPST_FLOW reply (OF1.3) (xid=0x2):', ' cookie=0x0, duration=11.439s, table=0, n_packets=3, n_bytes=238, priority=1,in_port=2,dl_src=aa:1d:b2:7d:22:e3,dl_dst=f6:77:2e:8b:19:c0 actions=output:1', ' cookie=0x0, duration=11.434s, table=0, n_packets=2, n_bytes=140, priority=1,in_port=1,dl_src=f6:77:2e:8b:19:c0,dl_dst=aa:1d:b2:7d:22:e3 actions=output:2', ' cookie=0x0, duration=33.612s, table=0, n_packets=13, n_bytes=1034, priority=0 actions=CONTROLLER:65535']
2021-10-19 14:57:41,541 | 3354 | tracing_net.flowtable.flow_monitor, read_dump_flow, 80 | DEBUG | parsed dump flows result to table 1634655461.535316 : <FlowTables(datapath=0, timestamp=1634655461.535316, flows=[<Flow(table=0, priority=1, match=[<in_port, 2/None>, <dl_src, aa:1d:b2:7d:22:e3/None>, <dl_dst, f6:77:2e:8b:19:c0/None>], actions=[<InstructionApplyAction type=4>])>, <Flow(table=0, priority=1, match=[<in_port, 1/None>, <dl_src, f6:77:2e:8b:19:c0/None>, <dl_dst, aa:1d:b2:7d:22:e3/None>], actions=[<InstructionApplyAction type=4>])>, <Flow(table=0, priority=0, match={}, actions=[<InstructionApplyAction type=4>])>])>
2021-10-19 14:57:41,541 | 3241 | tracing_net.flowtable.table_repository, add, 91 | DEBUG | flow table update to new_table=<FlowTables(datapath=0, timestamp=1634655461.535316, flows=[<Flow(table=0, priority=1, match=[<in_port, 2/None>, <dl_src, aa:1d:b2:7d:22:e3/None>, <dl_dst, f6:77:2e:8b:19:c0/None>], actions=[<InstructionApplyAction type=4>])>, <Flow(table=0, priority=1, match=[<in_port, 1/None>, <dl_src, f6:77:2e:8b:19:c0/None>, <dl_dst, aa:1d:b2:7d:22:e3/None>], actions=[<InstructionApplyAction type=4>])>, <Flow(table=0, priority=0, match={}, actions=[<InstructionApplyAction type=4>])>])> on switch = s0
2021-10-19 14:57:42,522 | 3354 | tracing_net.flowtable.flow_monitor, dump_flows, 57 | DEBUG | exec dump flows on s0
2021-10-19 14:57:42,530 | 3354 | tracing_net.flowtable.flow_monitor, read_dump_flow, 74 | DEBUG | get result for dump flows 1634655462.527454 : ['OFPST_FLOW reply (OF1.3) (xid=0x2):', ' cookie=0x0, duration=12.431s, table=0, n_packets=3, n_bytes=238, priority=1,in_port=2,dl_src=aa:1d:b2:7d:22:e3,dl_dst=f6:77:2e:8b:19:c0 actions=output:1', ' cookie=0x0, duration=12.426s, table=0, n_packets=2, n_bytes=140, priority=1,in_port=1,dl_src=f6:77:2e:8b:19:c0,dl_dst=aa:1d:b2:7d:22:e3 actions=output:2', ' cookie=0x0, duration=34.604s, table=0, n_packets=13, n_bytes=1034, priority=0 actions=CONTROLLER:65535']
2021-10-19 14:57:42,532 | 3354 | tracing_net.flowtable.flow_monitor, read_dump_flow, 80 | DEBUG | parsed dump flows result to table 1634655462.527454 : <FlowTables(datapath=0, timestamp=1634655462.527454, flows=[<Flow(table=0, priority=1, match=[<in_port, 2/None>, <dl_src, aa:1d:b2:7d:22:e3/None>, <dl_dst, f6:77:2e:8b:19:c0/None>], actions=[<InstructionApplyAction type=4>])>, <Flow(table=0, priority=1, match=[<in_port, 1/None>, <dl_src, f6:77:2e:8b:19:c0/None>, <dl_dst, aa:1d:b2:7d:22:e3/None>], actions=[<InstructionApplyAction type=4>])>, <Flow(table=0, priority=0, match={}, actions=[<InstructionApplyAction type=4>])>])>
2021-10-19 14:57:42,533 | 3241 | tracing_net.flowtable.table_repository, add, 91 | DEBUG | flow table update to new_table=<FlowTables(datapath=0, timestamp=1634655462.527454, flows=[<Flow(table=0, priority=1, match=[<in_port, 2/None>, <dl_src, aa:1d:b2:7d:22:e3/None>, <dl_dst, f6:77:2e:8b:19:c0/None>], actions=[<InstructionApplyAction type=4>])>, <Flow(table=0, priority=1, match=[<in_port, 1/None>, <dl_src, f6:77:2e:8b:19:c0/None>, <dl_dst, aa:1d:b2:7d:22:e3/None>], actions=[<InstructionApplyAction type=4>])>, <Flow(table=0, priority=0, match={}, actions=[<InstructionApplyAction type=4>])>])> on switch = s0
2021-10-19 14:57:43,306 | 3253 | tracing_net.api.ws_server, emit2net, 110 | DEBUG | MessageHub receives messages from clients and emits them to the vnet. (event=WSEvent.GET_TRACE, param={})
2021-10-19 14:57:43,307 | 3241 | tracing_net.api.ws_server, get_from_client, 124 | DEBUG | MessageHub receives messages from clients. (response={'event': 'get_trace', 'param': {}})
2021-10-19 14:57:43,307 | 3253 | tracing_net.api.ws_server, wait_traces, 159 | DEBUG | wait packet trace.....
2021-10-19 14:57:43,308 | 3241 | tracing_net.api.ws_server, emit2client, 116 | DEBUG | MessageHub receives messages from net and emits them to clients. (event=WSEvent.GET_TRACE, param=b'')
2021-10-19 14:57:43,308 | 3253 | tracing_net.api.ws_server, wait_traces, 162 | DEBUG | MessageHub receives traces from vnet. (traces length=2)
2021-10-19 14:57:43,521 | 3354 | tracing_net.flowtable.flow_monitor, dump_flows, 57 | DEBUG | exec dump flows on s0
2021-10-19 14:57:43,541 | 3354 | tracing_net.flowtable.flow_monitor, read_dump_flow, 74 | DEBUG | get result for dump flows 1634655463.532227 : ['OFPST_FLOW reply (OF1.3) (xid=0x2):', ' cookie=0x0, duration=13.441s, table=0, n_packets=3, n_bytes=238, priority=1,in_port=2,dl_src=aa:1d:b2:7d:22:e3,dl_dst=f6:77:2e:8b:19:c0 actions=output:1', ' cookie=0x0, duration=13.436s, table=0, n_packets=2, n_bytes=140, priority=1,in_port=1,dl_src=f6:77:2e:8b:19:c0,dl_dst=aa:1d:b2:7d:22:e3 actions=output:2', ' cookie=0x0, duration=35.614s, table=0, n_packets=13, n_bytes=1034, priority=0 actions=CONTROLLER:65535']
2021-10-19 14:57:43,543 | 3354 | tracing_net.flowtable.flow_monitor, read_dump_flow, 80 | DEBUG | parsed dump flows result to table 1634655463.532227 : <FlowTables(datapath=0, timestamp=1634655463.532227, flows=[<Flow(table=0, priority=1, match=[<in_port, 2/None>, <dl_src, aa:1d:b2:7d:22:e3/None>, <dl_dst, f6:77:2e:8b:19:c0/None>], actions=[<InstructionApplyAction type=4>])>, <Flow(table=0, priority=1, match=[<in_port, 1/None>, <dl_src, f6:77:2e:8b:19:c0/None>, <dl_dst, aa:1d:b2:7d:22:e3/None>], actions=[<InstructionApplyAction type=4>])>, <Flow(table=0, priority=0, match={}, actions=[<InstructionApplyAction type=4>])>])>
2021-10-19 14:57:43,543 | 3241 | tracing_net.flowtable.table_repository, add, 91 | DEBUG | flow table update to new_table=<FlowTables(datapath=0, timestamp=1634655463.532227, flows=[<Flow(table=0, priority=1, match=[<in_port, 2/None>, <dl_src, aa:1d:b2:7d:22:e3/None>, <dl_dst, f6:77:2e:8b:19:c0/None>], actions=[<InstructionApplyAction type=4>])>, <Flow(table=0, priority=1, match=[<in_port, 1/None>, <dl_src, f6:77:2e:8b:19:c0/None>, <dl_dst, aa:1d:b2:7d:22:e3/None>], actions=[<InstructionApplyAction type=4>])>, <Flow(table=0, priority=0, match={}, actions=[<InstructionApplyAction type=4>])>])> on switch = s0
2021-10-19 14:57:44,522 | 3354 | tracing_net.flowtable.flow_monitor, dump_flows, 57 | DEBUG | exec dump flows on s0
2021-10-19 14:57:44,530 | 3354 | tracing_net.flowtable.flow_monitor, read_dump_flow, 74 | DEBUG | get result for dump flows 1634655464.527209 : ['OFPST_FLOW reply (OF1.3) (xid=0x2):', ' cookie=0x0, duration=14.431s, table=0, n_packets=3, n_bytes=238, priority=1,in_port=2,dl_src=aa:1d:b2:7d:22:e3,dl_dst=f6:77:2e:8b:19:c0 actions=output:1', ' cookie=0x0, duration=14.426s, table=0, n_packets=2, n_bytes=140, priority=1,in_port=1,dl_src=f6:77:2e:8b:19:c0,dl_dst=aa:1d:b2:7d:22:e3 actions=output:2', ' cookie=0x0, duration=36.604s, table=0, n_packets=13, n_bytes=1034, priority=0 actions=CONTROLLER:65535']
2021-10-19 14:57:44,531 | 3354 | tracing_net.flowtable.flow_monitor, read_dump_flow, 80 | DEBUG | parsed dump flows result to table 1634655464.527209 : <FlowTables(datapath=0, timestamp=1634655464.527209, flows=[<Flow(table=0, priority=1, match=[<in_port, 2/None>, <dl_src, aa:1d:b2:7d:22:e3/None>, <dl_dst, f6:77:2e:8b:19:c0/None>], actions=[<InstructionApplyAction type=4>])>, <Flow(table=0, priority=1, match=[<in_port, 1/None>, <dl_src, f6:77:2e:8b:19:c0/None>, <dl_dst, aa:1d:b2:7d:22:e3/None>], actions=[<InstructionApplyAction type=4>])>, <Flow(table=0, priority=0, match={}, actions=[<InstructionApplyAction type=4>])>])>
2021-10-19 14:57:44,532 | 3241 | tracing_net.flowtable.table_repository, add, 91 | DEBUG | flow table update to new_table=<FlowTables(datapath=0, timestamp=1634655464.527209, flows=[<Flow(table=0, priority=1, match=[<in_port, 2/None>, <dl_src, aa:1d:b2:7d:22:e3/None>, <dl_dst, f6:77:2e:8b:19:c0/None>], actions=[<InstructionApplyAction type=4>])>, <Flow(table=0, priority=1, match=[<in_port, 1/None>, <dl_src, f6:77:2e:8b:19:c0/None>, <dl_dst, aa:1d:b2:7d:22:e3/None>], actions=[<InstructionApplyAction type=4>])>, <Flow(table=0, priority=0, match={}, actions=[<InstructionApplyAction type=4>])>])> on switch = s0
2021-10-19 14:57:45,125 | 3253 | tracing_net.api.ws_server, emit2net, 110 | DEBUG | MessageHub receives messages from clients and emits them to the vnet. (event=WSEvent.GET_TRACE, param={})
2021-10-19 14:57:45,127 | 3253 | tracing_net.api.ws_server, wait_traces, 159 | DEBUG | wait packet trace.....
2021-10-19 14:57:45,127 | 3241 | tracing_net.api.ws_server, get_from_client, 124 | DEBUG | MessageHub receives messages from clients. (response={'event': 'get_trace', 'param': {}})
2021-10-19 14:57:45,128 | 3241 | tracing_net.api.ws_server, emit2client, 116 | DEBUG | MessageHub receives messages from net and emits them to clients. (event=WSEvent.GET_TRACE, param=b'')
2021-10-19 14:57:45,129 | 3253 | tracing_net.api.ws_server, wait_traces, 162 | DEBUG | MessageHub receives traces from vnet. (traces length=2)
2021-10-19 14:57:45,523 | 3354 | tracing_net.flowtable.flow_monitor, dump_flows, 57 | DEBUG | exec dump flows on s0
2021-10-19 14:57:45,531 | 3354 | tracing_net.flowtable.flow_monitor, read_dump_flow, 74 | DEBUG | get result for dump flows 1634655465.528094 : ['OFPST_FLOW reply (OF1.3) (xid=0x2):', ' cookie=0x0, duration=15.432s, table=0, n_packets=3, n_bytes=238, priority=1,in_port=2,dl_src=aa:1d:b2:7d:22:e3,dl_dst=f6:77:2e:8b:19:c0 actions=output:1', ' cookie=0x0, duration=15.427s, table=0, n_packets=2, n_bytes=140, priority=1,in_port=1,dl_src=f6:77:2e:8b:19:c0,dl_dst=aa:1d:b2:7d:22:e3 actions=output:2', ' cookie=0x0, duration=37.605s, table=0, n_packets=13, n_bytes=1034, priority=0 actions=CONTROLLER:65535']
2021-10-19 14:57:45,533 | 3354 | tracing_net.flowtable.flow_monitor, read_dump_flow, 80 | DEBUG | parsed dump flows result to table 1634655465.528094 : <FlowTables(datapath=0, timestamp=1634655465.528094, flows=[<Flow(table=0, priority=1, match=[<in_port, 2/None>, <dl_src, aa:1d:b2:7d:22:e3/None>, <dl_dst, f6:77:2e:8b:19:c0/None>], actions=[<InstructionApplyAction type=4>])>, <Flow(table=0, priority=1, match=[<in_port, 1/None>, <dl_src, f6:77:2e:8b:19:c0/None>, <dl_dst, aa:1d:b2:7d:22:e3/None>], actions=[<InstructionApplyAction type=4>])>, <Flow(table=0, priority=0, match={}, actions=[<InstructionApplyAction type=4>])>])>
2021-10-19 14:57:45,533 | 3241 | tracing_net.flowtable.table_repository, add, 91 | DEBUG | flow table update to new_table=<FlowTables(datapath=0, timestamp=1634655465.528094, flows=[<Flow(table=0, priority=1, match=[<in_port, 2/None>, <dl_src, aa:1d:b2:7d:22:e3/None>, <dl_dst, f6:77:2e:8b:19:c0/None>], actions=[<InstructionApplyAction type=4>])>, <Flow(table=0, priority=1, match=[<in_port, 1/None>, <dl_src, f6:77:2e:8b:19:c0/None>, <dl_dst, aa:1d:b2:7d:22:e3/None>], actions=[<InstructionApplyAction type=4>])>, <Flow(table=0, priority=0, match={}, actions=[<InstructionApplyAction type=4>])>])> on switch = s0
2021-10-19 14:57:46,523 | 3354 | tracing_net.flowtable.flow_monitor, dump_flows, 57 | DEBUG | exec dump flows on s0
2021-10-19 14:57:46,531 | 3354 | tracing_net.flowtable.flow_monitor, read_dump_flow, 74 | DEBUG | get result for dump flows 1634655466.527564 : ['OFPST_FLOW reply (OF1.3) (xid=0x2):', ' cookie=0x0, duration=16.432s, table=0, n_packets=3, n_bytes=238, priority=1,in_port=2,dl_src=aa:1d:b2:7d:22:e3,dl_dst=f6:77:2e:8b:19:c0 actions=output:1', ' cookie=0x0, duration=16.427s, table=0, n_packets=2, n_bytes=140, priority=1,in_port=1,dl_src=f6:77:2e:8b:19:c0,dl_dst=aa:1d:b2:7d:22:e3 actions=output:2', ' cookie=0x0, duration=38.605s, table=0, n_packets=13, n_bytes=1034, priority=0 actions=CONTROLLER:65535']
2021-10-19 14:57:46,532 | 3354 | tracing_net.flowtable.flow_monitor, read_dump_flow, 80 | DEBUG | parsed dump flows result to table 1634655466.527564 : <FlowTables(datapath=0, timestamp=1634655466.527564, flows=[<Flow(table=0, priority=1, match=[<in_port, 2/None>, <dl_src, aa:1d:b2:7d:22:e3/None>, <dl_dst, f6:77:2e:8b:19:c0/None>], actions=[<InstructionApplyAction type=4>])>, <Flow(table=0, priority=1, match=[<in_port, 1/None>, <dl_src, f6:77:2e:8b:19:c0/None>, <dl_dst, aa:1d:b2:7d:22:e3/None>], actions=[<InstructionApplyAction type=4>])>, <Flow(table=0, priority=0, match={}, actions=[<InstructionApplyAction type=4>])>])>
2021-10-19 14:57:46,533 | 3241 | tracing_net.flowtable.table_repository, add, 91 | DEBUG | flow table update to new_table=<FlowTables(datapath=0, timestamp=1634655466.527564, flows=[<Flow(table=0, priority=1, match=[<in_port, 2/None>, <dl_src, aa:1d:b2:7d:22:e3/None>, <dl_dst, f6:77:2e:8b:19:c0/None>], actions=[<InstructionApplyAction type=4>])>, <Flow(table=0, priority=1, match=[<in_port, 1/None>, <dl_src, f6:77:2e:8b:19:c0/None>, <dl_dst, aa:1d:b2:7d:22:e3/None>], actions=[<InstructionApplyAction type=4>])>, <Flow(table=0, priority=0, match={}, actions=[<InstructionApplyAction type=4>])>])> on switch = s0
2021-10-19 14:57:47,223 | 3253 | tracing_net.api.ws_server, emit2net, 110 | DEBUG | MessageHub receives messages from clients and emits them to the vnet. (event=WSEvent.GET_TRACE, param={})
2021-10-19 14:57:47,227 | 3241 | tracing_net.api.ws_server, get_from_client, 124 | DEBUG | MessageHub receives messages from clients. (response={'event': 'get_trace', 'param': {}})
2021-10-19 14:57:47,227 | 3253 | tracing_net.api.ws_server, wait_traces, 159 | DEBUG | wait packet trace.....
2021-10-19 14:57:47,228 | 3241 | tracing_net.api.ws_server, emit2client, 116 | DEBUG | MessageHub receives messages from net and emits them to clients. (event=WSEvent.GET_TRACE, param=b'')
2021-10-19 14:57:47,229 | 3253 | tracing_net.api.ws_server, wait_traces, 162 | DEBUG | MessageHub receives traces from vnet. (traces length=2)
2021-10-19 14:57:47,522 | 3354 | tracing_net.flowtable.flow_monitor, dump_flows, 57 | DEBUG | exec dump flows on s0
2021-10-19 14:57:47,535 | 3354 | tracing_net.flowtable.flow_monitor, read_dump_flow, 74 | DEBUG | get result for dump flows 1634655467.528689 : ['OFPST_FLOW reply (OF1.3) (xid=0x2):', ' cookie=0x0, duration=17.433s, table=0, n_packets=3, n_bytes=238, priority=1,in_port=2,dl_src=aa:1d:b2:7d:22:e3,dl_dst=f6:77:2e:8b:19:c0 actions=output:1', ' cookie=0x0, duration=17.428s, table=0, n_packets=2, n_bytes=140, priority=1,in_port=1,dl_src=f6:77:2e:8b:19:c0,dl_dst=aa:1d:b2:7d:22:e3 actions=output:2', ' cookie=0x0, duration=39.606s, table=0, n_packets=13, n_bytes=1034, priority=0 actions=CONTROLLER:65535']
2021-10-19 14:57:47,537 | 3354 | tracing_net.flowtable.flow_monitor, read_dump_flow, 80 | DEBUG | parsed dump flows result to table 1634655467.528689 : <FlowTables(datapath=0, timestamp=1634655467.528689, flows=[<Flow(table=0, priority=1, match=[<in_port, 2/None>, <dl_src, aa:1d:b2:7d:22:e3/None>, <dl_dst, f6:77:2e:8b:19:c0/None>], actions=[<InstructionApplyAction type=4>])>, <Flow(table=0, priority=1, match=[<in_port, 1/None>, <dl_src, f6:77:2e:8b:19:c0/None>, <dl_dst, aa:1d:b2:7d:22:e3/None>], actions=[<InstructionApplyAction type=4>])>, <Flow(table=0, priority=0, match={}, actions=[<InstructionApplyAction type=4>])>])>
2021-10-19 14:57:47,537 | 3241 | tracing_net.flowtable.table_repository, add, 91 | DEBUG | flow table update to new_table=<FlowTables(datapath=0, timestamp=1634655467.528689, flows=[<Flow(table=0, priority=1, match=[<in_port, 2/None>, <dl_src, aa:1d:b2:7d:22:e3/None>, <dl_dst, f6:77:2e:8b:19:c0/None>], actions=[<InstructionApplyAction type=4>])>, <Flow(table=0, priority=1, match=[<in_port, 1/None>, <dl_src, f6:77:2e:8b:19:c0/None>, <dl_dst, aa:1d:b2:7d:22:e3/None>], actions=[<InstructionApplyAction type=4>])>, <Flow(table=0, priority=0, match={}, actions=[<InstructionApplyAction type=4>])>])> on switch = s0
2021-10-19 14:57:47,563 | 3352 | tracing_net.util.packet_capture, start_capture, 62 | INFO | finish packet capture on h1-eth0
2021-10-19 14:57:47,565 | 3350 | tracing_net.util.packet_capture, start_capture, 62 | INFO | finish packet capture on h0-eth0
2021-10-19 14:57:49,992 | 3241 | tracing_net.net, stop_tracing, 541 | INFO | tracing stop
2021-10-19 14:57:49,994 | 3241 | tracing_net.packet_capture_manager, stop_capture, 120 | DEBUG | capture process (h0-eth0:3350) terminated
2021-10-19 14:57:49,995 | 3241 | tracing_net.packet_capture_manager, stop_capture, 120 | DEBUG | capture process (h1-eth0:3352) terminated
2021-10-19 14:57:49,995 | 3241 | tracing_net.flowtable.flow_table_manager, stop_poller, 101 | DEBUG | poller process (s0:3354) terminated
2021-10-19 14:57:49,996 | 3241 | tracing_of_pipeline, stop, 121 | INFO | OpenFlow Tracer Stop
2021-10-19 14:57:49,996 | 3241 | tracing_net.net, stop_tracing, 541 | INFO | tracing stop
2021-10-19 14:57:50,001 | 3241 | tracing_net.packet_capture_manager, stop_capture, 120 | DEBUG | capture process (h0-eth0:3350) terminated
2021-10-19 14:57:50,008 | 3241 | tracing_net.packet_capture_manager, stop_capture, 120 | DEBUG | capture process (h1-eth0:3352) terminated
2021-10-19 14:57:50,008 | 3241 | tracing_net.flowtable.flow_table_manager, stop_poller, 101 | DEBUG | poller process (s0:3354) terminated
2021-10-19 14:57:50,009 | 3241 | tracing_net.net, stop, 317 | INFO | mininet stop
2021-10-19 14:57:50,212 | 3241 | tracing_net.net, stop, 550 | DEBUG | mininet stopped and all capture processes closed
