2021-11-08 02:31:43,583 | 3802 | tracing_net.net, __init__, 99 | INFO | set up on-demand mininet
2021-11-08 02:31:43,586 | 3802 | tracing_of_pipeline, start, 124 | INFO | OpenFlow Tracer Start
2021-11-08 02:31:43,600 | 3802 | tracing_net.net, start, 312 | INFO | mininet start
2021-11-08 02:31:43,602 | 3802 | tracing_of_pipeline.analyzer, start_analyzing, 113 | INFO | start analyzing interval (start_time = 1636338703.601912, interval = 2)
2021-11-08 02:31:43,603 | 3802 | tracing_net.net, add_switch, 116 | DEBUG | added the switch (s1)
2021-11-08 02:31:43,716 | 3802 | tracing_net.net, add_host, 164 | DEBUG | added the host (h1)
2021-11-08 02:31:43,799 | 3802 | tracing_net.net, add_link, 203 | DEBUG | added the link (l2) between s1 and h1
2021-11-08 02:31:43,858 | 3802 | tracing_net.net, add_switch, 116 | DEBUG | added the switch (s2)
2021-11-08 02:31:43,916 | 3802 | tracing_net.net, add_link, 203 | DEBUG | added the link (l1) between s1 and s2
2021-11-08 02:31:44,045 | 3802 | tracing_net.net, add_host, 164 | DEBUG | added the host (h2)
2021-11-08 02:31:44,078 | 3802 | tracing_net.net, add_link, 203 | DEBUG | added the link (l3) between s2 and h2
2021-11-08 02:31:44,179 | 3802 | tracing_net.net, add_host, 164 | DEBUG | added the host (h3)
2021-11-08 02:31:44,207 | 3802 | tracing_net.net, add_link, 203 | DEBUG | added the link (l4) between s1 and h3
2021-11-08 02:31:44,313 | 3802 | tracing_net.net, start_tracing, 525 | INFO | tracing start
2021-11-08 02:31:44,314 | 3802 | tracing_net.net, start_tracing, 527 | DEBUG | ipv6 is disable
2021-11-08 02:31:44,348 | 3802 | tracing_net.packet_capture_manager, start_capture, 88 | DEBUG | capture process (s1-eth1:3965) started
2021-11-08 02:31:44,353 | 3802 | tracing_net.packet_capture_manager, start_capture, 88 | DEBUG | capture process (s1-eth2:3967) started
2021-11-08 02:31:44,355 | 3965 | tracing_net.util.packet_capture, start_capture, 65 | INFO | packet capture start on s1-eth1
2021-11-08 02:31:44,358 | 3802 | tracing_net.packet_capture_manager, start_capture, 88 | DEBUG | capture process (s2-eth2:3969) started
2021-11-08 02:31:44,363 | 3802 | tracing_net.packet_capture_manager, start_capture, 88 | DEBUG | capture process (s1-eth3:3971) started
2021-11-08 02:31:44,364 | 3802 | tracing_net.flowtable.flow_monitor, __init__, 46 | INFO | flow monitor start : s1
2021-11-08 02:31:44,367 | 3967 | tracing_net.util.packet_capture, start_capture, 65 | INFO | packet capture start on s1-eth2
2021-11-08 02:31:44,368 | 3802 | tracing_net.flowtable.flow_monitor, __init__, 46 | INFO | flow monitor start : s2
2021-11-08 02:31:44,375 | 3969 | tracing_net.util.packet_capture, start_capture, 65 | INFO | packet capture start on s2-eth2
2021-11-08 02:31:44,378 | 3971 | tracing_net.util.packet_capture, start_capture, 65 | INFO | packet capture start on s1-eth3
2021-11-08 02:31:44,454 | 3973 | tracing_net.flowtable.flow_monitor, flow_monitor, 99 | DEBUG | flow monitor get result NXST_FLOW_MONITOR reply (xid=0x4):
2021-11-08 02:31:44,484 | 3977 | tracing_net.flowtable.flow_monitor, flow_monitor, 99 | DEBUG | flow monitor get result NXST_FLOW_MONITOR reply (xid=0x4):
2021-11-08 02:31:45,372 | 3973 | tracing_net.flowtable.flow_monitor, dump_flows, 57 | DEBUG | exec dump flows on s1
2021-11-08 02:31:45,391 | 3973 | tracing_net.flowtable.flow_monitor, read_dump_flow, 74 | DEBUG | get result for dump flows 1636338705.385862 : ['OFPST_FLOW reply (OF1.3) (xid=0x2):']
2021-11-08 02:31:45,392 | 3973 | tracing_net.flowtable.flow_monitor, read_dump_flow, 83 | WARNING | No result dump flows
2021-11-08 02:31:45,402 | 3977 | tracing_net.flowtable.flow_monitor, dump_flows, 57 | DEBUG | exec dump flows on s2
2021-11-08 02:31:45,453 | 3977 | tracing_net.flowtable.flow_monitor, read_dump_flow, 74 | DEBUG | get result for dump flows 1636338705.437269 : ['OFPST_FLOW reply (OF1.3) (xid=0x2):']
2021-11-08 02:31:45,467 | 3977 | tracing_net.flowtable.flow_monitor, read_dump_flow, 83 | WARNING | No result dump flows
2021-11-08 02:31:45,603 | 3802 | tracing_net.packet_repository, pop, 73 | ERROR | Failed to pop from packet repository (repo={})
2021-11-08 02:31:45,604 | 3802 | tracing_net.packet_repository, pop, 73 | ERROR | Failed to pop from packet repository (repo={})
2021-11-08 02:31:45,604 | 3802 | tracing_net.packet_repository, pop, 73 | ERROR | Failed to pop from packet repository (repo={})
2021-11-08 02:31:45,604 | 3802 | tracing_net.packet_repository, pop, 73 | ERROR | Failed to pop from packet repository (repo={})
2021-11-08 02:31:45,605 | 3802 | tracing_of_pipeline.analyzer, _poll_packet_inout_repo, 499 | DEBUG | tmp_p = [], s_dpip = 1
2021-11-08 02:31:45,606 | 3802 | tracing_of_pipeline.analyzer, _poll_packet_inout_repo, 499 | DEBUG | tmp_p = [], s_dpip = 2
2021-11-08 02:31:45,607 | 3802 | tracing_of_pipeline.analyzer, _polling, 452 | DEBUG | polled repository (start_time=1636338703.601912, until=0) values = {'l2': [], 'l1': [], 'l3': [], 'l4': []} {'s1': [], 's2': []}
2021-11-08 02:31:45,607 | 3802 | tracing_of_pipeline.analyzer, analyze, 197 | WARNING | No packet in edge l2
2021-11-08 02:31:45,607 | 3802 | tracing_of_pipeline.analyzer, analyze, 197 | WARNING | No packet in edge l1
2021-11-08 02:31:45,607 | 3802 | tracing_of_pipeline.analyzer, analyze, 197 | WARNING | No packet in edge l3
2021-11-08 02:31:45,608 | 3802 | tracing_of_pipeline.analyzer, analyze, 197 | WARNING | No packet in edge l4
2021-11-08 02:31:46,372 | 3973 | tracing_net.flowtable.flow_monitor, dump_flows, 57 | DEBUG | exec dump flows on s1
2021-11-08 02:31:46,389 | 3973 | tracing_net.flowtable.flow_monitor, read_dump_flow, 74 | DEBUG | get result for dump flows 1636338706.378808 : ['OFPST_FLOW reply (OF1.3) (xid=0x2):']
2021-11-08 02:31:46,389 | 3973 | tracing_net.flowtable.flow_monitor, read_dump_flow, 83 | WARNING | No result dump flows
2021-11-08 02:31:46,403 | 3977 | tracing_net.flowtable.flow_monitor, dump_flows, 57 | DEBUG | exec dump flows on s2
2021-11-08 02:31:46,414 | 3977 | tracing_net.flowtable.flow_monitor, read_dump_flow, 74 | DEBUG | get result for dump flows 1636338706.410489 : ['OFPST_FLOW reply (OF1.3) (xid=0x2):']
2021-11-08 02:31:46,414 | 3977 | tracing_net.flowtable.flow_monitor, read_dump_flow, 83 | WARNING | No result dump flows
2021-11-08 02:31:47,275 | 3973 | tracing_net.flowtable.flow_monitor, flow_monitor, 99 | DEBUG | flow monitor get result NXST_FLOW_MONITOR reply (xid=0x0):
2021-11-08 02:31:47,275 | 3977 | tracing_net.flowtable.flow_monitor, flow_monitor, 99 | DEBUG | flow monitor get result NXST_FLOW_MONITOR reply (xid=0x0):
2021-11-08 02:31:47,275 | 3973 | tracing_net.flowtable.flow_monitor, flow_monitor, 99 | DEBUG | flow monitor get result event=ADDED table=0 cookie=0 actions=CONTROLLER:65535
2021-11-08 02:31:47,276 | 3977 | tracing_net.flowtable.flow_monitor, flow_monitor, 99 | DEBUG | flow monitor get result event=ADDED table=0 cookie=0 actions=CONTROLLER:65535
2021-11-08 02:31:47,372 | 3973 | tracing_net.flowtable.flow_monitor, dump_flows, 57 | DEBUG | exec dump flows on s1
2021-11-08 02:31:47,382 | 3973 | tracing_net.flowtable.flow_monitor, read_dump_flow, 74 | DEBUG | get result for dump flows 1636338707.378704 : ['OFPST_FLOW reply (OF1.3) (xid=0x2):', ' cookie=0x0, duration=0.106s, table=0, n_packets=0, n_bytes=0, priority=0 actions=CONTROLLER:65535']
2021-11-08 02:31:47,389 | 3973 | tracing_net.flowtable.flow_monitor, read_dump_flow, 80 | DEBUG | parsed dump flows result to table 1636338707.378704 : <FlowTables(datapath=0, timestamp=1636338707.378704, flows=[<Flow(table=0, priority=0, match={}, actions=[<InstructionApplyAction type=4>])>])>
2021-11-08 02:31:47,403 | 3977 | tracing_net.flowtable.flow_monitor, dump_flows, 57 | DEBUG | exec dump flows on s2
2021-11-08 02:31:47,412 | 3977 | tracing_net.flowtable.flow_monitor, read_dump_flow, 74 | DEBUG | get result for dump flows 1636338707.409272 : ['OFPST_FLOW reply (OF1.3) (xid=0x2):', ' cookie=0x0, duration=0.137s, table=0, n_packets=0, n_bytes=0, priority=0 actions=CONTROLLER:65535']
2021-11-08 02:31:47,419 | 3977 | tracing_net.flowtable.flow_monitor, read_dump_flow, 80 | DEBUG | parsed dump flows result to table 1636338707.409272 : <FlowTables(datapath=0, timestamp=1636338707.409272, flows=[<Flow(table=0, priority=0, match={}, actions=[<InstructionApplyAction type=4>])>])>
2021-11-08 02:31:47,602 | 3802 | tracing_net.packet_repository, pop, 73 | ERROR | Failed to pop from packet repository (repo={})
2021-11-08 02:31:47,603 | 3802 | tracing_net.packet_repository, pop, 73 | ERROR | Failed to pop from packet repository (repo={})
2021-11-08 02:31:47,604 | 3802 | tracing_net.packet_repository, pop, 73 | ERROR | Failed to pop from packet repository (repo={})
2021-11-08 02:31:47,605 | 3802 | tracing_net.packet_repository, pop, 73 | ERROR | Failed to pop from packet repository (repo={})
2021-11-08 02:31:47,606 | 3802 | tracing_of_pipeline.analyzer, _poll_packet_inout_repo, 499 | DEBUG | tmp_p = [], s_dpip = 1
2021-11-08 02:31:47,607 | 3802 | tracing_of_pipeline.analyzer, _poll_packet_inout_repo, 499 | DEBUG | tmp_p = [], s_dpip = 2
2021-11-08 02:31:47,607 | 3802 | tracing_of_pipeline.analyzer, _polling, 452 | DEBUG | polled repository (start_time=1636338703.601912, until=1) values = {'l2': [], 'l1': [], 'l3': [], 'l4': []} {'s1': [], 's2': []}
2021-11-08 02:31:47,608 | 3802 | tracing_of_pipeline.analyzer, analyze, 197 | WARNING | No packet in edge l2
2021-11-08 02:31:47,608 | 3802 | tracing_of_pipeline.analyzer, analyze, 197 | WARNING | No packet in edge l1
2021-11-08 02:31:47,609 | 3802 | tracing_of_pipeline.analyzer, analyze, 197 | WARNING | No packet in edge l3
2021-11-08 02:31:47,610 | 3802 | tracing_of_pipeline.analyzer, analyze, 197 | WARNING | No packet in edge l4
2021-11-08 02:31:48,405 | 3977 | tracing_net.flowtable.flow_monitor, dump_flows, 57 | DEBUG | exec dump flows on s2
2021-11-08 02:31:48,416 | 3973 | tracing_net.flowtable.flow_monitor, dump_flows, 57 | DEBUG | exec dump flows on s1
2021-11-08 02:31:48,426 | 3977 | tracing_net.flowtable.flow_monitor, read_dump_flow, 74 | DEBUG | get result for dump flows 1636338708.413165 : ['OFPST_FLOW reply (OF1.3) (xid=0x2):', ' cookie=0x0, duration=1.150s, table=0, n_packets=0, n_bytes=0, priority=0 actions=CONTROLLER:65535']
2021-11-08 02:31:48,429 | 3977 | tracing_net.flowtable.flow_monitor, read_dump_flow, 80 | DEBUG | parsed dump flows result to table 1636338708.413165 : <FlowTables(datapath=0, timestamp=1636338708.413165, flows=[<Flow(table=0, priority=0, match={}, actions=[<InstructionApplyAction type=4>])>])>
2021-11-08 02:31:48,439 | 3973 | tracing_net.flowtable.flow_monitor, read_dump_flow, 74 | DEBUG | get result for dump flows 1636338708.425996 : ['OFPST_FLOW reply (OF1.3) (xid=0x2):', ' cookie=0x0, duration=1.163s, table=0, n_packets=0, n_bytes=0, priority=0 actions=CONTROLLER:65535']
2021-11-08 02:31:48,442 | 3973 | tracing_net.flowtable.flow_monitor, read_dump_flow, 80 | DEBUG | parsed dump flows result to table 1636338708.425996 : <FlowTables(datapath=0, timestamp=1636338708.425996, flows=[<Flow(table=0, priority=0, match={}, actions=[<InstructionApplyAction type=4>])>])>
2021-11-08 02:31:49,400 | 3973 | tracing_net.flowtable.flow_monitor, dump_flows, 57 | DEBUG | exec dump flows on s1
2021-11-08 02:31:49,403 | 3977 | tracing_net.flowtable.flow_monitor, dump_flows, 57 | DEBUG | exec dump flows on s2
2021-11-08 02:31:49,425 | 3977 | tracing_net.flowtable.flow_monitor, read_dump_flow, 74 | DEBUG | get result for dump flows 1636338709.413587 : ['OFPST_FLOW reply (OF1.3) (xid=0x2):', ' cookie=0x0, duration=2.148s, table=0, n_packets=0, n_bytes=0, priority=0 actions=CONTROLLER:65535']
2021-11-08 02:31:49,425 | 3973 | tracing_net.flowtable.flow_monitor, read_dump_flow, 74 | DEBUG | get result for dump flows 1636338709.412749 : ['OFPST_FLOW reply (OF1.3) (xid=0x2):', ' cookie=0x0, duration=2.149s, table=0, n_packets=0, n_bytes=0, priority=0 actions=CONTROLLER:65535']
2021-11-08 02:31:49,427 | 3977 | tracing_net.flowtable.flow_monitor, read_dump_flow, 80 | DEBUG | parsed dump flows result to table 1636338709.413587 : <FlowTables(datapath=0, timestamp=1636338709.413587, flows=[<Flow(table=0, priority=0, match={}, actions=[<InstructionApplyAction type=4>])>])>
2021-11-08 02:31:49,428 | 3973 | tracing_net.flowtable.flow_monitor, read_dump_flow, 80 | DEBUG | parsed dump flows result to table 1636338709.412749 : <FlowTables(datapath=0, timestamp=1636338709.412749, flows=[<Flow(table=0, priority=0, match={}, actions=[<InstructionApplyAction type=4>])>])>
2021-11-08 02:31:49,603 | 3802 | tracing_net.packet_repository, pop, 73 | ERROR | Failed to pop from packet repository (repo={})
2021-11-08 02:31:49,604 | 3802 | tracing_net.packet_repository, pop, 73 | ERROR | Failed to pop from packet repository (repo={})
2021-11-08 02:31:49,605 | 3802 | tracing_net.packet_repository, pop, 73 | ERROR | Failed to pop from packet repository (repo={})
2021-11-08 02:31:49,606 | 3802 | tracing_net.packet_repository, pop, 73 | ERROR | Failed to pop from packet repository (repo={})
2021-11-08 02:31:49,607 | 3802 | tracing_of_pipeline.analyzer, _poll_packet_inout_repo, 499 | DEBUG | tmp_p = [], s_dpip = 1
2021-11-08 02:31:49,608 | 3802 | tracing_of_pipeline.analyzer, _poll_packet_inout_repo, 499 | DEBUG | tmp_p = [], s_dpip = 2
2021-11-08 02:31:49,608 | 3802 | tracing_of_pipeline.analyzer, _polling, 452 | DEBUG | polled repository (start_time=1636338703.601912, until=2) values = {'l2': [], 'l1': [], 'l3': [], 'l4': []} {'s1': [], 's2': []}
2021-11-08 02:31:49,609 | 3802 | tracing_of_pipeline.analyzer, analyze, 197 | WARNING | No packet in edge l2
2021-11-08 02:31:49,610 | 3802 | tracing_of_pipeline.analyzer, analyze, 197 | WARNING | No packet in edge l1
2021-11-08 02:31:49,610 | 3802 | tracing_of_pipeline.analyzer, analyze, 197 | WARNING | No packet in edge l3
2021-11-08 02:31:49,611 | 3802 | tracing_of_pipeline.analyzer, analyze, 197 | WARNING | No packet in edge l4
2021-11-08 02:31:50,375 | 3973 | tracing_net.flowtable.flow_monitor, dump_flows, 57 | DEBUG | exec dump flows on s1
2021-11-08 02:31:50,392 | 3973 | tracing_net.flowtable.flow_monitor, read_dump_flow, 74 | DEBUG | get result for dump flows 1636338710.383627 : ['OFPST_FLOW reply (OF1.3) (xid=0x2):', ' cookie=0x0, duration=3.115s, table=0, n_packets=0, n_bytes=0, priority=0 actions=CONTROLLER:65535']
2021-11-08 02:31:50,396 | 3973 | tracing_net.flowtable.flow_monitor, read_dump_flow, 80 | DEBUG | parsed dump flows result to table 1636338710.383627 : <FlowTables(datapath=0, timestamp=1636338710.383627, flows=[<Flow(table=0, priority=0, match={}, actions=[<InstructionApplyAction type=4>])>])>
2021-11-08 02:31:50,404 | 3977 | tracing_net.flowtable.flow_monitor, dump_flows, 57 | DEBUG | exec dump flows on s2
2021-11-08 02:31:50,423 | 3977 | tracing_net.flowtable.flow_monitor, read_dump_flow, 74 | DEBUG | get result for dump flows 1636338710.416821 : ['OFPST_FLOW reply (OF1.3) (xid=0x2):', ' cookie=0x0, duration=3.146s, table=0, n_packets=0, n_bytes=0, priority=0 actions=CONTROLLER:65535']
2021-11-08 02:31:50,426 | 3977 | tracing_net.flowtable.flow_monitor, read_dump_flow, 80 | DEBUG | parsed dump flows result to table 1636338710.416821 : <FlowTables(datapath=0, timestamp=1636338710.416821, flows=[<Flow(table=0, priority=0, match={}, actions=[<InstructionApplyAction type=4>])>])>
2021-11-08 02:31:51,388 | 3973 | tracing_net.flowtable.flow_monitor, dump_flows, 57 | DEBUG | exec dump flows on s1
2021-11-08 02:31:51,397 | 3973 | tracing_net.flowtable.flow_monitor, read_dump_flow, 74 | DEBUG | get result for dump flows 1636338711.393701 : ['OFPST_FLOW reply (OF1.3) (xid=0x2):', ' cookie=0x0, duration=4.122s, table=0, n_packets=0, n_bytes=0, priority=0 actions=CONTROLLER:65535']
2021-11-08 02:31:51,398 | 3973 | tracing_net.flowtable.flow_monitor, read_dump_flow, 80 | DEBUG | parsed dump flows result to table 1636338711.393701 : <FlowTables(datapath=0, timestamp=1636338711.393701, flows=[<Flow(table=0, priority=0, match={}, actions=[<InstructionApplyAction type=4>])>])>
2021-11-08 02:31:51,403 | 3977 | tracing_net.flowtable.flow_monitor, dump_flows, 57 | DEBUG | exec dump flows on s2
2021-11-08 02:31:51,412 | 3977 | tracing_net.flowtable.flow_monitor, read_dump_flow, 74 | DEBUG | get result for dump flows 1636338711.408707 : ['OFPST_FLOW reply (OF1.3) (xid=0x2):', ' cookie=0x0, duration=4.137s, table=0, n_packets=0, n_bytes=0, priority=0 actions=CONTROLLER:65535']
2021-11-08 02:31:51,413 | 3977 | tracing_net.flowtable.flow_monitor, read_dump_flow, 80 | DEBUG | parsed dump flows result to table 1636338711.408707 : <FlowTables(datapath=0, timestamp=1636338711.408707, flows=[<Flow(table=0, priority=0, match={}, actions=[<InstructionApplyAction type=4>])>])>
2021-11-08 02:31:51,605 | 3802 | tracing_net.packet_repository, pop, 73 | ERROR | Failed to pop from packet repository (repo={})
2021-11-08 02:31:51,607 | 3802 | tracing_net.packet_repository, pop, 73 | ERROR | Failed to pop from packet repository (repo={})
2021-11-08 02:31:51,608 | 3802 | tracing_net.packet_repository, pop, 73 | ERROR | Failed to pop from packet repository (repo={})
2021-11-08 02:31:51,608 | 3802 | tracing_net.packet_repository, pop, 73 | ERROR | Failed to pop from packet repository (repo={})
2021-11-08 02:31:51,610 | 3802 | tracing_of_pipeline.analyzer, _poll_packet_inout_repo, 499 | DEBUG | tmp_p = [], s_dpip = 1
2021-11-08 02:31:51,611 | 3802 | tracing_of_pipeline.analyzer, _poll_packet_inout_repo, 499 | DEBUG | tmp_p = [], s_dpip = 2
2021-11-08 02:31:51,611 | 3802 | tracing_of_pipeline.analyzer, _polling, 452 | DEBUG | polled repository (start_time=1636338703.601912, until=3) values = {'l2': [], 'l1': [], 'l3': [], 'l4': []} {'s1': [], 's2': []}
2021-11-08 02:31:51,612 | 3802 | tracing_of_pipeline.analyzer, analyze, 197 | WARNING | No packet in edge l2
2021-11-08 02:31:51,613 | 3802 | tracing_of_pipeline.analyzer, analyze, 197 | WARNING | No packet in edge l1
2021-11-08 02:31:51,613 | 3802 | tracing_of_pipeline.analyzer, analyze, 197 | WARNING | No packet in edge l3
2021-11-08 02:31:51,613 | 3802 | tracing_of_pipeline.analyzer, analyze, 197 | WARNING | No packet in edge l4
2021-11-08 02:31:52,374 | 3973 | tracing_net.flowtable.flow_monitor, dump_flows, 57 | DEBUG | exec dump flows on s1
2021-11-08 02:31:52,384 | 3973 | tracing_net.flowtable.flow_monitor, read_dump_flow, 74 | DEBUG | get result for dump flows 1636338712.380322 : ['OFPST_FLOW reply (OF1.3) (xid=0x2):', ' cookie=0x0, duration=5.108s, table=0, n_packets=0, n_bytes=0, priority=0 actions=CONTROLLER:65535']
2021-11-08 02:31:52,386 | 3973 | tracing_net.flowtable.flow_monitor, read_dump_flow, 80 | DEBUG | parsed dump flows result to table 1636338712.380322 : <FlowTables(datapath=0, timestamp=1636338712.380322, flows=[<Flow(table=0, priority=0, match={}, actions=[<InstructionApplyAction type=4>])>])>
2021-11-08 02:31:52,403 | 3977 | tracing_net.flowtable.flow_monitor, dump_flows, 57 | DEBUG | exec dump flows on s2
2021-11-08 02:31:52,412 | 3977 | tracing_net.flowtable.flow_monitor, read_dump_flow, 74 | DEBUG | get result for dump flows 1636338712.409138 : ['OFPST_FLOW reply (OF1.3) (xid=0x2):', ' cookie=0x0, duration=5.137s, table=0, n_packets=0, n_bytes=0, priority=0 actions=CONTROLLER:65535']
2021-11-08 02:31:52,413 | 3977 | tracing_net.flowtable.flow_monitor, read_dump_flow, 80 | DEBUG | parsed dump flows result to table 1636338712.409138 : <FlowTables(datapath=0, timestamp=1636338712.409138, flows=[<Flow(table=0, priority=0, match={}, actions=[<InstructionApplyAction type=4>])>])>
2021-11-08 02:31:53,377 | 3973 | tracing_net.flowtable.flow_monitor, dump_flows, 57 | DEBUG | exec dump flows on s1
2021-11-08 02:31:53,387 | 3973 | tracing_net.flowtable.flow_monitor, read_dump_flow, 74 | DEBUG | get result for dump flows 1636338713.383513 : ['OFPST_FLOW reply (OF1.3) (xid=0x2):', ' cookie=0x0, duration=6.111s, table=0, n_packets=0, n_bytes=0, priority=0 actions=CONTROLLER:65535']
2021-11-08 02:31:53,388 | 3973 | tracing_net.flowtable.flow_monitor, read_dump_flow, 80 | DEBUG | parsed dump flows result to table 1636338713.383513 : <FlowTables(datapath=0, timestamp=1636338713.383513, flows=[<Flow(table=0, priority=0, match={}, actions=[<InstructionApplyAction type=4>])>])>
2021-11-08 02:31:53,402 | 3977 | tracing_net.flowtable.flow_monitor, dump_flows, 57 | DEBUG | exec dump flows on s2
2021-11-08 02:31:53,415 | 3977 | tracing_net.flowtable.flow_monitor, read_dump_flow, 74 | DEBUG | get result for dump flows 1636338713.412104 : ['OFPST_FLOW reply (OF1.3) (xid=0x2):', ' cookie=0x0, duration=6.140s, table=0, n_packets=0, n_bytes=0, priority=0 actions=CONTROLLER:65535']
2021-11-08 02:31:53,417 | 3977 | tracing_net.flowtable.flow_monitor, read_dump_flow, 80 | DEBUG | parsed dump flows result to table 1636338713.412104 : <FlowTables(datapath=0, timestamp=1636338713.412104, flows=[<Flow(table=0, priority=0, match={}, actions=[<InstructionApplyAction type=4>])>])>
2021-11-08 02:31:53,581 | 3802 | tracing_of_pipeline, _handle_ofc_child_conn, 178 | DEBUG | get from ofcapture <Message msg_name=OFPT_PACKET_IN of_msg=PacketIn(xid=UBInt32(0)) timestamp=1636338713.565116 local_port=38558 datapath_id=1>
2021-11-08 02:31:53,592 | 3802 | tracing_of_pipeline, _handle_ofc_child_conn, 178 | DEBUG | get from ofcapture <Message msg_name=OFPT_PACKET_OUT of_msg=PacketOut(xid=UBInt32(1887282648)) timestamp=1636338713.57131 local_port=38558 datapath_id=1>
2021-11-08 02:31:53,602 | 3802 | tracing_net.packet_repository, pop, 73 | ERROR | Failed to pop from packet repository (repo={})
2021-11-08 02:31:53,603 | 3802 | tracing_net.packet_repository, pop, 73 | ERROR | Failed to pop from packet repository (repo={})
2021-11-08 02:31:53,603 | 3802 | tracing_net.packet_repository, pop, 73 | ERROR | Failed to pop from packet repository (repo={})
2021-11-08 02:31:53,604 | 3802 | tracing_net.packet_repository, pop, 73 | ERROR | Failed to pop from packet repository (repo={})
2021-11-08 02:31:53,604 | 3802 | tracing_of_pipeline.analyzer, _poll_packet_inout_repo, 499 | DEBUG | tmp_p = [], s_dpip = 1
2021-11-08 02:31:53,605 | 3802 | tracing_of_pipeline.analyzer, _poll_packet_inout_repo, 499 | DEBUG | tmp_p = [], s_dpip = 2
2021-11-08 02:31:53,605 | 3802 | tracing_of_pipeline.analyzer, _polling, 452 | DEBUG | polled repository (start_time=1636338703.601912, until=4) values = {'l2': [], 'l1': [], 'l3': [], 'l4': []} {'s1': [], 's2': []}
2021-11-08 02:31:53,606 | 3802 | tracing_of_pipeline.analyzer, analyze, 197 | WARNING | No packet in edge l2
2021-11-08 02:31:53,606 | 3802 | tracing_of_pipeline.analyzer, analyze, 197 | WARNING | No packet in edge l1
2021-11-08 02:31:53,606 | 3802 | tracing_of_pipeline.analyzer, analyze, 197 | WARNING | No packet in edge l3
2021-11-08 02:31:53,607 | 3802 | tracing_of_pipeline.analyzer, analyze, 197 | WARNING | No packet in edge l4
2021-11-08 02:31:53,615 | 3802 | tracing_of_pipeline, _handle_ofc_child_conn, 178 | DEBUG | get from ofcapture <Message msg_name=OFPT_PACKET_IN of_msg=PacketIn(xid=UBInt32(0)) timestamp=1636338713.57882 local_port=38560 datapath_id=2>
2021-11-08 02:31:53,627 | 3802 | tracing_of_pipeline, _handle_ofc_child_conn, 178 | DEBUG | get from ofcapture <Message msg_name=OFPT_PACKET_OUT of_msg=PacketOut(xid=UBInt32(455277076)) timestamp=1636338713.614492 local_port=38560 datapath_id=2>
2021-11-08 02:31:53,642 | 3977 | tracing_net.flowtable.flow_monitor, flow_monitor, 99 | DEBUG | flow monitor get result NXST_FLOW_MONITOR reply (xid=0x0):
2021-11-08 02:31:53,643 | 3977 | tracing_net.flowtable.flow_monitor, flow_monitor, 99 | DEBUG | flow monitor get result event=ADDED table=0 cookie=0 in_port=2,dl_src=ce:3c:0f:7c:6c:f9,dl_dst=be:ee:13:5a:20:62 actions=output:1
2021-11-08 02:31:53,643 | 3802 | tracing_of_pipeline, _handle_ofc_child_conn, 178 | DEBUG | get from ofcapture <Message msg_name=OFPT_PACKET_IN of_msg=PacketIn(xid=UBInt32(0)) timestamp=1636338713.630446 local_port=38560 datapath_id=2>
2021-11-08 02:31:53,657 | 3973 | tracing_net.flowtable.flow_monitor, flow_monitor, 99 | DEBUG | flow monitor get result NXST_FLOW_MONITOR reply (xid=0x0):
2021-11-08 02:31:53,658 | 3973 | tracing_net.flowtable.flow_monitor, flow_monitor, 99 | DEBUG | flow monitor get result event=ADDED table=0 cookie=0 in_port=2,dl_src=ce:3c:0f:7c:6c:f9,dl_dst=be:ee:13:5a:20:62 actions=output:1
2021-11-08 02:31:53,660 | 3973 | tracing_net.flowtable.flow_monitor, flow_monitor, 99 | DEBUG | flow monitor get result NXST_FLOW_MONITOR reply (xid=0x0):
2021-11-08 02:31:53,660 | 3973 | tracing_net.flowtable.flow_monitor, flow_monitor, 99 | DEBUG | flow monitor get result event=ADDED table=0 cookie=0 in_port=1,dl_src=be:ee:13:5a:20:62,dl_dst=ce:3c:0f:7c:6c:f9 actions=output:2
2021-11-08 02:31:53,664 | 3977 | tracing_net.flowtable.flow_monitor, flow_monitor, 99 | DEBUG | flow monitor get result NXST_FLOW_MONITOR reply (xid=0x0):
2021-11-08 02:31:53,665 | 3977 | tracing_net.flowtable.flow_monitor, flow_monitor, 99 | DEBUG | flow monitor get result event=ADDED table=0 cookie=0 in_port=1,dl_src=be:ee:13:5a:20:62,dl_dst=ce:3c:0f:7c:6c:f9 actions=output:2
2021-11-08 02:31:54,372 | 3973 | tracing_net.flowtable.flow_monitor, dump_flows, 57 | DEBUG | exec dump flows on s1
2021-11-08 02:31:54,384 | 3973 | tracing_net.flowtable.flow_monitor, read_dump_flow, 74 | DEBUG | get result for dump flows 1636338714.378839 : ['OFPST_FLOW reply (OF1.3) (xid=0x2):', ' cookie=0x0, duration=0.726s, table=0, n_packets=1, n_bytes=98, priority=1,in_port=2,dl_src=ce:3c:0f:7c:6c:f9,dl_dst=be:ee:13:5a:20:62 actions=output:1', ' cookie=0x0, duration=0.723s, table=0, n_packets=0, n_bytes=0, priority=1,in_port=1,dl_src=be:ee:13:5a:20:62,dl_dst=ce:3c:0f:7c:6c:f9 actions=output:2', ' cookie=0x0, duration=7.108s, table=0, n_packets=3, n_bytes=182, priority=0 actions=CONTROLLER:65535']
2021-11-08 02:31:54,387 | 3973 | tracing_net.flowtable.flow_monitor, read_dump_flow, 80 | DEBUG | parsed dump flows result to table 1636338714.378839 : <FlowTables(datapath=0, timestamp=1636338714.378839, flows=[<Flow(table=0, priority=1, match=[<in_port, 2/None>, <dl_src, ce:3c:0f:7c:6c:f9/None>, <dl_dst, be:ee:13:5a:20:62/None>], actions=[<InstructionApplyAction type=4>])>, <Flow(table=0, priority=1, match=[<in_port, 1/None>, <dl_src, be:ee:13:5a:20:62/None>, <dl_dst, ce:3c:0f:7c:6c:f9/None>], actions=[<InstructionApplyAction type=4>])>, <Flow(table=0, priority=0, match={}, actions=[<InstructionApplyAction type=4>])>])>
2021-11-08 02:31:54,402 | 3977 | tracing_net.flowtable.flow_monitor, dump_flows, 57 | DEBUG | exec dump flows on s2
2021-11-08 02:31:54,412 | 3977 | tracing_net.flowtable.flow_monitor, read_dump_flow, 74 | DEBUG | get result for dump flows 1636338714.408864 : ['OFPST_FLOW reply (OF1.3) (xid=0x2):', ' cookie=0x0, duration=0.770s, table=0, n_packets=1, n_bytes=98, priority=1,in_port=2,dl_src=ce:3c:0f:7c:6c:f9,dl_dst=be:ee:13:5a:20:62 actions=output:1', ' cookie=0x0, duration=0.749s, table=0, n_packets=0, n_bytes=0, priority=1,in_port=1,dl_src=be:ee:13:5a:20:62,dl_dst=ce:3c:0f:7c:6c:f9 actions=output:2', ' cookie=0x0, duration=7.137s, table=0, n_packets=3, n_bytes=182, priority=0 actions=CONTROLLER:65535']
2021-11-08 02:31:54,414 | 3977 | tracing_net.flowtable.flow_monitor, read_dump_flow, 80 | DEBUG | parsed dump flows result to table 1636338714.408864 : <FlowTables(datapath=0, timestamp=1636338714.408864, flows=[<Flow(table=0, priority=1, match=[<in_port, 2/None>, <dl_src, ce:3c:0f:7c:6c:f9/None>, <dl_dst, be:ee:13:5a:20:62/None>], actions=[<InstructionApplyAction type=4>])>, <Flow(table=0, priority=1, match=[<in_port, 1/None>, <dl_src, be:ee:13:5a:20:62/None>, <dl_dst, ce:3c:0f:7c:6c:f9/None>], actions=[<InstructionApplyAction type=4>])>, <Flow(table=0, priority=0, match={}, actions=[<InstructionApplyAction type=4>])>])>
2021-11-08 02:31:55,372 | 3973 | tracing_net.flowtable.flow_monitor, dump_flows, 57 | DEBUG | exec dump flows on s1
2021-11-08 02:31:55,384 | 3973 | tracing_net.flowtable.flow_monitor, read_dump_flow, 74 | DEBUG | get result for dump flows 1636338715.379551 : ['OFPST_FLOW reply (OF1.3) (xid=0x2):', ' cookie=0x0, duration=1.726s, table=0, n_packets=1, n_bytes=98, priority=1,in_port=2,dl_src=ce:3c:0f:7c:6c:f9,dl_dst=be:ee:13:5a:20:62 actions=output:1', ' cookie=0x0, duration=1.723s, table=0, n_packets=0, n_bytes=0, priority=1,in_port=1,dl_src=be:ee:13:5a:20:62,dl_dst=ce:3c:0f:7c:6c:f9 actions=output:2', ' cookie=0x0, duration=8.108s, table=0, n_packets=3, n_bytes=182, priority=0 actions=CONTROLLER:65535']
2021-11-08 02:31:55,385 | 3973 | tracing_net.flowtable.flow_monitor, read_dump_flow, 80 | DEBUG | parsed dump flows result to table 1636338715.379551 : <FlowTables(datapath=0, timestamp=1636338715.379551, flows=[<Flow(table=0, priority=1, match=[<in_port, 2/None>, <dl_src, ce:3c:0f:7c:6c:f9/None>, <dl_dst, be:ee:13:5a:20:62/None>], actions=[<InstructionApplyAction type=4>])>, <Flow(table=0, priority=1, match=[<in_port, 1/None>, <dl_src, be:ee:13:5a:20:62/None>, <dl_dst, ce:3c:0f:7c:6c:f9/None>], actions=[<InstructionApplyAction type=4>])>, <Flow(table=0, priority=0, match={}, actions=[<InstructionApplyAction type=4>])>])>
2021-11-08 02:31:55,403 | 3977 | tracing_net.flowtable.flow_monitor, dump_flows, 57 | DEBUG | exec dump flows on s2
2021-11-08 02:31:55,412 | 3977 | tracing_net.flowtable.flow_monitor, read_dump_flow, 74 | DEBUG | get result for dump flows 1636338715.40832 : ['OFPST_FLOW reply (OF1.3) (xid=0x2):', ' cookie=0x0, duration=1.769s, table=0, n_packets=1, n_bytes=98, priority=1,in_port=2,dl_src=ce:3c:0f:7c:6c:f9,dl_dst=be:ee:13:5a:20:62 actions=output:1', ' cookie=0x0, duration=1.748s, table=0, n_packets=0, n_bytes=0, priority=1,in_port=1,dl_src=be:ee:13:5a:20:62,dl_dst=ce:3c:0f:7c:6c:f9 actions=output:2', ' cookie=0x0, duration=8.136s, table=0, n_packets=3, n_bytes=182, priority=0 actions=CONTROLLER:65535']
2021-11-08 02:31:55,413 | 3977 | tracing_net.flowtable.flow_monitor, read_dump_flow, 80 | DEBUG | parsed dump flows result to table 1636338715.40832 : <FlowTables(datapath=0, timestamp=1636338715.40832, flows=[<Flow(table=0, priority=1, match=[<in_port, 2/None>, <dl_src, ce:3c:0f:7c:6c:f9/None>, <dl_dst, be:ee:13:5a:20:62/None>], actions=[<InstructionApplyAction type=4>])>, <Flow(table=0, priority=1, match=[<in_port, 1/None>, <dl_src, be:ee:13:5a:20:62/None>, <dl_dst, ce:3c:0f:7c:6c:f9/None>], actions=[<InstructionApplyAction type=4>])>, <Flow(table=0, priority=0, match={}, actions=[<InstructionApplyAction type=4>])>])>
2021-11-08 02:31:55,604 | 3802 | tracing_net.packet_repository, pop, 73 | ERROR | Failed to pop from packet repository (repo={'s2-eth2': [<Msg captured_interface=s2-eth2, sniff_timestamp=1636338713.614671, pkt=<ARP_RAW Packet>, in_port=s2-eth2, in_phy_port=s2-eth2>, <Msg captured_interface=s2-eth2, sniff_timestamp=1636338713.6147015, pkt=<ARP_RAW Packet>, in_port=s2-eth2, in_phy_port=s2-eth2>, <Msg captured_interface=s2-eth2, sniff_timestamp=1636338713.6635418, pkt=<ICMP_RAW Packet>, in_port=s2-eth2, in_phy_port=s2-eth2>], 's1-eth2': [<Msg captured_interface=s1-eth2, sniff_timestamp=1636338713.5715303, pkt=<ARP_RAW Packet>, in_port=s1-eth2, in_phy_port=s1-eth2>, <Msg captured_interface=s1-eth2, sniff_timestamp=1636338713.6416695, pkt=<ARP_RAW Packet>, in_port=s1-eth2, in_phy_port=s1-eth2>, <Msg captured_interface=s1-eth2, sniff_timestamp=1636338713.6596868, pkt=<ICMP_RAW Packet>, in_port=s1-eth2, in_phy_port=s1-eth2>], 's1-eth1': [<Msg captured_interface=s1-eth1, sniff_timestamp=1636338713.5644085, pkt=<ARP_RAW Packet>, in_port=s1-eth1, in_phy_port=s1-eth1>, <Msg captured_interface=s1-eth1, sniff_timestamp=1636338713.6569018, pkt=<ARP_RAW Packet>, in_port=s1-eth1, in_phy_port=s1-eth1>, <Msg captured_interface=s1-eth1, sniff_timestamp=1636338713.656915, pkt=<ICMP_RAW Packet>, in_port=s1-eth1, in_phy_port=s1-eth1>]})
2021-11-08 02:31:55,605 | 3802 | tracing_of_pipeline.analyzer, _poll_packet_inout_repo, 499 | DEBUG | tmp_p = [], s_dpip = 1
2021-11-08 02:31:55,605 | 3802 | tracing_of_pipeline.analyzer, _poll_packet_inout_repo, 499 | DEBUG | tmp_p = [], s_dpip = 2
2021-11-08 02:31:55,607 | 3802 | tracing_of_pipeline.analyzer, _polling, 452 | DEBUG | polled repository (start_time=1636338703.601912, until=5) values = {'l2': [], 'l1': [], 'l3': [], 'l4': []} {'s1': [], 's2': []}
2021-11-08 02:31:55,607 | 3802 | tracing_of_pipeline.analyzer, analyze, 197 | WARNING | No packet in edge l2
2021-11-08 02:31:55,608 | 3802 | tracing_of_pipeline.analyzer, analyze, 197 | WARNING | No packet in edge l1
2021-11-08 02:31:55,610 | 3802 | tracing_of_pipeline.analyzer, analyze, 197 | WARNING | No packet in edge l3
2021-11-08 02:31:55,611 | 3802 | tracing_of_pipeline.analyzer, analyze, 197 | WARNING | No packet in edge l4
2021-11-08 02:31:56,379 | 3973 | tracing_net.flowtable.flow_monitor, dump_flows, 57 | DEBUG | exec dump flows on s1
2021-11-08 02:31:56,390 | 3973 | tracing_net.flowtable.flow_monitor, read_dump_flow, 74 | DEBUG | get result for dump flows 1636338716.386763 : ['OFPST_FLOW reply (OF1.3) (xid=0x2):', ' cookie=0x0, duration=2.732s, table=0, n_packets=1, n_bytes=98, priority=1,in_port=2,dl_src=ce:3c:0f:7c:6c:f9,dl_dst=be:ee:13:5a:20:62 actions=output:1', ' cookie=0x0, duration=2.729s, table=0, n_packets=0, n_bytes=0, priority=1,in_port=1,dl_src=be:ee:13:5a:20:62,dl_dst=ce:3c:0f:7c:6c:f9 actions=output:2', ' cookie=0x0, duration=9.114s, table=0, n_packets=3, n_bytes=182, priority=0 actions=CONTROLLER:65535']
2021-11-08 02:31:56,391 | 3973 | tracing_net.flowtable.flow_monitor, read_dump_flow, 80 | DEBUG | parsed dump flows result to table 1636338716.386763 : <FlowTables(datapath=0, timestamp=1636338716.386763, flows=[<Flow(table=0, priority=1, match=[<in_port, 2/None>, <dl_src, ce:3c:0f:7c:6c:f9/None>, <dl_dst, be:ee:13:5a:20:62/None>], actions=[<InstructionApplyAction type=4>])>, <Flow(table=0, priority=1, match=[<in_port, 1/None>, <dl_src, be:ee:13:5a:20:62/None>, <dl_dst, ce:3c:0f:7c:6c:f9/None>], actions=[<InstructionApplyAction type=4>])>, <Flow(table=0, priority=0, match={}, actions=[<InstructionApplyAction type=4>])>])>
2021-11-08 02:31:56,402 | 3977 | tracing_net.flowtable.flow_monitor, dump_flows, 57 | DEBUG | exec dump flows on s2
2021-11-08 02:31:56,411 | 3977 | tracing_net.flowtable.flow_monitor, read_dump_flow, 74 | DEBUG | get result for dump flows 1636338716.408116 : ['OFPST_FLOW reply (OF1.3) (xid=0x2):', ' cookie=0x0, duration=2.769s, table=0, n_packets=1, n_bytes=98, priority=1,in_port=2,dl_src=ce:3c:0f:7c:6c:f9,dl_dst=be:ee:13:5a:20:62 actions=output:1', ' cookie=0x0, duration=2.748s, table=0, n_packets=0, n_bytes=0, priority=1,in_port=1,dl_src=be:ee:13:5a:20:62,dl_dst=ce:3c:0f:7c:6c:f9 actions=output:2', ' cookie=0x0, duration=9.136s, table=0, n_packets=3, n_bytes=182, priority=0 actions=CONTROLLER:65535']
2021-11-08 02:31:56,414 | 3977 | tracing_net.flowtable.flow_monitor, read_dump_flow, 80 | DEBUG | parsed dump flows result to table 1636338716.408116 : <FlowTables(datapath=0, timestamp=1636338716.408116, flows=[<Flow(table=0, priority=1, match=[<in_port, 2/None>, <dl_src, ce:3c:0f:7c:6c:f9/None>, <dl_dst, be:ee:13:5a:20:62/None>], actions=[<InstructionApplyAction type=4>])>, <Flow(table=0, priority=1, match=[<in_port, 1/None>, <dl_src, be:ee:13:5a:20:62/None>, <dl_dst, ce:3c:0f:7c:6c:f9/None>], actions=[<InstructionApplyAction type=4>])>, <Flow(table=0, priority=0, match={}, actions=[<InstructionApplyAction type=4>])>])>
2021-11-08 02:31:57,375 | 3973 | tracing_net.flowtable.flow_monitor, dump_flows, 57 | DEBUG | exec dump flows on s1
2021-11-08 02:31:57,385 | 3973 | tracing_net.flowtable.flow_monitor, read_dump_flow, 74 | DEBUG | get result for dump flows 1636338717.381994 : ['OFPST_FLOW reply (OF1.3) (xid=0x2):', ' cookie=0x0, duration=3.728s, table=0, n_packets=1, n_bytes=98, priority=1,in_port=2,dl_src=ce:3c:0f:7c:6c:f9,dl_dst=be:ee:13:5a:20:62 actions=output:1', ' cookie=0x0, duration=3.725s, table=0, n_packets=0, n_bytes=0, priority=1,in_port=1,dl_src=be:ee:13:5a:20:62,dl_dst=ce:3c:0f:7c:6c:f9 actions=output:2', ' cookie=0x0, duration=10.110s, table=0, n_packets=3, n_bytes=182, priority=0 actions=CONTROLLER:65535']
2021-11-08 02:31:57,387 | 3973 | tracing_net.flowtable.flow_monitor, read_dump_flow, 80 | DEBUG | parsed dump flows result to table 1636338717.381994 : <FlowTables(datapath=0, timestamp=1636338717.381994, flows=[<Flow(table=0, priority=1, match=[<in_port, 2/None>, <dl_src, ce:3c:0f:7c:6c:f9/None>, <dl_dst, be:ee:13:5a:20:62/None>], actions=[<InstructionApplyAction type=4>])>, <Flow(table=0, priority=1, match=[<in_port, 1/None>, <dl_src, be:ee:13:5a:20:62/None>, <dl_dst, ce:3c:0f:7c:6c:f9/None>], actions=[<InstructionApplyAction type=4>])>, <Flow(table=0, priority=0, match={}, actions=[<InstructionApplyAction type=4>])>])>
2021-11-08 02:31:57,403 | 3977 | tracing_net.flowtable.flow_monitor, dump_flows, 57 | DEBUG | exec dump flows on s2
2021-11-08 02:31:57,412 | 3977 | tracing_net.flowtable.flow_monitor, read_dump_flow, 74 | DEBUG | get result for dump flows 1636338717.408904 : ['OFPST_FLOW reply (OF1.3) (xid=0x2):', ' cookie=0x0, duration=3.770s, table=0, n_packets=1, n_bytes=98, priority=1,in_port=2,dl_src=ce:3c:0f:7c:6c:f9,dl_dst=be:ee:13:5a:20:62 actions=output:1', ' cookie=0x0, duration=3.749s, table=0, n_packets=0, n_bytes=0, priority=1,in_port=1,dl_src=be:ee:13:5a:20:62,dl_dst=ce:3c:0f:7c:6c:f9 actions=output:2', ' cookie=0x0, duration=10.137s, table=0, n_packets=3, n_bytes=182, priority=0 actions=CONTROLLER:65535']
2021-11-08 02:31:57,414 | 3977 | tracing_net.flowtable.flow_monitor, read_dump_flow, 80 | DEBUG | parsed dump flows result to table 1636338717.408904 : <FlowTables(datapath=0, timestamp=1636338717.408904, flows=[<Flow(table=0, priority=1, match=[<in_port, 2/None>, <dl_src, ce:3c:0f:7c:6c:f9/None>, <dl_dst, be:ee:13:5a:20:62/None>], actions=[<InstructionApplyAction type=4>])>, <Flow(table=0, priority=1, match=[<in_port, 1/None>, <dl_src, be:ee:13:5a:20:62/None>, <dl_dst, ce:3c:0f:7c:6c:f9/None>], actions=[<InstructionApplyAction type=4>])>, <Flow(table=0, priority=0, match={}, actions=[<InstructionApplyAction type=4>])>])>
2021-11-08 02:31:57,641 | 3802 | tracing_net.packet_repository, pop, 73 | ERROR | Failed to pop from packet repository (repo={'s2-eth2': [], 's1-eth2': [], 's1-eth1': []})
2021-11-08 02:31:57,643 | 3802 | tracing_of_pipeline.analyzer, _poll_packet_inout_repo, 499 | DEBUG | tmp_p = [<Message msg_name=OFPT_PACKET_IN of_msg=PacketIn(xid=UBInt32(0)) timestamp=1636338713.565116 local_port=38558 datapath_id=1>, <Message msg_name=OFPT_PACKET_OUT of_msg=PacketOut(xid=UBInt32(1887282648)) timestamp=1636338713.57131 local_port=38558 datapath_id=1>], s_dpip = 1
2021-11-08 02:31:57,645 | 3802 | tracing_of_pipeline.analyzer, _poll_packet_inout_repo, 499 | DEBUG | tmp_p = [<Message msg_name=OFPT_PACKET_IN of_msg=PacketIn(xid=UBInt32(0)) timestamp=1636338713.57882 local_port=38560 datapath_id=2>, <Message msg_name=OFPT_PACKET_OUT of_msg=PacketOut(xid=UBInt32(455277076)) timestamp=1636338713.614492 local_port=38560 datapath_id=2>, <Message msg_name=OFPT_PACKET_IN of_msg=PacketIn(xid=UBInt32(0)) timestamp=1636338713.630446 local_port=38560 datapath_id=2>], s_dpip = 2
2021-11-08 02:31:57,647 | 3802 | tracing_of_pipeline.analyzer, _polling, 452 | DEBUG | polled repository (start_time=1636338703.601912, until=6) values = {'l2': [<Msg captured_interface=s1-eth1, sniff_timestamp=1636338713.5644085, pkt=<ARP_RAW Packet>, in_port=s1-eth1, in_phy_port=s1-eth1>, <Msg captured_interface=s1-eth1, sniff_timestamp=1636338713.6569018, pkt=<ARP_RAW Packet>, in_port=s1-eth1, in_phy_port=s1-eth1>, <Msg captured_interface=s1-eth1, sniff_timestamp=1636338713.656915, pkt=<ICMP_RAW Packet>, in_port=s1-eth1, in_phy_port=s1-eth1>], 'l1': [<Msg captured_interface=s1-eth2, sniff_timestamp=1636338713.5715303, pkt=<ARP_RAW Packet>, in_port=s1-eth2, in_phy_port=s1-eth2>, <Msg captured_interface=s1-eth2, sniff_timestamp=1636338713.6416695, pkt=<ARP_RAW Packet>, in_port=s1-eth2, in_phy_port=s1-eth2>, <Msg captured_interface=s1-eth2, sniff_timestamp=1636338713.6596868, pkt=<ICMP_RAW Packet>, in_port=s1-eth2, in_phy_port=s1-eth2>], 'l3': [<Msg captured_interface=s2-eth2, sniff_timestamp=1636338713.614671, pkt=<ARP_RAW Packet>, in_port=s2-eth2, in_phy_port=s2-eth2>, <Msg captured_interface=s2-eth2, sniff_timestamp=1636338713.6147015, pkt=<ARP_RAW Packet>, in_port=s2-eth2, in_phy_port=s2-eth2>, <Msg captured_interface=s2-eth2, sniff_timestamp=1636338713.6635418, pkt=<ICMP_RAW Packet>, in_port=s2-eth2, in_phy_port=s2-eth2>], 'l4': []} {'s1': [<src.ofproto.msg.MsgForOFMsg object at 0x7f888b1128e0>, <src.ofproto.msg.MsgForOFMsg object at 0x7f888b112970>], 's2': [<src.ofproto.msg.MsgForOFMsg object at 0x7f888b1129a0>, <src.ofproto.msg.MsgForOFMsg object at 0x7f888b112a00>, <src.ofproto.msg.MsgForOFMsg object at 0x7f888b112a60>]}
2021-11-08 02:31:57,648 | 3802 | tracing_of_pipeline.analyzer, _analyze_packet_out, 211 | DEBUG | I will processing packetout(<src.ofproto.msg.MsgForOFMsg object at 0x7f888b112970>)
2021-11-08 02:31:57,649 | 3802 | tracing_of_pipeline.analyzer, _analyze_packet_out, 220 | DEBUG | packet out's in_port 1
