2021-07-21 02:19:23,942 | 15245 | tracing_net.net, __init__, 96 | INFO | set up on-demand mininet
2021-07-21 02:19:23,949 | 15245 | tracing_net.net, start, 307 | INFO | mininet start
2021-07-21 02:19:23,958 | 15245 | tracing_net.net, add_switch, 113 | DEBUG | added the switch (s1)
2021-07-21 02:19:24,115 | 15245 | tracing_net.net, add_host, 159 | DEBUG | added the host (h1)
2021-07-21 02:19:24,168 | 15245 | tracing_net.net, add_link, 198 | DEBUG | added the link (l2) between s1 and h1
2021-07-21 02:19:24,255 | 15245 | tracing_net.net, add_switch, 113 | DEBUG | added the switch (s2)
2021-07-21 02:19:24,329 | 15245 | tracing_net.net, add_link, 198 | DEBUG | added the link (l1) between s1 and s2
2021-07-21 02:19:24,478 | 15245 | tracing_net.net, add_host, 159 | DEBUG | added the host (h2)
2021-07-21 02:19:24,532 | 15245 | tracing_net.net, add_link, 198 | DEBUG | added the link (l3) between s2 and h2
2021-07-21 02:19:24,689 | 15245 | tracing_net.packet_capture_manager, start_capture, 85 | DEBUG | capture process (s1-eth1:None) started
2021-07-21 02:19:24,696 | 15369 | tracing_net.util.packet_capture, start_capture, 56 | INFO | capture start on s1-eth1
2021-07-21 02:19:24,705 | 15245 | tracing_net.packet_capture_manager, start_capture, 85 | DEBUG | capture process (s1-eth2:None) started
2021-07-21 02:19:24,731 | 15245 | tracing_net.packet_capture_manager, start_capture, 85 | DEBUG | capture process (s2-eth2:None) started
2021-07-21 02:19:24,739 | 15371 | tracing_net.util.packet_capture, start_capture, 56 | INFO | capture start on s1-eth2
2021-07-21 02:19:24,747 | 15245 | tracing_net.flowtable.flow_monitor, __init__, 46 | INFO | flow monitor start : s1
2021-07-21 02:19:24,810 | 15374 | tracing_net.util.packet_capture, start_capture, 56 | INFO | capture start on s2-eth2
2021-07-21 02:19:24,814 | 15245 | tracing_net.flowtable.flow_monitor, __init__, 46 | INFO | flow monitor start : s2
2021-07-21 02:19:24,947 | 15378 | tracing_net.flowtable.flow_monitor, flow_monitor, 89 | DEBUG | flow monitor get result {'msg_type': 'NXST_FLOW_MONITOR', 'type': 'reply', 'xid': '0x4'}
2021-07-21 02:19:24,982 | 15376 | tracing_net.flowtable.flow_monitor, flow_monitor, 89 | DEBUG | flow monitor get result {'msg_type': 'NXST_FLOW_MONITOR', 'type': 'reply', 'xid': '0x4'}
2021-07-21 02:19:25,834 | 15376 | tracing_net.flowtable.flow_monitor, dump_flows, 57 | DEBUG | dump flows on s1
2021-07-21 02:19:26,197 | 15378 | tracing_net.flowtable.flow_monitor, dump_flows, 57 | DEBUG | dump flows on s2
2021-07-21 02:19:26,277 | 15378 | tracing_net.flowtable.flow_monitor, read_dump_flow, 73 | DEBUG | get result for dump flow 1626833966.234992 : ['OFPST_FLOW reply (OF1.3) (xid=0x2):']
2021-07-21 02:19:26,337 | 15376 | tracing_net.flowtable.flow_monitor, read_dump_flow, 73 | DEBUG | get result for dump flow 1626833966.268436 : ['OFPST_FLOW reply (OF1.3) (xid=0x2):']
2021-07-21 02:19:26,846 | 15376 | tracing_net.flowtable.flow_monitor, dump_flows, 57 | DEBUG | dump flows on s1
2021-07-21 02:19:26,849 | 15245 | tracing_net.packet_repository, pop, 73 | ERROR | Failed to pop from packet repository (repo={})
2021-07-21 02:19:26,855 | 15245 | tracing_net.packet_repository, pop, 73 | ERROR | Failed to pop from packet repository (repo={})
2021-07-21 02:19:26,856 | 15245 | tracing_net.packet_repository, pop, 73 | ERROR | Failed to pop from packet repository (repo={})
2021-07-21 02:19:26,861 | 15245 | tracing_of_pipeline.analyzer, _poll_packet_inout_repo, 306 | DEBUG | tmp_p = None, s_dpip = 1
2021-07-21 02:19:26,864 | 15245 | tracing_of_pipeline.analyzer, _poll_packet_inout_repo, 306 | DEBUG | tmp_p = None, s_dpip = 2
2021-07-21 02:19:26,864 | 15245 | tracing_of_pipeline.analyzer, _polling, 279 | DEBUG | polled (start_time=1626833964.844577, until=0) values = {'l2': [], 'l1': [], 'l3': []} {} {'s1': [], 's2': []}
2021-07-21 02:19:26,865 | 15245 | tracing_of_pipeline.analyzer, analyze, 164 | WARNING | Fuck!!!!!!!! s1-eth1
2021-07-21 02:19:26,866 | 15245 | tracing_of_pipeline.analyzer, analyze, 164 | WARNING | Fuck!!!!!!!! s1-eth2
2021-07-21 02:19:26,880 | 15378 | tracing_net.flowtable.flow_monitor, dump_flows, 57 | DEBUG | dump flows on s2
2021-07-21 02:19:26,867 | 15245 | tracing_of_pipeline.analyzer, analyze, 164 | WARNING | Fuck!!!!!!!! s2-eth2
2021-07-21 02:19:26,947 | 15378 | tracing_net.flowtable.flow_monitor, read_dump_flow, 73 | DEBUG | get result for dump flow 1626833966.922131 : ['OFPST_FLOW reply (OF1.3) (xid=0x2):']
2021-07-21 02:19:26,961 | 15376 | tracing_net.flowtable.flow_monitor, read_dump_flow, 73 | DEBUG | get result for dump flow 1626833966.92927 : ['OFPST_FLOW reply (OF1.3) (xid=0x2):']
2021-07-21 02:19:27,798 | 15374 | tracing_net.util.packet_capture, _packet_handler, 72 | DEBUG | sniff 1626833967.274015103 : <class 'pyshark.packet.packet.Packet'>
2021-07-21 02:19:27,829 | 15376 | tracing_net.flowtable.flow_monitor, dump_flows, 57 | DEBUG | dump flows on s1
2021-07-21 02:19:27,856 | 15374 | tracing_net.util.packet_capture, _packet_handler, 72 | DEBUG | sniff 1626833967.363433720 : <class 'pyshark.packet.packet.Packet'>
2021-07-21 02:19:27,876 | 15378 | tracing_net.flowtable.flow_monitor, dump_flows, 57 | DEBUG | dump flows on s2
2021-07-21 02:19:27,876 | 15376 | tracing_net.flowtable.flow_monitor, read_dump_flow, 73 | DEBUG | get result for dump flow 1626833967.85 : ['OFPST_FLOW reply (OF1.3) (xid=0x2):']
2021-07-21 02:19:27,956 | 15378 | tracing_net.flowtable.flow_monitor, read_dump_flow, 73 | DEBUG | get result for dump flow 1626833967.925798 : ['OFPST_FLOW reply (OF1.3) (xid=0x2):']
2021-07-21 02:19:27,973 | 15374 | tracing_net.util.packet_capture, _packet_handler, 72 | DEBUG | sniff 1626833967.505123060 : <class 'pyshark.packet.packet.Packet'>
2021-07-21 02:19:28,778 | 15374 | tracing_net.util.packet_capture, _packet_handler, 72 | DEBUG | sniff 1626833967.733116701 : <class 'pyshark.packet.packet.Packet'>
2021-07-21 02:19:28,829 | 15376 | tracing_net.flowtable.flow_monitor, dump_flows, 57 | DEBUG | dump flows on s1
2021-07-21 02:19:28,858 | 15245 | tracing_net.packet_repository, pop, 73 | ERROR | Failed to pop from packet repository (repo={'s2-eth2': [<Msg captured_interface=s2-eth2, sniff_timestamp=1626833967.2740152, pkt=<UDP/MDNS_RAW Packet>, in_port=s2-eth2, in_phy_port=s2-eth2>, <Msg captured_interface=s2-eth2, sniff_timestamp=1626833967.3634338, pkt=<ICMPV6_RAW Packet>, in_port=s2-eth2, in_phy_port=s2-eth2>, <Msg captured_interface=s2-eth2, sniff_timestamp=1626833967.5051231, pkt=<UDP/MDNS_RAW Packet>, in_port=s2-eth2, in_phy_port=s2-eth2>, <Msg captured_interface=s2-eth2, sniff_timestamp=1626833967.7331166, pkt=<UDP/MDNS_RAW Packet>, in_port=s2-eth2, in_phy_port=s2-eth2>]})
2021-07-21 02:19:28,866 | 15245 | tracing_net.packet_repository, pop, 73 | ERROR | Failed to pop from packet repository (repo={'s2-eth2': [<Msg captured_interface=s2-eth2, sniff_timestamp=1626833967.2740152, pkt=<UDP/MDNS_RAW Packet>, in_port=s2-eth2, in_phy_port=s2-eth2>, <Msg captured_interface=s2-eth2, sniff_timestamp=1626833967.3634338, pkt=<ICMPV6_RAW Packet>, in_port=s2-eth2, in_phy_port=s2-eth2>, <Msg captured_interface=s2-eth2, sniff_timestamp=1626833967.5051231, pkt=<UDP/MDNS_RAW Packet>, in_port=s2-eth2, in_phy_port=s2-eth2>, <Msg captured_interface=s2-eth2, sniff_timestamp=1626833967.7331166, pkt=<UDP/MDNS_RAW Packet>, in_port=s2-eth2, in_phy_port=s2-eth2>]})
2021-07-21 02:19:28,880 | 15378 | tracing_net.flowtable.flow_monitor, dump_flows, 57 | DEBUG | dump flows on s2
2021-07-21 02:19:28,883 | 15245 | tracing_of_pipeline.analyzer, _poll_packet_inout_repo, 306 | DEBUG | tmp_p = None, s_dpip = 1
2021-07-21 02:19:28,885 | 15245 | tracing_of_pipeline.analyzer, _poll_packet_inout_repo, 306 | DEBUG | tmp_p = None, s_dpip = 2
2021-07-21 02:19:28,894 | 15245 | tracing_of_pipeline.analyzer, _polling, 279 | DEBUG | polled (start_time=1626833964.844577, until=1) values = {'l2': [], 'l1': [], 'l3': []} {} {'s1': [], 's2': []}
2021-07-21 02:19:28,895 | 15245 | tracing_of_pipeline.analyzer, analyze, 164 | WARNING | Fuck!!!!!!!! s1-eth1
2021-07-21 02:19:28,914 | 15376 | tracing_net.flowtable.flow_monitor, read_dump_flow, 73 | DEBUG | get result for dump flow 1626833968.855398 : ['OFPST_FLOW reply (OF1.3) (xid=0x2):']
2021-07-21 02:19:28,896 | 15245 | tracing_of_pipeline.analyzer, analyze, 164 | WARNING | Fuck!!!!!!!! s1-eth2
2021-07-21 02:19:28,916 | 15245 | tracing_of_pipeline.analyzer, analyze, 164 | WARNING | Fuck!!!!!!!! s2-eth2
2021-07-21 02:19:28,926 | 15378 | tracing_net.flowtable.flow_monitor, read_dump_flow, 73 | DEBUG | get result for dump flow 1626833968.921191 : ['OFPST_FLOW reply (OF1.3) (xid=0x2):']
2021-07-21 02:19:29,154 | 15371 | tracing_net.util.packet_capture, _packet_handler, 72 | DEBUG | sniff 1626833968.732772150 : <class 'pyshark.packet.packet.Packet'>
2021-07-21 02:19:29,677 | 15369 | tracing_net.util.packet_capture, _packet_handler, 72 | DEBUG | sniff 1626833968.732725318 : <class 'pyshark.packet.packet.Packet'>
2021-07-21 02:19:29,803 | 15374 | tracing_net.util.packet_capture, _packet_handler, 72 | DEBUG | sniff 1626833968.597318717 : <class 'pyshark.packet.packet.Packet'>
2021-07-21 02:19:29,829 | 15376 | tracing_net.flowtable.flow_monitor, dump_flows, 57 | DEBUG | dump flows on s1
2021-07-21 02:19:29,837 | 15376 | tracing_net.flowtable.flow_monitor, read_dump_flow, 73 | DEBUG | get result for dump flow 1626833969.834313 : ['OFPST_FLOW reply (OF1.3) (xid=0x2):']
2021-07-21 02:19:29,876 | 15378 | tracing_net.flowtable.flow_monitor, dump_flows, 57 | DEBUG | dump flows on s2
2021-07-21 02:19:29,900 | 15378 | tracing_net.flowtable.flow_monitor, read_dump_flow, 73 | DEBUG | get result for dump flow 1626833969.893955 : ['OFPST_FLOW reply (OF1.3) (xid=0x2):']
2021-07-21 02:19:29,928 | 15369 | tracing_net.util.packet_capture, _packet_handler, 72 | DEBUG | sniff 1626833969.411202721 : <class 'pyshark.packet.packet.Packet'>
2021-07-21 02:19:29,937 | 15371 | tracing_net.util.packet_capture, _packet_handler, 72 | DEBUG | sniff 1626833968.950083596 : <class 'pyshark.packet.packet.Packet'>
2021-07-21 02:19:30,032 | 15371 | tracing_net.util.packet_capture, _packet_handler, 72 | DEBUG | sniff 1626833969.667746587 : <class 'pyshark.packet.packet.Packet'>
2021-07-21 02:19:30,050 | 15371 | tracing_net.util.packet_capture, _packet_handler, 72 | DEBUG | sniff 1626833969.667477436 : <class 'pyshark.packet.packet.Packet'>
2021-07-21 02:19:30,240 | 15371 | tracing_net.util.packet_capture, _packet_handler, 72 | DEBUG | sniff 1626833969.769714049 : <class 'pyshark.packet.packet.Packet'>
2021-07-21 02:19:30,244 | 15369 | tracing_net.util.packet_capture, _packet_handler, 72 | DEBUG | sniff 1626833969.769602426 : <class 'pyshark.packet.packet.Packet'>
2021-07-21 02:19:30,316 | 15374 | tracing_net.util.packet_capture, _packet_handler, 72 | DEBUG | sniff 1626833969.734402477 : <class 'pyshark.packet.packet.Packet'>
2021-07-21 02:19:30,599 | 15374 | tracing_net.util.packet_capture, _packet_handler, 72 | DEBUG | sniff 1626833970.226911027 : <class 'pyshark.packet.packet.Packet'>
2021-07-21 02:19:30,830 | 15376 | tracing_net.flowtable.flow_monitor, dump_flows, 57 | DEBUG | dump flows on s1
2021-07-21 02:19:30,846 | 15245 | tracing_of_pipeline.analyzer, _poll_packet_inout_repo, 306 | DEBUG | tmp_p = None, s_dpip = 1
2021-07-21 02:19:30,865 | 15245 | tracing_of_pipeline.analyzer, _poll_packet_inout_repo, 306 | DEBUG | tmp_p = None, s_dpip = 2
2021-07-21 02:19:30,866 | 15245 | tracing_of_pipeline.analyzer, _polling, 279 | DEBUG | polled (start_time=1626833964.844577, until=2) values = {'l2': [<Msg captured_interface=s1-eth1, sniff_timestamp=1626833968.7327254, pkt=<UDP/MDNS_RAW Packet>, in_port=s1-eth1, in_phy_port=s1-eth1>], 'l1': [<Msg captured_interface=s1-eth2, sniff_timestamp=1626833968.732772, pkt=<UDP/MDNS_RAW Packet>, in_port=s1-eth2, in_phy_port=s1-eth2>], 'l3': [<Msg captured_interface=s2-eth2, sniff_timestamp=1626833967.2740152, pkt=<UDP/MDNS_RAW Packet>, in_port=s2-eth2, in_phy_port=s2-eth2>, <Msg captured_interface=s2-eth2, sniff_timestamp=1626833967.3634338, pkt=<ICMPV6_RAW Packet>, in_port=s2-eth2, in_phy_port=s2-eth2>, <Msg captured_interface=s2-eth2, sniff_timestamp=1626833967.5051231, pkt=<UDP/MDNS_RAW Packet>, in_port=s2-eth2, in_phy_port=s2-eth2>, <Msg captured_interface=s2-eth2, sniff_timestamp=1626833967.7331166, pkt=<UDP/MDNS_RAW Packet>, in_port=s2-eth2, in_phy_port=s2-eth2>, <Msg captured_interface=s2-eth2, sniff_timestamp=1626833968.5973186, pkt=<UDP/MDNS_RAW Packet>, in_port=s2-eth2, in_phy_port=s2-eth2>]} {} {'s1': [], 's2': []}
2021-07-21 02:19:30,864 | 15374 | tracing_net.util.packet_capture, _packet_handler, 72 | DEBUG | sniff 1626833970.435815025 : <class 'pyshark.packet.packet.Packet'>
2021-07-21 02:19:30,868 | 15245 | tracing_of_pipeline.analyzer, analyze, 149 | DEBUG | terminal edge host=h1, switch=s1, switch_port=s1-eth1
2021-07-21 02:19:30,876 | 15378 | tracing_net.flowtable.flow_monitor, dump_flows, 57 | DEBUG | dump flows on s2
2021-07-21 02:19:30,877 | 15245 | tracing_of_pipeline.analyzer, BFS, 181 | DEBUG | processing msg <Msg captured_interface=s1-eth1, sniff_timestamp=1626833968.7327254, pkt=<UDP/MDNS_RAW Packet>, in_port=1, in_phy_port=s1-eth1>
2021-07-21 02:19:30,891 | 15245 | tracing_of_pipeline.analyzer, BFS, 244 | DEBUG | dst None is not flowtable
2021-07-21 02:19:30,893 | 15245 | tracing_of_pipeline.analyzer, analyze, 158 | DEBUG | get trace [{'src': 'h1', 'msg': '<UDP/MDNS_RAW Packet>', 'edge': 'l2', 'dst': None}]
2021-07-21 02:19:30,895 | 15245 | tracing_of_pipeline.analyzer, analyze, 160 | WARNING | Packet <Msg captured_interface=s1-eth2, sniff_timestamp=1626833968.732772, pkt=<UDP/MDNS_RAW Packet>, in_port=s1-eth2, in_phy_port=s1-eth2> is not terminal edge
2021-07-21 02:19:30,895 | 15245 | tracing_of_pipeline.analyzer, analyze, 149 | DEBUG | terminal edge host=h2, switch=s2, switch_port=s2-eth2
2021-07-21 02:19:30,896 | 15245 | tracing_of_pipeline.analyzer, BFS, 181 | DEBUG | processing msg <Msg captured_interface=s2-eth2, sniff_timestamp=1626833967.2740152, pkt=<UDP/MDNS_RAW Packet>, in_port=2, in_phy_port=s2-eth2>
2021-07-21 02:19:30,899 | 15245 | tracing_of_pipeline.analyzer, BFS, 244 | DEBUG | dst None is not flowtable
2021-07-21 02:19:30,900 | 15245 | tracing_of_pipeline.analyzer, analyze, 158 | DEBUG | get trace [{'src': 'h2', 'msg': '<UDP/MDNS_RAW Packet>', 'edge': 'l3', 'dst': None}]
2021-07-21 02:19:30,902 | 15245 | tracing_of_pipeline.analyzer, analyze, 149 | DEBUG | terminal edge host=h2, switch=s2, switch_port=s2-eth2
2021-07-21 02:19:30,904 | 15376 | tracing_net.flowtable.flow_monitor, read_dump_flow, 73 | DEBUG | get result for dump flow 1626833970.892512 : ['OFPST_FLOW reply (OF1.3) (xid=0x2):']
2021-07-21 02:19:30,904 | 15378 | tracing_net.flowtable.flow_monitor, read_dump_flow, 73 | DEBUG | get result for dump flow 1626833970.888644 : ['OFPST_FLOW reply (OF1.3) (xid=0x2):']
2021-07-21 02:19:30,905 | 15245 | tracing_of_pipeline.analyzer, BFS, 181 | DEBUG | processing msg <Msg captured_interface=s2-eth2, sniff_timestamp=1626833967.3634338, pkt=<ICMPV6_RAW Packet>, in_port=2, in_phy_port=s2-eth2>
2021-07-21 02:19:30,907 | 15245 | tracing_of_pipeline.analyzer, BFS, 244 | DEBUG | dst None is not flowtable
2021-07-21 02:19:30,907 | 15245 | tracing_of_pipeline.analyzer, analyze, 158 | DEBUG | get trace [{'src': 'h2', 'msg': '<ICMPV6_RAW Packet>', 'edge': 'l3', 'dst': None}]
2021-07-21 02:19:30,908 | 15245 | tracing_of_pipeline.analyzer, analyze, 149 | DEBUG | terminal edge host=h2, switch=s2, switch_port=s2-eth2
2021-07-21 02:19:30,909 | 15245 | tracing_of_pipeline.analyzer, BFS, 181 | DEBUG | processing msg <Msg captured_interface=s2-eth2, sniff_timestamp=1626833967.5051231, pkt=<UDP/MDNS_RAW Packet>, in_port=2, in_phy_port=s2-eth2>
2021-07-21 02:19:30,911 | 15245 | tracing_of_pipeline.analyzer, BFS, 244 | DEBUG | dst None is not flowtable
2021-07-21 02:19:30,911 | 15245 | tracing_of_pipeline.analyzer, analyze, 158 | DEBUG | get trace [{'src': 'h2', 'msg': '<UDP/MDNS_RAW Packet>', 'edge': 'l3', 'dst': None}]
2021-07-21 02:19:30,912 | 15245 | tracing_of_pipeline.analyzer, analyze, 149 | DEBUG | terminal edge host=h2, switch=s2, switch_port=s2-eth2
2021-07-21 02:19:30,912 | 15245 | tracing_of_pipeline.analyzer, BFS, 181 | DEBUG | processing msg <Msg captured_interface=s2-eth2, sniff_timestamp=1626833967.7331166, pkt=<UDP/MDNS_RAW Packet>, in_port=2, in_phy_port=s2-eth2>
2021-07-21 02:19:30,916 | 15245 | tracing_of_pipeline.analyzer, BFS, 244 | DEBUG | dst None is not flowtable
2021-07-21 02:19:30,917 | 15245 | tracing_of_pipeline.analyzer, analyze, 158 | DEBUG | get trace [{'src': 'h2', 'msg': '<UDP/MDNS_RAW Packet>', 'edge': 'l3', 'dst': None}]
2021-07-21 02:19:30,917 | 15245 | tracing_of_pipeline.analyzer, analyze, 149 | DEBUG | terminal edge host=h2, switch=s2, switch_port=s2-eth2
2021-07-21 02:19:30,918 | 15245 | tracing_of_pipeline.analyzer, BFS, 181 | DEBUG | processing msg <Msg captured_interface=s2-eth2, sniff_timestamp=1626833968.5973186, pkt=<UDP/MDNS_RAW Packet>, in_port=2, in_phy_port=s2-eth2>
2021-07-21 02:19:30,920 | 15245 | tracing_of_pipeline.analyzer, BFS, 244 | DEBUG | dst None is not flowtable
2021-07-21 02:19:30,921 | 15245 | tracing_of_pipeline.analyzer, analyze, 158 | DEBUG | get trace [{'src': 'h2', 'msg': '<UDP/MDNS_RAW Packet>', 'edge': 'l3', 'dst': None}]
2021-07-21 02:19:31,019 | 15369 | tracing_net.util.packet_capture, _packet_handler, 72 | DEBUG | sniff 1626833969.923261138 : <class 'pyshark.packet.packet.Packet'>
2021-07-21 02:19:31,829 | 15376 | tracing_net.flowtable.flow_monitor, dump_flows, 57 | DEBUG | dump flows on s1
2021-07-21 02:19:31,836 | 15378 | tracing_net.flowtable.flow_monitor, flow_monitor, 89 | DEBUG | flow monitor get result {'msg_type': 'NXST_FLOW_MONITOR', 'type': 'reply', 'xid': '0x0'}
2021-07-21 02:19:31,837 | 15378 | tracing_net.flowtable.flow_monitor, flow_monitor, 89 | DEBUG | flow monitor get result {'event': 'ADDED', 'table': '0', 'cookie': '0', 'actions': 'CONTROLLER:65535'}
2021-07-21 02:19:31,851 | 15376 | tracing_net.flowtable.flow_monitor, read_dump_flow, 73 | DEBUG | get result for dump flow 1626833971.845799 : ['OFPST_FLOW reply (OF1.3) (xid=0x2):', ' cookie=0x0, duration=0.015s, table=0, n_packets=0, n_bytes=0, priority=0 actions=CONTROLLER:65535']
2021-07-21 02:19:31,864 | 15376 | tracing_net.flowtable.flow_monitor, read_dump_flow, 78 | DEBUG | parsed result to table 1626833971.845799 : <FlowTables(datapath=0, timestamp=1626833971.845799, flows=[<Flow(table=0, priority=0, match={}, actions=[<InstructionApplyAction type=4>])>])>
2021-07-21 02:19:31,864 | 15245 | tracing_net.flowtable.table_repository, add, 88 | DEBUG | Table repo added table <FlowTables(datapath=0, timestamp=1626833971.845799, flows=[<Flow(table=0, priority=0, match={}, actions=[<InstructionApplyAction type=4>])>])>
2021-07-21 02:19:31,865 | 15376 | tracing_net.flowtable.flow_monitor, flow_monitor, 89 | DEBUG | flow monitor get result {'msg_type': 'NXST_FLOW_MONITOR', 'type': 'reply', 'xid': '0x0'}
2021-07-21 02:19:31,865 | 15376 | tracing_net.flowtable.flow_monitor, flow_monitor, 89 | DEBUG | flow monitor get result {'event': 'ADDED', 'table': '0', 'cookie': '0', 'actions': 'CONTROLLER:65535'}
2021-07-21 02:19:31,876 | 15378 | tracing_net.flowtable.flow_monitor, dump_flows, 57 | DEBUG | dump flows on s2
2021-07-21 02:19:31,889 | 15378 | tracing_net.flowtable.flow_monitor, read_dump_flow, 73 | DEBUG | get result for dump flow 1626833971.884355 : ['OFPST_FLOW reply (OF1.3) (xid=0x2):', ' cookie=0x0, duration=0.052s, table=0, n_packets=0, n_bytes=0, priority=0 actions=CONTROLLER:65535']
2021-07-21 02:19:31,899 | 15378 | tracing_net.flowtable.flow_monitor, read_dump_flow, 78 | DEBUG | parsed result to table 1626833971.884355 : <FlowTables(datapath=0, timestamp=1626833971.884355, flows=[<Flow(table=0, priority=0, match={}, actions=[<InstructionApplyAction type=4>])>])>
2021-07-21 02:19:31,899 | 15245 | tracing_net.flowtable.table_repository, add, 88 | DEBUG | Table repo added table <FlowTables(datapath=0, timestamp=1626833971.884355, flows=[<Flow(table=0, priority=0, match={}, actions=[<InstructionApplyAction type=4>])>])>
2021-07-21 02:19:32,010 | 15245 | tracing_of_pipeline, _handle_child_conn, 113 | DEBUG | get from ofcapture <Message msg_name=OFPT_PACKET_IN of_msg=PacketIn(xid=UBInt32(0)) timestamp=1626833971.986136 local_port=52358 datapath_id=1>
2021-07-21 02:19:32,019 | 15245 | tracing_of_pipeline, _handle_child_conn, 113 | DEBUG | get from ofcapture <Message msg_name=OFPT_PACKET_OUT of_msg=PacketOut(xid=UBInt32(1994772837)) timestamp=1626833972.016192 local_port=52358 datapath_id=1>
2021-07-21 02:19:32,025 | 15245 | tracing_of_pipeline, _handle_child_conn, 113 | DEBUG | get from ofcapture <Message msg_name=OFPT_PACKET_IN of_msg=PacketIn(xid=UBInt32(0)) timestamp=1626833972.020862 local_port=52360 datapath_id=2>
2021-07-21 02:19:32,037 | 15245 | tracing_of_pipeline, _handle_child_conn, 113 | DEBUG | get from ofcapture <Message msg_name=OFPT_PACKET_OUT of_msg=PacketOut(xid=UBInt32(1617048960)) timestamp=1626833972.027267 local_port=52360 datapath_id=2>
2021-07-21 02:19:32,047 | 15245 | tracing_of_pipeline, _handle_child_conn, 113 | DEBUG | get from ofcapture <Message msg_name=OFPT_PACKET_IN of_msg=PacketIn(xid=UBInt32(0)) timestamp=1626833972.043318 local_port=52360 datapath_id=2>
2021-07-21 02:19:32,051 | 15378 | tracing_net.flowtable.flow_monitor, flow_monitor, 89 | DEBUG | flow monitor get result {'msg_type': 'NXST_FLOW_MONITOR', 'type': 'reply', 'xid': '0x0'}
2021-07-21 02:19:32,052 | 15378 | tracing_net.flowtable.flow_monitor, flow_monitor, 89 | DEBUG | flow monitor get result {'event': 'ADDED', 'table': '0', 'cookie': '0', 'in_port': '2,dl_src', 'actions': 'output:1'}
2021-07-21 02:19:32,064 | 15376 | tracing_net.flowtable.flow_monitor, flow_monitor, 89 | DEBUG | flow monitor get result {'msg_type': 'NXST_FLOW_MONITOR', 'type': 'reply', 'xid': '0x0'}
2021-07-21 02:19:32,069 | 15376 | tracing_net.flowtable.flow_monitor, flow_monitor, 89 | DEBUG | flow monitor get result {'event': 'ADDED', 'table': '0', 'cookie': '0', 'in_port': '2,dl_src', 'actions': 'output:1'}
2021-07-21 02:19:32,080 | 15369 | tracing_net.util.packet_capture, _packet_handler, 72 | DEBUG | sniff 1626833970.950750301 : <class 'pyshark.packet.packet.Packet'>
2021-07-21 02:19:32,082 | 15376 | tracing_net.flowtable.flow_monitor, flow_monitor, 89 | DEBUG | flow monitor get result {'msg_type': 'NXST_FLOW_MONITOR', 'type': 'reply', 'xid': '0x0'}
2021-07-21 02:19:32,082 | 15376 | tracing_net.flowtable.flow_monitor, flow_monitor, 89 | DEBUG | flow monitor get result {'event': 'ADDED', 'table': '0', 'cookie': '0', 'in_port': '1,dl_src', 'actions': 'output:2'}
2021-07-21 02:19:32,084 | 15371 | tracing_net.util.packet_capture, _packet_handler, 72 | DEBUG | sniff 1626833970.018754073 : <class 'pyshark.packet.packet.Packet'>
2021-07-21 02:19:32,095 | 15378 | tracing_net.flowtable.flow_monitor, flow_monitor, 89 | DEBUG | flow monitor get result {'msg_type': 'NXST_FLOW_MONITOR', 'type': 'reply', 'xid': '0x0'}
2021-07-21 02:19:32,096 | 15378 | tracing_net.flowtable.flow_monitor, flow_monitor, 89 | DEBUG | flow monitor get result {'event': 'ADDED', 'table': '0', 'cookie': '0', 'in_port': '1,dl_src', 'actions': 'output:2'}
2021-07-21 02:19:32,139 | 15371 | tracing_net.util.packet_capture, _packet_handler, 72 | DEBUG | sniff 1626833972.015827877 : <class 'pyshark.packet.packet.Packet'>
2021-07-21 02:19:32,140 | 15369 | tracing_net.util.packet_capture, _packet_handler, 72 | DEBUG | sniff 1626833971.984193553 : <class 'pyshark.packet.packet.Packet'>
2021-07-21 02:19:32,145 | 15369 | tracing_net.util.packet_capture, _packet_handler, 72 | DEBUG | sniff 1626833972.063257983 : <class 'pyshark.packet.packet.Packet'>
2021-07-21 02:19:32,198 | 15374 | tracing_net.util.packet_capture, _packet_handler, 72 | DEBUG | sniff 1626833970.669573511 : <class 'pyshark.packet.packet.Packet'>
2021-07-21 02:19:32,202 | 15374 | tracing_net.util.packet_capture, _packet_handler, 72 | DEBUG | sniff 1626833972.026567032 : <class 'pyshark.packet.packet.Packet'>
2021-07-21 02:19:32,217 | 15374 | tracing_net.util.packet_capture, _packet_handler, 72 | DEBUG | sniff 1626833972.026616353 : <class 'pyshark.packet.packet.Packet'>
2021-07-21 02:19:32,221 | 15374 | tracing_net.util.packet_capture, _packet_handler, 72 | DEBUG | sniff 1626833972.093173001 : <class 'pyshark.packet.packet.Packet'>
2021-07-21 02:19:32,225 | 15374 | tracing_net.util.packet_capture, _packet_handler, 72 | DEBUG | sniff 1626833972.093213256 : <class 'pyshark.packet.packet.Packet'>
2021-07-21 02:19:32,229 | 15374 | tracing_net.util.packet_capture, _packet_handler, 72 | DEBUG | sniff 1626833972.119564749 : <class 'pyshark.packet.packet.Packet'>
2021-07-21 02:19:32,326 | 15371 | tracing_net.util.packet_capture, _packet_handler, 72 | DEBUG | sniff 1626833972.049446884 : <class 'pyshark.packet.packet.Packet'>
2021-07-21 02:19:32,326 | 15369 | tracing_net.util.packet_capture, _packet_handler, 72 | DEBUG | sniff 1626833972.063273470 : <class 'pyshark.packet.packet.Packet'>
2021-07-21 02:19:32,330 | 15371 | tracing_net.util.packet_capture, _packet_handler, 72 | DEBUG | sniff 1626833972.082574407 : <class 'pyshark.packet.packet.Packet'>
2021-07-21 02:19:32,330 | 15369 | tracing_net.util.packet_capture, _packet_handler, 72 | DEBUG | sniff 1626833972.093450954 : <class 'pyshark.packet.packet.Packet'>
2021-07-21 02:19:32,334 | 15371 | tracing_net.util.packet_capture, _packet_handler, 72 | DEBUG | sniff 1626833972.093349443 : <class 'pyshark.packet.packet.Packet'>
2021-07-21 02:19:32,335 | 15369 | tracing_net.util.packet_capture, _packet_handler, 72 | DEBUG | sniff 1626833972.119586634 : <class 'pyshark.packet.packet.Packet'>
2021-07-21 02:19:32,338 | 15371 | tracing_net.util.packet_capture, _packet_handler, 72 | DEBUG | sniff 1626833972.119580761 : <class 'pyshark.packet.packet.Packet'>
2021-07-21 02:19:32,831 | 15376 | tracing_net.flowtable.flow_monitor, dump_flows, 57 | DEBUG | dump flows on s1
2021-07-21 02:19:32,839 | 15371 | tracing_net.util.packet_capture, _packet_handler, 72 | DEBUG | sniff 1626833972.120010969 : <class 'pyshark.packet.packet.Packet'>
2021-07-21 02:19:32,845 | 15245 | tracing_of_pipeline.analyzer, _poll_packet_inout_repo, 306 | DEBUG | tmp_p = [], s_dpip = 1
2021-07-21 02:19:32,847 | 15245 | tracing_of_pipeline.analyzer, _poll_packet_inout_repo, 306 | DEBUG | tmp_p = [], s_dpip = 2
2021-07-21 02:19:32,847 | 15369 | tracing_net.util.packet_capture, _packet_handler, 72 | DEBUG | sniff 1626833972.119604364 : <class 'pyshark.packet.packet.Packet'>
2021-07-21 02:19:32,848 | 15245 | tracing_of_pipeline.analyzer, _polling, 279 | DEBUG | polled (start_time=1626833964.844577, until=3) values = {'l2': [<Msg captured_interface=s1-eth1, sniff_timestamp=1626833968.7327254, pkt=<UDP/MDNS_RAW Packet>, in_port=1, in_phy_port=s1-eth1>, <Msg captured_interface=s1-eth1, sniff_timestamp=1626833969.4112027, pkt=<ICMPV6_RAW Packet>, in_port=s1-eth1, in_phy_port=s1-eth1>, <Msg captured_interface=s1-eth1, sniff_timestamp=1626833969.7696025, pkt=<UDP/MDNS_RAW Packet>, in_port=s1-eth1, in_phy_port=s1-eth1>, <Msg captured_interface=s1-eth1, sniff_timestamp=1626833969.9232612, pkt=<ICMPV6_RAW Packet>, in_port=s1-eth1, in_phy_port=s1-eth1>], 'l1': [<Msg captured_interface=s1-eth2, sniff_timestamp=1626833968.732772, pkt=<UDP/MDNS_RAW Packet>, in_port=s1-eth2, in_phy_port=s1-eth2>, <Msg captured_interface=s1-eth2, sniff_timestamp=1626833968.9500835, pkt=<UDP/MDNS_RAW Packet>, in_port=s1-eth2, in_phy_port=s1-eth2>, <Msg captured_interface=s1-eth2, sniff_timestamp=1626833969.6677465, pkt=<ICMPV6_RAW Packet>, in_port=s1-eth2, in_phy_port=s1-eth2>, <Msg captured_interface=s1-eth2, sniff_timestamp=1626833969.6674774, pkt=<ICMPV6_RAW Packet>, in_port=s1-eth2, in_phy_port=s1-eth2>, <Msg captured_interface=s1-eth2, sniff_timestamp=1626833969.769714, pkt=<UDP/MDNS_RAW Packet>, in_port=s1-eth2, in_phy_port=s1-eth2>, <Msg captured_interface=s1-eth2, sniff_timestamp=1626833970.018754, pkt=<UDP/MDNS_RAW Packet>, in_port=s1-eth2, in_phy_port=s1-eth2>], 'l3': [<Msg captured_interface=s2-eth2, sniff_timestamp=1626833967.2740152, pkt=<UDP/MDNS_RAW Packet>, in_port=2, in_phy_port=s2-eth2>, <Msg captured_interface=s2-eth2, sniff_timestamp=1626833967.3634338, pkt=<ICMPV6_RAW Packet>, in_port=2, in_phy_port=s2-eth2>, <Msg captured_interface=s2-eth2, sniff_timestamp=1626833967.5051231, pkt=<UDP/MDNS_RAW Packet>, in_port=2, in_phy_port=s2-eth2>, <Msg captured_interface=s2-eth2, sniff_timestamp=1626833967.7331166, pkt=<UDP/MDNS_RAW Packet>, in_port=2, in_phy_port=s2-eth2>, <Msg captured_interface=s2-eth2, sniff_timestamp=1626833968.5973186, pkt=<UDP/MDNS_RAW Packet>, in_port=2, in_phy_port=s2-eth2>, <Msg captured_interface=s2-eth2, sniff_timestamp=1626833969.7344024, pkt=<UDP/MDNS_RAW Packet>, in_port=s2-eth2, in_phy_port=s2-eth2>, <Msg captured_interface=s2-eth2, sniff_timestamp=1626833970.226911, pkt=<ICMPV6_RAW Packet>, in_port=s2-eth2, in_phy_port=s2-eth2>, <Msg captured_interface=s2-eth2, sniff_timestamp=1626833970.435815, pkt=<ICMPV6_RAW Packet>, in_port=s2-eth2, in_phy_port=s2-eth2>, <Msg captured_interface=s2-eth2, sniff_timestamp=1626833970.6695735, pkt=<UDP/MDNS_RAW Packet>, in_port=s2-eth2, in_phy_port=s2-eth2>]} {} {'s1': [], 's2': []}
2021-07-21 02:19:32,849 | 15245 | tracing_of_pipeline.analyzer, analyze, 149 | DEBUG | terminal edge host=h1, switch=s1, switch_port=s1-eth1
2021-07-21 02:19:32,850 | 15245 | tracing_of_pipeline.analyzer, BFS, 181 | DEBUG | processing msg <Msg captured_interface=s1-eth1, sniff_timestamp=1626833968.7327254, pkt=<UDP/MDNS_RAW Packet>, in_port=1, in_phy_port=s1-eth1>
2021-07-21 02:19:32,852 | 15245 | tracing_of_pipeline.analyzer, BFS, 244 | DEBUG | dst None is not flowtable
2021-07-21 02:19:32,852 | 15245 | tracing_of_pipeline.analyzer, analyze, 158 | DEBUG | get trace [{'src': 'h1', 'msg': '<UDP/MDNS_RAW Packet>', 'edge': 'l2', 'dst': None}]
2021-07-21 02:19:32,853 | 15245 | tracing_of_pipeline.analyzer, analyze, 149 | DEBUG | terminal edge host=h1, switch=s1, switch_port=s1-eth1
2021-07-21 02:19:32,853 | 15245 | tracing_of_pipeline.analyzer, BFS, 181 | DEBUG | processing msg <Msg captured_interface=s1-eth1, sniff_timestamp=1626833969.4112027, pkt=<ICMPV6_RAW Packet>, in_port=1, in_phy_port=s1-eth1>
2021-07-21 02:19:32,854 | 15376 | tracing_net.flowtable.flow_monitor, read_dump_flow, 73 | DEBUG | get result for dump flow 1626833972.839371 : ['OFPST_FLOW reply (OF1.3) (xid=0x2):', ' cookie=0x0, duration=0.791s, table=0, n_packets=2, n_bytes=196, priority=1,in_port=2,dl_src=1e:ed:f0:2a:ac:a3,dl_dst=46:e4:cf:cf:46:e4 actions=output:1', ' cookie=0x0, duration=0.772s, table=0, n_packets=1, n_bytes=98, priority=1,in_port=1,dl_src=46:e4:cf:cf:46:e4,dl_dst=1e:ed:f0:2a:ac:a3 actions=output:2', ' cookie=0x0, duration=1.018s, table=0, n_packets=3, n_bytes=182, priority=0 actions=CONTROLLER:65535']
2021-07-21 02:19:32,856 | 15245 | tracing_of_pipeline.analyzer, BFS, 244 | DEBUG | dst None is not flowtable
2021-07-21 02:19:32,856 | 15376 | tracing_net.flowtable.flow_monitor, read_dump_flow, 78 | DEBUG | parsed result to table 1626833972.839371 : <FlowTables(datapath=0, timestamp=1626833972.839371, flows=[<Flow(table=0, priority=1, match={'in_port': {'value': 2, 'mask': None}, 'dl_src': {'value': '1e:ed:f0:2a:ac:a3', 'mask': None}, 'dl_dst': {'value': '46:e4:cf:cf:46:e4', 'mask': None}}, actions=[<InstructionApplyAction type=4>])>, <Flow(table=0, priority=1, match={'in_port': {'value': 1, 'mask': None}, 'dl_src': {'value': '46:e4:cf:cf:46:e4', 'mask': None}, 'dl_dst': {'value': '1e:ed:f0:2a:ac:a3', 'mask': None}}, actions=[<InstructionApplyAction type=4>])>, <Flow(table=0, priority=0, match={}, actions=[<InstructionApplyAction type=4>])>])>
2021-07-21 02:19:32,857 | 15245 | tracing_net.flowtable.table_repository, add, 88 | DEBUG | Table repo added table <FlowTables(datapath=0, timestamp=1626833972.839371, flows=[<Flow(table=0, priority=1, match={'in_port': {'value': 2, 'mask': None}, 'dl_src': {'value': '1e:ed:f0:2a:ac:a3', 'mask': None}, 'dl_dst': {'value': '46:e4:cf:cf:46:e4', 'mask': None}}, actions=[<InstructionApplyAction type=4>])>, <Flow(table=0, priority=1, match={'in_port': {'value': 1, 'mask': None}, 'dl_src': {'value': '46:e4:cf:cf:46:e4', 'mask': None}, 'dl_dst': {'value': '1e:ed:f0:2a:ac:a3', 'mask': None}}, actions=[<InstructionApplyAction type=4>])>, <Flow(table=0, priority=0, match={}, actions=[<InstructionApplyAction type=4>])>])>
2021-07-21 02:19:32,857 | 15245 | tracing_of_pipeline.analyzer, analyze, 158 | DEBUG | get trace [{'src': 'h1', 'msg': '<ICMPV6_RAW Packet>', 'edge': 'l2', 'dst': None}]
2021-07-21 02:19:32,858 | 15245 | tracing_of_pipeline.analyzer, analyze, 149 | DEBUG | terminal edge host=h1, switch=s1, switch_port=s1-eth1
2021-07-21 02:19:32,858 | 15245 | tracing_of_pipeline.analyzer, BFS, 181 | DEBUG | processing msg <Msg captured_interface=s1-eth1, sniff_timestamp=1626833969.7696025, pkt=<UDP/MDNS_RAW Packet>, in_port=1, in_phy_port=s1-eth1>
2021-07-21 02:19:32,861 | 15245 | tracing_of_pipeline.analyzer, BFS, 244 | DEBUG | dst None is not flowtable
2021-07-21 02:19:32,862 | 15245 | tracing_of_pipeline.analyzer, analyze, 158 | DEBUG | get trace [{'src': 'h1', 'msg': '<UDP/MDNS_RAW Packet>', 'edge': 'l2', 'dst': None}]
2021-07-21 02:19:32,862 | 15245 | tracing_of_pipeline.analyzer, analyze, 149 | DEBUG | terminal edge host=h1, switch=s1, switch_port=s1-eth1
2021-07-21 02:19:32,863 | 15245 | tracing_of_pipeline.analyzer, BFS, 181 | DEBUG | processing msg <Msg captured_interface=s1-eth1, sniff_timestamp=1626833969.9232612, pkt=<ICMPV6_RAW Packet>, in_port=1, in_phy_port=s1-eth1>
2021-07-21 02:19:32,864 | 15245 | tracing_of_pipeline.analyzer, BFS, 244 | DEBUG | dst None is not flowtable
2021-07-21 02:19:32,865 | 15245 | tracing_of_pipeline.analyzer, analyze, 158 | DEBUG | get trace [{'src': 'h1', 'msg': '<ICMPV6_RAW Packet>', 'edge': 'l2', 'dst': None}]
2021-07-21 02:19:32,865 | 15245 | tracing_of_pipeline.analyzer, analyze, 160 | WARNING | Packet <Msg captured_interface=s1-eth2, sniff_timestamp=1626833968.732772, pkt=<UDP/MDNS_RAW Packet>, in_port=s1-eth2, in_phy_port=s1-eth2> is not terminal edge
2021-07-21 02:19:32,866 | 15245 | tracing_of_pipeline.analyzer, analyze, 160 | WARNING | Packet <Msg captured_interface=s1-eth2, sniff_timestamp=1626833968.9500835, pkt=<UDP/MDNS_RAW Packet>, in_port=s1-eth2, in_phy_port=s1-eth2> is not terminal edge
2021-07-21 02:19:32,867 | 15245 | tracing_of_pipeline.analyzer, analyze, 160 | WARNING | Packet <Msg captured_interface=s1-eth2, sniff_timestamp=1626833969.6677465, pkt=<ICMPV6_RAW Packet>, in_port=s1-eth2, in_phy_port=s1-eth2> is not terminal edge
2021-07-21 02:19:32,868 | 15245 | tracing_of_pipeline.analyzer, analyze, 160 | WARNING | Packet <Msg captured_interface=s1-eth2, sniff_timestamp=1626833969.6674774, pkt=<ICMPV6_RAW Packet>, in_port=s1-eth2, in_phy_port=s1-eth2> is not terminal edge
2021-07-21 02:19:32,868 | 15245 | tracing_of_pipeline.analyzer, analyze, 160 | WARNING | Packet <Msg captured_interface=s1-eth2, sniff_timestamp=1626833969.769714, pkt=<UDP/MDNS_RAW Packet>, in_port=s1-eth2, in_phy_port=s1-eth2> is not terminal edge
2021-07-21 02:19:32,869 | 15245 | tracing_of_pipeline.analyzer, analyze, 160 | WARNING | Packet <Msg captured_interface=s1-eth2, sniff_timestamp=1626833970.018754, pkt=<UDP/MDNS_RAW Packet>, in_port=s1-eth2, in_phy_port=s1-eth2> is not terminal edge
2021-07-21 02:19:32,870 | 15245 | tracing_of_pipeline.analyzer, analyze, 149 | DEBUG | terminal edge host=h2, switch=s2, switch_port=s2-eth2
2021-07-21 02:19:32,871 | 15245 | tracing_of_pipeline.analyzer, BFS, 181 | DEBUG | processing msg <Msg captured_interface=s2-eth2, sniff_timestamp=1626833967.2740152, pkt=<UDP/MDNS_RAW Packet>, in_port=2, in_phy_port=s2-eth2>
2021-07-21 02:19:32,875 | 15245 | tracing_of_pipeline.analyzer, BFS, 244 | DEBUG | dst None is not flowtable
2021-07-21 02:19:32,876 | 15245 | tracing_of_pipeline.analyzer, analyze, 158 | DEBUG | get trace [{'src': 'h2', 'msg': '<UDP/MDNS_RAW Packet>', 'edge': 'l3', 'dst': None}]
2021-07-21 02:19:32,876 | 15378 | tracing_net.flowtable.flow_monitor, dump_flows, 57 | DEBUG | dump flows on s2
2021-07-21 02:19:32,876 | 15245 | tracing_of_pipeline.analyzer, analyze, 149 | DEBUG | terminal edge host=h2, switch=s2, switch_port=s2-eth2
2021-07-21 02:19:32,877 | 15245 | tracing_of_pipeline.analyzer, BFS, 181 | DEBUG | processing msg <Msg captured_interface=s2-eth2, sniff_timestamp=1626833967.3634338, pkt=<ICMPV6_RAW Packet>, in_port=2, in_phy_port=s2-eth2>
2021-07-21 02:19:32,878 | 15245 | tracing_of_pipeline.analyzer, BFS, 244 | DEBUG | dst None is not flowtable
2021-07-21 02:19:32,879 | 15245 | tracing_of_pipeline.analyzer, analyze, 158 | DEBUG | get trace [{'src': 'h2', 'msg': '<ICMPV6_RAW Packet>', 'edge': 'l3', 'dst': None}]
2021-07-21 02:19:32,880 | 15245 | tracing_of_pipeline.analyzer, analyze, 149 | DEBUG | terminal edge host=h2, switch=s2, switch_port=s2-eth2
2021-07-21 02:19:32,882 | 15245 | tracing_of_pipeline.analyzer, BFS, 181 | DEBUG | processing msg <Msg captured_interface=s2-eth2, sniff_timestamp=1626833967.5051231, pkt=<UDP/MDNS_RAW Packet>, in_port=2, in_phy_port=s2-eth2>
2021-07-21 02:19:32,884 | 15245 | tracing_of_pipeline.analyzer, BFS, 244 | DEBUG | dst None is not flowtable
2021-07-21 02:19:32,884 | 15245 | tracing_of_pipeline.analyzer, analyze, 158 | DEBUG | get trace [{'src': 'h2', 'msg': '<UDP/MDNS_RAW Packet>', 'edge': 'l3', 'dst': None}]
2021-07-21 02:19:32,885 | 15245 | tracing_of_pipeline.analyzer, analyze, 149 | DEBUG | terminal edge host=h2, switch=s2, switch_port=s2-eth2
2021-07-21 02:19:32,886 | 15245 | tracing_of_pipeline.analyzer, BFS, 181 | DEBUG | processing msg <Msg captured_interface=s2-eth2, sniff_timestamp=1626833967.7331166, pkt=<UDP/MDNS_RAW Packet>, in_port=2, in_phy_port=s2-eth2>
2021-07-21 02:19:32,888 | 15378 | tracing_net.flowtable.flow_monitor, read_dump_flow, 73 | DEBUG | get result for dump flow 1626833972.882991 : ['OFPST_FLOW reply (OF1.3) (xid=0x2):', ' cookie=0x0, duration=0.837s, table=0, n_packets=2, n_bytes=196, priority=1,in_port=2,dl_src=1e:ed:f0:2a:ac:a3,dl_dst=46:e4:cf:cf:46:e4 actions=output:1', ' cookie=0x0, duration=0.794s, table=0, n_packets=1, n_bytes=98, priority=1,in_port=1,dl_src=46:e4:cf:cf:46:e4,dl_dst=1e:ed:f0:2a:ac:a3 actions=output:2', ' cookie=0x0, duration=1.050s, table=0, n_packets=4, n_bytes=289, priority=0 actions=CONTROLLER:65535']
2021-07-21 02:19:32,889 | 15245 | tracing_of_pipeline.analyzer, BFS, 244 | DEBUG | dst None is not flowtable
2021-07-21 02:19:32,890 | 15245 | tracing_of_pipeline.analyzer, analyze, 158 | DEBUG | get trace [{'src': 'h2', 'msg': '<UDP/MDNS_RAW Packet>', 'edge': 'l3', 'dst': None}]
2021-07-21 02:19:32,890 | 15245 | tracing_of_pipeline.analyzer, analyze, 149 | DEBUG | terminal edge host=h2, switch=s2, switch_port=s2-eth2
2021-07-21 02:19:32,892 | 15245 | tracing_of_pipeline.analyzer, BFS, 181 | DEBUG | processing msg <Msg captured_interface=s2-eth2, sniff_timestamp=1626833968.5973186, pkt=<UDP/MDNS_RAW Packet>, in_port=2, in_phy_port=s2-eth2>
2021-07-21 02:19:32,891 | 15245 | tracing_net.flowtable.table_repository, add, 88 | DEBUG | Table repo added table <FlowTables(datapath=0, timestamp=1626833972.882991, flows=[<Flow(table=0, priority=1, match={'in_port': {'value': 2, 'mask': None}, 'dl_src': {'value': '1e:ed:f0:2a:ac:a3', 'mask': None}, 'dl_dst': {'value': '46:e4:cf:cf:46:e4', 'mask': None}}, actions=[<InstructionApplyAction type=4>])>, <Flow(table=0, priority=1, match={'in_port': {'value': 1, 'mask': None}, 'dl_src': {'value': '46:e4:cf:cf:46:e4', 'mask': None}, 'dl_dst': {'value': '1e:ed:f0:2a:ac:a3', 'mask': None}}, actions=[<InstructionApplyAction type=4>])>, <Flow(table=0, priority=0, match={}, actions=[<InstructionApplyAction type=4>])>])>
2021-07-21 02:19:32,891 | 15378 | tracing_net.flowtable.flow_monitor, read_dump_flow, 78 | DEBUG | parsed result to table 1626833972.882991 : <FlowTables(datapath=0, timestamp=1626833972.882991, flows=[<Flow(table=0, priority=1, match={'in_port': {'value': 2, 'mask': None}, 'dl_src': {'value': '1e:ed:f0:2a:ac:a3', 'mask': None}, 'dl_dst': {'value': '46:e4:cf:cf:46:e4', 'mask': None}}, actions=[<InstructionApplyAction type=4>])>, <Flow(table=0, priority=1, match={'in_port': {'value': 1, 'mask': None}, 'dl_src': {'value': '46:e4:cf:cf:46:e4', 'mask': None}, 'dl_dst': {'value': '1e:ed:f0:2a:ac:a3', 'mask': None}}, actions=[<InstructionApplyAction type=4>])>, <Flow(table=0, priority=0, match={}, actions=[<InstructionApplyAction type=4>])>])>
2021-07-21 02:19:32,894 | 15245 | tracing_of_pipeline.analyzer, BFS, 244 | DEBUG | dst None is not flowtable
2021-07-21 02:19:32,894 | 15245 | tracing_of_pipeline.analyzer, analyze, 158 | DEBUG | get trace [{'src': 'h2', 'msg': '<UDP/MDNS_RAW Packet>', 'edge': 'l3', 'dst': None}]
2021-07-21 02:19:32,895 | 15245 | tracing_of_pipeline.analyzer, analyze, 149 | DEBUG | terminal edge host=h2, switch=s2, switch_port=s2-eth2
2021-07-21 02:19:32,895 | 15245 | tracing_of_pipeline.analyzer, BFS, 181 | DEBUG | processing msg <Msg captured_interface=s2-eth2, sniff_timestamp=1626833969.7344024, pkt=<UDP/MDNS_RAW Packet>, in_port=2, in_phy_port=s2-eth2>
2021-07-21 02:19:32,897 | 15245 | tracing_of_pipeline.analyzer, BFS, 244 | DEBUG | dst None is not flowtable
2021-07-21 02:19:32,898 | 15245 | tracing_of_pipeline.analyzer, analyze, 158 | DEBUG | get trace [{'src': 'h2', 'msg': '<UDP/MDNS_RAW Packet>', 'edge': 'l3', 'dst': None}]
2021-07-21 02:19:32,898 | 15245 | tracing_of_pipeline.analyzer, analyze, 149 | DEBUG | terminal edge host=h2, switch=s2, switch_port=s2-eth2
2021-07-21 02:19:32,899 | 15245 | tracing_of_pipeline.analyzer, BFS, 181 | DEBUG | processing msg <Msg captured_interface=s2-eth2, sniff_timestamp=1626833970.226911, pkt=<ICMPV6_RAW Packet>, in_port=2, in_phy_port=s2-eth2>
2021-07-21 02:19:32,901 | 15245 | tracing_of_pipeline.analyzer, BFS, 244 | DEBUG | dst None is not flowtable
2021-07-21 02:19:32,901 | 15245 | tracing_of_pipeline.analyzer, analyze, 158 | DEBUG | get trace [{'src': 'h2', 'msg': '<ICMPV6_RAW Packet>', 'edge': 'l3', 'dst': None}]
2021-07-21 02:19:32,902 | 15245 | tracing_of_pipeline.analyzer, analyze, 149 | DEBUG | terminal edge host=h2, switch=s2, switch_port=s2-eth2
2021-07-21 02:19:32,902 | 15245 | tracing_of_pipeline.analyzer, BFS, 181 | DEBUG | processing msg <Msg captured_interface=s2-eth2, sniff_timestamp=1626833970.435815, pkt=<ICMPV6_RAW Packet>, in_port=2, in_phy_port=s2-eth2>
2021-07-21 02:19:32,904 | 15245 | tracing_of_pipeline.analyzer, BFS, 244 | DEBUG | dst None is not flowtable
2021-07-21 02:19:32,905 | 15245 | tracing_of_pipeline.analyzer, analyze, 158 | DEBUG | get trace [{'src': 'h2', 'msg': '<ICMPV6_RAW Packet>', 'edge': 'l3', 'dst': None}]
2021-07-21 02:19:32,906 | 15245 | tracing_of_pipeline.analyzer, analyze, 149 | DEBUG | terminal edge host=h2, switch=s2, switch_port=s2-eth2
2021-07-21 02:19:32,906 | 15245 | tracing_of_pipeline.analyzer, BFS, 181 | DEBUG | processing msg <Msg captured_interface=s2-eth2, sniff_timestamp=1626833970.6695735, pkt=<UDP/MDNS_RAW Packet>, in_port=2, in_phy_port=s2-eth2>
2021-07-21 02:19:32,912 | 15245 | tracing_of_pipeline.analyzer, BFS, 244 | DEBUG | dst None is not flowtable
2021-07-21 02:19:32,912 | 15245 | tracing_of_pipeline.analyzer, analyze, 158 | DEBUG | get trace [{'src': 'h2', 'msg': '<UDP/MDNS_RAW Packet>', 'edge': 'l3', 'dst': None}]
2021-07-21 02:19:32,969 | 15374 | tracing_net.util.packet_capture, _packet_handler, 72 | DEBUG | sniff 1626833972.120116199 : <class 'pyshark.packet.packet.Packet'>
2021-07-21 02:19:33,108 | 15371 | tracing_net.util.packet_capture, _packet_handler, 72 | DEBUG | sniff 1626833972.770872202 : <class 'pyshark.packet.packet.Packet'>
2021-07-21 02:19:33,109 | 15369 | tracing_net.util.packet_capture, _packet_handler, 72 | DEBUG | sniff 1626833972.770802300 : <class 'pyshark.packet.packet.Packet'>
2021-07-21 02:19:33,830 | 15374 | tracing_net.util.packet_capture, _packet_handler, 72 | DEBUG | sniff 1626833972.777976354 : <class 'pyshark.packet.packet.Packet'>
2021-07-21 02:19:33,830 | 15376 | tracing_net.flowtable.flow_monitor, dump_flows, 57 | DEBUG | dump flows on s1
2021-07-21 02:19:33,845 | 15376 | tracing_net.flowtable.flow_monitor, read_dump_flow, 73 | DEBUG | get result for dump flow 1626833973.840231 : ['OFPST_FLOW reply (OF1.3) (xid=0x2):', ' cookie=0x0, duration=1.781s, table=0, n_packets=2, n_bytes=196, priority=1,in_port=2,dl_src=1e:ed:f0:2a:ac:a3,dl_dst=46:e4:cf:cf:46:e4 actions=output:1', ' cookie=0x0, duration=1.762s, table=0, n_packets=1, n_bytes=98, priority=1,in_port=1,dl_src=46:e4:cf:cf:46:e4,dl_dst=1e:ed:f0:2a:ac:a3 actions=output:2', ' cookie=0x0, duration=2.008s, table=0, n_packets=4, n_bytes=289, priority=0 actions=CONTROLLER:65535']
2021-07-21 02:19:33,847 | 15376 | tracing_net.flowtable.flow_monitor, read_dump_flow, 78 | DEBUG | parsed result to table 1626833973.840231 : <FlowTables(datapath=0, timestamp=1626833973.840231, flows=[<Flow(table=0, priority=1, match={'in_port': {'value': 2, 'mask': None}, 'dl_src': {'value': '1e:ed:f0:2a:ac:a3', 'mask': None}, 'dl_dst': {'value': '46:e4:cf:cf:46:e4', 'mask': None}}, actions=[<InstructionApplyAction type=4>])>, <Flow(table=0, priority=1, match={'in_port': {'value': 1, 'mask': None}, 'dl_src': {'value': '46:e4:cf:cf:46:e4', 'mask': None}, 'dl_dst': {'value': '1e:ed:f0:2a:ac:a3', 'mask': None}}, actions=[<InstructionApplyAction type=4>])>, <Flow(table=0, priority=0, match={}, actions=[<InstructionApplyAction type=4>])>])>
2021-07-21 02:19:33,848 | 15245 | tracing_net.flowtable.table_repository, add, 88 | DEBUG | Table repo added table <FlowTables(datapath=0, timestamp=1626833973.840231, flows=[<Flow(table=0, priority=1, match={'in_port': {'value': 2, 'mask': None}, 'dl_src': {'value': '1e:ed:f0:2a:ac:a3', 'mask': None}, 'dl_dst': {'value': '46:e4:cf:cf:46:e4', 'mask': None}}, actions=[<InstructionApplyAction type=4>])>, <Flow(table=0, priority=1, match={'in_port': {'value': 1, 'mask': None}, 'dl_src': {'value': '46:e4:cf:cf:46:e4', 'mask': None}, 'dl_dst': {'value': '1e:ed:f0:2a:ac:a3', 'mask': None}}, actions=[<InstructionApplyAction type=4>])>, <Flow(table=0, priority=0, match={}, actions=[<InstructionApplyAction type=4>])>])>
2021-07-21 02:19:33,876 | 15378 | tracing_net.flowtable.flow_monitor, dump_flows, 57 | DEBUG | dump flows on s2
2021-07-21 02:19:33,884 | 15378 | tracing_net.flowtable.flow_monitor, read_dump_flow, 73 | DEBUG | get result for dump flow 1626833973.881364 : ['OFPST_FLOW reply (OF1.3) (xid=0x2):', ' cookie=0x0, duration=1.834s, table=0, n_packets=2, n_bytes=196, priority=1,in_port=2,dl_src=1e:ed:f0:2a:ac:a3,dl_dst=46:e4:cf:cf:46:e4 actions=output:1', ' cookie=0x0, duration=1.791s, table=0, n_packets=1, n_bytes=98, priority=1,in_port=1,dl_src=46:e4:cf:cf:46:e4,dl_dst=1e:ed:f0:2a:ac:a3 actions=output:2', ' cookie=0x0, duration=2.047s, table=0, n_packets=4, n_bytes=289, priority=0 actions=CONTROLLER:65535']
2021-07-21 02:19:33,886 | 15378 | tracing_net.flowtable.flow_monitor, read_dump_flow, 78 | DEBUG | parsed result to table 1626833973.881364 : <FlowTables(datapath=0, timestamp=1626833973.881364, flows=[<Flow(table=0, priority=1, match={'in_port': {'value': 2, 'mask': None}, 'dl_src': {'value': '1e:ed:f0:2a:ac:a3', 'mask': None}, 'dl_dst': {'value': '46:e4:cf:cf:46:e4', 'mask': None}}, actions=[<InstructionApplyAction type=4>])>, <Flow(table=0, priority=1, match={'in_port': {'value': 1, 'mask': None}, 'dl_src': {'value': '46:e4:cf:cf:46:e4', 'mask': None}, 'dl_dst': {'value': '1e:ed:f0:2a:ac:a3', 'mask': None}}, actions=[<InstructionApplyAction type=4>])>, <Flow(table=0, priority=0, match={}, actions=[<InstructionApplyAction type=4>])>])>
2021-07-21 02:19:33,887 | 15245 | tracing_net.flowtable.table_repository, add, 88 | DEBUG | Table repo added table <FlowTables(datapath=0, timestamp=1626833973.881364, flows=[<Flow(table=0, priority=1, match={'in_port': {'value': 2, 'mask': None}, 'dl_src': {'value': '1e:ed:f0:2a:ac:a3', 'mask': None}, 'dl_dst': {'value': '46:e4:cf:cf:46:e4', 'mask': None}}, actions=[<InstructionApplyAction type=4>])>, <Flow(table=0, priority=1, match={'in_port': {'value': 1, 'mask': None}, 'dl_src': {'value': '46:e4:cf:cf:46:e4', 'mask': None}, 'dl_dst': {'value': '1e:ed:f0:2a:ac:a3', 'mask': None}}, actions=[<InstructionApplyAction type=4>])>, <Flow(table=0, priority=0, match={}, actions=[<InstructionApplyAction type=4>])>])>
2021-07-21 02:19:34,830 | 15376 | tracing_net.flowtable.flow_monitor, dump_flows, 57 | DEBUG | dump flows on s1
2021-07-21 02:19:34,840 | 15376 | tracing_net.flowtable.flow_monitor, read_dump_flow, 73 | DEBUG | get result for dump flow 1626833974.835753 : ['OFPST_FLOW reply (OF1.3) (xid=0x2):', ' cookie=0x0, duration=2.777s, table=0, n_packets=2, n_bytes=196, priority=1,in_port=2,dl_src=1e:ed:f0:2a:ac:a3,dl_dst=46:e4:cf:cf:46:e4 actions=output:1', ' cookie=0x0, duration=2.758s, table=0, n_packets=1, n_bytes=98, priority=1,in_port=1,dl_src=46:e4:cf:cf:46:e4,dl_dst=1e:ed:f0:2a:ac:a3 actions=output:2', ' cookie=0x0, duration=3.004s, table=0, n_packets=4, n_bytes=289, priority=0 actions=CONTROLLER:65535']
2021-07-21 02:19:34,842 | 15376 | tracing_net.flowtable.flow_monitor, read_dump_flow, 78 | DEBUG | parsed result to table 1626833974.835753 : <FlowTables(datapath=0, timestamp=1626833974.835753, flows=[<Flow(table=0, priority=1, match={'in_port': {'value': 2, 'mask': None}, 'dl_src': {'value': '1e:ed:f0:2a:ac:a3', 'mask': None}, 'dl_dst': {'value': '46:e4:cf:cf:46:e4', 'mask': None}}, actions=[<InstructionApplyAction type=4>])>, <Flow(table=0, priority=1, match={'in_port': {'value': 1, 'mask': None}, 'dl_src': {'value': '46:e4:cf:cf:46:e4', 'mask': None}, 'dl_dst': {'value': '1e:ed:f0:2a:ac:a3', 'mask': None}}, actions=[<InstructionApplyAction type=4>])>, <Flow(table=0, priority=0, match={}, actions=[<InstructionApplyAction type=4>])>])>
2021-07-21 02:19:34,842 | 15245 | tracing_net.flowtable.table_repository, add, 88 | DEBUG | Table repo added table <FlowTables(datapath=0, timestamp=1626833974.835753, flows=[<Flow(table=0, priority=1, match={'in_port': {'value': 2, 'mask': None}, 'dl_src': {'value': '1e:ed:f0:2a:ac:a3', 'mask': None}, 'dl_dst': {'value': '46:e4:cf:cf:46:e4', 'mask': None}}, actions=[<InstructionApplyAction type=4>])>, <Flow(table=0, priority=1, match={'in_port': {'value': 1, 'mask': None}, 'dl_src': {'value': '46:e4:cf:cf:46:e4', 'mask': None}, 'dl_dst': {'value': '1e:ed:f0:2a:ac:a3', 'mask': None}}, actions=[<InstructionApplyAction type=4>])>, <Flow(table=0, priority=0, match={}, actions=[<InstructionApplyAction type=4>])>])>
2021-07-21 02:19:34,845 | 15245 | tracing_of_pipeline.analyzer, _poll_packet_inout_repo, 306 | DEBUG | tmp_p = [<Message msg_name=OFPT_PACKET_IN of_msg=PacketIn(xid=UBInt32(0)) timestamp=1626833971.986136 local_port=52358 datapath_id=1>, <Message msg_name=OFPT_PACKET_OUT of_msg=PacketOut(xid=UBInt32(1994772837)) timestamp=1626833972.016192 local_port=52358 datapath_id=1>], s_dpip = 1
2021-07-21 02:19:34,846 | 15245 | tracing_of_pipeline.analyzer, _poll_packet_inout_repo, 306 | DEBUG | tmp_p = [<Message msg_name=OFPT_PACKET_IN of_msg=PacketIn(xid=UBInt32(0)) timestamp=1626833972.020862 local_port=52360 datapath_id=2>, <Message msg_name=OFPT_PACKET_OUT of_msg=PacketOut(xid=UBInt32(1617048960)) timestamp=1626833972.027267 local_port=52360 datapath_id=2>, <Message msg_name=OFPT_PACKET_IN of_msg=PacketIn(xid=UBInt32(0)) timestamp=1626833972.043318 local_port=52360 datapath_id=2>], s_dpip = 2
2021-07-21 02:19:34,848 | 15245 | tracing_of_pipeline.analyzer, _polling, 279 | DEBUG | polled (start_time=1626833964.844577, until=4) values = {'l2': [<Msg captured_interface=s1-eth1, sniff_timestamp=1626833968.7327254, pkt=<UDP/MDNS_RAW Packet>, in_port=1, in_phy_port=s1-eth1>, <Msg captured_interface=s1-eth1, sniff_timestamp=1626833969.4112027, pkt=<ICMPV6_RAW Packet>, in_port=1, in_phy_port=s1-eth1>, <Msg captured_interface=s1-eth1, sniff_timestamp=1626833969.7696025, pkt=<UDP/MDNS_RAW Packet>, in_port=1, in_phy_port=s1-eth1>, <Msg captured_interface=s1-eth1, sniff_timestamp=1626833969.9232612, pkt=<ICMPV6_RAW Packet>, in_port=1, in_phy_port=s1-eth1>, <Msg captured_interface=s1-eth1, sniff_timestamp=1626833970.9507504, pkt=<ARP_RAW Packet>, in_port=s1-eth1, in_phy_port=s1-eth1>, <Msg captured_interface=s1-eth1, sniff_timestamp=1626833971.9841936, pkt=<ARP_RAW Packet>, in_port=s1-eth1, in_phy_port=s1-eth1>, <Msg captured_interface=s1-eth1, sniff_timestamp=1626833972.063258, pkt=<ARP_RAW Packet>, in_port=s1-eth1, in_phy_port=s1-eth1>, <Msg captured_interface=s1-eth1, sniff_timestamp=1626833972.0632734, pkt=<ICMP_RAW Packet>, in_port=s1-eth1, in_phy_port=s1-eth1>, <Msg captured_interface=s1-eth1, sniff_timestamp=1626833972.093451, pkt=<ICMP_RAW Packet>, in_port=s1-eth1, in_phy_port=s1-eth1>, <Msg captured_interface=s1-eth1, sniff_timestamp=1626833972.1195867, pkt=<ICMP_RAW Packet>, in_port=s1-eth1, in_phy_port=s1-eth1>, <Msg captured_interface=s1-eth1, sniff_timestamp=1626833972.1196043, pkt=<ICMP_RAW Packet>, in_port=s1-eth1, in_phy_port=s1-eth1>, <Msg captured_interface=s1-eth1, sniff_timestamp=1626833972.7708023, pkt=<UDP/MDNS_RAW Packet>, in_port=s1-eth1, in_phy_port=s1-eth1>], 'l1': [<Msg captured_interface=s1-eth2, sniff_timestamp=1626833968.732772, pkt=<UDP/MDNS_RAW Packet>, in_port=s1-eth2, in_phy_port=s1-eth2>, <Msg captured_interface=s1-eth2, sniff_timestamp=1626833968.9500835, pkt=<UDP/MDNS_RAW Packet>, in_port=s1-eth2, in_phy_port=s1-eth2>, <Msg captured_interface=s1-eth2, sniff_timestamp=1626833969.6677465, pkt=<ICMPV6_RAW Packet>, in_port=s1-eth2, in_phy_port=s1-eth2>, <Msg captured_interface=s1-eth2, sniff_timestamp=1626833969.6674774, pkt=<ICMPV6_RAW Packet>, in_port=s1-eth2, in_phy_port=s1-eth2>, <Msg captured_interface=s1-eth2, sniff_timestamp=1626833969.769714, pkt=<UDP/MDNS_RAW Packet>, in_port=s1-eth2, in_phy_port=s1-eth2>, <Msg captured_interface=s1-eth2, sniff_timestamp=1626833970.018754, pkt=<UDP/MDNS_RAW Packet>, in_port=s1-eth2, in_phy_port=s1-eth2>, <Msg captured_interface=s1-eth2, sniff_timestamp=1626833972.015828, pkt=<ARP_RAW Packet>, in_port=s1-eth2, in_phy_port=s1-eth2>, <Msg captured_interface=s1-eth2, sniff_timestamp=1626833972.0494468, pkt=<ARP_RAW Packet>, in_port=s1-eth2, in_phy_port=s1-eth2>, <Msg captured_interface=s1-eth2, sniff_timestamp=1626833972.0825744, pkt=<ICMP_RAW Packet>, in_port=s1-eth2, in_phy_port=s1-eth2>, <Msg captured_interface=s1-eth2, sniff_timestamp=1626833972.0933495, pkt=<ICMP_RAW Packet>, in_port=s1-eth2, in_phy_port=s1-eth2>, <Msg captured_interface=s1-eth2, sniff_timestamp=1626833972.1195807, pkt=<ICMP_RAW Packet>, in_port=s1-eth2, in_phy_port=s1-eth2>, <Msg captured_interface=s1-eth2, sniff_timestamp=1626833972.1200109, pkt=<ICMP_RAW Packet>, in_port=s1-eth2, in_phy_port=s1-eth2>, <Msg captured_interface=s1-eth2, sniff_timestamp=1626833972.770872, pkt=<UDP/MDNS_RAW Packet>, in_port=s1-eth2, in_phy_port=s1-eth2>], 'l3': [<Msg captured_interface=s2-eth2, sniff_timestamp=1626833967.2740152, pkt=<UDP/MDNS_RAW Packet>, in_port=2, in_phy_port=s2-eth2>, <Msg captured_interface=s2-eth2, sniff_timestamp=1626833967.3634338, pkt=<ICMPV6_RAW Packet>, in_port=2, in_phy_port=s2-eth2>, <Msg captured_interface=s2-eth2, sniff_timestamp=1626833967.5051231, pkt=<UDP/MDNS_RAW Packet>, in_port=2, in_phy_port=s2-eth2>, <Msg captured_interface=s2-eth2, sniff_timestamp=1626833967.7331166, pkt=<UDP/MDNS_RAW Packet>, in_port=2, in_phy_port=s2-eth2>, <Msg captured_interface=s2-eth2, sniff_timestamp=1626833968.5973186, pkt=<UDP/MDNS_RAW Packet>, in_port=2, in_phy_port=s2-eth2>, <Msg captured_interface=s2-eth2, sniff_timestamp=1626833969.7344024, pkt=<UDP/MDNS_RAW Packet>, in_port=2, in_phy_port=s2-eth2>, <Msg captured_interface=s2-eth2, sniff_timestamp=1626833970.226911, pkt=<ICMPV6_RAW Packet>, in_port=2, in_phy_port=s2-eth2>, <Msg captured_interface=s2-eth2, sniff_timestamp=1626833970.435815, pkt=<ICMPV6_RAW Packet>, in_port=2, in_phy_port=s2-eth2>, <Msg captured_interface=s2-eth2, sniff_timestamp=1626833970.6695735, pkt=<UDP/MDNS_RAW Packet>, in_port=2, in_phy_port=s2-eth2>, <Msg captured_interface=s2-eth2, sniff_timestamp=1626833972.026567, pkt=<ARP_RAW Packet>, in_port=s2-eth2, in_phy_port=s2-eth2>, <Msg captured_interface=s2-eth2, sniff_timestamp=1626833972.0266163, pkt=<ARP_RAW Packet>, in_port=s2-eth2, in_phy_port=s2-eth2>, <Msg captured_interface=s2-eth2, sniff_timestamp=1626833972.093173, pkt=<ICMP_RAW Packet>, in_port=s2-eth2, in_phy_port=s2-eth2>, <Msg captured_interface=s2-eth2, sniff_timestamp=1626833972.0932133, pkt=<ICMP_RAW Packet>, in_port=s2-eth2, in_phy_port=s2-eth2>, <Msg captured_interface=s2-eth2, sniff_timestamp=1626833972.1195648, pkt=<ICMP_RAW Packet>, in_port=s2-eth2, in_phy_port=s2-eth2>, <Msg captured_interface=s2-eth2, sniff_timestamp=1626833972.1201162, pkt=<ICMP_RAW Packet>, in_port=s2-eth2, in_phy_port=s2-eth2>, <Msg captured_interface=s2-eth2, sniff_timestamp=1626833972.7779763, pkt=<UDP/MDNS_RAW Packet>, in_port=s2-eth2, in_phy_port=s2-eth2>]} {} {'s1': [<Message msg_name=OFPT_PACKET_IN of_msg=PacketIn(xid=UBInt32(0)) timestamp=1626833971.986136 local_port=52358 datapath_id=1>, <Message msg_name=OFPT_PACKET_OUT of_msg=PacketOut(xid=UBInt32(1994772837)) timestamp=1626833972.016192 local_port=52358 datapath_id=1>], 's2': [<Message msg_name=OFPT_PACKET_IN of_msg=PacketIn(xid=UBInt32(0)) timestamp=1626833972.020862 local_port=52360 datapath_id=2>, <Message msg_name=OFPT_PACKET_OUT of_msg=PacketOut(xid=UBInt32(1617048960)) timestamp=1626833972.027267 local_port=52360 datapath_id=2>, <Message msg_name=OFPT_PACKET_IN of_msg=PacketIn(xid=UBInt32(0)) timestamp=1626833972.043318 local_port=52360 datapath_id=2>]}
2021-07-21 02:19:34,849 | 15245 | tracing_of_pipeline.analyzer, analyze, 105 | DEBUG | I will processing packetout(<Message msg_name=OFPT_PACKET_OUT of_msg=PacketOut(xid=UBInt32(1994772837)) timestamp=1626833972.016192 local_port=52358 datapath_id=1>)
2021-07-21 02:19:34,849 | 15245 | tracing_of_pipeline.analyzer, analyze, 109 | DEBUG | packet out's in_port 1
2021-07-21 02:19:34,877 | 15378 | tracing_net.flowtable.flow_monitor, dump_flows, 57 | DEBUG | dump flows on s2
2021-07-21 02:19:34,902 | 15378 | tracing_net.flowtable.flow_monitor, read_dump_flow, 73 | DEBUG | get result for dump flow 1626833974.892123 : ['OFPST_FLOW reply (OF1.3) (xid=0x2):', ' cookie=0x0, duration=2.851s, table=0, n_packets=2, n_bytes=196, priority=1,in_port=2,dl_src=1e:ed:f0:2a:ac:a3,dl_dst=46:e4:cf:cf:46:e4 actions=output:1', ' cookie=0x0, duration=2.808s, table=0, n_packets=1, n_bytes=98, priority=1,in_port=1,dl_src=46:e4:cf:cf:46:e4,dl_dst=1e:ed:f0:2a:ac:a3 actions=output:2', ' cookie=0x0, duration=3.064s, table=0, n_packets=4, n_bytes=289, priority=0 actions=CONTROLLER:65535']
2021-07-21 02:19:34,913 | 15245 | tracing_net.flowtable.table_repository, add, 88 | DEBUG | Table repo added table <FlowTables(datapath=0, timestamp=1626833974.892123, flows=[<Flow(table=0, priority=1, match={'in_port': {'value': 2, 'mask': None}, 'dl_src': {'value': '1e:ed:f0:2a:ac:a3', 'mask': None}, 'dl_dst': {'value': '46:e4:cf:cf:46:e4', 'mask': None}}, actions=[<InstructionApplyAction type=4>])>, <Flow(table=0, priority=1, match={'in_port': {'value': 1, 'mask': None}, 'dl_src': {'value': '46:e4:cf:cf:46:e4', 'mask': None}, 'dl_dst': {'value': '1e:ed:f0:2a:ac:a3', 'mask': None}}, actions=[<InstructionApplyAction type=4>])>, <Flow(table=0, priority=0, match={}, actions=[<InstructionApplyAction type=4>])>])>
2021-07-21 02:19:34,912 | 15378 | tracing_net.flowtable.flow_monitor, read_dump_flow, 78 | DEBUG | parsed result to table 1626833974.892123 : <FlowTables(datapath=0, timestamp=1626833974.892123, flows=[<Flow(table=0, priority=1, match={'in_port': {'value': 2, 'mask': None}, 'dl_src': {'value': '1e:ed:f0:2a:ac:a3', 'mask': None}, 'dl_dst': {'value': '46:e4:cf:cf:46:e4', 'mask': None}}, actions=[<InstructionApplyAction type=4>])>, <Flow(table=0, priority=1, match={'in_port': {'value': 1, 'mask': None}, 'dl_src': {'value': '46:e4:cf:cf:46:e4', 'mask': None}, 'dl_dst': {'value': '1e:ed:f0:2a:ac:a3', 'mask': None}}, actions=[<InstructionApplyAction type=4>])>, <Flow(table=0, priority=0, match={}, actions=[<InstructionApplyAction type=4>])>])>
2021-07-21 02:19:35,833 | 15376 | tracing_net.flowtable.flow_monitor, dump_flows, 57 | DEBUG | dump flows on s1
2021-07-21 02:19:35,841 | 15376 | tracing_net.flowtable.flow_monitor, read_dump_flow, 73 | DEBUG | get result for dump flow 1626833975.838559 : ['OFPST_FLOW reply (OF1.3) (xid=0x2):', ' cookie=0x0, duration=3.778s, table=0, n_packets=2, n_bytes=196, priority=1,in_port=2,dl_src=1e:ed:f0:2a:ac:a3,dl_dst=46:e4:cf:cf:46:e4 actions=output:1', ' cookie=0x0, duration=3.760s, table=0, n_packets=1, n_bytes=98, priority=1,in_port=1,dl_src=46:e4:cf:cf:46:e4,dl_dst=1e:ed:f0:2a:ac:a3 actions=output:2', ' cookie=0x0, duration=4.006s, table=0, n_packets=4, n_bytes=289, priority=0 actions=CONTROLLER:65535']
2021-07-21 02:19:35,843 | 15376 | tracing_net.flowtable.flow_monitor, read_dump_flow, 78 | DEBUG | parsed result to table 1626833975.838559 : <FlowTables(datapath=0, timestamp=1626833975.838559, flows=[<Flow(table=0, priority=1, match={'in_port': {'value': 2, 'mask': None}, 'dl_src': {'value': '1e:ed:f0:2a:ac:a3', 'mask': None}, 'dl_dst': {'value': '46:e4:cf:cf:46:e4', 'mask': None}}, actions=[<InstructionApplyAction type=4>])>, <Flow(table=0, priority=1, match={'in_port': {'value': 1, 'mask': None}, 'dl_src': {'value': '46:e4:cf:cf:46:e4', 'mask': None}, 'dl_dst': {'value': '1e:ed:f0:2a:ac:a3', 'mask': None}}, actions=[<InstructionApplyAction type=4>])>, <Flow(table=0, priority=0, match={}, actions=[<InstructionApplyAction type=4>])>])>
2021-07-21 02:19:35,843 | 15245 | tracing_net.flowtable.table_repository, add, 88 | DEBUG | Table repo added table <FlowTables(datapath=0, timestamp=1626833975.838559, flows=[<Flow(table=0, priority=1, match={'in_port': {'value': 2, 'mask': None}, 'dl_src': {'value': '1e:ed:f0:2a:ac:a3', 'mask': None}, 'dl_dst': {'value': '46:e4:cf:cf:46:e4', 'mask': None}}, actions=[<InstructionApplyAction type=4>])>, <Flow(table=0, priority=1, match={'in_port': {'value': 1, 'mask': None}, 'dl_src': {'value': '46:e4:cf:cf:46:e4', 'mask': None}, 'dl_dst': {'value': '1e:ed:f0:2a:ac:a3', 'mask': None}}, actions=[<InstructionApplyAction type=4>])>, <Flow(table=0, priority=0, match={}, actions=[<InstructionApplyAction type=4>])>])>
2021-07-21 02:19:35,876 | 15378 | tracing_net.flowtable.flow_monitor, dump_flows, 57 | DEBUG | dump flows on s2
2021-07-21 02:19:35,884 | 15378 | tracing_net.flowtable.flow_monitor, read_dump_flow, 73 | DEBUG | get result for dump flow 1626833975.880642 : ['OFPST_FLOW reply (OF1.3) (xid=0x2):', ' cookie=0x0, duration=3.834s, table=0, n_packets=2, n_bytes=196, priority=1,in_port=2,dl_src=1e:ed:f0:2a:ac:a3,dl_dst=46:e4:cf:cf:46:e4 actions=output:1', ' cookie=0x0, duration=3.791s, table=0, n_packets=1, n_bytes=98, priority=1,in_port=1,dl_src=46:e4:cf:cf:46:e4,dl_dst=1e:ed:f0:2a:ac:a3 actions=output:2', ' cookie=0x0, duration=4.047s, table=0, n_packets=4, n_bytes=289, priority=0 actions=CONTROLLER:65535']
2021-07-21 02:19:35,885 | 15378 | tracing_net.flowtable.flow_monitor, read_dump_flow, 78 | DEBUG | parsed result to table 1626833975.880642 : <FlowTables(datapath=0, timestamp=1626833975.880642, flows=[<Flow(table=0, priority=1, match={'in_port': {'value': 2, 'mask': None}, 'dl_src': {'value': '1e:ed:f0:2a:ac:a3', 'mask': None}, 'dl_dst': {'value': '46:e4:cf:cf:46:e4', 'mask': None}}, actions=[<InstructionApplyAction type=4>])>, <Flow(table=0, priority=1, match={'in_port': {'value': 1, 'mask': None}, 'dl_src': {'value': '46:e4:cf:cf:46:e4', 'mask': None}, 'dl_dst': {'value': '1e:ed:f0:2a:ac:a3', 'mask': None}}, actions=[<InstructionApplyAction type=4>])>, <Flow(table=0, priority=0, match={}, actions=[<InstructionApplyAction type=4>])>])>
2021-07-21 02:19:35,886 | 15245 | tracing_net.flowtable.table_repository, add, 88 | DEBUG | Table repo added table <FlowTables(datapath=0, timestamp=1626833975.880642, flows=[<Flow(table=0, priority=1, match={'in_port': {'value': 2, 'mask': None}, 'dl_src': {'value': '1e:ed:f0:2a:ac:a3', 'mask': None}, 'dl_dst': {'value': '46:e4:cf:cf:46:e4', 'mask': None}}, actions=[<InstructionApplyAction type=4>])>, <Flow(table=0, priority=1, match={'in_port': {'value': 1, 'mask': None}, 'dl_src': {'value': '46:e4:cf:cf:46:e4', 'mask': None}, 'dl_dst': {'value': '1e:ed:f0:2a:ac:a3', 'mask': None}}, actions=[<InstructionApplyAction type=4>])>, <Flow(table=0, priority=0, match={}, actions=[<InstructionApplyAction type=4>])>])>
2021-07-21 02:19:36,831 | 15376 | tracing_net.flowtable.flow_monitor, dump_flows, 57 | DEBUG | dump flows on s1
2021-07-21 02:19:36,841 | 15376 | tracing_net.flowtable.flow_monitor, read_dump_flow, 73 | DEBUG | get result for dump flow 1626833976.838022 : ['OFPST_FLOW reply (OF1.3) (xid=0x2):', ' cookie=0x0, duration=4.778s, table=0, n_packets=2, n_bytes=196, priority=1,in_port=2,dl_src=1e:ed:f0:2a:ac:a3,dl_dst=46:e4:cf:cf:46:e4 actions=output:1', ' cookie=0x0, duration=4.759s, table=0, n_packets=1, n_bytes=98, priority=1,in_port=1,dl_src=46:e4:cf:cf:46:e4,dl_dst=1e:ed:f0:2a:ac:a3 actions=output:2', ' cookie=0x0, duration=5.005s, table=0, n_packets=4, n_bytes=289, priority=0 actions=CONTROLLER:65535']
2021-07-21 02:19:36,843 | 15376 | tracing_net.flowtable.flow_monitor, read_dump_flow, 78 | DEBUG | parsed result to table 1626833976.838022 : <FlowTables(datapath=0, timestamp=1626833976.838022, flows=[<Flow(table=0, priority=1, match={'in_port': {'value': 2, 'mask': None}, 'dl_src': {'value': '1e:ed:f0:2a:ac:a3', 'mask': None}, 'dl_dst': {'value': '46:e4:cf:cf:46:e4', 'mask': None}}, actions=[<InstructionApplyAction type=4>])>, <Flow(table=0, priority=1, match={'in_port': {'value': 1, 'mask': None}, 'dl_src': {'value': '46:e4:cf:cf:46:e4', 'mask': None}, 'dl_dst': {'value': '1e:ed:f0:2a:ac:a3', 'mask': None}}, actions=[<InstructionApplyAction type=4>])>, <Flow(table=0, priority=0, match={}, actions=[<InstructionApplyAction type=4>])>])>
2021-07-21 02:19:36,843 | 15245 | tracing_net.flowtable.table_repository, add, 88 | DEBUG | Table repo added table <FlowTables(datapath=0, timestamp=1626833976.838022, flows=[<Flow(table=0, priority=1, match={'in_port': {'value': 2, 'mask': None}, 'dl_src': {'value': '1e:ed:f0:2a:ac:a3', 'mask': None}, 'dl_dst': {'value': '46:e4:cf:cf:46:e4', 'mask': None}}, actions=[<InstructionApplyAction type=4>])>, <Flow(table=0, priority=1, match={'in_port': {'value': 1, 'mask': None}, 'dl_src': {'value': '46:e4:cf:cf:46:e4', 'mask': None}, 'dl_dst': {'value': '1e:ed:f0:2a:ac:a3', 'mask': None}}, actions=[<InstructionApplyAction type=4>])>, <Flow(table=0, priority=0, match={}, actions=[<InstructionApplyAction type=4>])>])>
2021-07-21 02:19:36,845 | 15245 | tracing_of_pipeline.analyzer, _poll_packet_inout_repo, 306 | DEBUG | tmp_p = [], s_dpip = 1
2021-07-21 02:19:36,846 | 15245 | tracing_of_pipeline.analyzer, _poll_packet_inout_repo, 306 | DEBUG | tmp_p = [], s_dpip = 2
2021-07-21 02:19:36,847 | 15245 | tracing_of_pipeline.analyzer, _polling, 279 | DEBUG | polled (start_time=1626833964.844577, until=4) values = {'l2': [<Msg captured_interface=s1-eth1, sniff_timestamp=1626833968.7327254, pkt=<UDP/MDNS_RAW Packet>, in_port=1, in_phy_port=s1-eth1>, <Msg captured_interface=s1-eth1, sniff_timestamp=1626833969.4112027, pkt=<ICMPV6_RAW Packet>, in_port=1, in_phy_port=s1-eth1>, <Msg captured_interface=s1-eth1, sniff_timestamp=1626833969.7696025, pkt=<UDP/MDNS_RAW Packet>, in_port=1, in_phy_port=s1-eth1>, <Msg captured_interface=s1-eth1, sniff_timestamp=1626833969.9232612, pkt=<ICMPV6_RAW Packet>, in_port=1, in_phy_port=s1-eth1>, <Msg captured_interface=s1-eth1, sniff_timestamp=1626833970.9507504, pkt=<ARP_RAW Packet>, in_port=s1-eth1, in_phy_port=s1-eth1>, <Msg captured_interface=s1-eth1, sniff_timestamp=1626833971.9841936, pkt=<ARP_RAW Packet>, in_port=s1-eth1, in_phy_port=s1-eth1>, <Msg captured_interface=s1-eth1, sniff_timestamp=1626833972.063258, pkt=<ARP_RAW Packet>, in_port=s1-eth1, in_phy_port=s1-eth1>, <Msg captured_interface=s1-eth1, sniff_timestamp=1626833972.0632734, pkt=<ICMP_RAW Packet>, in_port=s1-eth1, in_phy_port=s1-eth1>, <Msg captured_interface=s1-eth1, sniff_timestamp=1626833972.093451, pkt=<ICMP_RAW Packet>, in_port=s1-eth1, in_phy_port=s1-eth1>, <Msg captured_interface=s1-eth1, sniff_timestamp=1626833972.1195867, pkt=<ICMP_RAW Packet>, in_port=s1-eth1, in_phy_port=s1-eth1>, <Msg captured_interface=s1-eth1, sniff_timestamp=1626833972.1196043, pkt=<ICMP_RAW Packet>, in_port=s1-eth1, in_phy_port=s1-eth1>, <Msg captured_interface=s1-eth1, sniff_timestamp=1626833972.7708023, pkt=<UDP/MDNS_RAW Packet>, in_port=s1-eth1, in_phy_port=s1-eth1>], 'l1': [<Msg captured_interface=s1-eth2, sniff_timestamp=1626833968.732772, pkt=<UDP/MDNS_RAW Packet>, in_port=s1-eth2, in_phy_port=s1-eth2>, <Msg captured_interface=s1-eth2, sniff_timestamp=1626833968.9500835, pkt=<UDP/MDNS_RAW Packet>, in_port=s1-eth2, in_phy_port=s1-eth2>, <Msg captured_interface=s1-eth2, sniff_timestamp=1626833969.6677465, pkt=<ICMPV6_RAW Packet>, in_port=s1-eth2, in_phy_port=s1-eth2>, <Msg captured_interface=s1-eth2, sniff_timestamp=1626833969.6674774, pkt=<ICMPV6_RAW Packet>, in_port=s1-eth2, in_phy_port=s1-eth2>, <Msg captured_interface=s1-eth2, sniff_timestamp=1626833969.769714, pkt=<UDP/MDNS_RAW Packet>, in_port=s1-eth2, in_phy_port=s1-eth2>, <Msg captured_interface=s1-eth2, sniff_timestamp=1626833970.018754, pkt=<UDP/MDNS_RAW Packet>, in_port=s1-eth2, in_phy_port=s1-eth2>, <Msg captured_interface=s1-eth2, sniff_timestamp=1626833972.015828, pkt=<ARP_RAW Packet>, in_port=s1-eth2, in_phy_port=s1-eth2>, <Msg captured_interface=s1-eth2, sniff_timestamp=1626833972.0494468, pkt=<ARP_RAW Packet>, in_port=s1-eth2, in_phy_port=s1-eth2>, <Msg captured_interface=s1-eth2, sniff_timestamp=1626833972.0825744, pkt=<ICMP_RAW Packet>, in_port=s1-eth2, in_phy_port=s1-eth2>, <Msg captured_interface=s1-eth2, sniff_timestamp=1626833972.0933495, pkt=<ICMP_RAW Packet>, in_port=s1-eth2, in_phy_port=s1-eth2>, <Msg captured_interface=s1-eth2, sniff_timestamp=1626833972.1195807, pkt=<ICMP_RAW Packet>, in_port=s1-eth2, in_phy_port=s1-eth2>, <Msg captured_interface=s1-eth2, sniff_timestamp=1626833972.1200109, pkt=<ICMP_RAW Packet>, in_port=s1-eth2, in_phy_port=s1-eth2>, <Msg captured_interface=s1-eth2, sniff_timestamp=1626833972.770872, pkt=<UDP/MDNS_RAW Packet>, in_port=s1-eth2, in_phy_port=s1-eth2>], 'l3': [<Msg captured_interface=s2-eth2, sniff_timestamp=1626833967.2740152, pkt=<UDP/MDNS_RAW Packet>, in_port=2, in_phy_port=s2-eth2>, <Msg captured_interface=s2-eth2, sniff_timestamp=1626833967.3634338, pkt=<ICMPV6_RAW Packet>, in_port=2, in_phy_port=s2-eth2>, <Msg captured_interface=s2-eth2, sniff_timestamp=1626833967.5051231, pkt=<UDP/MDNS_RAW Packet>, in_port=2, in_phy_port=s2-eth2>, <Msg captured_interface=s2-eth2, sniff_timestamp=1626833967.7331166, pkt=<UDP/MDNS_RAW Packet>, in_port=2, in_phy_port=s2-eth2>, <Msg captured_interface=s2-eth2, sniff_timestamp=1626833968.5973186, pkt=<UDP/MDNS_RAW Packet>, in_port=2, in_phy_port=s2-eth2>, <Msg captured_interface=s2-eth2, sniff_timestamp=1626833969.7344024, pkt=<UDP/MDNS_RAW Packet>, in_port=2, in_phy_port=s2-eth2>, <Msg captured_interface=s2-eth2, sniff_timestamp=1626833970.226911, pkt=<ICMPV6_RAW Packet>, in_port=2, in_phy_port=s2-eth2>, <Msg captured_interface=s2-eth2, sniff_timestamp=1626833970.435815, pkt=<ICMPV6_RAW Packet>, in_port=2, in_phy_port=s2-eth2>, <Msg captured_interface=s2-eth2, sniff_timestamp=1626833970.6695735, pkt=<UDP/MDNS_RAW Packet>, in_port=2, in_phy_port=s2-eth2>, <Msg captured_interface=s2-eth2, sniff_timestamp=1626833972.026567, pkt=<ARP_RAW Packet>, in_port=s2-eth2, in_phy_port=s2-eth2>, <Msg captured_interface=s2-eth2, sniff_timestamp=1626833972.0266163, pkt=<ARP_RAW Packet>, in_port=s2-eth2, in_phy_port=s2-eth2>, <Msg captured_interface=s2-eth2, sniff_timestamp=1626833972.093173, pkt=<ICMP_RAW Packet>, in_port=s2-eth2, in_phy_port=s2-eth2>, <Msg captured_interface=s2-eth2, sniff_timestamp=1626833972.0932133, pkt=<ICMP_RAW Packet>, in_port=s2-eth2, in_phy_port=s2-eth2>, <Msg captured_interface=s2-eth2, sniff_timestamp=1626833972.1195648, pkt=<ICMP_RAW Packet>, in_port=s2-eth2, in_phy_port=s2-eth2>, <Msg captured_interface=s2-eth2, sniff_timestamp=1626833972.1201162, pkt=<ICMP_RAW Packet>, in_port=s2-eth2, in_phy_port=s2-eth2>, <Msg captured_interface=s2-eth2, sniff_timestamp=1626833972.7779763, pkt=<UDP/MDNS_RAW Packet>, in_port=s2-eth2, in_phy_port=s2-eth2>]} {} {'s1': [<Message msg_name=OFPT_PACKET_IN of_msg=PacketIn(xid=UBInt32(0)) timestamp=1626833971.986136 local_port=52358 datapath_id=1>, <Message msg_name=OFPT_PACKET_OUT of_msg=PacketOut(xid=UBInt32(1994772837)) timestamp=1626833972.016192 local_port=52358 datapath_id=1>], 's2': [<Message msg_name=OFPT_PACKET_IN of_msg=PacketIn(xid=UBInt32(0)) timestamp=1626833972.020862 local_port=52360 datapath_id=2>, <Message msg_name=OFPT_PACKET_OUT of_msg=PacketOut(xid=UBInt32(1617048960)) timestamp=1626833972.027267 local_port=52360 datapath_id=2>, <Message msg_name=OFPT_PACKET_IN of_msg=PacketIn(xid=UBInt32(0)) timestamp=1626833972.043318 local_port=52360 datapath_id=2>]}
2021-07-21 02:19:36,848 | 15245 | tracing_of_pipeline.analyzer, analyze, 105 | DEBUG | I will processing packetout(<Message msg_name=OFPT_PACKET_OUT of_msg=PacketOut(xid=UBInt32(1994772837)) timestamp=1626833972.016192 local_port=52358 datapath_id=1>)
2021-07-21 02:19:36,848 | 15245 | tracing_of_pipeline.analyzer, analyze, 109 | DEBUG | packet out's in_port 1
