2021-10-20 01:00:05,652 | 4750 | tracing_net.net, __init__, 99 | INFO | set up on-demand mininet
2021-10-20 01:00:05,654 | 4750 | tracing_of_pipeline, start, 105 | INFO | OpenFlow Tracer Start
2021-10-20 01:00:05,659 | 4750 | tracing_net.net, start, 312 | INFO | mininet start
2021-10-20 01:00:05,662 | 4750 | tracing_of_pipeline.analyzer, start_analyzing, 103 | INFO | start analyzing
2021-10-20 01:00:05,669 | 4750 | tracing_net.net, add_switch, 116 | DEBUG | added the switch (s1)
2021-10-20 01:00:05,776 | 4750 | tracing_net.net, add_host, 164 | DEBUG | added the host (h1)
2021-10-20 01:00:05,844 | 4750 | tracing_net.net, add_link, 203 | DEBUG | added the link (l2) between s1 and h1
2021-10-20 01:00:05,911 | 4750 | tracing_net.net, add_switch, 116 | DEBUG | added the switch (s2)
2021-10-20 01:00:05,966 | 4750 | tracing_net.net, add_link, 203 | DEBUG | added the link (l1) between s1 and s2
2021-10-20 01:00:06,130 | 4750 | tracing_net.net, add_host, 164 | DEBUG | added the host (h2)
2021-10-20 01:00:06,192 | 4750 | tracing_net.net, add_link, 203 | DEBUG | added the link (l3) between s2 and h2
2021-10-20 01:00:06,317 | 4750 | tracing_net.net, start_tracing, 525 | INFO | tracing start
2021-10-20 01:00:06,320 | 4750 | tracing_net.net, start_tracing, 527 | DEBUG | ipv6 is disable
2021-10-20 01:00:06,364 | 4750 | tracing_net.packet_capture_manager, start_capture, 87 | DEBUG | capture process (s1-eth1:None) started
2021-10-20 01:00:06,373 | 4750 | tracing_net.packet_capture_manager, start_capture, 87 | DEBUG | capture process (s1-eth2:None) started
2021-10-20 01:00:06,380 | 4750 | tracing_net.packet_capture_manager, start_capture, 87 | DEBUG | capture process (s2-eth2:None) started
2021-10-20 01:00:06,381 | 4889 | tracing_net.util.packet_capture, start_capture, 58 | INFO | packet capture start on s1-eth1
2021-10-20 01:00:06,388 | 4750 | tracing_net.flowtable.flow_monitor, __init__, 46 | INFO | flow monitor start : s1
2021-10-20 01:00:06,394 | 4891 | tracing_net.util.packet_capture, start_capture, 58 | INFO | packet capture start on s1-eth2
2021-10-20 01:00:06,413 | 4750 | tracing_net.flowtable.flow_monitor, __init__, 46 | INFO | flow monitor start : s2
2021-10-20 01:00:06,416 | 4894 | tracing_net.util.packet_capture, start_capture, 58 | INFO | packet capture start on s2-eth2
2021-10-20 01:00:07,416 | 4896 | tracing_net.flowtable.flow_monitor, dump_flows, 57 | DEBUG | exec dump flows on s1
2021-10-20 01:00:07,437 | 4899 | tracing_net.flowtable.flow_monitor, dump_flows, 57 | DEBUG | exec dump flows on s2
2021-10-20 01:00:07,588 | 4896 | tracing_net.flowtable.flow_monitor, read_dump_flow, 74 | DEBUG | get result for dump flows 1634691607.478779 : ['OFPST_FLOW reply (OF1.3) (xid=0x2):']
2021-10-20 01:00:07,590 | 4896 | tracing_net.flowtable.flow_monitor, read_dump_flow, 83 | WARNING | No result dump flows
2021-10-20 01:00:07,592 | 4899 | tracing_net.flowtable.flow_monitor, read_dump_flow, 74 | DEBUG | get result for dump flows 1634691607.504301 : ['OFPST_FLOW reply (OF1.3) (xid=0x2):']
2021-10-20 01:00:07,593 | 4899 | tracing_net.flowtable.flow_monitor, read_dump_flow, 83 | WARNING | No result dump flows
2021-10-20 01:00:07,664 | 4750 | tracing_net.packet_repository, pop, 73 | ERROR | Failed to pop from packet repository (repo={})
2021-10-20 01:00:07,668 | 4750 | tracing_net.packet_repository, pop, 73 | ERROR | Failed to pop from packet repository (repo={})
2021-10-20 01:00:07,669 | 4750 | tracing_net.packet_repository, pop, 73 | ERROR | Failed to pop from packet repository (repo={})
2021-10-20 01:00:07,670 | 4750 | tracing_of_pipeline.analyzer, _poll_packet_inout_repo, 435 | DEBUG | tmp_p = None, s_dpip = 1
2021-10-20 01:00:07,671 | 4750 | tracing_of_pipeline.analyzer, _poll_packet_inout_repo, 435 | DEBUG | tmp_p = None, s_dpip = 2
2021-10-20 01:00:07,673 | 4750 | tracing_of_pipeline.analyzer, _polling, 395 | DEBUG | polled repository (start_time=1634691605.663971, until=0) values = {'l2': [], 'l1': [], 'l3': []} {} {'s1': [], 's2': []}
2021-10-20 01:00:07,677 | 4750 | tracing_of_pipeline.analyzer, analyze, 166 | WARNING | No packet in edge l2
2021-10-20 01:00:07,678 | 4750 | tracing_of_pipeline.analyzer, analyze, 166 | WARNING | No packet in edge l1
2021-10-20 01:00:07,681 | 4750 | tracing_of_pipeline.analyzer, analyze, 166 | WARNING | No packet in edge l3
2021-10-20 01:00:08,416 | 4896 | tracing_net.flowtable.flow_monitor, dump_flows, 57 | DEBUG | exec dump flows on s1
2021-10-20 01:00:08,433 | 4896 | tracing_net.flowtable.flow_monitor, read_dump_flow, 74 | DEBUG | get result for dump flows 1634691608.424486 : ['OFPST_FLOW reply (OF1.3) (xid=0x2):']
2021-10-20 01:00:08,434 | 4896 | tracing_net.flowtable.flow_monitor, read_dump_flow, 83 | WARNING | No result dump flows
2021-10-20 01:00:08,436 | 4899 | tracing_net.flowtable.flow_monitor, dump_flows, 57 | DEBUG | exec dump flows on s2
2021-10-20 01:00:08,450 | 4899 | tracing_net.flowtable.flow_monitor, read_dump_flow, 74 | DEBUG | get result for dump flows 1634691608.445528 : ['OFPST_FLOW reply (OF1.3) (xid=0x2):']
2021-10-20 01:00:08,451 | 4899 | tracing_net.flowtable.flow_monitor, read_dump_flow, 83 | WARNING | No result dump flows
2021-10-20 01:00:09,458 | 4896 | tracing_net.flowtable.flow_monitor, dump_flows, 57 | DEBUG | exec dump flows on s1
2021-10-20 01:00:09,459 | 4899 | tracing_net.flowtable.flow_monitor, dump_flows, 57 | DEBUG | exec dump flows on s2
2021-10-20 01:00:09,483 | 4899 | tracing_net.flowtable.flow_monitor, read_dump_flow, 74 | DEBUG | get result for dump flows 1634691609.47444 : ['OFPST_FLOW reply (OF1.3) (xid=0x2):']
2021-10-20 01:00:09,486 | 4899 | tracing_net.flowtable.flow_monitor, read_dump_flow, 83 | WARNING | No result dump flows
2021-10-20 01:00:09,487 | 4896 | tracing_net.flowtable.flow_monitor, read_dump_flow, 74 | DEBUG | get result for dump flows 1634691609.474258 : ['OFPST_FLOW reply (OF1.3) (xid=0x2):']
2021-10-20 01:00:09,498 | 4896 | tracing_net.flowtable.flow_monitor, read_dump_flow, 83 | WARNING | No result dump flows
2021-10-20 01:00:09,665 | 4750 | tracing_net.packet_repository, pop, 73 | ERROR | Failed to pop from packet repository (repo={})
2021-10-20 01:00:09,665 | 4750 | tracing_net.packet_repository, pop, 73 | ERROR | Failed to pop from packet repository (repo={})
2021-10-20 01:00:09,666 | 4750 | tracing_net.packet_repository, pop, 73 | ERROR | Failed to pop from packet repository (repo={})
2021-10-20 01:00:09,667 | 4750 | tracing_of_pipeline.analyzer, _poll_packet_inout_repo, 435 | DEBUG | tmp_p = None, s_dpip = 1
2021-10-20 01:00:09,668 | 4750 | tracing_of_pipeline.analyzer, _poll_packet_inout_repo, 435 | DEBUG | tmp_p = None, s_dpip = 2
2021-10-20 01:00:09,668 | 4750 | tracing_of_pipeline.analyzer, _polling, 395 | DEBUG | polled repository (start_time=1634691605.663971, until=1) values = {'l2': [], 'l1': [], 'l3': []} {} {'s1': [], 's2': []}
2021-10-20 01:00:09,669 | 4750 | tracing_of_pipeline.analyzer, analyze, 166 | WARNING | No packet in edge l2
2021-10-20 01:00:09,669 | 4750 | tracing_of_pipeline.analyzer, analyze, 166 | WARNING | No packet in edge l1
2021-10-20 01:00:09,670 | 4750 | tracing_of_pipeline.analyzer, analyze, 166 | WARNING | No packet in edge l3
2021-10-20 01:00:10,417 | 4896 | tracing_net.flowtable.flow_monitor, dump_flows, 57 | DEBUG | exec dump flows on s1
2021-10-20 01:00:10,429 | 4896 | tracing_net.flowtable.flow_monitor, read_dump_flow, 74 | DEBUG | get result for dump flows 1634691610.4242 : ['OFPST_FLOW reply (OF1.3) (xid=0x2):', ' cookie=0x0, duration=0.110s, table=0, n_packets=0, n_bytes=0, priority=0 actions=CONTROLLER:65535']
2021-10-20 01:00:10,437 | 4899 | tracing_net.flowtable.flow_monitor, dump_flows, 57 | DEBUG | exec dump flows on s2
2021-10-20 01:00:10,439 | 4896 | tracing_net.flowtable.flow_monitor, read_dump_flow, 80 | DEBUG | parsed dump flows result to table 1634691610.4242 : <FlowTables(datapath=0, timestamp=1634691610.4242, flows=[<Flow(table=0, priority=0, match={}, actions=[<InstructionApplyAction type=4>])>])>
2021-10-20 01:00:10,448 | 4899 | tracing_net.flowtable.flow_monitor, read_dump_flow, 74 | DEBUG | get result for dump flows 1634691610.443425 : ['OFPST_FLOW reply (OF1.3) (xid=0x2):', ' cookie=0x0, duration=0.137s, table=0, n_packets=0, n_bytes=0, priority=0 actions=CONTROLLER:65535']
2021-10-20 01:00:10,456 | 4899 | tracing_net.flowtable.flow_monitor, read_dump_flow, 80 | DEBUG | parsed dump flows result to table 1634691610.443425 : <FlowTables(datapath=0, timestamp=1634691610.443425, flows=[<Flow(table=0, priority=0, match={}, actions=[<InstructionApplyAction type=4>])>])>
2021-10-20 01:00:11,416 | 4896 | tracing_net.flowtable.flow_monitor, dump_flows, 57 | DEBUG | exec dump flows on s1
2021-10-20 01:00:11,430 | 4896 | tracing_net.flowtable.flow_monitor, read_dump_flow, 74 | DEBUG | get result for dump flows 1634691611.425081 : ['OFPST_FLOW reply (OF1.3) (xid=0x2):', ' cookie=0x0, duration=1.111s, table=0, n_packets=0, n_bytes=0, priority=0 actions=CONTROLLER:65535']
2021-10-20 01:00:11,434 | 4896 | tracing_net.flowtable.flow_monitor, read_dump_flow, 80 | DEBUG | parsed dump flows result to table 1634691611.425081 : <FlowTables(datapath=0, timestamp=1634691611.425081, flows=[<Flow(table=0, priority=0, match={}, actions=[<InstructionApplyAction type=4>])>])>
2021-10-20 01:00:11,437 | 4899 | tracing_net.flowtable.flow_monitor, dump_flows, 57 | DEBUG | exec dump flows on s2
2021-10-20 01:00:11,445 | 4899 | tracing_net.flowtable.flow_monitor, read_dump_flow, 74 | DEBUG | get result for dump flows 1634691611.441929 : ['OFPST_FLOW reply (OF1.3) (xid=0x2):', ' cookie=0x0, duration=1.135s, table=0, n_packets=0, n_bytes=0, priority=0 actions=CONTROLLER:65535']
2021-10-20 01:00:11,446 | 4899 | tracing_net.flowtable.flow_monitor, read_dump_flow, 80 | DEBUG | parsed dump flows result to table 1634691611.441929 : <FlowTables(datapath=0, timestamp=1634691611.441929, flows=[<Flow(table=0, priority=0, match={}, actions=[<InstructionApplyAction type=4>])>])>
2021-10-20 01:00:11,694 | 4750 | tracing_net.packet_repository, pop, 73 | ERROR | Failed to pop from packet repository (repo={})
2021-10-20 01:00:11,695 | 4750 | tracing_net.packet_repository, pop, 73 | ERROR | Failed to pop from packet repository (repo={})
2021-10-20 01:00:11,695 | 4750 | tracing_net.packet_repository, pop, 73 | ERROR | Failed to pop from packet repository (repo={})
2021-10-20 01:00:11,697 | 4750 | tracing_of_pipeline.analyzer, _poll_packet_inout_repo, 435 | DEBUG | tmp_p = None, s_dpip = 1
2021-10-20 01:00:11,698 | 4750 | tracing_of_pipeline.analyzer, _poll_packet_inout_repo, 435 | DEBUG | tmp_p = None, s_dpip = 2
2021-10-20 01:00:11,698 | 4750 | tracing_of_pipeline.analyzer, _polling, 395 | DEBUG | polled repository (start_time=1634691605.663971, until=2) values = {'l2': [], 'l1': [], 'l3': []} {} {'s1': [], 's2': []}
2021-10-20 01:00:11,699 | 4750 | tracing_of_pipeline.analyzer, analyze, 166 | WARNING | No packet in edge l2
2021-10-20 01:00:11,699 | 4750 | tracing_of_pipeline.analyzer, analyze, 166 | WARNING | No packet in edge l1
2021-10-20 01:00:11,700 | 4750 | tracing_of_pipeline.analyzer, analyze, 166 | WARNING | No packet in edge l3
2021-10-20 01:00:12,417 | 4896 | tracing_net.flowtable.flow_monitor, dump_flows, 57 | DEBUG | exec dump flows on s1
2021-10-20 01:00:12,428 | 4896 | tracing_net.flowtable.flow_monitor, read_dump_flow, 74 | DEBUG | get result for dump flows 1634691612.424647 : ['OFPST_FLOW reply (OF1.3) (xid=0x2):', ' cookie=0x0, duration=2.110s, table=0, n_packets=0, n_bytes=0, priority=0 actions=CONTROLLER:65535']
2021-10-20 01:00:12,429 | 4896 | tracing_net.flowtable.flow_monitor, read_dump_flow, 80 | DEBUG | parsed dump flows result to table 1634691612.424647 : <FlowTables(datapath=0, timestamp=1634691612.424647, flows=[<Flow(table=0, priority=0, match={}, actions=[<InstructionApplyAction type=4>])>])>
2021-10-20 01:00:12,436 | 4899 | tracing_net.flowtable.flow_monitor, dump_flows, 57 | DEBUG | exec dump flows on s2
2021-10-20 01:00:12,446 | 4899 | tracing_net.flowtable.flow_monitor, read_dump_flow, 74 | DEBUG | get result for dump flows 1634691612.442643 : ['OFPST_FLOW reply (OF1.3) (xid=0x2):', ' cookie=0x0, duration=2.136s, table=0, n_packets=0, n_bytes=0, priority=0 actions=CONTROLLER:65535']
2021-10-20 01:00:12,447 | 4899 | tracing_net.flowtable.flow_monitor, read_dump_flow, 80 | DEBUG | parsed dump flows result to table 1634691612.442643 : <FlowTables(datapath=0, timestamp=1634691612.442643, flows=[<Flow(table=0, priority=0, match={}, actions=[<InstructionApplyAction type=4>])>])>
2021-10-20 01:00:13,416 | 4896 | tracing_net.flowtable.flow_monitor, dump_flows, 57 | DEBUG | exec dump flows on s1
2021-10-20 01:00:13,436 | 4899 | tracing_net.flowtable.flow_monitor, dump_flows, 57 | DEBUG | exec dump flows on s2
2021-10-20 01:00:13,486 | 4896 | tracing_net.flowtable.flow_monitor, read_dump_flow, 74 | DEBUG | get result for dump flows 1634691613.467848 : ['OFPST_FLOW reply (OF1.3) (xid=0x2):', ' cookie=0x0, duration=0.075s, table=0, n_packets=1, n_bytes=98, priority=1,in_port=2,dl_src=1e:81:1f:09:25:79,dl_dst=86:eb:69:2a:d5:c1 actions=output:1', ' cookie=0x0, duration=0.072s, table=0, n_packets=0, n_bytes=0, priority=1,in_port=1,dl_src=86:eb:69:2a:d5:c1,dl_dst=1e:81:1f:09:25:79 actions=output:2', ' cookie=0x0, duration=3.168s, table=0, n_packets=3, n_bytes=182, priority=0 actions=CONTROLLER:65535']
2021-10-20 01:00:13,488 | 4896 | tracing_net.flowtable.flow_monitor, read_dump_flow, 80 | DEBUG | parsed dump flows result to table 1634691613.467848 : <FlowTables(datapath=0, timestamp=1634691613.467848, flows=[<Flow(table=0, priority=1, match=[<in_port, 2/None>, <dl_src, 1e:81:1f:09:25:79/None>, <dl_dst, 86:eb:69:2a:d5:c1/None>], actions=[<InstructionApplyAction type=4>])>, <Flow(table=0, priority=1, match=[<in_port, 1/None>, <dl_src, 86:eb:69:2a:d5:c1/None>, <dl_dst, 1e:81:1f:09:25:79/None>], actions=[<InstructionApplyAction type=4>])>, <Flow(table=0, priority=0, match={}, actions=[<InstructionApplyAction type=4>])>])>
2021-10-20 01:00:13,502 | 4899 | tracing_net.flowtable.flow_monitor, read_dump_flow, 74 | DEBUG | get result for dump flows 1634691613.483547 : ['OFPST_FLOW reply (OF1.3) (xid=0x2):', ' cookie=0x0, duration=0.109s, table=0, n_packets=1, n_bytes=98, priority=1,in_port=2,dl_src=1e:81:1f:09:25:79,dl_dst=86:eb:69:2a:d5:c1 actions=output:1', ' cookie=0x0, duration=0.081s, table=0, n_packets=0, n_bytes=0, priority=1,in_port=1,dl_src=86:eb:69:2a:d5:c1,dl_dst=1e:81:1f:09:25:79 actions=output:2', ' cookie=0x0, duration=3.188s, table=0, n_packets=3, n_bytes=182, priority=0 actions=CONTROLLER:65535']
2021-10-20 01:00:13,503 | 4899 | tracing_net.flowtable.flow_monitor, read_dump_flow, 80 | DEBUG | parsed dump flows result to table 1634691613.483547 : <FlowTables(datapath=0, timestamp=1634691613.483547, flows=[<Flow(table=0, priority=1, match=[<in_port, 2/None>, <dl_src, 1e:81:1f:09:25:79/None>, <dl_dst, 86:eb:69:2a:d5:c1/None>], actions=[<InstructionApplyAction type=4>])>, <Flow(table=0, priority=1, match=[<in_port, 1/None>, <dl_src, 86:eb:69:2a:d5:c1/None>, <dl_dst, 1e:81:1f:09:25:79/None>], actions=[<InstructionApplyAction type=4>])>, <Flow(table=0, priority=0, match={}, actions=[<InstructionApplyAction type=4>])>])>
2021-10-20 01:00:13,667 | 4750 | tracing_of_pipeline.analyzer, _poll_packet_inout_repo, 435 | DEBUG | tmp_p = [], s_dpip = 1
2021-10-20 01:00:13,668 | 4750 | tracing_of_pipeline.analyzer, _poll_packet_inout_repo, 435 | DEBUG | tmp_p = [], s_dpip = 2
2021-10-20 01:00:13,668 | 4750 | tracing_of_pipeline.analyzer, _polling, 395 | DEBUG | polled repository (start_time=1634691605.663971, until=3) values = {'l2': [], 'l1': [], 'l3': []} {} {'s1': [], 's2': []}
2021-10-20 01:00:13,669 | 4750 | tracing_of_pipeline.analyzer, analyze, 166 | WARNING | No packet in edge l2
2021-10-20 01:00:13,670 | 4750 | tracing_of_pipeline.analyzer, analyze, 166 | WARNING | No packet in edge l1
2021-10-20 01:00:13,675 | 4750 | tracing_of_pipeline.analyzer, analyze, 166 | WARNING | No packet in edge l3
2021-10-20 01:00:14,423 | 4896 | tracing_net.flowtable.flow_monitor, dump_flows, 57 | DEBUG | exec dump flows on s1
2021-10-20 01:00:14,432 | 4896 | tracing_net.flowtable.flow_monitor, read_dump_flow, 74 | DEBUG | get result for dump flows 1634691614.429106 : ['OFPST_FLOW reply (OF1.3) (xid=0x2):', ' cookie=0x0, duration=1.021s, table=0, n_packets=1, n_bytes=98, priority=1,in_port=2,dl_src=1e:81:1f:09:25:79,dl_dst=86:eb:69:2a:d5:c1 actions=output:1', ' cookie=0x0, duration=1.018s, table=0, n_packets=0, n_bytes=0, priority=1,in_port=1,dl_src=86:eb:69:2a:d5:c1,dl_dst=1e:81:1f:09:25:79 actions=output:2', ' cookie=0x0, duration=4.114s, table=0, n_packets=3, n_bytes=182, priority=0 actions=CONTROLLER:65535']
2021-10-20 01:00:14,434 | 4896 | tracing_net.flowtable.flow_monitor, read_dump_flow, 80 | DEBUG | parsed dump flows result to table 1634691614.429106 : <FlowTables(datapath=0, timestamp=1634691614.429106, flows=[<Flow(table=0, priority=1, match=[<in_port, 2/None>, <dl_src, 1e:81:1f:09:25:79/None>, <dl_dst, 86:eb:69:2a:d5:c1/None>], actions=[<InstructionApplyAction type=4>])>, <Flow(table=0, priority=1, match=[<in_port, 1/None>, <dl_src, 86:eb:69:2a:d5:c1/None>, <dl_dst, 1e:81:1f:09:25:79/None>], actions=[<InstructionApplyAction type=4>])>, <Flow(table=0, priority=0, match={}, actions=[<InstructionApplyAction type=4>])>])>
2021-10-20 01:00:14,437 | 4899 | tracing_net.flowtable.flow_monitor, dump_flows, 57 | DEBUG | exec dump flows on s2
2021-10-20 01:00:14,446 | 4899 | tracing_net.flowtable.flow_monitor, read_dump_flow, 74 | DEBUG | get result for dump flows 1634691614.44266 : ['OFPST_FLOW reply (OF1.3) (xid=0x2):', ' cookie=0x0, duration=1.057s, table=0, n_packets=1, n_bytes=98, priority=1,in_port=2,dl_src=1e:81:1f:09:25:79,dl_dst=86:eb:69:2a:d5:c1 actions=output:1', ' cookie=0x0, duration=1.029s, table=0, n_packets=0, n_bytes=0, priority=1,in_port=1,dl_src=86:eb:69:2a:d5:c1,dl_dst=1e:81:1f:09:25:79 actions=output:2', ' cookie=0x0, duration=4.136s, table=0, n_packets=3, n_bytes=182, priority=0 actions=CONTROLLER:65535']
2021-10-20 01:00:14,447 | 4899 | tracing_net.flowtable.flow_monitor, read_dump_flow, 80 | DEBUG | parsed dump flows result to table 1634691614.44266 : <FlowTables(datapath=0, timestamp=1634691614.44266, flows=[<Flow(table=0, priority=1, match=[<in_port, 2/None>, <dl_src, 1e:81:1f:09:25:79/None>, <dl_dst, 86:eb:69:2a:d5:c1/None>], actions=[<InstructionApplyAction type=4>])>, <Flow(table=0, priority=1, match=[<in_port, 1/None>, <dl_src, 86:eb:69:2a:d5:c1/None>, <dl_dst, 1e:81:1f:09:25:79/None>], actions=[<InstructionApplyAction type=4>])>, <Flow(table=0, priority=0, match={}, actions=[<InstructionApplyAction type=4>])>])>
2021-10-20 01:00:15,435 | 4896 | tracing_net.flowtable.flow_monitor, dump_flows, 57 | DEBUG | exec dump flows on s1
2021-10-20 01:00:15,436 | 4899 | tracing_net.flowtable.flow_monitor, dump_flows, 57 | DEBUG | exec dump flows on s2
2021-10-20 01:00:15,446 | 4896 | tracing_net.flowtable.flow_monitor, read_dump_flow, 74 | DEBUG | get result for dump flows 1634691615.442039 : ['OFPST_FLOW reply (OF1.3) (xid=0x2):', ' cookie=0x0, duration=2.035s, table=0, n_packets=1, n_bytes=98, priority=1,in_port=2,dl_src=1e:81:1f:09:25:79,dl_dst=86:eb:69:2a:d5:c1 actions=output:1', ' cookie=0x0, duration=2.032s, table=0, n_packets=0, n_bytes=0, priority=1,in_port=1,dl_src=86:eb:69:2a:d5:c1,dl_dst=1e:81:1f:09:25:79 actions=output:2', ' cookie=0x0, duration=5.128s, table=0, n_packets=3, n_bytes=182, priority=0 actions=CONTROLLER:65535']
2021-10-20 01:00:15,450 | 4896 | tracing_net.flowtable.flow_monitor, read_dump_flow, 80 | DEBUG | parsed dump flows result to table 1634691615.442039 : <FlowTables(datapath=0, timestamp=1634691615.442039, flows=[<Flow(table=0, priority=1, match=[<in_port, 2/None>, <dl_src, 1e:81:1f:09:25:79/None>, <dl_dst, 86:eb:69:2a:d5:c1/None>], actions=[<InstructionApplyAction type=4>])>, <Flow(table=0, priority=1, match=[<in_port, 1/None>, <dl_src, 86:eb:69:2a:d5:c1/None>, <dl_dst, 1e:81:1f:09:25:79/None>], actions=[<InstructionApplyAction type=4>])>, <Flow(table=0, priority=0, match={}, actions=[<InstructionApplyAction type=4>])>])>
2021-10-20 01:00:15,451 | 4899 | tracing_net.flowtable.flow_monitor, read_dump_flow, 74 | DEBUG | get result for dump flows 1634691615.443871 : ['OFPST_FLOW reply (OF1.3) (xid=0x2):', ' cookie=0x0, duration=2.062s, table=0, n_packets=1, n_bytes=98, priority=1,in_port=2,dl_src=1e:81:1f:09:25:79,dl_dst=86:eb:69:2a:d5:c1 actions=output:1', ' cookie=0x0, duration=2.034s, table=0, n_packets=0, n_bytes=0, priority=1,in_port=1,dl_src=86:eb:69:2a:d5:c1,dl_dst=1e:81:1f:09:25:79 actions=output:2', ' cookie=0x0, duration=5.141s, table=0, n_packets=3, n_bytes=182, priority=0 actions=CONTROLLER:65535']
2021-10-20 01:00:15,453 | 4899 | tracing_net.flowtable.flow_monitor, read_dump_flow, 80 | DEBUG | parsed dump flows result to table 1634691615.443871 : <FlowTables(datapath=0, timestamp=1634691615.443871, flows=[<Flow(table=0, priority=1, match=[<in_port, 2/None>, <dl_src, 1e:81:1f:09:25:79/None>, <dl_dst, 86:eb:69:2a:d5:c1/None>], actions=[<InstructionApplyAction type=4>])>, <Flow(table=0, priority=1, match=[<in_port, 1/None>, <dl_src, 86:eb:69:2a:d5:c1/None>, <dl_dst, 1e:81:1f:09:25:79/None>], actions=[<InstructionApplyAction type=4>])>, <Flow(table=0, priority=0, match={}, actions=[<InstructionApplyAction type=4>])>])>
2021-10-20 01:00:15,665 | 4750 | tracing_of_pipeline.analyzer, _poll_packet_inout_repo, 435 | DEBUG | tmp_p = [<Message msg_name=OFPT_PACKET_IN of_msg=PacketIn(xid=UBInt32(0)) timestamp=1634691613.280071 local_port=58202 datapath_id=1>, <Message msg_name=OFPT_PACKET_OUT of_msg=PacketOut(xid=UBInt32(2493154022)) timestamp=1634691613.298446 local_port=58202 datapath_id=1>], s_dpip = 1
2021-10-20 01:00:15,665 | 4750 | tracing_of_pipeline.analyzer, _poll_packet_inout_repo, 435 | DEBUG | tmp_p = [<Message msg_name=OFPT_PACKET_IN of_msg=PacketIn(xid=UBInt32(0)) timestamp=1634691613.324313 local_port=58204 datapath_id=2>, <Message msg_name=OFPT_PACKET_OUT of_msg=PacketOut(xid=UBInt32(3278910708)) timestamp=1634691613.335887 local_port=58204 datapath_id=2>, <Message msg_name=OFPT_PACKET_IN of_msg=PacketIn(xid=UBInt32(0)) timestamp=1634691613.353087 local_port=58204 datapath_id=2>], s_dpip = 2
2021-10-20 01:00:15,666 | 4750 | tracing_of_pipeline.analyzer, _polling, 395 | DEBUG | polled repository (start_time=1634691605.663971, until=4) values = {'l2': [<Msg captured_interface=s1-eth1, sniff_timestamp=1634691613.2726483, pkt=<ARP_RAW Packet>, in_port=s1-eth1, in_phy_port=s1-eth1>, <Msg captured_interface=s1-eth1, sniff_timestamp=1634691613.4112337, pkt=<ARP_RAW Packet>, in_port=s1-eth1, in_phy_port=s1-eth1>, <Msg captured_interface=s1-eth1, sniff_timestamp=1634691613.4112542, pkt=<ICMP_RAW Packet>, in_port=s1-eth1, in_phy_port=s1-eth1>], 'l1': [<Msg captured_interface=s1-eth2, sniff_timestamp=1634691613.2980886, pkt=<ARP_RAW Packet>, in_port=s1-eth2, in_phy_port=s1-eth2>, <Msg captured_interface=s1-eth2, sniff_timestamp=1634691613.3886523, pkt=<ARP_RAW Packet>, in_port=s1-eth2, in_phy_port=s1-eth2>, <Msg captured_interface=s1-eth2, sniff_timestamp=1634691613.4140573, pkt=<ICMP_RAW Packet>, in_port=s1-eth2, in_phy_port=s1-eth2>], 'l3': [<Msg captured_interface=s2-eth2, sniff_timestamp=1634691613.335485, pkt=<ARP_RAW Packet>, in_port=s2-eth2, in_phy_port=s2-eth2>, <Msg captured_interface=s2-eth2, sniff_timestamp=1634691613.3356667, pkt=<ARP_RAW Packet>, in_port=s2-eth2, in_phy_port=s2-eth2>, <Msg captured_interface=s2-eth2, sniff_timestamp=1634691613.4165506, pkt=<ICMP_RAW Packet>, in_port=s2-eth2, in_phy_port=s2-eth2>]} {} {'s1': [<Message msg_name=OFPT_PACKET_IN of_msg=PacketIn(xid=UBInt32(0)) timestamp=1634691613.280071 local_port=58202 datapath_id=1>, <Message msg_name=OFPT_PACKET_OUT of_msg=PacketOut(xid=UBInt32(2493154022)) timestamp=1634691613.298446 local_port=58202 datapath_id=1>], 's2': [<Message msg_name=OFPT_PACKET_IN of_msg=PacketIn(xid=UBInt32(0)) timestamp=1634691613.324313 local_port=58204 datapath_id=2>, <Message msg_name=OFPT_PACKET_OUT of_msg=PacketOut(xid=UBInt32(3278910708)) timestamp=1634691613.335887 local_port=58204 datapath_id=2>, <Message msg_name=OFPT_PACKET_IN of_msg=PacketIn(xid=UBInt32(0)) timestamp=1634691613.353087 local_port=58204 datapath_id=2>]}
2021-10-20 01:00:15,666 | 4750 | tracing_of_pipeline.analyzer, _analyze_packet_out, 180 | DEBUG | I will processing packetout(<Message msg_name=OFPT_PACKET_OUT of_msg=PacketOut(xid=UBInt32(2493154022)) timestamp=1634691613.298446 local_port=58202 datapath_id=1>)
2021-10-20 01:00:15,668 | 4750 | tracing_of_pipeline.analyzer, _analyze_packet_out, 197 | DEBUG | packet out's in_port 1
2021-10-20 01:00:15,669 | 4750 | tracing_of_pipeline.analyzer, BFS, 273 | DEBUG | processing msg <Msg captured_interface=s1-eth2, sniff_timestamp=1634691613.3886523, pkt=<ARP_RAW Packet>, in_port=1, in_phy_port=s2-eth1>
2021-10-20 01:00:15,670 | 4750 | tracing_of_pipeline.analyzer, BFS, 352 | WARNING | dst s2 is not flowtable
2021-10-20 01:00:15,675 | 4750 | tracing_of_pipeline.packet_trace_handler, append, 31 | DEBUG | 1634691613.298446 : 2054 : (controller, s1)(s1, s2)
2021-10-20 01:00:15,676 | 4750 | tracing_of_pipeline.analyzer, _analyze_packet_out, 180 | DEBUG | I will processing packetout(<Message msg_name=OFPT_PACKET_OUT of_msg=PacketOut(xid=UBInt32(3278910708)) timestamp=1634691613.335887 local_port=58204 datapath_id=2>)
2021-10-20 01:00:15,677 | 4750 | tracing_of_pipeline.analyzer, _analyze_packet_out, 197 | DEBUG | packet out's in_port 1
2021-10-20 01:00:15,677 | 4750 | tracing_of_pipeline.packet_trace_handler, append, 31 | DEBUG | 1634691613.335887 : 2054 : (controller, s2)(s2, h2)
2021-10-20 01:00:15,678 | 4750 | tracing_of_pipeline.analyzer, BFS, 273 | DEBUG | processing msg <Msg captured_interface=s1-eth1, sniff_timestamp=1634691613.2726483, pkt=<ARP_RAW Packet>, in_port=1, in_phy_port=s1-eth1>
2021-10-20 01:00:15,680 | 4750 | tracing_of_pipeline.pipeline, apply_pipeline, 50 | DEBUG | msg<Msg captured_interface=s1-eth1, sniff_timestamp=1634691613.2726483, pkt=<ARP_RAW Packet>, in_port=1, in_phy_port=s1-eth1> apply pipeline <FlowTables(datapath=0, timestamp=1634691610.4242, flows=[<Flow(table=0, priority=0, match={}, actions=[<InstructionApplyAction type=4>])>])>
2021-10-20 01:00:15,682 | 4750 | tracing_of_pipeline.pipeline, apply_pipeline, 66 | DEBUG | result<InstructionResult msg=<Msg captured_interface=s1-eth1, sniff_timestamp=1634691613.2726483, pkt=<ARP_RAW Packet>, in_port=1, in_phy_port=s1-eth1> action_set=<src.tracing_net.ofproto.action.ActionSet object at 0x7effd6e2f910> out_ports=['65535'] table_id=None> of action that msg<Msg captured_interface=s1-eth1, sniff_timestamp=1634691613.2726483, pkt=<ARP_RAW Packet>, in_port=1, in_phy_port=s1-eth1> is applied 
2021-10-20 01:00:15,682 | 4750 | tracing_of_pipeline.analyzer, BFS, 287 | DEBUG | After applied pipeline, out_ports to msg [('65535', <Msg captured_interface=s1-eth1, sniff_timestamp=1634691613.2726483, pkt=<ARP_RAW Packet>, in_port=1, in_phy_port=s1-eth1>)]
2021-10-20 01:00:15,684 | 4750 | tracing_of_pipeline.packet_trace_handler, append, 31 | DEBUG | 1634691613.2726483 : 0x00000806 : (h1, s1)(s1, controller)
2021-10-20 01:00:15,684 | 4750 | tracing_of_pipeline.analyzer, BFS, 273 | DEBUG | processing msg <Msg captured_interface=s1-eth1, sniff_timestamp=1634691613.4112542, pkt=<ICMP_RAW Packet>, in_port=1, in_phy_port=s1-eth1>
2021-10-20 01:00:15,686 | 4750 | tracing_of_pipeline.pipeline, apply_pipeline, 50 | DEBUG | msg<Msg captured_interface=s1-eth1, sniff_timestamp=1634691613.4112542, pkt=<ICMP_RAW Packet>, in_port=1, in_phy_port=s1-eth1> apply pipeline <FlowTables(datapath=0, timestamp=1634691610.4242, flows=[<Flow(table=0, priority=0, match={}, actions=[<InstructionApplyAction type=4>])>])>
2021-10-20 01:00:15,688 | 4750 | tracing_of_pipeline.pipeline, apply_pipeline, 66 | DEBUG | result<InstructionResult msg=<Msg captured_interface=s1-eth1, sniff_timestamp=1634691613.4112542, pkt=<ICMP_RAW Packet>, in_port=1, in_phy_port=s1-eth1> action_set=<src.tracing_net.ofproto.action.ActionSet object at 0x7effd6e61f70> out_ports=['65535'] table_id=None> of action that msg<Msg captured_interface=s1-eth1, sniff_timestamp=1634691613.4112542, pkt=<ICMP_RAW Packet>, in_port=1, in_phy_port=s1-eth1> is applied 
2021-10-20 01:00:15,688 | 4750 | tracing_of_pipeline.analyzer, BFS, 287 | DEBUG | After applied pipeline, out_ports to msg [('65535', <Msg captured_interface=s1-eth1, sniff_timestamp=1634691613.4112542, pkt=<ICMP_RAW Packet>, in_port=1, in_phy_port=s1-eth1>)]
2021-10-20 01:00:15,690 | 4750 | tracing_of_pipeline.packet_trace_handler, append, 31 | DEBUG | 1634691613.4112542 : 0x00000800 : (h1, s1)(s1, controller)
2021-10-20 01:00:15,691 | 4750 | tracing_of_pipeline.analyzer, analyze, 164 | WARNING | edge l1 is not terminal edge. The analysis done before may not have been done properly.
2021-10-20 01:00:15,691 | 4750 | tracing_of_pipeline.analyzer, BFS, 273 | DEBUG | processing msg <Msg captured_interface=s2-eth2, sniff_timestamp=1634691613.335485, pkt=<ARP_RAW Packet>, in_port=2, in_phy_port=s2-eth2>
2021-10-20 01:00:15,693 | 4750 | tracing_of_pipeline.pipeline, apply_pipeline, 50 | DEBUG | msg<Msg captured_interface=s2-eth2, sniff_timestamp=1634691613.335485, pkt=<ARP_RAW Packet>, in_port=2, in_phy_port=s2-eth2> apply pipeline <FlowTables(datapath=0, timestamp=1634691610.443425, flows=[<Flow(table=0, priority=0, match={}, actions=[<InstructionApplyAction type=4>])>])>
2021-10-20 01:00:15,694 | 4750 | tracing_of_pipeline.pipeline, apply_pipeline, 66 | DEBUG | result<InstructionResult msg=<Msg captured_interface=s2-eth2, sniff_timestamp=1634691613.335485, pkt=<ARP_RAW Packet>, in_port=2, in_phy_port=s2-eth2> action_set=<src.tracing_net.ofproto.action.ActionSet object at 0x7effdceb2df0> out_ports=['65535'] table_id=None> of action that msg<Msg captured_interface=s2-eth2, sniff_timestamp=1634691613.335485, pkt=<ARP_RAW Packet>, in_port=2, in_phy_port=s2-eth2> is applied 
2021-10-20 01:00:15,695 | 4750 | tracing_of_pipeline.analyzer, BFS, 287 | DEBUG | After applied pipeline, out_ports to msg [('65535', <Msg captured_interface=s2-eth2, sniff_timestamp=1634691613.335485, pkt=<ARP_RAW Packet>, in_port=2, in_phy_port=s2-eth2>)]
2021-10-20 01:00:15,696 | 4750 | tracing_of_pipeline.packet_trace_handler, append, 31 | DEBUG | 1634691613.335485 : 0x00000806 : (h2, s2)(s2, controller)
2021-10-20 01:00:15,697 | 4750 | tracing_of_pipeline.analyzer, BFS, 273 | DEBUG | processing msg <Msg captured_interface=s2-eth2, sniff_timestamp=1634691613.4165506, pkt=<ICMP_RAW Packet>, in_port=2, in_phy_port=s2-eth2>
2021-10-20 01:00:15,698 | 4750 | tracing_of_pipeline.pipeline, apply_pipeline, 50 | DEBUG | msg<Msg captured_interface=s2-eth2, sniff_timestamp=1634691613.4165506, pkt=<ICMP_RAW Packet>, in_port=2, in_phy_port=s2-eth2> apply pipeline <FlowTables(datapath=0, timestamp=1634691610.443425, flows=[<Flow(table=0, priority=0, match={}, actions=[<InstructionApplyAction type=4>])>])>
2021-10-20 01:00:15,700 | 4750 | tracing_of_pipeline.pipeline, apply_pipeline, 66 | DEBUG | result<InstructionResult msg=<Msg captured_interface=s2-eth2, sniff_timestamp=1634691613.4165506, pkt=<ICMP_RAW Packet>, in_port=2, in_phy_port=s2-eth2> action_set=<src.tracing_net.ofproto.action.ActionSet object at 0x7effd6e6ddf0> out_ports=['65535'] table_id=None> of action that msg<Msg captured_interface=s2-eth2, sniff_timestamp=1634691613.4165506, pkt=<ICMP_RAW Packet>, in_port=2, in_phy_port=s2-eth2> is applied 
2021-10-20 01:00:15,700 | 4750 | tracing_of_pipeline.analyzer, BFS, 287 | DEBUG | After applied pipeline, out_ports to msg [('65535', <Msg captured_interface=s2-eth2, sniff_timestamp=1634691613.4165506, pkt=<ICMP_RAW Packet>, in_port=2, in_phy_port=s2-eth2>)]
2021-10-20 01:00:15,705 | 4750 | tracing_of_pipeline.packet_trace_handler, append, 31 | DEBUG | 1634691613.4165506 : 0x00000800 : (h2, s2)(s2, controller)
2021-10-20 01:00:16,417 | 4896 | tracing_net.flowtable.flow_monitor, dump_flows, 57 | DEBUG | exec dump flows on s1
2021-10-20 01:00:16,434 | 4896 | tracing_net.flowtable.flow_monitor, read_dump_flow, 74 | DEBUG | get result for dump flows 1634691616.42789 : ['OFPST_FLOW reply (OF1.3) (xid=0x2):', ' cookie=0x0, duration=3.021s, table=0, n_packets=1, n_bytes=98, priority=1,in_port=2,dl_src=1e:81:1f:09:25:79,dl_dst=86:eb:69:2a:d5:c1 actions=output:1', ' cookie=0x0, duration=3.018s, table=0, n_packets=0, n_bytes=0, priority=1,in_port=1,dl_src=86:eb:69:2a:d5:c1,dl_dst=1e:81:1f:09:25:79 actions=output:2', ' cookie=0x0, duration=6.114s, table=0, n_packets=3, n_bytes=182, priority=0 actions=CONTROLLER:65535']
2021-10-20 01:00:16,437 | 4899 | tracing_net.flowtable.flow_monitor, dump_flows, 57 | DEBUG | exec dump flows on s2
2021-10-20 01:00:16,438 | 4896 | tracing_net.flowtable.flow_monitor, read_dump_flow, 80 | DEBUG | parsed dump flows result to table 1634691616.42789 : <FlowTables(datapath=0, timestamp=1634691616.42789, flows=[<Flow(table=0, priority=1, match=[<in_port, 2/None>, <dl_src, 1e:81:1f:09:25:79/None>, <dl_dst, 86:eb:69:2a:d5:c1/None>], actions=[<InstructionApplyAction type=4>])>, <Flow(table=0, priority=1, match=[<in_port, 1/None>, <dl_src, 86:eb:69:2a:d5:c1/None>, <dl_dst, 1e:81:1f:09:25:79/None>], actions=[<InstructionApplyAction type=4>])>, <Flow(table=0, priority=0, match={}, actions=[<InstructionApplyAction type=4>])>])>
2021-10-20 01:00:16,453 | 4899 | tracing_net.flowtable.flow_monitor, read_dump_flow, 74 | DEBUG | get result for dump flows 1634691616.444572 : ['OFPST_FLOW reply (OF1.3) (xid=0x2):', ' cookie=0x0, duration=3.064s, table=0, n_packets=1, n_bytes=98, priority=1,in_port=2,dl_src=1e:81:1f:09:25:79,dl_dst=86:eb:69:2a:d5:c1 actions=output:1', ' cookie=0x0, duration=3.036s, table=0, n_packets=0, n_bytes=0, priority=1,in_port=1,dl_src=86:eb:69:2a:d5:c1,dl_dst=1e:81:1f:09:25:79 actions=output:2', ' cookie=0x0, duration=6.143s, table=0, n_packets=3, n_bytes=182, priority=0 actions=CONTROLLER:65535']
2021-10-20 01:00:16,455 | 4899 | tracing_net.flowtable.flow_monitor, read_dump_flow, 80 | DEBUG | parsed dump flows result to table 1634691616.444572 : <FlowTables(datapath=0, timestamp=1634691616.444572, flows=[<Flow(table=0, priority=1, match=[<in_port, 2/None>, <dl_src, 1e:81:1f:09:25:79/None>, <dl_dst, 86:eb:69:2a:d5:c1/None>], actions=[<InstructionApplyAction type=4>])>, <Flow(table=0, priority=1, match=[<in_port, 1/None>, <dl_src, 86:eb:69:2a:d5:c1/None>, <dl_dst, 1e:81:1f:09:25:79/None>], actions=[<InstructionApplyAction type=4>])>, <Flow(table=0, priority=0, match={}, actions=[<InstructionApplyAction type=4>])>])>
2021-10-20 01:00:17,417 | 4896 | tracing_net.flowtable.flow_monitor, dump_flows, 57 | DEBUG | exec dump flows on s1
2021-10-20 01:00:17,425 | 4896 | tracing_net.flowtable.flow_monitor, read_dump_flow, 74 | DEBUG | get result for dump flows 1634691617.422032 : ['OFPST_FLOW reply (OF1.3) (xid=0x2):', ' cookie=0x0, duration=4.014s, table=0, n_packets=1, n_bytes=98, priority=1,in_port=2,dl_src=1e:81:1f:09:25:79,dl_dst=86:eb:69:2a:d5:c1 actions=output:1', ' cookie=0x0, duration=4.011s, table=0, n_packets=0, n_bytes=0, priority=1,in_port=1,dl_src=86:eb:69:2a:d5:c1,dl_dst=1e:81:1f:09:25:79 actions=output:2', ' cookie=0x0, duration=7.107s, table=0, n_packets=3, n_bytes=182, priority=0 actions=CONTROLLER:65535']
2021-10-20 01:00:17,426 | 4896 | tracing_net.flowtable.flow_monitor, read_dump_flow, 80 | DEBUG | parsed dump flows result to table 1634691617.422032 : <FlowTables(datapath=0, timestamp=1634691617.422032, flows=[<Flow(table=0, priority=1, match=[<in_port, 2/None>, <dl_src, 1e:81:1f:09:25:79/None>, <dl_dst, 86:eb:69:2a:d5:c1/None>], actions=[<InstructionApplyAction type=4>])>, <Flow(table=0, priority=1, match=[<in_port, 1/None>, <dl_src, 86:eb:69:2a:d5:c1/None>, <dl_dst, 1e:81:1f:09:25:79/None>], actions=[<InstructionApplyAction type=4>])>, <Flow(table=0, priority=0, match={}, actions=[<InstructionApplyAction type=4>])>])>
2021-10-20 01:00:17,437 | 4899 | tracing_net.flowtable.flow_monitor, dump_flows, 57 | DEBUG | exec dump flows on s2
2021-10-20 01:00:17,446 | 4899 | tracing_net.flowtable.flow_monitor, read_dump_flow, 74 | DEBUG | get result for dump flows 1634691617.442816 : ['OFPST_FLOW reply (OF1.3) (xid=0x2):', ' cookie=0x0, duration=4.057s, table=0, n_packets=1, n_bytes=98, priority=1,in_port=2,dl_src=1e:81:1f:09:25:79,dl_dst=86:eb:69:2a:d5:c1 actions=output:1', ' cookie=0x0, duration=4.029s, table=0, n_packets=0, n_bytes=0, priority=1,in_port=1,dl_src=86:eb:69:2a:d5:c1,dl_dst=1e:81:1f:09:25:79 actions=output:2', ' cookie=0x0, duration=7.136s, table=0, n_packets=3, n_bytes=182, priority=0 actions=CONTROLLER:65535']
2021-10-20 01:00:17,448 | 4899 | tracing_net.flowtable.flow_monitor, read_dump_flow, 80 | DEBUG | parsed dump flows result to table 1634691617.442816 : <FlowTables(datapath=0, timestamp=1634691617.442816, flows=[<Flow(table=0, priority=1, match=[<in_port, 2/None>, <dl_src, 1e:81:1f:09:25:79/None>, <dl_dst, 86:eb:69:2a:d5:c1/None>], actions=[<InstructionApplyAction type=4>])>, <Flow(table=0, priority=1, match=[<in_port, 1/None>, <dl_src, 86:eb:69:2a:d5:c1/None>, <dl_dst, 1e:81:1f:09:25:79/None>], actions=[<InstructionApplyAction type=4>])>, <Flow(table=0, priority=0, match={}, actions=[<InstructionApplyAction type=4>])>])>
2021-10-20 01:00:17,668 | 4750 | tracing_of_pipeline.analyzer, _poll_packet_inout_repo, 435 | DEBUG | tmp_p = [], s_dpip = 1
2021-10-20 01:00:17,669 | 4750 | tracing_of_pipeline.analyzer, _poll_packet_inout_repo, 435 | DEBUG | tmp_p = [], s_dpip = 2
2021-10-20 01:00:17,670 | 4750 | tracing_of_pipeline.analyzer, _polling, 395 | DEBUG | polled repository (start_time=1634691605.663971, until=5) values = {'l2': [<Msg captured_interface=s1-eth1, sniff_timestamp=1634691613.4112337, pkt=<ARP_RAW Packet>, in_port=s1-eth1, in_phy_port=s1-eth1>], 'l1': [<Msg captured_interface=s1-eth2, sniff_timestamp=1634691613.2980886, pkt=<ARP_RAW Packet>, in_port=s1-eth2, in_phy_port=s1-eth2>, <Msg captured_interface=s1-eth2, sniff_timestamp=1634691613.3886523, pkt=<ARP_RAW Packet>, in_port=1, in_phy_port=s2-eth1>, <Msg captured_interface=s1-eth2, sniff_timestamp=1634691613.4140573, pkt=<ICMP_RAW Packet>, in_port=s1-eth2, in_phy_port=s1-eth2>], 'l3': [<Msg captured_interface=s2-eth2, sniff_timestamp=1634691613.3356667, pkt=<ARP_RAW Packet>, in_port=s2-eth2, in_phy_port=s2-eth2>]} {} {'s1': [<Message msg_name=OFPT_PACKET_IN of_msg=PacketIn(xid=UBInt32(0)) timestamp=1634691613.280071 local_port=58202 datapath_id=1>], 's2': [<Message msg_name=OFPT_PACKET_IN of_msg=PacketIn(xid=UBInt32(0)) timestamp=1634691613.324313 local_port=58204 datapath_id=2>, <Message msg_name=OFPT_PACKET_IN of_msg=PacketIn(xid=UBInt32(0)) timestamp=1634691613.353087 local_port=58204 datapath_id=2>]}
2021-10-20 01:00:17,671 | 4750 | tracing_of_pipeline.analyzer, BFS, 273 | DEBUG | processing msg <Msg captured_interface=s1-eth1, sniff_timestamp=1634691613.4112337, pkt=<ARP_RAW Packet>, in_port=1, in_phy_port=s1-eth1>
2021-10-20 01:00:17,672 | 4750 | tracing_of_pipeline.pipeline, apply_pipeline, 50 | DEBUG | msg<Msg captured_interface=s1-eth1, sniff_timestamp=1634691613.4112337, pkt=<ARP_RAW Packet>, in_port=1, in_phy_port=s1-eth1> apply pipeline <FlowTables(datapath=0, timestamp=1634691610.4242, flows=[<Flow(table=0, priority=0, match={}, actions=[<InstructionApplyAction type=4>])>])>
2021-10-20 01:00:17,674 | 4750 | tracing_of_pipeline.pipeline, apply_pipeline, 66 | DEBUG | result<InstructionResult msg=<Msg captured_interface=s1-eth1, sniff_timestamp=1634691613.4112337, pkt=<ARP_RAW Packet>, in_port=1, in_phy_port=s1-eth1> action_set=<src.tracing_net.ofproto.action.ActionSet object at 0x7effd40e35b0> out_ports=['65535'] table_id=None> of action that msg<Msg captured_interface=s1-eth1, sniff_timestamp=1634691613.4112337, pkt=<ARP_RAW Packet>, in_port=1, in_phy_port=s1-eth1> is applied 
2021-10-20 01:00:17,675 | 4750 | tracing_of_pipeline.analyzer, BFS, 287 | DEBUG | After applied pipeline, out_ports to msg [('65535', <Msg captured_interface=s1-eth1, sniff_timestamp=1634691613.4112337, pkt=<ARP_RAW Packet>, in_port=1, in_phy_port=s1-eth1>)]
2021-10-20 01:00:17,676 | 4750 | tracing_of_pipeline.packet_trace_handler, append, 31 | DEBUG | 1634691613.4112337 : 0x00000806 : (h1, s1)(s1, controller)
2021-10-20 01:00:17,677 | 4750 | tracing_of_pipeline.analyzer, analyze, 164 | WARNING | edge l1 is not terminal edge. The analysis done before may not have been done properly.
2021-10-20 01:00:17,678 | 4750 | tracing_of_pipeline.analyzer, BFS, 273 | DEBUG | processing msg <Msg captured_interface=s2-eth2, sniff_timestamp=1634691613.3356667, pkt=<ARP_RAW Packet>, in_port=2, in_phy_port=s2-eth2>
2021-10-20 01:00:17,679 | 4750 | tracing_of_pipeline.pipeline, apply_pipeline, 50 | DEBUG | msg<Msg captured_interface=s2-eth2, sniff_timestamp=1634691613.3356667, pkt=<ARP_RAW Packet>, in_port=2, in_phy_port=s2-eth2> apply pipeline <FlowTables(datapath=0, timestamp=1634691610.443425, flows=[<Flow(table=0, priority=0, match={}, actions=[<InstructionApplyAction type=4>])>])>
2021-10-20 01:00:17,680 | 4750 | tracing_of_pipeline.pipeline, apply_pipeline, 66 | DEBUG | result<InstructionResult msg=<Msg captured_interface=s2-eth2, sniff_timestamp=1634691613.3356667, pkt=<ARP_RAW Packet>, in_port=2, in_phy_port=s2-eth2> action_set=<src.tracing_net.ofproto.action.ActionSet object at 0x7effdceb2eb0> out_ports=['65535'] table_id=None> of action that msg<Msg captured_interface=s2-eth2, sniff_timestamp=1634691613.3356667, pkt=<ARP_RAW Packet>, in_port=2, in_phy_port=s2-eth2> is applied 
2021-10-20 01:00:17,680 | 4750 | tracing_of_pipeline.analyzer, BFS, 287 | DEBUG | After applied pipeline, out_ports to msg [('65535', <Msg captured_interface=s2-eth2, sniff_timestamp=1634691613.3356667, pkt=<ARP_RAW Packet>, in_port=2, in_phy_port=s2-eth2>)]
2021-10-20 01:00:17,682 | 4750 | tracing_of_pipeline.packet_trace_handler, append, 31 | DEBUG | 1634691613.3356667 : 0x00000806 : (h2, s2)(s2, controller)
2021-10-20 01:00:18,416 | 4896 | tracing_net.flowtable.flow_monitor, dump_flows, 57 | DEBUG | exec dump flows on s1
2021-10-20 01:00:18,424 | 4896 | tracing_net.flowtable.flow_monitor, read_dump_flow, 74 | DEBUG | get result for dump flows 1634691618.421586 : ['OFPST_FLOW reply (OF1.3) (xid=0x2):', ' cookie=0x0, duration=5.013s, table=0, n_packets=1, n_bytes=98, priority=1,in_port=2,dl_src=1e:81:1f:09:25:79,dl_dst=86:eb:69:2a:d5:c1 actions=output:1', ' cookie=0x0, duration=5.010s, table=0, n_packets=0, n_bytes=0, priority=1,in_port=1,dl_src=86:eb:69:2a:d5:c1,dl_dst=1e:81:1f:09:25:79 actions=output:2', ' cookie=0x0, duration=8.106s, table=0, n_packets=3, n_bytes=182, priority=0 actions=CONTROLLER:65535']
2021-10-20 01:00:18,426 | 4896 | tracing_net.flowtable.flow_monitor, read_dump_flow, 80 | DEBUG | parsed dump flows result to table 1634691618.421586 : <FlowTables(datapath=0, timestamp=1634691618.421586, flows=[<Flow(table=0, priority=1, match=[<in_port, 2/None>, <dl_src, 1e:81:1f:09:25:79/None>, <dl_dst, 86:eb:69:2a:d5:c1/None>], actions=[<InstructionApplyAction type=4>])>, <Flow(table=0, priority=1, match=[<in_port, 1/None>, <dl_src, 86:eb:69:2a:d5:c1/None>, <dl_dst, 1e:81:1f:09:25:79/None>], actions=[<InstructionApplyAction type=4>])>, <Flow(table=0, priority=0, match={}, actions=[<InstructionApplyAction type=4>])>])>
2021-10-20 01:00:18,437 | 4899 | tracing_net.flowtable.flow_monitor, dump_flows, 57 | DEBUG | exec dump flows on s2
2021-10-20 01:00:18,446 | 4899 | tracing_net.flowtable.flow_monitor, read_dump_flow, 74 | DEBUG | get result for dump flows 1634691618.44322 : ['OFPST_FLOW reply (OF1.3) (xid=0x2):', ' cookie=0x0, duration=5.057s, table=0, n_packets=1, n_bytes=98, priority=1,in_port=2,dl_src=1e:81:1f:09:25:79,dl_dst=86:eb:69:2a:d5:c1 actions=output:1', ' cookie=0x0, duration=5.029s, table=0, n_packets=0, n_bytes=0, priority=1,in_port=1,dl_src=86:eb:69:2a:d5:c1,dl_dst=1e:81:1f:09:25:79 actions=output:2', ' cookie=0x0, duration=8.136s, table=0, n_packets=3, n_bytes=182, priority=0 actions=CONTROLLER:65535']
2021-10-20 01:00:18,448 | 4899 | tracing_net.flowtable.flow_monitor, read_dump_flow, 80 | DEBUG | parsed dump flows result to table 1634691618.44322 : <FlowTables(datapath=0, timestamp=1634691618.44322, flows=[<Flow(table=0, priority=1, match=[<in_port, 2/None>, <dl_src, 1e:81:1f:09:25:79/None>, <dl_dst, 86:eb:69:2a:d5:c1/None>], actions=[<InstructionApplyAction type=4>])>, <Flow(table=0, priority=1, match=[<in_port, 1/None>, <dl_src, 86:eb:69:2a:d5:c1/None>, <dl_dst, 1e:81:1f:09:25:79/None>], actions=[<InstructionApplyAction type=4>])>, <Flow(table=0, priority=0, match={}, actions=[<InstructionApplyAction type=4>])>])>
2021-10-20 01:00:19,416 | 4896 | tracing_net.flowtable.flow_monitor, dump_flows, 57 | DEBUG | exec dump flows on s1
2021-10-20 01:00:19,431 | 4896 | tracing_net.flowtable.flow_monitor, read_dump_flow, 74 | DEBUG | get result for dump flows 1634691619.423482 : ['OFPST_FLOW reply (OF1.3) (xid=0x2):', ' cookie=0x0, duration=6.020s, table=0, n_packets=2, n_bytes=140, priority=1,in_port=2,dl_src=1e:81:1f:09:25:79,dl_dst=86:eb:69:2a:d5:c1 actions=output:1', ' cookie=0x0, duration=6.017s, table=0, n_packets=1, n_bytes=42, priority=1,in_port=1,dl_src=86:eb:69:2a:d5:c1,dl_dst=1e:81:1f:09:25:79 actions=output:2', ' cookie=0x0, duration=9.113s, table=0, n_packets=3, n_bytes=182, priority=0 actions=CONTROLLER:65535']
2021-10-20 01:00:19,433 | 4896 | tracing_net.flowtable.flow_monitor, read_dump_flow, 80 | DEBUG | parsed dump flows result to table 1634691619.423482 : <FlowTables(datapath=0, timestamp=1634691619.423482, flows=[<Flow(table=0, priority=1, match=[<in_port, 2/None>, <dl_src, 1e:81:1f:09:25:79/None>, <dl_dst, 86:eb:69:2a:d5:c1/None>], actions=[<InstructionApplyAction type=4>])>, <Flow(table=0, priority=1, match=[<in_port, 1/None>, <dl_src, 86:eb:69:2a:d5:c1/None>, <dl_dst, 1e:81:1f:09:25:79/None>], actions=[<InstructionApplyAction type=4>])>, <Flow(table=0, priority=0, match={}, actions=[<InstructionApplyAction type=4>])>])>
2021-10-20 01:00:19,437 | 4899 | tracing_net.flowtable.flow_monitor, dump_flows, 57 | DEBUG | exec dump flows on s2
2021-10-20 01:00:19,446 | 4899 | tracing_net.flowtable.flow_monitor, read_dump_flow, 74 | DEBUG | get result for dump flows 1634691619.442577 : ['OFPST_FLOW reply (OF1.3) (xid=0x2):', ' cookie=0x0, duration=6.056s, table=0, n_packets=2, n_bytes=140, priority=1,in_port=2,dl_src=1e:81:1f:09:25:79,dl_dst=86:eb:69:2a:d5:c1 actions=output:1', ' cookie=0x0, duration=6.028s, table=0, n_packets=1, n_bytes=42, priority=1,in_port=1,dl_src=86:eb:69:2a:d5:c1,dl_dst=1e:81:1f:09:25:79 actions=output:2', ' cookie=0x0, duration=9.135s, table=0, n_packets=3, n_bytes=182, priority=0 actions=CONTROLLER:65535']
2021-10-20 01:00:19,447 | 4899 | tracing_net.flowtable.flow_monitor, read_dump_flow, 80 | DEBUG | parsed dump flows result to table 1634691619.442577 : <FlowTables(datapath=0, timestamp=1634691619.442577, flows=[<Flow(table=0, priority=1, match=[<in_port, 2/None>, <dl_src, 1e:81:1f:09:25:79/None>, <dl_dst, 86:eb:69:2a:d5:c1/None>], actions=[<InstructionApplyAction type=4>])>, <Flow(table=0, priority=1, match=[<in_port, 1/None>, <dl_src, 86:eb:69:2a:d5:c1/None>, <dl_dst, 1e:81:1f:09:25:79/None>], actions=[<InstructionApplyAction type=4>])>, <Flow(table=0, priority=0, match={}, actions=[<InstructionApplyAction type=4>])>])>
2021-10-20 01:00:19,675 | 4750 | tracing_of_pipeline.analyzer, _poll_packet_inout_repo, 435 | DEBUG | tmp_p = [], s_dpip = 1
2021-10-20 01:00:19,676 | 4750 | tracing_of_pipeline.analyzer, _poll_packet_inout_repo, 435 | DEBUG | tmp_p = [], s_dpip = 2
2021-10-20 01:00:19,677 | 4750 | tracing_of_pipeline.analyzer, _polling, 395 | DEBUG | polled repository (start_time=1634691605.663971, until=6) values = {'l2': [<Msg captured_interface=s1-eth1, sniff_timestamp=1634691613.4167986, pkt=<ICMP_RAW Packet>, in_port=s1-eth1, in_phy_port=s1-eth1>], 'l1': [<Msg captured_interface=s1-eth2, sniff_timestamp=1634691613.2980886, pkt=<ARP_RAW Packet>, in_port=s1-eth2, in_phy_port=s1-eth2>, <Msg captured_interface=s1-eth2, sniff_timestamp=1634691613.3886523, pkt=<ARP_RAW Packet>, in_port=1, in_phy_port=s2-eth1>, <Msg captured_interface=s1-eth2, sniff_timestamp=1634691613.4140573, pkt=<ICMP_RAW Packet>, in_port=s1-eth2, in_phy_port=s1-eth2>, <Msg captured_interface=s1-eth2, sniff_timestamp=1634691613.4166996, pkt=<ICMP_RAW Packet>, in_port=s1-eth2, in_phy_port=s1-eth2>], 'l3': [<Msg captured_interface=s2-eth2, sniff_timestamp=1634691613.4165745, pkt=<ICMP_RAW Packet>, in_port=s2-eth2, in_phy_port=s2-eth2>]} {} {'s1': [<Message msg_name=OFPT_PACKET_IN of_msg=PacketIn(xid=UBInt32(0)) timestamp=1634691613.280071 local_port=58202 datapath_id=1>], 's2': [<Message msg_name=OFPT_PACKET_IN of_msg=PacketIn(xid=UBInt32(0)) timestamp=1634691613.324313 local_port=58204 datapath_id=2>, <Message msg_name=OFPT_PACKET_IN of_msg=PacketIn(xid=UBInt32(0)) timestamp=1634691613.353087 local_port=58204 datapath_id=2>]}
2021-10-20 01:00:19,678 | 4750 | tracing_of_pipeline.analyzer, BFS, 273 | DEBUG | processing msg <Msg captured_interface=s1-eth1, sniff_timestamp=1634691613.4167986, pkt=<ICMP_RAW Packet>, in_port=1, in_phy_port=s1-eth1>
2021-10-20 01:00:19,679 | 4750 | tracing_of_pipeline.pipeline, apply_pipeline, 50 | DEBUG | msg<Msg captured_interface=s1-eth1, sniff_timestamp=1634691613.4167986, pkt=<ICMP_RAW Packet>, in_port=1, in_phy_port=s1-eth1> apply pipeline <FlowTables(datapath=0, timestamp=1634691610.4242, flows=[<Flow(table=0, priority=0, match={}, actions=[<InstructionApplyAction type=4>])>])>
2021-10-20 01:00:19,681 | 4750 | tracing_of_pipeline.pipeline, apply_pipeline, 66 | DEBUG | result<InstructionResult msg=<Msg captured_interface=s1-eth1, sniff_timestamp=1634691613.4167986, pkt=<ICMP_RAW Packet>, in_port=1, in_phy_port=s1-eth1> action_set=<src.tracing_net.ofproto.action.ActionSet object at 0x7effd41193d0> out_ports=['65535'] table_id=None> of action that msg<Msg captured_interface=s1-eth1, sniff_timestamp=1634691613.4167986, pkt=<ICMP_RAW Packet>, in_port=1, in_phy_port=s1-eth1> is applied 
2021-10-20 01:00:19,682 | 4750 | tracing_of_pipeline.analyzer, BFS, 287 | DEBUG | After applied pipeline, out_ports to msg [('65535', <Msg captured_interface=s1-eth1, sniff_timestamp=1634691613.4167986, pkt=<ICMP_RAW Packet>, in_port=1, in_phy_port=s1-eth1>)]
2021-10-20 01:00:19,683 | 4750 | tracing_of_pipeline.packet_trace_handler, append, 31 | DEBUG | 1634691613.4167986 : 0x00000800 : (h1, s1)(s1, controller)
2021-10-20 01:00:19,684 | 4750 | tracing_of_pipeline.analyzer, analyze, 164 | WARNING | edge l1 is not terminal edge. The analysis done before may not have been done properly.
2021-10-20 01:00:19,684 | 4750 | tracing_of_pipeline.analyzer, BFS, 273 | DEBUG | processing msg <Msg captured_interface=s2-eth2, sniff_timestamp=1634691613.4165745, pkt=<ICMP_RAW Packet>, in_port=2, in_phy_port=s2-eth2>
2021-10-20 01:00:19,686 | 4750 | tracing_of_pipeline.pipeline, apply_pipeline, 50 | DEBUG | msg<Msg captured_interface=s2-eth2, sniff_timestamp=1634691613.4165745, pkt=<ICMP_RAW Packet>, in_port=2, in_phy_port=s2-eth2> apply pipeline <FlowTables(datapath=0, timestamp=1634691610.443425, flows=[<Flow(table=0, priority=0, match={}, actions=[<InstructionApplyAction type=4>])>])>
2021-10-20 01:00:19,688 | 4750 | tracing_of_pipeline.pipeline, apply_pipeline, 66 | DEBUG | result<InstructionResult msg=<Msg captured_interface=s2-eth2, sniff_timestamp=1634691613.4165745, pkt=<ICMP_RAW Packet>, in_port=2, in_phy_port=s2-eth2> action_set=<src.tracing_net.ofproto.action.ActionSet object at 0x7effd40f0fd0> out_ports=['65535'] table_id=None> of action that msg<Msg captured_interface=s2-eth2, sniff_timestamp=1634691613.4165745, pkt=<ICMP_RAW Packet>, in_port=2, in_phy_port=s2-eth2> is applied 
2021-10-20 01:00:19,688 | 4750 | tracing_of_pipeline.analyzer, BFS, 287 | DEBUG | After applied pipeline, out_ports to msg [('65535', <Msg captured_interface=s2-eth2, sniff_timestamp=1634691613.4165745, pkt=<ICMP_RAW Packet>, in_port=2, in_phy_port=s2-eth2>)]
2021-10-20 01:00:19,690 | 4750 | tracing_of_pipeline.packet_trace_handler, append, 31 | DEBUG | 1634691613.4165745 : 0x00000800 : (h2, s2)(s2, controller)
2021-10-20 01:00:20,431 | 4896 | tracing_net.flowtable.flow_monitor, dump_flows, 57 | DEBUG | exec dump flows on s1
2021-10-20 01:00:20,437 | 4899 | tracing_net.flowtable.flow_monitor, dump_flows, 57 | DEBUG | exec dump flows on s2
2021-10-20 01:00:20,445 | 4896 | tracing_net.flowtable.flow_monitor, read_dump_flow, 74 | DEBUG | get result for dump flows 1634691620.438009 : ['OFPST_FLOW reply (OF1.3) (xid=0x2):', ' cookie=0x0, duration=7.034s, table=0, n_packets=2, n_bytes=140, priority=1,in_port=2,dl_src=1e:81:1f:09:25:79,dl_dst=86:eb:69:2a:d5:c1 actions=output:1', ' cookie=0x0, duration=7.031s, table=0, n_packets=1, n_bytes=42, priority=1,in_port=1,dl_src=86:eb:69:2a:d5:c1,dl_dst=1e:81:1f:09:25:79 actions=output:2', ' cookie=0x0, duration=10.127s, table=0, n_packets=3, n_bytes=182, priority=0 actions=CONTROLLER:65535']
2021-10-20 01:00:20,448 | 4896 | tracing_net.flowtable.flow_monitor, read_dump_flow, 80 | DEBUG | parsed dump flows result to table 1634691620.438009 : <FlowTables(datapath=0, timestamp=1634691620.438009, flows=[<Flow(table=0, priority=1, match=[<in_port, 2/None>, <dl_src, 1e:81:1f:09:25:79/None>, <dl_dst, 86:eb:69:2a:d5:c1/None>], actions=[<InstructionApplyAction type=4>])>, <Flow(table=0, priority=1, match=[<in_port, 1/None>, <dl_src, 86:eb:69:2a:d5:c1/None>, <dl_dst, 1e:81:1f:09:25:79/None>], actions=[<InstructionApplyAction type=4>])>, <Flow(table=0, priority=0, match={}, actions=[<InstructionApplyAction type=4>])>])>
2021-10-20 01:00:20,454 | 4899 | tracing_net.flowtable.flow_monitor, read_dump_flow, 74 | DEBUG | get result for dump flows 1634691620.449955 : ['OFPST_FLOW reply (OF1.3) (xid=0x2):', ' cookie=0x0, duration=7.065s, table=0, n_packets=2, n_bytes=140, priority=1,in_port=2,dl_src=1e:81:1f:09:25:79,dl_dst=86:eb:69:2a:d5:c1 actions=output:1', ' cookie=0x0, duration=7.037s, table=0, n_packets=1, n_bytes=42, priority=1,in_port=1,dl_src=86:eb:69:2a:d5:c1,dl_dst=1e:81:1f:09:25:79 actions=output:2', ' cookie=0x0, duration=10.144s, table=0, n_packets=3, n_bytes=182, priority=0 actions=CONTROLLER:65535']
2021-10-20 01:00:20,457 | 4899 | tracing_net.flowtable.flow_monitor, read_dump_flow, 80 | DEBUG | parsed dump flows result to table 1634691620.449955 : <FlowTables(datapath=0, timestamp=1634691620.449955, flows=[<Flow(table=0, priority=1, match=[<in_port, 2/None>, <dl_src, 1e:81:1f:09:25:79/None>, <dl_dst, 86:eb:69:2a:d5:c1/None>], actions=[<InstructionApplyAction type=4>])>, <Flow(table=0, priority=1, match=[<in_port, 1/None>, <dl_src, 86:eb:69:2a:d5:c1/None>, <dl_dst, 1e:81:1f:09:25:79/None>], actions=[<InstructionApplyAction type=4>])>, <Flow(table=0, priority=0, match={}, actions=[<InstructionApplyAction type=4>])>])>
2021-10-20 01:00:21,416 | 4896 | tracing_net.flowtable.flow_monitor, dump_flows, 57 | DEBUG | exec dump flows on s1
2021-10-20 01:00:21,425 | 4896 | tracing_net.flowtable.flow_monitor, read_dump_flow, 74 | DEBUG | get result for dump flows 1634691621.421825 : ['OFPST_FLOW reply (OF1.3) (xid=0x2):', ' cookie=0x0, duration=8.014s, table=0, n_packets=2, n_bytes=140, priority=1,in_port=2,dl_src=1e:81:1f:09:25:79,dl_dst=86:eb:69:2a:d5:c1 actions=output:1', ' cookie=0x0, duration=8.011s, table=0, n_packets=1, n_bytes=42, priority=1,in_port=1,dl_src=86:eb:69:2a:d5:c1,dl_dst=1e:81:1f:09:25:79 actions=output:2', ' cookie=0x0, duration=11.107s, table=0, n_packets=3, n_bytes=182, priority=0 actions=CONTROLLER:65535']
2021-10-20 01:00:21,427 | 4896 | tracing_net.flowtable.flow_monitor, read_dump_flow, 80 | DEBUG | parsed dump flows result to table 1634691621.421825 : <FlowTables(datapath=0, timestamp=1634691621.421825, flows=[<Flow(table=0, priority=1, match=[<in_port, 2/None>, <dl_src, 1e:81:1f:09:25:79/None>, <dl_dst, 86:eb:69:2a:d5:c1/None>], actions=[<InstructionApplyAction type=4>])>, <Flow(table=0, priority=1, match=[<in_port, 1/None>, <dl_src, 86:eb:69:2a:d5:c1/None>, <dl_dst, 1e:81:1f:09:25:79/None>], actions=[<InstructionApplyAction type=4>])>, <Flow(table=0, priority=0, match={}, actions=[<InstructionApplyAction type=4>])>])>
2021-10-20 01:00:21,439 | 4899 | tracing_net.flowtable.flow_monitor, dump_flows, 57 | DEBUG | exec dump flows on s2
2021-10-20 01:00:21,449 | 4899 | tracing_net.flowtable.flow_monitor, read_dump_flow, 74 | DEBUG | get result for dump flows 1634691621.445637 : ['OFPST_FLOW reply (OF1.3) (xid=0x2):', ' cookie=0x0, duration=8.060s, table=0, n_packets=2, n_bytes=140, priority=1,in_port=2,dl_src=1e:81:1f:09:25:79,dl_dst=86:eb:69:2a:d5:c1 actions=output:1', ' cookie=0x0, duration=8.032s, table=0, n_packets=1, n_bytes=42, priority=1,in_port=1,dl_src=86:eb:69:2a:d5:c1,dl_dst=1e:81:1f:09:25:79 actions=output:2', ' cookie=0x0, duration=11.139s, table=0, n_packets=3, n_bytes=182, priority=0 actions=CONTROLLER:65535']
2021-10-20 01:00:21,451 | 4899 | tracing_net.flowtable.flow_monitor, read_dump_flow, 80 | DEBUG | parsed dump flows result to table 1634691621.445637 : <FlowTables(datapath=0, timestamp=1634691621.445637, flows=[<Flow(table=0, priority=1, match=[<in_port, 2/None>, <dl_src, 1e:81:1f:09:25:79/None>, <dl_dst, 86:eb:69:2a:d5:c1/None>], actions=[<InstructionApplyAction type=4>])>, <Flow(table=0, priority=1, match=[<in_port, 1/None>, <dl_src, 86:eb:69:2a:d5:c1/None>, <dl_dst, 1e:81:1f:09:25:79/None>], actions=[<InstructionApplyAction type=4>])>, <Flow(table=0, priority=0, match={}, actions=[<InstructionApplyAction type=4>])>])>
2021-10-20 01:00:21,664 | 4750 | tracing_of_pipeline.analyzer, _poll_packet_inout_repo, 435 | DEBUG | tmp_p = [], s_dpip = 1
2021-10-20 01:00:21,665 | 4750 | tracing_of_pipeline.analyzer, _poll_packet_inout_repo, 435 | DEBUG | tmp_p = [], s_dpip = 2
2021-10-20 01:00:21,666 | 4750 | tracing_of_pipeline.analyzer, _polling, 395 | DEBUG | polled repository (start_time=1634691605.663971, until=7) values = {'l2': [<Msg captured_interface=s1-eth1, sniff_timestamp=1634691618.4780247, pkt=<ARP_RAW Packet>, in_port=s1-eth1, in_phy_port=s1-eth1>], 'l1': [<Msg captured_interface=s1-eth2, sniff_timestamp=1634691613.2980886, pkt=<ARP_RAW Packet>, in_port=s1-eth2, in_phy_port=s1-eth2>, <Msg captured_interface=s1-eth2, sniff_timestamp=1634691613.3886523, pkt=<ARP_RAW Packet>, in_port=1, in_phy_port=s2-eth1>, <Msg captured_interface=s1-eth2, sniff_timestamp=1634691613.4140573, pkt=<ICMP_RAW Packet>, in_port=s1-eth2, in_phy_port=s1-eth2>, <Msg captured_interface=s1-eth2, sniff_timestamp=1634691613.4166996, pkt=<ICMP_RAW Packet>, in_port=s1-eth2, in_phy_port=s1-eth2>, <Msg captured_interface=s1-eth2, sniff_timestamp=1634691618.477871, pkt=<ARP_RAW Packet>, in_port=s1-eth2, in_phy_port=s1-eth2>], 'l3': [<Msg captured_interface=s2-eth2, sniff_timestamp=1634691618.4776275, pkt=<ARP_RAW Packet>, in_port=s2-eth2, in_phy_port=s2-eth2>]} {} {'s1': [<Message msg_name=OFPT_PACKET_IN of_msg=PacketIn(xid=UBInt32(0)) timestamp=1634691613.280071 local_port=58202 datapath_id=1>], 's2': [<Message msg_name=OFPT_PACKET_IN of_msg=PacketIn(xid=UBInt32(0)) timestamp=1634691613.324313 local_port=58204 datapath_id=2>, <Message msg_name=OFPT_PACKET_IN of_msg=PacketIn(xid=UBInt32(0)) timestamp=1634691613.353087 local_port=58204 datapath_id=2>]}
2021-10-20 01:00:21,666 | 4750 | tracing_of_pipeline.analyzer, BFS, 273 | DEBUG | processing msg <Msg captured_interface=s1-eth1, sniff_timestamp=1634691618.4780247, pkt=<ARP_RAW Packet>, in_port=1, in_phy_port=s1-eth1>
2021-10-20 01:00:21,668 | 4750 | tracing_of_pipeline.pipeline, apply_pipeline, 50 | DEBUG | msg<Msg captured_interface=s1-eth1, sniff_timestamp=1634691618.4780247, pkt=<ARP_RAW Packet>, in_port=1, in_phy_port=s1-eth1> apply pipeline <FlowTables(datapath=0, timestamp=1634691618.421586, flows=[<Flow(table=0, priority=1, match=[<in_port, 2/None>, <dl_src, 1e:81:1f:09:25:79/None>, <dl_dst, 86:eb:69:2a:d5:c1/None>], actions=[<InstructionApplyAction type=4>])>, <Flow(table=0, priority=1, match=[<in_port, 1/None>, <dl_src, 86:eb:69:2a:d5:c1/None>, <dl_dst, 1e:81:1f:09:25:79/None>], actions=[<InstructionApplyAction type=4>])>, <Flow(table=0, priority=0, match={}, actions=[<InstructionApplyAction type=4>])>])>
2021-10-20 01:00:21,669 | 4750 | tracing_of_pipeline.pipeline, apply_pipeline, 66 | DEBUG | result<InstructionResult msg=<Msg captured_interface=s1-eth1, sniff_timestamp=1634691618.4780247, pkt=<ARP_RAW Packet>, in_port=1, in_phy_port=s1-eth1> action_set=<src.tracing_net.ofproto.action.ActionSet object at 0x7effd40b6fd0> out_ports=['65535'] table_id=None> of action that msg<Msg captured_interface=s1-eth1, sniff_timestamp=1634691618.4780247, pkt=<ARP_RAW Packet>, in_port=1, in_phy_port=s1-eth1> is applied 
2021-10-20 01:00:21,670 | 4750 | tracing_of_pipeline.analyzer, BFS, 287 | DEBUG | After applied pipeline, out_ports to msg [('65535', <Msg captured_interface=s1-eth1, sniff_timestamp=1634691618.4780247, pkt=<ARP_RAW Packet>, in_port=1, in_phy_port=s1-eth1>)]
2021-10-20 01:00:21,671 | 4750 | tracing_of_pipeline.packet_trace_handler, append, 31 | DEBUG | 1634691618.4780247 : 0x00000806 : (h1, s1)(s1, controller)
2021-10-20 01:00:21,672 | 4750 | tracing_of_pipeline.analyzer, analyze, 164 | WARNING | edge l1 is not terminal edge. The analysis done before may not have been done properly.
2021-10-20 01:00:21,672 | 4750 | tracing_of_pipeline.analyzer, BFS, 273 | DEBUG | processing msg <Msg captured_interface=s2-eth2, sniff_timestamp=1634691618.4776275, pkt=<ARP_RAW Packet>, in_port=2, in_phy_port=s2-eth2>
2021-10-20 01:00:21,674 | 4750 | tracing_of_pipeline.pipeline, apply_pipeline, 50 | DEBUG | msg<Msg captured_interface=s2-eth2, sniff_timestamp=1634691618.4776275, pkt=<ARP_RAW Packet>, in_port=2, in_phy_port=s2-eth2> apply pipeline <FlowTables(datapath=0, timestamp=1634691618.44322, flows=[<Flow(table=0, priority=1, match=[<in_port, 2/None>, <dl_src, 1e:81:1f:09:25:79/None>, <dl_dst, 86:eb:69:2a:d5:c1/None>], actions=[<InstructionApplyAction type=4>])>, <Flow(table=0, priority=1, match=[<in_port, 1/None>, <dl_src, 86:eb:69:2a:d5:c1/None>, <dl_dst, 1e:81:1f:09:25:79/None>], actions=[<InstructionApplyAction type=4>])>, <Flow(table=0, priority=0, match={}, actions=[<InstructionApplyAction type=4>])>])>
2021-10-20 01:00:21,675 | 4750 | tracing_of_pipeline.pipeline, apply_pipeline, 66 | DEBUG | result<InstructionResult msg=<Msg captured_interface=s2-eth2, sniff_timestamp=1634691618.4776275, pkt=<ARP_RAW Packet>, in_port=2, in_phy_port=s2-eth2> action_set=<src.tracing_net.ofproto.action.ActionSet object at 0x7effd40b6f10> out_ports=['1'] table_id=None> of action that msg<Msg captured_interface=s2-eth2, sniff_timestamp=1634691618.4776275, pkt=<ARP_RAW Packet>, in_port=2, in_phy_port=s2-eth2> is applied 
2021-10-20 01:00:21,676 | 4750 | tracing_of_pipeline.analyzer, BFS, 287 | DEBUG | After applied pipeline, out_ports to msg [('1', <Msg captured_interface=s2-eth2, sniff_timestamp=1634691618.4776275, pkt=<ARP_RAW Packet>, in_port=2, in_phy_port=s2-eth2>)]
2021-10-20 01:00:21,676 | 4750 | tracing_of_pipeline.analyzer, BFS, 273 | DEBUG | processing msg <Msg captured_interface=s1-eth2, sniff_timestamp=1634691618.477871, pkt=<ARP_RAW Packet>, in_port=s1-eth2, in_phy_port=s1-eth2>
2021-10-20 01:00:21,678 | 4750 | tracing_of_pipeline.pipeline, apply_pipeline, 50 | DEBUG | msg<Msg captured_interface=s1-eth2, sniff_timestamp=1634691618.477871, pkt=<ARP_RAW Packet>, in_port=s1-eth2, in_phy_port=s1-eth2> apply pipeline <FlowTables(datapath=0, timestamp=1634691618.421586, flows=[<Flow(table=0, priority=1, match=[<in_port, 2/None>, <dl_src, 1e:81:1f:09:25:79/None>, <dl_dst, 86:eb:69:2a:d5:c1/None>], actions=[<InstructionApplyAction type=4>])>, <Flow(table=0, priority=1, match=[<in_port, 1/None>, <dl_src, 86:eb:69:2a:d5:c1/None>, <dl_dst, 1e:81:1f:09:25:79/None>], actions=[<InstructionApplyAction type=4>])>, <Flow(table=0, priority=0, match={}, actions=[<InstructionApplyAction type=4>])>])>
2021-10-20 01:00:21,679 | 4750 | tracing_of_pipeline.pipeline, apply_pipeline, 66 | DEBUG | result<InstructionResult msg=<Msg captured_interface=s1-eth2, sniff_timestamp=1634691618.477871, pkt=<ARP_RAW Packet>, in_port=s1-eth2, in_phy_port=s1-eth2> action_set=<src.tracing_net.ofproto.action.ActionSet object at 0x7effd40bb760> out_ports=['65535'] table_id=None> of action that msg<Msg captured_interface=s1-eth2, sniff_timestamp=1634691618.477871, pkt=<ARP_RAW Packet>, in_port=s1-eth2, in_phy_port=s1-eth2> is applied 
2021-10-20 01:00:21,680 | 4750 | tracing_of_pipeline.analyzer, BFS, 287 | DEBUG | After applied pipeline, out_ports to msg [('65535', <Msg captured_interface=s1-eth2, sniff_timestamp=1634691618.477871, pkt=<ARP_RAW Packet>, in_port=s1-eth2, in_phy_port=s1-eth2>)]
2021-10-20 01:00:21,682 | 4750 | tracing_of_pipeline.packet_trace_handler, append, 31 | DEBUG | 1634691618.4776275 : 0x00000806 : (h2, s2)(s2, s1)(s1, controller)
2021-10-20 01:00:22,432 | 4896 | tracing_net.flowtable.flow_monitor, dump_flows, 57 | DEBUG | exec dump flows on s1
2021-10-20 01:00:22,436 | 4899 | tracing_net.flowtable.flow_monitor, dump_flows, 57 | DEBUG | exec dump flows on s2
2021-10-20 01:00:22,445 | 4896 | tracing_net.flowtable.flow_monitor, read_dump_flow, 74 | DEBUG | get result for dump flows 1634691622.44215 : ['OFPST_FLOW reply (OF1.3) (xid=0x2):', ' cookie=0x0, duration=9.034s, table=0, n_packets=2, n_bytes=140, priority=1,in_port=2,dl_src=1e:81:1f:09:25:79,dl_dst=86:eb:69:2a:d5:c1 actions=output:1', ' cookie=0x0, duration=9.031s, table=0, n_packets=1, n_bytes=42, priority=1,in_port=1,dl_src=86:eb:69:2a:d5:c1,dl_dst=1e:81:1f:09:25:79 actions=output:2', ' cookie=0x0, duration=12.127s, table=0, n_packets=3, n_bytes=182, priority=0 actions=CONTROLLER:65535']
2021-10-20 01:00:22,446 | 4896 | tracing_net.flowtable.flow_monitor, read_dump_flow, 80 | DEBUG | parsed dump flows result to table 1634691622.44215 : <FlowTables(datapath=0, timestamp=1634691622.44215, flows=[<Flow(table=0, priority=1, match=[<in_port, 2/None>, <dl_src, 1e:81:1f:09:25:79/None>, <dl_dst, 86:eb:69:2a:d5:c1/None>], actions=[<InstructionApplyAction type=4>])>, <Flow(table=0, priority=1, match=[<in_port, 1/None>, <dl_src, 86:eb:69:2a:d5:c1/None>, <dl_dst, 1e:81:1f:09:25:79/None>], actions=[<InstructionApplyAction type=4>])>, <Flow(table=0, priority=0, match={}, actions=[<InstructionApplyAction type=4>])>])>
2021-10-20 01:00:22,447 | 4899 | tracing_net.flowtable.flow_monitor, read_dump_flow, 74 | DEBUG | get result for dump flows 1634691622.442149 : ['OFPST_FLOW reply (OF1.3) (xid=0x2):', ' cookie=0x0, duration=9.056s, table=0, n_packets=2, n_bytes=140, priority=1,in_port=2,dl_src=1e:81:1f:09:25:79,dl_dst=86:eb:69:2a:d5:c1 actions=output:1', ' cookie=0x0, duration=9.028s, table=0, n_packets=1, n_bytes=42, priority=1,in_port=1,dl_src=86:eb:69:2a:d5:c1,dl_dst=1e:81:1f:09:25:79 actions=output:2', ' cookie=0x0, duration=12.135s, table=0, n_packets=3, n_bytes=182, priority=0 actions=CONTROLLER:65535']
2021-10-20 01:00:22,449 | 4899 | tracing_net.flowtable.flow_monitor, read_dump_flow, 80 | DEBUG | parsed dump flows result to table 1634691622.442149 : <FlowTables(datapath=0, timestamp=1634691622.442149, flows=[<Flow(table=0, priority=1, match=[<in_port, 2/None>, <dl_src, 1e:81:1f:09:25:79/None>, <dl_dst, 86:eb:69:2a:d5:c1/None>], actions=[<InstructionApplyAction type=4>])>, <Flow(table=0, priority=1, match=[<in_port, 1/None>, <dl_src, 86:eb:69:2a:d5:c1/None>, <dl_dst, 1e:81:1f:09:25:79/None>], actions=[<InstructionApplyAction type=4>])>, <Flow(table=0, priority=0, match={}, actions=[<InstructionApplyAction type=4>])>])>
2021-10-20 01:00:23,421 | 4896 | tracing_net.flowtable.flow_monitor, dump_flows, 57 | DEBUG | exec dump flows on s1
2021-10-20 01:00:23,431 | 4896 | tracing_net.flowtable.flow_monitor, read_dump_flow, 74 | DEBUG | get result for dump flows 1634691623.428197 : ['OFPST_FLOW reply (OF1.3) (xid=0x2):', ' cookie=0x0, duration=10.020s, table=0, n_packets=2, n_bytes=140, priority=1,in_port=2,dl_src=1e:81:1f:09:25:79,dl_dst=86:eb:69:2a:d5:c1 actions=output:1', ' cookie=0x0, duration=10.017s, table=0, n_packets=1, n_bytes=42, priority=1,in_port=1,dl_src=86:eb:69:2a:d5:c1,dl_dst=1e:81:1f:09:25:79 actions=output:2', ' cookie=0x0, duration=13.113s, table=0, n_packets=3, n_bytes=182, priority=0 actions=CONTROLLER:65535']
2021-10-20 01:00:23,433 | 4896 | tracing_net.flowtable.flow_monitor, read_dump_flow, 80 | DEBUG | parsed dump flows result to table 1634691623.428197 : <FlowTables(datapath=0, timestamp=1634691623.428197, flows=[<Flow(table=0, priority=1, match=[<in_port, 2/None>, <dl_src, 1e:81:1f:09:25:79/None>, <dl_dst, 86:eb:69:2a:d5:c1/None>], actions=[<InstructionApplyAction type=4>])>, <Flow(table=0, priority=1, match=[<in_port, 1/None>, <dl_src, 86:eb:69:2a:d5:c1/None>, <dl_dst, 1e:81:1f:09:25:79/None>], actions=[<InstructionApplyAction type=4>])>, <Flow(table=0, priority=0, match={}, actions=[<InstructionApplyAction type=4>])>])>
2021-10-20 01:00:23,437 | 4899 | tracing_net.flowtable.flow_monitor, dump_flows, 57 | DEBUG | exec dump flows on s2
2021-10-20 01:00:23,446 | 4899 | tracing_net.flowtable.flow_monitor, read_dump_flow, 74 | DEBUG | get result for dump flows 1634691623.442599 : ['OFPST_FLOW reply (OF1.3) (xid=0x2):', ' cookie=0x0, duration=10.056s, table=0, n_packets=2, n_bytes=140, priority=1,in_port=2,dl_src=1e:81:1f:09:25:79,dl_dst=86:eb:69:2a:d5:c1 actions=output:1', ' cookie=0x0, duration=10.029s, table=0, n_packets=1, n_bytes=42, priority=1,in_port=1,dl_src=86:eb:69:2a:d5:c1,dl_dst=1e:81:1f:09:25:79 actions=output:2', ' cookie=0x0, duration=13.136s, table=0, n_packets=3, n_bytes=182, priority=0 actions=CONTROLLER:65535']
2021-10-20 01:00:23,447 | 4899 | tracing_net.flowtable.flow_monitor, read_dump_flow, 80 | DEBUG | parsed dump flows result to table 1634691623.442599 : <FlowTables(datapath=0, timestamp=1634691623.442599, flows=[<Flow(table=0, priority=1, match=[<in_port, 2/None>, <dl_src, 1e:81:1f:09:25:79/None>, <dl_dst, 86:eb:69:2a:d5:c1/None>], actions=[<InstructionApplyAction type=4>])>, <Flow(table=0, priority=1, match=[<in_port, 1/None>, <dl_src, 86:eb:69:2a:d5:c1/None>, <dl_dst, 1e:81:1f:09:25:79/None>], actions=[<InstructionApplyAction type=4>])>, <Flow(table=0, priority=0, match={}, actions=[<InstructionApplyAction type=4>])>])>
2021-10-20 01:00:23,665 | 4750 | tracing_of_pipeline.analyzer, _poll_packet_inout_repo, 435 | DEBUG | tmp_p = [], s_dpip = 1
2021-10-20 01:00:23,667 | 4750 | tracing_of_pipeline.analyzer, _poll_packet_inout_repo, 435 | DEBUG | tmp_p = [], s_dpip = 2
2021-10-20 01:00:23,668 | 4750 | tracing_of_pipeline.analyzer, _polling, 395 | DEBUG | polled repository (start_time=1634691605.663971, until=8) values = {'l2': [], 'l1': [<Msg captured_interface=s1-eth2, sniff_timestamp=1634691613.2980886, pkt=<ARP_RAW Packet>, in_port=s1-eth2, in_phy_port=s1-eth2>, <Msg captured_interface=s1-eth2, sniff_timestamp=1634691613.3886523, pkt=<ARP_RAW Packet>, in_port=1, in_phy_port=s2-eth1>, <Msg captured_interface=s1-eth2, sniff_timestamp=1634691613.4140573, pkt=<ICMP_RAW Packet>, in_port=s1-eth2, in_phy_port=s1-eth2>, <Msg captured_interface=s1-eth2, sniff_timestamp=1634691613.4166996, pkt=<ICMP_RAW Packet>, in_port=s1-eth2, in_phy_port=s1-eth2>, <Msg captured_interface=s1-eth2, sniff_timestamp=1634691618.477871, pkt=<ARP_RAW Packet>, in_port=s1-eth2, in_phy_port=s1-eth2>], 'l3': []} {} {'s1': [<Message msg_name=OFPT_PACKET_IN of_msg=PacketIn(xid=UBInt32(0)) timestamp=1634691613.280071 local_port=58202 datapath_id=1>], 's2': [<Message msg_name=OFPT_PACKET_IN of_msg=PacketIn(xid=UBInt32(0)) timestamp=1634691613.324313 local_port=58204 datapath_id=2>, <Message msg_name=OFPT_PACKET_IN of_msg=PacketIn(xid=UBInt32(0)) timestamp=1634691613.353087 local_port=58204 datapath_id=2>]}
2021-10-20 01:00:23,669 | 4750 | tracing_of_pipeline.analyzer, analyze, 166 | WARNING | No packet in edge l2
2021-10-20 01:00:23,669 | 4750 | tracing_of_pipeline.analyzer, analyze, 164 | WARNING | edge l1 is not terminal edge. The analysis done before may not have been done properly.
2021-10-20 01:00:23,670 | 4750 | tracing_of_pipeline.analyzer, analyze, 166 | WARNING | No packet in edge l3
2021-10-20 01:00:23,704 | 4750 | tracing_net.net, stop_tracing, 541 | INFO | tracing stop
2021-10-20 01:00:23,705 | 4750 | tracing_net.packet_capture_manager, stop_capture, 120 | DEBUG | capture process (s1-eth1:4889) terminated
2021-10-20 01:00:23,706 | 4750 | tracing_net.packet_capture_manager, stop_capture, 120 | DEBUG | capture process (s1-eth2:4891) terminated
2021-10-20 01:00:23,707 | 4750 | tracing_net.packet_capture_manager, stop_capture, 120 | DEBUG | capture process (s2-eth2:4894) terminated
2021-10-20 01:00:23,714 | 4750 | tracing_net.flowtable.flow_table_manager, stop_poller, 101 | DEBUG | poller process (s1:4896) terminated
2021-10-20 01:00:23,720 | 4750 | tracing_net.flowtable.flow_table_manager, stop_poller, 101 | DEBUG | poller process (s2:4899) terminated
2021-10-20 01:00:23,724 | 4750 | tracing_of_pipeline, stop, 124 | INFO | OpenFlow Tracer Stop
2021-10-20 01:00:23,779 | 4750 | tracing_net.net, stop_tracing, 541 | INFO | tracing stop
2021-10-20 01:00:23,792 | 4750 | tracing_net.packet_capture_manager, stop_capture, 120 | DEBUG | capture process (s1-eth1:4889) terminated
2021-10-20 01:00:23,799 | 4750 | tracing_net.packet_capture_manager, stop_capture, 120 | DEBUG | capture process (s1-eth2:4891) terminated
2021-10-20 01:00:23,802 | 4750 | tracing_net.packet_capture_manager, stop_capture, 120 | DEBUG | capture process (s2-eth2:4894) terminated
2021-10-20 01:00:23,804 | 4750 | tracing_net.flowtable.flow_table_manager, stop_poller, 101 | DEBUG | poller process (s1:4896) terminated
2021-10-20 01:00:23,805 | 4750 | tracing_net.flowtable.flow_table_manager, stop_poller, 101 | DEBUG | poller process (s2:4899) terminated
2021-10-20 01:00:23,806 | 4750 | tracing_net.net, stop, 317 | INFO | mininet stop
2021-10-20 01:00:24,359 | 4750 | tracing_net.net, stop, 550 | DEBUG | mininet stopped and all capture processes closed
