2021-11-17 08:39:30,933 | 5151 | tracing_net.net, __init__, 117 | INFO | set up on-demand mininet
2021-11-17 08:39:30,934 | 5151 | tracing_of_pipeline, start, 123 | INFO | OpenFlow Tracer Start
2021-11-17 08:39:30,944 | 5151 | tracing_net.net, start, 330 | INFO | mininet start
2021-11-17 08:39:30,946 | 5151 | tracing_of_pipeline.analyzer, start_analyzing, 141 | INFO | start analyzing interval (start_time = 1637138370.946764, interval = 2)
2021-11-17 08:39:30,951 | 5151 | tracing_net.net, add_switch, 134 | DEBUG | added the switch (s1)
2021-11-17 08:39:31,111 | 5151 | tracing_net.net, add_host, 182 | DEBUG | added the host (h1)
2021-11-17 08:39:31,226 | 5151 | tracing_net.net, add_link, 221 | DEBUG | added the link (l2) between s1 and h1
2021-11-17 08:39:31,305 | 5151 | tracing_net.net, add_switch, 134 | DEBUG | added the switch (s2)
2021-11-17 08:39:31,365 | 5151 | tracing_net.net, add_link, 221 | DEBUG | added the link (l1) between s1 and s2
2021-11-17 08:39:31,478 | 5151 | tracing_net.net, add_host, 182 | DEBUG | added the host (h2)
2021-11-17 08:39:31,510 | 5151 | tracing_net.net, add_link, 221 | DEBUG | added the link (l3) between s2 and h2
2021-11-17 08:39:31,578 | 5151 | tracing_net.net, add_host, 182 | DEBUG | added the host (h3)
2021-11-17 08:39:31,604 | 5151 | tracing_net.net, add_link, 221 | DEBUG | added the link (l4) between s1 and h3
2021-11-17 08:39:31,704 | 5151 | tracing_net.net, start_tracing, 541 | INFO | tracing start
2021-11-17 08:39:31,706 | 5151 | tracing_net.net, start_tracing, 543 | DEBUG | ipv6 is disable
2021-11-17 08:39:31,745 | 5151 | tracing_net.packet_capture_manager, start_capture, 88 | DEBUG | capture process (intf=s1-eth1 edge=l2 processid=5316) started
2021-11-17 08:39:31,747 | 5316 | tracing_net.util.packet_capture, start_capture, 66 | INFO | packet capture start on (interface=s1-eth1, edge=l2)
2021-11-17 08:39:31,764 | 5151 | tracing_net.packet_capture_manager, start_capture, 88 | DEBUG | capture process (intf=s1-eth2 edge=l1 processid=5319) started
2021-11-17 08:39:31,767 | 5319 | tracing_net.util.packet_capture, start_capture, 66 | INFO | packet capture start on (interface=s1-eth2, edge=l1)
2021-11-17 08:39:31,773 | 5151 | tracing_net.packet_capture_manager, start_capture, 88 | DEBUG | capture process (intf=s2-eth2 edge=l3 processid=5321) started
2021-11-17 08:39:31,778 | 5321 | tracing_net.util.packet_capture, start_capture, 66 | INFO | packet capture start on (interface=s2-eth2, edge=l3)
2021-11-17 08:39:31,784 | 5151 | tracing_net.packet_capture_manager, start_capture, 88 | DEBUG | capture process (intf=s1-eth3 edge=l4 processid=5323) started
2021-11-17 08:39:31,788 | 5151 | tracing_net.flowtable.flow_monitor, __init__, 46 | INFO | flow monitor start : s1
2021-11-17 08:39:31,795 | 5323 | tracing_net.util.packet_capture, start_capture, 66 | INFO | packet capture start on (interface=s1-eth3, edge=l4)
2021-11-17 08:39:31,811 | 5151 | tracing_net.flowtable.flow_monitor, __init__, 46 | INFO | flow monitor start : s2
2021-11-17 08:39:32,948 | 5151 | tracing_net.packet_repository, pop, 76 | ERROR | Failed to pop from packet repository (repo={}). This may appear at the start of the system, but if it appears while the system is running, there may be a bug.
2021-11-17 08:39:32,949 | 5151 | tracing_net.packet_repository, pop, 76 | ERROR | Failed to pop from packet repository (repo={}). This may appear at the start of the system, but if it appears while the system is running, there may be a bug.
2021-11-17 08:39:32,951 | 5151 | tracing_net.packet_repository, pop, 76 | ERROR | Failed to pop from packet repository (repo={}). This may appear at the start of the system, but if it appears while the system is running, there may be a bug.
2021-11-17 08:39:32,952 | 5151 | tracing_net.packet_repository, pop, 76 | ERROR | Failed to pop from packet repository (repo={}). This may appear at the start of the system, but if it appears while the system is running, there may be a bug.
2021-11-17 08:39:32,955 | 5151 | tracing_of_pipeline.analyzer, _poll_packet_inout_repo, 599 | DEBUG | Analyzing 1.2... tmp_p = [], s_dpip = 1
2021-11-17 08:39:32,964 | 5151 | tracing_of_pipeline.analyzer, _poll_packet_inout_repo, 599 | DEBUG | Analyzing 1.2... tmp_p = [], s_dpip = 2
2021-11-17 08:39:32,964 | 5151 | tracing_of_pipeline.analyzer, _polling, 552 | DEBUG | polled repository (start_time=1637138370.946764, until=0) values = {'l2': [], 'l1': [], 'l3': [], 'l4': []} {'s1': [], 's2': []}
2021-11-17 08:39:32,964 | 5151 | tracing_of_pipeline.analyzer, analyze, 196 | DEBUG | Analyzing 1... polled repository (count=0)
2021-11-17 08:39:32,965 | 5151 | tracing_of_pipeline.analyzer, analyze, 250 | DEBUG | Analyzing 1... No packet in edge l2
2021-11-17 08:39:32,965 | 5151 | tracing_of_pipeline.analyzer, analyze, 250 | DEBUG | Analyzing 1... No packet in edge l1
2021-11-17 08:39:32,965 | 5151 | tracing_of_pipeline.analyzer, analyze, 250 | DEBUG | Analyzing 1... No packet in edge l3
2021-11-17 08:39:32,966 | 5151 | tracing_of_pipeline.analyzer, analyze, 250 | DEBUG | Analyzing 1... No packet in edge l4
2021-11-17 08:39:34,949 | 5151 | tracing_net.packet_repository, pop, 76 | ERROR | Failed to pop from packet repository (repo={}). This may appear at the start of the system, but if it appears while the system is running, there may be a bug.
2021-11-17 08:39:34,950 | 5151 | tracing_net.packet_repository, pop, 76 | ERROR | Failed to pop from packet repository (repo={}). This may appear at the start of the system, but if it appears while the system is running, there may be a bug.
2021-11-17 08:39:34,951 | 5151 | tracing_net.packet_repository, pop, 76 | ERROR | Failed to pop from packet repository (repo={}). This may appear at the start of the system, but if it appears while the system is running, there may be a bug.
2021-11-17 08:39:34,952 | 5151 | tracing_net.packet_repository, pop, 76 | ERROR | Failed to pop from packet repository (repo={}). This may appear at the start of the system, but if it appears while the system is running, there may be a bug.
2021-11-17 08:39:34,954 | 5151 | tracing_of_pipeline.analyzer, _poll_packet_inout_repo, 599 | DEBUG | Analyzing 1.2... tmp_p = [], s_dpip = 1
2021-11-17 08:39:34,956 | 5151 | tracing_of_pipeline.analyzer, _poll_packet_inout_repo, 599 | DEBUG | Analyzing 1.2... tmp_p = [], s_dpip = 2
2021-11-17 08:39:34,956 | 5151 | tracing_of_pipeline.analyzer, _polling, 552 | DEBUG | polled repository (start_time=1637138370.946764, until=1) values = {'l2': [], 'l1': [], 'l3': [], 'l4': []} {'s1': [], 's2': []}
2021-11-17 08:39:34,956 | 5151 | tracing_of_pipeline.analyzer, analyze, 196 | DEBUG | Analyzing 1... polled repository (count=1)
2021-11-17 08:39:34,957 | 5151 | tracing_of_pipeline.analyzer, analyze, 250 | DEBUG | Analyzing 1... No packet in edge l2
2021-11-17 08:39:34,958 | 5151 | tracing_of_pipeline.analyzer, analyze, 250 | DEBUG | Analyzing 1... No packet in edge l1
2021-11-17 08:39:34,958 | 5151 | tracing_of_pipeline.analyzer, analyze, 250 | DEBUG | Analyzing 1... No packet in edge l3
2021-11-17 08:39:34,958 | 5151 | tracing_of_pipeline.analyzer, analyze, 250 | DEBUG | Analyzing 1... No packet in edge l4
2021-11-17 08:39:36,951 | 5151 | tracing_net.packet_repository, pop, 76 | ERROR | Failed to pop from packet repository (repo={}). This may appear at the start of the system, but if it appears while the system is running, there may be a bug.
2021-11-17 08:39:36,954 | 5151 | tracing_net.packet_repository, pop, 76 | ERROR | Failed to pop from packet repository (repo={}). This may appear at the start of the system, but if it appears while the system is running, there may be a bug.
2021-11-17 08:39:36,956 | 5151 | tracing_net.packet_repository, pop, 76 | ERROR | Failed to pop from packet repository (repo={}). This may appear at the start of the system, but if it appears while the system is running, there may be a bug.
2021-11-17 08:39:36,956 | 5151 | tracing_net.packet_repository, pop, 76 | ERROR | Failed to pop from packet repository (repo={}). This may appear at the start of the system, but if it appears while the system is running, there may be a bug.
2021-11-17 08:39:36,958 | 5151 | tracing_of_pipeline.analyzer, _poll_packet_inout_repo, 599 | DEBUG | Analyzing 1.2... tmp_p = [], s_dpip = 1
2021-11-17 08:39:36,959 | 5151 | tracing_of_pipeline.analyzer, _poll_packet_inout_repo, 599 | DEBUG | Analyzing 1.2... tmp_p = [], s_dpip = 2
2021-11-17 08:39:36,960 | 5151 | tracing_of_pipeline.analyzer, _polling, 552 | DEBUG | polled repository (start_time=1637138370.946764, until=2) values = {'l2': [], 'l1': [], 'l3': [], 'l4': []} {'s1': [], 's2': []}
2021-11-17 08:39:36,960 | 5151 | tracing_of_pipeline.analyzer, analyze, 196 | DEBUG | Analyzing 1... polled repository (count=2)
2021-11-17 08:39:36,961 | 5151 | tracing_of_pipeline.analyzer, analyze, 250 | DEBUG | Analyzing 1... No packet in edge l2
2021-11-17 08:39:36,962 | 5151 | tracing_of_pipeline.analyzer, analyze, 250 | DEBUG | Analyzing 1... No packet in edge l1
2021-11-17 08:39:36,963 | 5151 | tracing_of_pipeline.analyzer, analyze, 250 | DEBUG | Analyzing 1... No packet in edge l3
2021-11-17 08:39:36,964 | 5151 | tracing_of_pipeline.analyzer, analyze, 250 | DEBUG | Analyzing 1... No packet in edge l4
2021-11-17 08:39:38,948 | 5151 | tracing_net.packet_repository, pop, 76 | ERROR | Failed to pop from packet repository (repo={}). This may appear at the start of the system, but if it appears while the system is running, there may be a bug.
2021-11-17 08:39:38,949 | 5151 | tracing_net.packet_repository, pop, 76 | ERROR | Failed to pop from packet repository (repo={}). This may appear at the start of the system, but if it appears while the system is running, there may be a bug.
2021-11-17 08:39:38,950 | 5151 | tracing_net.packet_repository, pop, 76 | ERROR | Failed to pop from packet repository (repo={}). This may appear at the start of the system, but if it appears while the system is running, there may be a bug.
2021-11-17 08:39:38,951 | 5151 | tracing_net.packet_repository, pop, 76 | ERROR | Failed to pop from packet repository (repo={}). This may appear at the start of the system, but if it appears while the system is running, there may be a bug.
2021-11-17 08:39:38,953 | 5151 | tracing_of_pipeline.analyzer, _poll_packet_inout_repo, 599 | DEBUG | Analyzing 1.2... tmp_p = [], s_dpip = 1
2021-11-17 08:39:38,954 | 5151 | tracing_of_pipeline.analyzer, _poll_packet_inout_repo, 599 | DEBUG | Analyzing 1.2... tmp_p = [], s_dpip = 2
2021-11-17 08:39:38,955 | 5151 | tracing_of_pipeline.analyzer, _polling, 552 | DEBUG | polled repository (start_time=1637138370.946764, until=3) values = {'l2': [], 'l1': [], 'l3': [], 'l4': []} {'s1': [], 's2': []}
2021-11-17 08:39:38,956 | 5151 | tracing_of_pipeline.analyzer, analyze, 196 | DEBUG | Analyzing 1... polled repository (count=3)
2021-11-17 08:39:38,956 | 5151 | tracing_of_pipeline.analyzer, analyze, 250 | DEBUG | Analyzing 1... No packet in edge l2
2021-11-17 08:39:38,956 | 5151 | tracing_of_pipeline.analyzer, analyze, 250 | DEBUG | Analyzing 1... No packet in edge l1
2021-11-17 08:39:38,957 | 5151 | tracing_of_pipeline.analyzer, analyze, 250 | DEBUG | Analyzing 1... No packet in edge l3
2021-11-17 08:39:38,958 | 5151 | tracing_of_pipeline.analyzer, analyze, 250 | DEBUG | Analyzing 1... No packet in edge l4
2021-11-17 08:39:40,947 | 5151 | tracing_net.packet_repository, pop, 76 | ERROR | Failed to pop from packet repository (repo={}). This may appear at the start of the system, but if it appears while the system is running, there may be a bug.
2021-11-17 08:39:40,948 | 5151 | tracing_net.packet_repository, pop, 76 | ERROR | Failed to pop from packet repository (repo={}). This may appear at the start of the system, but if it appears while the system is running, there may be a bug.
2021-11-17 08:39:40,948 | 5151 | tracing_net.packet_repository, pop, 76 | ERROR | Failed to pop from packet repository (repo={}). This may appear at the start of the system, but if it appears while the system is running, there may be a bug.
2021-11-17 08:39:40,949 | 5151 | tracing_net.packet_repository, pop, 76 | ERROR | Failed to pop from packet repository (repo={}). This may appear at the start of the system, but if it appears while the system is running, there may be a bug.
2021-11-17 08:39:40,951 | 5151 | tracing_of_pipeline.analyzer, _poll_packet_inout_repo, 599 | DEBUG | Analyzing 1.2... tmp_p = [], s_dpip = 1
2021-11-17 08:39:40,953 | 5151 | tracing_of_pipeline.analyzer, _poll_packet_inout_repo, 599 | DEBUG | Analyzing 1.2... tmp_p = [], s_dpip = 2
2021-11-17 08:39:40,954 | 5151 | tracing_of_pipeline.analyzer, _polling, 552 | DEBUG | polled repository (start_time=1637138370.946764, until=4) values = {'l2': [], 'l1': [], 'l3': [], 'l4': []} {'s1': [], 's2': []}
2021-11-17 08:39:40,955 | 5151 | tracing_of_pipeline.analyzer, analyze, 196 | DEBUG | Analyzing 1... polled repository (count=4)
2021-11-17 08:39:40,955 | 5151 | tracing_of_pipeline.analyzer, analyze, 250 | DEBUG | Analyzing 1... No packet in edge l2
2021-11-17 08:39:40,956 | 5151 | tracing_of_pipeline.analyzer, analyze, 250 | DEBUG | Analyzing 1... No packet in edge l1
2021-11-17 08:39:40,957 | 5151 | tracing_of_pipeline.analyzer, analyze, 250 | DEBUG | Analyzing 1... No packet in edge l3
2021-11-17 08:39:40,957 | 5151 | tracing_of_pipeline.analyzer, analyze, 250 | DEBUG | Analyzing 1... No packet in edge l4
2021-11-17 08:39:42,947 | 5151 | tracing_net.packet_repository, pop, 76 | ERROR | Failed to pop from packet repository (repo={}). This may appear at the start of the system, but if it appears while the system is running, there may be a bug.
2021-11-17 08:39:42,948 | 5151 | tracing_net.packet_repository, pop, 76 | ERROR | Failed to pop from packet repository (repo={}). This may appear at the start of the system, but if it appears while the system is running, there may be a bug.
2021-11-17 08:39:42,948 | 5151 | tracing_net.packet_repository, pop, 76 | ERROR | Failed to pop from packet repository (repo={}). This may appear at the start of the system, but if it appears while the system is running, there may be a bug.
2021-11-17 08:39:42,949 | 5151 | tracing_net.packet_repository, pop, 76 | ERROR | Failed to pop from packet repository (repo={}). This may appear at the start of the system, but if it appears while the system is running, there may be a bug.
2021-11-17 08:39:42,949 | 5151 | tracing_of_pipeline.analyzer, _poll_packet_inout_repo, 599 | DEBUG | Analyzing 1.2... tmp_p = [], s_dpip = 1
2021-11-17 08:39:42,950 | 5151 | tracing_of_pipeline.analyzer, _poll_packet_inout_repo, 599 | DEBUG | Analyzing 1.2... tmp_p = [], s_dpip = 2
2021-11-17 08:39:42,951 | 5151 | tracing_of_pipeline.analyzer, _polling, 552 | DEBUG | polled repository (start_time=1637138370.946764, until=5) values = {'l2': [], 'l1': [], 'l3': [], 'l4': []} {'s1': [], 's2': []}
2021-11-17 08:39:42,952 | 5151 | tracing_of_pipeline.analyzer, analyze, 196 | DEBUG | Analyzing 1... polled repository (count=5)
2021-11-17 08:39:42,952 | 5151 | tracing_of_pipeline.analyzer, analyze, 250 | DEBUG | Analyzing 1... No packet in edge l2
2021-11-17 08:39:42,953 | 5151 | tracing_of_pipeline.analyzer, analyze, 250 | DEBUG | Analyzing 1... No packet in edge l1
2021-11-17 08:39:42,954 | 5151 | tracing_of_pipeline.analyzer, analyze, 250 | DEBUG | Analyzing 1... No packet in edge l3
2021-11-17 08:39:42,954 | 5151 | tracing_of_pipeline.analyzer, analyze, 250 | DEBUG | Analyzing 1... No packet in edge l4
2021-11-17 08:39:44,948 | 5151 | tracing_net.packet_repository, pop, 76 | ERROR | Failed to pop from packet repository (repo={}). This may appear at the start of the system, but if it appears while the system is running, there may be a bug.
2021-11-17 08:39:44,952 | 5151 | tracing_net.packet_repository, pop, 76 | ERROR | Failed to pop from packet repository (repo={}). This may appear at the start of the system, but if it appears while the system is running, there may be a bug.
2021-11-17 08:39:44,953 | 5151 | tracing_net.packet_repository, pop, 76 | ERROR | Failed to pop from packet repository (repo={}). This may appear at the start of the system, but if it appears while the system is running, there may be a bug.
2021-11-17 08:39:44,958 | 5151 | tracing_net.packet_repository, pop, 76 | ERROR | Failed to pop from packet repository (repo={}). This may appear at the start of the system, but if it appears while the system is running, there may be a bug.
2021-11-17 08:39:44,961 | 5151 | tracing_of_pipeline.analyzer, _poll_packet_inout_repo, 599 | DEBUG | Analyzing 1.2... tmp_p = [], s_dpip = 1
2021-11-17 08:39:44,962 | 5151 | tracing_of_pipeline.analyzer, _poll_packet_inout_repo, 599 | DEBUG | Analyzing 1.2... tmp_p = [], s_dpip = 2
2021-11-17 08:39:44,962 | 5151 | tracing_of_pipeline.analyzer, _polling, 552 | DEBUG | polled repository (start_time=1637138370.946764, until=6) values = {'l2': [], 'l1': [], 'l3': [], 'l4': []} {'s1': [], 's2': []}
2021-11-17 08:39:44,963 | 5151 | tracing_of_pipeline.analyzer, analyze, 196 | DEBUG | Analyzing 1... polled repository (count=6)
2021-11-17 08:39:44,963 | 5151 | tracing_of_pipeline.analyzer, analyze, 250 | DEBUG | Analyzing 1... No packet in edge l2
2021-11-17 08:39:44,963 | 5151 | tracing_of_pipeline.analyzer, analyze, 250 | DEBUG | Analyzing 1... No packet in edge l1
2021-11-17 08:39:44,964 | 5151 | tracing_of_pipeline.analyzer, analyze, 250 | DEBUG | Analyzing 1... No packet in edge l3
2021-11-17 08:39:44,964 | 5151 | tracing_of_pipeline.analyzer, analyze, 250 | DEBUG | Analyzing 1... No packet in edge l4
2021-11-17 08:39:46,949 | 5151 | tracing_net.packet_repository, pop, 76 | ERROR | Failed to pop from packet repository (repo={'l2': [<Msg captured_interface=s1-eth1, sniff_timestamp=1637138386.194208, pkt=<ARP_RAW Packet>, in_port=s1-eth1, in_phy_port=s1-eth1>, <Msg captured_interface=s1-eth1, sniff_timestamp=1637138386.270849, pkt=<ARP_RAW Packet>, in_port=s1-eth1, in_phy_port=s1-eth1>, <Msg captured_interface=s1-eth1, sniff_timestamp=1637138386.27086, pkt=<ICMP_RAW Packet>, in_port=s1-eth1, in_phy_port=s1-eth1>], 'l4': [<Msg captured_interface=s1-eth3, sniff_timestamp=1637138386.2437682, pkt=<ARP_RAW Packet>, in_port=s1-eth3, in_phy_port=s1-eth3>, <Msg captured_interface=s1-eth3, sniff_timestamp=1637138386.243832, pkt=<ARP_RAW Packet>, in_port=s1-eth3, in_phy_port=s1-eth3>, <Msg captured_interface=s1-eth3, sniff_timestamp=1637138386.343755, pkt=<ICMP_RAW Packet>, in_port=s1-eth3, in_phy_port=s1-eth3>]}). This may appear at the start of the system, but if it appears while the system is running, there may be a bug.
2021-11-17 08:39:46,962 | 5151 | tracing_net.packet_repository, pop, 76 | ERROR | Failed to pop from packet repository (repo={'l2': [<Msg captured_interface=s1-eth1, sniff_timestamp=1637138386.194208, pkt=<ARP_RAW Packet>, in_port=s1-eth1, in_phy_port=s1-eth1>, <Msg captured_interface=s1-eth1, sniff_timestamp=1637138386.270849, pkt=<ARP_RAW Packet>, in_port=s1-eth1, in_phy_port=s1-eth1>, <Msg captured_interface=s1-eth1, sniff_timestamp=1637138386.27086, pkt=<ICMP_RAW Packet>, in_port=s1-eth1, in_phy_port=s1-eth1>], 'l4': [<Msg captured_interface=s1-eth3, sniff_timestamp=1637138386.2437682, pkt=<ARP_RAW Packet>, in_port=s1-eth3, in_phy_port=s1-eth3>, <Msg captured_interface=s1-eth3, sniff_timestamp=1637138386.243832, pkt=<ARP_RAW Packet>, in_port=s1-eth3, in_phy_port=s1-eth3>, <Msg captured_interface=s1-eth3, sniff_timestamp=1637138386.343755, pkt=<ICMP_RAW Packet>, in_port=s1-eth3, in_phy_port=s1-eth3>]}). This may appear at the start of the system, but if it appears while the system is running, there may be a bug.
2021-11-17 08:39:46,971 | 5151 | tracing_of_pipeline.analyzer, _poll_packet_inout_repo, 599 | DEBUG | Analyzing 1.2... tmp_p = [], s_dpip = 1
2021-11-17 08:39:46,974 | 5151 | tracing_of_pipeline.analyzer, _poll_packet_inout_repo, 599 | DEBUG | Analyzing 1.2... tmp_p = [], s_dpip = 2
2021-11-17 08:39:46,982 | 5151 | tracing_of_pipeline.analyzer, _polling, 552 | DEBUG | polled repository (start_time=1637138370.946764, until=7) values = {'l2': [], 'l1': [], 'l3': [], 'l4': []} {'s1': [], 's2': []}
2021-11-17 08:39:46,984 | 5151 | tracing_of_pipeline.analyzer, analyze, 196 | DEBUG | Analyzing 1... polled repository (count=7)
2021-11-17 08:39:46,985 | 5151 | tracing_of_pipeline.analyzer, analyze, 250 | DEBUG | Analyzing 1... No packet in edge l2
2021-11-17 08:39:46,986 | 5151 | tracing_of_pipeline.analyzer, analyze, 250 | DEBUG | Analyzing 1... No packet in edge l1
2021-11-17 08:39:46,987 | 5151 | tracing_of_pipeline.analyzer, analyze, 250 | DEBUG | Analyzing 1... No packet in edge l3
2021-11-17 08:39:46,987 | 5151 | tracing_of_pipeline.analyzer, analyze, 250 | DEBUG | Analyzing 1... No packet in edge l4
2021-11-17 08:39:48,948 | 5151 | tracing_net.packet_repository, pop, 76 | ERROR | Failed to pop from packet repository (repo={'l2': [<Msg captured_interface=s1-eth1, sniff_timestamp=1637138386.194208, pkt=<ARP_RAW Packet>, in_port=s1-eth1, in_phy_port=s1-eth1>, <Msg captured_interface=s1-eth1, sniff_timestamp=1637138386.270849, pkt=<ARP_RAW Packet>, in_port=s1-eth1, in_phy_port=s1-eth1>, <Msg captured_interface=s1-eth1, sniff_timestamp=1637138386.27086, pkt=<ICMP_RAW Packet>, in_port=s1-eth1, in_phy_port=s1-eth1>], 'l4': [<Msg captured_interface=s1-eth3, sniff_timestamp=1637138386.2437682, pkt=<ARP_RAW Packet>, in_port=s1-eth3, in_phy_port=s1-eth3>, <Msg captured_interface=s1-eth3, sniff_timestamp=1637138386.243832, pkt=<ARP_RAW Packet>, in_port=s1-eth3, in_phy_port=s1-eth3>, <Msg captured_interface=s1-eth3, sniff_timestamp=1637138386.343755, pkt=<ICMP_RAW Packet>, in_port=s1-eth3, in_phy_port=s1-eth3>]}). This may appear at the start of the system, but if it appears while the system is running, there may be a bug.
2021-11-17 08:39:48,950 | 5151 | tracing_net.packet_repository, pop, 76 | ERROR | Failed to pop from packet repository (repo={'l2': [<Msg captured_interface=s1-eth1, sniff_timestamp=1637138386.194208, pkt=<ARP_RAW Packet>, in_port=s1-eth1, in_phy_port=s1-eth1>, <Msg captured_interface=s1-eth1, sniff_timestamp=1637138386.270849, pkt=<ARP_RAW Packet>, in_port=s1-eth1, in_phy_port=s1-eth1>, <Msg captured_interface=s1-eth1, sniff_timestamp=1637138386.27086, pkt=<ICMP_RAW Packet>, in_port=s1-eth1, in_phy_port=s1-eth1>], 'l4': [<Msg captured_interface=s1-eth3, sniff_timestamp=1637138386.2437682, pkt=<ARP_RAW Packet>, in_port=s1-eth3, in_phy_port=s1-eth3>, <Msg captured_interface=s1-eth3, sniff_timestamp=1637138386.243832, pkt=<ARP_RAW Packet>, in_port=s1-eth3, in_phy_port=s1-eth3>, <Msg captured_interface=s1-eth3, sniff_timestamp=1637138386.343755, pkt=<ICMP_RAW Packet>, in_port=s1-eth3, in_phy_port=s1-eth3>]}). This may appear at the start of the system, but if it appears while the system is running, there may be a bug.
2021-11-17 08:39:48,951 | 5151 | tracing_of_pipeline.analyzer, _poll_packet_inout_repo, 599 | DEBUG | Analyzing 1.2... tmp_p = [], s_dpip = 1
2021-11-17 08:39:48,952 | 5151 | tracing_of_pipeline.analyzer, _poll_packet_inout_repo, 599 | DEBUG | Analyzing 1.2... tmp_p = [], s_dpip = 2
2021-11-17 08:39:48,952 | 5151 | tracing_of_pipeline.analyzer, _polling, 552 | DEBUG | polled repository (start_time=1637138370.946764, until=8) values = {'l2': [], 'l1': [], 'l3': [], 'l4': []} {'s1': [], 's2': []}
2021-11-17 08:39:48,952 | 5151 | tracing_of_pipeline.analyzer, analyze, 196 | DEBUG | Analyzing 1... polled repository (count=8)
2021-11-17 08:39:48,953 | 5151 | tracing_of_pipeline.analyzer, analyze, 250 | DEBUG | Analyzing 1... No packet in edge l2
2021-11-17 08:39:48,953 | 5151 | tracing_of_pipeline.analyzer, analyze, 250 | DEBUG | Analyzing 1... No packet in edge l1
2021-11-17 08:39:48,953 | 5151 | tracing_of_pipeline.analyzer, analyze, 250 | DEBUG | Analyzing 1... No packet in edge l3
2021-11-17 08:39:48,954 | 5151 | tracing_of_pipeline.analyzer, analyze, 250 | DEBUG | Analyzing 1... No packet in edge l4
2021-11-17 08:39:50,948 | 5151 | tracing_net.packet_repository, pop, 76 | ERROR | Failed to pop from packet repository (repo={'l2': [], 'l4': [<Msg captured_interface=s1-eth3, sniff_timestamp=1637138386.2437682, pkt=<ARP_RAW Packet>, in_port=s1-eth3, in_phy_port=s1-eth3>, <Msg captured_interface=s1-eth3, sniff_timestamp=1637138386.243832, pkt=<ARP_RAW Packet>, in_port=s1-eth3, in_phy_port=s1-eth3>, <Msg captured_interface=s1-eth3, sniff_timestamp=1637138386.343755, pkt=<ICMP_RAW Packet>, in_port=s1-eth3, in_phy_port=s1-eth3>]}). This may appear at the start of the system, but if it appears while the system is running, there may be a bug.
2021-11-17 08:39:50,951 | 5151 | tracing_net.packet_repository, pop, 76 | ERROR | Failed to pop from packet repository (repo={'l2': [], 'l4': [<Msg captured_interface=s1-eth3, sniff_timestamp=1637138386.2437682, pkt=<ARP_RAW Packet>, in_port=s1-eth3, in_phy_port=s1-eth3>, <Msg captured_interface=s1-eth3, sniff_timestamp=1637138386.243832, pkt=<ARP_RAW Packet>, in_port=s1-eth3, in_phy_port=s1-eth3>, <Msg captured_interface=s1-eth3, sniff_timestamp=1637138386.343755, pkt=<ICMP_RAW Packet>, in_port=s1-eth3, in_phy_port=s1-eth3>]}). This may appear at the start of the system, but if it appears while the system is running, there may be a bug.
2021-11-17 08:39:50,952 | 5151 | tracing_of_pipeline.analyzer, _poll_packet_inout_repo, 599 | DEBUG | Analyzing 1.2... tmp_p = [<Message msg_name=OFPT_PACKET_IN of_msg=PacketIn(xid=UBInt32(0)) timestamp=1637138386.195963 local_port=60722 datapath_id=1>, <Message msg_name=OFPT_PACKET_OUT of_msg=PacketOut(xid=UBInt32(153212181)) timestamp=1637138386.243304 local_port=60722 datapath_id=1>, <Message msg_name=OFPT_PACKET_IN of_msg=PacketIn(xid=UBInt32(0)) timestamp=1637138386.257396 local_port=60722 datapath_id=1>, <Message msg_name=OFPT_PACKET_OUT of_msg=PacketOut(xid=UBInt32(153212183)) timestamp=1637138386.270583 local_port=60722 datapath_id=1>, <Message msg_name=OFPT_PACKET_IN of_msg=PacketIn(xid=UBInt32(0)) timestamp=1637138386.326224 local_port=60722 datapath_id=1>, <Message msg_name=OFPT_PACKET_OUT of_msg=PacketOut(xid=UBInt32(153212185)) timestamp=1637138386.34309 local_port=60722 datapath_id=1>], s_dpip = 1
2021-11-17 08:39:50,958 | 5151 | tracing_of_pipeline.analyzer, _poll_packet_inout_repo, 599 | DEBUG | Analyzing 1.2... tmp_p = [<Message msg_name=OFPT_PACKET_IN of_msg=PacketIn(xid=UBInt32(0)) timestamp=1637138386.257517 local_port=60724 datapath_id=2>, <Message msg_name=OFPT_PACKET_OUT of_msg=PacketOut(xid=UBInt32(241569277)) timestamp=1637138386.270712 local_port=60724 datapath_id=2>], s_dpip = 2
2021-11-17 08:39:50,960 | 5151 | tracing_of_pipeline.analyzer, _polling, 552 | DEBUG | polled repository (start_time=1637138370.946764, until=9) values = {'l2': [<Msg captured_interface=s1-eth1, sniff_timestamp=1637138386.194208, pkt=<ARP_RAW Packet>, in_port=s1-eth1, in_phy_port=s1-eth1>, <Msg captured_interface=s1-eth1, sniff_timestamp=1637138386.270849, pkt=<ARP_RAW Packet>, in_port=s1-eth1, in_phy_port=s1-eth1>, <Msg captured_interface=s1-eth1, sniff_timestamp=1637138386.27086, pkt=<ICMP_RAW Packet>, in_port=s1-eth1, in_phy_port=s1-eth1>], 'l1': [], 'l3': [], 'l4': [<Msg captured_interface=s1-eth3, sniff_timestamp=1637138386.2437682, pkt=<ARP_RAW Packet>, in_port=s1-eth3, in_phy_port=s1-eth3>, <Msg captured_interface=s1-eth3, sniff_timestamp=1637138386.243832, pkt=<ARP_RAW Packet>, in_port=s1-eth3, in_phy_port=s1-eth3>, <Msg captured_interface=s1-eth3, sniff_timestamp=1637138386.343755, pkt=<ICMP_RAW Packet>, in_port=s1-eth3, in_phy_port=s1-eth3>]} {'s1': [<MsgForOFMsg (timestamp=1637138386.195963 message_type=10)>, <MsgForOFMsg (timestamp=1637138386.243304 message_type=13)>, <MsgForOFMsg (timestamp=1637138386.257396 message_type=10)>, <MsgForOFMsg (timestamp=1637138386.270583 message_type=13)>, <MsgForOFMsg (timestamp=1637138386.326224 message_type=10)>, <MsgForOFMsg (timestamp=1637138386.34309 message_type=13)>], 's2': [<MsgForOFMsg (timestamp=1637138386.257517 message_type=10)>, <MsgForOFMsg (timestamp=1637138386.270712 message_type=13)>]}
2021-11-17 08:39:50,961 | 5151 | tracing_of_pipeline.analyzer, analyze, 196 | DEBUG | Analyzing 1... polled repository (count=9)
2021-11-17 08:39:50,961 | 5151 | tracing_of_pipeline.analyzer, analyze, 204 | DEBUG | Analyzing 2... analyze packet out (count=9, target=<MsgForOFMsg (timestamp=1637138386.243304 message_type=13)>)
2021-11-17 08:39:50,962 | 5151 | tracing_of_pipeline.analyzer, _analyze_packet_out, 268 | DEBUG | Analyzing 2.1... analyze packet out, get out_ports (count=9, out_ports=[(<PortNo.OFPP_FLOOD: 4294967291>, <MsgForOFMsg (timestamp=1637138386.243304 message_type=13)>)])
2021-11-17 08:39:50,962 | 5151 | tracing_of_pipeline.analyzer, _analyze_packet_out, 275 | DEBUG | Analyzing 2.2... get packer msg (count=9, packer msg=[(<PortNo.OFPP_FLOOD: 4294967291>, <MsgForOFMsg (timestamp=1637138386.243304 message_type=13)>)])
2021-11-17 08:39:50,963 | 5151 | tracing_of_pipeline.analyzer, _analyze_packet_out, 298 | DEBUG | Analyzing 2.3... get packet (count=9, edge=l1, packet=None)
2021-11-17 08:39:50,963 | 5151 | tracing_of_pipeline.analyzer, _analyze_packet_out, 352 | DEBUG | Analyzing 2.3... cannot pop pakcet (count=9 next_edge=l1 m=<MsgForOFMsg (timestamp=1637138386.243304 message_type=13)>)
2021-11-17 08:39:50,964 | 5151 | tracing_of_pipeline.analyzer, analyze, 204 | DEBUG | Analyzing 2... analyze packet out (count=9, target=<MsgForOFMsg (timestamp=1637138386.270583 message_type=13)>)
2021-11-17 08:39:50,964 | 5151 | tracing_of_pipeline.analyzer, _analyze_packet_out, 268 | DEBUG | Analyzing 2.1... analyze packet out, get out_ports (count=9, out_ports=[(1, <MsgForOFMsg (timestamp=1637138386.270583 message_type=13)>)])
2021-11-17 08:39:50,965 | 5151 | tracing_of_pipeline.analyzer, analyze, 204 | DEBUG | Analyzing 2... analyze packet out (count=9, target=<MsgForOFMsg (timestamp=1637138386.34309 message_type=13)>)
2021-11-17 08:39:50,965 | 5151 | tracing_of_pipeline.analyzer, _analyze_packet_out, 268 | DEBUG | Analyzing 2.1... analyze packet out, get out_ports (count=9, out_ports=[(3, <MsgForOFMsg (timestamp=1637138386.34309 message_type=13)>)])
2021-11-17 08:39:50,966 | 5151 | tracing_of_pipeline.analyzer, analyze, 204 | DEBUG | Analyzing 2... analyze packet out (count=9, target=<MsgForOFMsg (timestamp=1637138386.270712 message_type=13)>)
2021-11-17 08:39:50,966 | 5151 | tracing_of_pipeline.analyzer, _analyze_packet_out, 268 | DEBUG | Analyzing 2.1... analyze packet out, get out_ports (count=9, out_ports=[(<PortNo.OFPP_FLOOD: 4294967291>, <MsgForOFMsg (timestamp=1637138386.270712 message_type=13)>)])
2021-11-17 08:39:50,967 | 5151 | tracing_of_pipeline.analyzer, _analyze_packet_out, 275 | DEBUG | Analyzing 2.2... get packer msg (count=9, packer msg=[(<PortNo.OFPP_FLOOD: 4294967291>, <MsgForOFMsg (timestamp=1637138386.270712 message_type=13)>)])
2021-11-17 08:39:50,967 | 5151 | tracing_of_pipeline.analyzer, _analyze_packet_out, 298 | DEBUG | Analyzing 2.3... get packet (count=9, edge=l3, packet=None)
2021-11-17 08:39:50,967 | 5151 | tracing_of_pipeline.analyzer, _analyze_packet_out, 352 | DEBUG | Analyzing 2.3... cannot pop pakcet (count=9 next_edge=l3 m=<MsgForOFMsg (timestamp=1637138386.270712 message_type=13)>)
2021-11-17 08:39:50,968 | 5151 | tracing_of_pipeline.analyzer, analyze, 217 | DEBUG | Analyzing 3... analyze packet (count=9, target=<Msg captured_interface=s1-eth1, sniff_timestamp=1637138386.194208, pkt=<ARP_RAW Packet>, in_port=s1-eth1, in_phy_port=s1-eth1>)
2021-11-17 08:39:50,968 | 5151 | tracing_of_pipeline.analyzer, analyze, 224 | DEBUG | Analyzing 3.1... get flowtable (count=9, flow table=<FlowTables(datapath=0, timestamp=1637138375.120891, flows=[<Flow(table=0, priority=0, match={}, actions=[<InstructionApplyAction type=4>])>])>)
2021-11-17 08:39:50,969 | 5151 | tracing_of_pipeline.analyzer, BFS, 384 | DEBUG | Analyzing 4... start BFS (count=9)
2021-11-17 08:39:50,970 | 5151 | tracing_of_pipeline.analyzer, BFS, 391 | DEBUG | Analyzing 4.1... processing msg (count=9, msg=<Msg captured_interface=s1-eth1, sniff_timestamp=1637138386.194208, pkt=<ARP_RAW Packet>, in_port=1, in_phy_port=s1-eth1>)
2021-11-17 08:39:50,971 | 5151 | tracing_of_pipeline.analyzer, BFS, 403 | DEBUG | Analyzing 4.1... dst_node is FlowTables (count=9)
2021-11-17 08:39:50,973 | 5151 | tracing_of_pipeline.analyzer, BFS, 411 | DEBUG | Analyzing 4.2... After applied pipeline (count=9, out_ports_to_msg=[('65535', <Msg captured_interface=s1-eth1, sniff_timestamp=1637138386.194208, pkt=<ARP_RAW Packet>, in_port=1, in_phy_port=s1-eth1>)])
2021-11-17 08:39:50,974 | 5151 | tracing_of_pipeline.analyzer, BFS, 429 | DEBUG | Analyzing 4.3... get next of dst_node (count=9, next_switch=controller)
2021-11-17 08:39:50,974 | 5151 | tracing_of_pipeline.analyzer, BFS, 474 | DEBUG | Analyzing 4.4... next switch is controller. Therefore trace is finished. (count=9, next_switch=controller)
2021-11-17 08:39:50,976 | 5151 | tracing_of_pipeline.analyzer, analyze, 231 | DEBUG | Analyzing 5.1... After BFS (count=9, trace=0x00000806 : (h1, s1)(s1, controller))
2021-11-17 08:39:50,976 | 5151 | tracing_of_pipeline.packet_trace_handler, append, 31 | DEBUG | 1637138386.194208 : 0x00000806 : (h1, s1)(s1, controller)
2021-11-17 08:39:50,977 | 5151 | tracing_net.msg, is_equal_msg, 309 | DEBUG | Packet <Msg captured_interface=s1-eth1, sniff_timestamp=1637138386.194208, pkt=<ARP_RAW Packet>, in_port=1, in_phy_port=s1-eth1> and packet <Msg captured_interface=s1-eth3, sniff_timestamp=1637138386.243832, pkt=<ARP_RAW Packet>, in_port=s1-eth3, in_phy_port=s1-eth3> have different eth_dst. (self:ff:ff:ff:ff:ff:ff, other:fa:db:37:b7:b9:e9)
2021-11-17 08:39:50,978 | 5151 | tracing_net.msg, is_equal_msg, 309 | DEBUG | Packet <Msg captured_interface=s1-eth1, sniff_timestamp=1637138386.194208, pkt=<ARP_RAW Packet>, in_port=1, in_phy_port=s1-eth1> and packet <Msg captured_interface=s1-eth3, sniff_timestamp=1637138386.343755, pkt=<ICMP_RAW Packet>, in_port=s1-eth3, in_phy_port=s1-eth3> have different eth_dst. (self:ff:ff:ff:ff:ff:ff, other:be:45:68:21:47:ed)
2021-11-17 08:39:50,978 | 5151 | tracing_net.msg, is_equal_msg, 309 | DEBUG | Packet <Msg captured_interface=s1-eth1, sniff_timestamp=1637138386.194208, pkt=<ARP_RAW Packet>, in_port=1, in_phy_port=s1-eth1> and packet <Msg captured_interface=s1-eth1, sniff_timestamp=1637138386.270849, pkt=<ARP_RAW Packet>, in_port=s1-eth1, in_phy_port=s1-eth1> have different eth_dst. (self:ff:ff:ff:ff:ff:ff, other:fa:db:37:b7:b9:e9)
2021-11-17 08:39:50,979 | 5151 | tracing_net.msg, is_equal_msg, 309 | DEBUG | Packet <Msg captured_interface=s1-eth1, sniff_timestamp=1637138386.194208, pkt=<ARP_RAW Packet>, in_port=1, in_phy_port=s1-eth1> and packet <Msg captured_interface=s1-eth1, sniff_timestamp=1637138386.27086, pkt=<ICMP_RAW Packet>, in_port=s1-eth1, in_phy_port=s1-eth1> have different eth_dst. (self:ff:ff:ff:ff:ff:ff, other:be:45:68:21:47:ed)
2021-11-17 08:39:50,980 | 5151 | tracing_net.msg, is_equal_msg, 309 | DEBUG | Packet <Msg captured_interface=s1-eth1, sniff_timestamp=1637138386.194208, pkt=<ARP_RAW Packet>, in_port=1, in_phy_port=s1-eth1> and packet <Msg captured_interface=s1-eth3, sniff_timestamp=1637138386.243832, pkt=<ARP_RAW Packet>, in_port=s1-eth3, in_phy_port=s1-eth3> have different eth_dst. (self:ff:ff:ff:ff:ff:ff, other:fa:db:37:b7:b9:e9)
2021-11-17 08:39:50,980 | 5151 | tracing_net.msg, is_equal_msg, 309 | DEBUG | Packet <Msg captured_interface=s1-eth1, sniff_timestamp=1637138386.194208, pkt=<ARP_RAW Packet>, in_port=1, in_phy_port=s1-eth1> and packet <Msg captured_interface=s1-eth3, sniff_timestamp=1637138386.343755, pkt=<ICMP_RAW Packet>, in_port=s1-eth3, in_phy_port=s1-eth3> have different eth_dst. (self:ff:ff:ff:ff:ff:ff, other:be:45:68:21:47:ed)
2021-11-17 08:39:50,981 | 5151 | tracing_of_pipeline.analyzer, analyze, 237 | DEBUG | Analyzing 5.2... Trace is finish. (count=9, trace=0x00000806 : (h1, s1)(s1, controller))
2021-11-17 08:39:50,981 | 5151 | tracing_of_pipeline.analyzer, analyze, 217 | DEBUG | Analyzing 3... analyze packet (count=9, target=<Msg captured_interface=s1-eth1, sniff_timestamp=1637138386.27086, pkt=<ICMP_RAW Packet>, in_port=s1-eth1, in_phy_port=s1-eth1>)
2021-11-17 08:39:50,982 | 5151 | tracing_of_pipeline.analyzer, analyze, 224 | DEBUG | Analyzing 3.1... get flowtable (count=9, flow table=<FlowTables(datapath=0, timestamp=1637138386.262518, flows=[<Flow(table=0, priority=1, match=[<in_port, 3/None>, <dl_src, be:45:68:21:47:ed/None>, <dl_dst, fa:db:37:b7:b9:e9/None>], actions=[<InstructionApplyAction type=4>])>, <Flow(table=0, priority=0, match={}, actions=[<InstructionApplyAction type=4>])>])>)
2021-11-17 08:39:50,982 | 5151 | tracing_of_pipeline.analyzer, BFS, 384 | DEBUG | Analyzing 4... start BFS (count=9)
2021-11-17 08:39:50,983 | 5151 | tracing_of_pipeline.analyzer, BFS, 391 | DEBUG | Analyzing 4.1... processing msg (count=9, msg=<Msg captured_interface=s1-eth1, sniff_timestamp=1637138386.27086, pkt=<ICMP_RAW Packet>, in_port=1, in_phy_port=s1-eth1>)
2021-11-17 08:39:50,986 | 5151 | tracing_of_pipeline.analyzer, BFS, 403 | DEBUG | Analyzing 4.1... dst_node is FlowTables (count=9)
2021-11-17 08:39:50,990 | 5151 | tracing_of_pipeline.analyzer, BFS, 411 | DEBUG | Analyzing 4.2... After applied pipeline (count=9, out_ports_to_msg=[('65535', <Msg captured_interface=s1-eth1, sniff_timestamp=1637138386.27086, pkt=<ICMP_RAW Packet>, in_port=1, in_phy_port=s1-eth1>)])
2021-11-17 08:39:50,990 | 5151 | tracing_of_pipeline.analyzer, BFS, 429 | DEBUG | Analyzing 4.3... get next of dst_node (count=9, next_switch=controller)
2021-11-17 08:39:50,990 | 5151 | tracing_of_pipeline.analyzer, BFS, 474 | DEBUG | Analyzing 4.4... next switch is controller. Therefore trace is finished. (count=9, next_switch=controller)
2021-11-17 08:39:50,993 | 5151 | tracing_of_pipeline.analyzer, analyze, 231 | DEBUG | Analyzing 5.1... After BFS (count=9, trace=0x00000800 : (h1, s1)(s1, controller))
2021-11-17 08:39:50,995 | 5151 | tracing_of_pipeline.packet_trace_handler, append, 31 | DEBUG | 1637138386.27086 : 0x00000800 : (h1, s1)(s1, controller)
2021-11-17 08:39:50,996 | 5151 | tracing_net.msg, is_equal_msg, 309 | DEBUG | Packet <Msg captured_interface=s1-eth1, sniff_timestamp=1637138386.27086, pkt=<ICMP_RAW Packet>, in_port=1, in_phy_port=s1-eth1> and packet <Msg captured_interface=s1-eth1, sniff_timestamp=1637138386.270849, pkt=<ARP_RAW Packet>, in_port=s1-eth1, in_phy_port=s1-eth1> have different eth_dst. (self:be:45:68:21:47:ed, other:fa:db:37:b7:b9:e9)
2021-11-17 08:39:50,996 | 5151 | tracing_net.msg, is_equal_msg, 309 | DEBUG | Packet <Msg captured_interface=s1-eth1, sniff_timestamp=1637138386.270849, pkt=<ARP_RAW Packet>, in_port=s1-eth1, in_phy_port=s1-eth1> and packet <Msg captured_interface=s1-eth1, sniff_timestamp=1637138386.27086, pkt=<ICMP_RAW Packet>, in_port=1, in_phy_port=s1-eth1> have different eth_dst. (self:fa:db:37:b7:b9:e9, other:be:45:68:21:47:ed)
2021-11-17 08:39:50,997 | 5151 | tracing_net.msg, is_equal_msg, 309 | DEBUG | Packet <Msg captured_interface=s1-eth1, sniff_timestamp=1637138386.27086, pkt=<ICMP_RAW Packet>, in_port=1, in_phy_port=s1-eth1> and packet <Msg captured_interface=s1-eth3, sniff_timestamp=1637138386.2437682, pkt=<ARP_RAW Packet>, in_port=s1-eth3, in_phy_port=s1-eth3> have different eth_dst. (self:be:45:68:21:47:ed, other:ff:ff:ff:ff:ff:ff)
2021-11-17 08:39:50,997 | 5151 | tracing_net.msg, is_equal_msg, 309 | DEBUG | Packet <Msg captured_interface=s1-eth1, sniff_timestamp=1637138386.27086, pkt=<ICMP_RAW Packet>, in_port=1, in_phy_port=s1-eth1> and packet <Msg captured_interface=s1-eth3, sniff_timestamp=1637138386.243832, pkt=<ARP_RAW Packet>, in_port=s1-eth3, in_phy_port=s1-eth3> have different eth_dst. (self:be:45:68:21:47:ed, other:fa:db:37:b7:b9:e9)
2021-11-17 08:39:50,998 | 5151 | tracing_net.msg, is_equal_msg, 309 | DEBUG | Packet <Msg captured_interface=s1-eth1, sniff_timestamp=1637138386.27086, pkt=<ICMP_RAW Packet>, in_port=1, in_phy_port=s1-eth1> and packet <Msg captured_interface=s1-eth1, sniff_timestamp=1637138386.270849, pkt=<ARP_RAW Packet>, in_port=s1-eth1, in_phy_port=s1-eth1> have different eth_dst. (self:be:45:68:21:47:ed, other:fa:db:37:b7:b9:e9)
2021-11-17 08:39:50,999 | 5151 | tracing_net.msg, is_equal_msg, 309 | DEBUG | Packet <Msg captured_interface=s1-eth1, sniff_timestamp=1637138386.27086, pkt=<ICMP_RAW Packet>, in_port=1, in_phy_port=s1-eth1> and packet <Msg captured_interface=s1-eth3, sniff_timestamp=1637138386.2437682, pkt=<ARP_RAW Packet>, in_port=s1-eth3, in_phy_port=s1-eth3> have different eth_dst. (self:be:45:68:21:47:ed, other:ff:ff:ff:ff:ff:ff)
2021-11-17 08:39:50,999 | 5151 | tracing_net.msg, is_equal_msg, 309 | DEBUG | Packet <Msg captured_interface=s1-eth1, sniff_timestamp=1637138386.27086, pkt=<ICMP_RAW Packet>, in_port=1, in_phy_port=s1-eth1> and packet <Msg captured_interface=s1-eth3, sniff_timestamp=1637138386.243832, pkt=<ARP_RAW Packet>, in_port=s1-eth3, in_phy_port=s1-eth3> have different eth_dst. (self:be:45:68:21:47:ed, other:fa:db:37:b7:b9:e9)
2021-11-17 08:39:50,999 | 5151 | tracing_of_pipeline.analyzer, analyze, 237 | DEBUG | Analyzing 5.2... Trace is finish. (count=9, trace=0x00000800 : (h1, s1)(s1, controller))
2021-11-17 08:39:51,000 | 5151 | tracing_of_pipeline.analyzer, analyze, 250 | DEBUG | Analyzing 1... No packet in edge l1
2021-11-17 08:39:51,000 | 5151 | tracing_of_pipeline.analyzer, analyze, 250 | DEBUG | Analyzing 1... No packet in edge l3
2021-11-17 08:39:51,000 | 5151 | tracing_of_pipeline.analyzer, analyze, 217 | DEBUG | Analyzing 3... analyze packet (count=9, target=<Msg captured_interface=s1-eth3, sniff_timestamp=1637138386.2437682, pkt=<ARP_RAW Packet>, in_port=s1-eth3, in_phy_port=s1-eth3>)
2021-11-17 08:39:51,001 | 5151 | tracing_of_pipeline.analyzer, analyze, 224 | DEBUG | Analyzing 3.1... get flowtable (count=9, flow table=<FlowTables(datapath=0, timestamp=1637138375.120891, flows=[<Flow(table=0, priority=0, match={}, actions=[<InstructionApplyAction type=4>])>])>)
2021-11-17 08:39:51,001 | 5151 | tracing_of_pipeline.analyzer, BFS, 384 | DEBUG | Analyzing 4... start BFS (count=9)
2021-11-17 08:39:51,001 | 5151 | tracing_of_pipeline.analyzer, BFS, 391 | DEBUG | Analyzing 4.1... processing msg (count=9, msg=<Msg captured_interface=s1-eth3, sniff_timestamp=1637138386.2437682, pkt=<ARP_RAW Packet>, in_port=3, in_phy_port=s1-eth3>)
2021-11-17 08:39:51,003 | 5151 | tracing_of_pipeline.analyzer, BFS, 403 | DEBUG | Analyzing 4.1... dst_node is FlowTables (count=9)
2021-11-17 08:39:51,006 | 5151 | tracing_of_pipeline.analyzer, BFS, 411 | DEBUG | Analyzing 4.2... After applied pipeline (count=9, out_ports_to_msg=[('65535', <Msg captured_interface=s1-eth3, sniff_timestamp=1637138386.2437682, pkt=<ARP_RAW Packet>, in_port=3, in_phy_port=s1-eth3>)])
2021-11-17 08:39:51,009 | 5151 | tracing_of_pipeline.analyzer, BFS, 429 | DEBUG | Analyzing 4.3... get next of dst_node (count=9, next_switch=controller)
2021-11-17 08:39:51,009 | 5151 | tracing_of_pipeline.analyzer, BFS, 474 | DEBUG | Analyzing 4.4... next switch is controller. Therefore trace is finished. (count=9, next_switch=controller)
2021-11-17 08:39:51,012 | 5151 | tracing_of_pipeline.analyzer, analyze, 231 | DEBUG | Analyzing 5.1... After BFS (count=9, trace=0x00000806 : (h3, s1)(s1, controller))
2021-11-17 08:39:51,014 | 5151 | tracing_of_pipeline.packet_trace_handler, append, 31 | DEBUG | 1637138386.2437682 : 0x00000806 : (h3, s1)(s1, controller)
2021-11-17 08:39:51,018 | 5151 | tracing_net.msg, is_equal_msg, 309 | DEBUG | Packet <Msg captured_interface=s1-eth3, sniff_timestamp=1637138386.2437682, pkt=<ARP_RAW Packet>, in_port=3, in_phy_port=s1-eth3> and packet <Msg captured_interface=s1-eth1, sniff_timestamp=1637138386.270849, pkt=<ARP_RAW Packet>, in_port=s1-eth1, in_phy_port=s1-eth1> have different eth_dst. (self:ff:ff:ff:ff:ff:ff, other:fa:db:37:b7:b9:e9)
2021-11-17 08:39:51,020 | 5151 | tracing_net.msg, is_equal_msg, 309 | DEBUG | Packet <Msg captured_interface=s1-eth3, sniff_timestamp=1637138386.2437682, pkt=<ARP_RAW Packet>, in_port=3, in_phy_port=s1-eth3> and packet <Msg captured_interface=s1-eth1, sniff_timestamp=1637138386.270849, pkt=<ARP_RAW Packet>, in_port=s1-eth1, in_phy_port=s1-eth1> have different eth_dst. (self:ff:ff:ff:ff:ff:ff, other:fa:db:37:b7:b9:e9)
2021-11-17 08:39:51,021 | 5151 | tracing_net.msg, is_equal_msg, 309 | DEBUG | Packet <Msg captured_interface=s1-eth3, sniff_timestamp=1637138386.2437682, pkt=<ARP_RAW Packet>, in_port=3, in_phy_port=s1-eth3> and packet <Msg captured_interface=s1-eth3, sniff_timestamp=1637138386.243832, pkt=<ARP_RAW Packet>, in_port=s1-eth3, in_phy_port=s1-eth3> have different eth_dst. (self:ff:ff:ff:ff:ff:ff, other:fa:db:37:b7:b9:e9)
2021-11-17 08:39:51,022 | 5151 | tracing_net.msg, is_equal_msg, 309 | DEBUG | Packet <Msg captured_interface=s1-eth3, sniff_timestamp=1637138386.2437682, pkt=<ARP_RAW Packet>, in_port=3, in_phy_port=s1-eth3> and packet <Msg captured_interface=s1-eth3, sniff_timestamp=1637138386.343755, pkt=<ICMP_RAW Packet>, in_port=s1-eth3, in_phy_port=s1-eth3> have different eth_dst. (self:ff:ff:ff:ff:ff:ff, other:be:45:68:21:47:ed)
2021-11-17 08:39:51,022 | 5151 | tracing_of_pipeline.analyzer, analyze, 237 | DEBUG | Analyzing 5.2... Trace is finish. (count=9, trace=0x00000806 : (h3, s1)(s1, controller))
2021-11-17 08:39:51,023 | 5151 | tracing_of_pipeline.analyzer, analyze, 217 | DEBUG | Analyzing 3... analyze packet (count=9, target=<Msg captured_interface=s1-eth3, sniff_timestamp=1637138386.343755, pkt=<ICMP_RAW Packet>, in_port=s1-eth3, in_phy_port=s1-eth3>)
2021-11-17 08:39:51,024 | 5151 | tracing_of_pipeline.analyzer, analyze, 224 | DEBUG | Analyzing 3.1... get flowtable (count=9, flow table=<FlowTables(datapath=0, timestamp=1637138386.333275, flows=[<Flow(table=0, priority=1, match=[<in_port, 3/None>, <dl_src, be:45:68:21:47:ed/None>, <dl_dst, fa:db:37:b7:b9:e9/None>], actions=[<InstructionApplyAction type=4>])>, <Flow(table=0, priority=1, match=[<in_port, 1/None>, <dl_src, fa:db:37:b7:b9:e9/None>, <dl_dst, be:45:68:21:47:ed/None>], actions=[<InstructionApplyAction type=4>])>, <Flow(table=0, priority=0, match={}, actions=[<InstructionApplyAction type=4>])>])>)
2021-11-17 08:39:51,025 | 5151 | tracing_of_pipeline.analyzer, BFS, 384 | DEBUG | Analyzing 4... start BFS (count=9)
2021-11-17 08:39:51,025 | 5151 | tracing_of_pipeline.analyzer, BFS, 391 | DEBUG | Analyzing 4.1... processing msg (count=9, msg=<Msg captured_interface=s1-eth3, sniff_timestamp=1637138386.343755, pkt=<ICMP_RAW Packet>, in_port=3, in_phy_port=s1-eth3>)
2021-11-17 08:39:51,058 | 5151 | tracing_of_pipeline.analyzer, BFS, 403 | DEBUG | Analyzing 4.1... dst_node is FlowTables (count=9)
2021-11-17 08:39:51,069 | 5151 | tracing_of_pipeline.analyzer, BFS, 411 | DEBUG | Analyzing 4.2... After applied pipeline (count=9, out_ports_to_msg=[('65535', <Msg captured_interface=s1-eth3, sniff_timestamp=1637138386.343755, pkt=<ICMP_RAW Packet>, in_port=3, in_phy_port=s1-eth3>)])
2021-11-17 08:39:51,069 | 5151 | tracing_of_pipeline.analyzer, BFS, 429 | DEBUG | Analyzing 4.3... get next of dst_node (count=9, next_switch=controller)
2021-11-17 08:39:51,070 | 5151 | tracing_of_pipeline.analyzer, BFS, 474 | DEBUG | Analyzing 4.4... next switch is controller. Therefore trace is finished. (count=9, next_switch=controller)
2021-11-17 08:39:51,077 | 5151 | tracing_of_pipeline.analyzer, analyze, 231 | DEBUG | Analyzing 5.1... After BFS (count=9, trace=0x00000800 : (h3, s1)(s1, controller))
2021-11-17 08:39:51,077 | 5151 | tracing_of_pipeline.packet_trace_handler, append, 31 | DEBUG | 1637138386.343755 : 0x00000800 : (h3, s1)(s1, controller)
2021-11-17 08:39:51,080 | 5151 | tracing_net.msg, is_equal_msg, 309 | DEBUG | Packet <Msg captured_interface=s1-eth3, sniff_timestamp=1637138386.343755, pkt=<ICMP_RAW Packet>, in_port=3, in_phy_port=s1-eth3> and packet <Msg captured_interface=s1-eth1, sniff_timestamp=1637138386.270849, pkt=<ARP_RAW Packet>, in_port=s1-eth1, in_phy_port=s1-eth1> have different eth_dst. (self:be:45:68:21:47:ed, other:fa:db:37:b7:b9:e9)
2021-11-17 08:39:51,081 | 5151 | tracing_net.msg, is_equal_msg, 309 | DEBUG | Packet <Msg captured_interface=s1-eth3, sniff_timestamp=1637138386.343755, pkt=<ICMP_RAW Packet>, in_port=3, in_phy_port=s1-eth3> and packet <Msg captured_interface=s1-eth3, sniff_timestamp=1637138386.243832, pkt=<ARP_RAW Packet>, in_port=s1-eth3, in_phy_port=s1-eth3> have different eth_dst. (self:be:45:68:21:47:ed, other:fa:db:37:b7:b9:e9)
2021-11-17 08:39:51,082 | 5151 | tracing_net.msg, is_equal_msg, 309 | DEBUG | Packet <Msg captured_interface=s1-eth3, sniff_timestamp=1637138386.243832, pkt=<ARP_RAW Packet>, in_port=s1-eth3, in_phy_port=s1-eth3> and packet <Msg captured_interface=s1-eth3, sniff_timestamp=1637138386.343755, pkt=<ICMP_RAW Packet>, in_port=3, in_phy_port=s1-eth3> have different eth_dst. (self:fa:db:37:b7:b9:e9, other:be:45:68:21:47:ed)
2021-11-17 08:39:51,086 | 5151 | tracing_net.msg, is_equal_msg, 309 | DEBUG | Packet <Msg captured_interface=s1-eth3, sniff_timestamp=1637138386.343755, pkt=<ICMP_RAW Packet>, in_port=3, in_phy_port=s1-eth3> and packet <Msg captured_interface=s1-eth1, sniff_timestamp=1637138386.270849, pkt=<ARP_RAW Packet>, in_port=s1-eth1, in_phy_port=s1-eth1> have different eth_dst. (self:be:45:68:21:47:ed, other:fa:db:37:b7:b9:e9)
2021-11-17 08:39:51,087 | 5151 | tracing_net.msg, is_equal_msg, 309 | DEBUG | Packet <Msg captured_interface=s1-eth3, sniff_timestamp=1637138386.343755, pkt=<ICMP_RAW Packet>, in_port=3, in_phy_port=s1-eth3> and packet <Msg captured_interface=s1-eth3, sniff_timestamp=1637138386.243832, pkt=<ARP_RAW Packet>, in_port=s1-eth3, in_phy_port=s1-eth3> have different eth_dst. (self:be:45:68:21:47:ed, other:fa:db:37:b7:b9:e9)
2021-11-17 08:39:51,088 | 5151 | tracing_of_pipeline.analyzer, analyze, 237 | DEBUG | Analyzing 5.2... Trace is finish. (count=9, trace=0x00000800 : (h3, s1)(s1, controller))
2021-11-17 08:39:52,948 | 5151 | tracing_net.packet_repository, pop, 76 | ERROR | Failed to pop from packet repository (repo={'l2': [<Msg captured_interface=s1-eth1, sniff_timestamp=1637138391.60034, pkt=<ARP_RAW Packet>, in_port=s1-eth1, in_phy_port=s1-eth1>], 'l4': [<Msg captured_interface=s1-eth3, sniff_timestamp=1637138386.3437824, pkt=<ICMP_RAW Packet>, in_port=s1-eth3, in_phy_port=s1-eth3>, <Msg captured_interface=s1-eth3, sniff_timestamp=1637138391.5999985, pkt=<ARP_RAW Packet>, in_port=s1-eth3, in_phy_port=s1-eth3>]}). This may appear at the start of the system, but if it appears while the system is running, there may be a bug.
2021-11-17 08:39:52,949 | 5151 | tracing_net.packet_repository, pop, 76 | ERROR | Failed to pop from packet repository (repo={'l2': [<Msg captured_interface=s1-eth1, sniff_timestamp=1637138391.60034, pkt=<ARP_RAW Packet>, in_port=s1-eth1, in_phy_port=s1-eth1>], 'l4': [<Msg captured_interface=s1-eth3, sniff_timestamp=1637138386.3437824, pkt=<ICMP_RAW Packet>, in_port=s1-eth3, in_phy_port=s1-eth3>, <Msg captured_interface=s1-eth3, sniff_timestamp=1637138391.5999985, pkt=<ARP_RAW Packet>, in_port=s1-eth3, in_phy_port=s1-eth3>]}). This may appear at the start of the system, but if it appears while the system is running, there may be a bug.
2021-11-17 08:39:52,950 | 5151 | tracing_of_pipeline.analyzer, _poll_packet_inout_repo, 599 | DEBUG | Analyzing 1.2... tmp_p = [], s_dpip = 1
2021-11-17 08:39:52,951 | 5151 | tracing_of_pipeline.analyzer, _poll_packet_inout_repo, 599 | DEBUG | Analyzing 1.2... tmp_p = [], s_dpip = 2
2021-11-17 08:39:52,952 | 5151 | tracing_of_pipeline.analyzer, _polling, 552 | DEBUG | polled repository (start_time=1637138370.946764, until=10) values = {'l2': [<Msg captured_interface=s1-eth1, sniff_timestamp=1637138386.270849, pkt=<ARP_RAW Packet>, in_port=s1-eth1, in_phy_port=s1-eth1>, <Msg captured_interface=s1-eth1, sniff_timestamp=1637138386.3439155, pkt=<ICMP_RAW Packet>, in_port=s1-eth1, in_phy_port=s1-eth1>], 'l1': [], 'l3': [], 'l4': [<Msg captured_interface=s1-eth3, sniff_timestamp=1637138386.243832, pkt=<ARP_RAW Packet>, in_port=s1-eth3, in_phy_port=s1-eth3>, <Msg captured_interface=s1-eth3, sniff_timestamp=1637138386.3437824, pkt=<ICMP_RAW Packet>, in_port=s1-eth3, in_phy_port=s1-eth3>]} {'s1': [<MsgForOFMsg (timestamp=1637138386.195963 message_type=10)>, <MsgForOFMsg (timestamp=1637138386.243304 message_type=13)>, <MsgForOFMsg (timestamp=1637138386.257396 message_type=10)>, <MsgForOFMsg (timestamp=1637138386.270583 message_type=13)>, <MsgForOFMsg (timestamp=1637138386.326224 message_type=10)>, <MsgForOFMsg (timestamp=1637138386.34309 message_type=13)>], 's2': [<MsgForOFMsg (timestamp=1637138386.257517 message_type=10)>, <MsgForOFMsg (timestamp=1637138386.270712 message_type=13)>]}
2021-11-17 08:39:52,953 | 5151 | tracing_of_pipeline.analyzer, analyze, 196 | DEBUG | Analyzing 1... polled repository (count=10)
2021-11-17 08:39:52,953 | 5151 | tracing_of_pipeline.analyzer, analyze, 204 | DEBUG | Analyzing 2... analyze packet out (count=10, target=<MsgForOFMsg (timestamp=1637138386.243304 message_type=13)>)
2021-11-17 08:39:52,954 | 5151 | tracing_of_pipeline.analyzer, _analyze_packet_out, 268 | DEBUG | Analyzing 2.1... analyze packet out, get out_ports (count=10, out_ports=[(<PortNo.OFPP_FLOOD: 4294967291>, <MsgForOFMsg (timestamp=1637138386.243304 message_type=13)>)])
2021-11-17 08:39:52,954 | 5151 | tracing_of_pipeline.analyzer, _analyze_packet_out, 275 | DEBUG | Analyzing 2.2... get packer msg (count=10, packer msg=[(<PortNo.OFPP_FLOOD: 4294967291>, <MsgForOFMsg (timestamp=1637138386.243304 message_type=13)>)])
2021-11-17 08:39:52,955 | 5151 | tracing_of_pipeline.analyzer, _analyze_packet_out, 298 | DEBUG | Analyzing 2.3... get packet (count=10, edge=l1, packet=None)
2021-11-17 08:39:52,955 | 5151 | tracing_of_pipeline.analyzer, _analyze_packet_out, 352 | DEBUG | Analyzing 2.3... cannot pop pakcet (count=10 next_edge=l1 m=<MsgForOFMsg (timestamp=1637138386.243304 message_type=13)>)
2021-11-17 08:39:52,955 | 5151 | tracing_of_pipeline.analyzer, analyze, 204 | DEBUG | Analyzing 2... analyze packet out (count=10, target=<MsgForOFMsg (timestamp=1637138386.270583 message_type=13)>)
2021-11-17 08:39:52,956 | 5151 | tracing_of_pipeline.analyzer, _analyze_packet_out, 268 | DEBUG | Analyzing 2.1... analyze packet out, get out_ports (count=10, out_ports=[(1, <MsgForOFMsg (timestamp=1637138386.270583 message_type=13)>)])
2021-11-17 08:39:52,956 | 5151 | tracing_of_pipeline.analyzer, analyze, 204 | DEBUG | Analyzing 2... analyze packet out (count=10, target=<MsgForOFMsg (timestamp=1637138386.34309 message_type=13)>)
2021-11-17 08:39:52,956 | 5151 | tracing_of_pipeline.analyzer, _analyze_packet_out, 268 | DEBUG | Analyzing 2.1... analyze packet out, get out_ports (count=10, out_ports=[(3, <MsgForOFMsg (timestamp=1637138386.34309 message_type=13)>)])
2021-11-17 08:39:52,957 | 5151 | tracing_of_pipeline.analyzer, analyze, 204 | DEBUG | Analyzing 2... analyze packet out (count=10, target=<MsgForOFMsg (timestamp=1637138386.270712 message_type=13)>)
2021-11-17 08:39:52,958 | 5151 | tracing_of_pipeline.analyzer, _analyze_packet_out, 268 | DEBUG | Analyzing 2.1... analyze packet out, get out_ports (count=10, out_ports=[(<PortNo.OFPP_FLOOD: 4294967291>, <MsgForOFMsg (timestamp=1637138386.270712 message_type=13)>)])
2021-11-17 08:39:52,958 | 5151 | tracing_of_pipeline.analyzer, _analyze_packet_out, 275 | DEBUG | Analyzing 2.2... get packer msg (count=10, packer msg=[(<PortNo.OFPP_FLOOD: 4294967291>, <MsgForOFMsg (timestamp=1637138386.270712 message_type=13)>)])
2021-11-17 08:39:52,959 | 5151 | tracing_of_pipeline.analyzer, _analyze_packet_out, 298 | DEBUG | Analyzing 2.3... get packet (count=10, edge=l3, packet=None)
2021-11-17 08:39:52,960 | 5151 | tracing_of_pipeline.analyzer, _analyze_packet_out, 352 | DEBUG | Analyzing 2.3... cannot pop pakcet (count=10 next_edge=l3 m=<MsgForOFMsg (timestamp=1637138386.270712 message_type=13)>)
2021-11-17 08:39:52,960 | 5151 | tracing_of_pipeline.analyzer, analyze, 217 | DEBUG | Analyzing 3... analyze packet (count=10, target=<Msg captured_interface=s1-eth1, sniff_timestamp=1637138386.270849, pkt=<ARP_RAW Packet>, in_port=s1-eth1, in_phy_port=s1-eth1>)
2021-11-17 08:39:52,962 | 5151 | tracing_of_pipeline.analyzer, analyze, 224 | DEBUG | Analyzing 3.1... get flowtable (count=10, flow table=<FlowTables(datapath=0, timestamp=1637138386.262518, flows=[<Flow(table=0, priority=1, match=[<in_port, 3/None>, <dl_src, be:45:68:21:47:ed/None>, <dl_dst, fa:db:37:b7:b9:e9/None>], actions=[<InstructionApplyAction type=4>])>, <Flow(table=0, priority=0, match={}, actions=[<InstructionApplyAction type=4>])>])>)
2021-11-17 08:39:52,962 | 5151 | tracing_of_pipeline.analyzer, BFS, 384 | DEBUG | Analyzing 4... start BFS (count=10)
2021-11-17 08:39:52,963 | 5151 | tracing_of_pipeline.analyzer, BFS, 391 | DEBUG | Analyzing 4.1... processing msg (count=10, msg=<Msg captured_interface=s1-eth1, sniff_timestamp=1637138386.270849, pkt=<ARP_RAW Packet>, in_port=1, in_phy_port=s1-eth1>)
2021-11-17 08:39:52,964 | 5151 | tracing_of_pipeline.analyzer, BFS, 403 | DEBUG | Analyzing 4.1... dst_node is FlowTables (count=10)
2021-11-17 08:39:52,966 | 5151 | tracing_of_pipeline.analyzer, BFS, 411 | DEBUG | Analyzing 4.2... After applied pipeline (count=10, out_ports_to_msg=[('65535', <Msg captured_interface=s1-eth1, sniff_timestamp=1637138386.270849, pkt=<ARP_RAW Packet>, in_port=1, in_phy_port=s1-eth1>)])
2021-11-17 08:39:52,967 | 5151 | tracing_of_pipeline.analyzer, BFS, 429 | DEBUG | Analyzing 4.3... get next of dst_node (count=10, next_switch=controller)
2021-11-17 08:39:52,967 | 5151 | tracing_of_pipeline.analyzer, BFS, 474 | DEBUG | Analyzing 4.4... next switch is controller. Therefore trace is finished. (count=10, next_switch=controller)
2021-11-17 08:39:52,970 | 5151 | tracing_of_pipeline.analyzer, analyze, 231 | DEBUG | Analyzing 5.1... After BFS (count=10, trace=0x00000806 : (h1, s1)(s1, controller))
2021-11-17 08:39:52,971 | 5151 | tracing_of_pipeline.packet_trace_handler, append, 31 | DEBUG | 1637138386.270849 : 0x00000806 : (h1, s1)(s1, controller)
2021-11-17 08:39:52,972 | 5151 | tracing_net.msg, is_equal_msg, 309 | DEBUG | Packet <Msg captured_interface=s1-eth1, sniff_timestamp=1637138386.270849, pkt=<ARP_RAW Packet>, in_port=1, in_phy_port=s1-eth1> and packet <Msg captured_interface=s1-eth3, sniff_timestamp=1637138386.3437824, pkt=<ICMP_RAW Packet>, in_port=s1-eth3, in_phy_port=s1-eth3> have different eth_type. (self:2054, other:2048)
2021-11-17 08:39:52,973 | 5151 | tracing_net.msg, is_equal_msg, 309 | DEBUG | Packet <Msg captured_interface=s1-eth1, sniff_timestamp=1637138386.270849, pkt=<ARP_RAW Packet>, in_port=1, in_phy_port=s1-eth1> and packet <Msg captured_interface=s1-eth1, sniff_timestamp=1637138386.3439155, pkt=<ICMP_RAW Packet>, in_port=s1-eth1, in_phy_port=s1-eth1> have different eth_type. (self:2054, other:2048)
2021-11-17 08:39:52,974 | 5151 | tracing_net.msg, is_equal_msg, 309 | DEBUG | Packet <Msg captured_interface=s1-eth1, sniff_timestamp=1637138386.270849, pkt=<ARP_RAW Packet>, in_port=1, in_phy_port=s1-eth1> and packet <Msg captured_interface=s1-eth3, sniff_timestamp=1637138386.3437824, pkt=<ICMP_RAW Packet>, in_port=s1-eth3, in_phy_port=s1-eth3> have different eth_type. (self:2054, other:2048)
2021-11-17 08:39:52,974 | 5151 | tracing_of_pipeline.analyzer, analyze, 237 | DEBUG | Analyzing 5.2... Trace is finish. (count=10, trace=0x00000806 : (h1, s1)(s1, controller))
2021-11-17 08:39:52,975 | 5151 | tracing_of_pipeline.analyzer, analyze, 250 | DEBUG | Analyzing 1... No packet in edge l1
2021-11-17 08:39:52,975 | 5151 | tracing_of_pipeline.analyzer, analyze, 250 | DEBUG | Analyzing 1... No packet in edge l3
2021-11-17 08:39:52,976 | 5151 | tracing_of_pipeline.analyzer, analyze, 217 | DEBUG | Analyzing 3... analyze packet (count=10, target=<Msg captured_interface=s1-eth3, sniff_timestamp=1637138386.243832, pkt=<ARP_RAW Packet>, in_port=s1-eth3, in_phy_port=s1-eth3>)
2021-11-17 08:39:52,977 | 5151 | tracing_of_pipeline.analyzer, analyze, 224 | DEBUG | Analyzing 3.1... get flowtable (count=10, flow table=<FlowTables(datapath=0, timestamp=1637138375.120891, flows=[<Flow(table=0, priority=0, match={}, actions=[<InstructionApplyAction type=4>])>])>)
2021-11-17 08:39:52,978 | 5151 | tracing_of_pipeline.analyzer, BFS, 384 | DEBUG | Analyzing 4... start BFS (count=10)
2021-11-17 08:39:52,978 | 5151 | tracing_of_pipeline.analyzer, BFS, 391 | DEBUG | Analyzing 4.1... processing msg (count=10, msg=<Msg captured_interface=s1-eth3, sniff_timestamp=1637138386.243832, pkt=<ARP_RAW Packet>, in_port=3, in_phy_port=s1-eth3>)
2021-11-17 08:39:52,980 | 5151 | tracing_of_pipeline.analyzer, BFS, 403 | DEBUG | Analyzing 4.1... dst_node is FlowTables (count=10)
2021-11-17 08:39:52,982 | 5151 | tracing_of_pipeline.analyzer, BFS, 411 | DEBUG | Analyzing 4.2... After applied pipeline (count=10, out_ports_to_msg=[('65535', <Msg captured_interface=s1-eth3, sniff_timestamp=1637138386.243832, pkt=<ARP_RAW Packet>, in_port=3, in_phy_port=s1-eth3>)])
2021-11-17 08:39:52,982 | 5151 | tracing_of_pipeline.analyzer, BFS, 429 | DEBUG | Analyzing 4.3... get next of dst_node (count=10, next_switch=controller)
2021-11-17 08:39:52,983 | 5151 | tracing_of_pipeline.analyzer, BFS, 474 | DEBUG | Analyzing 4.4... next switch is controller. Therefore trace is finished. (count=10, next_switch=controller)
2021-11-17 08:39:52,985 | 5151 | tracing_of_pipeline.analyzer, analyze, 231 | DEBUG | Analyzing 5.1... After BFS (count=10, trace=0x00000806 : (h3, s1)(s1, controller))
2021-11-17 08:39:52,985 | 5151 | tracing_of_pipeline.packet_trace_handler, append, 31 | DEBUG | 1637138386.243832 : 0x00000806 : (h3, s1)(s1, controller)
2021-11-17 08:39:52,986 | 5151 | tracing_net.msg, is_equal_msg, 309 | DEBUG | Packet <Msg captured_interface=s1-eth3, sniff_timestamp=1637138386.243832, pkt=<ARP_RAW Packet>, in_port=3, in_phy_port=s1-eth3> and packet <Msg captured_interface=s1-eth1, sniff_timestamp=1637138386.3439155, pkt=<ICMP_RAW Packet>, in_port=s1-eth1, in_phy_port=s1-eth1> have different eth_type. (self:2054, other:2048)
2021-11-17 08:39:52,987 | 5151 | tracing_net.msg, is_equal_msg, 309 | DEBUG | Packet <Msg captured_interface=s1-eth3, sniff_timestamp=1637138386.243832, pkt=<ARP_RAW Packet>, in_port=3, in_phy_port=s1-eth3> and packet <Msg captured_interface=s1-eth1, sniff_timestamp=1637138386.3439155, pkt=<ICMP_RAW Packet>, in_port=s1-eth1, in_phy_port=s1-eth1> have different eth_type. (self:2054, other:2048)
2021-11-17 08:39:52,987 | 5151 | tracing_net.msg, is_equal_msg, 309 | DEBUG | Packet <Msg captured_interface=s1-eth3, sniff_timestamp=1637138386.243832, pkt=<ARP_RAW Packet>, in_port=3, in_phy_port=s1-eth3> and packet <Msg captured_interface=s1-eth3, sniff_timestamp=1637138386.3437824, pkt=<ICMP_RAW Packet>, in_port=s1-eth3, in_phy_port=s1-eth3> have different eth_type. (self:2054, other:2048)
2021-11-17 08:39:52,988 | 5151 | tracing_of_pipeline.analyzer, analyze, 237 | DEBUG | Analyzing 5.2... Trace is finish. (count=10, trace=0x00000806 : (h3, s1)(s1, controller))
2021-11-17 08:39:54,948 | 5151 | tracing_net.packet_repository, pop, 76 | ERROR | Failed to pop from packet repository (repo={'l2': [], 'l4': [<Msg captured_interface=s1-eth3, sniff_timestamp=1637138391.5999985, pkt=<ARP_RAW Packet>, in_port=s1-eth3, in_phy_port=s1-eth3>]}). This may appear at the start of the system, but if it appears while the system is running, there may be a bug.
2021-11-17 08:39:54,949 | 5151 | tracing_net.packet_repository, pop, 76 | ERROR | Failed to pop from packet repository (repo={'l2': [], 'l4': [<Msg captured_interface=s1-eth3, sniff_timestamp=1637138391.5999985, pkt=<ARP_RAW Packet>, in_port=s1-eth3, in_phy_port=s1-eth3>]}). This may appear at the start of the system, but if it appears while the system is running, there may be a bug.
2021-11-17 08:39:54,949 | 5151 | tracing_of_pipeline.analyzer, _poll_packet_inout_repo, 599 | DEBUG | Analyzing 1.2... tmp_p = [], s_dpip = 1
2021-11-17 08:39:54,950 | 5151 | tracing_of_pipeline.analyzer, _poll_packet_inout_repo, 599 | DEBUG | Analyzing 1.2... tmp_p = [], s_dpip = 2
2021-11-17 08:39:54,951 | 5151 | tracing_of_pipeline.analyzer, _polling, 552 | DEBUG | polled repository (start_time=1637138370.946764, until=11) values = {'l2': [<Msg captured_interface=s1-eth1, sniff_timestamp=1637138386.3439155, pkt=<ICMP_RAW Packet>, in_port=s1-eth1, in_phy_port=s1-eth1>, <Msg captured_interface=s1-eth1, sniff_timestamp=1637138391.60034, pkt=<ARP_RAW Packet>, in_port=s1-eth1, in_phy_port=s1-eth1>], 'l1': [], 'l3': [], 'l4': [<Msg captured_interface=s1-eth3, sniff_timestamp=1637138386.3437824, pkt=<ICMP_RAW Packet>, in_port=s1-eth3, in_phy_port=s1-eth3>, <Msg captured_interface=s1-eth3, sniff_timestamp=1637138391.5999985, pkt=<ARP_RAW Packet>, in_port=s1-eth3, in_phy_port=s1-eth3>]} {'s1': [<MsgForOFMsg (timestamp=1637138386.195963 message_type=10)>, <MsgForOFMsg (timestamp=1637138386.243304 message_type=13)>, <MsgForOFMsg (timestamp=1637138386.257396 message_type=10)>, <MsgForOFMsg (timestamp=1637138386.270583 message_type=13)>, <MsgForOFMsg (timestamp=1637138386.326224 message_type=10)>, <MsgForOFMsg (timestamp=1637138386.34309 message_type=13)>], 's2': [<MsgForOFMsg (timestamp=1637138386.257517 message_type=10)>, <MsgForOFMsg (timestamp=1637138386.270712 message_type=13)>]}
2021-11-17 08:39:54,952 | 5151 | tracing_of_pipeline.analyzer, analyze, 196 | DEBUG | Analyzing 1... polled repository (count=11)
2021-11-17 08:39:54,952 | 5151 | tracing_of_pipeline.analyzer, analyze, 204 | DEBUG | Analyzing 2... analyze packet out (count=11, target=<MsgForOFMsg (timestamp=1637138386.243304 message_type=13)>)
2021-11-17 08:39:54,953 | 5151 | tracing_of_pipeline.analyzer, _analyze_packet_out, 268 | DEBUG | Analyzing 2.1... analyze packet out, get out_ports (count=11, out_ports=[(<PortNo.OFPP_FLOOD: 4294967291>, <MsgForOFMsg (timestamp=1637138386.243304 message_type=13)>)])
2021-11-17 08:39:54,954 | 5151 | tracing_of_pipeline.analyzer, _analyze_packet_out, 275 | DEBUG | Analyzing 2.2... get packer msg (count=11, packer msg=[(<PortNo.OFPP_FLOOD: 4294967291>, <MsgForOFMsg (timestamp=1637138386.243304 message_type=13)>)])
2021-11-17 08:39:54,954 | 5151 | tracing_of_pipeline.analyzer, _analyze_packet_out, 298 | DEBUG | Analyzing 2.3... get packet (count=11, edge=l1, packet=None)
2021-11-17 08:39:54,955 | 5151 | tracing_of_pipeline.analyzer, _analyze_packet_out, 352 | DEBUG | Analyzing 2.3... cannot pop pakcet (count=11 next_edge=l1 m=<MsgForOFMsg (timestamp=1637138386.243304 message_type=13)>)
2021-11-17 08:39:54,955 | 5151 | tracing_of_pipeline.analyzer, analyze, 204 | DEBUG | Analyzing 2... analyze packet out (count=11, target=<MsgForOFMsg (timestamp=1637138386.270583 message_type=13)>)
2021-11-17 08:39:54,955 | 5151 | tracing_of_pipeline.analyzer, _analyze_packet_out, 268 | DEBUG | Analyzing 2.1... analyze packet out, get out_ports (count=11, out_ports=[(1, <MsgForOFMsg (timestamp=1637138386.270583 message_type=13)>)])
2021-11-17 08:39:54,956 | 5151 | tracing_of_pipeline.analyzer, analyze, 204 | DEBUG | Analyzing 2... analyze packet out (count=11, target=<MsgForOFMsg (timestamp=1637138386.34309 message_type=13)>)
2021-11-17 08:39:54,956 | 5151 | tracing_of_pipeline.analyzer, _analyze_packet_out, 268 | DEBUG | Analyzing 2.1... analyze packet out, get out_ports (count=11, out_ports=[(3, <MsgForOFMsg (timestamp=1637138386.34309 message_type=13)>)])
2021-11-17 08:39:54,956 | 5151 | tracing_of_pipeline.analyzer, analyze, 204 | DEBUG | Analyzing 2... analyze packet out (count=11, target=<MsgForOFMsg (timestamp=1637138386.270712 message_type=13)>)
2021-11-17 08:39:54,957 | 5151 | tracing_of_pipeline.analyzer, _analyze_packet_out, 268 | DEBUG | Analyzing 2.1... analyze packet out, get out_ports (count=11, out_ports=[(<PortNo.OFPP_FLOOD: 4294967291>, <MsgForOFMsg (timestamp=1637138386.270712 message_type=13)>)])
2021-11-17 08:39:54,957 | 5151 | tracing_of_pipeline.analyzer, _analyze_packet_out, 275 | DEBUG | Analyzing 2.2... get packer msg (count=11, packer msg=[(<PortNo.OFPP_FLOOD: 4294967291>, <MsgForOFMsg (timestamp=1637138386.270712 message_type=13)>)])
2021-11-17 08:39:54,958 | 5151 | tracing_of_pipeline.analyzer, _analyze_packet_out, 298 | DEBUG | Analyzing 2.3... get packet (count=11, edge=l3, packet=None)
2021-11-17 08:39:54,959 | 5151 | tracing_of_pipeline.analyzer, _analyze_packet_out, 352 | DEBUG | Analyzing 2.3... cannot pop pakcet (count=11 next_edge=l3 m=<MsgForOFMsg (timestamp=1637138386.270712 message_type=13)>)
2021-11-17 08:39:54,959 | 5151 | tracing_of_pipeline.analyzer, analyze, 217 | DEBUG | Analyzing 3... analyze packet (count=11, target=<Msg captured_interface=s1-eth1, sniff_timestamp=1637138386.3439155, pkt=<ICMP_RAW Packet>, in_port=s1-eth1, in_phy_port=s1-eth1>)
2021-11-17 08:39:54,960 | 5151 | tracing_of_pipeline.analyzer, analyze, 224 | DEBUG | Analyzing 3.1... get flowtable (count=11, flow table=<FlowTables(datapath=0, timestamp=1637138386.333275, flows=[<Flow(table=0, priority=1, match=[<in_port, 3/None>, <dl_src, be:45:68:21:47:ed/None>, <dl_dst, fa:db:37:b7:b9:e9/None>], actions=[<InstructionApplyAction type=4>])>, <Flow(table=0, priority=1, match=[<in_port, 1/None>, <dl_src, fa:db:37:b7:b9:e9/None>, <dl_dst, be:45:68:21:47:ed/None>], actions=[<InstructionApplyAction type=4>])>, <Flow(table=0, priority=0, match={}, actions=[<InstructionApplyAction type=4>])>])>)
2021-11-17 08:39:54,961 | 5151 | tracing_of_pipeline.analyzer, BFS, 384 | DEBUG | Analyzing 4... start BFS (count=11)
2021-11-17 08:39:54,961 | 5151 | tracing_of_pipeline.analyzer, BFS, 391 | DEBUG | Analyzing 4.1... processing msg (count=11, msg=<Msg captured_interface=s1-eth1, sniff_timestamp=1637138386.3439155, pkt=<ICMP_RAW Packet>, in_port=1, in_phy_port=s1-eth1>)
2021-11-17 08:39:54,964 | 5151 | tracing_of_pipeline.analyzer, BFS, 403 | DEBUG | Analyzing 4.1... dst_node is FlowTables (count=11)
2021-11-17 08:39:54,967 | 5151 | tracing_of_pipeline.analyzer, BFS, 411 | DEBUG | Analyzing 4.2... After applied pipeline (count=11, out_ports_to_msg=[('65535', <Msg captured_interface=s1-eth1, sniff_timestamp=1637138386.3439155, pkt=<ICMP_RAW Packet>, in_port=1, in_phy_port=s1-eth1>)])
2021-11-17 08:39:54,967 | 5151 | tracing_of_pipeline.analyzer, BFS, 429 | DEBUG | Analyzing 4.3... get next of dst_node (count=11, next_switch=controller)
2021-11-17 08:39:54,968 | 5151 | tracing_of_pipeline.analyzer, BFS, 474 | DEBUG | Analyzing 4.4... next switch is controller. Therefore trace is finished. (count=11, next_switch=controller)
2021-11-17 08:39:54,970 | 5151 | tracing_of_pipeline.analyzer, analyze, 231 | DEBUG | Analyzing 5.1... After BFS (count=11, trace=0x00000800 : (h1, s1)(s1, controller))
2021-11-17 08:39:54,972 | 5151 | tracing_of_pipeline.packet_trace_handler, append, 31 | DEBUG | 1637138386.3439155 : 0x00000800 : (h1, s1)(s1, controller)
2021-11-17 08:39:54,973 | 5151 | tracing_net.msg, is_equal_msg, 309 | DEBUG | Packet <Msg captured_interface=s1-eth1, sniff_timestamp=1637138386.3439155, pkt=<ICMP_RAW Packet>, in_port=1, in_phy_port=s1-eth1> and packet <Msg captured_interface=s1-eth3, sniff_timestamp=1637138391.5999985, pkt=<ARP_RAW Packet>, in_port=s1-eth3, in_phy_port=s1-eth3> have different eth_type. (self:2048, other:2054)
2021-11-17 08:39:54,974 | 5151 | tracing_net.msg, is_equal_msg, 309 | DEBUG | Packet <Msg captured_interface=s1-eth1, sniff_timestamp=1637138386.3439155, pkt=<ICMP_RAW Packet>, in_port=1, in_phy_port=s1-eth1> and packet <Msg captured_interface=s1-eth1, sniff_timestamp=1637138391.60034, pkt=<ARP_RAW Packet>, in_port=s1-eth1, in_phy_port=s1-eth1> have different eth_type. (self:2048, other:2054)
2021-11-17 08:39:54,975 | 5151 | tracing_net.msg, is_equal_msg, 309 | DEBUG | Packet <Msg captured_interface=s1-eth1, sniff_timestamp=1637138386.3439155, pkt=<ICMP_RAW Packet>, in_port=1, in_phy_port=s1-eth1> and packet <Msg captured_interface=s1-eth3, sniff_timestamp=1637138391.5999985, pkt=<ARP_RAW Packet>, in_port=s1-eth3, in_phy_port=s1-eth3> have different eth_type. (self:2048, other:2054)
2021-11-17 08:39:54,976 | 5151 | tracing_of_pipeline.analyzer, analyze, 237 | DEBUG | Analyzing 5.2... Trace is finish. (count=11, trace=0x00000800 : (h1, s1)(s1, controller))
2021-11-17 08:39:54,976 | 5151 | tracing_of_pipeline.analyzer, analyze, 250 | DEBUG | Analyzing 1... No packet in edge l1
2021-11-17 08:39:54,977 | 5151 | tracing_of_pipeline.analyzer, analyze, 250 | DEBUG | Analyzing 1... No packet in edge l3
2021-11-17 08:39:54,978 | 5151 | tracing_of_pipeline.analyzer, analyze, 217 | DEBUG | Analyzing 3... analyze packet (count=11, target=<Msg captured_interface=s1-eth3, sniff_timestamp=1637138386.3437824, pkt=<ICMP_RAW Packet>, in_port=s1-eth3, in_phy_port=s1-eth3>)
2021-11-17 08:39:54,979 | 5151 | tracing_of_pipeline.analyzer, analyze, 224 | DEBUG | Analyzing 3.1... get flowtable (count=11, flow table=<FlowTables(datapath=0, timestamp=1637138386.333275, flows=[<Flow(table=0, priority=1, match=[<in_port, 3/None>, <dl_src, be:45:68:21:47:ed/None>, <dl_dst, fa:db:37:b7:b9:e9/None>], actions=[<InstructionApplyAction type=4>])>, <Flow(table=0, priority=1, match=[<in_port, 1/None>, <dl_src, fa:db:37:b7:b9:e9/None>, <dl_dst, be:45:68:21:47:ed/None>], actions=[<InstructionApplyAction type=4>])>, <Flow(table=0, priority=0, match={}, actions=[<InstructionApplyAction type=4>])>])>)
2021-11-17 08:39:54,979 | 5151 | tracing_of_pipeline.analyzer, BFS, 384 | DEBUG | Analyzing 4... start BFS (count=11)
2021-11-17 08:39:54,980 | 5151 | tracing_of_pipeline.analyzer, BFS, 391 | DEBUG | Analyzing 4.1... processing msg (count=11, msg=<Msg captured_interface=s1-eth3, sniff_timestamp=1637138386.3437824, pkt=<ICMP_RAW Packet>, in_port=3, in_phy_port=s1-eth3>)
2021-11-17 08:39:54,982 | 5151 | tracing_of_pipeline.analyzer, BFS, 403 | DEBUG | Analyzing 4.1... dst_node is FlowTables (count=11)
2021-11-17 08:39:54,985 | 5151 | tracing_of_pipeline.analyzer, BFS, 411 | DEBUG | Analyzing 4.2... After applied pipeline (count=11, out_ports_to_msg=[('1', <Msg captured_interface=s1-eth3, sniff_timestamp=1637138386.3437824, pkt=<ICMP_RAW Packet>, in_port=3, in_phy_port=s1-eth3>)])
2021-11-17 08:39:54,985 | 5151 | tracing_of_pipeline.analyzer, BFS, 429 | DEBUG | Analyzing 4.3... get next of dst_node (count=11, next_switch=h1)
2021-11-17 08:39:54,986 | 5151 | tracing_of_pipeline.analyzer, BFS, 486 | DEBUG | Analyzing 4.4... next switch is host. Therefore trace is finished. (count=11, next_switch=h1)
2021-11-17 08:39:54,988 | 5151 | tracing_of_pipeline.analyzer, analyze, 231 | DEBUG | Analyzing 5.1... After BFS (count=11, trace=0x00000800 : (h3, s1)(s1, h1))
2021-11-17 08:39:54,988 | 5151 | tracing_of_pipeline.packet_trace_handler, append, 31 | DEBUG | 1637138386.3437824 : 0x00000800 : (h3, s1)(s1, h1)
2021-11-17 08:39:54,989 | 5151 | tracing_net.msg, is_equal_msg, 309 | DEBUG | Packet <Msg captured_interface=s1-eth3, sniff_timestamp=1637138386.3437824, pkt=<ICMP_RAW Packet>, in_port=3, in_phy_port=s1-eth3> and packet <Msg captured_interface=s1-eth1, sniff_timestamp=1637138391.60034, pkt=<ARP_RAW Packet>, in_port=s1-eth1, in_phy_port=s1-eth1> have different eth_type. (self:2048, other:2054)
2021-11-17 08:39:54,990 | 5151 | tracing_net.msg, is_equal_msg, 309 | DEBUG | Packet <Msg captured_interface=s1-eth3, sniff_timestamp=1637138386.3437824, pkt=<ICMP_RAW Packet>, in_port=3, in_phy_port=s1-eth3> and packet <Msg captured_interface=s1-eth1, sniff_timestamp=1637138391.60034, pkt=<ARP_RAW Packet>, in_port=s1-eth1, in_phy_port=s1-eth1> have different eth_type. (self:2048, other:2054)
2021-11-17 08:39:54,990 | 5151 | tracing_net.msg, is_equal_msg, 309 | DEBUG | Packet <Msg captured_interface=s1-eth3, sniff_timestamp=1637138386.3437824, pkt=<ICMP_RAW Packet>, in_port=3, in_phy_port=s1-eth3> and packet <Msg captured_interface=s1-eth3, sniff_timestamp=1637138391.5999985, pkt=<ARP_RAW Packet>, in_port=s1-eth3, in_phy_port=s1-eth3> have different eth_type. (self:2048, other:2054)
2021-11-17 08:39:54,991 | 5151 | tracing_of_pipeline.analyzer, analyze, 237 | DEBUG | Analyzing 5.2... Trace is finish. (count=11, trace=0x00000800 : (h3, s1)(s1, h1))
2021-11-17 08:39:56,948 | 5151 | tracing_net.packet_repository, pop, 76 | ERROR | Failed to pop from packet repository (repo={'l2': [], 'l4': []}). This may appear at the start of the system, but if it appears while the system is running, there may be a bug.
2021-11-17 08:39:56,948 | 5151 | tracing_net.packet_repository, pop, 76 | ERROR | Failed to pop from packet repository (repo={'l2': [], 'l4': []}). This may appear at the start of the system, but if it appears while the system is running, there may be a bug.
2021-11-17 08:39:56,949 | 5151 | tracing_of_pipeline.analyzer, _poll_packet_inout_repo, 599 | DEBUG | Analyzing 1.2... tmp_p = [], s_dpip = 1
2021-11-17 08:39:56,950 | 5151 | tracing_of_pipeline.analyzer, _poll_packet_inout_repo, 599 | DEBUG | Analyzing 1.2... tmp_p = [], s_dpip = 2
2021-11-17 08:39:56,951 | 5151 | tracing_of_pipeline.analyzer, _polling, 552 | DEBUG | polled repository (start_time=1637138370.946764, until=12) values = {'l2': [<Msg captured_interface=s1-eth1, sniff_timestamp=1637138391.60034, pkt=<ARP_RAW Packet>, in_port=s1-eth1, in_phy_port=s1-eth1>], 'l1': [], 'l3': [], 'l4': [<Msg captured_interface=s1-eth3, sniff_timestamp=1637138391.5999985, pkt=<ARP_RAW Packet>, in_port=s1-eth3, in_phy_port=s1-eth3>]} {'s1': [<MsgForOFMsg (timestamp=1637138386.195963 message_type=10)>, <MsgForOFMsg (timestamp=1637138386.243304 message_type=13)>, <MsgForOFMsg (timestamp=1637138386.257396 message_type=10)>, <MsgForOFMsg (timestamp=1637138386.270583 message_type=13)>, <MsgForOFMsg (timestamp=1637138386.326224 message_type=10)>, <MsgForOFMsg (timestamp=1637138386.34309 message_type=13)>], 's2': [<MsgForOFMsg (timestamp=1637138386.257517 message_type=10)>, <MsgForOFMsg (timestamp=1637138386.270712 message_type=13)>]}
2021-11-17 08:39:56,951 | 5151 | tracing_of_pipeline.analyzer, analyze, 196 | DEBUG | Analyzing 1... polled repository (count=12)
2021-11-17 08:39:56,952 | 5151 | tracing_of_pipeline.analyzer, analyze, 204 | DEBUG | Analyzing 2... analyze packet out (count=12, target=<MsgForOFMsg (timestamp=1637138386.243304 message_type=13)>)
2021-11-17 08:39:56,953 | 5151 | tracing_of_pipeline.analyzer, _analyze_packet_out, 268 | DEBUG | Analyzing 2.1... analyze packet out, get out_ports (count=12, out_ports=[(<PortNo.OFPP_FLOOD: 4294967291>, <MsgForOFMsg (timestamp=1637138386.243304 message_type=13)>)])
2021-11-17 08:39:56,954 | 5151 | tracing_of_pipeline.analyzer, _analyze_packet_out, 275 | DEBUG | Analyzing 2.2... get packer msg (count=12, packer msg=[(<PortNo.OFPP_FLOOD: 4294967291>, <MsgForOFMsg (timestamp=1637138386.243304 message_type=13)>)])
2021-11-17 08:39:56,955 | 5151 | tracing_of_pipeline.analyzer, _analyze_packet_out, 298 | DEBUG | Analyzing 2.3... get packet (count=12, edge=l1, packet=None)
2021-11-17 08:39:56,955 | 5151 | tracing_of_pipeline.analyzer, _analyze_packet_out, 352 | DEBUG | Analyzing 2.3... cannot pop pakcet (count=12 next_edge=l1 m=<MsgForOFMsg (timestamp=1637138386.243304 message_type=13)>)
2021-11-17 08:39:56,955 | 5151 | tracing_of_pipeline.analyzer, analyze, 204 | DEBUG | Analyzing 2... analyze packet out (count=12, target=<MsgForOFMsg (timestamp=1637138386.270583 message_type=13)>)
2021-11-17 08:39:56,956 | 5151 | tracing_of_pipeline.analyzer, _analyze_packet_out, 268 | DEBUG | Analyzing 2.1... analyze packet out, get out_ports (count=12, out_ports=[(1, <MsgForOFMsg (timestamp=1637138386.270583 message_type=13)>)])
2021-11-17 08:39:56,956 | 5151 | tracing_of_pipeline.analyzer, analyze, 204 | DEBUG | Analyzing 2... analyze packet out (count=12, target=<MsgForOFMsg (timestamp=1637138386.34309 message_type=13)>)
2021-11-17 08:39:56,956 | 5151 | tracing_of_pipeline.analyzer, _analyze_packet_out, 268 | DEBUG | Analyzing 2.1... analyze packet out, get out_ports (count=12, out_ports=[(3, <MsgForOFMsg (timestamp=1637138386.34309 message_type=13)>)])
2021-11-17 08:39:56,957 | 5151 | tracing_of_pipeline.analyzer, analyze, 204 | DEBUG | Analyzing 2... analyze packet out (count=12, target=<MsgForOFMsg (timestamp=1637138386.270712 message_type=13)>)
2021-11-17 08:39:56,957 | 5151 | tracing_of_pipeline.analyzer, _analyze_packet_out, 268 | DEBUG | Analyzing 2.1... analyze packet out, get out_ports (count=12, out_ports=[(<PortNo.OFPP_FLOOD: 4294967291>, <MsgForOFMsg (timestamp=1637138386.270712 message_type=13)>)])
2021-11-17 08:39:56,958 | 5151 | tracing_of_pipeline.analyzer, _analyze_packet_out, 275 | DEBUG | Analyzing 2.2... get packer msg (count=12, packer msg=[(<PortNo.OFPP_FLOOD: 4294967291>, <MsgForOFMsg (timestamp=1637138386.270712 message_type=13)>)])
2021-11-17 08:39:56,958 | 5151 | tracing_of_pipeline.analyzer, _analyze_packet_out, 298 | DEBUG | Analyzing 2.3... get packet (count=12, edge=l3, packet=None)
2021-11-17 08:39:56,958 | 5151 | tracing_of_pipeline.analyzer, _analyze_packet_out, 352 | DEBUG | Analyzing 2.3... cannot pop pakcet (count=12 next_edge=l3 m=<MsgForOFMsg (timestamp=1637138386.270712 message_type=13)>)
2021-11-17 08:39:56,959 | 5151 | tracing_of_pipeline.analyzer, analyze, 217 | DEBUG | Analyzing 3... analyze packet (count=12, target=<Msg captured_interface=s1-eth1, sniff_timestamp=1637138391.60034, pkt=<ARP_RAW Packet>, in_port=s1-eth1, in_phy_port=s1-eth1>)
2021-11-17 08:39:56,959 | 5151 | tracing_of_pipeline.analyzer, analyze, 224 | DEBUG | Analyzing 3.1... get flowtable (count=12, flow table=<FlowTables(datapath=0, timestamp=1637138391.521261, flows=[<Flow(table=0, priority=1, match=[<in_port, 3/None>, <dl_src, be:45:68:21:47:ed/None>, <dl_dst, fa:db:37:b7:b9:e9/None>], actions=[<InstructionApplyAction type=4>])>, <Flow(table=0, priority=1, match=[<in_port, 1/None>, <dl_src, fa:db:37:b7:b9:e9/None>, <dl_dst, be:45:68:21:47:ed/None>], actions=[<InstructionApplyAction type=4>])>, <Flow(table=0, priority=0, match={}, actions=[<InstructionApplyAction type=4>])>])>)
2021-11-17 08:39:56,960 | 5151 | tracing_of_pipeline.analyzer, BFS, 384 | DEBUG | Analyzing 4... start BFS (count=12)
2021-11-17 08:39:56,961 | 5151 | tracing_of_pipeline.analyzer, BFS, 391 | DEBUG | Analyzing 4.1... processing msg (count=12, msg=<Msg captured_interface=s1-eth1, sniff_timestamp=1637138391.60034, pkt=<ARP_RAW Packet>, in_port=1, in_phy_port=s1-eth1>)
2021-11-17 08:39:56,963 | 5151 | tracing_of_pipeline.analyzer, BFS, 403 | DEBUG | Analyzing 4.1... dst_node is FlowTables (count=12)
2021-11-17 08:39:56,966 | 5151 | tracing_of_pipeline.analyzer, BFS, 411 | DEBUG | Analyzing 4.2... After applied pipeline (count=12, out_ports_to_msg=[('65535', <Msg captured_interface=s1-eth1, sniff_timestamp=1637138391.60034, pkt=<ARP_RAW Packet>, in_port=1, in_phy_port=s1-eth1>)])
2021-11-17 08:39:56,967 | 5151 | tracing_of_pipeline.analyzer, BFS, 429 | DEBUG | Analyzing 4.3... get next of dst_node (count=12, next_switch=controller)
2021-11-17 08:39:56,967 | 5151 | tracing_of_pipeline.analyzer, BFS, 474 | DEBUG | Analyzing 4.4... next switch is controller. Therefore trace is finished. (count=12, next_switch=controller)
2021-11-17 08:39:56,968 | 5151 | tracing_of_pipeline.analyzer, analyze, 231 | DEBUG | Analyzing 5.1... After BFS (count=12, trace=0x00000806 : (h1, s1)(s1, controller))
2021-11-17 08:39:56,969 | 5151 | tracing_of_pipeline.packet_trace_handler, append, 31 | DEBUG | 1637138391.60034 : 0x00000806 : (h1, s1)(s1, controller)
2021-11-17 08:39:56,970 | 5151 | tracing_of_pipeline.analyzer, analyze, 237 | DEBUG | Analyzing 5.2... Trace is finish. (count=12, trace=0x00000806 : (h1, s1)(s1, controller))
2021-11-17 08:39:56,970 | 5151 | tracing_of_pipeline.analyzer, analyze, 250 | DEBUG | Analyzing 1... No packet in edge l1
2021-11-17 08:39:56,970 | 5151 | tracing_of_pipeline.analyzer, analyze, 250 | DEBUG | Analyzing 1... No packet in edge l3
2021-11-17 08:39:56,971 | 5151 | tracing_of_pipeline.analyzer, analyze, 217 | DEBUG | Analyzing 3... analyze packet (count=12, target=<Msg captured_interface=s1-eth3, sniff_timestamp=1637138391.5999985, pkt=<ARP_RAW Packet>, in_port=s1-eth3, in_phy_port=s1-eth3>)
2021-11-17 08:39:56,971 | 5151 | tracing_of_pipeline.analyzer, analyze, 224 | DEBUG | Analyzing 3.1... get flowtable (count=12, flow table=<FlowTables(datapath=0, timestamp=1637138391.521261, flows=[<Flow(table=0, priority=1, match=[<in_port, 3/None>, <dl_src, be:45:68:21:47:ed/None>, <dl_dst, fa:db:37:b7:b9:e9/None>], actions=[<InstructionApplyAction type=4>])>, <Flow(table=0, priority=1, match=[<in_port, 1/None>, <dl_src, fa:db:37:b7:b9:e9/None>, <dl_dst, be:45:68:21:47:ed/None>], actions=[<InstructionApplyAction type=4>])>, <Flow(table=0, priority=0, match={}, actions=[<InstructionApplyAction type=4>])>])>)
2021-11-17 08:39:56,972 | 5151 | tracing_of_pipeline.analyzer, BFS, 384 | DEBUG | Analyzing 4... start BFS (count=12)
2021-11-17 08:39:56,972 | 5151 | tracing_of_pipeline.analyzer, BFS, 391 | DEBUG | Analyzing 4.1... processing msg (count=12, msg=<Msg captured_interface=s1-eth3, sniff_timestamp=1637138391.5999985, pkt=<ARP_RAW Packet>, in_port=3, in_phy_port=s1-eth3>)
2021-11-17 08:39:56,974 | 5151 | tracing_of_pipeline.analyzer, BFS, 403 | DEBUG | Analyzing 4.1... dst_node is FlowTables (count=12)
2021-11-17 08:39:56,976 | 5151 | tracing_of_pipeline.analyzer, BFS, 411 | DEBUG | Analyzing 4.2... After applied pipeline (count=12, out_ports_to_msg=[('1', <Msg captured_interface=s1-eth3, sniff_timestamp=1637138391.5999985, pkt=<ARP_RAW Packet>, in_port=3, in_phy_port=s1-eth3>)])
2021-11-17 08:39:56,977 | 5151 | tracing_of_pipeline.analyzer, BFS, 429 | DEBUG | Analyzing 4.3... get next of dst_node (count=12, next_switch=h1)
2021-11-17 08:39:56,977 | 5151 | tracing_of_pipeline.analyzer, BFS, 486 | DEBUG | Analyzing 4.4... next switch is host. Therefore trace is finished. (count=12, next_switch=h1)
2021-11-17 08:39:56,979 | 5151 | tracing_of_pipeline.analyzer, analyze, 231 | DEBUG | Analyzing 5.1... After BFS (count=12, trace=0x00000806 : (h3, s1)(s1, h1))
2021-11-17 08:39:56,979 | 5151 | tracing_of_pipeline.packet_trace_handler, append, 31 | DEBUG | 1637138391.5999985 : 0x00000806 : (h3, s1)(s1, h1)
2021-11-17 08:39:56,980 | 5151 | tracing_of_pipeline.analyzer, analyze, 237 | DEBUG | Analyzing 5.2... Trace is finish. (count=12, trace=0x00000806 : (h3, s1)(s1, h1))
2021-11-17 08:39:58,948 | 5151 | tracing_net.packet_repository, pop, 76 | ERROR | Failed to pop from packet repository (repo={'l2': [], 'l4': []}). This may appear at the start of the system, but if it appears while the system is running, there may be a bug.
2021-11-17 08:39:58,948 | 5151 | tracing_net.packet_repository, pop, 76 | ERROR | Failed to pop from packet repository (repo={'l2': [], 'l4': []}). This may appear at the start of the system, but if it appears while the system is running, there may be a bug.
2021-11-17 08:39:58,949 | 5151 | tracing_of_pipeline.analyzer, _poll_packet_inout_repo, 599 | DEBUG | Analyzing 1.2... tmp_p = [], s_dpip = 1
2021-11-17 08:39:58,950 | 5151 | tracing_of_pipeline.analyzer, _poll_packet_inout_repo, 599 | DEBUG | Analyzing 1.2... tmp_p = [], s_dpip = 2
2021-11-17 08:39:58,950 | 5151 | tracing_of_pipeline.analyzer, _polling, 552 | DEBUG | polled repository (start_time=1637138370.946764, until=13) values = {'l2': [], 'l1': [], 'l3': [], 'l4': []} {'s1': [<MsgForOFMsg (timestamp=1637138386.195963 message_type=10)>, <MsgForOFMsg (timestamp=1637138386.243304 message_type=13)>, <MsgForOFMsg (timestamp=1637138386.257396 message_type=10)>, <MsgForOFMsg (timestamp=1637138386.270583 message_type=13)>, <MsgForOFMsg (timestamp=1637138386.326224 message_type=10)>, <MsgForOFMsg (timestamp=1637138386.34309 message_type=13)>], 's2': [<MsgForOFMsg (timestamp=1637138386.257517 message_type=10)>, <MsgForOFMsg (timestamp=1637138386.270712 message_type=13)>]}
2021-11-17 08:39:58,951 | 5151 | tracing_of_pipeline.analyzer, analyze, 196 | DEBUG | Analyzing 1... polled repository (count=13)
2021-11-17 08:39:58,951 | 5151 | tracing_of_pipeline.analyzer, analyze, 204 | DEBUG | Analyzing 2... analyze packet out (count=13, target=<MsgForOFMsg (timestamp=1637138386.243304 message_type=13)>)
2021-11-17 08:39:58,952 | 5151 | tracing_of_pipeline.analyzer, _analyze_packet_out, 268 | DEBUG | Analyzing 2.1... analyze packet out, get out_ports (count=13, out_ports=[(<PortNo.OFPP_FLOOD: 4294967291>, <MsgForOFMsg (timestamp=1637138386.243304 message_type=13)>)])
2021-11-17 08:39:58,952 | 5151 | tracing_of_pipeline.analyzer, _analyze_packet_out, 275 | DEBUG | Analyzing 2.2... get packer msg (count=13, packer msg=[(<PortNo.OFPP_FLOOD: 4294967291>, <MsgForOFMsg (timestamp=1637138386.243304 message_type=13)>)])
2021-11-17 08:39:58,954 | 5151 | tracing_of_pipeline.analyzer, _analyze_packet_out, 298 | DEBUG | Analyzing 2.3... get packet (count=13, edge=l1, packet=None)
2021-11-17 08:39:58,954 | 5151 | tracing_of_pipeline.analyzer, _analyze_packet_out, 352 | DEBUG | Analyzing 2.3... cannot pop pakcet (count=13 next_edge=l1 m=<MsgForOFMsg (timestamp=1637138386.243304 message_type=13)>)
2021-11-17 08:39:58,955 | 5151 | tracing_of_pipeline.analyzer, analyze, 204 | DEBUG | Analyzing 2... analyze packet out (count=13, target=<MsgForOFMsg (timestamp=1637138386.270583 message_type=13)>)
2021-11-17 08:39:58,955 | 5151 | tracing_of_pipeline.analyzer, _analyze_packet_out, 268 | DEBUG | Analyzing 2.1... analyze packet out, get out_ports (count=13, out_ports=[(1, <MsgForOFMsg (timestamp=1637138386.270583 message_type=13)>)])
2021-11-17 08:39:58,956 | 5151 | tracing_of_pipeline.analyzer, analyze, 204 | DEBUG | Analyzing 2... analyze packet out (count=13, target=<MsgForOFMsg (timestamp=1637138386.34309 message_type=13)>)
2021-11-17 08:39:58,956 | 5151 | tracing_of_pipeline.analyzer, _analyze_packet_out, 268 | DEBUG | Analyzing 2.1... analyze packet out, get out_ports (count=13, out_ports=[(3, <MsgForOFMsg (timestamp=1637138386.34309 message_type=13)>)])
2021-11-17 08:39:58,957 | 5151 | tracing_of_pipeline.analyzer, analyze, 204 | DEBUG | Analyzing 2... analyze packet out (count=13, target=<MsgForOFMsg (timestamp=1637138386.270712 message_type=13)>)
2021-11-17 08:39:58,957 | 5151 | tracing_of_pipeline.analyzer, _analyze_packet_out, 268 | DEBUG | Analyzing 2.1... analyze packet out, get out_ports (count=13, out_ports=[(<PortNo.OFPP_FLOOD: 4294967291>, <MsgForOFMsg (timestamp=1637138386.270712 message_type=13)>)])
2021-11-17 08:39:58,958 | 5151 | tracing_of_pipeline.analyzer, _analyze_packet_out, 275 | DEBUG | Analyzing 2.2... get packer msg (count=13, packer msg=[(<PortNo.OFPP_FLOOD: 4294967291>, <MsgForOFMsg (timestamp=1637138386.270712 message_type=13)>)])
2021-11-17 08:39:58,958 | 5151 | tracing_of_pipeline.analyzer, _analyze_packet_out, 298 | DEBUG | Analyzing 2.3... get packet (count=13, edge=l3, packet=None)
2021-11-17 08:39:58,958 | 5151 | tracing_of_pipeline.analyzer, _analyze_packet_out, 352 | DEBUG | Analyzing 2.3... cannot pop pakcet (count=13 next_edge=l3 m=<MsgForOFMsg (timestamp=1637138386.270712 message_type=13)>)
2021-11-17 08:39:58,959 | 5151 | tracing_of_pipeline.analyzer, analyze, 250 | DEBUG | Analyzing 1... No packet in edge l2
2021-11-17 08:39:58,959 | 5151 | tracing_of_pipeline.analyzer, analyze, 250 | DEBUG | Analyzing 1... No packet in edge l1
2021-11-17 08:39:58,960 | 5151 | tracing_of_pipeline.analyzer, analyze, 250 | DEBUG | Analyzing 1... No packet in edge l3
2021-11-17 08:39:58,960 | 5151 | tracing_of_pipeline.analyzer, analyze, 250 | DEBUG | Analyzing 1... No packet in edge l4
2021-11-17 08:40:00,130 | 5151 | tracing_net.net, stop_tracing, 557 | INFO | tracing stop
2021-11-17 08:40:00,133 | 5151 | tracing_net.packet_capture_manager, stop_capture, 122 | DEBUG | capture process (s1-eth1:5316) terminated
2021-11-17 08:40:00,139 | 5151 | tracing_net.packet_capture_manager, stop_capture, 122 | DEBUG | capture process (s1-eth2:5319) terminated
2021-11-17 08:40:00,152 | 5151 | tracing_net.packet_capture_manager, stop_capture, 122 | DEBUG | capture process (s2-eth2:5321) terminated
2021-11-17 08:40:00,154 | 5151 | tracing_net.packet_capture_manager, stop_capture, 122 | DEBUG | capture process (s1-eth3:5323) terminated
2021-11-17 08:40:00,157 | 5151 | tracing_net.flowtable.flow_table_manager, stop_poller, 102 | DEBUG | poller process (s1:5327) terminated
2021-11-17 08:40:00,157 | 5151 | tracing_net.flowtable.flow_table_manager, stop_poller, 102 | DEBUG | poller process (s2:5331) terminated
2021-11-17 08:40:00,163 | 5151 | tracing_of_pipeline.analyzer, stop_analyzing, 149 | INFO | stop analyzing interval. (last count = 14)
2021-11-17 08:40:00,165 | 5151 | tracing_net.packet_repository, pop, 76 | ERROR | Failed to pop from packet repository (repo={'l4': []}). This may appear at the start of the system, but if it appears while the system is running, there may be a bug.
2021-11-17 08:40:00,167 | 5151 | tracing_net.packet_repository, pop, 76 | ERROR | Failed to pop from packet repository (repo={'l4': []}). This may appear at the start of the system, but if it appears while the system is running, there may be a bug.
2021-11-17 08:40:00,168 | 5151 | tracing_of_pipeline.analyzer, _poll_packet_inout_repo, 599 | DEBUG | Analyzing 1.2... tmp_p = [], s_dpip = 1
2021-11-17 08:40:00,169 | 5151 | tracing_of_pipeline.analyzer, _poll_packet_inout_repo, 599 | DEBUG | Analyzing 1.2... tmp_p = [], s_dpip = 2
2021-11-17 08:40:00,170 | 5151 | tracing_of_pipeline.analyzer, _polling, 552 | DEBUG | polled repository (start_time=1637138370.946764, until=14) values = {'l2': [], 'l1': [], 'l3': [], 'l4': []} {'s1': [<MsgForOFMsg (timestamp=1637138386.195963 message_type=10)>, <MsgForOFMsg (timestamp=1637138386.243304 message_type=13)>, <MsgForOFMsg (timestamp=1637138386.257396 message_type=10)>, <MsgForOFMsg (timestamp=1637138386.270583 message_type=13)>, <MsgForOFMsg (timestamp=1637138386.326224 message_type=10)>, <MsgForOFMsg (timestamp=1637138386.34309 message_type=13)>], 's2': [<MsgForOFMsg (timestamp=1637138386.257517 message_type=10)>, <MsgForOFMsg (timestamp=1637138386.270712 message_type=13)>]}
2021-11-17 08:40:00,170 | 5151 | tracing_of_pipeline.analyzer, analyze, 196 | DEBUG | Analyzing 1... polled repository (count=14)
2021-11-17 08:40:00,171 | 5151 | tracing_of_pipeline.analyzer, analyze, 204 | DEBUG | Analyzing 2... analyze packet out (count=14, target=<MsgForOFMsg (timestamp=1637138386.243304 message_type=13)>)
2021-11-17 08:40:00,171 | 5151 | tracing_of_pipeline.analyzer, _analyze_packet_out, 268 | DEBUG | Analyzing 2.1... analyze packet out, get out_ports (count=14, out_ports=[(<PortNo.OFPP_FLOOD: 4294967291>, <MsgForOFMsg (timestamp=1637138386.243304 message_type=13)>)])
2021-11-17 08:40:00,172 | 5151 | tracing_of_pipeline.analyzer, _analyze_packet_out, 275 | DEBUG | Analyzing 2.2... get packer msg (count=14, packer msg=[(<PortNo.OFPP_FLOOD: 4294967291>, <MsgForOFMsg (timestamp=1637138386.243304 message_type=13)>)])
2021-11-17 08:40:00,174 | 5151 | tracing_of_pipeline.analyzer, _analyze_packet_out, 298 | DEBUG | Analyzing 2.3... get packet (count=14, edge=l1, packet=None)
2021-11-17 08:40:00,174 | 5151 | tracing_of_pipeline.analyzer, _analyze_packet_out, 352 | DEBUG | Analyzing 2.3... cannot pop pakcet (count=14 next_edge=l1 m=<MsgForOFMsg (timestamp=1637138386.243304 message_type=13)>)
2021-11-17 08:40:00,175 | 5151 | tracing_of_pipeline.analyzer, analyze, 204 | DEBUG | Analyzing 2... analyze packet out (count=14, target=<MsgForOFMsg (timestamp=1637138386.270583 message_type=13)>)
2021-11-17 08:40:00,176 | 5151 | tracing_of_pipeline.analyzer, _analyze_packet_out, 268 | DEBUG | Analyzing 2.1... analyze packet out, get out_ports (count=14, out_ports=[(1, <MsgForOFMsg (timestamp=1637138386.270583 message_type=13)>)])
2021-11-17 08:40:00,177 | 5151 | tracing_of_pipeline.analyzer, analyze, 204 | DEBUG | Analyzing 2... analyze packet out (count=14, target=<MsgForOFMsg (timestamp=1637138386.34309 message_type=13)>)
2021-11-17 08:40:00,178 | 5151 | tracing_of_pipeline.analyzer, _analyze_packet_out, 268 | DEBUG | Analyzing 2.1... analyze packet out, get out_ports (count=14, out_ports=[(3, <MsgForOFMsg (timestamp=1637138386.34309 message_type=13)>)])
2021-11-17 08:40:00,179 | 5151 | tracing_of_pipeline.analyzer, analyze, 204 | DEBUG | Analyzing 2... analyze packet out (count=14, target=<MsgForOFMsg (timestamp=1637138386.270712 message_type=13)>)
2021-11-17 08:40:00,180 | 5151 | tracing_of_pipeline.analyzer, _analyze_packet_out, 268 | DEBUG | Analyzing 2.1... analyze packet out, get out_ports (count=14, out_ports=[(<PortNo.OFPP_FLOOD: 4294967291>, <MsgForOFMsg (timestamp=1637138386.270712 message_type=13)>)])
2021-11-17 08:40:00,181 | 5151 | tracing_of_pipeline.analyzer, _analyze_packet_out, 275 | DEBUG | Analyzing 2.2... get packer msg (count=14, packer msg=[(<PortNo.OFPP_FLOOD: 4294967291>, <MsgForOFMsg (timestamp=1637138386.270712 message_type=13)>)])
2021-11-17 08:40:00,182 | 5151 | tracing_of_pipeline.analyzer, _analyze_packet_out, 298 | DEBUG | Analyzing 2.3... get packet (count=14, edge=l3, packet=None)
2021-11-17 08:40:00,182 | 5151 | tracing_of_pipeline.analyzer, _analyze_packet_out, 352 | DEBUG | Analyzing 2.3... cannot pop pakcet (count=14 next_edge=l3 m=<MsgForOFMsg (timestamp=1637138386.270712 message_type=13)>)
2021-11-17 08:40:00,183 | 5151 | tracing_of_pipeline.analyzer, analyze, 250 | DEBUG | Analyzing 1... No packet in edge l2
2021-11-17 08:40:00,183 | 5151 | tracing_of_pipeline.analyzer, analyze, 250 | DEBUG | Analyzing 1... No packet in edge l1
2021-11-17 08:40:00,184 | 5151 | tracing_of_pipeline.analyzer, analyze, 250 | DEBUG | Analyzing 1... No packet in edge l3
2021-11-17 08:40:00,185 | 5151 | tracing_of_pipeline.analyzer, analyze, 250 | DEBUG | Analyzing 1... No packet in edge l4
2021-11-17 08:40:00,185 | 5151 | tracing_of_pipeline.analyzer, analyze_rest, 161 | INFO | These packets could not be analyzed. {'l2': [], 'l1': [], 'l3': [], 'l4': []}
2021-11-17 08:40:00,186 | 5151 | tracing_of_pipeline.analyzer, analyze_rest, 162 | INFO | These OpenFlowMessage could not be analyzed. {'s1': [<MsgForOFMsg (timestamp=1637138386.195963 message_type=10)>, <MsgForOFMsg (timestamp=1637138386.243304 message_type=13)>, <MsgForOFMsg (timestamp=1637138386.257396 message_type=10)>, <MsgForOFMsg (timestamp=1637138386.270583 message_type=13)>, <MsgForOFMsg (timestamp=1637138386.326224 message_type=10)>, <MsgForOFMsg (timestamp=1637138386.34309 message_type=13)>], 's2': [<MsgForOFMsg (timestamp=1637138386.257517 message_type=10)>, <MsgForOFMsg (timestamp=1637138386.270712 message_type=13)>]}
2021-11-17 08:40:00,870 | 5151 | tracing_of_pipeline, stop, 137 | INFO | OpenFlow Tracer Stop
2021-11-17 08:40:00,880 | 5151 | tracing_net.net, stop_tracing, 557 | INFO | tracing stop
2021-11-17 08:40:00,882 | 5151 | tracing_net.packet_capture_manager, stop_capture, 122 | DEBUG | capture process (s1-eth1:5316) terminated
2021-11-17 08:40:00,882 | 5151 | tracing_net.packet_capture_manager, stop_capture, 122 | DEBUG | capture process (s1-eth2:5319) terminated
2021-11-17 08:40:00,883 | 5151 | tracing_net.packet_capture_manager, stop_capture, 122 | DEBUG | capture process (s2-eth2:5321) terminated
2021-11-17 08:40:00,884 | 5151 | tracing_net.packet_capture_manager, stop_capture, 122 | DEBUG | capture process (s1-eth3:5323) terminated
2021-11-17 08:40:00,886 | 5151 | tracing_net.flowtable.flow_table_manager, stop_poller, 102 | DEBUG | poller process (s1:5327) terminated
2021-11-17 08:40:00,887 | 5151 | tracing_net.flowtable.flow_table_manager, stop_poller, 102 | DEBUG | poller process (s2:5331) terminated
2021-11-17 08:40:00,887 | 5151 | tracing_net.net, stop, 335 | INFO | mininet stop
2021-11-17 08:40:02,157 | 5151 | tracing_net.net, stop, 566 | DEBUG | mininet stopped and all capture processes closed
