2021-07-21 02:30:35,376 | 17336 | tracing_net.net, __init__, 96 | INFO | set up on-demand mininet
2021-07-21 02:30:35,383 | 17336 | tracing_net.net, start, 307 | INFO | mininet start
2021-07-21 02:30:35,397 | 17336 | tracing_net.net, add_switch, 113 | DEBUG | added the switch (s1)
2021-07-21 02:30:35,707 | 17336 | tracing_net.net, add_host, 159 | DEBUG | added the host (h1)
2021-07-21 02:30:36,008 | 17336 | tracing_net.net, add_link, 198 | DEBUG | added the link (l2) between s1 and h1
2021-07-21 02:30:36,211 | 17336 | tracing_net.net, add_switch, 113 | DEBUG | added the switch (s2)
2021-07-21 02:30:36,464 | 17336 | tracing_net.net, add_link, 198 | DEBUG | added the link (l1) between s1 and s2
2021-07-21 02:30:36,795 | 17336 | tracing_net.net, add_host, 159 | DEBUG | added the host (h2)
2021-07-21 02:30:36,912 | 17336 | tracing_net.net, add_link, 198 | DEBUG | added the link (l3) between s2 and h2
2021-07-21 02:30:37,120 | 17336 | tracing_net.packet_capture_manager, start_capture, 85 | DEBUG | capture process (s1-eth1:None) started
2021-07-21 02:30:37,131 | 17336 | tracing_net.packet_capture_manager, start_capture, 85 | DEBUG | capture process (s1-eth2:None) started
2021-07-21 02:30:37,141 | 17462 | tracing_net.util.packet_capture, start_capture, 56 | INFO | capture start on s1-eth2
2021-07-21 02:30:37,145 | 17460 | tracing_net.util.packet_capture, start_capture, 56 | INFO | capture start on s1-eth1
2021-07-21 02:30:37,146 | 17336 | tracing_net.packet_capture_manager, start_capture, 85 | DEBUG | capture process (s2-eth2:None) started
2021-07-21 02:30:37,151 | 17336 | tracing_net.flowtable.flow_monitor, __init__, 46 | INFO | flow monitor start : s1
2021-07-21 02:30:37,159 | 17336 | tracing_net.flowtable.flow_monitor, __init__, 46 | INFO | flow monitor start : s2
2021-07-21 02:30:37,160 | 17464 | tracing_net.util.packet_capture, start_capture, 56 | INFO | capture start on s2-eth2
2021-07-21 02:30:37,230 | 17468 | tracing_net.flowtable.flow_monitor, flow_monitor, 89 | DEBUG | flow monitor get result {'msg_type': 'NXST_FLOW_MONITOR', 'type': 'reply', 'xid': '0x4'}
2021-07-21 02:30:37,264 | 17471 | tracing_net.flowtable.flow_monitor, flow_monitor, 89 | DEBUG | flow monitor get result {'msg_type': 'NXST_FLOW_MONITOR', 'type': 'reply', 'xid': '0x4'}
2021-07-21 02:30:38,163 | 17468 | tracing_net.flowtable.flow_monitor, dump_flows, 57 | DEBUG | dump flows on s1
2021-07-21 02:30:38,201 | 17471 | tracing_net.flowtable.flow_monitor, dump_flows, 57 | DEBUG | dump flows on s2
2021-07-21 02:30:38,260 | 17468 | tracing_net.flowtable.flow_monitor, read_dump_flow, 73 | DEBUG | get result for dump flow 1626834638.242095 : ['OFPST_FLOW reply (OF1.3) (xid=0x2):']
2021-07-21 02:30:38,320 | 17471 | tracing_net.flowtable.flow_monitor, read_dump_flow, 73 | DEBUG | get result for dump flow 1626834638.291067 : ['OFPST_FLOW reply (OF1.3) (xid=0x2):']
2021-07-21 02:30:39,163 | 17468 | tracing_net.flowtable.flow_monitor, dump_flows, 57 | DEBUG | dump flows on s1
2021-07-21 02:30:39,177 | 17336 | tracing_net.packet_repository, pop, 73 | ERROR | Failed to pop from packet repository (repo={})
2021-07-21 02:30:39,178 | 17336 | tracing_net.packet_repository, pop, 73 | ERROR | Failed to pop from packet repository (repo={})
2021-07-21 02:30:39,184 | 17336 | tracing_net.packet_repository, pop, 73 | ERROR | Failed to pop from packet repository (repo={})
2021-07-21 02:30:39,188 | 17336 | tracing_of_pipeline.analyzer, _poll_packet_inout_repo, 310 | DEBUG | tmp_p = None, s_dpip = 1
2021-07-21 02:30:39,189 | 17336 | tracing_of_pipeline.analyzer, _poll_packet_inout_repo, 310 | DEBUG | tmp_p = None, s_dpip = 2
2021-07-21 02:30:39,191 | 17336 | tracing_of_pipeline.analyzer, _polling, 283 | DEBUG | polled (start_time=1626834637.168486, until=0) values = {'l2': [], 'l1': [], 'l3': []} {} {'s1': [], 's2': []}
2021-07-21 02:30:39,192 | 17336 | tracing_of_pipeline.analyzer, analyze, 168 | WARNING | Fuck!!!!!!!! s1-eth1
2021-07-21 02:30:39,192 | 17336 | tracing_of_pipeline.analyzer, analyze, 168 | WARNING | Fuck!!!!!!!! s1-eth2
2021-07-21 02:30:39,193 | 17336 | tracing_of_pipeline.analyzer, analyze, 168 | WARNING | Fuck!!!!!!!! s2-eth2
2021-07-21 02:30:39,201 | 17471 | tracing_net.flowtable.flow_monitor, dump_flows, 57 | DEBUG | dump flows on s2
2021-07-21 02:30:39,236 | 17468 | tracing_net.flowtable.flow_monitor, read_dump_flow, 73 | DEBUG | get result for dump flow 1626834639.220853 : ['OFPST_FLOW reply (OF1.3) (xid=0x2):']
2021-07-21 02:30:39,248 | 17471 | tracing_net.flowtable.flow_monitor, read_dump_flow, 73 | DEBUG | get result for dump flow 1626834639.228189 : ['OFPST_FLOW reply (OF1.3) (xid=0x2):']
2021-07-21 02:30:40,163 | 17468 | tracing_net.flowtable.flow_monitor, dump_flows, 57 | DEBUG | dump flows on s1
2021-07-21 02:30:40,180 | 17468 | tracing_net.flowtable.flow_monitor, read_dump_flow, 73 | DEBUG | get result for dump flow 1626834640.176265 : ['OFPST_FLOW reply (OF1.3) (xid=0x2):']
2021-07-21 02:30:40,204 | 17471 | tracing_net.flowtable.flow_monitor, dump_flows, 57 | DEBUG | dump flows on s2
2021-07-21 02:30:40,213 | 17471 | tracing_net.flowtable.flow_monitor, read_dump_flow, 73 | DEBUG | get result for dump flow 1626834640.209224 : ['OFPST_FLOW reply (OF1.3) (xid=0x2):']
2021-07-21 02:30:40,356 | 17464 | tracing_net.util.packet_capture, _packet_handler, 72 | DEBUG | sniff 1626834639.379419522 : <class 'pyshark.packet.packet.Packet'>
2021-07-21 02:30:40,429 | 17462 | tracing_net.util.packet_capture, _packet_handler, 72 | DEBUG | sniff 1626834639.994417304 : <class 'pyshark.packet.packet.Packet'>
2021-07-21 02:30:40,699 | 17460 | tracing_net.util.packet_capture, _packet_handler, 72 | DEBUG | sniff 1626834639.438212133 : <class 'pyshark.packet.packet.Packet'>
2021-07-21 02:30:40,830 | 17471 | tracing_net.flowtable.flow_monitor, flow_monitor, 89 | DEBUG | flow monitor get result {'msg_type': 'NXST_FLOW_MONITOR', 'type': 'reply', 'xid': '0x0'}
2021-07-21 02:30:40,831 | 17471 | tracing_net.flowtable.flow_monitor, flow_monitor, 89 | DEBUG | flow monitor get result {'event': 'ADDED', 'table': '0', 'cookie': '0', 'actions': 'CONTROLLER:65535'}
2021-07-21 02:30:40,840 | 17468 | tracing_net.flowtable.flow_monitor, flow_monitor, 89 | DEBUG | flow monitor get result {'msg_type': 'NXST_FLOW_MONITOR', 'type': 'reply', 'xid': '0x0'}
2021-07-21 02:30:40,844 | 17468 | tracing_net.flowtable.flow_monitor, flow_monitor, 89 | DEBUG | flow monitor get result {'event': 'ADDED', 'table': '0', 'cookie': '0', 'actions': 'CONTROLLER:65535'}
2021-07-21 02:30:41,100 | 17336 | tracing_of_pipeline, _handle_child_conn, 113 | DEBUG | get from ofcapture <Message msg_name=OFPT_PACKET_IN of_msg=PacketIn(xid=UBInt32(0)) timestamp=1626834641.095152 local_port=55516 datapath_id=1>
2021-07-21 02:30:41,102 | 17336 | tracing_of_pipeline, _handle_child_conn, 113 | DEBUG | get from ofcapture <Message msg_name=OFPT_PACKET_OUT of_msg=PacketOut(xid=UBInt32(3880978636)) timestamp=1626834641.098931 local_port=55516 datapath_id=1>
2021-07-21 02:30:41,188 | 17468 | tracing_net.flowtable.flow_monitor, dump_flows, 57 | DEBUG | dump flows on s1
2021-07-21 02:30:41,189 | 17336 | tracing_of_pipeline.analyzer, _poll_packet_inout_repo, 310 | DEBUG | tmp_p = [], s_dpip = 1
2021-07-21 02:30:41,192 | 17336 | tracing_of_pipeline.analyzer, _poll_packet_inout_repo, 310 | DEBUG | tmp_p = None, s_dpip = 2
2021-07-21 02:30:41,193 | 17336 | tracing_of_pipeline.analyzer, _polling, 283 | DEBUG | polled (start_time=1626834637.168486, until=1) values = {'l2': [], 'l1': [], 'l3': []} {} {'s1': [], 's2': []}
2021-07-21 02:30:41,193 | 17336 | tracing_of_pipeline.analyzer, analyze, 168 | WARNING | Fuck!!!!!!!! s1-eth1
2021-07-21 02:30:41,194 | 17336 | tracing_of_pipeline.analyzer, analyze, 168 | WARNING | Fuck!!!!!!!! s1-eth2
2021-07-21 02:30:41,195 | 17336 | tracing_of_pipeline.analyzer, analyze, 168 | WARNING | Fuck!!!!!!!! s2-eth2
2021-07-21 02:30:41,201 | 17471 | tracing_net.flowtable.flow_monitor, dump_flows, 57 | DEBUG | dump flows on s2
2021-07-21 02:30:41,205 | 17468 | tracing_net.flowtable.flow_monitor, read_dump_flow, 73 | DEBUG | get result for dump flow 1626834641.198133 : ['OFPST_FLOW reply (OF1.3) (xid=0x2):', ' cookie=0x0, duration=0.362s, table=0, n_packets=0, n_bytes=0, priority=0 actions=CONTROLLER:65535']
2021-07-21 02:30:41,214 | 17468 | tracing_net.flowtable.flow_monitor, read_dump_flow, 78 | DEBUG | parsed result to table 1626834641.198133 : <FlowTables(datapath=0, timestamp=1626834641.198133, flows=[<Flow(table=0, priority=0, match={}, actions=[<InstructionApplyAction type=4>])>])>
2021-07-21 02:30:41,214 | 17336 | tracing_net.flowtable.table_repository, add, 88 | DEBUG | Table repo added table <FlowTables(datapath=0, timestamp=1626834641.198133, flows=[<Flow(table=0, priority=0, match={}, actions=[<InstructionApplyAction type=4>])>])>
2021-07-21 02:30:41,223 | 17336 | tracing_of_pipeline, _handle_child_conn, 113 | DEBUG | get from ofcapture <Message msg_name=OFPT_PACKET_IN of_msg=PacketIn(xid=UBInt32(0)) timestamp=1626834641.219954 local_port=55518 datapath_id=2>
2021-07-21 02:30:41,225 | 17336 | tracing_of_pipeline, _handle_child_conn, 113 | DEBUG | get from ofcapture <Message msg_name=OFPT_PACKET_OUT of_msg=PacketOut(xid=UBInt32(3884972500)) timestamp=1626834641.222712 local_port=55518 datapath_id=2>
2021-07-21 02:30:41,226 | 17471 | tracing_net.flowtable.flow_monitor, read_dump_flow, 73 | DEBUG | get result for dump flow 1626834641.21657 : ['OFPST_FLOW reply (OF1.3) (xid=0x2):', ' cookie=0x0, duration=0.393s, table=0, n_packets=0, n_bytes=0, priority=0 actions=CONTROLLER:65535']
2021-07-21 02:30:41,234 | 17336 | tracing_net.flowtable.table_repository, add, 88 | DEBUG | Table repo added table <FlowTables(datapath=0, timestamp=1626834641.21657, flows=[<Flow(table=0, priority=0, match={}, actions=[<InstructionApplyAction type=4>])>])>
2021-07-21 02:30:41,234 | 17471 | tracing_net.flowtable.flow_monitor, read_dump_flow, 78 | DEBUG | parsed result to table 1626834641.21657 : <FlowTables(datapath=0, timestamp=1626834641.21657, flows=[<Flow(table=0, priority=0, match={}, actions=[<InstructionApplyAction type=4>])>])>
2021-07-21 02:30:41,255 | 17460 | tracing_net.util.packet_capture, _packet_handler, 72 | DEBUG | sniff 1626834640.524916833 : <class 'pyshark.packet.packet.Packet'>
2021-07-21 02:30:41,264 | 17460 | tracing_net.util.packet_capture, _packet_handler, 72 | DEBUG | sniff 1626834641.098704453 : <class 'pyshark.packet.packet.Packet'>
2021-07-21 02:30:41,308 | 17462 | tracing_net.util.packet_capture, _packet_handler, 72 | DEBUG | sniff 1626834640.248918026 : <class 'pyshark.packet.packet.Packet'>
2021-07-21 02:30:41,339 | 17462 | tracing_net.util.packet_capture, _packet_handler, 72 | DEBUG | sniff 1626834641.094031061 : <class 'pyshark.packet.packet.Packet'>
2021-07-21 02:30:41,508 | 17464 | tracing_net.util.packet_capture, _packet_handler, 72 | DEBUG | sniff 1626834640.350250291 : <class 'pyshark.packet.packet.Packet'>
2021-07-21 02:30:41,528 | 17464 | tracing_net.util.packet_capture, _packet_handler, 72 | DEBUG | sniff 1626834641.222621218 : <class 'pyshark.packet.packet.Packet'>
2021-07-21 02:30:41,767 | 17460 | tracing_net.util.packet_capture, _packet_handler, 72 | DEBUG | sniff 1626834641.158552662 : <class 'pyshark.packet.packet.Packet'>
2021-07-21 02:30:41,946 | 17336 | tracing_of_pipeline, _handle_child_conn, 113 | DEBUG | get from ofcapture <Message msg_name=OFPT_PACKET_IN of_msg=PacketIn(xid=UBInt32(0)) timestamp=1626834641.939549 local_port=55516 datapath_id=1>
2021-07-21 02:30:41,959 | 17336 | tracing_of_pipeline, _handle_child_conn, 113 | DEBUG | get from ofcapture <Message msg_name=OFPT_PACKET_IN of_msg=PacketIn(xid=UBInt32(0)) timestamp=1626834641.940022 local_port=55518 datapath_id=2>
2021-07-21 02:30:41,965 | 17336 | tracing_of_pipeline, _handle_child_conn, 113 | DEBUG | get from ofcapture <Message msg_name=OFPT_PACKET_OUT of_msg=PacketOut(xid=UBInt32(3884972501)) timestamp=1626834641.95817 local_port=55518 datapath_id=2>
2021-07-21 02:30:41,974 | 17336 | tracing_of_pipeline, _handle_child_conn, 113 | DEBUG | get from ofcapture <Message msg_name=OFPT_PACKET_OUT of_msg=PacketOut(xid=UBInt32(3880978637)) timestamp=1626834641.958855 local_port=55516 datapath_id=1>
2021-07-21 02:30:41,980 | 17336 | tracing_of_pipeline, _handle_child_conn, 113 | DEBUG | get from ofcapture <Message msg_name=OFPT_PACKET_IN of_msg=PacketIn(xid=UBInt32(0)) timestamp=1626834641.967272 local_port=55518 datapath_id=2>
2021-07-21 02:30:41,982 | 17336 | tracing_of_pipeline, _handle_child_conn, 113 | DEBUG | get from ofcapture <Message msg_name=OFPT_PACKET_IN of_msg=PacketIn(xid=UBInt32(0)) timestamp=1626834641.967414 local_port=55516 datapath_id=1>
2021-07-21 02:30:41,986 | 17336 | tracing_of_pipeline, _handle_child_conn, 113 | DEBUG | get from ofcapture <Message msg_name=OFPT_PACKET_OUT of_msg=PacketOut(xid=UBInt32(3884972502)) timestamp=1626834641.982639 local_port=55518 datapath_id=2>
2021-07-21 02:30:41,988 | 17336 | tracing_of_pipeline, _handle_child_conn, 113 | DEBUG | get from ofcapture <Message msg_name=OFPT_PACKET_OUT of_msg=PacketOut(xid=UBInt32(3880978638)) timestamp=1626834641.98306 local_port=55516 datapath_id=1>
2021-07-21 02:30:42,024 | 17460 | tracing_net.util.packet_capture, _packet_handler, 72 | DEBUG | sniff 1626834641.573382912 : <class 'pyshark.packet.packet.Packet'>
2021-07-21 02:30:42,026 | 17464 | tracing_net.util.packet_capture, _packet_handler, 72 | DEBUG | sniff 1626834641.381433036 : <class 'pyshark.packet.packet.Packet'>
2021-07-21 02:30:42,039 | 17464 | tracing_net.util.packet_capture, _packet_handler, 72 | DEBUG | sniff 1626834641.923847384 : <class 'pyshark.packet.packet.Packet'>
2021-07-21 02:30:42,041 | 17460 | tracing_net.util.packet_capture, _packet_handler, 72 | DEBUG | sniff 1626834641.923546636 : <class 'pyshark.packet.packet.Packet'>
2021-07-21 02:30:42,053 | 17462 | tracing_net.util.packet_capture, _packet_handler, 72 | DEBUG | sniff 1626834641.219389558 : <class 'pyshark.packet.packet.Packet'>
2021-07-21 02:30:42,058 | 17462 | tracing_net.util.packet_capture, _packet_handler, 72 | DEBUG | sniff 1626834641.957945898 : <class 'pyshark.packet.packet.Packet'>
2021-07-21 02:30:42,134 | 17336 | tracing_of_pipeline, _handle_child_conn, 113 | DEBUG | get from ofcapture <Message msg_name=OFPT_PACKET_IN of_msg=PacketIn(xid=UBInt32(0)) timestamp=1626834642.131572 local_port=55516 datapath_id=1>
2021-07-21 02:30:42,138 | 17336 | tracing_of_pipeline, _handle_child_conn, 113 | DEBUG | get from ofcapture <Message msg_name=OFPT_PACKET_OUT of_msg=PacketOut(xid=UBInt32(3880978639)) timestamp=1626834642.134162 local_port=55516 datapath_id=1>
2021-07-21 02:30:42,163 | 17468 | tracing_net.flowtable.flow_monitor, dump_flows, 57 | DEBUG | dump flows on s1
2021-07-21 02:30:42,172 | 17468 | tracing_net.flowtable.flow_monitor, read_dump_flow, 73 | DEBUG | get result for dump flow 1626834642.168686 : ['OFPST_FLOW reply (OF1.3) (xid=0x2):', ' cookie=0x0, duration=1.333s, table=0, n_packets=1, n_bytes=107, priority=0 actions=CONTROLLER:65535']
2021-07-21 02:30:42,173 | 17468 | tracing_net.flowtable.flow_monitor, read_dump_flow, 78 | DEBUG | parsed result to table 1626834642.168686 : <FlowTables(datapath=0, timestamp=1626834642.168686, flows=[<Flow(table=0, priority=0, match={}, actions=[<InstructionApplyAction type=4>])>])>
2021-07-21 02:30:42,174 | 17336 | tracing_net.flowtable.table_repository, add, 88 | DEBUG | Table repo added table <FlowTables(datapath=0, timestamp=1626834642.168686, flows=[<Flow(table=0, priority=0, match={}, actions=[<InstructionApplyAction type=4>])>])>
2021-07-21 02:30:42,186 | 17336 | tracing_of_pipeline, _handle_child_conn, 113 | DEBUG | get from ofcapture <Message msg_name=OFPT_PACKET_IN of_msg=PacketIn(xid=UBInt32(0)) timestamp=1626834642.180382 local_port=55516 datapath_id=1>
2021-07-21 02:30:42,188 | 17336 | tracing_of_pipeline, _handle_child_conn, 113 | DEBUG | get from ofcapture <Message msg_name=OFPT_PACKET_OUT of_msg=PacketOut(xid=UBInt32(3880978640)) timestamp=1626834642.185181 local_port=55516 datapath_id=1>
2021-07-21 02:30:42,201 | 17471 | tracing_net.flowtable.flow_monitor, dump_flows, 57 | DEBUG | dump flows on s2
2021-07-21 02:30:42,213 | 17471 | tracing_net.flowtable.flow_monitor, read_dump_flow, 73 | DEBUG | get result for dump flow 1626834642.207492 : ['OFPST_FLOW reply (OF1.3) (xid=0x2):', ' cookie=0x0, duration=1.381s, table=0, n_packets=1, n_bytes=107, priority=0 actions=CONTROLLER:65535']
2021-07-21 02:30:42,215 | 17336 | tracing_net.flowtable.table_repository, add, 88 | DEBUG | Table repo added table <FlowTables(datapath=0, timestamp=1626834642.207492, flows=[<Flow(table=0, priority=0, match={}, actions=[<InstructionApplyAction type=4>])>])>
2021-07-21 02:30:42,216 | 17471 | tracing_net.flowtable.flow_monitor, read_dump_flow, 78 | DEBUG | parsed result to table 1626834642.207492 : <FlowTables(datapath=0, timestamp=1626834642.207492, flows=[<Flow(table=0, priority=0, match={}, actions=[<InstructionApplyAction type=4>])>])>
2021-07-21 02:30:42,290 | 17460 | tracing_net.util.packet_capture, _packet_handler, 72 | DEBUG | sniff 1626834641.982932221 : <class 'pyshark.packet.packet.Packet'>
2021-07-21 02:30:42,295 | 17460 | tracing_net.util.packet_capture, _packet_handler, 72 | DEBUG | sniff 1626834642.134037242 : <class 'pyshark.packet.packet.Packet'>
2021-07-21 02:30:42,311 | 17462 | tracing_net.util.packet_capture, _packet_handler, 72 | DEBUG | sniff 1626834641.958604265 : <class 'pyshark.packet.packet.Packet'>
2021-07-21 02:30:42,315 | 17462 | tracing_net.util.packet_capture, _packet_handler, 72 | DEBUG | sniff 1626834642.130863609 : <class 'pyshark.packet.packet.Packet'>
2021-07-21 02:30:42,389 | 17336 | tracing_of_pipeline, _handle_child_conn, 113 | DEBUG | get from ofcapture <Message msg_name=OFPT_PACKET_IN of_msg=PacketIn(xid=UBInt32(0)) timestamp=1626834642.385286 local_port=55518 datapath_id=2>
2021-07-21 02:30:42,392 | 17336 | tracing_of_pipeline, _handle_child_conn, 113 | DEBUG | get from ofcapture <Message msg_name=OFPT_PACKET_OUT of_msg=PacketOut(xid=UBInt32(3884972503)) timestamp=1626834642.389344 local_port=55518 datapath_id=2>
2021-07-21 02:30:42,447 | 17336 | tracing_of_pipeline, _handle_child_conn, 113 | DEBUG | get from ofcapture <Message msg_name=OFPT_PACKET_IN of_msg=PacketIn(xid=UBInt32(0)) timestamp=1626834642.438222 local_port=55518 datapath_id=2>
2021-07-21 02:30:42,449 | 17336 | tracing_of_pipeline, _handle_child_conn, 113 | DEBUG | get from ofcapture <Message msg_name=OFPT_PACKET_OUT of_msg=PacketOut(xid=UBInt32(3884972504)) timestamp=1626834642.44667 local_port=55518 datapath_id=2>
2021-07-21 02:30:42,536 | 17464 | tracing_net.util.packet_capture, _packet_handler, 72 | DEBUG | sniff 1626834641.982486310 : <class 'pyshark.packet.packet.Packet'>
2021-07-21 02:30:42,541 | 17464 | tracing_net.util.packet_capture, _packet_handler, 72 | DEBUG | sniff 1626834642.389197673 : <class 'pyshark.packet.packet.Packet'>
2021-07-21 02:30:42,544 | 17464 | tracing_net.util.packet_capture, _packet_handler, 72 | DEBUG | sniff 1626834642.435608191 : <class 'pyshark.packet.packet.Packet'>
2021-07-21 02:30:42,547 | 17464 | tracing_net.util.packet_capture, _packet_handler, 72 | DEBUG | sniff 1626834642.446540578 : <class 'pyshark.packet.packet.Packet'>
2021-07-21 02:30:42,575 | 17462 | tracing_net.util.packet_capture, _packet_handler, 72 | DEBUG | sniff 1626834642.179760337 : <class 'pyshark.packet.packet.Packet'>
2021-07-21 02:30:42,579 | 17462 | tracing_net.util.packet_capture, _packet_handler, 72 | DEBUG | sniff 1626834642.384351033 : <class 'pyshark.packet.packet.Packet'>
2021-07-21 02:30:42,771 | 17336 | tracing_of_pipeline, _handle_child_conn, 113 | DEBUG | get from ofcapture <Message msg_name=OFPT_PACKET_IN of_msg=PacketIn(xid=UBInt32(0)) timestamp=1626834642.749169 local_port=55516 datapath_id=1>
2021-07-21 02:30:42,784 | 17336 | tracing_of_pipeline, _handle_child_conn, 113 | DEBUG | get from ofcapture <Message msg_name=OFPT_PACKET_OUT of_msg=PacketOut(xid=UBInt32(3880978641)) timestamp=1626834642.765717 local_port=55516 datapath_id=1>
2021-07-21 02:30:42,797 | 17336 | tracing_of_pipeline, _handle_child_conn, 113 | DEBUG | get from ofcapture <Message msg_name=OFPT_PACKET_IN of_msg=PacketIn(xid=UBInt32(0)) timestamp=1626834642.778218 local_port=55518 datapath_id=2>
2021-07-21 02:30:42,800 | 17336 | tracing_of_pipeline, _handle_child_conn, 113 | DEBUG | get from ofcapture <Message msg_name=OFPT_PACKET_OUT of_msg=PacketOut(xid=UBInt32(3884972505)) timestamp=1626834642.789596 local_port=55518 datapath_id=2>
2021-07-21 02:30:42,808 | 17460 | tracing_net.util.packet_capture, _packet_handler, 72 | DEBUG | sniff 1626834642.184972594 : <class 'pyshark.packet.packet.Packet'>
2021-07-21 02:30:42,815 | 17471 | tracing_net.flowtable.flow_monitor, flow_monitor, 89 | DEBUG | flow monitor get result {'msg_type': 'NXST_FLOW_MONITOR', 'type': 'reply', 'xid': '0x0'}
2021-07-21 02:30:42,816 | 17471 | tracing_net.flowtable.flow_monitor, flow_monitor, 89 | DEBUG | flow monitor get result {'event': 'ADDED', 'table': '0', 'cookie': '0', 'in_port': '2,dl_src', 'actions': 'output:1'}
2021-07-21 02:30:42,820 | 17336 | tracing_of_pipeline, _handle_child_conn, 113 | DEBUG | get from ofcapture <Message msg_name=OFPT_PACKET_IN of_msg=PacketIn(xid=UBInt32(0)) timestamp=1626834642.79509 local_port=55518 datapath_id=2>
2021-07-21 02:30:42,825 | 17462 | tracing_net.util.packet_capture, _packet_handler, 72 | DEBUG | sniff 1626834642.435210693 : <class 'pyshark.packet.packet.Packet'>
2021-07-21 02:30:42,833 | 17336 | tracing_of_pipeline, _handle_child_conn, 113 | DEBUG | get from ofcapture <Message msg_name=OFPT_PACKET_OUT of_msg=PacketOut(xid=UBInt32(3884972507)) timestamp=1626834642.822798 local_port=55518 datapath_id=2>
2021-07-21 02:30:42,859 | 17468 | tracing_net.flowtable.flow_monitor, flow_monitor, 89 | DEBUG | flow monitor get result {'msg_type': 'NXST_FLOW_MONITOR', 'type': 'reply', 'xid': '0x0'}
2021-07-21 02:30:42,868 | 17468 | tracing_net.flowtable.flow_monitor, flow_monitor, 89 | DEBUG | flow monitor get result {'event': 'ADDED', 'table': '0', 'cookie': '0', 'in_port': '2,dl_src', 'actions': 'output:1'}
2021-07-21 02:30:42,876 | 17336 | tracing_of_pipeline, _handle_child_conn, 113 | DEBUG | get from ofcapture <Message msg_name=OFPT_PACKET_IN of_msg=PacketIn(xid=UBInt32(0)) timestamp=1626834642.84253 local_port=55516 datapath_id=1>
2021-07-21 02:30:42,907 | 17468 | tracing_net.flowtable.flow_monitor, flow_monitor, 89 | DEBUG | flow monitor get result {'msg_type': 'NXST_FLOW_MONITOR', 'type': 'reply', 'xid': '0x0'}
2021-07-21 02:30:42,908 | 17468 | tracing_net.flowtable.flow_monitor, flow_monitor, 89 | DEBUG | flow monitor get result {'event': 'ADDED', 'table': '0', 'cookie': '0', 'in_port': '1,dl_src', 'actions': 'output:2'}
2021-07-21 02:30:42,933 | 17471 | tracing_net.flowtable.flow_monitor, flow_monitor, 89 | DEBUG | flow monitor get result {'msg_type': 'NXST_FLOW_MONITOR', 'type': 'reply', 'xid': '0x0'}
2021-07-21 02:30:42,935 | 17471 | tracing_net.flowtable.flow_monitor, flow_monitor, 89 | DEBUG | flow monitor get result {'event': 'ADDED', 'table': '0', 'cookie': '0', 'in_port': '1,dl_src', 'actions': 'output:2'}
2021-07-21 02:30:43,049 | 17460 | tracing_net.util.packet_capture, _packet_handler, 72 | DEBUG | sniff 1626834642.748394893 : <class 'pyshark.packet.packet.Packet'>
2021-07-21 02:30:43,055 | 17464 | tracing_net.util.packet_capture, _packet_handler, 72 | DEBUG | sniff 1626834642.486094852 : <class 'pyshark.packet.packet.Packet'>
2021-07-21 02:30:43,061 | 17460 | tracing_net.util.packet_capture, _packet_handler, 72 | DEBUG | sniff 1626834642.856547581 : <class 'pyshark.packet.packet.Packet'>
2021-07-21 02:30:43,066 | 17464 | tracing_net.util.packet_capture, _packet_handler, 72 | DEBUG | sniff 1626834642.789886096 : <class 'pyshark.packet.packet.Packet'>
2021-07-21 02:30:43,069 | 17460 | tracing_net.util.packet_capture, _packet_handler, 72 | DEBUG | sniff 1626834642.856566157 : <class 'pyshark.packet.packet.Packet'>
2021-07-21 02:30:43,074 | 17464 | tracing_net.util.packet_capture, _packet_handler, 72 | DEBUG | sniff 1626834642.789929382 : <class 'pyshark.packet.packet.Packet'>
2021-07-21 02:30:43,076 | 17462 | tracing_net.util.packet_capture, _packet_handler, 72 | DEBUG | sniff 1626834642.768487677 : <class 'pyshark.packet.packet.Packet'>
2021-07-21 02:30:43,081 | 17460 | tracing_net.util.packet_capture, _packet_handler, 72 | DEBUG | sniff 1626834642.934311417 : <class 'pyshark.packet.packet.Packet'>
2021-07-21 02:30:43,092 | 17462 | tracing_net.util.packet_capture, _packet_handler, 72 | DEBUG | sniff 1626834642.823074986 : <class 'pyshark.packet.packet.Packet'>
2021-07-21 02:30:43,094 | 17460 | tracing_net.util.packet_capture, _packet_handler, 72 | DEBUG | sniff 1626834642.984274263 : <class 'pyshark.packet.packet.Packet'>
2021-07-21 02:30:43,102 | 17464 | tracing_net.util.packet_capture, _packet_handler, 72 | DEBUG | sniff 1626834642.933167060 : <class 'pyshark.packet.packet.Packet'>
2021-07-21 02:30:43,105 | 17462 | tracing_net.util.packet_capture, _packet_handler, 72 | DEBUG | sniff 1626834642.905865973 : <class 'pyshark.packet.packet.Packet'>
2021-07-21 02:30:43,109 | 17464 | tracing_net.util.packet_capture, _packet_handler, 72 | DEBUG | sniff 1626834642.934037301 : <class 'pyshark.packet.packet.Packet'>
2021-07-21 02:30:43,112 | 17462 | tracing_net.util.packet_capture, _packet_handler, 72 | DEBUG | sniff 1626834642.934212798 : <class 'pyshark.packet.packet.Packet'>
2021-07-21 02:30:43,115 | 17464 | tracing_net.util.packet_capture, _packet_handler, 72 | DEBUG | sniff 1626834642.984253679 : <class 'pyshark.packet.packet.Packet'>
2021-07-21 02:30:43,118 | 17462 | tracing_net.util.packet_capture, _packet_handler, 72 | DEBUG | sniff 1626834642.984268502 : <class 'pyshark.packet.packet.Packet'>
2021-07-21 02:30:43,164 | 17468 | tracing_net.flowtable.flow_monitor, dump_flows, 57 | DEBUG | dump flows on s1
2021-07-21 02:30:43,172 | 17336 | tracing_of_pipeline.analyzer, _poll_packet_inout_repo, 310 | DEBUG | tmp_p = [<Message msg_name=OFPT_PACKET_IN of_msg=PacketIn(xid=UBInt32(0)) timestamp=1626834641.095152 local_port=55516 datapath_id=1>, <Message msg_name=OFPT_PACKET_OUT of_msg=PacketOut(xid=UBInt32(3880978636)) timestamp=1626834641.098931 local_port=55516 datapath_id=1>], s_dpip = 1
2021-07-21 02:30:43,173 | 17336 | tracing_of_pipeline.analyzer, _poll_packet_inout_repo, 310 | DEBUG | tmp_p = [], s_dpip = 2
2021-07-21 02:30:43,174 | 17336 | tracing_of_pipeline.analyzer, _polling, 283 | DEBUG | polled (start_time=1626834637.168486, until=2) values = {'l2': [<Msg captured_interface=s1-eth1, sniff_timestamp=1626834639.4382122, pkt=<UDP/MDNS_RAW Packet>, in_port=s1-eth1, in_phy_port=s1-eth1>, <Msg captured_interface=s1-eth1, sniff_timestamp=1626834640.524917, pkt=<UDP/MDNS_RAW Packet>, in_port=s1-eth1, in_phy_port=s1-eth1>, <Msg captured_interface=s1-eth1, sniff_timestamp=1626834641.0987043, pkt=<UDP/MDNS_RAW Packet>, in_port=s1-eth1, in_phy_port=s1-eth1>, <Msg captured_interface=s1-eth1, sniff_timestamp=1626834641.1585526, pkt=<ICMPV6_RAW Packet>, in_port=s1-eth1, in_phy_port=s1-eth1>], 'l1': [<Msg captured_interface=s1-eth2, sniff_timestamp=1626834639.9944172, pkt=<UDP/MDNS_RAW Packet>, in_port=s1-eth2, in_phy_port=s1-eth2>, <Msg captured_interface=s1-eth2, sniff_timestamp=1626834640.248918, pkt=<UDP/MDNS_RAW Packet>, in_port=s1-eth2, in_phy_port=s1-eth2>, <Msg captured_interface=s1-eth2, sniff_timestamp=1626834641.094031, pkt=<UDP/MDNS_RAW Packet>, in_port=s1-eth2, in_phy_port=s1-eth2>], 'l3': [<Msg captured_interface=s2-eth2, sniff_timestamp=1626834639.3794196, pkt=<UDP/MDNS_RAW Packet>, in_port=s2-eth2, in_phy_port=s2-eth2>, <Msg captured_interface=s2-eth2, sniff_timestamp=1626834640.3502502, pkt=<UDP/MDNS_RAW Packet>, in_port=s2-eth2, in_phy_port=s2-eth2>]} {} {'s1': [<Message msg_name=OFPT_PACKET_IN of_msg=PacketIn(xid=UBInt32(0)) timestamp=1626834641.095152 local_port=55516 datapath_id=1>, <Message msg_name=OFPT_PACKET_OUT of_msg=PacketOut(xid=UBInt32(3880978636)) timestamp=1626834641.098931 local_port=55516 datapath_id=1>], 's2': []}
2021-07-21 02:30:43,175 | 17336 | tracing_of_pipeline.analyzer, analyze, 105 | DEBUG | I will processing packetout(<Message msg_name=OFPT_PACKET_OUT of_msg=PacketOut(xid=UBInt32(3880978636)) timestamp=1626834641.098931 local_port=55516 datapath_id=1>)
2021-07-21 02:30:43,176 | 17336 | tracing_of_pipeline.analyzer, analyze, 109 | DEBUG | packet out's in_port 2
2021-07-21 02:30:43,178 | 17336 | tracing_of_pipeline.analyzer, analyze, 138 | DEBUG | get trace [{'src': 'controller', 'msg': 'PacketOut(xid=UBInt32(3880978636))', 'edge': None, 'dst': 's1'}, {'src': 's1', 'msg': '<ICMPV6_RAW Packet>', 'edge': 'l2', 'dst': 'h1'}]
2021-07-21 02:30:43,179 | 17336 | tracing_of_pipeline.analyzer, analyze, 153 | DEBUG | terminal edge host=h1, switch=s1, switch_port=s1-eth1
2021-07-21 02:30:43,180 | 17336 | tracing_of_pipeline.analyzer, BFS, 185 | DEBUG | processing msg <Msg captured_interface=s1-eth1, sniff_timestamp=1626834639.4382122, pkt=<UDP/MDNS_RAW Packet>, in_port=1, in_phy_port=s1-eth1>
2021-07-21 02:30:43,185 | 17336 | tracing_of_pipeline.analyzer, BFS, 248 | DEBUG | dst None is not flowtable
2021-07-21 02:30:43,187 | 17336 | tracing_of_pipeline.analyzer, analyze, 162 | DEBUG | get trace [{'src': 'h1', 'msg': '<UDP/MDNS_RAW Packet>', 'edge': 'l2', 'dst': None}]
2021-07-21 02:30:43,190 | 17336 | tracing_of_pipeline.analyzer, analyze, 153 | DEBUG | terminal edge host=h1, switch=s1, switch_port=s1-eth1
2021-07-21 02:30:43,191 | 17336 | tracing_of_pipeline.analyzer, BFS, 185 | DEBUG | processing msg <Msg captured_interface=s1-eth1, sniff_timestamp=1626834640.524917, pkt=<UDP/MDNS_RAW Packet>, in_port=1, in_phy_port=s1-eth1>
2021-07-21 02:30:43,190 | 17468 | tracing_net.flowtable.flow_monitor, read_dump_flow, 73 | DEBUG | get result for dump flow 1626834643.178995 : ['OFPST_FLOW reply (OF1.3) (xid=0x2):', ' cookie=0x0, duration=0.328s, table=0, n_packets=1, n_bytes=98, priority=1,in_port=2,dl_src=9e:02:87:fe:81:45,dl_dst=26:60:ce:06:48:65 actions=output:1', ' cookie=0x0, duration=0.279s, table=0, n_packets=1, n_bytes=98, priority=1,in_port=1,dl_src=26:60:ce:06:48:65,dl_dst=9e:02:87:fe:81:45 actions=output:2', ' cookie=0x0, duration=2.345s, table=0, n_packets=8, n_bytes=712, priority=0 actions=CONTROLLER:65535']
2021-07-21 02:30:43,193 | 17468 | tracing_net.flowtable.flow_monitor, read_dump_flow, 78 | DEBUG | parsed result to table 1626834643.178995 : <FlowTables(datapath=0, timestamp=1626834643.178995, flows=[<Flow(table=0, priority=1, match={'in_port': {'value': 2, 'mask': None}, 'dl_src': {'value': '9e:02:87:fe:81:45', 'mask': None}, 'dl_dst': {'value': '26:60:ce:06:48:65', 'mask': None}}, actions=[<InstructionApplyAction type=4>])>, <Flow(table=0, priority=1, match={'in_port': {'value': 1, 'mask': None}, 'dl_src': {'value': '26:60:ce:06:48:65', 'mask': None}, 'dl_dst': {'value': '9e:02:87:fe:81:45', 'mask': None}}, actions=[<InstructionApplyAction type=4>])>, <Flow(table=0, priority=0, match={}, actions=[<InstructionApplyAction type=4>])>])>
2021-07-21 02:30:43,195 | 17336 | tracing_net.flowtable.table_repository, add, 88 | DEBUG | Table repo added table <FlowTables(datapath=0, timestamp=1626834643.178995, flows=[<Flow(table=0, priority=1, match={'in_port': {'value': 2, 'mask': None}, 'dl_src': {'value': '9e:02:87:fe:81:45', 'mask': None}, 'dl_dst': {'value': '26:60:ce:06:48:65', 'mask': None}}, actions=[<InstructionApplyAction type=4>])>, <Flow(table=0, priority=1, match={'in_port': {'value': 1, 'mask': None}, 'dl_src': {'value': '26:60:ce:06:48:65', 'mask': None}, 'dl_dst': {'value': '9e:02:87:fe:81:45', 'mask': None}}, actions=[<InstructionApplyAction type=4>])>, <Flow(table=0, priority=0, match={}, actions=[<InstructionApplyAction type=4>])>])>
2021-07-21 02:30:43,194 | 17336 | tracing_of_pipeline.analyzer, BFS, 248 | DEBUG | dst None is not flowtable
2021-07-21 02:30:43,195 | 17336 | tracing_of_pipeline.analyzer, analyze, 162 | DEBUG | get trace [{'src': 'h1', 'msg': '<UDP/MDNS_RAW Packet>', 'edge': 'l2', 'dst': None}]
2021-07-21 02:30:43,196 | 17336 | tracing_of_pipeline.analyzer, analyze, 153 | DEBUG | terminal edge host=h1, switch=s1, switch_port=s1-eth1
2021-07-21 02:30:43,196 | 17336 | tracing_of_pipeline.analyzer, BFS, 185 | DEBUG | processing msg <Msg captured_interface=s1-eth1, sniff_timestamp=1626834641.0987043, pkt=<UDP/MDNS_RAW Packet>, in_port=1, in_phy_port=s1-eth1>
2021-07-21 02:30:43,199 | 17336 | tracing_of_pipeline.analyzer, BFS, 248 | DEBUG | dst None is not flowtable
2021-07-21 02:30:43,200 | 17336 | tracing_of_pipeline.analyzer, analyze, 162 | DEBUG | get trace [{'src': 'h1', 'msg': '<UDP/MDNS_RAW Packet>', 'edge': 'l2', 'dst': None}]
2021-07-21 02:30:43,201 | 17471 | tracing_net.flowtable.flow_monitor, dump_flows, 57 | DEBUG | dump flows on s2
2021-07-21 02:30:43,201 | 17336 | tracing_of_pipeline.analyzer, analyze, 153 | DEBUG | terminal edge host=h1, switch=s1, switch_port=s1-eth1
2021-07-21 02:30:43,205 | 17336 | tracing_of_pipeline.analyzer, BFS, 185 | DEBUG | processing msg <Msg captured_interface=s1-eth1, sniff_timestamp=1626834641.1585526, pkt=<ICMPV6_RAW Packet>, in_port=1, in_phy_port=s1-eth1>
2021-07-21 02:30:43,206 | 17336 | tracing_of_pipeline.analyzer, BFS, 248 | DEBUG | dst None is not flowtable
2021-07-21 02:30:43,207 | 17336 | tracing_of_pipeline.analyzer, analyze, 162 | DEBUG | get trace [{'src': 'h1', 'msg': '<ICMPV6_RAW Packet>', 'edge': 'l2', 'dst': None}]
2021-07-21 02:30:43,208 | 17336 | tracing_of_pipeline.analyzer, analyze, 164 | WARNING | Packet <Msg captured_interface=s1-eth2, sniff_timestamp=1626834639.9944172, pkt=<UDP/MDNS_RAW Packet>, in_port=s1-eth2, in_phy_port=s1-eth2> is not terminal edge
2021-07-21 02:30:43,209 | 17336 | tracing_of_pipeline.analyzer, analyze, 164 | WARNING | Packet <Msg captured_interface=s1-eth2, sniff_timestamp=1626834640.248918, pkt=<UDP/MDNS_RAW Packet>, in_port=s1-eth2, in_phy_port=s1-eth2> is not terminal edge
2021-07-21 02:30:43,209 | 17336 | tracing_of_pipeline.analyzer, analyze, 164 | WARNING | Packet <Msg captured_interface=s1-eth2, sniff_timestamp=1626834641.094031, pkt=<UDP/MDNS_RAW Packet>, in_port=s1-eth2, in_phy_port=s1-eth2> is not terminal edge
2021-07-21 02:30:43,210 | 17336 | tracing_of_pipeline.analyzer, analyze, 153 | DEBUG | terminal edge host=h2, switch=s2, switch_port=s2-eth2
2021-07-21 02:30:43,211 | 17336 | tracing_of_pipeline.analyzer, BFS, 185 | DEBUG | processing msg <Msg captured_interface=s2-eth2, sniff_timestamp=1626834639.3794196, pkt=<UDP/MDNS_RAW Packet>, in_port=2, in_phy_port=s2-eth2>
2021-07-21 02:30:43,214 | 17336 | tracing_of_pipeline.analyzer, BFS, 248 | DEBUG | dst None is not flowtable
2021-07-21 02:30:43,215 | 17336 | tracing_of_pipeline.analyzer, analyze, 162 | DEBUG | get trace [{'src': 'h2', 'msg': '<UDP/MDNS_RAW Packet>', 'edge': 'l3', 'dst': None}]
2021-07-21 02:30:43,215 | 17336 | tracing_of_pipeline.analyzer, analyze, 153 | DEBUG | terminal edge host=h2, switch=s2, switch_port=s2-eth2
2021-07-21 02:30:43,216 | 17336 | tracing_of_pipeline.analyzer, BFS, 185 | DEBUG | processing msg <Msg captured_interface=s2-eth2, sniff_timestamp=1626834640.3502502, pkt=<UDP/MDNS_RAW Packet>, in_port=2, in_phy_port=s2-eth2>
2021-07-21 02:30:43,218 | 17336 | tracing_of_pipeline.analyzer, BFS, 248 | DEBUG | dst None is not flowtable
2021-07-21 02:30:43,219 | 17336 | tracing_of_pipeline.analyzer, analyze, 162 | DEBUG | get trace [{'src': 'h2', 'msg': '<UDP/MDNS_RAW Packet>', 'edge': 'l3', 'dst': None}]
2021-07-21 02:30:43,221 | 17471 | tracing_net.flowtable.flow_monitor, read_dump_flow, 73 | DEBUG | get result for dump flow 1626834643.207104 : ['OFPST_FLOW reply (OF1.3) (xid=0x2):', ' cookie=0x0, duration=0.406s, table=0, n_packets=1, n_bytes=98, priority=1,in_port=2,dl_src=9e:02:87:fe:81:45,dl_dst=26:60:ce:06:48:65 actions=output:1', ' cookie=0x0, duration=0.288s, table=0, n_packets=1, n_bytes=98, priority=1,in_port=1,dl_src=26:60:ce:06:48:65,dl_dst=9e:02:87:fe:81:45 actions=output:2', ' cookie=0x0, duration=2.390s, table=0, n_packets=8, n_bytes=712, priority=0 actions=CONTROLLER:65535']
2021-07-21 02:30:43,222 | 17471 | tracing_net.flowtable.flow_monitor, read_dump_flow, 78 | DEBUG | parsed result to table 1626834643.207104 : <FlowTables(datapath=0, timestamp=1626834643.207104, flows=[<Flow(table=0, priority=1, match={'in_port': {'value': 2, 'mask': None}, 'dl_src': {'value': '9e:02:87:fe:81:45', 'mask': None}, 'dl_dst': {'value': '26:60:ce:06:48:65', 'mask': None}}, actions=[<InstructionApplyAction type=4>])>, <Flow(table=0, priority=1, match={'in_port': {'value': 1, 'mask': None}, 'dl_src': {'value': '26:60:ce:06:48:65', 'mask': None}, 'dl_dst': {'value': '9e:02:87:fe:81:45', 'mask': None}}, actions=[<InstructionApplyAction type=4>])>, <Flow(table=0, priority=0, match={}, actions=[<InstructionApplyAction type=4>])>])>
2021-07-21 02:30:43,223 | 17336 | tracing_net.flowtable.table_repository, add, 88 | DEBUG | Table repo added table <FlowTables(datapath=0, timestamp=1626834643.207104, flows=[<Flow(table=0, priority=1, match={'in_port': {'value': 2, 'mask': None}, 'dl_src': {'value': '9e:02:87:fe:81:45', 'mask': None}, 'dl_dst': {'value': '26:60:ce:06:48:65', 'mask': None}}, actions=[<InstructionApplyAction type=4>])>, <Flow(table=0, priority=1, match={'in_port': {'value': 1, 'mask': None}, 'dl_src': {'value': '26:60:ce:06:48:65', 'mask': None}, 'dl_dst': {'value': '9e:02:87:fe:81:45', 'mask': None}}, actions=[<InstructionApplyAction type=4>])>, <Flow(table=0, priority=0, match={}, actions=[<InstructionApplyAction type=4>])>])>
2021-07-21 02:30:44,164 | 17468 | tracing_net.flowtable.flow_monitor, dump_flows, 57 | DEBUG | dump flows on s1
2021-07-21 02:30:44,176 | 17468 | tracing_net.flowtable.flow_monitor, read_dump_flow, 73 | DEBUG | get result for dump flow 1626834644.171741 : ['OFPST_FLOW reply (OF1.3) (xid=0x2):', ' cookie=0x0, duration=1.319s, table=0, n_packets=2, n_bytes=196, priority=1,in_port=2,dl_src=9e:02:87:fe:81:45,dl_dst=26:60:ce:06:48:65 actions=output:1', ' cookie=0x0, duration=1.270s, table=0, n_packets=1, n_bytes=98, priority=1,in_port=1,dl_src=26:60:ce:06:48:65,dl_dst=9e:02:87:fe:81:45 actions=output:2', ' cookie=0x0, duration=3.336s, table=0, n_packets=8, n_bytes=712, priority=0 actions=CONTROLLER:65535']
2021-07-21 02:30:44,177 | 17468 | tracing_net.flowtable.flow_monitor, read_dump_flow, 78 | DEBUG | parsed result to table 1626834644.171741 : <FlowTables(datapath=0, timestamp=1626834644.171741, flows=[<Flow(table=0, priority=1, match={'in_port': {'value': 2, 'mask': None}, 'dl_src': {'value': '9e:02:87:fe:81:45', 'mask': None}, 'dl_dst': {'value': '26:60:ce:06:48:65', 'mask': None}}, actions=[<InstructionApplyAction type=4>])>, <Flow(table=0, priority=1, match={'in_port': {'value': 1, 'mask': None}, 'dl_src': {'value': '26:60:ce:06:48:65', 'mask': None}, 'dl_dst': {'value': '9e:02:87:fe:81:45', 'mask': None}}, actions=[<InstructionApplyAction type=4>])>, <Flow(table=0, priority=0, match={}, actions=[<InstructionApplyAction type=4>])>])>
2021-07-21 02:30:44,177 | 17336 | tracing_net.flowtable.table_repository, add, 88 | DEBUG | Table repo added table <FlowTables(datapath=0, timestamp=1626834644.171741, flows=[<Flow(table=0, priority=1, match={'in_port': {'value': 2, 'mask': None}, 'dl_src': {'value': '9e:02:87:fe:81:45', 'mask': None}, 'dl_dst': {'value': '26:60:ce:06:48:65', 'mask': None}}, actions=[<InstructionApplyAction type=4>])>, <Flow(table=0, priority=1, match={'in_port': {'value': 1, 'mask': None}, 'dl_src': {'value': '26:60:ce:06:48:65', 'mask': None}, 'dl_dst': {'value': '9e:02:87:fe:81:45', 'mask': None}}, actions=[<InstructionApplyAction type=4>])>, <Flow(table=0, priority=0, match={}, actions=[<InstructionApplyAction type=4>])>])>
2021-07-21 02:30:44,203 | 17471 | tracing_net.flowtable.flow_monitor, dump_flows, 57 | DEBUG | dump flows on s2
2021-07-21 02:30:44,218 | 17471 | tracing_net.flowtable.flow_monitor, read_dump_flow, 73 | DEBUG | get result for dump flow 1626834644.213337 : ['OFPST_FLOW reply (OF1.3) (xid=0x2):', ' cookie=0x0, duration=1.403s, table=0, n_packets=2, n_bytes=196, priority=1,in_port=2,dl_src=9e:02:87:fe:81:45,dl_dst=26:60:ce:06:48:65 actions=output:1', ' cookie=0x0, duration=1.285s, table=0, n_packets=1, n_bytes=98, priority=1,in_port=1,dl_src=26:60:ce:06:48:65,dl_dst=9e:02:87:fe:81:45 actions=output:2', ' cookie=0x0, duration=3.387s, table=0, n_packets=8, n_bytes=712, priority=0 actions=CONTROLLER:65535']
2021-07-21 02:30:44,220 | 17471 | tracing_net.flowtable.flow_monitor, read_dump_flow, 78 | DEBUG | parsed result to table 1626834644.213337 : <FlowTables(datapath=0, timestamp=1626834644.213337, flows=[<Flow(table=0, priority=1, match={'in_port': {'value': 2, 'mask': None}, 'dl_src': {'value': '9e:02:87:fe:81:45', 'mask': None}, 'dl_dst': {'value': '26:60:ce:06:48:65', 'mask': None}}, actions=[<InstructionApplyAction type=4>])>, <Flow(table=0, priority=1, match={'in_port': {'value': 1, 'mask': None}, 'dl_src': {'value': '26:60:ce:06:48:65', 'mask': None}, 'dl_dst': {'value': '9e:02:87:fe:81:45', 'mask': None}}, actions=[<InstructionApplyAction type=4>])>, <Flow(table=0, priority=0, match={}, actions=[<InstructionApplyAction type=4>])>])>
2021-07-21 02:30:44,221 | 17336 | tracing_net.flowtable.table_repository, add, 88 | DEBUG | Table repo added table <FlowTables(datapath=0, timestamp=1626834644.213337, flows=[<Flow(table=0, priority=1, match={'in_port': {'value': 2, 'mask': None}, 'dl_src': {'value': '9e:02:87:fe:81:45', 'mask': None}, 'dl_dst': {'value': '26:60:ce:06:48:65', 'mask': None}}, actions=[<InstructionApplyAction type=4>])>, <Flow(table=0, priority=1, match={'in_port': {'value': 1, 'mask': None}, 'dl_src': {'value': '26:60:ce:06:48:65', 'mask': None}, 'dl_dst': {'value': '9e:02:87:fe:81:45', 'mask': None}}, actions=[<InstructionApplyAction type=4>])>, <Flow(table=0, priority=0, match={}, actions=[<InstructionApplyAction type=4>])>])>
2021-07-21 02:30:44,689 | 17460 | tracing_net.util.packet_capture, _packet_handler, 72 | DEBUG | sniff 1626834642.984295592 : <class 'pyshark.packet.packet.Packet'>
2021-07-21 02:30:45,164 | 17468 | tracing_net.flowtable.flow_monitor, dump_flows, 57 | DEBUG | dump flows on s1
2021-07-21 02:30:45,170 | 17336 | tracing_of_pipeline.analyzer, _poll_packet_inout_repo, 310 | DEBUG | tmp_p = [<Message msg_name=OFPT_PACKET_IN of_msg=PacketIn(xid=UBInt32(0)) timestamp=1626834641.939549 local_port=55516 datapath_id=1>, <Message msg_name=OFPT_PACKET_OUT of_msg=PacketOut(xid=UBInt32(3880978637)) timestamp=1626834641.958855 local_port=55516 datapath_id=1>, <Message msg_name=OFPT_PACKET_IN of_msg=PacketIn(xid=UBInt32(0)) timestamp=1626834641.967414 local_port=55516 datapath_id=1>, <Message msg_name=OFPT_PACKET_OUT of_msg=PacketOut(xid=UBInt32(3880978638)) timestamp=1626834641.98306 local_port=55516 datapath_id=1>, <Message msg_name=OFPT_PACKET_IN of_msg=PacketIn(xid=UBInt32(0)) timestamp=1626834642.131572 local_port=55516 datapath_id=1>, <Message msg_name=OFPT_PACKET_OUT of_msg=PacketOut(xid=UBInt32(3880978639)) timestamp=1626834642.134162 local_port=55516 datapath_id=1>, <Message msg_name=OFPT_PACKET_IN of_msg=PacketIn(xid=UBInt32(0)) timestamp=1626834642.180382 local_port=55516 datapath_id=1>, <Message msg_name=OFPT_PACKET_OUT of_msg=PacketOut(xid=UBInt32(3880978640)) timestamp=1626834642.185181 local_port=55516 datapath_id=1>, <Message msg_name=OFPT_PACKET_IN of_msg=PacketIn(xid=UBInt32(0)) timestamp=1626834642.749169 local_port=55516 datapath_id=1>, <Message msg_name=OFPT_PACKET_OUT of_msg=PacketOut(xid=UBInt32(3880978641)) timestamp=1626834642.765717 local_port=55516 datapath_id=1>, <Message msg_name=OFPT_PACKET_IN of_msg=PacketIn(xid=UBInt32(0)) timestamp=1626834642.84253 local_port=55516 datapath_id=1>], s_dpip = 1
2021-07-21 02:30:45,171 | 17336 | tracing_of_pipeline.analyzer, _poll_packet_inout_repo, 310 | DEBUG | tmp_p = [<Message msg_name=OFPT_PACKET_IN of_msg=PacketIn(xid=UBInt32(0)) timestamp=1626834641.219954 local_port=55518 datapath_id=2>, <Message msg_name=OFPT_PACKET_OUT of_msg=PacketOut(xid=UBInt32(3884972500)) timestamp=1626834641.222712 local_port=55518 datapath_id=2>, <Message msg_name=OFPT_PACKET_IN of_msg=PacketIn(xid=UBInt32(0)) timestamp=1626834641.940022 local_port=55518 datapath_id=2>, <Message msg_name=OFPT_PACKET_OUT of_msg=PacketOut(xid=UBInt32(3884972501)) timestamp=1626834641.95817 local_port=55518 datapath_id=2>, <Message msg_name=OFPT_PACKET_IN of_msg=PacketIn(xid=UBInt32(0)) timestamp=1626834641.967272 local_port=55518 datapath_id=2>, <Message msg_name=OFPT_PACKET_OUT of_msg=PacketOut(xid=UBInt32(3884972502)) timestamp=1626834641.982639 local_port=55518 datapath_id=2>, <Message msg_name=OFPT_PACKET_IN of_msg=PacketIn(xid=UBInt32(0)) timestamp=1626834642.385286 local_port=55518 datapath_id=2>, <Message msg_name=OFPT_PACKET_OUT of_msg=PacketOut(xid=UBInt32(3884972503)) timestamp=1626834642.389344 local_port=55518 datapath_id=2>, <Message msg_name=OFPT_PACKET_IN of_msg=PacketIn(xid=UBInt32(0)) timestamp=1626834642.438222 local_port=55518 datapath_id=2>, <Message msg_name=OFPT_PACKET_OUT of_msg=PacketOut(xid=UBInt32(3884972504)) timestamp=1626834642.44667 local_port=55518 datapath_id=2>, <Message msg_name=OFPT_PACKET_IN of_msg=PacketIn(xid=UBInt32(0)) timestamp=1626834642.778218 local_port=55518 datapath_id=2>, <Message msg_name=OFPT_PACKET_OUT of_msg=PacketOut(xid=UBInt32(3884972505)) timestamp=1626834642.789596 local_port=55518 datapath_id=2>, <Message msg_name=OFPT_PACKET_IN of_msg=PacketIn(xid=UBInt32(0)) timestamp=1626834642.79509 local_port=55518 datapath_id=2>, <Message msg_name=OFPT_PACKET_OUT of_msg=PacketOut(xid=UBInt32(3884972507)) timestamp=1626834642.822798 local_port=55518 datapath_id=2>], s_dpip = 2
2021-07-21 02:30:45,172 | 17336 | tracing_of_pipeline.analyzer, _polling, 283 | DEBUG | polled (start_time=1626834637.168486, until=3) values = {'l2': [<Msg captured_interface=s1-eth1, sniff_timestamp=1626834639.4382122, pkt=<UDP/MDNS_RAW Packet>, in_port=1, in_phy_port=s1-eth1>, <Msg captured_interface=s1-eth1, sniff_timestamp=1626834640.524917, pkt=<UDP/MDNS_RAW Packet>, in_port=1, in_phy_port=s1-eth1>, <Msg captured_interface=s1-eth1, sniff_timestamp=1626834641.0987043, pkt=<UDP/MDNS_RAW Packet>, in_port=1, in_phy_port=s1-eth1>, <Msg captured_interface=s1-eth1, sniff_timestamp=1626834641.1585526, pkt=<ICMPV6_RAW Packet>, in_port=1, in_phy_port=s1-eth1>, <Msg captured_interface=s1-eth1, sniff_timestamp=1626834641.5733829, pkt=<UDP/MDNS_RAW Packet>, in_port=s1-eth1, in_phy_port=s1-eth1>, <Msg captured_interface=s1-eth1, sniff_timestamp=1626834641.9235466, pkt=<ICMPV6_RAW Packet>, in_port=s1-eth1, in_phy_port=s1-eth1>, <Msg captured_interface=s1-eth1, sniff_timestamp=1626834641.9829323, pkt=<ICMPV6_RAW Packet>, in_port=s1-eth1, in_phy_port=s1-eth1>, <Msg captured_interface=s1-eth1, sniff_timestamp=1626834642.1340373, pkt=<UDP/MDNS_RAW Packet>, in_port=s1-eth1, in_phy_port=s1-eth1>, <Msg captured_interface=s1-eth1, sniff_timestamp=1626834642.1849725, pkt=<ICMPV6_RAW Packet>, in_port=s1-eth1, in_phy_port=s1-eth1>, <Msg captured_interface=s1-eth1, sniff_timestamp=1626834642.748395, pkt=<ARP_RAW Packet>, in_port=s1-eth1, in_phy_port=s1-eth1>, <Msg captured_interface=s1-eth1, sniff_timestamp=1626834642.8565476, pkt=<ARP_RAW Packet>, in_port=s1-eth1, in_phy_port=s1-eth1>, <Msg captured_interface=s1-eth1, sniff_timestamp=1626834642.8565662, pkt=<ICMP_RAW Packet>, in_port=s1-eth1, in_phy_port=s1-eth1>, <Msg captured_interface=s1-eth1, sniff_timestamp=1626834642.9343114, pkt=<ICMP_RAW Packet>, in_port=s1-eth1, in_phy_port=s1-eth1>, <Msg captured_interface=s1-eth1, sniff_timestamp=1626834642.9842741, pkt=<ICMP_RAW Packet>, in_port=s1-eth1, in_phy_port=s1-eth1>, <Msg captured_interface=s1-eth1, sniff_timestamp=1626834642.9842956, pkt=<ICMP_RAW Packet>, in_port=s1-eth1, in_phy_port=s1-eth1>], 'l1': [<Msg captured_interface=s1-eth2, sniff_timestamp=1626834639.9944172, pkt=<UDP/MDNS_RAW Packet>, in_port=s1-eth2, in_phy_port=s1-eth2>, <Msg captured_interface=s1-eth2, sniff_timestamp=1626834640.248918, pkt=<UDP/MDNS_RAW Packet>, in_port=s1-eth2, in_phy_port=s1-eth2>, <Msg captured_interface=s1-eth2, sniff_timestamp=1626834641.094031, pkt=<UDP/MDNS_RAW Packet>, in_port=s1-eth2, in_phy_port=s1-eth2>, <Msg captured_interface=s1-eth2, sniff_timestamp=1626834641.2193897, pkt=<UDP/MDNS_RAW Packet>, in_port=s1-eth2, in_phy_port=s1-eth2>, <Msg captured_interface=s1-eth2, sniff_timestamp=1626834641.9579458, pkt=<ICMPV6_RAW Packet>, in_port=s1-eth2, in_phy_port=s1-eth2>, <Msg captured_interface=s1-eth2, sniff_timestamp=1626834641.9586043, pkt=<ICMPV6_RAW Packet>, in_port=s1-eth2, in_phy_port=s1-eth2>, <Msg captured_interface=s1-eth2, sniff_timestamp=1626834642.1308637, pkt=<UDP/MDNS_RAW Packet>, in_port=s1-eth2, in_phy_port=s1-eth2>, <Msg captured_interface=s1-eth2, sniff_timestamp=1626834642.1797605, pkt=<ICMPV6_RAW Packet>, in_port=s1-eth2, in_phy_port=s1-eth2>, <Msg captured_interface=s1-eth2, sniff_timestamp=1626834642.384351, pkt=<UDP/MDNS_RAW Packet>, in_port=s1-eth2, in_phy_port=s1-eth2>, <Msg captured_interface=s1-eth2, sniff_timestamp=1626834642.4352107, pkt=<ICMPV6_RAW Packet>, in_port=s1-eth2, in_phy_port=s1-eth2>, <Msg captured_interface=s1-eth2, sniff_timestamp=1626834642.7684877, pkt=<ARP_RAW Packet>, in_port=s1-eth2, in_phy_port=s1-eth2>, <Msg captured_interface=s1-eth2, sniff_timestamp=1626834642.823075, pkt=<ARP_RAW Packet>, in_port=s1-eth2, in_phy_port=s1-eth2>, <Msg captured_interface=s1-eth2, sniff_timestamp=1626834642.905866, pkt=<ICMP_RAW Packet>, in_port=s1-eth2, in_phy_port=s1-eth2>, <Msg captured_interface=s1-eth2, sniff_timestamp=1626834642.9342127, pkt=<ICMP_RAW Packet>, in_port=s1-eth2, in_phy_port=s1-eth2>, <Msg captured_interface=s1-eth2, sniff_timestamp=1626834642.9842684, pkt=<ICMP_RAW Packet>, in_port=s1-eth2, in_phy_port=s1-eth2>], 'l3': [<Msg captured_interface=s2-eth2, sniff_timestamp=1626834639.3794196, pkt=<UDP/MDNS_RAW Packet>, in_port=2, in_phy_port=s2-eth2>, <Msg captured_interface=s2-eth2, sniff_timestamp=1626834640.3502502, pkt=<UDP/MDNS_RAW Packet>, in_port=2, in_phy_port=s2-eth2>, <Msg captured_interface=s2-eth2, sniff_timestamp=1626834641.2226212, pkt=<UDP/MDNS_RAW Packet>, in_port=s2-eth2, in_phy_port=s2-eth2>, <Msg captured_interface=s2-eth2, sniff_timestamp=1626834641.381433, pkt=<UDP/MDNS_RAW Packet>, in_port=s2-eth2, in_phy_port=s2-eth2>, <Msg captured_interface=s2-eth2, sniff_timestamp=1626834641.9238474, pkt=<ICMPV6_RAW Packet>, in_port=s2-eth2, in_phy_port=s2-eth2>, <Msg captured_interface=s2-eth2, sniff_timestamp=1626834641.9824862, pkt=<ICMPV6_RAW Packet>, in_port=s2-eth2, in_phy_port=s2-eth2>, <Msg captured_interface=s2-eth2, sniff_timestamp=1626834642.3891976, pkt=<UDP/MDNS_RAW Packet>, in_port=s2-eth2, in_phy_port=s2-eth2>, <Msg captured_interface=s2-eth2, sniff_timestamp=1626834642.4356081, pkt=<ICMPV6_RAW Packet>, in_port=s2-eth2, in_phy_port=s2-eth2>, <Msg captured_interface=s2-eth2, sniff_timestamp=1626834642.4465406, pkt=<ICMPV6_RAW Packet>, in_port=s2-eth2, in_phy_port=s2-eth2>, <Msg captured_interface=s2-eth2, sniff_timestamp=1626834642.486095, pkt=<UDP/MDNS_RAW Packet>, in_port=s2-eth2, in_phy_port=s2-eth2>, <Msg captured_interface=s2-eth2, sniff_timestamp=1626834642.789886, pkt=<ARP_RAW Packet>, in_port=s2-eth2, in_phy_port=s2-eth2>, <Msg captured_interface=s2-eth2, sniff_timestamp=1626834642.7899294, pkt=<ARP_RAW Packet>, in_port=s2-eth2, in_phy_port=s2-eth2>, <Msg captured_interface=s2-eth2, sniff_timestamp=1626834642.933167, pkt=<ICMP_RAW Packet>, in_port=s2-eth2, in_phy_port=s2-eth2>, <Msg captured_interface=s2-eth2, sniff_timestamp=1626834642.9340372, pkt=<ICMP_RAW Packet>, in_port=s2-eth2, in_phy_port=s2-eth2>, <Msg captured_interface=s2-eth2, sniff_timestamp=1626834642.9842536, pkt=<ICMP_RAW Packet>, in_port=s2-eth2, in_phy_port=s2-eth2>]} {} {'s1': [<Message msg_name=OFPT_PACKET_IN of_msg=PacketIn(xid=UBInt32(0)) timestamp=1626834641.095152 local_port=55516 datapath_id=1>, <Message msg_name=OFPT_PACKET_OUT of_msg=PacketOut(xid=UBInt32(3880978636)) timestamp=1626834641.098931 local_port=55516 datapath_id=1>, <Message msg_name=OFPT_PACKET_IN of_msg=PacketIn(xid=UBInt32(0)) timestamp=1626834641.939549 local_port=55516 datapath_id=1>, <Message msg_name=OFPT_PACKET_OUT of_msg=PacketOut(xid=UBInt32(3880978637)) timestamp=1626834641.958855 local_port=55516 datapath_id=1>, <Message msg_name=OFPT_PACKET_IN of_msg=PacketIn(xid=UBInt32(0)) timestamp=1626834641.967414 local_port=55516 datapath_id=1>, <Message msg_name=OFPT_PACKET_OUT of_msg=PacketOut(xid=UBInt32(3880978638)) timestamp=1626834641.98306 local_port=55516 datapath_id=1>, <Message msg_name=OFPT_PACKET_IN of_msg=PacketIn(xid=UBInt32(0)) timestamp=1626834642.131572 local_port=55516 datapath_id=1>, <Message msg_name=OFPT_PACKET_OUT of_msg=PacketOut(xid=UBInt32(3880978639)) timestamp=1626834642.134162 local_port=55516 datapath_id=1>, <Message msg_name=OFPT_PACKET_IN of_msg=PacketIn(xid=UBInt32(0)) timestamp=1626834642.180382 local_port=55516 datapath_id=1>, <Message msg_name=OFPT_PACKET_OUT of_msg=PacketOut(xid=UBInt32(3880978640)) timestamp=1626834642.185181 local_port=55516 datapath_id=1>, <Message msg_name=OFPT_PACKET_IN of_msg=PacketIn(xid=UBInt32(0)) timestamp=1626834642.749169 local_port=55516 datapath_id=1>, <Message msg_name=OFPT_PACKET_OUT of_msg=PacketOut(xid=UBInt32(3880978641)) timestamp=1626834642.765717 local_port=55516 datapath_id=1>, <Message msg_name=OFPT_PACKET_IN of_msg=PacketIn(xid=UBInt32(0)) timestamp=1626834642.84253 local_port=55516 datapath_id=1>], 's2': [<Message msg_name=OFPT_PACKET_IN of_msg=PacketIn(xid=UBInt32(0)) timestamp=1626834641.219954 local_port=55518 datapath_id=2>, <Message msg_name=OFPT_PACKET_OUT of_msg=PacketOut(xid=UBInt32(3884972500)) timestamp=1626834641.222712 local_port=55518 datapath_id=2>, <Message msg_name=OFPT_PACKET_IN of_msg=PacketIn(xid=UBInt32(0)) timestamp=1626834641.940022 local_port=55518 datapath_id=2>, <Message msg_name=OFPT_PACKET_OUT of_msg=PacketOut(xid=UBInt32(3884972501)) timestamp=1626834641.95817 local_port=55518 datapath_id=2>, <Message msg_name=OFPT_PACKET_IN of_msg=PacketIn(xid=UBInt32(0)) timestamp=1626834641.967272 local_port=55518 datapath_id=2>, <Message msg_name=OFPT_PACKET_OUT of_msg=PacketOut(xid=UBInt32(3884972502)) timestamp=1626834641.982639 local_port=55518 datapath_id=2>, <Message msg_name=OFPT_PACKET_IN of_msg=PacketIn(xid=UBInt32(0)) timestamp=1626834642.385286 local_port=55518 datapath_id=2>, <Message msg_name=OFPT_PACKET_OUT of_msg=PacketOut(xid=UBInt32(3884972503)) timestamp=1626834642.389344 local_port=55518 datapath_id=2>, <Message msg_name=OFPT_PACKET_IN of_msg=PacketIn(xid=UBInt32(0)) timestamp=1626834642.438222 local_port=55518 datapath_id=2>, <Message msg_name=OFPT_PACKET_OUT of_msg=PacketOut(xid=UBInt32(3884972504)) timestamp=1626834642.44667 local_port=55518 datapath_id=2>, <Message msg_name=OFPT_PACKET_IN of_msg=PacketIn(xid=UBInt32(0)) timestamp=1626834642.778218 local_port=55518 datapath_id=2>, <Message msg_name=OFPT_PACKET_OUT of_msg=PacketOut(xid=UBInt32(3884972505)) timestamp=1626834642.789596 local_port=55518 datapath_id=2>, <Message msg_name=OFPT_PACKET_IN of_msg=PacketIn(xid=UBInt32(0)) timestamp=1626834642.79509 local_port=55518 datapath_id=2>, <Message msg_name=OFPT_PACKET_OUT of_msg=PacketOut(xid=UBInt32(3884972507)) timestamp=1626834642.822798 local_port=55518 datapath_id=2>]}
2021-07-21 02:30:45,173 | 17336 | tracing_of_pipeline.analyzer, analyze, 105 | DEBUG | I will processing packetout(<Message msg_name=OFPT_PACKET_OUT of_msg=PacketOut(xid=UBInt32(3880978636)) timestamp=1626834641.098931 local_port=55516 datapath_id=1>)
2021-07-21 02:30:45,173 | 17336 | tracing_of_pipeline.analyzer, analyze, 109 | DEBUG | packet out's in_port 2
2021-07-21 02:30:45,174 | 17336 | tracing_of_pipeline.analyzer, analyze, 138 | DEBUG | get trace [{'src': 'controller', 'msg': 'PacketOut(xid=UBInt32(3880978636))', 'edge': None, 'dst': 's1'}, {'src': 's1', 'msg': '<ICMPV6_RAW Packet>', 'edge': 'l2', 'dst': 'h1'}]
2021-07-21 02:30:45,174 | 17336 | tracing_of_pipeline.analyzer, analyze, 105 | DEBUG | I will processing packetout(<Message msg_name=OFPT_PACKET_OUT of_msg=PacketOut(xid=UBInt32(3880978637)) timestamp=1626834641.958855 local_port=55516 datapath_id=1>)
2021-07-21 02:30:45,175 | 17336 | tracing_of_pipeline.analyzer, analyze, 109 | DEBUG | packet out's in_port 1
2021-07-21 02:30:45,175 | 17336 | tracing_of_pipeline.analyzer, analyze, 138 | DEBUG | get trace [{'src': 'controller', 'msg': 'PacketOut(xid=UBInt32(3880978637))', 'edge': None, 'dst': 's1'}]
2021-07-21 02:30:45,176 | 17336 | tracing_of_pipeline.analyzer, analyze, 105 | DEBUG | I will processing packetout(<Message msg_name=OFPT_PACKET_OUT of_msg=PacketOut(xid=UBInt32(3880978638)) timestamp=1626834641.98306 local_port=55516 datapath_id=1>)
2021-07-21 02:30:45,176 | 17336 | tracing_of_pipeline.analyzer, analyze, 109 | DEBUG | packet out's in_port 2
2021-07-21 02:30:45,177 | 17468 | tracing_net.flowtable.flow_monitor, read_dump_flow, 73 | DEBUG | get result for dump flow 1626834645.172104 : ['OFPST_FLOW reply (OF1.3) (xid=0x2):', ' cookie=0x0, duration=2.320s, table=0, n_packets=2, n_bytes=196, priority=1,in_port=2,dl_src=9e:02:87:fe:81:45,dl_dst=26:60:ce:06:48:65 actions=output:1', ' cookie=0x0, duration=2.271s, table=0, n_packets=1, n_bytes=98, priority=1,in_port=1,dl_src=26:60:ce:06:48:65,dl_dst=9e:02:87:fe:81:45 actions=output:2', ' cookie=0x0, duration=4.337s, table=0, n_packets=9, n_bytes=819, priority=0 actions=CONTROLLER:65535']
2021-07-21 02:30:45,177 | 17336 | tracing_of_pipeline.analyzer, analyze, 138 | DEBUG | get trace [{'src': 'controller', 'msg': 'PacketOut(xid=UBInt32(3880978638))', 'edge': None, 'dst': 's1'}, {'src': 's1', 'msg': '<UDP/MDNS_RAW Packet>', 'edge': 'l2', 'dst': 'h1'}]
2021-07-21 02:30:45,177 | 17336 | tracing_of_pipeline.analyzer, analyze, 105 | DEBUG | I will processing packetout(<Message msg_name=OFPT_PACKET_OUT of_msg=PacketOut(xid=UBInt32(3880978639)) timestamp=1626834642.134162 local_port=55516 datapath_id=1>)
2021-07-21 02:30:45,178 | 17336 | tracing_of_pipeline.analyzer, analyze, 109 | DEBUG | packet out's in_port 2
2021-07-21 02:30:45,178 | 17468 | tracing_net.flowtable.flow_monitor, read_dump_flow, 78 | DEBUG | parsed result to table 1626834645.172104 : <FlowTables(datapath=0, timestamp=1626834645.172104, flows=[<Flow(table=0, priority=1, match={'in_port': {'value': 2, 'mask': None}, 'dl_src': {'value': '9e:02:87:fe:81:45', 'mask': None}, 'dl_dst': {'value': '26:60:ce:06:48:65', 'mask': None}}, actions=[<InstructionApplyAction type=4>])>, <Flow(table=0, priority=1, match={'in_port': {'value': 1, 'mask': None}, 'dl_src': {'value': '26:60:ce:06:48:65', 'mask': None}, 'dl_dst': {'value': '9e:02:87:fe:81:45', 'mask': None}}, actions=[<InstructionApplyAction type=4>])>, <Flow(table=0, priority=0, match={}, actions=[<InstructionApplyAction type=4>])>])>
2021-07-21 02:30:45,179 | 17336 | tracing_net.flowtable.table_repository, add, 88 | DEBUG | Table repo added table <FlowTables(datapath=0, timestamp=1626834645.172104, flows=[<Flow(table=0, priority=1, match={'in_port': {'value': 2, 'mask': None}, 'dl_src': {'value': '9e:02:87:fe:81:45', 'mask': None}, 'dl_dst': {'value': '26:60:ce:06:48:65', 'mask': None}}, actions=[<InstructionApplyAction type=4>])>, <Flow(table=0, priority=1, match={'in_port': {'value': 1, 'mask': None}, 'dl_src': {'value': '26:60:ce:06:48:65', 'mask': None}, 'dl_dst': {'value': '9e:02:87:fe:81:45', 'mask': None}}, actions=[<InstructionApplyAction type=4>])>, <Flow(table=0, priority=0, match={}, actions=[<InstructionApplyAction type=4>])>])>
2021-07-21 02:30:45,178 | 17336 | tracing_of_pipeline.analyzer, analyze, 138 | DEBUG | get trace [{'src': 'controller', 'msg': 'PacketOut(xid=UBInt32(3880978639))', 'edge': None, 'dst': 's1'}, {'src': 's1', 'msg': '<ICMPV6_RAW Packet>', 'edge': 'l2', 'dst': 'h1'}]
2021-07-21 02:30:45,179 | 17336 | tracing_of_pipeline.analyzer, analyze, 105 | DEBUG | I will processing packetout(<Message msg_name=OFPT_PACKET_OUT of_msg=PacketOut(xid=UBInt32(3880978640)) timestamp=1626834642.185181 local_port=55516 datapath_id=1>)
2021-07-21 02:30:45,180 | 17336 | tracing_of_pipeline.analyzer, analyze, 109 | DEBUG | packet out's in_port 2
2021-07-21 02:30:45,181 | 17336 | tracing_of_pipeline.analyzer, analyze, 138 | DEBUG | get trace [{'src': 'controller', 'msg': 'PacketOut(xid=UBInt32(3880978640))', 'edge': None, 'dst': 's1'}, {'src': 's1', 'msg': '<ARP_RAW Packet>', 'edge': 'l2', 'dst': 'h1'}]
2021-07-21 02:30:45,181 | 17336 | tracing_of_pipeline.analyzer, analyze, 105 | DEBUG | I will processing packetout(<Message msg_name=OFPT_PACKET_OUT of_msg=PacketOut(xid=UBInt32(3880978641)) timestamp=1626834642.765717 local_port=55516 datapath_id=1>)
2021-07-21 02:30:45,182 | 17336 | tracing_of_pipeline.analyzer, analyze, 109 | DEBUG | packet out's in_port 1
2021-07-21 02:30:45,183 | 17336 | tracing_of_pipeline.analyzer, analyze, 138 | DEBUG | get trace [{'src': 'controller', 'msg': 'PacketOut(xid=UBInt32(3880978641))', 'edge': None, 'dst': 's1'}]
2021-07-21 02:30:45,183 | 17336 | tracing_of_pipeline.analyzer, analyze, 105 | DEBUG | I will processing packetout(<Message msg_name=OFPT_PACKET_OUT of_msg=PacketOut(xid=UBInt32(3884972500)) timestamp=1626834641.222712 local_port=55518 datapath_id=2>)
2021-07-21 02:30:45,184 | 17336 | tracing_of_pipeline.analyzer, analyze, 109 | DEBUG | packet out's in_port 1
2021-07-21 02:30:45,185 | 17336 | tracing_of_pipeline.analyzer, analyze, 138 | DEBUG | get trace [{'src': 'controller', 'msg': 'PacketOut(xid=UBInt32(3884972500))', 'edge': None, 'dst': 's2'}, {'src': 's2', 'msg': '<UDP/MDNS_RAW Packet>', 'edge': 'l3', 'dst': 'h2'}]
2021-07-21 02:30:45,185 | 17336 | tracing_of_pipeline.analyzer, analyze, 105 | DEBUG | I will processing packetout(<Message msg_name=OFPT_PACKET_OUT of_msg=PacketOut(xid=UBInt32(3884972501)) timestamp=1626834641.95817 local_port=55518 datapath_id=2>)
2021-07-21 02:30:45,186 | 17336 | tracing_of_pipeline.analyzer, analyze, 109 | DEBUG | packet out's in_port 2
2021-07-21 02:30:45,187 | 17336 | tracing_of_pipeline.analyzer, analyze, 138 | DEBUG | get trace [{'src': 'controller', 'msg': 'PacketOut(xid=UBInt32(3884972501))', 'edge': None, 'dst': 's2'}]
2021-07-21 02:30:45,187 | 17336 | tracing_of_pipeline.analyzer, analyze, 105 | DEBUG | I will processing packetout(<Message msg_name=OFPT_PACKET_OUT of_msg=PacketOut(xid=UBInt32(3884972502)) timestamp=1626834641.982639 local_port=55518 datapath_id=2>)
2021-07-21 02:30:45,188 | 17336 | tracing_of_pipeline.analyzer, analyze, 109 | DEBUG | packet out's in_port 1
2021-07-21 02:30:45,189 | 17336 | tracing_of_pipeline.analyzer, analyze, 138 | DEBUG | get trace [{'src': 'controller', 'msg': 'PacketOut(xid=UBInt32(3884972502))', 'edge': None, 'dst': 's2'}, {'src': 's2', 'msg': '<UDP/MDNS_RAW Packet>', 'edge': 'l3', 'dst': 'h2'}]
2021-07-21 02:30:45,189 | 17336 | tracing_of_pipeline.analyzer, analyze, 105 | DEBUG | I will processing packetout(<Message msg_name=OFPT_PACKET_OUT of_msg=PacketOut(xid=UBInt32(3884972503)) timestamp=1626834642.389344 local_port=55518 datapath_id=2>)
2021-07-21 02:30:45,190 | 17336 | tracing_of_pipeline.analyzer, analyze, 109 | DEBUG | packet out's in_port 1
2021-07-21 02:30:45,190 | 17336 | tracing_of_pipeline.analyzer, analyze, 138 | DEBUG | get trace [{'src': 'controller', 'msg': 'PacketOut(xid=UBInt32(3884972503))', 'edge': None, 'dst': 's2'}, {'src': 's2', 'msg': '<ICMPV6_RAW Packet>', 'edge': 'l3', 'dst': 'h2'}]
2021-07-21 02:30:45,191 | 17336 | tracing_of_pipeline.analyzer, analyze, 105 | DEBUG | I will processing packetout(<Message msg_name=OFPT_PACKET_OUT of_msg=PacketOut(xid=UBInt32(3884972504)) timestamp=1626834642.44667 local_port=55518 datapath_id=2>)
2021-07-21 02:30:45,191 | 17336 | tracing_of_pipeline.analyzer, analyze, 109 | DEBUG | packet out's in_port 1
2021-07-21 02:30:45,192 | 17336 | tracing_of_pipeline.analyzer, analyze, 138 | DEBUG | get trace [{'src': 'controller', 'msg': 'PacketOut(xid=UBInt32(3884972504))', 'edge': None, 'dst': 's2'}, {'src': 's2', 'msg': '<UDP/MDNS_RAW Packet>', 'edge': 'l3', 'dst': 'h2'}]
2021-07-21 02:30:45,192 | 17336 | tracing_of_pipeline.analyzer, analyze, 105 | DEBUG | I will processing packetout(<Message msg_name=OFPT_PACKET_OUT of_msg=PacketOut(xid=UBInt32(3884972505)) timestamp=1626834642.789596 local_port=55518 datapath_id=2>)
2021-07-21 02:30:45,192 | 17336 | tracing_of_pipeline.analyzer, analyze, 109 | DEBUG | packet out's in_port 1
2021-07-21 02:30:45,193 | 17336 | tracing_of_pipeline.analyzer, analyze, 138 | DEBUG | get trace [{'src': 'controller', 'msg': 'PacketOut(xid=UBInt32(3884972505))', 'edge': None, 'dst': 's2'}, {'src': 's2', 'msg': '<ARP_RAW Packet>', 'edge': 'l3', 'dst': 'h2'}]
2021-07-21 02:30:45,193 | 17336 | tracing_of_pipeline.analyzer, analyze, 105 | DEBUG | I will processing packetout(<Message msg_name=OFPT_PACKET_OUT of_msg=PacketOut(xid=UBInt32(3884972507)) timestamp=1626834642.822798 local_port=55518 datapath_id=2>)
2021-07-21 02:30:45,202 | 17471 | tracing_net.flowtable.flow_monitor, dump_flows, 57 | DEBUG | dump flows on s2
2021-07-21 02:30:45,216 | 17471 | tracing_net.flowtable.flow_monitor, read_dump_flow, 73 | DEBUG | get result for dump flow 1626834645.209195 : ['OFPST_FLOW reply (OF1.3) (xid=0x2):', ' cookie=0x0, duration=2.400s, table=0, n_packets=2, n_bytes=196, priority=1,in_port=2,dl_src=9e:02:87:fe:81:45,dl_dst=26:60:ce:06:48:65 actions=output:1', ' cookie=0x0, duration=2.282s, table=0, n_packets=1, n_bytes=98, priority=1,in_port=1,dl_src=26:60:ce:06:48:65,dl_dst=9e:02:87:fe:81:45 actions=output:2', ' cookie=0x0, duration=4.384s, table=0, n_packets=8, n_bytes=712, priority=0 actions=CONTROLLER:65535']
2021-07-21 02:30:45,218 | 17471 | tracing_net.flowtable.flow_monitor, read_dump_flow, 78 | DEBUG | parsed result to table 1626834645.209195 : <FlowTables(datapath=0, timestamp=1626834645.209195, flows=[<Flow(table=0, priority=1, match={'in_port': {'value': 2, 'mask': None}, 'dl_src': {'value': '9e:02:87:fe:81:45', 'mask': None}, 'dl_dst': {'value': '26:60:ce:06:48:65', 'mask': None}}, actions=[<InstructionApplyAction type=4>])>, <Flow(table=0, priority=1, match={'in_port': {'value': 1, 'mask': None}, 'dl_src': {'value': '26:60:ce:06:48:65', 'mask': None}, 'dl_dst': {'value': '9e:02:87:fe:81:45', 'mask': None}}, actions=[<InstructionApplyAction type=4>])>, <Flow(table=0, priority=0, match={}, actions=[<InstructionApplyAction type=4>])>])>
2021-07-21 02:30:45,226 | 17460 | tracing_net.util.packet_capture, _packet_handler, 72 | DEBUG | sniff 1626834644.526889730 : <class 'pyshark.packet.packet.Packet'>
2021-07-21 02:30:45,226 | 17462 | tracing_net.util.packet_capture, _packet_handler, 72 | DEBUG | sniff 1626834642.984830776 : <class 'pyshark.packet.packet.Packet'>
2021-07-21 02:30:45,219 | 17336 | tracing_net.flowtable.table_repository, add, 88 | DEBUG | Table repo added table <FlowTables(datapath=0, timestamp=1626834645.209195, flows=[<Flow(table=0, priority=1, match={'in_port': {'value': 2, 'mask': None}, 'dl_src': {'value': '9e:02:87:fe:81:45', 'mask': None}, 'dl_dst': {'value': '26:60:ce:06:48:65', 'mask': None}}, actions=[<InstructionApplyAction type=4>])>, <Flow(table=0, priority=1, match={'in_port': {'value': 1, 'mask': None}, 'dl_src': {'value': '26:60:ce:06:48:65', 'mask': None}, 'dl_dst': {'value': '9e:02:87:fe:81:45', 'mask': None}}, actions=[<InstructionApplyAction type=4>])>, <Flow(table=0, priority=0, match={}, actions=[<InstructionApplyAction type=4>])>])>
2021-07-21 02:30:45,302 | 17462 | tracing_net.util.packet_capture, _packet_handler, 72 | DEBUG | sniff 1626834645.085887862 : <class 'pyshark.packet.packet.Packet'>
2021-07-21 02:30:45,510 | 17464 | tracing_net.util.packet_capture, _packet_handler, 72 | DEBUG | sniff 1626834642.984944103 : <class 'pyshark.packet.packet.Packet'>
2021-07-21 02:30:45,517 | 17464 | tracing_net.util.packet_capture, _packet_handler, 72 | DEBUG | sniff 1626834645.229307580 : <class 'pyshark.packet.packet.Packet'>
2021-07-21 02:30:46,163 | 17468 | tracing_net.flowtable.flow_monitor, dump_flows, 57 | DEBUG | dump flows on s1
2021-07-21 02:30:46,175 | 17468 | tracing_net.flowtable.flow_monitor, read_dump_flow, 73 | DEBUG | get result for dump flow 1626834646.169876 : ['OFPST_FLOW reply (OF1.3) (xid=0x2):', ' cookie=0x0, duration=3.317s, table=0, n_packets=2, n_bytes=196, priority=1,in_port=2,dl_src=9e:02:87:fe:81:45,dl_dst=26:60:ce:06:48:65 actions=output:1', ' cookie=0x0, duration=3.268s, table=0, n_packets=1, n_bytes=98, priority=1,in_port=1,dl_src=26:60:ce:06:48:65,dl_dst=9e:02:87:fe:81:45 actions=output:2', ' cookie=0x0, duration=5.334s, table=0, n_packets=9, n_bytes=819, priority=0 actions=CONTROLLER:65535']
2021-07-21 02:30:46,178 | 17468 | tracing_net.flowtable.flow_monitor, read_dump_flow, 78 | DEBUG | parsed result to table 1626834646.169876 : <FlowTables(datapath=0, timestamp=1626834646.169876, flows=[<Flow(table=0, priority=1, match={'in_port': {'value': 2, 'mask': None}, 'dl_src': {'value': '9e:02:87:fe:81:45', 'mask': None}, 'dl_dst': {'value': '26:60:ce:06:48:65', 'mask': None}}, actions=[<InstructionApplyAction type=4>])>, <Flow(table=0, priority=1, match={'in_port': {'value': 1, 'mask': None}, 'dl_src': {'value': '26:60:ce:06:48:65', 'mask': None}, 'dl_dst': {'value': '9e:02:87:fe:81:45', 'mask': None}}, actions=[<InstructionApplyAction type=4>])>, <Flow(table=0, priority=0, match={}, actions=[<InstructionApplyAction type=4>])>])>
2021-07-21 02:30:46,178 | 17336 | tracing_net.flowtable.table_repository, add, 88 | DEBUG | Table repo added table <FlowTables(datapath=0, timestamp=1626834646.169876, flows=[<Flow(table=0, priority=1, match={'in_port': {'value': 2, 'mask': None}, 'dl_src': {'value': '9e:02:87:fe:81:45', 'mask': None}, 'dl_dst': {'value': '26:60:ce:06:48:65', 'mask': None}}, actions=[<InstructionApplyAction type=4>])>, <Flow(table=0, priority=1, match={'in_port': {'value': 1, 'mask': None}, 'dl_src': {'value': '26:60:ce:06:48:65', 'mask': None}, 'dl_dst': {'value': '9e:02:87:fe:81:45', 'mask': None}}, actions=[<InstructionApplyAction type=4>])>, <Flow(table=0, priority=0, match={}, actions=[<InstructionApplyAction type=4>])>])>
2021-07-21 02:30:46,203 | 17471 | tracing_net.flowtable.flow_monitor, dump_flows, 57 | DEBUG | dump flows on s2
2021-07-21 02:30:46,212 | 17471 | tracing_net.flowtable.flow_monitor, read_dump_flow, 73 | DEBUG | get result for dump flow 1626834646.208772 : ['OFPST_FLOW reply (OF1.3) (xid=0x2):', ' cookie=0x0, duration=3.398s, table=0, n_packets=2, n_bytes=196, priority=1,in_port=2,dl_src=9e:02:87:fe:81:45,dl_dst=26:60:ce:06:48:65 actions=output:1', ' cookie=0x0, duration=3.280s, table=0, n_packets=1, n_bytes=98, priority=1,in_port=1,dl_src=26:60:ce:06:48:65,dl_dst=9e:02:87:fe:81:45 actions=output:2', ' cookie=0x0, duration=5.382s, table=0, n_packets=9, n_bytes=819, priority=0 actions=CONTROLLER:65535']
2021-07-21 02:30:46,214 | 17471 | tracing_net.flowtable.flow_monitor, read_dump_flow, 78 | DEBUG | parsed result to table 1626834646.208772 : <FlowTables(datapath=0, timestamp=1626834646.208772, flows=[<Flow(table=0, priority=1, match={'in_port': {'value': 2, 'mask': None}, 'dl_src': {'value': '9e:02:87:fe:81:45', 'mask': None}, 'dl_dst': {'value': '26:60:ce:06:48:65', 'mask': None}}, actions=[<InstructionApplyAction type=4>])>, <Flow(table=0, priority=1, match={'in_port': {'value': 1, 'mask': None}, 'dl_src': {'value': '26:60:ce:06:48:65', 'mask': None}, 'dl_dst': {'value': '9e:02:87:fe:81:45', 'mask': None}}, actions=[<InstructionApplyAction type=4>])>, <Flow(table=0, priority=0, match={}, actions=[<InstructionApplyAction type=4>])>])>
2021-07-21 02:30:46,214 | 17336 | tracing_net.flowtable.table_repository, add, 88 | DEBUG | Table repo added table <FlowTables(datapath=0, timestamp=1626834646.208772, flows=[<Flow(table=0, priority=1, match={'in_port': {'value': 2, 'mask': None}, 'dl_src': {'value': '9e:02:87:fe:81:45', 'mask': None}, 'dl_dst': {'value': '26:60:ce:06:48:65', 'mask': None}}, actions=[<InstructionApplyAction type=4>])>, <Flow(table=0, priority=1, match={'in_port': {'value': 1, 'mask': None}, 'dl_src': {'value': '26:60:ce:06:48:65', 'mask': None}, 'dl_dst': {'value': '9e:02:87:fe:81:45', 'mask': None}}, actions=[<InstructionApplyAction type=4>])>, <Flow(table=0, priority=0, match={}, actions=[<InstructionApplyAction type=4>])>])>
2021-07-21 02:30:47,163 | 17468 | tracing_net.flowtable.flow_monitor, dump_flows, 57 | DEBUG | dump flows on s1
2021-07-21 02:30:47,170 | 17336 | tracing_of_pipeline.analyzer, _poll_packet_inout_repo, 310 | DEBUG | tmp_p = [], s_dpip = 1
2021-07-21 02:30:47,172 | 17336 | tracing_of_pipeline.analyzer, _poll_packet_inout_repo, 310 | DEBUG | tmp_p = [], s_dpip = 2
2021-07-21 02:30:47,173 | 17336 | tracing_of_pipeline.analyzer, _polling, 283 | DEBUG | polled (start_time=1626834637.168486, until=3) values = {'l2': [<Msg captured_interface=s1-eth1, sniff_timestamp=1626834639.4382122, pkt=<UDP/MDNS_RAW Packet>, in_port=1, in_phy_port=s1-eth1>, <Msg captured_interface=s1-eth1, sniff_timestamp=1626834640.524917, pkt=<UDP/MDNS_RAW Packet>, in_port=1, in_phy_port=s1-eth1>, <Msg captured_interface=s1-eth1, sniff_timestamp=1626834641.0987043, pkt=<UDP/MDNS_RAW Packet>, in_port=1, in_phy_port=s1-eth1>, <Msg captured_interface=s1-eth1, sniff_timestamp=1626834641.1585526, pkt=<ICMPV6_RAW Packet>, in_port=0, in_phy_port=h1-eth0>, <Msg captured_interface=s1-eth1, sniff_timestamp=1626834641.5733829, pkt=<UDP/MDNS_RAW Packet>, in_port=s1-eth1, in_phy_port=s1-eth1>, <Msg captured_interface=s1-eth1, sniff_timestamp=1626834641.9235466, pkt=<ICMPV6_RAW Packet>, in_port=s1-eth1, in_phy_port=s1-eth1>, <Msg captured_interface=s1-eth1, sniff_timestamp=1626834641.9829323, pkt=<ICMPV6_RAW Packet>, in_port=s1-eth1, in_phy_port=s1-eth1>, <Msg captured_interface=s1-eth1, sniff_timestamp=1626834642.1340373, pkt=<UDP/MDNS_RAW Packet>, in_port=0, in_phy_port=h1-eth0>, <Msg captured_interface=s1-eth1, sniff_timestamp=1626834642.1849725, pkt=<ICMPV6_RAW Packet>, in_port=0, in_phy_port=h1-eth0>, <Msg captured_interface=s1-eth1, sniff_timestamp=1626834642.748395, pkt=<ARP_RAW Packet>, in_port=0, in_phy_port=h1-eth0>, <Msg captured_interface=s1-eth1, sniff_timestamp=1626834642.8565476, pkt=<ARP_RAW Packet>, in_port=s1-eth1, in_phy_port=s1-eth1>, <Msg captured_interface=s1-eth1, sniff_timestamp=1626834642.8565662, pkt=<ICMP_RAW Packet>, in_port=s1-eth1, in_phy_port=s1-eth1>, <Msg captured_interface=s1-eth1, sniff_timestamp=1626834642.9343114, pkt=<ICMP_RAW Packet>, in_port=s1-eth1, in_phy_port=s1-eth1>, <Msg captured_interface=s1-eth1, sniff_timestamp=1626834642.9842741, pkt=<ICMP_RAW Packet>, in_port=s1-eth1, in_phy_port=s1-eth1>, <Msg captured_interface=s1-eth1, sniff_timestamp=1626834642.9842956, pkt=<ICMP_RAW Packet>, in_port=s1-eth1, in_phy_port=s1-eth1>], 'l1': [<Msg captured_interface=s1-eth2, sniff_timestamp=1626834639.9944172, pkt=<UDP/MDNS_RAW Packet>, in_port=s1-eth2, in_phy_port=s1-eth2>, <Msg captured_interface=s1-eth2, sniff_timestamp=1626834640.248918, pkt=<UDP/MDNS_RAW Packet>, in_port=s1-eth2, in_phy_port=s1-eth2>, <Msg captured_interface=s1-eth2, sniff_timestamp=1626834641.094031, pkt=<UDP/MDNS_RAW Packet>, in_port=s1-eth2, in_phy_port=s1-eth2>, <Msg captured_interface=s1-eth2, sniff_timestamp=1626834641.2193897, pkt=<UDP/MDNS_RAW Packet>, in_port=s1-eth2, in_phy_port=s1-eth2>, <Msg captured_interface=s1-eth2, sniff_timestamp=1626834641.9579458, pkt=<ICMPV6_RAW Packet>, in_port=s1-eth2, in_phy_port=s1-eth2>, <Msg captured_interface=s1-eth2, sniff_timestamp=1626834641.9586043, pkt=<ICMPV6_RAW Packet>, in_port=2, in_phy_port=s1-eth2>, <Msg captured_interface=s1-eth2, sniff_timestamp=1626834642.1308637, pkt=<UDP/MDNS_RAW Packet>, in_port=1, in_phy_port=s2-eth1>, <Msg captured_interface=s1-eth2, sniff_timestamp=1626834642.1797605, pkt=<ICMPV6_RAW Packet>, in_port=s1-eth2, in_phy_port=s1-eth2>, <Msg captured_interface=s1-eth2, sniff_timestamp=1626834642.384351, pkt=<UDP/MDNS_RAW Packet>, in_port=s1-eth2, in_phy_port=s1-eth2>, <Msg captured_interface=s1-eth2, sniff_timestamp=1626834642.4352107, pkt=<ICMPV6_RAW Packet>, in_port=s1-eth2, in_phy_port=s1-eth2>, <Msg captured_interface=s1-eth2, sniff_timestamp=1626834642.7684877, pkt=<ARP_RAW Packet>, in_port=1, in_phy_port=s2-eth1>, <Msg captured_interface=s1-eth2, sniff_timestamp=1626834642.823075, pkt=<ARP_RAW Packet>, in_port=s1-eth2, in_phy_port=s1-eth2>, <Msg captured_interface=s1-eth2, sniff_timestamp=1626834642.905866, pkt=<ICMP_RAW Packet>, in_port=s1-eth2, in_phy_port=s1-eth2>, <Msg captured_interface=s1-eth2, sniff_timestamp=1626834642.9342127, pkt=<ICMP_RAW Packet>, in_port=s1-eth2, in_phy_port=s1-eth2>, <Msg captured_interface=s1-eth2, sniff_timestamp=1626834642.9842684, pkt=<ICMP_RAW Packet>, in_port=s1-eth2, in_phy_port=s1-eth2>, <Msg captured_interface=s1-eth2, sniff_timestamp=1626834642.9848309, pkt=<ICMP_RAW Packet>, in_port=s1-eth2, in_phy_port=s1-eth2>], 'l3': [<Msg captured_interface=s2-eth2, sniff_timestamp=1626834639.3794196, pkt=<UDP/MDNS_RAW Packet>, in_port=2, in_phy_port=s2-eth2>, <Msg captured_interface=s2-eth2, sniff_timestamp=1626834640.3502502, pkt=<UDP/MDNS_RAW Packet>, in_port=2, in_phy_port=s2-eth2>, <Msg captured_interface=s2-eth2, sniff_timestamp=1626834641.2226212, pkt=<UDP/MDNS_RAW Packet>, in_port=s2-eth2, in_phy_port=s2-eth2>, <Msg captured_interface=s2-eth2, sniff_timestamp=1626834641.381433, pkt=<UDP/MDNS_RAW Packet>, in_port=0, in_phy_port=h2-eth0>, <Msg captured_interface=s2-eth2, sniff_timestamp=1626834641.9238474, pkt=<ICMPV6_RAW Packet>, in_port=s2-eth2, in_phy_port=s2-eth2>, <Msg captured_interface=s2-eth2, sniff_timestamp=1626834641.9824862, pkt=<ICMPV6_RAW Packet>, in_port=s2-eth2, in_phy_port=s2-eth2>, <Msg captured_interface=s2-eth2, sniff_timestamp=1626834642.3891976, pkt=<UDP/MDNS_RAW Packet>, in_port=0, in_phy_port=h2-eth0>, <Msg captured_interface=s2-eth2, sniff_timestamp=1626834642.4356081, pkt=<ICMPV6_RAW Packet>, in_port=0, in_phy_port=h2-eth0>, <Msg captured_interface=s2-eth2, sniff_timestamp=1626834642.4465406, pkt=<ICMPV6_RAW Packet>, in_port=s2-eth2, in_phy_port=s2-eth2>, <Msg captured_interface=s2-eth2, sniff_timestamp=1626834642.486095, pkt=<UDP/MDNS_RAW Packet>, in_port=0, in_phy_port=h2-eth0>, <Msg captured_interface=s2-eth2, sniff_timestamp=1626834642.789886, pkt=<ARP_RAW Packet>, in_port=0, in_phy_port=h2-eth0>, <Msg captured_interface=s2-eth2, sniff_timestamp=1626834642.7899294, pkt=<ARP_RAW Packet>, in_port=s2-eth2, in_phy_port=s2-eth2>, <Msg captured_interface=s2-eth2, sniff_timestamp=1626834642.933167, pkt=<ICMP_RAW Packet>, in_port=s2-eth2, in_phy_port=s2-eth2>, <Msg captured_interface=s2-eth2, sniff_timestamp=1626834642.9340372, pkt=<ICMP_RAW Packet>, in_port=s2-eth2, in_phy_port=s2-eth2>, <Msg captured_interface=s2-eth2, sniff_timestamp=1626834642.9842536, pkt=<ICMP_RAW Packet>, in_port=s2-eth2, in_phy_port=s2-eth2>, <Msg captured_interface=s2-eth2, sniff_timestamp=1626834642.984944, pkt=<ICMP_RAW Packet>, in_port=s2-eth2, in_phy_port=s2-eth2>]} {} {'s1': [<Message msg_name=OFPT_PACKET_IN of_msg=PacketIn(xid=UBInt32(0)) timestamp=1626834641.095152 local_port=55516 datapath_id=1>, <Message msg_name=OFPT_PACKET_OUT of_msg=PacketOut(xid=UBInt32(3880978636)) timestamp=1626834641.098931 local_port=55516 datapath_id=1>, <Message msg_name=OFPT_PACKET_IN of_msg=PacketIn(xid=UBInt32(0)) timestamp=1626834641.939549 local_port=55516 datapath_id=1>, <Message msg_name=OFPT_PACKET_OUT of_msg=PacketOut(xid=UBInt32(3880978637)) timestamp=1626834641.958855 local_port=55516 datapath_id=1>, <Message msg_name=OFPT_PACKET_IN of_msg=PacketIn(xid=UBInt32(0)) timestamp=1626834641.967414 local_port=55516 datapath_id=1>, <Message msg_name=OFPT_PACKET_OUT of_msg=PacketOut(xid=UBInt32(3880978638)) timestamp=1626834641.98306 local_port=55516 datapath_id=1>, <Message msg_name=OFPT_PACKET_IN of_msg=PacketIn(xid=UBInt32(0)) timestamp=1626834642.131572 local_port=55516 datapath_id=1>, <Message msg_name=OFPT_PACKET_OUT of_msg=PacketOut(xid=UBInt32(3880978639)) timestamp=1626834642.134162 local_port=55516 datapath_id=1>, <Message msg_name=OFPT_PACKET_IN of_msg=PacketIn(xid=UBInt32(0)) timestamp=1626834642.180382 local_port=55516 datapath_id=1>, <Message msg_name=OFPT_PACKET_OUT of_msg=PacketOut(xid=UBInt32(3880978640)) timestamp=1626834642.185181 local_port=55516 datapath_id=1>, <Message msg_name=OFPT_PACKET_IN of_msg=PacketIn(xid=UBInt32(0)) timestamp=1626834642.749169 local_port=55516 datapath_id=1>, <Message msg_name=OFPT_PACKET_OUT of_msg=PacketOut(xid=UBInt32(3880978641)) timestamp=1626834642.765717 local_port=55516 datapath_id=1>, <Message msg_name=OFPT_PACKET_IN of_msg=PacketIn(xid=UBInt32(0)) timestamp=1626834642.84253 local_port=55516 datapath_id=1>], 's2': [<Message msg_name=OFPT_PACKET_IN of_msg=PacketIn(xid=UBInt32(0)) timestamp=1626834641.219954 local_port=55518 datapath_id=2>, <Message msg_name=OFPT_PACKET_OUT of_msg=PacketOut(xid=UBInt32(3884972500)) timestamp=1626834641.222712 local_port=55518 datapath_id=2>, <Message msg_name=OFPT_PACKET_IN of_msg=PacketIn(xid=UBInt32(0)) timestamp=1626834641.940022 local_port=55518 datapath_id=2>, <Message msg_name=OFPT_PACKET_OUT of_msg=PacketOut(xid=UBInt32(3884972501)) timestamp=1626834641.95817 local_port=55518 datapath_id=2>, <Message msg_name=OFPT_PACKET_IN of_msg=PacketIn(xid=UBInt32(0)) timestamp=1626834641.967272 local_port=55518 datapath_id=2>, <Message msg_name=OFPT_PACKET_OUT of_msg=PacketOut(xid=UBInt32(3884972502)) timestamp=1626834641.982639 local_port=55518 datapath_id=2>, <Message msg_name=OFPT_PACKET_IN of_msg=PacketIn(xid=UBInt32(0)) timestamp=1626834642.385286 local_port=55518 datapath_id=2>, <Message msg_name=OFPT_PACKET_OUT of_msg=PacketOut(xid=UBInt32(3884972503)) timestamp=1626834642.389344 local_port=55518 datapath_id=2>, <Message msg_name=OFPT_PACKET_IN of_msg=PacketIn(xid=UBInt32(0)) timestamp=1626834642.438222 local_port=55518 datapath_id=2>, <Message msg_name=OFPT_PACKET_OUT of_msg=PacketOut(xid=UBInt32(3884972504)) timestamp=1626834642.44667 local_port=55518 datapath_id=2>, <Message msg_name=OFPT_PACKET_IN of_msg=PacketIn(xid=UBInt32(0)) timestamp=1626834642.778218 local_port=55518 datapath_id=2>, <Message msg_name=OFPT_PACKET_OUT of_msg=PacketOut(xid=UBInt32(3884972505)) timestamp=1626834642.789596 local_port=55518 datapath_id=2>, <Message msg_name=OFPT_PACKET_IN of_msg=PacketIn(xid=UBInt32(0)) timestamp=1626834642.79509 local_port=55518 datapath_id=2>, <Message msg_name=OFPT_PACKET_OUT of_msg=PacketOut(xid=UBInt32(3884972507)) timestamp=1626834642.822798 local_port=55518 datapath_id=2>]}
2021-07-21 02:30:47,174 | 17336 | tracing_of_pipeline.analyzer, analyze, 105 | DEBUG | I will processing packetout(<Message msg_name=OFPT_PACKET_OUT of_msg=PacketOut(xid=UBInt32(3880978636)) timestamp=1626834641.098931 local_port=55516 datapath_id=1>)
2021-07-21 02:30:47,175 | 17336 | tracing_of_pipeline.analyzer, analyze, 109 | DEBUG | packet out's in_port 2
2021-07-21 02:30:47,176 | 17336 | tracing_of_pipeline.analyzer, analyze, 138 | DEBUG | get trace [{'src': 'controller', 'msg': 'PacketOut(xid=UBInt32(3880978636))', 'edge': None, 'dst': 's1'}, {'src': 's1', 'msg': '<ICMPV6_RAW Packet>', 'edge': 'l2', 'dst': 'h1'}]
2021-07-21 02:30:47,179 | 17336 | tracing_of_pipeline.analyzer, analyze, 105 | DEBUG | I will processing packetout(<Message msg_name=OFPT_PACKET_OUT of_msg=PacketOut(xid=UBInt32(3880978637)) timestamp=1626834641.958855 local_port=55516 datapath_id=1>)
2021-07-21 02:30:47,179 | 17336 | tracing_of_pipeline.analyzer, analyze, 109 | DEBUG | packet out's in_port 1
2021-07-21 02:30:47,180 | 17336 | tracing_of_pipeline.analyzer, analyze, 138 | DEBUG | get trace [{'src': 'controller', 'msg': 'PacketOut(xid=UBInt32(3880978637))', 'edge': None, 'dst': 's1'}]
2021-07-21 02:30:47,180 | 17336 | tracing_of_pipeline.analyzer, analyze, 105 | DEBUG | I will processing packetout(<Message msg_name=OFPT_PACKET_OUT of_msg=PacketOut(xid=UBInt32(3880978638)) timestamp=1626834641.98306 local_port=55516 datapath_id=1>)
2021-07-21 02:30:47,181 | 17336 | tracing_of_pipeline.analyzer, analyze, 109 | DEBUG | packet out's in_port 2
2021-07-21 02:30:47,182 | 17336 | tracing_of_pipeline.analyzer, analyze, 138 | DEBUG | get trace [{'src': 'controller', 'msg': 'PacketOut(xid=UBInt32(3880978638))', 'edge': None, 'dst': 's1'}, {'src': 's1', 'msg': '<UDP/MDNS_RAW Packet>', 'edge': 'l2', 'dst': 'h1'}]
2021-07-21 02:30:47,183 | 17336 | tracing_of_pipeline.analyzer, analyze, 105 | DEBUG | I will processing packetout(<Message msg_name=OFPT_PACKET_OUT of_msg=PacketOut(xid=UBInt32(3880978639)) timestamp=1626834642.134162 local_port=55516 datapath_id=1>)
2021-07-21 02:30:47,184 | 17468 | tracing_net.flowtable.flow_monitor, read_dump_flow, 73 | DEBUG | get result for dump flow 1626834647.169514 : ['OFPST_FLOW reply (OF1.3) (xid=0x2):', ' cookie=0x0, duration=4.325s, table=0, n_packets=2, n_bytes=196, priority=1,in_port=2,dl_src=9e:02:87:fe:81:45,dl_dst=26:60:ce:06:48:65 actions=output:1', ' cookie=0x0, duration=4.276s, table=0, n_packets=1, n_bytes=98, priority=1,in_port=1,dl_src=26:60:ce:06:48:65,dl_dst=9e:02:87:fe:81:45 actions=output:2', ' cookie=0x0, duration=6.342s, table=0, n_packets=9, n_bytes=819, priority=0 actions=CONTROLLER:65535']
2021-07-21 02:30:47,186 | 17336 | tracing_net.flowtable.table_repository, add, 88 | DEBUG | Table repo added table <FlowTables(datapath=0, timestamp=1626834647.169514, flows=[<Flow(table=0, priority=1, match={'in_port': {'value': 2, 'mask': None}, 'dl_src': {'value': '9e:02:87:fe:81:45', 'mask': None}, 'dl_dst': {'value': '26:60:ce:06:48:65', 'mask': None}}, actions=[<InstructionApplyAction type=4>])>, <Flow(table=0, priority=1, match={'in_port': {'value': 1, 'mask': None}, 'dl_src': {'value': '26:60:ce:06:48:65', 'mask': None}, 'dl_dst': {'value': '9e:02:87:fe:81:45', 'mask': None}}, actions=[<InstructionApplyAction type=4>])>, <Flow(table=0, priority=0, match={}, actions=[<InstructionApplyAction type=4>])>])>
2021-07-21 02:30:47,185 | 17468 | tracing_net.flowtable.flow_monitor, read_dump_flow, 78 | DEBUG | parsed result to table 1626834647.169514 : <FlowTables(datapath=0, timestamp=1626834647.169514, flows=[<Flow(table=0, priority=1, match={'in_port': {'value': 2, 'mask': None}, 'dl_src': {'value': '9e:02:87:fe:81:45', 'mask': None}, 'dl_dst': {'value': '26:60:ce:06:48:65', 'mask': None}}, actions=[<InstructionApplyAction type=4>])>, <Flow(table=0, priority=1, match={'in_port': {'value': 1, 'mask': None}, 'dl_src': {'value': '26:60:ce:06:48:65', 'mask': None}, 'dl_dst': {'value': '9e:02:87:fe:81:45', 'mask': None}}, actions=[<InstructionApplyAction type=4>])>, <Flow(table=0, priority=0, match={}, actions=[<InstructionApplyAction type=4>])>])>
2021-07-21 02:30:47,183 | 17336 | tracing_of_pipeline.analyzer, analyze, 109 | DEBUG | packet out's in_port 2
2021-07-21 02:30:47,187 | 17336 | tracing_of_pipeline.analyzer, analyze, 138 | DEBUG | get trace [{'src': 'controller', 'msg': 'PacketOut(xid=UBInt32(3880978639))', 'edge': None, 'dst': 's1'}, {'src': 's1', 'msg': '<ICMPV6_RAW Packet>', 'edge': 'l2', 'dst': 'h1'}]
2021-07-21 02:30:47,188 | 17336 | tracing_of_pipeline.analyzer, analyze, 105 | DEBUG | I will processing packetout(<Message msg_name=OFPT_PACKET_OUT of_msg=PacketOut(xid=UBInt32(3880978640)) timestamp=1626834642.185181 local_port=55516 datapath_id=1>)
2021-07-21 02:30:47,188 | 17336 | tracing_of_pipeline.analyzer, analyze, 109 | DEBUG | packet out's in_port 2
2021-07-21 02:30:47,189 | 17336 | tracing_of_pipeline.analyzer, analyze, 138 | DEBUG | get trace [{'src': 'controller', 'msg': 'PacketOut(xid=UBInt32(3880978640))', 'edge': None, 'dst': 's1'}, {'src': 's1', 'msg': '<ARP_RAW Packet>', 'edge': 'l2', 'dst': 'h1'}]
2021-07-21 02:30:47,190 | 17336 | tracing_of_pipeline.analyzer, analyze, 105 | DEBUG | I will processing packetout(<Message msg_name=OFPT_PACKET_OUT of_msg=PacketOut(xid=UBInt32(3880978641)) timestamp=1626834642.765717 local_port=55516 datapath_id=1>)
2021-07-21 02:30:47,190 | 17336 | tracing_of_pipeline.analyzer, analyze, 109 | DEBUG | packet out's in_port 1
2021-07-21 02:30:47,191 | 17336 | tracing_of_pipeline.analyzer, analyze, 138 | DEBUG | get trace [{'src': 'controller', 'msg': 'PacketOut(xid=UBInt32(3880978641))', 'edge': None, 'dst': 's1'}]
2021-07-21 02:30:47,192 | 17336 | tracing_of_pipeline.analyzer, analyze, 105 | DEBUG | I will processing packetout(<Message msg_name=OFPT_PACKET_OUT of_msg=PacketOut(xid=UBInt32(3884972500)) timestamp=1626834641.222712 local_port=55518 datapath_id=2>)
2021-07-21 02:30:47,195 | 17336 | tracing_of_pipeline.analyzer, analyze, 109 | DEBUG | packet out's in_port 1
2021-07-21 02:30:47,196 | 17336 | tracing_of_pipeline.analyzer, analyze, 138 | DEBUG | get trace [{'src': 'controller', 'msg': 'PacketOut(xid=UBInt32(3884972500))', 'edge': None, 'dst': 's2'}, {'src': 's2', 'msg': '<UDP/MDNS_RAW Packet>', 'edge': 'l3', 'dst': 'h2'}]
2021-07-21 02:30:47,197 | 17336 | tracing_of_pipeline.analyzer, analyze, 105 | DEBUG | I will processing packetout(<Message msg_name=OFPT_PACKET_OUT of_msg=PacketOut(xid=UBInt32(3884972501)) timestamp=1626834641.95817 local_port=55518 datapath_id=2>)
2021-07-21 02:30:47,198 | 17336 | tracing_of_pipeline.analyzer, analyze, 109 | DEBUG | packet out's in_port 2
2021-07-21 02:30:47,201 | 17471 | tracing_net.flowtable.flow_monitor, dump_flows, 57 | DEBUG | dump flows on s2
2021-07-21 02:30:47,201 | 17336 | tracing_of_pipeline.analyzer, analyze, 138 | DEBUG | get trace [{'src': 'controller', 'msg': 'PacketOut(xid=UBInt32(3884972501))', 'edge': None, 'dst': 's2'}]
2021-07-21 02:30:47,204 | 17336 | tracing_of_pipeline.analyzer, analyze, 105 | DEBUG | I will processing packetout(<Message msg_name=OFPT_PACKET_OUT of_msg=PacketOut(xid=UBInt32(3884972502)) timestamp=1626834641.982639 local_port=55518 datapath_id=2>)
2021-07-21 02:30:47,205 | 17336 | tracing_of_pipeline.analyzer, analyze, 109 | DEBUG | packet out's in_port 1
2021-07-21 02:30:47,206 | 17336 | tracing_of_pipeline.analyzer, analyze, 138 | DEBUG | get trace [{'src': 'controller', 'msg': 'PacketOut(xid=UBInt32(3884972502))', 'edge': None, 'dst': 's2'}, {'src': 's2', 'msg': '<UDP/MDNS_RAW Packet>', 'edge': 'l3', 'dst': 'h2'}]
2021-07-21 02:30:47,206 | 17336 | tracing_of_pipeline.analyzer, analyze, 105 | DEBUG | I will processing packetout(<Message msg_name=OFPT_PACKET_OUT of_msg=PacketOut(xid=UBInt32(3884972503)) timestamp=1626834642.389344 local_port=55518 datapath_id=2>)
2021-07-21 02:30:47,207 | 17336 | tracing_of_pipeline.analyzer, analyze, 109 | DEBUG | packet out's in_port 1
2021-07-21 02:30:47,207 | 17336 | tracing_of_pipeline.analyzer, analyze, 138 | DEBUG | get trace [{'src': 'controller', 'msg': 'PacketOut(xid=UBInt32(3884972503))', 'edge': None, 'dst': 's2'}, {'src': 's2', 'msg': '<ICMPV6_RAW Packet>', 'edge': 'l3', 'dst': 'h2'}]
2021-07-21 02:30:47,208 | 17336 | tracing_of_pipeline.analyzer, analyze, 105 | DEBUG | I will processing packetout(<Message msg_name=OFPT_PACKET_OUT of_msg=PacketOut(xid=UBInt32(3884972504)) timestamp=1626834642.44667 local_port=55518 datapath_id=2>)
2021-07-21 02:30:47,208 | 17336 | tracing_of_pipeline.analyzer, analyze, 109 | DEBUG | packet out's in_port 1
2021-07-21 02:30:47,209 | 17336 | tracing_of_pipeline.analyzer, analyze, 138 | DEBUG | get trace [{'src': 'controller', 'msg': 'PacketOut(xid=UBInt32(3884972504))', 'edge': None, 'dst': 's2'}, {'src': 's2', 'msg': '<UDP/MDNS_RAW Packet>', 'edge': 'l3', 'dst': 'h2'}]
2021-07-21 02:30:47,209 | 17336 | tracing_of_pipeline.analyzer, analyze, 105 | DEBUG | I will processing packetout(<Message msg_name=OFPT_PACKET_OUT of_msg=PacketOut(xid=UBInt32(3884972505)) timestamp=1626834642.789596 local_port=55518 datapath_id=2>)
2021-07-21 02:30:47,210 | 17336 | tracing_of_pipeline.analyzer, analyze, 109 | DEBUG | packet out's in_port 1
2021-07-21 02:30:47,210 | 17336 | tracing_of_pipeline.analyzer, analyze, 138 | DEBUG | get trace [{'src': 'controller', 'msg': 'PacketOut(xid=UBInt32(3884972505))', 'edge': None, 'dst': 's2'}, {'src': 's2', 'msg': '<ARP_RAW Packet>', 'edge': 'l3', 'dst': 'h2'}]
2021-07-21 02:30:47,211 | 17336 | tracing_of_pipeline.analyzer, analyze, 105 | DEBUG | I will processing packetout(<Message msg_name=OFPT_PACKET_OUT of_msg=PacketOut(xid=UBInt32(3884972507)) timestamp=1626834642.822798 local_port=55518 datapath_id=2>)
2021-07-21 02:30:47,215 | 17471 | tracing_net.flowtable.flow_monitor, read_dump_flow, 73 | DEBUG | get result for dump flow 1626834647.208187 : ['OFPST_FLOW reply (OF1.3) (xid=0x2):', ' cookie=0x0, duration=4.399s, table=0, n_packets=2, n_bytes=196, priority=1,in_port=2,dl_src=9e:02:87:fe:81:45,dl_dst=26:60:ce:06:48:65 actions=output:1', ' cookie=0x0, duration=4.281s, table=0, n_packets=1, n_bytes=98, priority=1,in_port=1,dl_src=26:60:ce:06:48:65,dl_dst=9e:02:87:fe:81:45 actions=output:2', ' cookie=0x0, duration=6.383s, table=0, n_packets=9, n_bytes=819, priority=0 actions=CONTROLLER:65535']
2021-07-21 02:30:47,220 | 17336 | tracing_net.flowtable.table_repository, add, 88 | DEBUG | Table repo added table <FlowTables(datapath=0, timestamp=1626834647.208187, flows=[<Flow(table=0, priority=1, match={'in_port': {'value': 2, 'mask': None}, 'dl_src': {'value': '9e:02:87:fe:81:45', 'mask': None}, 'dl_dst': {'value': '26:60:ce:06:48:65', 'mask': None}}, actions=[<InstructionApplyAction type=4>])>, <Flow(table=0, priority=1, match={'in_port': {'value': 1, 'mask': None}, 'dl_src': {'value': '26:60:ce:06:48:65', 'mask': None}, 'dl_dst': {'value': '9e:02:87:fe:81:45', 'mask': None}}, actions=[<InstructionApplyAction type=4>])>, <Flow(table=0, priority=0, match={}, actions=[<InstructionApplyAction type=4>])>])>
2021-07-21 02:30:47,221 | 17471 | tracing_net.flowtable.flow_monitor, read_dump_flow, 78 | DEBUG | parsed result to table 1626834647.208187 : <FlowTables(datapath=0, timestamp=1626834647.208187, flows=[<Flow(table=0, priority=1, match={'in_port': {'value': 2, 'mask': None}, 'dl_src': {'value': '9e:02:87:fe:81:45', 'mask': None}, 'dl_dst': {'value': '26:60:ce:06:48:65', 'mask': None}}, actions=[<InstructionApplyAction type=4>])>, <Flow(table=0, priority=1, match={'in_port': {'value': 1, 'mask': None}, 'dl_src': {'value': '26:60:ce:06:48:65', 'mask': None}, 'dl_dst': {'value': '9e:02:87:fe:81:45', 'mask': None}}, actions=[<InstructionApplyAction type=4>])>, <Flow(table=0, priority=0, match={}, actions=[<InstructionApplyAction type=4>])>])>
