2021-11-08 02:13:40,780 | 4428 | tracing_net.net, __init__, 99 | INFO | set up on-demand mininet
2021-11-08 02:13:40,782 | 4428 | tracing_of_pipeline, start, 124 | INFO | OpenFlow Tracer Start
2021-11-08 02:13:40,791 | 4428 | tracing_net.net, start, 312 | INFO | mininet start
2021-11-08 02:13:40,794 | 4428 | tracing_of_pipeline.analyzer, start_analyzing, 113 | INFO | start analyzing interval (start_time = 1636337620.794674, interval = 2)
2021-11-08 02:13:40,798 | 4428 | tracing_net.net, add_switch, 116 | DEBUG | added the switch (s1)
2021-11-08 02:13:40,906 | 4428 | tracing_net.net, add_host, 164 | DEBUG | added the host (h1)
2021-11-08 02:13:41,000 | 4428 | tracing_net.net, add_link, 203 | DEBUG | added the link (l2) between s1 and h1
2021-11-08 02:13:41,072 | 4428 | tracing_net.net, add_switch, 116 | DEBUG | added the switch (s2)
2021-11-08 02:13:41,129 | 4428 | tracing_net.net, add_link, 203 | DEBUG | added the link (l1) between s1 and s2
2021-11-08 02:13:41,288 | 4428 | tracing_net.net, add_host, 164 | DEBUG | added the host (h2)
2021-11-08 02:13:41,327 | 4428 | tracing_net.net, add_link, 203 | DEBUG | added the link (l3) between s2 and h2
2021-11-08 02:13:41,432 | 4428 | tracing_net.net, add_host, 164 | DEBUG | added the host (h3)
2021-11-08 02:13:41,466 | 4428 | tracing_net.net, add_link, 203 | DEBUG | added the link (l4) between s1 and h3
2021-11-08 02:13:41,554 | 4428 | tracing_net.net, start_tracing, 525 | INFO | tracing start
2021-11-08 02:13:41,555 | 4428 | tracing_net.net, start_tracing, 527 | DEBUG | ipv6 is disable
2021-11-08 02:13:41,630 | 4428 | tracing_net.packet_capture_manager, start_capture, 88 | DEBUG | capture process (s1-eth1:4591) started
2021-11-08 02:13:41,637 | 4591 | tracing_net.util.packet_capture, start_capture, 65 | INFO | packet capture start on s1-eth1
2021-11-08 02:13:41,643 | 4428 | tracing_net.packet_capture_manager, start_capture, 88 | DEBUG | capture process (s1-eth2:4593) started
2021-11-08 02:13:41,657 | 4593 | tracing_net.util.packet_capture, start_capture, 65 | INFO | packet capture start on s1-eth2
2021-11-08 02:13:41,658 | 4428 | tracing_net.packet_capture_manager, start_capture, 88 | DEBUG | capture process (s2-eth2:4596) started
2021-11-08 02:13:41,663 | 4596 | tracing_net.util.packet_capture, start_capture, 65 | INFO | packet capture start on s2-eth2
2021-11-08 02:13:41,679 | 4428 | tracing_net.packet_capture_manager, start_capture, 88 | DEBUG | capture process (s1-eth3:4599) started
2021-11-08 02:13:41,682 | 4428 | tracing_net.flowtable.flow_monitor, __init__, 46 | INFO | flow monitor start : s1
2021-11-08 02:13:41,695 | 4599 | tracing_net.util.packet_capture, start_capture, 65 | INFO | packet capture start on s1-eth3
2021-11-08 02:13:41,710 | 4428 | tracing_net.flowtable.flow_monitor, __init__, 46 | INFO | flow monitor start : s2
2021-11-08 02:13:41,775 | 4602 | tracing_net.flowtable.flow_monitor, flow_monitor, 99 | DEBUG | flow monitor get result NXST_FLOW_MONITOR reply (xid=0x4):
2021-11-08 02:13:41,802 | 4606 | tracing_net.flowtable.flow_monitor, flow_monitor, 99 | DEBUG | flow monitor get result NXST_FLOW_MONITOR reply (xid=0x4):
2021-11-08 02:13:42,726 | 4602 | tracing_net.flowtable.flow_monitor, dump_flows, 57 | DEBUG | exec dump flows on s1
2021-11-08 02:13:42,743 | 4606 | tracing_net.flowtable.flow_monitor, dump_flows, 57 | DEBUG | exec dump flows on s2
2021-11-08 02:13:42,798 | 4428 | tracing_net.packet_repository, pop, 73 | ERROR | Failed to pop from packet repository (repo={})
2021-11-08 02:13:42,799 | 4428 | tracing_net.packet_repository, pop, 73 | ERROR | Failed to pop from packet repository (repo={})
2021-11-08 02:13:42,799 | 4428 | tracing_net.packet_repository, pop, 73 | ERROR | Failed to pop from packet repository (repo={})
2021-11-08 02:13:42,800 | 4428 | tracing_net.packet_repository, pop, 73 | ERROR | Failed to pop from packet repository (repo={})
2021-11-08 02:13:42,809 | 4428 | tracing_of_pipeline.analyzer, _poll_packet_inout_repo, 499 | DEBUG | tmp_p = [], s_dpip = 1
2021-11-08 02:13:42,821 | 4428 | tracing_of_pipeline.analyzer, _poll_packet_inout_repo, 499 | DEBUG | tmp_p = [], s_dpip = 2
2021-11-08 02:13:42,826 | 4602 | tracing_net.flowtable.flow_monitor, read_dump_flow, 74 | DEBUG | get result for dump flows 1636337622.775503 : ['OFPST_FLOW reply (OF1.3) (xid=0x2):']
2021-11-08 02:13:42,830 | 4602 | tracing_net.flowtable.flow_monitor, read_dump_flow, 83 | WARNING | No result dump flows
2021-11-08 02:13:42,831 | 4428 | tracing_of_pipeline.analyzer, _polling, 452 | DEBUG | polled repository (start_time=1636337620.794674, until=0) values = {'l2': [], 'l1': [], 'l3': [], 'l4': []} {'s1': [], 's2': []}
2021-11-08 02:13:42,831 | 4428 | tracing_of_pipeline.analyzer, analyze, 197 | WARNING | No packet in edge l2
2021-11-08 02:13:42,833 | 4428 | tracing_of_pipeline.analyzer, analyze, 197 | WARNING | No packet in edge l1
2021-11-08 02:13:42,841 | 4606 | tracing_net.flowtable.flow_monitor, read_dump_flow, 74 | DEBUG | get result for dump flows 1636337622.767319 : ['OFPST_FLOW reply (OF1.3) (xid=0x2):']
2021-11-08 02:13:42,850 | 4428 | tracing_of_pipeline.analyzer, analyze, 197 | WARNING | No packet in edge l3
2021-11-08 02:13:42,851 | 4428 | tracing_of_pipeline.analyzer, analyze, 197 | WARNING | No packet in edge l4
2021-11-08 02:13:42,852 | 4606 | tracing_net.flowtable.flow_monitor, read_dump_flow, 83 | WARNING | No result dump flows
2021-11-08 02:13:43,726 | 4602 | tracing_net.flowtable.flow_monitor, dump_flows, 57 | DEBUG | exec dump flows on s1
2021-11-08 02:13:43,743 | 4606 | tracing_net.flowtable.flow_monitor, dump_flows, 57 | DEBUG | exec dump flows on s2
2021-11-08 02:13:43,760 | 4602 | tracing_net.flowtable.flow_monitor, read_dump_flow, 74 | DEBUG | get result for dump flows 1636337623.744394 : ['OFPST_FLOW reply (OF1.3) (xid=0x2):']
2021-11-08 02:13:43,766 | 4602 | tracing_net.flowtable.flow_monitor, read_dump_flow, 83 | WARNING | No result dump flows
2021-11-08 02:13:43,770 | 4606 | tracing_net.flowtable.flow_monitor, read_dump_flow, 74 | DEBUG | get result for dump flows 1636337623.759738 : ['OFPST_FLOW reply (OF1.3) (xid=0x2):']
2021-11-08 02:13:43,771 | 4606 | tracing_net.flowtable.flow_monitor, read_dump_flow, 83 | WARNING | No result dump flows
2021-11-08 02:13:44,726 | 4602 | tracing_net.flowtable.flow_monitor, dump_flows, 57 | DEBUG | exec dump flows on s1
2021-11-08 02:13:44,737 | 4602 | tracing_net.flowtable.flow_monitor, read_dump_flow, 74 | DEBUG | get result for dump flows 1636337624.731743 : ['OFPST_FLOW reply (OF1.3) (xid=0x2):']
2021-11-08 02:13:44,738 | 4602 | tracing_net.flowtable.flow_monitor, read_dump_flow, 83 | WARNING | No result dump flows
2021-11-08 02:13:44,745 | 4606 | tracing_net.flowtable.flow_monitor, dump_flows, 57 | DEBUG | exec dump flows on s2
2021-11-08 02:13:44,764 | 4606 | tracing_net.flowtable.flow_monitor, read_dump_flow, 74 | DEBUG | get result for dump flows 1636337624.761384 : ['OFPST_FLOW reply (OF1.3) (xid=0x2):']
2021-11-08 02:13:44,765 | 4606 | tracing_net.flowtable.flow_monitor, read_dump_flow, 83 | WARNING | No result dump flows
2021-11-08 02:13:44,797 | 4428 | tracing_net.packet_repository, pop, 73 | ERROR | Failed to pop from packet repository (repo={})
2021-11-08 02:13:44,798 | 4428 | tracing_net.packet_repository, pop, 73 | ERROR | Failed to pop from packet repository (repo={})
2021-11-08 02:13:44,798 | 4428 | tracing_net.packet_repository, pop, 73 | ERROR | Failed to pop from packet repository (repo={})
2021-11-08 02:13:44,799 | 4428 | tracing_net.packet_repository, pop, 73 | ERROR | Failed to pop from packet repository (repo={})
2021-11-08 02:13:44,800 | 4428 | tracing_of_pipeline.analyzer, _poll_packet_inout_repo, 499 | DEBUG | tmp_p = [], s_dpip = 1
2021-11-08 02:13:44,801 | 4428 | tracing_of_pipeline.analyzer, _poll_packet_inout_repo, 499 | DEBUG | tmp_p = [], s_dpip = 2
2021-11-08 02:13:44,801 | 4428 | tracing_of_pipeline.analyzer, _polling, 452 | DEBUG | polled repository (start_time=1636337620.794674, until=1) values = {'l2': [], 'l1': [], 'l3': [], 'l4': []} {'s1': [], 's2': []}
2021-11-08 02:13:44,802 | 4428 | tracing_of_pipeline.analyzer, analyze, 197 | WARNING | No packet in edge l2
2021-11-08 02:13:44,802 | 4428 | tracing_of_pipeline.analyzer, analyze, 197 | WARNING | No packet in edge l1
2021-11-08 02:13:44,803 | 4428 | tracing_of_pipeline.analyzer, analyze, 197 | WARNING | No packet in edge l3
2021-11-08 02:13:44,803 | 4428 | tracing_of_pipeline.analyzer, analyze, 197 | WARNING | No packet in edge l4
2021-11-08 02:13:45,461 | 4602 | tracing_net.flowtable.flow_monitor, flow_monitor, 99 | DEBUG | flow monitor get result NXST_FLOW_MONITOR reply (xid=0x0):
2021-11-08 02:13:45,462 | 4602 | tracing_net.flowtable.flow_monitor, flow_monitor, 99 | DEBUG | flow monitor get result event=ADDED table=0 cookie=0 actions=CONTROLLER:65535
2021-11-08 02:13:45,485 | 4606 | tracing_net.flowtable.flow_monitor, flow_monitor, 99 | DEBUG | flow monitor get result NXST_FLOW_MONITOR reply (xid=0x0):
2021-11-08 02:13:45,497 | 4606 | tracing_net.flowtable.flow_monitor, flow_monitor, 99 | DEBUG | flow monitor get result event=ADDED table=0 cookie=0 actions=CONTROLLER:65535
2021-11-08 02:13:45,736 | 4602 | tracing_net.flowtable.flow_monitor, dump_flows, 57 | DEBUG | exec dump flows on s1
2021-11-08 02:13:45,743 | 4606 | tracing_net.flowtable.flow_monitor, dump_flows, 57 | DEBUG | exec dump flows on s2
2021-11-08 02:13:45,747 | 4602 | tracing_net.flowtable.flow_monitor, read_dump_flow, 74 | DEBUG | get result for dump flows 1636337625.741698 : ['OFPST_FLOW reply (OF1.3) (xid=0x2):', ' cookie=0x0, duration=0.284s, table=0, n_packets=0, n_bytes=0, priority=0 actions=CONTROLLER:65535']
2021-11-08 02:13:45,755 | 4602 | tracing_net.flowtable.flow_monitor, read_dump_flow, 80 | DEBUG | parsed dump flows result to table 1636337625.741698 : <FlowTables(datapath=0, timestamp=1636337625.741698, flows=[<Flow(table=0, priority=0, match={}, actions=[<InstructionApplyAction type=4>])>])>
2021-11-08 02:13:45,761 | 4606 | tracing_net.flowtable.flow_monitor, read_dump_flow, 74 | DEBUG | get result for dump flows 1636337625.758079 : ['OFPST_FLOW reply (OF1.3) (xid=0x2):', ' cookie=0x0, duration=0.278s, table=0, n_packets=0, n_bytes=0, priority=0 actions=CONTROLLER:65535']
2021-11-08 02:13:45,784 | 4606 | tracing_net.flowtable.flow_monitor, read_dump_flow, 80 | DEBUG | parsed dump flows result to table 1636337625.758079 : <FlowTables(datapath=0, timestamp=1636337625.758079, flows=[<Flow(table=0, priority=0, match={}, actions=[<InstructionApplyAction type=4>])>])>
2021-11-08 02:13:46,739 | 4602 | tracing_net.flowtable.flow_monitor, dump_flows, 57 | DEBUG | exec dump flows on s1
2021-11-08 02:13:46,747 | 4606 | tracing_net.flowtable.flow_monitor, dump_flows, 57 | DEBUG | exec dump flows on s2
2021-11-08 02:13:46,754 | 4602 | tracing_net.flowtable.flow_monitor, read_dump_flow, 74 | DEBUG | get result for dump flows 1636337626.75052 : ['OFPST_FLOW reply (OF1.3) (xid=0x2):', ' cookie=0x0, duration=1.292s, table=0, n_packets=0, n_bytes=0, priority=0 actions=CONTROLLER:65535']
2021-11-08 02:13:46,755 | 4602 | tracing_net.flowtable.flow_monitor, read_dump_flow, 80 | DEBUG | parsed dump flows result to table 1636337626.75052 : <FlowTables(datapath=0, timestamp=1636337626.75052, flows=[<Flow(table=0, priority=0, match={}, actions=[<InstructionApplyAction type=4>])>])>
2021-11-08 02:13:46,759 | 4606 | tracing_net.flowtable.flow_monitor, read_dump_flow, 74 | DEBUG | get result for dump flows 1636337626.754976 : ['OFPST_FLOW reply (OF1.3) (xid=0x2):', ' cookie=0x0, duration=1.275s, table=0, n_packets=0, n_bytes=0, priority=0 actions=CONTROLLER:65535']
2021-11-08 02:13:46,762 | 4606 | tracing_net.flowtable.flow_monitor, read_dump_flow, 80 | DEBUG | parsed dump flows result to table 1636337626.754976 : <FlowTables(datapath=0, timestamp=1636337626.754976, flows=[<Flow(table=0, priority=0, match={}, actions=[<InstructionApplyAction type=4>])>])>
2021-11-08 02:13:46,797 | 4428 | tracing_net.packet_repository, pop, 73 | ERROR | Failed to pop from packet repository (repo={})
2021-11-08 02:13:46,797 | 4428 | tracing_net.packet_repository, pop, 73 | ERROR | Failed to pop from packet repository (repo={})
2021-11-08 02:13:46,799 | 4428 | tracing_net.packet_repository, pop, 73 | ERROR | Failed to pop from packet repository (repo={})
2021-11-08 02:13:46,801 | 4428 | tracing_net.packet_repository, pop, 73 | ERROR | Failed to pop from packet repository (repo={})
2021-11-08 02:13:46,802 | 4428 | tracing_of_pipeline.analyzer, _poll_packet_inout_repo, 499 | DEBUG | tmp_p = [], s_dpip = 1
2021-11-08 02:13:46,802 | 4428 | tracing_of_pipeline.analyzer, _poll_packet_inout_repo, 499 | DEBUG | tmp_p = [], s_dpip = 2
2021-11-08 02:13:46,803 | 4428 | tracing_of_pipeline.analyzer, _polling, 452 | DEBUG | polled repository (start_time=1636337620.794674, until=2) values = {'l2': [], 'l1': [], 'l3': [], 'l4': []} {'s1': [], 's2': []}
2021-11-08 02:13:46,803 | 4428 | tracing_of_pipeline.analyzer, analyze, 197 | WARNING | No packet in edge l2
2021-11-08 02:13:46,804 | 4428 | tracing_of_pipeline.analyzer, analyze, 197 | WARNING | No packet in edge l1
2021-11-08 02:13:46,804 | 4428 | tracing_of_pipeline.analyzer, analyze, 197 | WARNING | No packet in edge l3
2021-11-08 02:13:46,805 | 4428 | tracing_of_pipeline.analyzer, analyze, 197 | WARNING | No packet in edge l4
2021-11-08 02:13:47,732 | 4602 | tracing_net.flowtable.flow_monitor, dump_flows, 57 | DEBUG | exec dump flows on s1
2021-11-08 02:13:47,742 | 4602 | tracing_net.flowtable.flow_monitor, read_dump_flow, 74 | DEBUG | get result for dump flows 1636337627.738517 : ['OFPST_FLOW reply (OF1.3) (xid=0x2):', ' cookie=0x0, duration=2.280s, table=0, n_packets=0, n_bytes=0, priority=0 actions=CONTROLLER:65535']
2021-11-08 02:13:47,743 | 4606 | tracing_net.flowtable.flow_monitor, dump_flows, 57 | DEBUG | exec dump flows on s2
2021-11-08 02:13:47,746 | 4602 | tracing_net.flowtable.flow_monitor, read_dump_flow, 80 | DEBUG | parsed dump flows result to table 1636337627.738517 : <FlowTables(datapath=0, timestamp=1636337627.738517, flows=[<Flow(table=0, priority=0, match={}, actions=[<InstructionApplyAction type=4>])>])>
2021-11-08 02:13:47,759 | 4606 | tracing_net.flowtable.flow_monitor, read_dump_flow, 74 | DEBUG | get result for dump flows 1636337627.75527 : ['OFPST_FLOW reply (OF1.3) (xid=0x2):', ' cookie=0x0, duration=2.275s, table=0, n_packets=0, n_bytes=0, priority=0 actions=CONTROLLER:65535']
2021-11-08 02:13:47,773 | 4606 | tracing_net.flowtable.flow_monitor, read_dump_flow, 80 | DEBUG | parsed dump flows result to table 1636337627.75527 : <FlowTables(datapath=0, timestamp=1636337627.75527, flows=[<Flow(table=0, priority=0, match={}, actions=[<InstructionApplyAction type=4>])>])>
2021-11-08 02:13:48,742 | 4602 | tracing_net.flowtable.flow_monitor, dump_flows, 57 | DEBUG | exec dump flows on s1
2021-11-08 02:13:48,743 | 4606 | tracing_net.flowtable.flow_monitor, dump_flows, 57 | DEBUG | exec dump flows on s2
2021-11-08 02:13:48,753 | 4606 | tracing_net.flowtable.flow_monitor, read_dump_flow, 74 | DEBUG | get result for dump flows 1636337628.750062 : ['OFPST_FLOW reply (OF1.3) (xid=0x2):', ' cookie=0x0, duration=3.269s, table=0, n_packets=0, n_bytes=0, priority=0 actions=CONTROLLER:65535']
2021-11-08 02:13:48,754 | 4606 | tracing_net.flowtable.flow_monitor, read_dump_flow, 80 | DEBUG | parsed dump flows result to table 1636337628.750062 : <FlowTables(datapath=0, timestamp=1636337628.750062, flows=[<Flow(table=0, priority=0, match={}, actions=[<InstructionApplyAction type=4>])>])>
2021-11-08 02:13:48,755 | 4602 | tracing_net.flowtable.flow_monitor, read_dump_flow, 74 | DEBUG | get result for dump flows 1636337628.750062 : ['OFPST_FLOW reply (OF1.3) (xid=0x2):', ' cookie=0x0, duration=3.292s, table=0, n_packets=0, n_bytes=0, priority=0 actions=CONTROLLER:65535']
2021-11-08 02:13:48,767 | 4602 | tracing_net.flowtable.flow_monitor, read_dump_flow, 80 | DEBUG | parsed dump flows result to table 1636337628.750062 : <FlowTables(datapath=0, timestamp=1636337628.750062, flows=[<Flow(table=0, priority=0, match={}, actions=[<InstructionApplyAction type=4>])>])>
2021-11-08 02:13:48,797 | 4428 | tracing_net.packet_repository, pop, 73 | ERROR | Failed to pop from packet repository (repo={})
2021-11-08 02:13:48,798 | 4428 | tracing_net.packet_repository, pop, 73 | ERROR | Failed to pop from packet repository (repo={})
2021-11-08 02:13:48,799 | 4428 | tracing_net.packet_repository, pop, 73 | ERROR | Failed to pop from packet repository (repo={})
2021-11-08 02:13:48,801 | 4428 | tracing_net.packet_repository, pop, 73 | ERROR | Failed to pop from packet repository (repo={})
2021-11-08 02:13:48,802 | 4428 | tracing_of_pipeline.analyzer, _poll_packet_inout_repo, 499 | DEBUG | tmp_p = [], s_dpip = 1
2021-11-08 02:13:48,803 | 4428 | tracing_of_pipeline.analyzer, _poll_packet_inout_repo, 499 | DEBUG | tmp_p = [], s_dpip = 2
2021-11-08 02:13:48,803 | 4428 | tracing_of_pipeline.analyzer, _polling, 452 | DEBUG | polled repository (start_time=1636337620.794674, until=3) values = {'l2': [], 'l1': [], 'l3': [], 'l4': []} {'s1': [], 's2': []}
2021-11-08 02:13:48,804 | 4428 | tracing_of_pipeline.analyzer, analyze, 197 | WARNING | No packet in edge l2
2021-11-08 02:13:48,804 | 4428 | tracing_of_pipeline.analyzer, analyze, 197 | WARNING | No packet in edge l1
2021-11-08 02:13:48,804 | 4428 | tracing_of_pipeline.analyzer, analyze, 197 | WARNING | No packet in edge l3
2021-11-08 02:13:48,805 | 4428 | tracing_of_pipeline.analyzer, analyze, 197 | WARNING | No packet in edge l4
2021-11-08 02:13:49,727 | 4602 | tracing_net.flowtable.flow_monitor, dump_flows, 57 | DEBUG | exec dump flows on s1
2021-11-08 02:13:49,743 | 4606 | tracing_net.flowtable.flow_monitor, dump_flows, 57 | DEBUG | exec dump flows on s2
2021-11-08 02:13:49,763 | 4602 | tracing_net.flowtable.flow_monitor, read_dump_flow, 74 | DEBUG | get result for dump flows 1636337629.743827 : ['OFPST_FLOW reply (OF1.3) (xid=0x2):', ' cookie=0x0, duration=4.299s, table=0, n_packets=0, n_bytes=0, priority=0 actions=CONTROLLER:65535']
2021-11-08 02:13:49,767 | 4602 | tracing_net.flowtable.flow_monitor, read_dump_flow, 80 | DEBUG | parsed dump flows result to table 1636337629.743827 : <FlowTables(datapath=0, timestamp=1636337629.743827, flows=[<Flow(table=0, priority=0, match={}, actions=[<InstructionApplyAction type=4>])>])>
2021-11-08 02:13:49,775 | 4606 | tracing_net.flowtable.flow_monitor, read_dump_flow, 74 | DEBUG | get result for dump flows 1636337629.76178 : ['OFPST_FLOW reply (OF1.3) (xid=0x2):', ' cookie=0x0, duration=4.290s, table=0, n_packets=0, n_bytes=0, priority=0 actions=CONTROLLER:65535']
2021-11-08 02:13:49,777 | 4606 | tracing_net.flowtable.flow_monitor, read_dump_flow, 80 | DEBUG | parsed dump flows result to table 1636337629.76178 : <FlowTables(datapath=0, timestamp=1636337629.76178, flows=[<Flow(table=0, priority=0, match={}, actions=[<InstructionApplyAction type=4>])>])>
2021-11-08 02:13:50,743 | 4602 | tracing_net.flowtable.flow_monitor, dump_flows, 57 | DEBUG | exec dump flows on s1
2021-11-08 02:13:50,744 | 4606 | tracing_net.flowtable.flow_monitor, dump_flows, 57 | DEBUG | exec dump flows on s2
2021-11-08 02:13:50,761 | 4602 | tracing_net.flowtable.flow_monitor, read_dump_flow, 74 | DEBUG | get result for dump flows 1636337630.757501 : ['OFPST_FLOW reply (OF1.3) (xid=0x2):', ' cookie=0x0, duration=5.299s, table=0, n_packets=0, n_bytes=0, priority=0 actions=CONTROLLER:65535']
2021-11-08 02:13:50,763 | 4602 | tracing_net.flowtable.flow_monitor, read_dump_flow, 80 | DEBUG | parsed dump flows result to table 1636337630.757501 : <FlowTables(datapath=0, timestamp=1636337630.757501, flows=[<Flow(table=0, priority=0, match={}, actions=[<InstructionApplyAction type=4>])>])>
2021-11-08 02:13:50,764 | 4606 | tracing_net.flowtable.flow_monitor, read_dump_flow, 74 | DEBUG | get result for dump flows 1636337630.758952 : ['OFPST_FLOW reply (OF1.3) (xid=0x2):', ' cookie=0x0, duration=5.281s, table=0, n_packets=0, n_bytes=0, priority=0 actions=CONTROLLER:65535']
2021-11-08 02:13:50,765 | 4606 | tracing_net.flowtable.flow_monitor, read_dump_flow, 80 | DEBUG | parsed dump flows result to table 1636337630.758952 : <FlowTables(datapath=0, timestamp=1636337630.758952, flows=[<Flow(table=0, priority=0, match={}, actions=[<InstructionApplyAction type=4>])>])>
2021-11-08 02:13:50,797 | 4428 | tracing_net.packet_repository, pop, 73 | ERROR | Failed to pop from packet repository (repo={})
2021-11-08 02:13:50,802 | 4428 | tracing_net.packet_repository, pop, 73 | ERROR | Failed to pop from packet repository (repo={})
2021-11-08 02:13:50,803 | 4428 | tracing_net.packet_repository, pop, 73 | ERROR | Failed to pop from packet repository (repo={})
2021-11-08 02:13:50,803 | 4428 | tracing_net.packet_repository, pop, 73 | ERROR | Failed to pop from packet repository (repo={})
2021-11-08 02:13:50,805 | 4428 | tracing_of_pipeline.analyzer, _poll_packet_inout_repo, 499 | DEBUG | tmp_p = [], s_dpip = 1
2021-11-08 02:13:50,806 | 4428 | tracing_of_pipeline.analyzer, _poll_packet_inout_repo, 499 | DEBUG | tmp_p = [], s_dpip = 2
2021-11-08 02:13:50,806 | 4428 | tracing_of_pipeline.analyzer, _polling, 452 | DEBUG | polled repository (start_time=1636337620.794674, until=4) values = {'l2': [], 'l1': [], 'l3': [], 'l4': []} {'s1': [], 's2': []}
2021-11-08 02:13:50,806 | 4428 | tracing_of_pipeline.analyzer, analyze, 197 | WARNING | No packet in edge l2
2021-11-08 02:13:50,807 | 4428 | tracing_of_pipeline.analyzer, analyze, 197 | WARNING | No packet in edge l1
2021-11-08 02:13:50,807 | 4428 | tracing_of_pipeline.analyzer, analyze, 197 | WARNING | No packet in edge l3
2021-11-08 02:13:50,808 | 4428 | tracing_of_pipeline.analyzer, analyze, 197 | WARNING | No packet in edge l4
2021-11-08 02:13:51,709 | 4428 | tracing_of_pipeline, _handle_ofc_child_conn, 178 | DEBUG | get from ofcapture <Message msg_name=OFPT_PACKET_IN of_msg=PacketIn(xid=UBInt32(0)) timestamp=1636337631.690369 local_port=49828 datapath_id=1>
2021-11-08 02:13:51,726 | 4602 | tracing_net.flowtable.flow_monitor, dump_flows, 57 | DEBUG | exec dump flows on s1
2021-11-08 02:13:51,738 | 4428 | tracing_of_pipeline, _handle_ofc_child_conn, 178 | DEBUG | get from ofcapture <Message msg_name=OFPT_PACKET_OUT of_msg=PacketOut(xid=UBInt32(725187104)) timestamp=1636337631.699023 local_port=49828 datapath_id=1>
2021-11-08 02:13:51,743 | 4606 | tracing_net.flowtable.flow_monitor, dump_flows, 57 | DEBUG | exec dump flows on s2
2021-11-08 02:13:51,767 | 4428 | tracing_of_pipeline, _handle_ofc_child_conn, 178 | DEBUG | get from ofcapture <Message msg_name=OFPT_PACKET_IN of_msg=PacketIn(xid=UBInt32(0)) timestamp=1636337631.712636 local_port=49830 datapath_id=2>
2021-11-08 02:13:51,772 | 4428 | tracing_of_pipeline, _handle_ofc_child_conn, 178 | DEBUG | get from ofcapture <Message msg_name=OFPT_PACKET_OUT of_msg=PacketOut(xid=UBInt32(1325488506)) timestamp=1636337631.7328 local_port=49830 datapath_id=2>
2021-11-08 02:13:51,785 | 4428 | tracing_of_pipeline, _handle_ofc_child_conn, 178 | DEBUG | get from ofcapture <Message msg_name=OFPT_PACKET_IN of_msg=PacketIn(xid=UBInt32(0)) timestamp=1636337631.755043 local_port=49830 datapath_id=2>
2021-11-08 02:13:51,801 | 4602 | tracing_net.flowtable.flow_monitor, read_dump_flow, 74 | DEBUG | get result for dump flows 1636337631.775237 : ['OFPST_FLOW reply (OF1.3) (xid=0x2):', ' cookie=0x0, duration=6.338s, table=0, n_packets=2, n_bytes=84, priority=0 actions=CONTROLLER:65535']
2021-11-08 02:13:51,804 | 4602 | tracing_net.flowtable.flow_monitor, read_dump_flow, 80 | DEBUG | parsed dump flows result to table 1636337631.775237 : <FlowTables(datapath=0, timestamp=1636337631.775237, flows=[<Flow(table=0, priority=0, match={}, actions=[<InstructionApplyAction type=4>])>])>
2021-11-08 02:13:51,805 | 4606 | tracing_net.flowtable.flow_monitor, read_dump_flow, 74 | DEBUG | get result for dump flows 1636337631.787483 : ['OFPST_FLOW reply (OF1.3) (xid=0x2):', ' cookie=0x0, duration=0.013s, table=0, n_packets=0, n_bytes=0, priority=1,in_port=2,dl_src=2e:43:20:01:7f:ff,dl_dst=26:ec:7d:5e:ca:d1 actions=output:1', ' cookie=0x0, duration=6.313s, table=0, n_packets=2, n_bytes=84, priority=0 actions=CONTROLLER:65535']
2021-11-08 02:13:51,812 | 4602 | tracing_net.flowtable.flow_monitor, flow_monitor, 99 | DEBUG | flow monitor get result NXST_FLOW_MONITOR reply (xid=0x0):
2021-11-08 02:13:51,813 | 4602 | tracing_net.flowtable.flow_monitor, flow_monitor, 99 | DEBUG | flow monitor get result event=ADDED table=0 cookie=0 in_port=2,dl_src=2e:43:20:01:7f:ff,dl_dst=26:ec:7d:5e:ca:d1 actions=output:1
2021-11-08 02:13:51,815 | 4606 | tracing_net.flowtable.flow_monitor, read_dump_flow, 80 | DEBUG | parsed dump flows result to table 1636337631.787483 : <FlowTables(datapath=0, timestamp=1636337631.787483, flows=[<Flow(table=0, priority=1, match=[<in_port, 2/None>, <dl_src, 2e:43:20:01:7f:ff/None>, <dl_dst, 26:ec:7d:5e:ca:d1/None>], actions=[<InstructionApplyAction type=4>])>, <Flow(table=0, priority=0, match={}, actions=[<InstructionApplyAction type=4>])>])>
2021-11-08 02:13:51,821 | 4606 | tracing_net.flowtable.flow_monitor, flow_monitor, 99 | DEBUG | flow monitor get result NXST_FLOW_MONITOR reply (xid=0x0):
2021-11-08 02:13:51,822 | 4606 | tracing_net.flowtable.flow_monitor, flow_monitor, 99 | DEBUG | flow monitor get result event=ADDED table=0 cookie=0 in_port=2,dl_src=2e:43:20:01:7f:ff,dl_dst=26:ec:7d:5e:ca:d1 actions=output:1
2021-11-08 02:13:51,838 | 4602 | tracing_net.flowtable.flow_monitor, flow_monitor, 99 | DEBUG | flow monitor get result NXST_FLOW_MONITOR reply (xid=0x0):
2021-11-08 02:13:51,839 | 4602 | tracing_net.flowtable.flow_monitor, flow_monitor, 99 | DEBUG | flow monitor get result event=ADDED table=0 cookie=0 in_port=1,dl_src=26:ec:7d:5e:ca:d1,dl_dst=2e:43:20:01:7f:ff actions=output:2
2021-11-08 02:13:51,844 | 4606 | tracing_net.flowtable.flow_monitor, flow_monitor, 99 | DEBUG | flow monitor get result NXST_FLOW_MONITOR reply (xid=0x0):
2021-11-08 02:13:51,847 | 4606 | tracing_net.flowtable.flow_monitor, flow_monitor, 99 | DEBUG | flow monitor get result event=ADDED table=0 cookie=0 in_port=1,dl_src=26:ec:7d:5e:ca:d1,dl_dst=2e:43:20:01:7f:ff actions=output:2
2021-11-08 02:13:52,735 | 4602 | tracing_net.flowtable.flow_monitor, dump_flows, 57 | DEBUG | exec dump flows on s1
2021-11-08 02:13:52,743 | 4606 | tracing_net.flowtable.flow_monitor, dump_flows, 57 | DEBUG | exec dump flows on s2
2021-11-08 02:13:52,745 | 4602 | tracing_net.flowtable.flow_monitor, read_dump_flow, 74 | DEBUG | get result for dump flows 1636337632.740457 : ['OFPST_FLOW reply (OF1.3) (xid=0x2):', ' cookie=0x0, duration=0.933s, table=0, n_packets=1, n_bytes=98, priority=1,in_port=2,dl_src=2e:43:20:01:7f:ff,dl_dst=26:ec:7d:5e:ca:d1 actions=output:1', ' cookie=0x0, duration=0.907s, table=0, n_packets=0, n_bytes=0, priority=1,in_port=1,dl_src=26:ec:7d:5e:ca:d1,dl_dst=2e:43:20:01:7f:ff actions=output:2', ' cookie=0x0, duration=7.283s, table=0, n_packets=3, n_bytes=182, priority=0 actions=CONTROLLER:65535']
2021-11-08 02:13:52,759 | 4602 | tracing_net.flowtable.flow_monitor, read_dump_flow, 80 | DEBUG | parsed dump flows result to table 1636337632.740457 : <FlowTables(datapath=0, timestamp=1636337632.740457, flows=[<Flow(table=0, priority=1, match=[<in_port, 2/None>, <dl_src, 2e:43:20:01:7f:ff/None>, <dl_dst, 26:ec:7d:5e:ca:d1/None>], actions=[<InstructionApplyAction type=4>])>, <Flow(table=0, priority=1, match=[<in_port, 1/None>, <dl_src, 26:ec:7d:5e:ca:d1/None>, <dl_dst, 2e:43:20:01:7f:ff/None>], actions=[<InstructionApplyAction type=4>])>, <Flow(table=0, priority=0, match={}, actions=[<InstructionApplyAction type=4>])>])>
2021-11-08 02:13:52,767 | 4606 | tracing_net.flowtable.flow_monitor, read_dump_flow, 74 | DEBUG | get result for dump flows 1636337632.763687 : ['OFPST_FLOW reply (OF1.3) (xid=0x2):', ' cookie=0x0, duration=0.983s, table=0, n_packets=1, n_bytes=98, priority=1,in_port=2,dl_src=2e:43:20:01:7f:ff,dl_dst=26:ec:7d:5e:ca:d1 actions=output:1', ' cookie=0x0, duration=0.924s, table=0, n_packets=0, n_bytes=0, priority=1,in_port=1,dl_src=26:ec:7d:5e:ca:d1,dl_dst=2e:43:20:01:7f:ff actions=output:2', ' cookie=0x0, duration=7.283s, table=0, n_packets=3, n_bytes=182, priority=0 actions=CONTROLLER:65535']
2021-11-08 02:13:52,768 | 4606 | tracing_net.flowtable.flow_monitor, read_dump_flow, 80 | DEBUG | parsed dump flows result to table 1636337632.763687 : <FlowTables(datapath=0, timestamp=1636337632.763687, flows=[<Flow(table=0, priority=1, match=[<in_port, 2/None>, <dl_src, 2e:43:20:01:7f:ff/None>, <dl_dst, 26:ec:7d:5e:ca:d1/None>], actions=[<InstructionApplyAction type=4>])>, <Flow(table=0, priority=1, match=[<in_port, 1/None>, <dl_src, 26:ec:7d:5e:ca:d1/None>, <dl_dst, 2e:43:20:01:7f:ff/None>], actions=[<InstructionApplyAction type=4>])>, <Flow(table=0, priority=0, match={}, actions=[<InstructionApplyAction type=4>])>])>
2021-11-08 02:13:52,798 | 4428 | tracing_net.packet_repository, pop, 73 | ERROR | Failed to pop from packet repository (repo={'s2-eth2': [<Msg captured_interface=s2-eth2, sniff_timestamp=1636337631.733267, pkt=<ARP_RAW Packet>, in_port=s2-eth2, in_phy_port=s2-eth2>, <Msg captured_interface=s2-eth2, sniff_timestamp=1636337631.7334418, pkt=<ARP_RAW Packet>, in_port=s2-eth2, in_phy_port=s2-eth2>, <Msg captured_interface=s2-eth2, sniff_timestamp=1636337631.841983, pkt=<ICMP_RAW Packet>, in_port=s2-eth2, in_phy_port=s2-eth2>], 's1-eth1': [<Msg captured_interface=s1-eth1, sniff_timestamp=1636337631.689803, pkt=<ARP_RAW Packet>, in_port=s1-eth1, in_phy_port=s1-eth1>, <Msg captured_interface=s1-eth1, sniff_timestamp=1636337631.81099, pkt=<ARP_RAW Packet>, in_port=s1-eth1, in_phy_port=s1-eth1>, <Msg captured_interface=s1-eth1, sniff_timestamp=1636337631.811004, pkt=<ICMP_RAW Packet>, in_port=s1-eth1, in_phy_port=s1-eth1>], 's1-eth2': [<Msg captured_interface=s1-eth2, sniff_timestamp=1636337631.7005553, pkt=<ARP_RAW Packet>, in_port=s1-eth2, in_phy_port=s1-eth2>, <Msg captured_interface=s1-eth2, sniff_timestamp=1636337631.7830184, pkt=<ARP_RAW Packet>, in_port=s1-eth2, in_phy_port=s1-eth2>, <Msg captured_interface=s1-eth2, sniff_timestamp=1636337631.8375, pkt=<ICMP_RAW Packet>, in_port=s1-eth2, in_phy_port=s1-eth2>]})
2021-11-08 02:13:52,799 | 4428 | tracing_of_pipeline.analyzer, _poll_packet_inout_repo, 499 | DEBUG | tmp_p = [], s_dpip = 1
2021-11-08 02:13:52,799 | 4428 | tracing_of_pipeline.analyzer, _poll_packet_inout_repo, 499 | DEBUG | tmp_p = [], s_dpip = 2
2021-11-08 02:13:52,800 | 4428 | tracing_of_pipeline.analyzer, _polling, 452 | DEBUG | polled repository (start_time=1636337620.794674, until=5) values = {'l2': [], 'l1': [], 'l3': [], 'l4': []} {'s1': [], 's2': []}
2021-11-08 02:13:52,801 | 4428 | tracing_of_pipeline.analyzer, analyze, 197 | WARNING | No packet in edge l2
2021-11-08 02:13:52,803 | 4428 | tracing_of_pipeline.analyzer, analyze, 197 | WARNING | No packet in edge l1
2021-11-08 02:13:52,803 | 4428 | tracing_of_pipeline.analyzer, analyze, 197 | WARNING | No packet in edge l3
2021-11-08 02:13:52,804 | 4428 | tracing_of_pipeline.analyzer, analyze, 197 | WARNING | No packet in edge l4
2021-11-08 02:13:53,726 | 4602 | tracing_net.flowtable.flow_monitor, dump_flows, 57 | DEBUG | exec dump flows on s1
2021-11-08 02:13:53,744 | 4606 | tracing_net.flowtable.flow_monitor, dump_flows, 57 | DEBUG | exec dump flows on s2
2021-11-08 02:13:53,746 | 4602 | tracing_net.flowtable.flow_monitor, read_dump_flow, 74 | DEBUG | get result for dump flows 1636337633.738673 : ['OFPST_FLOW reply (OF1.3) (xid=0x2):', ' cookie=0x0, duration=1.931s, table=0, n_packets=1, n_bytes=98, priority=1,in_port=2,dl_src=2e:43:20:01:7f:ff,dl_dst=26:ec:7d:5e:ca:d1 actions=output:1', ' cookie=0x0, duration=1.905s, table=0, n_packets=0, n_bytes=0, priority=1,in_port=1,dl_src=26:ec:7d:5e:ca:d1,dl_dst=2e:43:20:01:7f:ff actions=output:2', ' cookie=0x0, duration=8.281s, table=0, n_packets=3, n_bytes=182, priority=0 actions=CONTROLLER:65535']
2021-11-08 02:13:53,756 | 4602 | tracing_net.flowtable.flow_monitor, read_dump_flow, 80 | DEBUG | parsed dump flows result to table 1636337633.738673 : <FlowTables(datapath=0, timestamp=1636337633.738673, flows=[<Flow(table=0, priority=1, match=[<in_port, 2/None>, <dl_src, 2e:43:20:01:7f:ff/None>, <dl_dst, 26:ec:7d:5e:ca:d1/None>], actions=[<InstructionApplyAction type=4>])>, <Flow(table=0, priority=1, match=[<in_port, 1/None>, <dl_src, 26:ec:7d:5e:ca:d1/None>, <dl_dst, 2e:43:20:01:7f:ff/None>], actions=[<InstructionApplyAction type=4>])>, <Flow(table=0, priority=0, match={}, actions=[<InstructionApplyAction type=4>])>])>
2021-11-08 02:13:53,763 | 4606 | tracing_net.flowtable.flow_monitor, read_dump_flow, 74 | DEBUG | get result for dump flows 1636337633.758965 : ['OFPST_FLOW reply (OF1.3) (xid=0x2):', ' cookie=0x0, duration=1.980s, table=0, n_packets=1, n_bytes=98, priority=1,in_port=2,dl_src=2e:43:20:01:7f:ff,dl_dst=26:ec:7d:5e:ca:d1 actions=output:1', ' cookie=0x0, duration=1.921s, table=0, n_packets=0, n_bytes=0, priority=1,in_port=1,dl_src=26:ec:7d:5e:ca:d1,dl_dst=2e:43:20:01:7f:ff actions=output:2', ' cookie=0x0, duration=8.280s, table=0, n_packets=3, n_bytes=182, priority=0 actions=CONTROLLER:65535']
2021-11-08 02:13:53,765 | 4606 | tracing_net.flowtable.flow_monitor, read_dump_flow, 80 | DEBUG | parsed dump flows result to table 1636337633.758965 : <FlowTables(datapath=0, timestamp=1636337633.758965, flows=[<Flow(table=0, priority=1, match=[<in_port, 2/None>, <dl_src, 2e:43:20:01:7f:ff/None>, <dl_dst, 26:ec:7d:5e:ca:d1/None>], actions=[<InstructionApplyAction type=4>])>, <Flow(table=0, priority=1, match=[<in_port, 1/None>, <dl_src, 26:ec:7d:5e:ca:d1/None>, <dl_dst, 2e:43:20:01:7f:ff/None>], actions=[<InstructionApplyAction type=4>])>, <Flow(table=0, priority=0, match={}, actions=[<InstructionApplyAction type=4>])>])>
2021-11-08 02:13:54,727 | 4602 | tracing_net.flowtable.flow_monitor, dump_flows, 57 | DEBUG | exec dump flows on s1
2021-11-08 02:13:54,736 | 4602 | tracing_net.flowtable.flow_monitor, read_dump_flow, 74 | DEBUG | get result for dump flows 1636337634.733263 : ['OFPST_FLOW reply (OF1.3) (xid=0x2):', ' cookie=0x0, duration=2.924s, table=0, n_packets=1, n_bytes=98, priority=1,in_port=2,dl_src=2e:43:20:01:7f:ff,dl_dst=26:ec:7d:5e:ca:d1 actions=output:1', ' cookie=0x0, duration=2.898s, table=0, n_packets=0, n_bytes=0, priority=1,in_port=1,dl_src=26:ec:7d:5e:ca:d1,dl_dst=2e:43:20:01:7f:ff actions=output:2', ' cookie=0x0, duration=9.274s, table=0, n_packets=3, n_bytes=182, priority=0 actions=CONTROLLER:65535']
2021-11-08 02:13:54,743 | 4606 | tracing_net.flowtable.flow_monitor, dump_flows, 57 | DEBUG | exec dump flows on s2
2021-11-08 02:13:54,746 | 4602 | tracing_net.flowtable.flow_monitor, read_dump_flow, 80 | DEBUG | parsed dump flows result to table 1636337634.733263 : <FlowTables(datapath=0, timestamp=1636337634.733263, flows=[<Flow(table=0, priority=1, match=[<in_port, 2/None>, <dl_src, 2e:43:20:01:7f:ff/None>, <dl_dst, 26:ec:7d:5e:ca:d1/None>], actions=[<InstructionApplyAction type=4>])>, <Flow(table=0, priority=1, match=[<in_port, 1/None>, <dl_src, 26:ec:7d:5e:ca:d1/None>, <dl_dst, 2e:43:20:01:7f:ff/None>], actions=[<InstructionApplyAction type=4>])>, <Flow(table=0, priority=0, match={}, actions=[<InstructionApplyAction type=4>])>])>
2021-11-08 02:13:54,756 | 4606 | tracing_net.flowtable.flow_monitor, read_dump_flow, 74 | DEBUG | get result for dump flows 1636337634.752301 : ['OFPST_FLOW reply (OF1.3) (xid=0x2):', ' cookie=0x0, duration=2.972s, table=0, n_packets=1, n_bytes=98, priority=1,in_port=2,dl_src=2e:43:20:01:7f:ff,dl_dst=26:ec:7d:5e:ca:d1 actions=output:1', ' cookie=0x0, duration=2.913s, table=0, n_packets=0, n_bytes=0, priority=1,in_port=1,dl_src=26:ec:7d:5e:ca:d1,dl_dst=2e:43:20:01:7f:ff actions=output:2', ' cookie=0x0, duration=9.272s, table=0, n_packets=3, n_bytes=182, priority=0 actions=CONTROLLER:65535']
2021-11-08 02:13:54,758 | 4606 | tracing_net.flowtable.flow_monitor, read_dump_flow, 80 | DEBUG | parsed dump flows result to table 1636337634.752301 : <FlowTables(datapath=0, timestamp=1636337634.752301, flows=[<Flow(table=0, priority=1, match=[<in_port, 2/None>, <dl_src, 2e:43:20:01:7f:ff/None>, <dl_dst, 26:ec:7d:5e:ca:d1/None>], actions=[<InstructionApplyAction type=4>])>, <Flow(table=0, priority=1, match=[<in_port, 1/None>, <dl_src, 26:ec:7d:5e:ca:d1/None>, <dl_dst, 2e:43:20:01:7f:ff/None>], actions=[<InstructionApplyAction type=4>])>, <Flow(table=0, priority=0, match={}, actions=[<InstructionApplyAction type=4>])>])>
2021-11-08 02:13:54,797 | 4428 | tracing_net.packet_repository, pop, 73 | ERROR | Failed to pop from packet repository (repo={'s2-eth2': [<Msg captured_interface=s2-eth2, sniff_timestamp=1636337631.841983, pkt=<ICMP_RAW Packet>, in_port=s2-eth2, in_phy_port=s2-eth2>], 's1-eth1': [<Msg captured_interface=s1-eth1, sniff_timestamp=1636337631.81099, pkt=<ARP_RAW Packet>, in_port=s1-eth1, in_phy_port=s1-eth1>, <Msg captured_interface=s1-eth1, sniff_timestamp=1636337631.811004, pkt=<ICMP_RAW Packet>, in_port=s1-eth1, in_phy_port=s1-eth1>], 's1-eth2': [<Msg captured_interface=s1-eth2, sniff_timestamp=1636337631.8375, pkt=<ICMP_RAW Packet>, in_port=s1-eth2, in_phy_port=s1-eth2>]})
2021-11-08 02:13:54,798 | 4428 | tracing_of_pipeline.analyzer, _poll_packet_inout_repo, 499 | DEBUG | tmp_p = [<Message msg_name=OFPT_PACKET_IN of_msg=PacketIn(xid=UBInt32(0)) timestamp=1636337631.690369 local_port=49828 datapath_id=1>, <Message msg_name=OFPT_PACKET_OUT of_msg=PacketOut(xid=UBInt32(725187104)) timestamp=1636337631.699023 local_port=49828 datapath_id=1>], s_dpip = 1
2021-11-08 02:13:54,802 | 4428 | tracing_of_pipeline.analyzer, _poll_packet_inout_repo, 499 | DEBUG | tmp_p = [<Message msg_name=OFPT_PACKET_IN of_msg=PacketIn(xid=UBInt32(0)) timestamp=1636337631.712636 local_port=49830 datapath_id=2>, <Message msg_name=OFPT_PACKET_OUT of_msg=PacketOut(xid=UBInt32(1325488506)) timestamp=1636337631.7328 local_port=49830 datapath_id=2>, <Message msg_name=OFPT_PACKET_IN of_msg=PacketIn(xid=UBInt32(0)) timestamp=1636337631.755043 local_port=49830 datapath_id=2>], s_dpip = 2
2021-11-08 02:13:54,804 | 4428 | tracing_of_pipeline.analyzer, _polling, 452 | DEBUG | polled repository (start_time=1636337620.794674, until=6) values = {'l2': [<Msg captured_interface=s1-eth1, sniff_timestamp=1636337631.689803, pkt=<ARP_RAW Packet>, in_port=s1-eth1, in_phy_port=s1-eth1>], 'l1': [<Msg captured_interface=s1-eth2, sniff_timestamp=1636337631.7005553, pkt=<ARP_RAW Packet>, in_port=s1-eth2, in_phy_port=s1-eth2>, <Msg captured_interface=s1-eth2, sniff_timestamp=1636337631.7830184, pkt=<ARP_RAW Packet>, in_port=s1-eth2, in_phy_port=s1-eth2>], 'l3': [<Msg captured_interface=s2-eth2, sniff_timestamp=1636337631.733267, pkt=<ARP_RAW Packet>, in_port=s2-eth2, in_phy_port=s2-eth2>, <Msg captured_interface=s2-eth2, sniff_timestamp=1636337631.7334418, pkt=<ARP_RAW Packet>, in_port=s2-eth2, in_phy_port=s2-eth2>], 'l4': []} {'s1': [<src.ofproto.msg.MsgForOFMsg object at 0x7f9c8c095fd0>, <src.ofproto.msg.MsgForOFMsg object at 0x7f9c8c0990a0>], 's2': [<src.ofproto.msg.MsgForOFMsg object at 0x7f9c8c0990d0>, <src.ofproto.msg.MsgForOFMsg object at 0x7f9c8c099130>, <src.ofproto.msg.MsgForOFMsg object at 0x7f9c8c099190>]}
2021-11-08 02:13:54,805 | 4428 | tracing_of_pipeline.analyzer, _analyze_packet_out, 211 | DEBUG | I will processing packetout(<src.ofproto.msg.MsgForOFMsg object at 0x7f9c8c0990a0>)
2021-11-08 02:13:54,805 | 4428 | tracing_of_pipeline.analyzer, _analyze_packet_out, 220 | DEBUG | packet out's in_port 1
